[2021-10-10 17:18:37,163] {taskinstance.py:903} INFO - Dependencies all met for <TaskInstance: main.data.generate_group_data.generate_data_2 2021-10-09T00:00:00+00:00 [queued]>
[2021-10-10 17:18:37,169] {taskinstance.py:903} INFO - Dependencies all met for <TaskInstance: main.data.generate_group_data.generate_data_2 2021-10-09T00:00:00+00:00 [queued]>
[2021-10-10 17:18:37,169] {taskinstance.py:1095} INFO - 
--------------------------------------------------------------------------------
[2021-10-10 17:18:37,169] {taskinstance.py:1096} INFO - Starting attempt 1 of 2
[2021-10-10 17:18:37,169] {taskinstance.py:1097} INFO - 
--------------------------------------------------------------------------------
[2021-10-10 17:18:37,176] {taskinstance.py:1115} INFO - Executing <Task(BashOperator): data.generate_group_data.generate_data_2> on 2021-10-09T00:00:00+00:00
[2021-10-10 17:18:37,177] {standard_task_runner.py:52} INFO - Started process 19841 to run task
[2021-10-10 17:18:37,180] {standard_task_runner.py:76} INFO - Running: ['airflow', 'tasks', 'run', 'main', 'data.generate_group_data.generate_data_2', '2021-10-09T00:00:00+00:00', '--job-id', '581', '--pool', 'default_pool', '--raw', '--subdir', 'DAGS_FOLDER/main.py', '--cfg-path', '/tmp/tmp30l4f4y6', '--error-file', '/tmp/tmpz1neq6r3']
[2021-10-10 17:18:37,181] {standard_task_runner.py:77} INFO - Job 581: Subtask data.generate_group_data.generate_data_2
[2021-10-10 17:18:37,204] {logging_mixin.py:109} INFO - Running <TaskInstance: main.data.generate_group_data.generate_data_2 2021-10-09T00:00:00+00:00 [running]> on host abd
[2021-10-10 17:18:37,229] {taskinstance.py:1252} INFO - Exporting the following env vars:
AIRFLOW_CTX_DAG_OWNER=admin
AIRFLOW_CTX_DAG_ID=main
AIRFLOW_CTX_TASK_ID=data.generate_group_data.generate_data_2
AIRFLOW_CTX_EXECUTION_DATE=2021-10-09T00:00:00+00:00
AIRFLOW_CTX_DAG_RUN_ID=scheduled__2021-10-09T00:00:00+00:00
[2021-10-10 17:18:37,229] {subprocess.py:52} INFO - Tmp dir root location: 
 /tmp
[2021-10-10 17:18:37,229] {subprocess.py:63} INFO - Running command: ['bash', '-c', '\n            set -x\n            source ${thisroot}/thisroot.sh\n            pwd\n            python ${code}/generatetuple.py ${type} ${nevents} ${base_dir}/${type}_${jobnumber}.root\n            ']
[2021-10-10 17:18:37,233] {subprocess.py:74} INFO - Output:
[2021-10-10 17:18:37,234] {subprocess.py:78} INFO - + source /home/abd/root/root-6.24.06-install/bin/thisroot.sh
[2021-10-10 17:18:37,234] {subprocess.py:78} INFO - bash: line 2: /home/abd/root/root-6.24.06-install/bin/thisroot.sh: No such file or directory
[2021-10-10 17:18:37,234] {subprocess.py:78} INFO - + pwd
[2021-10-10 17:18:37,234] {subprocess.py:78} INFO - /tmp/airflowtmpginnno7m
[2021-10-10 17:18:37,234] {subprocess.py:78} INFO - + python /home/abd/airflow/code/generatetuple.py data 20000 /home/abd/airflow/data/bsm-search/data_2.root
[2021-10-10 17:18:37,240] {subprocess.py:78} INFO - python: can't open file '/home/abd/airflow/code/generatetuple.py': [Errno 2] No such file or directory
[2021-10-10 17:18:37,241] {subprocess.py:82} INFO - Command exited with return code 2
[2021-10-10 17:18:37,245] {taskinstance.py:1463} ERROR - Task failed with exception
Traceback (most recent call last):
  File "/usr/local/lib/python3.8/dist-packages/airflow/models/taskinstance.py", line 1165, in _run_raw_task
    self._prepare_and_execute_task_with_callbacks(context, task)
  File "/usr/local/lib/python3.8/dist-packages/airflow/models/taskinstance.py", line 1283, in _prepare_and_execute_task_with_callbacks
    result = self._execute_task(context, task_copy)
  File "/usr/local/lib/python3.8/dist-packages/airflow/models/taskinstance.py", line 1313, in _execute_task
    result = task_copy.execute(context=context)
  File "/usr/local/lib/python3.8/dist-packages/airflow/operators/bash.py", line 176, in execute
    raise AirflowException('Bash command failed. The command returned a non-zero exit code.')
airflow.exceptions.AirflowException: Bash command failed. The command returned a non-zero exit code.
[2021-10-10 17:18:37,246] {taskinstance.py:1506} INFO - Marking task as UP_FOR_RETRY. dag_id=main, task_id=data.generate_group_data.generate_data_2, execution_date=20211009T000000, start_date=20211010T141837, end_date=20211010T141837
[2021-10-10 17:18:37,271] {local_task_job.py:151} INFO - Task exited with return code 1
[2021-10-10 17:18:37,307] {local_task_job.py:261} INFO - 0 downstream tasks scheduled from follow-on schedule check
[2021-10-10 17:28:04,986] {taskinstance.py:903} INFO - Dependencies all met for <TaskInstance: main.data.generate_group_data.generate_data_2 2021-10-09T00:00:00+00:00 [queued]>
[2021-10-10 17:28:04,993] {taskinstance.py:903} INFO - Dependencies all met for <TaskInstance: main.data.generate_group_data.generate_data_2 2021-10-09T00:00:00+00:00 [queued]>
[2021-10-10 17:28:04,994] {taskinstance.py:1095} INFO - 
--------------------------------------------------------------------------------
[2021-10-10 17:28:04,994] {taskinstance.py:1096} INFO - Starting attempt 1 of 2
[2021-10-10 17:28:04,994] {taskinstance.py:1097} INFO - 
--------------------------------------------------------------------------------
[2021-10-10 17:28:05,001] {taskinstance.py:1115} INFO - Executing <Task(BashOperator): data.generate_group_data.generate_data_2> on 2021-10-09T00:00:00+00:00
[2021-10-10 17:28:05,004] {standard_task_runner.py:52} INFO - Started process 21552 to run task
[2021-10-10 17:28:05,010] {standard_task_runner.py:76} INFO - Running: ['airflow', 'tasks', 'run', 'main', 'data.generate_group_data.generate_data_2', '2021-10-09T00:00:00+00:00', '--job-id', '581', '--pool', 'default_pool', '--raw', '--subdir', 'DAGS_FOLDER/main.py', '--cfg-path', '/tmp/tmp4gb7mgjs', '--error-file', '/tmp/tmp85znlrl6']
[2021-10-10 17:28:05,011] {standard_task_runner.py:77} INFO - Job 581: Subtask data.generate_group_data.generate_data_2
[2021-10-10 17:28:05,035] {logging_mixin.py:109} INFO - Running <TaskInstance: main.data.generate_group_data.generate_data_2 2021-10-09T00:00:00+00:00 [running]> on host abd
[2021-10-10 17:28:05,060] {taskinstance.py:1252} INFO - Exporting the following env vars:
AIRFLOW_CTX_DAG_OWNER=admin
AIRFLOW_CTX_DAG_ID=main
AIRFLOW_CTX_TASK_ID=data.generate_group_data.generate_data_2
AIRFLOW_CTX_EXECUTION_DATE=2021-10-09T00:00:00+00:00
AIRFLOW_CTX_DAG_RUN_ID=scheduled__2021-10-09T00:00:00+00:00
[2021-10-10 17:28:05,060] {subprocess.py:52} INFO - Tmp dir root location: 
 /tmp
[2021-10-10 17:28:05,061] {subprocess.py:63} INFO - Running command: ['bash', '-c', '\n            set -x\n            source ${thisroot}/thisroot.sh\n            pwd\n            python ${code}/generatetuple.py ${type} ${nevents} ${base_dir}/${type}_${jobnumber}.root\n            ']
[2021-10-10 17:28:05,064] {subprocess.py:74} INFO - Output:
[2021-10-10 17:28:05,065] {subprocess.py:78} INFO - + source /home/abd/root/root-6.24.06-install/bin/thisroot.sh
[2021-10-10 17:28:05,065] {subprocess.py:78} INFO - bash: line 2: /home/abd/root/root-6.24.06-install/bin/thisroot.sh: No such file or directory
[2021-10-10 17:28:05,065] {subprocess.py:78} INFO - + pwd
[2021-10-10 17:28:05,065] {subprocess.py:78} INFO - /tmp/airflowtmp04b8mskb
[2021-10-10 17:28:05,065] {subprocess.py:78} INFO - + python /home/abd/airflow/code/generatetuple.py data 20000 /home/abd/airflow/data/bsm-search/data_2.root
[2021-10-10 17:28:05,073] {subprocess.py:78} INFO - Traceback (most recent call last):
[2021-10-10 17:28:05,073] {subprocess.py:78} INFO -   File "/home/abd/airflow/code/generatetuple.py", line 1, in <module>
[2021-10-10 17:28:05,073] {subprocess.py:78} INFO -     import ROOT
[2021-10-10 17:28:05,073] {subprocess.py:78} INFO - ImportError: No module named ROOT
[2021-10-10 17:28:05,074] {subprocess.py:82} INFO - Command exited with return code 1
[2021-10-10 17:28:05,079] {taskinstance.py:1463} ERROR - Task failed with exception
Traceback (most recent call last):
  File "/usr/local/lib/python3.8/dist-packages/airflow/models/taskinstance.py", line 1165, in _run_raw_task
    self._prepare_and_execute_task_with_callbacks(context, task)
  File "/usr/local/lib/python3.8/dist-packages/airflow/models/taskinstance.py", line 1283, in _prepare_and_execute_task_with_callbacks
    result = self._execute_task(context, task_copy)
  File "/usr/local/lib/python3.8/dist-packages/airflow/models/taskinstance.py", line 1313, in _execute_task
    result = task_copy.execute(context=context)
  File "/usr/local/lib/python3.8/dist-packages/airflow/operators/bash.py", line 176, in execute
    raise AirflowException('Bash command failed. The command returned a non-zero exit code.')
airflow.exceptions.AirflowException: Bash command failed. The command returned a non-zero exit code.
[2021-10-10 17:28:05,080] {taskinstance.py:1506} INFO - Marking task as UP_FOR_RETRY. dag_id=main, task_id=data.generate_group_data.generate_data_2, execution_date=20211009T000000, start_date=20211010T142804, end_date=20211010T142805
[2021-10-10 17:28:05,100] {local_task_job.py:151} INFO - Task exited with return code 1
[2021-10-10 17:28:05,111] {local_task_job.py:261} INFO - 0 downstream tasks scheduled from follow-on schedule check
[2021-10-10 17:31:54,420] {taskinstance.py:903} INFO - Dependencies all met for <TaskInstance: main.data.generate_group_data.generate_data_2 2021-10-09T00:00:00+00:00 [queued]>
[2021-10-10 17:31:54,428] {taskinstance.py:903} INFO - Dependencies all met for <TaskInstance: main.data.generate_group_data.generate_data_2 2021-10-09T00:00:00+00:00 [queued]>
[2021-10-10 17:31:54,428] {taskinstance.py:1095} INFO - 
--------------------------------------------------------------------------------
[2021-10-10 17:31:54,428] {taskinstance.py:1096} INFO - Starting attempt 1 of 2
[2021-10-10 17:31:54,428] {taskinstance.py:1097} INFO - 
--------------------------------------------------------------------------------
[2021-10-10 17:31:54,435] {taskinstance.py:1115} INFO - Executing <Task(BashOperator): data.generate_group_data.generate_data_2> on 2021-10-09T00:00:00+00:00
[2021-10-10 17:31:54,437] {standard_task_runner.py:52} INFO - Started process 22530 to run task
[2021-10-10 17:31:54,440] {standard_task_runner.py:76} INFO - Running: ['airflow', 'tasks', 'run', 'main', 'data.generate_group_data.generate_data_2', '2021-10-09T00:00:00+00:00', '--job-id', '581', '--pool', 'default_pool', '--raw', '--subdir', 'DAGS_FOLDER/main.py', '--cfg-path', '/tmp/tmpj5bs_2p6', '--error-file', '/tmp/tmpyp2f1e4y']
[2021-10-10 17:31:54,440] {standard_task_runner.py:77} INFO - Job 581: Subtask data.generate_group_data.generate_data_2
[2021-10-10 17:31:54,460] {logging_mixin.py:109} INFO - Running <TaskInstance: main.data.generate_group_data.generate_data_2 2021-10-09T00:00:00+00:00 [running]> on host abd
[2021-10-10 17:31:54,485] {taskinstance.py:1252} INFO - Exporting the following env vars:
AIRFLOW_CTX_DAG_OWNER=admin
AIRFLOW_CTX_DAG_ID=main
AIRFLOW_CTX_TASK_ID=data.generate_group_data.generate_data_2
AIRFLOW_CTX_EXECUTION_DATE=2021-10-09T00:00:00+00:00
AIRFLOW_CTX_DAG_RUN_ID=scheduled__2021-10-09T00:00:00+00:00
[2021-10-10 17:31:54,485] {subprocess.py:52} INFO - Tmp dir root location: 
 /tmp
[2021-10-10 17:31:54,485] {subprocess.py:63} INFO - Running command: ['bash', '-c', '\n            set -x\n            source ${thisroot}/thisroot.sh\n            pwd\n            python ${code}/generatetuple.py ${type} ${nevents} ${base_dir}/${type}_${jobnumber}.root\n            ']
[2021-10-10 17:31:54,489] {subprocess.py:74} INFO - Output:
[2021-10-10 17:31:54,490] {subprocess.py:78} INFO - + source /home/abd/root/root/bin/thisroot.sh
[2021-10-10 17:31:54,490] {subprocess.py:78} INFO - ++ '[' -n '' ']'
[2021-10-10 17:31:54,490] {subprocess.py:78} INFO - ++ SOURCE=/home/abd/root/root/bin/thisroot.sh
[2021-10-10 17:31:54,490] {subprocess.py:78} INFO - ++ '[' x/home/abd/root/root/bin/thisroot.sh = x ']'
[2021-10-10 17:31:54,490] {subprocess.py:78} INFO - ++ '[' x/home/abd/root/root/bin/thisroot.sh = x ']'
[2021-10-10 17:31:54,491] {subprocess.py:78} INFO - +++ dirname /home/abd/root/root/bin/thisroot.sh
[2021-10-10 17:31:54,491] {subprocess.py:78} INFO - ++ thisroot=/home/abd/root/root/bin
[2021-10-10 17:31:54,491] {subprocess.py:78} INFO - +++ cd /home/abd/root/root/bin/..
[2021-10-10 17:31:54,491] {subprocess.py:78} INFO - +++ pwd
[2021-10-10 17:31:54,492] {subprocess.py:78} INFO - ++ ROOTSYS=/home/abd/root/root
[2021-10-10 17:31:54,492] {subprocess.py:78} INFO - ++ export ROOTSYS
[2021-10-10 17:31:54,492] {subprocess.py:78} INFO - ++ clean_environment
[2021-10-10 17:31:54,492] {subprocess.py:78} INFO - ++ '[' -n '' ']'
[2021-10-10 17:31:54,492] {subprocess.py:78} INFO - ++ '[' -z '' ']'
[2021-10-10 17:31:54,492] {subprocess.py:78} INFO - ++ command -v manpath
[2021-10-10 17:31:54,492] {subprocess.py:78} INFO - +++ manpath
[2021-10-10 17:31:54,493] {subprocess.py:78} INFO - manpath: warning: $PATH not set
[2021-10-10 17:31:54,493] {subprocess.py:78} INFO - ++ default_manpath=/usr/share/man:/usr/local/share/man
[2021-10-10 17:31:54,493] {subprocess.py:78} INFO - ++ set_environment
[2021-10-10 17:31:54,493] {subprocess.py:78} INFO - ++ '[' -z /usr/local/sbin:/usr/local/bin:/usr/sbin:/usr/bin:/sbin:/bin ']'
[2021-10-10 17:31:54,493] {subprocess.py:78} INFO - ++ PATH=/home/abd/root/root/bin:/usr/local/sbin:/usr/local/bin:/usr/sbin:/usr/bin:/sbin:/bin
[2021-10-10 17:31:54,493] {subprocess.py:78} INFO - ++ export PATH
[2021-10-10 17:31:54,493] {subprocess.py:78} INFO - ++ '[' -z '' ']'
[2021-10-10 17:31:54,493] {subprocess.py:78} INFO - ++ LD_LIBRARY_PATH=/home/abd/root/root/lib
[2021-10-10 17:31:54,493] {subprocess.py:78} INFO - ++ export LD_LIBRARY_PATH
[2021-10-10 17:31:54,493] {subprocess.py:78} INFO - ++ '[' -z '' ']'
[2021-10-10 17:31:54,493] {subprocess.py:78} INFO - ++ DYLD_LIBRARY_PATH=/home/abd/root/root/lib
[2021-10-10 17:31:54,493] {subprocess.py:78} INFO - ++ export DYLD_LIBRARY_PATH
[2021-10-10 17:31:54,493] {subprocess.py:78} INFO - ++ '[' -z '' ']'
[2021-10-10 17:31:54,493] {subprocess.py:78} INFO - ++ SHLIB_PATH=/home/abd/root/root/lib
[2021-10-10 17:31:54,493] {subprocess.py:78} INFO - ++ export SHLIB_PATH
[2021-10-10 17:31:54,493] {subprocess.py:78} INFO - ++ '[' -z '' ']'
[2021-10-10 17:31:54,493] {subprocess.py:78} INFO - ++ LIBPATH=/home/abd/root/root/lib
[2021-10-10 17:31:54,493] {subprocess.py:78} INFO - ++ export LIBPATH
[2021-10-10 17:31:54,493] {subprocess.py:78} INFO - ++ '[' -z '' ']'
[2021-10-10 17:31:54,493] {subprocess.py:78} INFO - ++ PYTHONPATH=/home/abd/root/root/lib
[2021-10-10 17:31:54,493] {subprocess.py:78} INFO - ++ export PYTHONPATH
[2021-10-10 17:31:54,493] {subprocess.py:78} INFO - ++ '[' -z '' ']'
[2021-10-10 17:31:54,493] {subprocess.py:78} INFO - ++ MANPATH=/home/abd/root/root/man:/usr/share/man:/usr/local/share/man
[2021-10-10 17:31:54,493] {subprocess.py:78} INFO - ++ export MANPATH
[2021-10-10 17:31:54,494] {subprocess.py:78} INFO - ++ '[' -z '' ']'
[2021-10-10 17:31:54,494] {subprocess.py:78} INFO - ++ CMAKE_PREFIX_PATH=/home/abd/root/root
[2021-10-10 17:31:54,494] {subprocess.py:78} INFO - ++ export CMAKE_PREFIX_PATH
[2021-10-10 17:31:54,494] {subprocess.py:78} INFO - ++ '[' -z '' ']'
[2021-10-10 17:31:54,494] {subprocess.py:78} INFO - ++ JUPYTER_PATH=/home/abd/root/root/etc/notebook
[2021-10-10 17:31:54,494] {subprocess.py:78} INFO - ++ export JUPYTER_PATH
[2021-10-10 17:31:54,494] {subprocess.py:78} INFO - ++ '[' -z '' ']'
[2021-10-10 17:31:54,494] {subprocess.py:78} INFO - ++ JUPYTER_CONFIG_DIR=/home/abd/root/root/etc/notebook
[2021-10-10 17:31:54,494] {subprocess.py:78} INFO - ++ export JUPYTER_CONFIG_DIR
[2021-10-10 17:31:54,494] {subprocess.py:78} INFO - ++ export CLING_STANDARD_PCH=none
[2021-10-10 17:31:54,494] {subprocess.py:78} INFO - ++ CLING_STANDARD_PCH=none
[2021-10-10 17:31:54,494] {subprocess.py:78} INFO - +++ root-config --arch
[2021-10-10 17:31:54,494] {subprocess.py:78} INFO - +++ grep -v win32gcc
[2021-10-10 17:31:54,494] {subprocess.py:78} INFO - +++ grep -i win32
[2021-10-10 17:31:54,504] {subprocess.py:78} INFO - ++ '[' x '!=' x ']'
[2021-10-10 17:31:54,504] {subprocess.py:78} INFO - ++ unset old_rootsys
[2021-10-10 17:31:54,504] {subprocess.py:78} INFO - ++ unset thisroot
[2021-10-10 17:31:54,504] {subprocess.py:78} INFO - ++ unset -f drop_from_path
[2021-10-10 17:31:54,504] {subprocess.py:78} INFO - ++ unset -f clean_environment
[2021-10-10 17:31:54,505] {subprocess.py:78} INFO - ++ unset -f set_environment
[2021-10-10 17:31:54,505] {subprocess.py:78} INFO - + pwd
[2021-10-10 17:31:54,505] {subprocess.py:78} INFO - /tmp/airflowtmpywqw5rlw
[2021-10-10 17:31:54,505] {subprocess.py:78} INFO - + python /home/abd/airflow/code/generatetuple.py data 20000 /home/abd/airflow/data/bsm-search/data_2.root
[2021-10-10 17:31:55,585] {subprocess.py:82} INFO - Command exited with return code 0
[2021-10-10 17:31:55,597] {taskinstance.py:1212} INFO - Marking task as SUCCESS. dag_id=main, task_id=data.generate_group_data.generate_data_2, execution_date=20211009T000000, start_date=20211010T143154, end_date=20211010T143155
[2021-10-10 17:31:55,613] {local_task_job.py:151} INFO - Task exited with return code 0
[2021-10-10 17:31:55,625] {local_task_job.py:261} INFO - 0 downstream tasks scheduled from follow-on schedule check
[2021-10-10 19:36:35,848] {taskinstance.py:903} INFO - Dependencies all met for <TaskInstance: main.data.generate_group_data.generate_data_2 2021-10-09T00:00:00+00:00 [queued]>
[2021-10-10 19:36:35,853] {taskinstance.py:903} INFO - Dependencies all met for <TaskInstance: main.data.generate_group_data.generate_data_2 2021-10-09T00:00:00+00:00 [queued]>
[2021-10-10 19:36:35,853] {taskinstance.py:1095} INFO - 
--------------------------------------------------------------------------------
[2021-10-10 19:36:35,853] {taskinstance.py:1096} INFO - Starting attempt 1 of 2
[2021-10-10 19:36:35,854] {taskinstance.py:1097} INFO - 
--------------------------------------------------------------------------------
[2021-10-10 19:36:35,861] {taskinstance.py:1115} INFO - Executing <Task(BashOperator): data.generate_group_data.generate_data_2> on 2021-10-09T00:00:00+00:00
[2021-10-10 19:36:35,862] {standard_task_runner.py:52} INFO - Started process 56132 to run task
[2021-10-10 19:36:35,866] {standard_task_runner.py:76} INFO - Running: ['airflow', 'tasks', 'run', 'main', 'data.generate_group_data.generate_data_2', '2021-10-09T00:00:00+00:00', '--job-id', '581', '--pool', 'default_pool', '--raw', '--subdir', 'DAGS_FOLDER/main.py', '--cfg-path', '/tmp/tmpz8w56e67', '--error-file', '/tmp/tmple2_zv9d']
[2021-10-10 19:36:35,866] {standard_task_runner.py:77} INFO - Job 581: Subtask data.generate_group_data.generate_data_2
[2021-10-10 19:36:35,884] {logging_mixin.py:109} INFO - Running <TaskInstance: main.data.generate_group_data.generate_data_2 2021-10-09T00:00:00+00:00 [running]> on host abd
[2021-10-10 19:36:35,909] {taskinstance.py:1252} INFO - Exporting the following env vars:
AIRFLOW_CTX_DAG_OWNER=admin
AIRFLOW_CTX_DAG_ID=main
AIRFLOW_CTX_TASK_ID=data.generate_group_data.generate_data_2
AIRFLOW_CTX_EXECUTION_DATE=2021-10-09T00:00:00+00:00
AIRFLOW_CTX_DAG_RUN_ID=scheduled__2021-10-09T00:00:00+00:00
[2021-10-10 19:36:35,909] {subprocess.py:52} INFO - Tmp dir root location: 
 /tmp
[2021-10-10 19:36:35,910] {subprocess.py:63} INFO - Running command: ['bash', '-c', '\n            set -x\n            source ${thisroot}/thisroot.sh\n            pwd\n            python ${code}/generatetuple.py ${type} ${nevents} ${base_dir}/${type}_${jobnumber}.root\n            ']
[2021-10-10 19:36:35,913] {subprocess.py:74} INFO - Output:
[2021-10-10 19:36:35,914] {subprocess.py:78} INFO - + source /home/abd/root/root/bin/thisroot.sh
[2021-10-10 19:36:35,914] {subprocess.py:78} INFO - ++ '[' -n '' ']'
[2021-10-10 19:36:35,914] {subprocess.py:78} INFO - ++ SOURCE=/home/abd/root/root/bin/thisroot.sh
[2021-10-10 19:36:35,914] {subprocess.py:78} INFO - ++ '[' x/home/abd/root/root/bin/thisroot.sh = x ']'
[2021-10-10 19:36:35,914] {subprocess.py:78} INFO - ++ '[' x/home/abd/root/root/bin/thisroot.sh = x ']'
[2021-10-10 19:36:35,915] {subprocess.py:78} INFO - +++ dirname /home/abd/root/root/bin/thisroot.sh
[2021-10-10 19:36:35,915] {subprocess.py:78} INFO - ++ thisroot=/home/abd/root/root/bin
[2021-10-10 19:36:35,915] {subprocess.py:78} INFO - +++ cd /home/abd/root/root/bin/..
[2021-10-10 19:36:35,915] {subprocess.py:78} INFO - +++ pwd
[2021-10-10 19:36:35,916] {subprocess.py:78} INFO - ++ ROOTSYS=/home/abd/root/root
[2021-10-10 19:36:35,916] {subprocess.py:78} INFO - ++ export ROOTSYS
[2021-10-10 19:36:35,916] {subprocess.py:78} INFO - ++ clean_environment
[2021-10-10 19:36:35,916] {subprocess.py:78} INFO - ++ '[' -n '' ']'
[2021-10-10 19:36:35,916] {subprocess.py:78} INFO - ++ '[' -z '' ']'
[2021-10-10 19:36:35,916] {subprocess.py:78} INFO - ++ command -v manpath
[2021-10-10 19:36:35,916] {subprocess.py:78} INFO - +++ manpath
[2021-10-10 19:36:35,917] {subprocess.py:78} INFO - manpath: warning: $PATH not set
[2021-10-10 19:36:35,917] {subprocess.py:78} INFO - ++ default_manpath=/usr/share/man:/usr/local/share/man
[2021-10-10 19:36:35,917] {subprocess.py:78} INFO - ++ set_environment
[2021-10-10 19:36:35,917] {subprocess.py:78} INFO - ++ '[' -z /usr/local/sbin:/usr/local/bin:/usr/sbin:/usr/bin:/sbin:/bin ']'
[2021-10-10 19:36:35,917] {subprocess.py:78} INFO - ++ PATH=/home/abd/root/root/bin:/usr/local/sbin:/usr/local/bin:/usr/sbin:/usr/bin:/sbin:/bin
[2021-10-10 19:36:35,917] {subprocess.py:78} INFO - ++ export PATH
[2021-10-10 19:36:35,917] {subprocess.py:78} INFO - ++ '[' -z '' ']'
[2021-10-10 19:36:35,917] {subprocess.py:78} INFO - ++ LD_LIBRARY_PATH=/home/abd/root/root/lib
[2021-10-10 19:36:35,917] {subprocess.py:78} INFO - ++ export LD_LIBRARY_PATH
[2021-10-10 19:36:35,917] {subprocess.py:78} INFO - ++ '[' -z '' ']'
[2021-10-10 19:36:35,917] {subprocess.py:78} INFO - ++ DYLD_LIBRARY_PATH=/home/abd/root/root/lib
[2021-10-10 19:36:35,917] {subprocess.py:78} INFO - ++ export DYLD_LIBRARY_PATH
[2021-10-10 19:36:35,917] {subprocess.py:78} INFO - ++ '[' -z '' ']'
[2021-10-10 19:36:35,917] {subprocess.py:78} INFO - ++ SHLIB_PATH=/home/abd/root/root/lib
[2021-10-10 19:36:35,917] {subprocess.py:78} INFO - ++ export SHLIB_PATH
[2021-10-10 19:36:35,917] {subprocess.py:78} INFO - ++ '[' -z '' ']'
[2021-10-10 19:36:35,917] {subprocess.py:78} INFO - ++ LIBPATH=/home/abd/root/root/lib
[2021-10-10 19:36:35,917] {subprocess.py:78} INFO - ++ export LIBPATH
[2021-10-10 19:36:35,917] {subprocess.py:78} INFO - ++ '[' -z '' ']'
[2021-10-10 19:36:35,917] {subprocess.py:78} INFO - ++ PYTHONPATH=/home/abd/root/root/lib
[2021-10-10 19:36:35,917] {subprocess.py:78} INFO - ++ export PYTHONPATH
[2021-10-10 19:36:35,917] {subprocess.py:78} INFO - ++ '[' -z '' ']'
[2021-10-10 19:36:35,917] {subprocess.py:78} INFO - ++ MANPATH=/home/abd/root/root/man:/usr/share/man:/usr/local/share/man
[2021-10-10 19:36:35,917] {subprocess.py:78} INFO - ++ export MANPATH
[2021-10-10 19:36:35,918] {subprocess.py:78} INFO - ++ '[' -z '' ']'
[2021-10-10 19:36:35,918] {subprocess.py:78} INFO - ++ CMAKE_PREFIX_PATH=/home/abd/root/root
[2021-10-10 19:36:35,918] {subprocess.py:78} INFO - ++ export CMAKE_PREFIX_PATH
[2021-10-10 19:36:35,918] {subprocess.py:78} INFO - ++ '[' -z '' ']'
[2021-10-10 19:36:35,918] {subprocess.py:78} INFO - ++ JUPYTER_PATH=/home/abd/root/root/etc/notebook
[2021-10-10 19:36:35,918] {subprocess.py:78} INFO - ++ export JUPYTER_PATH
[2021-10-10 19:36:35,918] {subprocess.py:78} INFO - ++ '[' -z '' ']'
[2021-10-10 19:36:35,918] {subprocess.py:78} INFO - ++ JUPYTER_CONFIG_DIR=/home/abd/root/root/etc/notebook
[2021-10-10 19:36:35,918] {subprocess.py:78} INFO - ++ export JUPYTER_CONFIG_DIR
[2021-10-10 19:36:35,918] {subprocess.py:78} INFO - ++ export CLING_STANDARD_PCH=none
[2021-10-10 19:36:35,918] {subprocess.py:78} INFO - ++ CLING_STANDARD_PCH=none
[2021-10-10 19:36:35,918] {subprocess.py:78} INFO - +++ root-config --arch
[2021-10-10 19:36:35,918] {subprocess.py:78} INFO - +++ grep -v win32gcc
[2021-10-10 19:36:35,918] {subprocess.py:78} INFO - +++ grep -i win32
[2021-10-10 19:36:35,928] {subprocess.py:78} INFO - ++ '[' x '!=' x ']'
[2021-10-10 19:36:35,928] {subprocess.py:78} INFO - ++ unset old_rootsys
[2021-10-10 19:36:35,928] {subprocess.py:78} INFO - ++ unset thisroot
[2021-10-10 19:36:35,928] {subprocess.py:78} INFO - ++ unset -f drop_from_path
[2021-10-10 19:36:35,928] {subprocess.py:78} INFO - ++ unset -f clean_environment
[2021-10-10 19:36:35,928] {subprocess.py:78} INFO - ++ unset -f set_environment
[2021-10-10 19:36:35,928] {subprocess.py:78} INFO - + pwd
[2021-10-10 19:36:35,928] {subprocess.py:78} INFO - /tmp/airflowtmpw32783xb
[2021-10-10 19:36:35,928] {subprocess.py:78} INFO - + python /home/abd/airflow/code/generatetuple.py data 20000 /home/abd/airflow/data/bsm-search/data_2.root
[2021-10-10 19:36:37,001] {subprocess.py:82} INFO - Command exited with return code 0
[2021-10-10 19:36:37,018] {taskinstance.py:1212} INFO - Marking task as SUCCESS. dag_id=main, task_id=data.generate_group_data.generate_data_2, execution_date=20211009T000000, start_date=20211010T163635, end_date=20211010T163637
[2021-10-10 19:36:37,039] {local_task_job.py:151} INFO - Task exited with return code 0
[2021-10-10 19:36:37,058] {local_task_job.py:261} INFO - 0 downstream tasks scheduled from follow-on schedule check
[2021-10-10 19:46:15,419] {taskinstance.py:903} INFO - Dependencies all met for <TaskInstance: main.data.generate_group_data.generate_data_2 2021-10-09T00:00:00+00:00 [queued]>
[2021-10-10 19:46:15,425] {taskinstance.py:903} INFO - Dependencies all met for <TaskInstance: main.data.generate_group_data.generate_data_2 2021-10-09T00:00:00+00:00 [queued]>
[2021-10-10 19:46:15,425] {taskinstance.py:1095} INFO - 
--------------------------------------------------------------------------------
[2021-10-10 19:46:15,426] {taskinstance.py:1096} INFO - Starting attempt 1 of 2
[2021-10-10 19:46:15,426] {taskinstance.py:1097} INFO - 
--------------------------------------------------------------------------------
[2021-10-10 19:46:15,433] {taskinstance.py:1115} INFO - Executing <Task(BashOperator): data.generate_group_data.generate_data_2> on 2021-10-09T00:00:00+00:00
[2021-10-10 19:46:15,434] {standard_task_runner.py:52} INFO - Started process 59428 to run task
[2021-10-10 19:46:15,438] {standard_task_runner.py:76} INFO - Running: ['airflow', 'tasks', 'run', 'main', 'data.generate_group_data.generate_data_2', '2021-10-09T00:00:00+00:00', '--job-id', '581', '--pool', 'default_pool', '--raw', '--subdir', 'DAGS_FOLDER/main.py', '--cfg-path', '/tmp/tmpdtmxortf', '--error-file', '/tmp/tmpm1slvv35']
[2021-10-10 19:46:15,438] {standard_task_runner.py:77} INFO - Job 581: Subtask data.generate_group_data.generate_data_2
[2021-10-10 19:46:15,456] {logging_mixin.py:109} INFO - Running <TaskInstance: main.data.generate_group_data.generate_data_2 2021-10-09T00:00:00+00:00 [running]> on host abd
[2021-10-10 19:46:15,480] {taskinstance.py:1252} INFO - Exporting the following env vars:
AIRFLOW_CTX_DAG_OWNER=admin
AIRFLOW_CTX_DAG_ID=main
AIRFLOW_CTX_TASK_ID=data.generate_group_data.generate_data_2
AIRFLOW_CTX_EXECUTION_DATE=2021-10-09T00:00:00+00:00
AIRFLOW_CTX_DAG_RUN_ID=scheduled__2021-10-09T00:00:00+00:00
[2021-10-10 19:46:15,481] {subprocess.py:52} INFO - Tmp dir root location: 
 /tmp
[2021-10-10 19:46:15,481] {subprocess.py:63} INFO - Running command: ['bash', '-c', '\n            set -x\n            source ${thisroot}/thisroot.sh\n            pwd\n            python ${code}/generatetuple.py ${type} ${nevents} ${base_dir}/${type}_${jobnumber}.root\n            ']
[2021-10-10 19:46:15,485] {subprocess.py:74} INFO - Output:
[2021-10-10 19:46:15,485] {subprocess.py:78} INFO - + source /home/abd/root/root/bin/thisroot.sh
[2021-10-10 19:46:15,486] {subprocess.py:78} INFO - ++ '[' -n '' ']'
[2021-10-10 19:46:15,486] {subprocess.py:78} INFO - ++ SOURCE=/home/abd/root/root/bin/thisroot.sh
[2021-10-10 19:46:15,486] {subprocess.py:78} INFO - ++ '[' x/home/abd/root/root/bin/thisroot.sh = x ']'
[2021-10-10 19:46:15,486] {subprocess.py:78} INFO - ++ '[' x/home/abd/root/root/bin/thisroot.sh = x ']'
[2021-10-10 19:46:15,486] {subprocess.py:78} INFO - +++ dirname /home/abd/root/root/bin/thisroot.sh
[2021-10-10 19:46:15,487] {subprocess.py:78} INFO - ++ thisroot=/home/abd/root/root/bin
[2021-10-10 19:46:15,487] {subprocess.py:78} INFO - +++ cd /home/abd/root/root/bin/..
[2021-10-10 19:46:15,487] {subprocess.py:78} INFO - +++ pwd
[2021-10-10 19:46:15,487] {subprocess.py:78} INFO - ++ ROOTSYS=/home/abd/root/root
[2021-10-10 19:46:15,487] {subprocess.py:78} INFO - ++ export ROOTSYS
[2021-10-10 19:46:15,487] {subprocess.py:78} INFO - ++ clean_environment
[2021-10-10 19:46:15,487] {subprocess.py:78} INFO - ++ '[' -n '' ']'
[2021-10-10 19:46:15,487] {subprocess.py:78} INFO - ++ '[' -z '' ']'
[2021-10-10 19:46:15,487] {subprocess.py:78} INFO - ++ command -v manpath
[2021-10-10 19:46:15,487] {subprocess.py:78} INFO - +++ manpath
[2021-10-10 19:46:15,488] {subprocess.py:78} INFO - manpath: warning: $PATH not set
[2021-10-10 19:46:15,488] {subprocess.py:78} INFO - ++ default_manpath=/usr/share/man:/usr/local/share/man
[2021-10-10 19:46:15,488] {subprocess.py:78} INFO - ++ set_environment
[2021-10-10 19:46:15,488] {subprocess.py:78} INFO - ++ '[' -z /usr/local/sbin:/usr/local/bin:/usr/sbin:/usr/bin:/sbin:/bin ']'
[2021-10-10 19:46:15,488] {subprocess.py:78} INFO - ++ PATH=/home/abd/root/root/bin:/usr/local/sbin:/usr/local/bin:/usr/sbin:/usr/bin:/sbin:/bin
[2021-10-10 19:46:15,489] {subprocess.py:78} INFO - ++ export PATH
[2021-10-10 19:46:15,489] {subprocess.py:78} INFO - ++ '[' -z '' ']'
[2021-10-10 19:46:15,489] {subprocess.py:78} INFO - ++ LD_LIBRARY_PATH=/home/abd/root/root/lib
[2021-10-10 19:46:15,489] {subprocess.py:78} INFO - ++ export LD_LIBRARY_PATH
[2021-10-10 19:46:15,489] {subprocess.py:78} INFO - ++ '[' -z '' ']'
[2021-10-10 19:46:15,489] {subprocess.py:78} INFO - ++ DYLD_LIBRARY_PATH=/home/abd/root/root/lib
[2021-10-10 19:46:15,489] {subprocess.py:78} INFO - ++ export DYLD_LIBRARY_PATH
[2021-10-10 19:46:15,489] {subprocess.py:78} INFO - ++ '[' -z '' ']'
[2021-10-10 19:46:15,489] {subprocess.py:78} INFO - ++ SHLIB_PATH=/home/abd/root/root/lib
[2021-10-10 19:46:15,489] {subprocess.py:78} INFO - ++ export SHLIB_PATH
[2021-10-10 19:46:15,489] {subprocess.py:78} INFO - ++ '[' -z '' ']'
[2021-10-10 19:46:15,489] {subprocess.py:78} INFO - ++ LIBPATH=/home/abd/root/root/lib
[2021-10-10 19:46:15,489] {subprocess.py:78} INFO - ++ export LIBPATH
[2021-10-10 19:46:15,489] {subprocess.py:78} INFO - ++ '[' -z '' ']'
[2021-10-10 19:46:15,489] {subprocess.py:78} INFO - ++ PYTHONPATH=/home/abd/root/root/lib
[2021-10-10 19:46:15,489] {subprocess.py:78} INFO - ++ export PYTHONPATH
[2021-10-10 19:46:15,489] {subprocess.py:78} INFO - ++ '[' -z '' ']'
[2021-10-10 19:46:15,489] {subprocess.py:78} INFO - ++ MANPATH=/home/abd/root/root/man:/usr/share/man:/usr/local/share/man
[2021-10-10 19:46:15,489] {subprocess.py:78} INFO - ++ export MANPATH
[2021-10-10 19:46:15,489] {subprocess.py:78} INFO - ++ '[' -z '' ']'
[2021-10-10 19:46:15,489] {subprocess.py:78} INFO - ++ CMAKE_PREFIX_PATH=/home/abd/root/root
[2021-10-10 19:46:15,489] {subprocess.py:78} INFO - ++ export CMAKE_PREFIX_PATH
[2021-10-10 19:46:15,489] {subprocess.py:78} INFO - ++ '[' -z '' ']'
[2021-10-10 19:46:15,489] {subprocess.py:78} INFO - ++ JUPYTER_PATH=/home/abd/root/root/etc/notebook
[2021-10-10 19:46:15,489] {subprocess.py:78} INFO - ++ export JUPYTER_PATH
[2021-10-10 19:46:15,489] {subprocess.py:78} INFO - ++ '[' -z '' ']'
[2021-10-10 19:46:15,489] {subprocess.py:78} INFO - ++ JUPYTER_CONFIG_DIR=/home/abd/root/root/etc/notebook
[2021-10-10 19:46:15,490] {subprocess.py:78} INFO - ++ export JUPYTER_CONFIG_DIR
[2021-10-10 19:46:15,490] {subprocess.py:78} INFO - ++ export CLING_STANDARD_PCH=none
[2021-10-10 19:46:15,490] {subprocess.py:78} INFO - ++ CLING_STANDARD_PCH=none
[2021-10-10 19:46:15,490] {subprocess.py:78} INFO - +++ root-config --arch
[2021-10-10 19:46:15,490] {subprocess.py:78} INFO - +++ grep -v win32gcc
[2021-10-10 19:46:15,490] {subprocess.py:78} INFO - +++ grep -i win32
[2021-10-10 19:46:15,499] {subprocess.py:78} INFO - ++ '[' x '!=' x ']'
[2021-10-10 19:46:15,499] {subprocess.py:78} INFO - ++ unset old_rootsys
[2021-10-10 19:46:15,500] {subprocess.py:78} INFO - ++ unset thisroot
[2021-10-10 19:46:15,500] {subprocess.py:78} INFO - ++ unset -f drop_from_path
[2021-10-10 19:46:15,500] {subprocess.py:78} INFO - ++ unset -f clean_environment
[2021-10-10 19:46:15,500] {subprocess.py:78} INFO - ++ unset -f set_environment
[2021-10-10 19:46:15,500] {subprocess.py:78} INFO - + pwd
[2021-10-10 19:46:15,500] {subprocess.py:78} INFO - /tmp/airflowtmpvlv_dbvn
[2021-10-10 19:46:15,500] {subprocess.py:78} INFO - + python /home/abd/airflow/code/generatetuple.py data 20000 /home/abd/airflow/data/bsm-search/data_2.root
[2021-10-10 19:46:16,553] {subprocess.py:82} INFO - Command exited with return code 0
[2021-10-10 19:46:16,565] {taskinstance.py:1212} INFO - Marking task as SUCCESS. dag_id=main, task_id=data.generate_group_data.generate_data_2, execution_date=20211009T000000, start_date=20211010T164615, end_date=20211010T164616
[2021-10-10 19:46:16,612] {local_task_job.py:151} INFO - Task exited with return code 0
[2021-10-10 19:46:16,627] {local_task_job.py:261} INFO - 0 downstream tasks scheduled from follow-on schedule check
[2021-10-10 19:56:07,693] {taskinstance.py:903} INFO - Dependencies all met for <TaskInstance: main.data.generate_group_data.generate_data_2 2021-10-09T00:00:00+00:00 [queued]>
[2021-10-10 19:56:07,700] {taskinstance.py:903} INFO - Dependencies all met for <TaskInstance: main.data.generate_group_data.generate_data_2 2021-10-09T00:00:00+00:00 [queued]>
[2021-10-10 19:56:07,700] {taskinstance.py:1095} INFO - 
--------------------------------------------------------------------------------
[2021-10-10 19:56:07,700] {taskinstance.py:1096} INFO - Starting attempt 1 of 2
[2021-10-10 19:56:07,700] {taskinstance.py:1097} INFO - 
--------------------------------------------------------------------------------
[2021-10-10 19:56:07,707] {taskinstance.py:1115} INFO - Executing <Task(BashOperator): data.generate_group_data.generate_data_2> on 2021-10-09T00:00:00+00:00
[2021-10-10 19:56:07,708] {standard_task_runner.py:52} INFO - Started process 63032 to run task
[2021-10-10 19:56:07,711] {standard_task_runner.py:76} INFO - Running: ['airflow', 'tasks', 'run', 'main', 'data.generate_group_data.generate_data_2', '2021-10-09T00:00:00+00:00', '--job-id', '582', '--pool', 'default_pool', '--raw', '--subdir', 'DAGS_FOLDER/main.py', '--cfg-path', '/tmp/tmpc0zji2s2', '--error-file', '/tmp/tmpk632udev']
[2021-10-10 19:56:07,711] {standard_task_runner.py:77} INFO - Job 582: Subtask data.generate_group_data.generate_data_2
[2021-10-10 19:56:07,750] {logging_mixin.py:109} INFO - Running <TaskInstance: main.data.generate_group_data.generate_data_2 2021-10-09T00:00:00+00:00 [running]> on host abd
[2021-10-10 19:56:07,778] {taskinstance.py:1252} INFO - Exporting the following env vars:
AIRFLOW_CTX_DAG_OWNER=admin
AIRFLOW_CTX_DAG_ID=main
AIRFLOW_CTX_TASK_ID=data.generate_group_data.generate_data_2
AIRFLOW_CTX_EXECUTION_DATE=2021-10-09T00:00:00+00:00
AIRFLOW_CTX_DAG_RUN_ID=scheduled__2021-10-09T00:00:00+00:00
[2021-10-10 19:56:07,778] {subprocess.py:52} INFO - Tmp dir root location: 
 /tmp
[2021-10-10 19:56:07,779] {subprocess.py:63} INFO - Running command: ['bash', '-c', '\n            set -x\n            source ${thisroot}/thisroot.sh\n            pwd\n            python ${code}/generatetuple.py ${type} ${nevents} ${base_dir}/${type}_${jobnumber}.root\n            ']
[2021-10-10 19:56:07,784] {subprocess.py:74} INFO - Output:
[2021-10-10 19:56:07,785] {subprocess.py:78} INFO - + source /home/abd/root/root/bin/thisroot.sh
[2021-10-10 19:56:07,785] {subprocess.py:78} INFO - ++ '[' -n '' ']'
[2021-10-10 19:56:07,785] {subprocess.py:78} INFO - ++ SOURCE=/home/abd/root/root/bin/thisroot.sh
[2021-10-10 19:56:07,785] {subprocess.py:78} INFO - ++ '[' x/home/abd/root/root/bin/thisroot.sh = x ']'
[2021-10-10 19:56:07,785] {subprocess.py:78} INFO - ++ '[' x/home/abd/root/root/bin/thisroot.sh = x ']'
[2021-10-10 19:56:07,785] {subprocess.py:78} INFO - +++ dirname /home/abd/root/root/bin/thisroot.sh
[2021-10-10 19:56:07,786] {subprocess.py:78} INFO - ++ thisroot=/home/abd/root/root/bin
[2021-10-10 19:56:07,786] {subprocess.py:78} INFO - +++ cd /home/abd/root/root/bin/..
[2021-10-10 19:56:07,786] {subprocess.py:78} INFO - +++ pwd
[2021-10-10 19:56:07,786] {subprocess.py:78} INFO - ++ ROOTSYS=/home/abd/root/root
[2021-10-10 19:56:07,786] {subprocess.py:78} INFO - ++ export ROOTSYS
[2021-10-10 19:56:07,786] {subprocess.py:78} INFO - ++ clean_environment
[2021-10-10 19:56:07,787] {subprocess.py:78} INFO - ++ '[' -n '' ']'
[2021-10-10 19:56:07,787] {subprocess.py:78} INFO - ++ '[' -z '' ']'
[2021-10-10 19:56:07,787] {subprocess.py:78} INFO - ++ command -v manpath
[2021-10-10 19:56:07,787] {subprocess.py:78} INFO - +++ manpath
[2021-10-10 19:56:07,787] {subprocess.py:78} INFO - manpath: warning: $PATH not set
[2021-10-10 19:56:07,788] {subprocess.py:78} INFO - ++ default_manpath=/usr/share/man:/usr/local/share/man
[2021-10-10 19:56:07,788] {subprocess.py:78} INFO - ++ set_environment
[2021-10-10 19:56:07,788] {subprocess.py:78} INFO - ++ '[' -z /usr/local/sbin:/usr/local/bin:/usr/sbin:/usr/bin:/sbin:/bin ']'
[2021-10-10 19:56:07,788] {subprocess.py:78} INFO - ++ PATH=/home/abd/root/root/bin:/usr/local/sbin:/usr/local/bin:/usr/sbin:/usr/bin:/sbin:/bin
[2021-10-10 19:56:07,788] {subprocess.py:78} INFO - ++ export PATH
[2021-10-10 19:56:07,788] {subprocess.py:78} INFO - ++ '[' -z '' ']'
[2021-10-10 19:56:07,788] {subprocess.py:78} INFO - ++ LD_LIBRARY_PATH=/home/abd/root/root/lib
[2021-10-10 19:56:07,788] {subprocess.py:78} INFO - ++ export LD_LIBRARY_PATH
[2021-10-10 19:56:07,788] {subprocess.py:78} INFO - ++ '[' -z '' ']'
[2021-10-10 19:56:07,788] {subprocess.py:78} INFO - ++ DYLD_LIBRARY_PATH=/home/abd/root/root/lib
[2021-10-10 19:56:07,788] {subprocess.py:78} INFO - ++ export DYLD_LIBRARY_PATH
[2021-10-10 19:56:07,788] {subprocess.py:78} INFO - ++ '[' -z '' ']'
[2021-10-10 19:56:07,788] {subprocess.py:78} INFO - ++ SHLIB_PATH=/home/abd/root/root/lib
[2021-10-10 19:56:07,788] {subprocess.py:78} INFO - ++ export SHLIB_PATH
[2021-10-10 19:56:07,788] {subprocess.py:78} INFO - ++ '[' -z '' ']'
[2021-10-10 19:56:07,788] {subprocess.py:78} INFO - ++ LIBPATH=/home/abd/root/root/lib
[2021-10-10 19:56:07,788] {subprocess.py:78} INFO - ++ export LIBPATH
[2021-10-10 19:56:07,789] {subprocess.py:78} INFO - ++ '[' -z '' ']'
[2021-10-10 19:56:07,789] {subprocess.py:78} INFO - ++ PYTHONPATH=/home/abd/root/root/lib
[2021-10-10 19:56:07,789] {subprocess.py:78} INFO - ++ export PYTHONPATH
[2021-10-10 19:56:07,789] {subprocess.py:78} INFO - ++ '[' -z '' ']'
[2021-10-10 19:56:07,789] {subprocess.py:78} INFO - ++ MANPATH=/home/abd/root/root/man:/usr/share/man:/usr/local/share/man
[2021-10-10 19:56:07,789] {subprocess.py:78} INFO - ++ export MANPATH
[2021-10-10 19:56:07,789] {subprocess.py:78} INFO - ++ '[' -z '' ']'
[2021-10-10 19:56:07,789] {subprocess.py:78} INFO - ++ CMAKE_PREFIX_PATH=/home/abd/root/root
[2021-10-10 19:56:07,789] {subprocess.py:78} INFO - ++ export CMAKE_PREFIX_PATH
[2021-10-10 19:56:07,789] {subprocess.py:78} INFO - ++ '[' -z '' ']'
[2021-10-10 19:56:07,789] {subprocess.py:78} INFO - ++ JUPYTER_PATH=/home/abd/root/root/etc/notebook
[2021-10-10 19:56:07,789] {subprocess.py:78} INFO - ++ export JUPYTER_PATH
[2021-10-10 19:56:07,789] {subprocess.py:78} INFO - ++ '[' -z '' ']'
[2021-10-10 19:56:07,789] {subprocess.py:78} INFO - ++ JUPYTER_CONFIG_DIR=/home/abd/root/root/etc/notebook
[2021-10-10 19:56:07,789] {subprocess.py:78} INFO - ++ export JUPYTER_CONFIG_DIR
[2021-10-10 19:56:07,789] {subprocess.py:78} INFO - ++ export CLING_STANDARD_PCH=none
[2021-10-10 19:56:07,789] {subprocess.py:78} INFO - ++ CLING_STANDARD_PCH=none
[2021-10-10 19:56:07,789] {subprocess.py:78} INFO - +++ root-config --arch
[2021-10-10 19:56:07,789] {subprocess.py:78} INFO - +++ grep -i win32
[2021-10-10 19:56:07,790] {subprocess.py:78} INFO - +++ grep -v win32gcc
[2021-10-10 19:56:07,800] {subprocess.py:78} INFO - ++ '[' x '!=' x ']'
[2021-10-10 19:56:07,800] {subprocess.py:78} INFO - ++ unset old_rootsys
[2021-10-10 19:56:07,800] {subprocess.py:78} INFO - ++ unset thisroot
[2021-10-10 19:56:07,800] {subprocess.py:78} INFO - ++ unset -f drop_from_path
[2021-10-10 19:56:07,800] {subprocess.py:78} INFO - ++ unset -f clean_environment
[2021-10-10 19:56:07,801] {subprocess.py:78} INFO - ++ unset -f set_environment
[2021-10-10 19:56:07,801] {subprocess.py:78} INFO - + pwd
[2021-10-10 19:56:07,801] {subprocess.py:78} INFO - /tmp/airflowtmpisac7fm3
[2021-10-10 19:56:07,801] {subprocess.py:78} INFO - + python /home/abd/airflow/code/generatetuple.py data 20000 /home/abd/airflow/data/bsm-search/data_2.root
[2021-10-10 19:56:08,874] {subprocess.py:82} INFO - Command exited with return code 0
[2021-10-10 19:56:08,887] {taskinstance.py:1212} INFO - Marking task as SUCCESS. dag_id=main, task_id=data.generate_group_data.generate_data_2, execution_date=20211009T000000, start_date=20211010T165607, end_date=20211010T165608
[2021-10-10 19:56:08,925] {local_task_job.py:151} INFO - Task exited with return code 0
[2021-10-10 19:56:08,938] {local_task_job.py:261} INFO - 0 downstream tasks scheduled from follow-on schedule check
[2021-10-10 20:17:39,931] {taskinstance.py:903} INFO - Dependencies all met for <TaskInstance: main.data.generate_group_data.generate_data_2 2021-10-09T00:00:00+00:00 [queued]>
[2021-10-10 20:17:39,939] {taskinstance.py:903} INFO - Dependencies all met for <TaskInstance: main.data.generate_group_data.generate_data_2 2021-10-09T00:00:00+00:00 [queued]>
[2021-10-10 20:17:39,939] {taskinstance.py:1095} INFO - 
--------------------------------------------------------------------------------
[2021-10-10 20:17:39,939] {taskinstance.py:1096} INFO - Starting attempt 1 of 2
[2021-10-10 20:17:39,939] {taskinstance.py:1097} INFO - 
--------------------------------------------------------------------------------
[2021-10-10 20:17:39,946] {taskinstance.py:1115} INFO - Executing <Task(BashOperator): data.generate_group_data.generate_data_2> on 2021-10-09T00:00:00+00:00
[2021-10-10 20:17:39,948] {standard_task_runner.py:52} INFO - Started process 10260 to run task
[2021-10-10 20:17:39,951] {standard_task_runner.py:76} INFO - Running: ['airflow', 'tasks', 'run', 'main', 'data.generate_group_data.generate_data_2', '2021-10-09T00:00:00+00:00', '--job-id', '583', '--pool', 'default_pool', '--raw', '--subdir', 'DAGS_FOLDER/main.py', '--cfg-path', '/tmp/tmpr50y2kz_', '--error-file', '/tmp/tmpvpw1mc2s']
[2021-10-10 20:17:39,952] {standard_task_runner.py:77} INFO - Job 583: Subtask data.generate_group_data.generate_data_2
[2021-10-10 20:17:39,971] {logging_mixin.py:109} INFO - Running <TaskInstance: main.data.generate_group_data.generate_data_2 2021-10-09T00:00:00+00:00 [running]> on host abd
[2021-10-10 20:17:39,997] {taskinstance.py:1252} INFO - Exporting the following env vars:
AIRFLOW_CTX_DAG_OWNER=admin
AIRFLOW_CTX_DAG_ID=main
AIRFLOW_CTX_TASK_ID=data.generate_group_data.generate_data_2
AIRFLOW_CTX_EXECUTION_DATE=2021-10-09T00:00:00+00:00
AIRFLOW_CTX_DAG_RUN_ID=scheduled__2021-10-09T00:00:00+00:00
[2021-10-10 20:17:39,997] {subprocess.py:52} INFO - Tmp dir root location: 
 /tmp
[2021-10-10 20:17:39,998] {subprocess.py:63} INFO - Running command: ['bash', '-c', '\n            set -x\n            source ${thisroot}/thisroot.sh\n            pwd\n            python ${code}/generatetuple.py ${type} ${nevents} ${base_dir}/${type}_${jobnumber}.root\n            ']
[2021-10-10 20:17:40,001] {subprocess.py:74} INFO - Output:
[2021-10-10 20:17:40,002] {subprocess.py:78} INFO - + source /home/abd/root/root/bin/thisroot.sh
[2021-10-10 20:17:40,003] {subprocess.py:78} INFO - ++ '[' -n '' ']'
[2021-10-10 20:17:40,003] {subprocess.py:78} INFO - ++ SOURCE=/home/abd/root/root/bin/thisroot.sh
[2021-10-10 20:17:40,003] {subprocess.py:78} INFO - ++ '[' x/home/abd/root/root/bin/thisroot.sh = x ']'
[2021-10-10 20:17:40,003] {subprocess.py:78} INFO - ++ '[' x/home/abd/root/root/bin/thisroot.sh = x ']'
[2021-10-10 20:17:40,003] {subprocess.py:78} INFO - +++ dirname /home/abd/root/root/bin/thisroot.sh
[2021-10-10 20:17:40,004] {subprocess.py:78} INFO - ++ thisroot=/home/abd/root/root/bin
[2021-10-10 20:17:40,004] {subprocess.py:78} INFO - +++ cd /home/abd/root/root/bin/..
[2021-10-10 20:17:40,004] {subprocess.py:78} INFO - +++ pwd
[2021-10-10 20:17:40,004] {subprocess.py:78} INFO - ++ ROOTSYS=/home/abd/root/root
[2021-10-10 20:17:40,005] {subprocess.py:78} INFO - ++ export ROOTSYS
[2021-10-10 20:17:40,005] {subprocess.py:78} INFO - ++ clean_environment
[2021-10-10 20:17:40,005] {subprocess.py:78} INFO - ++ '[' -n '' ']'
[2021-10-10 20:17:40,005] {subprocess.py:78} INFO - ++ '[' -z '' ']'
[2021-10-10 20:17:40,005] {subprocess.py:78} INFO - ++ command -v manpath
[2021-10-10 20:17:40,005] {subprocess.py:78} INFO - +++ manpath
[2021-10-10 20:17:40,006] {subprocess.py:78} INFO - manpath: warning: $PATH not set
[2021-10-10 20:17:40,006] {subprocess.py:78} INFO - ++ default_manpath=/usr/share/man:/usr/local/share/man
[2021-10-10 20:17:40,006] {subprocess.py:78} INFO - ++ set_environment
[2021-10-10 20:17:40,006] {subprocess.py:78} INFO - ++ '[' -z /usr/local/sbin:/usr/local/bin:/usr/sbin:/usr/bin:/sbin:/bin ']'
[2021-10-10 20:17:40,006] {subprocess.py:78} INFO - ++ PATH=/home/abd/root/root/bin:/usr/local/sbin:/usr/local/bin:/usr/sbin:/usr/bin:/sbin:/bin
[2021-10-10 20:17:40,006] {subprocess.py:78} INFO - ++ export PATH
[2021-10-10 20:17:40,006] {subprocess.py:78} INFO - ++ '[' -z '' ']'
[2021-10-10 20:17:40,006] {subprocess.py:78} INFO - ++ LD_LIBRARY_PATH=/home/abd/root/root/lib
[2021-10-10 20:17:40,006] {subprocess.py:78} INFO - ++ export LD_LIBRARY_PATH
[2021-10-10 20:17:40,006] {subprocess.py:78} INFO - ++ '[' -z '' ']'
[2021-10-10 20:17:40,006] {subprocess.py:78} INFO - ++ DYLD_LIBRARY_PATH=/home/abd/root/root/lib
[2021-10-10 20:17:40,006] {subprocess.py:78} INFO - ++ export DYLD_LIBRARY_PATH
[2021-10-10 20:17:40,006] {subprocess.py:78} INFO - ++ '[' -z '' ']'
[2021-10-10 20:17:40,006] {subprocess.py:78} INFO - ++ SHLIB_PATH=/home/abd/root/root/lib
[2021-10-10 20:17:40,006] {subprocess.py:78} INFO - ++ export SHLIB_PATH
[2021-10-10 20:17:40,006] {subprocess.py:78} INFO - ++ '[' -z '' ']'
[2021-10-10 20:17:40,006] {subprocess.py:78} INFO - ++ LIBPATH=/home/abd/root/root/lib
[2021-10-10 20:17:40,007] {subprocess.py:78} INFO - ++ export LIBPATH
[2021-10-10 20:17:40,007] {subprocess.py:78} INFO - ++ '[' -z '' ']'
[2021-10-10 20:17:40,007] {subprocess.py:78} INFO - ++ PYTHONPATH=/home/abd/root/root/lib
[2021-10-10 20:17:40,007] {subprocess.py:78} INFO - ++ export PYTHONPATH
[2021-10-10 20:17:40,007] {subprocess.py:78} INFO - ++ '[' -z '' ']'
[2021-10-10 20:17:40,007] {subprocess.py:78} INFO - ++ MANPATH=/home/abd/root/root/man:/usr/share/man:/usr/local/share/man
[2021-10-10 20:17:40,007] {subprocess.py:78} INFO - ++ export MANPATH
[2021-10-10 20:17:40,007] {subprocess.py:78} INFO - ++ '[' -z '' ']'
[2021-10-10 20:17:40,007] {subprocess.py:78} INFO - ++ CMAKE_PREFIX_PATH=/home/abd/root/root
[2021-10-10 20:17:40,007] {subprocess.py:78} INFO - ++ export CMAKE_PREFIX_PATH
[2021-10-10 20:17:40,007] {subprocess.py:78} INFO - ++ '[' -z '' ']'
[2021-10-10 20:17:40,007] {subprocess.py:78} INFO - ++ JUPYTER_PATH=/home/abd/root/root/etc/notebook
[2021-10-10 20:17:40,007] {subprocess.py:78} INFO - ++ export JUPYTER_PATH
[2021-10-10 20:17:40,007] {subprocess.py:78} INFO - ++ '[' -z '' ']'
[2021-10-10 20:17:40,007] {subprocess.py:78} INFO - ++ JUPYTER_CONFIG_DIR=/home/abd/root/root/etc/notebook
[2021-10-10 20:17:40,007] {subprocess.py:78} INFO - ++ export JUPYTER_CONFIG_DIR
[2021-10-10 20:17:40,007] {subprocess.py:78} INFO - ++ export CLING_STANDARD_PCH=none
[2021-10-10 20:17:40,007] {subprocess.py:78} INFO - ++ CLING_STANDARD_PCH=none
[2021-10-10 20:17:40,007] {subprocess.py:78} INFO - +++ root-config --arch
[2021-10-10 20:17:40,007] {subprocess.py:78} INFO - +++ grep -i win32
[2021-10-10 20:17:40,007] {subprocess.py:78} INFO - +++ grep -v win32gcc
[2021-10-10 20:17:40,018] {subprocess.py:78} INFO - ++ '[' x '!=' x ']'
[2021-10-10 20:17:40,018] {subprocess.py:78} INFO - ++ unset old_rootsys
[2021-10-10 20:17:40,018] {subprocess.py:78} INFO - ++ unset thisroot
[2021-10-10 20:17:40,018] {subprocess.py:78} INFO - ++ unset -f drop_from_path
[2021-10-10 20:17:40,018] {subprocess.py:78} INFO - ++ unset -f clean_environment
[2021-10-10 20:17:40,018] {subprocess.py:78} INFO - ++ unset -f set_environment
[2021-10-10 20:17:40,018] {subprocess.py:78} INFO - + pwd
[2021-10-10 20:17:40,019] {subprocess.py:78} INFO - /tmp/airflowtmpetr58t73
[2021-10-10 20:17:40,019] {subprocess.py:78} INFO - + python /home/abd/airflow/code/generatetuple.py data 20000 /home/abd/airflow/data/bsm-search/data_2.root
[2021-10-10 20:17:41,119] {subprocess.py:82} INFO - Command exited with return code 0
[2021-10-10 20:17:41,131] {taskinstance.py:1212} INFO - Marking task as SUCCESS. dag_id=main, task_id=data.generate_group_data.generate_data_2, execution_date=20211009T000000, start_date=20211010T171739, end_date=20211010T171741
[2021-10-10 20:17:41,165] {local_task_job.py:151} INFO - Task exited with return code 0
[2021-10-10 20:17:41,176] {local_task_job.py:261} INFO - 0 downstream tasks scheduled from follow-on schedule check
[2021-10-10 20:37:02,449] {taskinstance.py:903} INFO - Dependencies all met for <TaskInstance: main.data.generate_group_data.generate_data_2 2021-10-09T00:00:00+00:00 [queued]>
[2021-10-10 20:37:02,455] {taskinstance.py:903} INFO - Dependencies all met for <TaskInstance: main.data.generate_group_data.generate_data_2 2021-10-09T00:00:00+00:00 [queued]>
[2021-10-10 20:37:02,455] {taskinstance.py:1095} INFO - 
--------------------------------------------------------------------------------
[2021-10-10 20:37:02,455] {taskinstance.py:1096} INFO - Starting attempt 1 of 2
[2021-10-10 20:37:02,455] {taskinstance.py:1097} INFO - 
--------------------------------------------------------------------------------
[2021-10-10 20:37:02,463] {taskinstance.py:1115} INFO - Executing <Task(BashOperator): data.generate_group_data.generate_data_2> on 2021-10-09T00:00:00+00:00
[2021-10-10 20:37:02,464] {standard_task_runner.py:52} INFO - Started process 14585 to run task
[2021-10-10 20:37:02,467] {standard_task_runner.py:76} INFO - Running: ['airflow', 'tasks', 'run', 'main', 'data.generate_group_data.generate_data_2', '2021-10-09T00:00:00+00:00', '--job-id', '583', '--pool', 'default_pool', '--raw', '--subdir', 'DAGS_FOLDER/main.py', '--cfg-path', '/tmp/tmpifh0y27i', '--error-file', '/tmp/tmp76wd4mg3']
[2021-10-10 20:37:02,468] {standard_task_runner.py:77} INFO - Job 583: Subtask data.generate_group_data.generate_data_2
[2021-10-10 20:37:02,487] {logging_mixin.py:109} INFO - Running <TaskInstance: main.data.generate_group_data.generate_data_2 2021-10-09T00:00:00+00:00 [running]> on host abd
[2021-10-10 20:37:02,512] {taskinstance.py:1252} INFO - Exporting the following env vars:
AIRFLOW_CTX_DAG_OWNER=admin
AIRFLOW_CTX_DAG_ID=main
AIRFLOW_CTX_TASK_ID=data.generate_group_data.generate_data_2
AIRFLOW_CTX_EXECUTION_DATE=2021-10-09T00:00:00+00:00
AIRFLOW_CTX_DAG_RUN_ID=scheduled__2021-10-09T00:00:00+00:00
[2021-10-10 20:37:02,512] {subprocess.py:52} INFO - Tmp dir root location: 
 /tmp
[2021-10-10 20:37:02,512] {subprocess.py:63} INFO - Running command: ['bash', '-c', '\n            set -x\n            source ${thisroot}/thisroot.sh\n            pwd\n            python ${code}/generatetuple.py ${type} ${nevents} ${base_dir}/${type}_${jobnumber}.root\n            ']
[2021-10-10 20:37:02,516] {subprocess.py:74} INFO - Output:
[2021-10-10 20:37:02,517] {subprocess.py:78} INFO - + source /home/abd/root/root/bin/thisroot.sh
[2021-10-10 20:37:02,517] {subprocess.py:78} INFO - ++ '[' -n '' ']'
[2021-10-10 20:37:02,517] {subprocess.py:78} INFO - ++ SOURCE=/home/abd/root/root/bin/thisroot.sh
[2021-10-10 20:37:02,517] {subprocess.py:78} INFO - ++ '[' x/home/abd/root/root/bin/thisroot.sh = x ']'
[2021-10-10 20:37:02,517] {subprocess.py:78} INFO - ++ '[' x/home/abd/root/root/bin/thisroot.sh = x ']'
[2021-10-10 20:37:02,517] {subprocess.py:78} INFO - +++ dirname /home/abd/root/root/bin/thisroot.sh
[2021-10-10 20:37:02,518] {subprocess.py:78} INFO - ++ thisroot=/home/abd/root/root/bin
[2021-10-10 20:37:02,518] {subprocess.py:78} INFO - +++ cd /home/abd/root/root/bin/..
[2021-10-10 20:37:02,518] {subprocess.py:78} INFO - +++ pwd
[2021-10-10 20:37:02,518] {subprocess.py:78} INFO - ++ ROOTSYS=/home/abd/root/root
[2021-10-10 20:37:02,518] {subprocess.py:78} INFO - ++ export ROOTSYS
[2021-10-10 20:37:02,518] {subprocess.py:78} INFO - ++ clean_environment
[2021-10-10 20:37:02,519] {subprocess.py:78} INFO - ++ '[' -n '' ']'
[2021-10-10 20:37:02,519] {subprocess.py:78} INFO - ++ '[' -z '' ']'
[2021-10-10 20:37:02,519] {subprocess.py:78} INFO - ++ command -v manpath
[2021-10-10 20:37:02,519] {subprocess.py:78} INFO - +++ manpath
[2021-10-10 20:37:02,519] {subprocess.py:78} INFO - manpath: warning: $PATH not set
[2021-10-10 20:37:02,520] {subprocess.py:78} INFO - ++ default_manpath=/usr/share/man:/usr/local/share/man
[2021-10-10 20:37:02,520] {subprocess.py:78} INFO - ++ set_environment
[2021-10-10 20:37:02,520] {subprocess.py:78} INFO - ++ '[' -z /usr/local/sbin:/usr/local/bin:/usr/sbin:/usr/bin:/sbin:/bin ']'
[2021-10-10 20:37:02,520] {subprocess.py:78} INFO - ++ PATH=/home/abd/root/root/bin:/usr/local/sbin:/usr/local/bin:/usr/sbin:/usr/bin:/sbin:/bin
[2021-10-10 20:37:02,520] {subprocess.py:78} INFO - ++ export PATH
[2021-10-10 20:37:02,520] {subprocess.py:78} INFO - ++ '[' -z '' ']'
[2021-10-10 20:37:02,520] {subprocess.py:78} INFO - ++ LD_LIBRARY_PATH=/home/abd/root/root/lib
[2021-10-10 20:37:02,520] {subprocess.py:78} INFO - ++ export LD_LIBRARY_PATH
[2021-10-10 20:37:02,520] {subprocess.py:78} INFO - ++ '[' -z '' ']'
[2021-10-10 20:37:02,520] {subprocess.py:78} INFO - ++ DYLD_LIBRARY_PATH=/home/abd/root/root/lib
[2021-10-10 20:37:02,520] {subprocess.py:78} INFO - ++ export DYLD_LIBRARY_PATH
[2021-10-10 20:37:02,520] {subprocess.py:78} INFO - ++ '[' -z '' ']'
[2021-10-10 20:37:02,520] {subprocess.py:78} INFO - ++ SHLIB_PATH=/home/abd/root/root/lib
[2021-10-10 20:37:02,520] {subprocess.py:78} INFO - ++ export SHLIB_PATH
[2021-10-10 20:37:02,520] {subprocess.py:78} INFO - ++ '[' -z '' ']'
[2021-10-10 20:37:02,520] {subprocess.py:78} INFO - ++ LIBPATH=/home/abd/root/root/lib
[2021-10-10 20:37:02,520] {subprocess.py:78} INFO - ++ export LIBPATH
[2021-10-10 20:37:02,520] {subprocess.py:78} INFO - ++ '[' -z '' ']'
[2021-10-10 20:37:02,520] {subprocess.py:78} INFO - ++ PYTHONPATH=/home/abd/root/root/lib
[2021-10-10 20:37:02,520] {subprocess.py:78} INFO - ++ export PYTHONPATH
[2021-10-10 20:37:02,520] {subprocess.py:78} INFO - ++ '[' -z '' ']'
[2021-10-10 20:37:02,520] {subprocess.py:78} INFO - ++ MANPATH=/home/abd/root/root/man:/usr/share/man:/usr/local/share/man
[2021-10-10 20:37:02,520] {subprocess.py:78} INFO - ++ export MANPATH
[2021-10-10 20:37:02,520] {subprocess.py:78} INFO - ++ '[' -z '' ']'
[2021-10-10 20:37:02,520] {subprocess.py:78} INFO - ++ CMAKE_PREFIX_PATH=/home/abd/root/root
[2021-10-10 20:37:02,521] {subprocess.py:78} INFO - ++ export CMAKE_PREFIX_PATH
[2021-10-10 20:37:02,521] {subprocess.py:78} INFO - ++ '[' -z '' ']'
[2021-10-10 20:37:02,521] {subprocess.py:78} INFO - ++ JUPYTER_PATH=/home/abd/root/root/etc/notebook
[2021-10-10 20:37:02,521] {subprocess.py:78} INFO - ++ export JUPYTER_PATH
[2021-10-10 20:37:02,521] {subprocess.py:78} INFO - ++ '[' -z '' ']'
[2021-10-10 20:37:02,521] {subprocess.py:78} INFO - ++ JUPYTER_CONFIG_DIR=/home/abd/root/root/etc/notebook
[2021-10-10 20:37:02,521] {subprocess.py:78} INFO - ++ export JUPYTER_CONFIG_DIR
[2021-10-10 20:37:02,521] {subprocess.py:78} INFO - ++ export CLING_STANDARD_PCH=none
[2021-10-10 20:37:02,521] {subprocess.py:78} INFO - ++ CLING_STANDARD_PCH=none
[2021-10-10 20:37:02,521] {subprocess.py:78} INFO - +++ root-config --arch
[2021-10-10 20:37:02,521] {subprocess.py:78} INFO - +++ grep -v win32gcc
[2021-10-10 20:37:02,521] {subprocess.py:78} INFO - +++ grep -i win32
[2021-10-10 20:37:02,531] {subprocess.py:78} INFO - ++ '[' x '!=' x ']'
[2021-10-10 20:37:02,531] {subprocess.py:78} INFO - ++ unset old_rootsys
[2021-10-10 20:37:02,531] {subprocess.py:78} INFO - ++ unset thisroot
[2021-10-10 20:37:02,531] {subprocess.py:78} INFO - ++ unset -f drop_from_path
[2021-10-10 20:37:02,531] {subprocess.py:78} INFO - ++ unset -f clean_environment
[2021-10-10 20:37:02,531] {subprocess.py:78} INFO - ++ unset -f set_environment
[2021-10-10 20:37:02,531] {subprocess.py:78} INFO - + pwd
[2021-10-10 20:37:02,531] {subprocess.py:78} INFO - /tmp/airflowtmpovzzm326
[2021-10-10 20:37:02,531] {subprocess.py:78} INFO - + python /home/abd/airflow/code/generatetuple.py data 20000 /home/abd/airflow/data/bsm-search/data_2.root
[2021-10-10 20:37:03,575] {subprocess.py:82} INFO - Command exited with return code 0
[2021-10-10 20:37:03,587] {taskinstance.py:1212} INFO - Marking task as SUCCESS. dag_id=main, task_id=data.generate_group_data.generate_data_2, execution_date=20211009T000000, start_date=20211010T173702, end_date=20211010T173703
[2021-10-10 20:37:03,601] {local_task_job.py:151} INFO - Task exited with return code 0
[2021-10-10 20:37:03,612] {local_task_job.py:261} INFO - 0 downstream tasks scheduled from follow-on schedule check
