[2021-10-10 17:07:53,977] {taskinstance.py:903} INFO - Dependencies all met for <TaskInstance: example_task_group_decorator.task_end 2021-10-09T00:00:00+00:00 [queued]>
[2021-10-10 17:07:54,012] {taskinstance.py:903} INFO - Dependencies all met for <TaskInstance: example_task_group_decorator.task_end 2021-10-09T00:00:00+00:00 [queued]>
[2021-10-10 17:07:54,012] {taskinstance.py:1095} INFO - 
--------------------------------------------------------------------------------
[2021-10-10 17:07:54,012] {taskinstance.py:1096} INFO - Starting attempt 1 of 1
[2021-10-10 17:07:54,012] {taskinstance.py:1097} INFO - 
--------------------------------------------------------------------------------
[2021-10-10 17:07:54,024] {taskinstance.py:1115} INFO - Executing <Task(_PythonDecoratedOperator): task_end> on 2021-10-09T00:00:00+00:00
[2021-10-10 17:07:54,025] {standard_task_runner.py:52} INFO - Started process 16163 to run task
[2021-10-10 17:07:54,029] {standard_task_runner.py:76} INFO - Running: ['airflow', 'tasks', 'run', 'example_task_group_decorator', 'task_end', '2021-10-09T00:00:00+00:00', '--job-id', '113', '--pool', 'default_pool', '--raw', '--subdir', '/usr/local/lib/python3.8/dist-packages/airflow/example_dags/example_task_group_decorator.py', '--cfg-path', '/tmp/tmpkenu23g3', '--error-file', '/tmp/tmp71r5197g']
[2021-10-10 17:07:54,029] {standard_task_runner.py:77} INFO - Job 113: Subtask task_end
[2021-10-10 17:07:54,049] {logging_mixin.py:109} INFO - Running <TaskInstance: example_task_group_decorator.task_end 2021-10-09T00:00:00+00:00 [running]> on host abd
[2021-10-10 17:07:54,074] {taskinstance.py:1252} INFO - Exporting the following env vars:
AIRFLOW_CTX_DAG_OWNER=airflow
AIRFLOW_CTX_DAG_ID=example_task_group_decorator
AIRFLOW_CTX_TASK_ID=task_end
AIRFLOW_CTX_EXECUTION_DATE=2021-10-09T00:00:00+00:00
AIRFLOW_CTX_DAG_RUN_ID=scheduled__2021-10-09T00:00:00+00:00
[2021-10-10 17:07:54,074] {logging_mixin.py:109} INFO - [ Task_End  ]
[2021-10-10 17:07:54,074] {python.py:151} INFO - Done. Returned value was: None
[2021-10-10 17:07:54,077] {taskinstance.py:1212} INFO - Marking task as SUCCESS. dag_id=example_task_group_decorator, task_id=task_end, execution_date=20211009T000000, start_date=20211010T140753, end_date=20211010T140754
[2021-10-10 17:07:54,120] {local_task_job.py:151} INFO - Task exited with return code 0
[2021-10-10 17:07:54,129] {local_task_job.py:261} INFO - 0 downstream tasks scheduled from follow-on schedule check
