[2021-10-10 19:32:52,896] {taskinstance.py:903} INFO - Dependencies all met for <TaskInstance: main.merge_hist_all.merge_hist_all_all 2021-10-10T16:30:58.729934+00:00 [queued]>
[2021-10-10 19:32:52,904] {taskinstance.py:903} INFO - Dependencies all met for <TaskInstance: main.merge_hist_all.merge_hist_all_all 2021-10-10T16:30:58.729934+00:00 [queued]>
[2021-10-10 19:32:52,904] {taskinstance.py:1095} INFO - 
--------------------------------------------------------------------------------
[2021-10-10 19:32:52,904] {taskinstance.py:1096} INFO - Starting attempt 1 of 2
[2021-10-10 19:32:52,904] {taskinstance.py:1097} INFO - 
--------------------------------------------------------------------------------
[2021-10-10 19:32:52,911] {taskinstance.py:1115} INFO - Executing <Task(BashOperator): merge_hist_all.merge_hist_all_all> on 2021-10-10T16:30:58.729934+00:00
[2021-10-10 19:32:52,914] {standard_task_runner.py:52} INFO - Started process 52612 to run task
[2021-10-10 19:32:52,917] {standard_task_runner.py:76} INFO - Running: ['airflow', 'tasks', 'run', 'main', 'merge_hist_all.merge_hist_all_all', '2021-10-10T16:30:58.729934+00:00', '--job-id', '719', '--pool', 'default_pool', '--raw', '--subdir', 'DAGS_FOLDER/main.py', '--cfg-path', '/tmp/tmp2khnm6ei', '--error-file', '/tmp/tmpjfz3m_hk']
[2021-10-10 19:32:52,918] {standard_task_runner.py:77} INFO - Job 719: Subtask merge_hist_all.merge_hist_all_all
[2021-10-10 19:32:52,939] {logging_mixin.py:109} INFO - Running <TaskInstance: main.merge_hist_all.merge_hist_all_all 2021-10-10T16:30:58.729934+00:00 [running]> on host abd
[2021-10-10 19:32:52,971] {taskinstance.py:1252} INFO - Exporting the following env vars:
AIRFLOW_CTX_DAG_OWNER=admin
AIRFLOW_CTX_DAG_ID=main
AIRFLOW_CTX_TASK_ID=merge_hist_all.merge_hist_all_all
AIRFLOW_CTX_EXECUTION_DATE=2021-10-10T16:30:58.729934+00:00
AIRFLOW_CTX_DAG_RUN_ID=manual__2021-10-10T16:30:58.729934+00:00
[2021-10-10 19:32:52,972] {subprocess.py:52} INFO - Tmp dir root location: 
 /tmp
[2021-10-10 19:32:52,972] {subprocess.py:63} INFO - Running command: ['bash', '-c', '\n            set -x\n            inputfiles=${inputfiles}\n            INPUTS=""\n            for i in ${inputfiles}; do\n            INPUTS="${INPUTS} $(printf ${base_dir}/${i})"\n            done\n            source ${thisroot}/thisroot.sh        \n            hadd -f ${base_dir}/${outputfile} ${INPUTS}\n            ']
[2021-10-10 19:32:52,976] {subprocess.py:74} INFO - Output:
[2021-10-10 19:32:52,977] {subprocess.py:78} INFO - + inputfiles='mc1_merged_hist.root mc2_merged_hist.root sig_merged_hist.root data_merged_hist.root'
[2021-10-10 19:32:52,977] {subprocess.py:78} INFO - + INPUTS=
[2021-10-10 19:32:52,977] {subprocess.py:78} INFO - + for i in ${inputfiles}
[2021-10-10 19:32:52,977] {subprocess.py:78} INFO - ++ printf /home/abd/airflow/data/bsm-search/mc1_merged_hist.root
[2021-10-10 19:32:52,977] {subprocess.py:78} INFO - + INPUTS=' /home/abd/airflow/data/bsm-search/mc1_merged_hist.root'
[2021-10-10 19:32:52,977] {subprocess.py:78} INFO - + for i in ${inputfiles}
[2021-10-10 19:32:52,978] {subprocess.py:78} INFO - ++ printf /home/abd/airflow/data/bsm-search/mc2_merged_hist.root
[2021-10-10 19:32:52,978] {subprocess.py:78} INFO - + INPUTS=' /home/abd/airflow/data/bsm-search/mc1_merged_hist.root /home/abd/airflow/data/bsm-search/mc2_merged_hist.root'
[2021-10-10 19:32:52,978] {subprocess.py:78} INFO - + for i in ${inputfiles}
[2021-10-10 19:32:52,978] {subprocess.py:78} INFO - ++ printf /home/abd/airflow/data/bsm-search/sig_merged_hist.root
[2021-10-10 19:32:52,978] {subprocess.py:78} INFO - + INPUTS=' /home/abd/airflow/data/bsm-search/mc1_merged_hist.root /home/abd/airflow/data/bsm-search/mc2_merged_hist.root /home/abd/airflow/data/bsm-search/sig_merged_hist.root'
[2021-10-10 19:32:52,978] {subprocess.py:78} INFO - + for i in ${inputfiles}
[2021-10-10 19:32:52,979] {subprocess.py:78} INFO - ++ printf /home/abd/airflow/data/bsm-search/data_merged_hist.root
[2021-10-10 19:32:52,979] {subprocess.py:78} INFO - + INPUTS=' /home/abd/airflow/data/bsm-search/mc1_merged_hist.root /home/abd/airflow/data/bsm-search/mc2_merged_hist.root /home/abd/airflow/data/bsm-search/sig_merged_hist.root /home/abd/airflow/data/bsm-search/data_merged_hist.root'
[2021-10-10 19:32:52,979] {subprocess.py:78} INFO - + source /home/abd/root/root/bin/thisroot.sh
[2021-10-10 19:32:52,980] {subprocess.py:78} INFO - ++ '[' -n '' ']'
[2021-10-10 19:32:52,980] {subprocess.py:78} INFO - ++ SOURCE=/home/abd/root/root/bin/thisroot.sh
[2021-10-10 19:32:52,980] {subprocess.py:78} INFO - ++ '[' x/home/abd/root/root/bin/thisroot.sh = x ']'
[2021-10-10 19:32:52,980] {subprocess.py:78} INFO - ++ '[' x/home/abd/root/root/bin/thisroot.sh = x ']'
[2021-10-10 19:32:52,980] {subprocess.py:78} INFO - +++ dirname /home/abd/root/root/bin/thisroot.sh
[2021-10-10 19:32:52,981] {subprocess.py:78} INFO - ++ thisroot=/home/abd/root/root/bin
[2021-10-10 19:32:52,981] {subprocess.py:78} INFO - +++ cd /home/abd/root/root/bin/..
[2021-10-10 19:32:52,981] {subprocess.py:78} INFO - +++ pwd
[2021-10-10 19:32:52,982] {subprocess.py:78} INFO - ++ ROOTSYS=/home/abd/root/root
[2021-10-10 19:32:52,982] {subprocess.py:78} INFO - ++ export ROOTSYS
[2021-10-10 19:32:52,982] {subprocess.py:78} INFO - ++ clean_environment
[2021-10-10 19:32:52,982] {subprocess.py:78} INFO - ++ '[' -n '' ']'
[2021-10-10 19:32:52,982] {subprocess.py:78} INFO - ++ '[' -z '' ']'
[2021-10-10 19:32:52,982] {subprocess.py:78} INFO - ++ command -v manpath
[2021-10-10 19:32:52,982] {subprocess.py:78} INFO - +++ manpath
[2021-10-10 19:32:52,983] {subprocess.py:78} INFO - manpath: warning: $PATH not set
[2021-10-10 19:32:52,983] {subprocess.py:78} INFO - ++ default_manpath=/usr/share/man:/usr/local/share/man
[2021-10-10 19:32:52,983] {subprocess.py:78} INFO - ++ set_environment
[2021-10-10 19:32:52,983] {subprocess.py:78} INFO - ++ '[' -z /usr/local/sbin:/usr/local/bin:/usr/sbin:/usr/bin:/sbin:/bin ']'
[2021-10-10 19:32:52,983] {subprocess.py:78} INFO - ++ PATH=/home/abd/root/root/bin:/usr/local/sbin:/usr/local/bin:/usr/sbin:/usr/bin:/sbin:/bin
[2021-10-10 19:32:52,983] {subprocess.py:78} INFO - ++ export PATH
[2021-10-10 19:32:52,983] {subprocess.py:78} INFO - ++ '[' -z '' ']'
[2021-10-10 19:32:52,983] {subprocess.py:78} INFO - ++ LD_LIBRARY_PATH=/home/abd/root/root/lib
[2021-10-10 19:32:52,984] {subprocess.py:78} INFO - ++ export LD_LIBRARY_PATH
[2021-10-10 19:32:52,984] {subprocess.py:78} INFO - ++ '[' -z '' ']'
[2021-10-10 19:32:52,984] {subprocess.py:78} INFO - ++ DYLD_LIBRARY_PATH=/home/abd/root/root/lib
[2021-10-10 19:32:52,984] {subprocess.py:78} INFO - ++ export DYLD_LIBRARY_PATH
[2021-10-10 19:32:52,984] {subprocess.py:78} INFO - ++ '[' -z '' ']'
[2021-10-10 19:32:52,984] {subprocess.py:78} INFO - ++ SHLIB_PATH=/home/abd/root/root/lib
[2021-10-10 19:32:52,984] {subprocess.py:78} INFO - ++ export SHLIB_PATH
[2021-10-10 19:32:52,984] {subprocess.py:78} INFO - ++ '[' -z '' ']'
[2021-10-10 19:32:52,984] {subprocess.py:78} INFO - ++ LIBPATH=/home/abd/root/root/lib
[2021-10-10 19:32:52,984] {subprocess.py:78} INFO - ++ export LIBPATH
[2021-10-10 19:32:52,984] {subprocess.py:78} INFO - ++ '[' -z '' ']'
[2021-10-10 19:32:52,984] {subprocess.py:78} INFO - ++ PYTHONPATH=/home/abd/root/root/lib
[2021-10-10 19:32:52,984] {subprocess.py:78} INFO - ++ export PYTHONPATH
[2021-10-10 19:32:52,984] {subprocess.py:78} INFO - ++ '[' -z '' ']'
[2021-10-10 19:32:52,984] {subprocess.py:78} INFO - ++ MANPATH=/home/abd/root/root/man:/usr/share/man:/usr/local/share/man
[2021-10-10 19:32:52,984] {subprocess.py:78} INFO - ++ export MANPATH
[2021-10-10 19:32:52,984] {subprocess.py:78} INFO - ++ '[' -z '' ']'
[2021-10-10 19:32:52,984] {subprocess.py:78} INFO - ++ CMAKE_PREFIX_PATH=/home/abd/root/root
[2021-10-10 19:32:52,984] {subprocess.py:78} INFO - ++ export CMAKE_PREFIX_PATH
[2021-10-10 19:32:52,984] {subprocess.py:78} INFO - ++ '[' -z '' ']'
[2021-10-10 19:32:52,984] {subprocess.py:78} INFO - ++ JUPYTER_PATH=/home/abd/root/root/etc/notebook
[2021-10-10 19:32:52,984] {subprocess.py:78} INFO - ++ export JUPYTER_PATH
[2021-10-10 19:32:52,985] {subprocess.py:78} INFO - ++ '[' -z '' ']'
[2021-10-10 19:32:52,985] {subprocess.py:78} INFO - ++ JUPYTER_CONFIG_DIR=/home/abd/root/root/etc/notebook
[2021-10-10 19:32:52,985] {subprocess.py:78} INFO - ++ export JUPYTER_CONFIG_DIR
[2021-10-10 19:32:52,985] {subprocess.py:78} INFO - ++ export CLING_STANDARD_PCH=none
[2021-10-10 19:32:52,985] {subprocess.py:78} INFO - ++ CLING_STANDARD_PCH=none
[2021-10-10 19:32:52,985] {subprocess.py:78} INFO - +++ root-config --arch
[2021-10-10 19:32:52,985] {subprocess.py:78} INFO - +++ grep -v win32gcc
[2021-10-10 19:32:52,986] {subprocess.py:78} INFO - +++ grep -i win32
[2021-10-10 19:32:52,999] {subprocess.py:78} INFO - ++ '[' x '!=' x ']'
[2021-10-10 19:32:52,999] {subprocess.py:78} INFO - ++ unset old_rootsys
[2021-10-10 19:32:53,000] {subprocess.py:78} INFO - ++ unset thisroot
[2021-10-10 19:32:53,000] {subprocess.py:78} INFO - ++ unset -f drop_from_path
[2021-10-10 19:32:53,000] {subprocess.py:78} INFO - ++ unset -f clean_environment
[2021-10-10 19:32:53,000] {subprocess.py:78} INFO - ++ unset -f set_environment
[2021-10-10 19:32:53,000] {subprocess.py:78} INFO - + hadd -f /home/abd/airflow/data/bsm-search/all_merged_hist.root /home/abd/airflow/data/bsm-search/mc1_merged_hist.root /home/abd/airflow/data/bsm-search/mc2_merged_hist.root /home/abd/airflow/data/bsm-search/sig_merged_hist.root /home/abd/airflow/data/bsm-search/data_merged_hist.root
[2021-10-10 19:32:53,308] {subprocess.py:78} INFO - hadd Target file: /home/abd/airflow/data/bsm-search/all_merged_hist.root
[2021-10-10 19:32:53,313] {subprocess.py:78} INFO - hadd compression setting for all output: 1
[2021-10-10 19:32:53,367] {subprocess.py:78} INFO - hadd Source file 1: /home/abd/airflow/data/bsm-search/mc1_merged_hist.root
[2021-10-10 19:32:53,386] {subprocess.py:78} INFO - hadd Source file 2: /home/abd/airflow/data/bsm-search/mc2_merged_hist.root
[2021-10-10 19:32:53,387] {subprocess.py:78} INFO - hadd Source file 3: /home/abd/airflow/data/bsm-search/sig_merged_hist.root
[2021-10-10 19:32:53,387] {subprocess.py:78} INFO - hadd Source file 4: /home/abd/airflow/data/bsm-search/data_merged_hist.root
[2021-10-10 19:32:53,387] {subprocess.py:78} INFO - hadd Target path: /home/abd/airflow/data/bsm-search/all_merged_hist.root:/
[2021-10-10 19:32:53,414] {subprocess.py:82} INFO - Command exited with return code 0
[2021-10-10 19:32:53,427] {taskinstance.py:1212} INFO - Marking task as SUCCESS. dag_id=main, task_id=merge_hist_all.merge_hist_all_all, execution_date=20211010T163058, start_date=20211010T163252, end_date=20211010T163253
[2021-10-10 19:32:53,449] {local_task_job.py:151} INFO - Task exited with return code 0
[2021-10-10 19:32:53,464] {local_task_job.py:261} INFO - 1 downstream tasks scheduled from follow-on schedule check
