[2021-10-10 18:46:52,363] {taskinstance.py:903} INFO - Dependencies all met for <TaskInstance: main.mc.mc1.scatter_group_mc1.scatter_mc1 2021-10-10T15:46:49.922127+00:00 [queued]>
[2021-10-10 18:46:52,372] {taskinstance.py:903} INFO - Dependencies all met for <TaskInstance: main.mc.mc1.scatter_group_mc1.scatter_mc1 2021-10-10T15:46:49.922127+00:00 [queued]>
[2021-10-10 18:46:52,372] {taskinstance.py:1095} INFO - 
--------------------------------------------------------------------------------
[2021-10-10 18:46:52,372] {taskinstance.py:1096} INFO - Starting attempt 1 of 2
[2021-10-10 18:46:52,372] {taskinstance.py:1097} INFO - 
--------------------------------------------------------------------------------
[2021-10-10 18:46:52,379] {taskinstance.py:1115} INFO - Executing <Task(PythonOperator): mc.mc1.scatter_group_mc1.scatter_mc1> on 2021-10-10T15:46:49.922127+00:00
[2021-10-10 18:46:52,380] {standard_task_runner.py:52} INFO - Started process 41422 to run task
[2021-10-10 18:46:52,385] {standard_task_runner.py:76} INFO - Running: ['airflow', 'tasks', 'run', 'main', 'mc.mc1.scatter_group_mc1.scatter_mc1', '2021-10-10T15:46:49.922127+00:00', '--job-id', '620', '--pool', 'default_pool', '--raw', '--subdir', 'DAGS_FOLDER/main.py', '--cfg-path', '/tmp/tmpn_d_33dy', '--error-file', '/tmp/tmp3bwjsm34']
[2021-10-10 18:46:52,385] {standard_task_runner.py:77} INFO - Job 620: Subtask mc.mc1.scatter_group_mc1.scatter_mc1
[2021-10-10 18:46:52,407] {logging_mixin.py:109} INFO - Running <TaskInstance: main.mc.mc1.scatter_group_mc1.scatter_mc1 2021-10-10T15:46:49.922127+00:00 [running]> on host abd
[2021-10-10 18:46:52,431] {taskinstance.py:1252} INFO - Exporting the following env vars:
AIRFLOW_CTX_DAG_OWNER=admin
AIRFLOW_CTX_DAG_ID=main
AIRFLOW_CTX_TASK_ID=mc.mc1.scatter_group_mc1.scatter_mc1
AIRFLOW_CTX_EXECUTION_DATE=2021-10-10T15:46:49.922127+00:00
AIRFLOW_CTX_DAG_RUN_ID=manual__2021-10-10T15:46:49.922127+00:00
[2021-10-10 18:46:52,432] {python.py:151} INFO - Done. Returned value was: None
[2021-10-10 18:46:52,436] {taskinstance.py:1212} INFO - Marking task as SUCCESS. dag_id=main, task_id=mc.mc1.scatter_group_mc1.scatter_mc1, execution_date=20211010T154649, start_date=20211010T154652, end_date=20211010T154652
[2021-10-10 18:46:52,474] {local_task_job.py:151} INFO - Task exited with return code 0
[2021-10-10 18:46:52,491] {local_task_job.py:261} INFO - 4 downstream tasks scheduled from follow-on schedule check
