[2021-10-10 17:03:56,609] {taskinstance.py:903} INFO - Dependencies all met for <TaskInstance: example_task_group_decorator.task_start 2021-10-08T00:00:00+00:00 [queued]>
[2021-10-10 17:03:56,618] {taskinstance.py:903} INFO - Dependencies all met for <TaskInstance: example_task_group_decorator.task_start 2021-10-08T00:00:00+00:00 [queued]>
[2021-10-10 17:03:56,618] {taskinstance.py:1095} INFO - 
--------------------------------------------------------------------------------
[2021-10-10 17:03:56,618] {taskinstance.py:1096} INFO - Starting attempt 1 of 1
[2021-10-10 17:03:56,618] {taskinstance.py:1097} INFO - 
--------------------------------------------------------------------------------
[2021-10-10 17:03:56,625] {taskinstance.py:1115} INFO - Executing <Task(_PythonDecoratedOperator): task_start> on 2021-10-08T00:00:00+00:00
[2021-10-10 17:03:56,626] {standard_task_runner.py:52} INFO - Started process 15326 to run task
[2021-10-10 17:03:56,630] {standard_task_runner.py:76} INFO - Running: ['airflow', 'tasks', 'run', 'example_task_group_decorator', 'task_start', '2021-10-08T00:00:00+00:00', '--job-id', '17', '--pool', 'default_pool', '--raw', '--subdir', '/usr/local/lib/python3.8/dist-packages/airflow/example_dags/example_task_group_decorator.py', '--cfg-path', '/tmp/tmpa0a9g0y3', '--error-file', '/tmp/tmpb4dvnddi']
[2021-10-10 17:03:56,631] {standard_task_runner.py:77} INFO - Job 17: Subtask task_start
[2021-10-10 17:03:56,695] {logging_mixin.py:109} INFO - Running <TaskInstance: example_task_group_decorator.task_start 2021-10-08T00:00:00+00:00 [running]> on host abd
[2021-10-10 17:03:56,718] {taskinstance.py:1252} INFO - Exporting the following env vars:
AIRFLOW_CTX_DAG_OWNER=airflow
AIRFLOW_CTX_DAG_ID=example_task_group_decorator
AIRFLOW_CTX_TASK_ID=task_start
AIRFLOW_CTX_EXECUTION_DATE=2021-10-08T00:00:00+00:00
AIRFLOW_CTX_DAG_RUN_ID=scheduled__2021-10-08T00:00:00+00:00
[2021-10-10 17:03:56,719] {python.py:151} INFO - Done. Returned value was: [Task_start]
[2021-10-10 17:03:56,729] {taskinstance.py:1212} INFO - Marking task as SUCCESS. dag_id=example_task_group_decorator, task_id=task_start, execution_date=20211008T000000, start_date=20211010T140356, end_date=20211010T140356
[2021-10-10 17:03:56,760] {local_task_job.py:151} INFO - Task exited with return code 0
[2021-10-10 17:03:56,812] {local_task_job.py:261} INFO - 0 downstream tasks scheduled from follow-on schedule check
