[2021-10-10 17:08:57,510] {taskinstance.py:903} INFO - Dependencies all met for <TaskInstance: example_task_group.section_2.inner_section_2.task_2 2021-10-09T00:00:00+00:00 [queued]>
[2021-10-10 17:08:57,515] {taskinstance.py:903} INFO - Dependencies all met for <TaskInstance: example_task_group.section_2.inner_section_2.task_2 2021-10-09T00:00:00+00:00 [queued]>
[2021-10-10 17:08:57,516] {taskinstance.py:1095} INFO - 
--------------------------------------------------------------------------------
[2021-10-10 17:08:57,516] {taskinstance.py:1096} INFO - Starting attempt 1 of 1
[2021-10-10 17:08:57,516] {taskinstance.py:1097} INFO - 
--------------------------------------------------------------------------------
[2021-10-10 17:08:57,523] {taskinstance.py:1115} INFO - Executing <Task(BashOperator): section_2.inner_section_2.task_2> on 2021-10-09T00:00:00+00:00
[2021-10-10 17:08:57,527] {standard_task_runner.py:52} INFO - Started process 16545 to run task
[2021-10-10 17:08:57,535] {standard_task_runner.py:76} INFO - Running: ['airflow', 'tasks', 'run', 'example_task_group', 'section_2.inner_section_2.task_2', '2021-10-09T00:00:00+00:00', '--job-id', '166', '--pool', 'default_pool', '--raw', '--subdir', '/usr/local/lib/python3.8/dist-packages/airflow/example_dags/example_task_group.py', '--cfg-path', '/tmp/tmpnxvstd48', '--error-file', '/tmp/tmpe7qsm_4b']
[2021-10-10 17:08:57,535] {standard_task_runner.py:77} INFO - Job 166: Subtask section_2.inner_section_2.task_2
[2021-10-10 17:08:57,563] {logging_mixin.py:109} INFO - Running <TaskInstance: example_task_group.section_2.inner_section_2.task_2 2021-10-09T00:00:00+00:00 [running]> on host abd
[2021-10-10 17:08:57,586] {taskinstance.py:1252} INFO - Exporting the following env vars:
AIRFLOW_CTX_DAG_OWNER=airflow
AIRFLOW_CTX_DAG_ID=example_task_group
AIRFLOW_CTX_TASK_ID=section_2.inner_section_2.task_2
AIRFLOW_CTX_EXECUTION_DATE=2021-10-09T00:00:00+00:00
AIRFLOW_CTX_DAG_RUN_ID=scheduled__2021-10-09T00:00:00+00:00
[2021-10-10 17:08:57,587] {subprocess.py:52} INFO - Tmp dir root location: 
 /tmp
[2021-10-10 17:08:57,587] {subprocess.py:63} INFO - Running command: ['bash', '-c', 'echo 1']
[2021-10-10 17:08:57,592] {subprocess.py:74} INFO - Output:
[2021-10-10 17:08:57,593] {subprocess.py:78} INFO - 1
[2021-10-10 17:08:57,593] {subprocess.py:82} INFO - Command exited with return code 0
[2021-10-10 17:08:57,605] {taskinstance.py:1212} INFO - Marking task as SUCCESS. dag_id=example_task_group, task_id=section_2.inner_section_2.task_2, execution_date=20211009T000000, start_date=20211010T140857, end_date=20211010T140857
[2021-10-10 17:08:57,624] {local_task_job.py:151} INFO - Task exited with return code 0
[2021-10-10 17:08:57,636] {local_task_job.py:261} INFO - 1 downstream tasks scheduled from follow-on schedule check
