[2021-10-10 17:33:19,329] {taskinstance.py:903} INFO - Dependencies all met for <TaskInstance: main.merge_hist_all.merge_hist_all_all 2021-10-09T00:00:00+00:00 [queued]>
[2021-10-10 17:33:19,337] {taskinstance.py:903} INFO - Dependencies all met for <TaskInstance: main.merge_hist_all.merge_hist_all_all 2021-10-09T00:00:00+00:00 [queued]>
[2021-10-10 17:33:19,337] {taskinstance.py:1095} INFO - 
--------------------------------------------------------------------------------
[2021-10-10 17:33:19,337] {taskinstance.py:1096} INFO - Starting attempt 1 of 2
[2021-10-10 17:33:19,337] {taskinstance.py:1097} INFO - 
--------------------------------------------------------------------------------
[2021-10-10 17:33:19,344] {taskinstance.py:1115} INFO - Executing <Task(BashOperator): merge_hist_all.merge_hist_all_all> on 2021-10-09T00:00:00+00:00
[2021-10-10 17:33:19,345] {standard_task_runner.py:52} INFO - Started process 24257 to run task
[2021-10-10 17:33:19,349] {standard_task_runner.py:76} INFO - Running: ['airflow', 'tasks', 'run', 'main', 'merge_hist_all.merge_hist_all_all', '2021-10-09T00:00:00+00:00', '--job-id', '615', '--pool', 'default_pool', '--raw', '--subdir', 'DAGS_FOLDER/main.py', '--cfg-path', '/tmp/tmpe7l21kbv', '--error-file', '/tmp/tmpkfrdq92f']
[2021-10-10 17:33:19,349] {standard_task_runner.py:77} INFO - Job 615: Subtask merge_hist_all.merge_hist_all_all
[2021-10-10 17:33:19,368] {logging_mixin.py:109} INFO - Running <TaskInstance: main.merge_hist_all.merge_hist_all_all 2021-10-09T00:00:00+00:00 [running]> on host abd
[2021-10-10 17:33:19,394] {taskinstance.py:1252} INFO - Exporting the following env vars:
AIRFLOW_CTX_DAG_OWNER=admin
AIRFLOW_CTX_DAG_ID=main
AIRFLOW_CTX_TASK_ID=merge_hist_all.merge_hist_all_all
AIRFLOW_CTX_EXECUTION_DATE=2021-10-09T00:00:00+00:00
AIRFLOW_CTX_DAG_RUN_ID=scheduled__2021-10-09T00:00:00+00:00
[2021-10-10 17:33:19,395] {subprocess.py:52} INFO - Tmp dir root location: 
 /tmp
[2021-10-10 17:33:19,395] {subprocess.py:63} INFO - Running command: ['bash', '-c', '\n            set -x\n            inputfiles=${inputfiles}\n            INPUTS=""\n            for i in ${inputfiles}; do\n            INPUTS="${INPUTS} $(printf ${base_dir}/${i})"\n            done\n            source ${thisroot}/thisroot.sh        \n            hadd -f ${base_dir}/${outputfile} ${INPUTS}\n            ']
[2021-10-10 17:33:19,399] {subprocess.py:74} INFO - Output:
[2021-10-10 17:33:19,400] {subprocess.py:78} INFO - + inputfiles='mc1_merged_hist.root mc2_merged_hist.root sig_merged_hist.root data_merged_hist.root'
[2021-10-10 17:33:19,400] {subprocess.py:78} INFO - + INPUTS=
[2021-10-10 17:33:19,400] {subprocess.py:78} INFO - + for i in ${inputfiles}
[2021-10-10 17:33:19,400] {subprocess.py:78} INFO - ++ printf /home/abd/airflow/data/bsm-search/mc1_merged_hist.root
[2021-10-10 17:33:19,401] {subprocess.py:78} INFO - + INPUTS=' /home/abd/airflow/data/bsm-search/mc1_merged_hist.root'
[2021-10-10 17:33:19,401] {subprocess.py:78} INFO - + for i in ${inputfiles}
[2021-10-10 17:33:19,401] {subprocess.py:78} INFO - ++ printf /home/abd/airflow/data/bsm-search/mc2_merged_hist.root
[2021-10-10 17:33:19,401] {subprocess.py:78} INFO - + INPUTS=' /home/abd/airflow/data/bsm-search/mc1_merged_hist.root /home/abd/airflow/data/bsm-search/mc2_merged_hist.root'
[2021-10-10 17:33:19,401] {subprocess.py:78} INFO - + for i in ${inputfiles}
[2021-10-10 17:33:19,401] {subprocess.py:78} INFO - ++ printf /home/abd/airflow/data/bsm-search/sig_merged_hist.root
[2021-10-10 17:33:19,401] {subprocess.py:78} INFO - + INPUTS=' /home/abd/airflow/data/bsm-search/mc1_merged_hist.root /home/abd/airflow/data/bsm-search/mc2_merged_hist.root /home/abd/airflow/data/bsm-search/sig_merged_hist.root'
[2021-10-10 17:33:19,402] {subprocess.py:78} INFO - + for i in ${inputfiles}
[2021-10-10 17:33:19,402] {subprocess.py:78} INFO - ++ printf /home/abd/airflow/data/bsm-search/data_merged_hist.root
[2021-10-10 17:33:19,402] {subprocess.py:78} INFO - + INPUTS=' /home/abd/airflow/data/bsm-search/mc1_merged_hist.root /home/abd/airflow/data/bsm-search/mc2_merged_hist.root /home/abd/airflow/data/bsm-search/sig_merged_hist.root /home/abd/airflow/data/bsm-search/data_merged_hist.root'
[2021-10-10 17:33:19,402] {subprocess.py:78} INFO - + source /home/abd/root/root/bin/thisroot.sh
[2021-10-10 17:33:19,404] {subprocess.py:78} INFO - ++ '[' -n '' ']'
[2021-10-10 17:33:19,404] {subprocess.py:78} INFO - ++ SOURCE=/home/abd/root/root/bin/thisroot.sh
[2021-10-10 17:33:19,404] {subprocess.py:78} INFO - ++ '[' x/home/abd/root/root/bin/thisroot.sh = x ']'
[2021-10-10 17:33:19,404] {subprocess.py:78} INFO - ++ '[' x/home/abd/root/root/bin/thisroot.sh = x ']'
[2021-10-10 17:33:19,404] {subprocess.py:78} INFO - +++ dirname /home/abd/root/root/bin/thisroot.sh
[2021-10-10 17:33:19,405] {subprocess.py:78} INFO - ++ thisroot=/home/abd/root/root/bin
[2021-10-10 17:33:19,406] {subprocess.py:78} INFO - +++ cd /home/abd/root/root/bin/..
[2021-10-10 17:33:19,407] {subprocess.py:78} INFO - +++ pwd
[2021-10-10 17:33:19,408] {subprocess.py:78} INFO - ++ ROOTSYS=/home/abd/root/root
[2021-10-10 17:33:19,408] {subprocess.py:78} INFO - ++ export ROOTSYS
[2021-10-10 17:33:19,408] {subprocess.py:78} INFO - ++ clean_environment
[2021-10-10 17:33:19,408] {subprocess.py:78} INFO - ++ '[' -n '' ']'
[2021-10-10 17:33:19,408] {subprocess.py:78} INFO - ++ '[' -z '' ']'
[2021-10-10 17:33:19,408] {subprocess.py:78} INFO - ++ command -v manpath
[2021-10-10 17:33:19,408] {subprocess.py:78} INFO - +++ manpath
[2021-10-10 17:33:19,408] {subprocess.py:78} INFO - manpath: warning: $PATH not set
[2021-10-10 17:33:19,408] {subprocess.py:78} INFO - ++ default_manpath=/usr/share/man:/usr/local/share/man
[2021-10-10 17:33:19,408] {subprocess.py:78} INFO - ++ set_environment
[2021-10-10 17:33:19,408] {subprocess.py:78} INFO - ++ '[' -z /usr/local/sbin:/usr/local/bin:/usr/sbin:/usr/bin:/sbin:/bin ']'
[2021-10-10 17:33:19,408] {subprocess.py:78} INFO - ++ PATH=/home/abd/root/root/bin:/usr/local/sbin:/usr/local/bin:/usr/sbin:/usr/bin:/sbin:/bin
[2021-10-10 17:33:19,408] {subprocess.py:78} INFO - ++ export PATH
[2021-10-10 17:33:19,408] {subprocess.py:78} INFO - ++ '[' -z '' ']'
[2021-10-10 17:33:19,408] {subprocess.py:78} INFO - ++ LD_LIBRARY_PATH=/home/abd/root/root/lib
[2021-10-10 17:33:19,408] {subprocess.py:78} INFO - ++ export LD_LIBRARY_PATH
[2021-10-10 17:33:19,408] {subprocess.py:78} INFO - ++ '[' -z '' ']'
[2021-10-10 17:33:19,409] {subprocess.py:78} INFO - ++ DYLD_LIBRARY_PATH=/home/abd/root/root/lib
[2021-10-10 17:33:19,409] {subprocess.py:78} INFO - ++ export DYLD_LIBRARY_PATH
[2021-10-10 17:33:19,409] {subprocess.py:78} INFO - ++ '[' -z '' ']'
[2021-10-10 17:33:19,409] {subprocess.py:78} INFO - ++ SHLIB_PATH=/home/abd/root/root/lib
[2021-10-10 17:33:19,409] {subprocess.py:78} INFO - ++ export SHLIB_PATH
[2021-10-10 17:33:19,409] {subprocess.py:78} INFO - ++ '[' -z '' ']'
[2021-10-10 17:33:19,409] {subprocess.py:78} INFO - ++ LIBPATH=/home/abd/root/root/lib
[2021-10-10 17:33:19,409] {subprocess.py:78} INFO - ++ export LIBPATH
[2021-10-10 17:33:19,409] {subprocess.py:78} INFO - ++ '[' -z '' ']'
[2021-10-10 17:33:19,409] {subprocess.py:78} INFO - ++ PYTHONPATH=/home/abd/root/root/lib
[2021-10-10 17:33:19,409] {subprocess.py:78} INFO - ++ export PYTHONPATH
[2021-10-10 17:33:19,409] {subprocess.py:78} INFO - ++ '[' -z '' ']'
[2021-10-10 17:33:19,409] {subprocess.py:78} INFO - ++ MANPATH=/home/abd/root/root/man:/usr/share/man:/usr/local/share/man
[2021-10-10 17:33:19,409] {subprocess.py:78} INFO - ++ export MANPATH
[2021-10-10 17:33:19,409] {subprocess.py:78} INFO - ++ '[' -z '' ']'
[2021-10-10 17:33:19,409] {subprocess.py:78} INFO - ++ CMAKE_PREFIX_PATH=/home/abd/root/root
[2021-10-10 17:33:19,409] {subprocess.py:78} INFO - ++ export CMAKE_PREFIX_PATH
[2021-10-10 17:33:19,409] {subprocess.py:78} INFO - ++ '[' -z '' ']'
[2021-10-10 17:33:19,409] {subprocess.py:78} INFO - ++ JUPYTER_PATH=/home/abd/root/root/etc/notebook
[2021-10-10 17:33:19,409] {subprocess.py:78} INFO - ++ export JUPYTER_PATH
[2021-10-10 17:33:19,409] {subprocess.py:78} INFO - ++ '[' -z '' ']'
[2021-10-10 17:33:19,409] {subprocess.py:78} INFO - ++ JUPYTER_CONFIG_DIR=/home/abd/root/root/etc/notebook
[2021-10-10 17:33:19,409] {subprocess.py:78} INFO - ++ export JUPYTER_CONFIG_DIR
[2021-10-10 17:33:19,409] {subprocess.py:78} INFO - ++ export CLING_STANDARD_PCH=none
[2021-10-10 17:33:19,410] {subprocess.py:78} INFO - ++ CLING_STANDARD_PCH=none
[2021-10-10 17:33:19,410] {subprocess.py:78} INFO - +++ root-config --arch
[2021-10-10 17:33:19,410] {subprocess.py:78} INFO - +++ grep -v win32gcc
[2021-10-10 17:33:19,410] {subprocess.py:78} INFO - +++ grep -i win32
[2021-10-10 17:33:19,419] {subprocess.py:78} INFO - ++ '[' x '!=' x ']'
[2021-10-10 17:33:19,420] {subprocess.py:78} INFO - ++ unset old_rootsys
[2021-10-10 17:33:19,420] {subprocess.py:78} INFO - ++ unset thisroot
[2021-10-10 17:33:19,420] {subprocess.py:78} INFO - ++ unset -f drop_from_path
[2021-10-10 17:33:19,420] {subprocess.py:78} INFO - ++ unset -f clean_environment
[2021-10-10 17:33:19,420] {subprocess.py:78} INFO - ++ unset -f set_environment
[2021-10-10 17:33:19,420] {subprocess.py:78} INFO - + hadd -f /home/abd/airflow/data/bsm-search/all_merged_hist.root /home/abd/airflow/data/bsm-search/mc1_merged_hist.root /home/abd/airflow/data/bsm-search/mc2_merged_hist.root /home/abd/airflow/data/bsm-search/sig_merged_hist.root /home/abd/airflow/data/bsm-search/data_merged_hist.root
[2021-10-10 17:33:19,677] {subprocess.py:78} INFO - hadd Target file: /home/abd/airflow/data/bsm-search/all_merged_hist.root
[2021-10-10 17:33:19,682] {subprocess.py:78} INFO - hadd compression setting for all output: 1
[2021-10-10 17:33:19,730] {subprocess.py:78} INFO - hadd Source file 1: /home/abd/airflow/data/bsm-search/mc1_merged_hist.root
[2021-10-10 17:33:19,754] {subprocess.py:78} INFO - hadd Source file 2: /home/abd/airflow/data/bsm-search/mc2_merged_hist.root
[2021-10-10 17:33:19,755] {subprocess.py:78} INFO - hadd Source file 3: /home/abd/airflow/data/bsm-search/sig_merged_hist.root
[2021-10-10 17:33:19,755] {subprocess.py:78} INFO - hadd Source file 4: /home/abd/airflow/data/bsm-search/data_merged_hist.root
[2021-10-10 17:33:19,755] {subprocess.py:78} INFO - hadd Target path: /home/abd/airflow/data/bsm-search/all_merged_hist.root:/
[2021-10-10 17:33:19,777] {subprocess.py:82} INFO - Command exited with return code 0
[2021-10-10 17:33:19,789] {taskinstance.py:1212} INFO - Marking task as SUCCESS. dag_id=main, task_id=merge_hist_all.merge_hist_all_all, execution_date=20211009T000000, start_date=20211010T143319, end_date=20211010T143319
[2021-10-10 17:33:19,800] {local_task_job.py:151} INFO - Task exited with return code 0
[2021-10-10 17:33:19,813] {local_task_job.py:261} INFO - 1 downstream tasks scheduled from follow-on schedule check
[2021-10-10 19:37:57,197] {taskinstance.py:903} INFO - Dependencies all met for <TaskInstance: main.merge_hist_all.merge_hist_all_all 2021-10-09T00:00:00+00:00 [queued]>
[2021-10-10 19:37:57,204] {taskinstance.py:903} INFO - Dependencies all met for <TaskInstance: main.merge_hist_all.merge_hist_all_all 2021-10-09T00:00:00+00:00 [queued]>
[2021-10-10 19:37:57,204] {taskinstance.py:1095} INFO - 
--------------------------------------------------------------------------------
[2021-10-10 19:37:57,204] {taskinstance.py:1096} INFO - Starting attempt 1 of 2
[2021-10-10 19:37:57,204] {taskinstance.py:1097} INFO - 
--------------------------------------------------------------------------------
[2021-10-10 19:37:57,211] {taskinstance.py:1115} INFO - Executing <Task(BashOperator): merge_hist_all.merge_hist_all_all> on 2021-10-09T00:00:00+00:00
[2021-10-10 19:37:57,213] {standard_task_runner.py:52} INFO - Started process 57864 to run task
[2021-10-10 19:37:57,216] {standard_task_runner.py:76} INFO - Running: ['airflow', 'tasks', 'run', 'main', 'merge_hist_all.merge_hist_all_all', '2021-10-09T00:00:00+00:00', '--job-id', '615', '--pool', 'default_pool', '--raw', '--subdir', 'DAGS_FOLDER/main.py', '--cfg-path', '/tmp/tmpswp5ij7c', '--error-file', '/tmp/tmpnthbh7_x']
[2021-10-10 19:37:57,216] {standard_task_runner.py:77} INFO - Job 615: Subtask merge_hist_all.merge_hist_all_all
[2021-10-10 19:37:57,259] {logging_mixin.py:109} INFO - Running <TaskInstance: main.merge_hist_all.merge_hist_all_all 2021-10-09T00:00:00+00:00 [running]> on host abd
[2021-10-10 19:37:57,285] {taskinstance.py:1252} INFO - Exporting the following env vars:
AIRFLOW_CTX_DAG_OWNER=admin
AIRFLOW_CTX_DAG_ID=main
AIRFLOW_CTX_TASK_ID=merge_hist_all.merge_hist_all_all
AIRFLOW_CTX_EXECUTION_DATE=2021-10-09T00:00:00+00:00
AIRFLOW_CTX_DAG_RUN_ID=scheduled__2021-10-09T00:00:00+00:00
[2021-10-10 19:37:57,285] {subprocess.py:52} INFO - Tmp dir root location: 
 /tmp
[2021-10-10 19:37:57,286] {subprocess.py:63} INFO - Running command: ['bash', '-c', '\n            set -x\n            inputfiles=${inputfiles}\n            INPUTS=""\n            for i in ${inputfiles}; do\n            INPUTS="${INPUTS} $(printf ${base_dir}/${i})"\n            done\n            source ${thisroot}/thisroot.sh        \n            hadd -f ${base_dir}/${outputfile} ${INPUTS}\n            ']
[2021-10-10 19:37:57,290] {subprocess.py:74} INFO - Output:
[2021-10-10 19:37:57,290] {subprocess.py:78} INFO - + inputfiles='mc1_merged_hist.root mc2_merged_hist.root sig_merged_hist.root data_merged_hist.root'
[2021-10-10 19:37:57,290] {subprocess.py:78} INFO - + INPUTS=
[2021-10-10 19:37:57,290] {subprocess.py:78} INFO - + for i in ${inputfiles}
[2021-10-10 19:37:57,291] {subprocess.py:78} INFO - ++ printf /home/abd/airflow/data/bsm-search/mc1_merged_hist.root
[2021-10-10 19:37:57,291] {subprocess.py:78} INFO - + INPUTS=' /home/abd/airflow/data/bsm-search/mc1_merged_hist.root'
[2021-10-10 19:37:57,291] {subprocess.py:78} INFO - + for i in ${inputfiles}
[2021-10-10 19:37:57,291] {subprocess.py:78} INFO - ++ printf /home/abd/airflow/data/bsm-search/mc2_merged_hist.root
[2021-10-10 19:37:57,291] {subprocess.py:78} INFO - + INPUTS=' /home/abd/airflow/data/bsm-search/mc1_merged_hist.root /home/abd/airflow/data/bsm-search/mc2_merged_hist.root'
[2021-10-10 19:37:57,291] {subprocess.py:78} INFO - + for i in ${inputfiles}
[2021-10-10 19:37:57,291] {subprocess.py:78} INFO - ++ printf /home/abd/airflow/data/bsm-search/sig_merged_hist.root
[2021-10-10 19:37:57,292] {subprocess.py:78} INFO - + INPUTS=' /home/abd/airflow/data/bsm-search/mc1_merged_hist.root /home/abd/airflow/data/bsm-search/mc2_merged_hist.root /home/abd/airflow/data/bsm-search/sig_merged_hist.root'
[2021-10-10 19:37:57,292] {subprocess.py:78} INFO - + for i in ${inputfiles}
[2021-10-10 19:37:57,292] {subprocess.py:78} INFO - ++ printf /home/abd/airflow/data/bsm-search/data_merged_hist.root
[2021-10-10 19:37:57,292] {subprocess.py:78} INFO - + INPUTS=' /home/abd/airflow/data/bsm-search/mc1_merged_hist.root /home/abd/airflow/data/bsm-search/mc2_merged_hist.root /home/abd/airflow/data/bsm-search/sig_merged_hist.root /home/abd/airflow/data/bsm-search/data_merged_hist.root'
[2021-10-10 19:37:57,292] {subprocess.py:78} INFO - + source /home/abd/root/root/bin/thisroot.sh
[2021-10-10 19:37:57,293] {subprocess.py:78} INFO - ++ '[' -n '' ']'
[2021-10-10 19:37:57,293] {subprocess.py:78} INFO - ++ SOURCE=/home/abd/root/root/bin/thisroot.sh
[2021-10-10 19:37:57,293] {subprocess.py:78} INFO - ++ '[' x/home/abd/root/root/bin/thisroot.sh = x ']'
[2021-10-10 19:37:57,293] {subprocess.py:78} INFO - ++ '[' x/home/abd/root/root/bin/thisroot.sh = x ']'
[2021-10-10 19:37:57,293] {subprocess.py:78} INFO - +++ dirname /home/abd/root/root/bin/thisroot.sh
[2021-10-10 19:37:57,293] {subprocess.py:78} INFO - ++ thisroot=/home/abd/root/root/bin
[2021-10-10 19:37:57,294] {subprocess.py:78} INFO - +++ cd /home/abd/root/root/bin/..
[2021-10-10 19:37:57,294] {subprocess.py:78} INFO - +++ pwd
[2021-10-10 19:37:57,294] {subprocess.py:78} INFO - ++ ROOTSYS=/home/abd/root/root
[2021-10-10 19:37:57,294] {subprocess.py:78} INFO - ++ export ROOTSYS
[2021-10-10 19:37:57,294] {subprocess.py:78} INFO - ++ clean_environment
[2021-10-10 19:37:57,294] {subprocess.py:78} INFO - ++ '[' -n '' ']'
[2021-10-10 19:37:57,294] {subprocess.py:78} INFO - ++ '[' -z '' ']'
[2021-10-10 19:37:57,294] {subprocess.py:78} INFO - ++ command -v manpath
[2021-10-10 19:37:57,294] {subprocess.py:78} INFO - +++ manpath
[2021-10-10 19:37:57,295] {subprocess.py:78} INFO - manpath: warning: $PATH not set
[2021-10-10 19:37:57,295] {subprocess.py:78} INFO - ++ default_manpath=/usr/share/man:/usr/local/share/man
[2021-10-10 19:37:57,295] {subprocess.py:78} INFO - ++ set_environment
[2021-10-10 19:37:57,295] {subprocess.py:78} INFO - ++ '[' -z /usr/local/sbin:/usr/local/bin:/usr/sbin:/usr/bin:/sbin:/bin ']'
[2021-10-10 19:37:57,295] {subprocess.py:78} INFO - ++ PATH=/home/abd/root/root/bin:/usr/local/sbin:/usr/local/bin:/usr/sbin:/usr/bin:/sbin:/bin
[2021-10-10 19:37:57,296] {subprocess.py:78} INFO - ++ export PATH
[2021-10-10 19:37:57,296] {subprocess.py:78} INFO - ++ '[' -z '' ']'
[2021-10-10 19:37:57,296] {subprocess.py:78} INFO - ++ LD_LIBRARY_PATH=/home/abd/root/root/lib
[2021-10-10 19:37:57,296] {subprocess.py:78} INFO - ++ export LD_LIBRARY_PATH
[2021-10-10 19:37:57,296] {subprocess.py:78} INFO - ++ '[' -z '' ']'
[2021-10-10 19:37:57,296] {subprocess.py:78} INFO - ++ DYLD_LIBRARY_PATH=/home/abd/root/root/lib
[2021-10-10 19:37:57,296] {subprocess.py:78} INFO - ++ export DYLD_LIBRARY_PATH
[2021-10-10 19:37:57,296] {subprocess.py:78} INFO - ++ '[' -z '' ']'
[2021-10-10 19:37:57,296] {subprocess.py:78} INFO - ++ SHLIB_PATH=/home/abd/root/root/lib
[2021-10-10 19:37:57,296] {subprocess.py:78} INFO - ++ export SHLIB_PATH
[2021-10-10 19:37:57,296] {subprocess.py:78} INFO - ++ '[' -z '' ']'
[2021-10-10 19:37:57,296] {subprocess.py:78} INFO - ++ LIBPATH=/home/abd/root/root/lib
[2021-10-10 19:37:57,296] {subprocess.py:78} INFO - ++ export LIBPATH
[2021-10-10 19:37:57,296] {subprocess.py:78} INFO - ++ '[' -z '' ']'
[2021-10-10 19:37:57,296] {subprocess.py:78} INFO - ++ PYTHONPATH=/home/abd/root/root/lib
[2021-10-10 19:37:57,296] {subprocess.py:78} INFO - ++ export PYTHONPATH
[2021-10-10 19:37:57,296] {subprocess.py:78} INFO - ++ '[' -z '' ']'
[2021-10-10 19:37:57,296] {subprocess.py:78} INFO - ++ MANPATH=/home/abd/root/root/man:/usr/share/man:/usr/local/share/man
[2021-10-10 19:37:57,296] {subprocess.py:78} INFO - ++ export MANPATH
[2021-10-10 19:37:57,296] {subprocess.py:78} INFO - ++ '[' -z '' ']'
[2021-10-10 19:37:57,296] {subprocess.py:78} INFO - ++ CMAKE_PREFIX_PATH=/home/abd/root/root
[2021-10-10 19:37:57,296] {subprocess.py:78} INFO - ++ export CMAKE_PREFIX_PATH
[2021-10-10 19:37:57,296] {subprocess.py:78} INFO - ++ '[' -z '' ']'
[2021-10-10 19:37:57,296] {subprocess.py:78} INFO - ++ JUPYTER_PATH=/home/abd/root/root/etc/notebook
[2021-10-10 19:37:57,296] {subprocess.py:78} INFO - ++ export JUPYTER_PATH
[2021-10-10 19:37:57,296] {subprocess.py:78} INFO - ++ '[' -z '' ']'
[2021-10-10 19:37:57,296] {subprocess.py:78} INFO - ++ JUPYTER_CONFIG_DIR=/home/abd/root/root/etc/notebook
[2021-10-10 19:37:57,297] {subprocess.py:78} INFO - ++ export JUPYTER_CONFIG_DIR
[2021-10-10 19:37:57,297] {subprocess.py:78} INFO - ++ export CLING_STANDARD_PCH=none
[2021-10-10 19:37:57,297] {subprocess.py:78} INFO - ++ CLING_STANDARD_PCH=none
[2021-10-10 19:37:57,297] {subprocess.py:78} INFO - +++ root-config --arch
[2021-10-10 19:37:57,297] {subprocess.py:78} INFO - +++ grep -v win32gcc
[2021-10-10 19:37:57,297] {subprocess.py:78} INFO - +++ grep -i win32
[2021-10-10 19:37:57,307] {subprocess.py:78} INFO - ++ '[' x '!=' x ']'
[2021-10-10 19:37:57,307] {subprocess.py:78} INFO - ++ unset old_rootsys
[2021-10-10 19:37:57,307] {subprocess.py:78} INFO - ++ unset thisroot
[2021-10-10 19:37:57,307] {subprocess.py:78} INFO - ++ unset -f drop_from_path
[2021-10-10 19:37:57,307] {subprocess.py:78} INFO - ++ unset -f clean_environment
[2021-10-10 19:37:57,307] {subprocess.py:78} INFO - ++ unset -f set_environment
[2021-10-10 19:37:57,307] {subprocess.py:78} INFO - + hadd -f /home/abd/airflow/data/bsm-search/all_merged_hist.root /home/abd/airflow/data/bsm-search/mc1_merged_hist.root /home/abd/airflow/data/bsm-search/mc2_merged_hist.root /home/abd/airflow/data/bsm-search/sig_merged_hist.root /home/abd/airflow/data/bsm-search/data_merged_hist.root
[2021-10-10 19:37:57,561] {subprocess.py:78} INFO - hadd Target file: /home/abd/airflow/data/bsm-search/all_merged_hist.root
[2021-10-10 19:37:57,566] {subprocess.py:78} INFO - hadd compression setting for all output: 1
[2021-10-10 19:37:57,622] {subprocess.py:78} INFO - hadd Source file 1: /home/abd/airflow/data/bsm-search/mc1_merged_hist.root
[2021-10-10 19:37:57,646] {subprocess.py:78} INFO - hadd Source file 2: /home/abd/airflow/data/bsm-search/mc2_merged_hist.root
[2021-10-10 19:37:57,646] {subprocess.py:78} INFO - hadd Source file 3: /home/abd/airflow/data/bsm-search/sig_merged_hist.root
[2021-10-10 19:37:57,647] {subprocess.py:78} INFO - hadd Source file 4: /home/abd/airflow/data/bsm-search/data_merged_hist.root
[2021-10-10 19:37:57,647] {subprocess.py:78} INFO - hadd Target path: /home/abd/airflow/data/bsm-search/all_merged_hist.root:/
[2021-10-10 19:37:57,668] {subprocess.py:82} INFO - Command exited with return code 0
[2021-10-10 19:37:57,679] {taskinstance.py:1212} INFO - Marking task as SUCCESS. dag_id=main, task_id=merge_hist_all.merge_hist_all_all, execution_date=20211009T000000, start_date=20211010T163757, end_date=20211010T163757
[2021-10-10 19:37:57,708] {local_task_job.py:151} INFO - Task exited with return code 0
[2021-10-10 19:37:57,723] {local_task_job.py:261} INFO - 1 downstream tasks scheduled from follow-on schedule check
[2021-10-10 19:47:35,075] {taskinstance.py:903} INFO - Dependencies all met for <TaskInstance: main.merge_hist_all.merge_hist_all_all 2021-10-09T00:00:00+00:00 [queued]>
[2021-10-10 19:47:35,081] {taskinstance.py:903} INFO - Dependencies all met for <TaskInstance: main.merge_hist_all.merge_hist_all_all 2021-10-09T00:00:00+00:00 [queued]>
[2021-10-10 19:47:35,081] {taskinstance.py:1095} INFO - 
--------------------------------------------------------------------------------
[2021-10-10 19:47:35,081] {taskinstance.py:1096} INFO - Starting attempt 1 of 2
[2021-10-10 19:47:35,081] {taskinstance.py:1097} INFO - 
--------------------------------------------------------------------------------
[2021-10-10 19:47:35,088] {taskinstance.py:1115} INFO - Executing <Task(BashOperator): merge_hist_all.merge_hist_all_all> on 2021-10-09T00:00:00+00:00
[2021-10-10 19:47:35,090] {standard_task_runner.py:52} INFO - Started process 61027 to run task
[2021-10-10 19:47:35,093] {standard_task_runner.py:76} INFO - Running: ['airflow', 'tasks', 'run', 'main', 'merge_hist_all.merge_hist_all_all', '2021-10-09T00:00:00+00:00', '--job-id', '615', '--pool', 'default_pool', '--raw', '--subdir', 'DAGS_FOLDER/main.py', '--cfg-path', '/tmp/tmpfd3asyfk', '--error-file', '/tmp/tmpi1p17nbm']
[2021-10-10 19:47:35,093] {standard_task_runner.py:77} INFO - Job 615: Subtask merge_hist_all.merge_hist_all_all
[2021-10-10 19:47:35,112] {logging_mixin.py:109} INFO - Running <TaskInstance: main.merge_hist_all.merge_hist_all_all 2021-10-09T00:00:00+00:00 [running]> on host abd
[2021-10-10 19:47:35,136] {taskinstance.py:1252} INFO - Exporting the following env vars:
AIRFLOW_CTX_DAG_OWNER=admin
AIRFLOW_CTX_DAG_ID=main
AIRFLOW_CTX_TASK_ID=merge_hist_all.merge_hist_all_all
AIRFLOW_CTX_EXECUTION_DATE=2021-10-09T00:00:00+00:00
AIRFLOW_CTX_DAG_RUN_ID=scheduled__2021-10-09T00:00:00+00:00
[2021-10-10 19:47:35,136] {subprocess.py:52} INFO - Tmp dir root location: 
 /tmp
[2021-10-10 19:47:35,136] {subprocess.py:63} INFO - Running command: ['bash', '-c', '\n            set -x\n            inputfiles=${inputfiles}\n            INPUTS=""\n            for i in ${inputfiles}; do\n            INPUTS="${INPUTS} $(printf ${base_dir}/${i})"\n            done\n            source ${thisroot}/thisroot.sh        \n            hadd -f ${base_dir}/${outputfile} ${INPUTS}\n            ']
[2021-10-10 19:47:35,140] {subprocess.py:74} INFO - Output:
[2021-10-10 19:47:35,141] {subprocess.py:78} INFO - + inputfiles='mc1_merged_hist.root mc2_merged_hist.root sig_merged_hist.root data_merged_hist.root'
[2021-10-10 19:47:35,141] {subprocess.py:78} INFO - + INPUTS=
[2021-10-10 19:47:35,141] {subprocess.py:78} INFO - + for i in ${inputfiles}
[2021-10-10 19:47:35,141] {subprocess.py:78} INFO - ++ printf /home/abd/airflow/data/bsm-search/mc1_merged_hist.root
[2021-10-10 19:47:35,141] {subprocess.py:78} INFO - + INPUTS=' /home/abd/airflow/data/bsm-search/mc1_merged_hist.root'
[2021-10-10 19:47:35,141] {subprocess.py:78} INFO - + for i in ${inputfiles}
[2021-10-10 19:47:35,141] {subprocess.py:78} INFO - ++ printf /home/abd/airflow/data/bsm-search/mc2_merged_hist.root
[2021-10-10 19:47:35,142] {subprocess.py:78} INFO - + INPUTS=' /home/abd/airflow/data/bsm-search/mc1_merged_hist.root /home/abd/airflow/data/bsm-search/mc2_merged_hist.root'
[2021-10-10 19:47:35,142] {subprocess.py:78} INFO - + for i in ${inputfiles}
[2021-10-10 19:47:35,142] {subprocess.py:78} INFO - ++ printf /home/abd/airflow/data/bsm-search/sig_merged_hist.root
[2021-10-10 19:47:35,142] {subprocess.py:78} INFO - + INPUTS=' /home/abd/airflow/data/bsm-search/mc1_merged_hist.root /home/abd/airflow/data/bsm-search/mc2_merged_hist.root /home/abd/airflow/data/bsm-search/sig_merged_hist.root'
[2021-10-10 19:47:35,142] {subprocess.py:78} INFO - + for i in ${inputfiles}
[2021-10-10 19:47:35,142] {subprocess.py:78} INFO - ++ printf /home/abd/airflow/data/bsm-search/data_merged_hist.root
[2021-10-10 19:47:35,142] {subprocess.py:78} INFO - + INPUTS=' /home/abd/airflow/data/bsm-search/mc1_merged_hist.root /home/abd/airflow/data/bsm-search/mc2_merged_hist.root /home/abd/airflow/data/bsm-search/sig_merged_hist.root /home/abd/airflow/data/bsm-search/data_merged_hist.root'
[2021-10-10 19:47:35,142] {subprocess.py:78} INFO - + source /home/abd/root/root/bin/thisroot.sh
[2021-10-10 19:47:35,143] {subprocess.py:78} INFO - ++ '[' -n '' ']'
[2021-10-10 19:47:35,143] {subprocess.py:78} INFO - ++ SOURCE=/home/abd/root/root/bin/thisroot.sh
[2021-10-10 19:47:35,143] {subprocess.py:78} INFO - ++ '[' x/home/abd/root/root/bin/thisroot.sh = x ']'
[2021-10-10 19:47:35,143] {subprocess.py:78} INFO - ++ '[' x/home/abd/root/root/bin/thisroot.sh = x ']'
[2021-10-10 19:47:35,143] {subprocess.py:78} INFO - +++ dirname /home/abd/root/root/bin/thisroot.sh
[2021-10-10 19:47:35,144] {subprocess.py:78} INFO - ++ thisroot=/home/abd/root/root/bin
[2021-10-10 19:47:35,144] {subprocess.py:78} INFO - +++ cd /home/abd/root/root/bin/..
[2021-10-10 19:47:35,144] {subprocess.py:78} INFO - +++ pwd
[2021-10-10 19:47:35,144] {subprocess.py:78} INFO - ++ ROOTSYS=/home/abd/root/root
[2021-10-10 19:47:35,144] {subprocess.py:78} INFO - ++ export ROOTSYS
[2021-10-10 19:47:35,144] {subprocess.py:78} INFO - ++ clean_environment
[2021-10-10 19:47:35,144] {subprocess.py:78} INFO - ++ '[' -n '' ']'
[2021-10-10 19:47:35,144] {subprocess.py:78} INFO - ++ '[' -z '' ']'
[2021-10-10 19:47:35,144] {subprocess.py:78} INFO - ++ command -v manpath
[2021-10-10 19:47:35,144] {subprocess.py:78} INFO - +++ manpath
[2021-10-10 19:47:35,145] {subprocess.py:78} INFO - manpath: warning: $PATH not set
[2021-10-10 19:47:35,145] {subprocess.py:78} INFO - ++ default_manpath=/usr/share/man:/usr/local/share/man
[2021-10-10 19:47:35,145] {subprocess.py:78} INFO - ++ set_environment
[2021-10-10 19:47:35,145] {subprocess.py:78} INFO - ++ '[' -z /usr/local/sbin:/usr/local/bin:/usr/sbin:/usr/bin:/sbin:/bin ']'
[2021-10-10 19:47:35,146] {subprocess.py:78} INFO - ++ PATH=/home/abd/root/root/bin:/usr/local/sbin:/usr/local/bin:/usr/sbin:/usr/bin:/sbin:/bin
[2021-10-10 19:47:35,146] {subprocess.py:78} INFO - ++ export PATH
[2021-10-10 19:47:35,146] {subprocess.py:78} INFO - ++ '[' -z '' ']'
[2021-10-10 19:47:35,146] {subprocess.py:78} INFO - ++ LD_LIBRARY_PATH=/home/abd/root/root/lib
[2021-10-10 19:47:35,146] {subprocess.py:78} INFO - ++ export LD_LIBRARY_PATH
[2021-10-10 19:47:35,146] {subprocess.py:78} INFO - ++ '[' -z '' ']'
[2021-10-10 19:47:35,146] {subprocess.py:78} INFO - ++ DYLD_LIBRARY_PATH=/home/abd/root/root/lib
[2021-10-10 19:47:35,146] {subprocess.py:78} INFO - ++ export DYLD_LIBRARY_PATH
[2021-10-10 19:47:35,146] {subprocess.py:78} INFO - ++ '[' -z '' ']'
[2021-10-10 19:47:35,146] {subprocess.py:78} INFO - ++ SHLIB_PATH=/home/abd/root/root/lib
[2021-10-10 19:47:35,146] {subprocess.py:78} INFO - ++ export SHLIB_PATH
[2021-10-10 19:47:35,146] {subprocess.py:78} INFO - ++ '[' -z '' ']'
[2021-10-10 19:47:35,146] {subprocess.py:78} INFO - ++ LIBPATH=/home/abd/root/root/lib
[2021-10-10 19:47:35,146] {subprocess.py:78} INFO - ++ export LIBPATH
[2021-10-10 19:47:35,146] {subprocess.py:78} INFO - ++ '[' -z '' ']'
[2021-10-10 19:47:35,146] {subprocess.py:78} INFO - ++ PYTHONPATH=/home/abd/root/root/lib
[2021-10-10 19:47:35,146] {subprocess.py:78} INFO - ++ export PYTHONPATH
[2021-10-10 19:47:35,146] {subprocess.py:78} INFO - ++ '[' -z '' ']'
[2021-10-10 19:47:35,146] {subprocess.py:78} INFO - ++ MANPATH=/home/abd/root/root/man:/usr/share/man:/usr/local/share/man
[2021-10-10 19:47:35,146] {subprocess.py:78} INFO - ++ export MANPATH
[2021-10-10 19:47:35,146] {subprocess.py:78} INFO - ++ '[' -z '' ']'
[2021-10-10 19:47:35,146] {subprocess.py:78} INFO - ++ CMAKE_PREFIX_PATH=/home/abd/root/root
[2021-10-10 19:47:35,146] {subprocess.py:78} INFO - ++ export CMAKE_PREFIX_PATH
[2021-10-10 19:47:35,146] {subprocess.py:78} INFO - ++ '[' -z '' ']'
[2021-10-10 19:47:35,147] {subprocess.py:78} INFO - ++ JUPYTER_PATH=/home/abd/root/root/etc/notebook
[2021-10-10 19:47:35,147] {subprocess.py:78} INFO - ++ export JUPYTER_PATH
[2021-10-10 19:47:35,147] {subprocess.py:78} INFO - ++ '[' -z '' ']'
[2021-10-10 19:47:35,147] {subprocess.py:78} INFO - ++ JUPYTER_CONFIG_DIR=/home/abd/root/root/etc/notebook
[2021-10-10 19:47:35,147] {subprocess.py:78} INFO - ++ export JUPYTER_CONFIG_DIR
[2021-10-10 19:47:35,147] {subprocess.py:78} INFO - ++ export CLING_STANDARD_PCH=none
[2021-10-10 19:47:35,147] {subprocess.py:78} INFO - ++ CLING_STANDARD_PCH=none
[2021-10-10 19:47:35,147] {subprocess.py:78} INFO - +++ root-config --arch
[2021-10-10 19:47:35,147] {subprocess.py:78} INFO - +++ grep -v win32gcc
[2021-10-10 19:47:35,147] {subprocess.py:78} INFO - +++ grep -i win32
[2021-10-10 19:47:35,157] {subprocess.py:78} INFO - ++ '[' x '!=' x ']'
[2021-10-10 19:47:35,157] {subprocess.py:78} INFO - ++ unset old_rootsys
[2021-10-10 19:47:35,157] {subprocess.py:78} INFO - ++ unset thisroot
[2021-10-10 19:47:35,157] {subprocess.py:78} INFO - ++ unset -f drop_from_path
[2021-10-10 19:47:35,157] {subprocess.py:78} INFO - ++ unset -f clean_environment
[2021-10-10 19:47:35,157] {subprocess.py:78} INFO - ++ unset -f set_environment
[2021-10-10 19:47:35,157] {subprocess.py:78} INFO - + hadd -f /home/abd/airflow/data/bsm-search/all_merged_hist.root /home/abd/airflow/data/bsm-search/mc1_merged_hist.root /home/abd/airflow/data/bsm-search/mc2_merged_hist.root /home/abd/airflow/data/bsm-search/sig_merged_hist.root /home/abd/airflow/data/bsm-search/data_merged_hist.root
[2021-10-10 19:47:35,414] {subprocess.py:78} INFO - hadd Target file: /home/abd/airflow/data/bsm-search/all_merged_hist.root
[2021-10-10 19:47:35,419] {subprocess.py:78} INFO - hadd compression setting for all output: 1
[2021-10-10 19:47:35,466] {subprocess.py:78} INFO - hadd Source file 1: /home/abd/airflow/data/bsm-search/mc1_merged_hist.root
[2021-10-10 19:47:35,482] {subprocess.py:78} INFO - hadd Source file 2: /home/abd/airflow/data/bsm-search/mc2_merged_hist.root
[2021-10-10 19:47:35,482] {subprocess.py:78} INFO - hadd Source file 3: /home/abd/airflow/data/bsm-search/sig_merged_hist.root
[2021-10-10 19:47:35,483] {subprocess.py:78} INFO - hadd Source file 4: /home/abd/airflow/data/bsm-search/data_merged_hist.root
[2021-10-10 19:47:35,483] {subprocess.py:78} INFO - hadd Target path: /home/abd/airflow/data/bsm-search/all_merged_hist.root:/
[2021-10-10 19:47:35,503] {subprocess.py:82} INFO - Command exited with return code 0
[2021-10-10 19:47:35,514] {taskinstance.py:1212} INFO - Marking task as SUCCESS. dag_id=main, task_id=merge_hist_all.merge_hist_all_all, execution_date=20211009T000000, start_date=20211010T164735, end_date=20211010T164735
[2021-10-10 19:47:35,545] {local_task_job.py:151} INFO - Task exited with return code 0
[2021-10-10 19:47:35,557] {local_task_job.py:261} INFO - 1 downstream tasks scheduled from follow-on schedule check
[2021-10-10 19:57:27,924] {taskinstance.py:903} INFO - Dependencies all met for <TaskInstance: main.merge_hist_all.merge_hist_all_all 2021-10-09T00:00:00+00:00 [queued]>
[2021-10-10 19:57:27,931] {taskinstance.py:903} INFO - Dependencies all met for <TaskInstance: main.merge_hist_all.merge_hist_all_all 2021-10-09T00:00:00+00:00 [queued]>
[2021-10-10 19:57:27,931] {taskinstance.py:1095} INFO - 
--------------------------------------------------------------------------------
[2021-10-10 19:57:27,931] {taskinstance.py:1096} INFO - Starting attempt 1 of 2
[2021-10-10 19:57:27,931] {taskinstance.py:1097} INFO - 
--------------------------------------------------------------------------------
[2021-10-10 19:57:27,939] {taskinstance.py:1115} INFO - Executing <Task(BashOperator): merge_hist_all.merge_hist_all_all> on 2021-10-09T00:00:00+00:00
[2021-10-10 19:57:27,940] {standard_task_runner.py:52} INFO - Started process 64668 to run task
[2021-10-10 19:57:27,943] {standard_task_runner.py:76} INFO - Running: ['airflow', 'tasks', 'run', 'main', 'merge_hist_all.merge_hist_all_all', '2021-10-09T00:00:00+00:00', '--job-id', '616', '--pool', 'default_pool', '--raw', '--subdir', 'DAGS_FOLDER/main.py', '--cfg-path', '/tmp/tmpi80a_pn5', '--error-file', '/tmp/tmp481ik_ty']
[2021-10-10 19:57:27,944] {standard_task_runner.py:77} INFO - Job 616: Subtask merge_hist_all.merge_hist_all_all
[2021-10-10 19:57:27,963] {logging_mixin.py:109} INFO - Running <TaskInstance: main.merge_hist_all.merge_hist_all_all 2021-10-09T00:00:00+00:00 [running]> on host abd
[2021-10-10 19:57:27,990] {taskinstance.py:1252} INFO - Exporting the following env vars:
AIRFLOW_CTX_DAG_OWNER=admin
AIRFLOW_CTX_DAG_ID=main
AIRFLOW_CTX_TASK_ID=merge_hist_all.merge_hist_all_all
AIRFLOW_CTX_EXECUTION_DATE=2021-10-09T00:00:00+00:00
AIRFLOW_CTX_DAG_RUN_ID=scheduled__2021-10-09T00:00:00+00:00
[2021-10-10 19:57:27,990] {subprocess.py:52} INFO - Tmp dir root location: 
 /tmp
[2021-10-10 19:57:27,991] {subprocess.py:63} INFO - Running command: ['bash', '-c', '\n            set -x\n            inputfiles=${inputfiles}\n            INPUTS=""\n            for i in ${inputfiles}; do\n            INPUTS="${INPUTS} $(printf ${base_dir}/${i})"\n            done\n            source ${thisroot}/thisroot.sh        \n            hadd -f ${base_dir}/${outputfile} ${INPUTS}\n            ']
[2021-10-10 19:57:27,994] {subprocess.py:74} INFO - Output:
[2021-10-10 19:57:27,995] {subprocess.py:78} INFO - + inputfiles='mc1_merged_hist.root mc2_merged_hist.root sig_merged_hist.root data_merged_hist.root'
[2021-10-10 19:57:27,995] {subprocess.py:78} INFO - + INPUTS=
[2021-10-10 19:57:27,995] {subprocess.py:78} INFO - + for i in ${inputfiles}
[2021-10-10 19:57:27,995] {subprocess.py:78} INFO - ++ printf /home/abd/airflow/data/bsm-search/mc1_merged_hist.root
[2021-10-10 19:57:27,996] {subprocess.py:78} INFO - + INPUTS=' /home/abd/airflow/data/bsm-search/mc1_merged_hist.root'
[2021-10-10 19:57:27,996] {subprocess.py:78} INFO - + for i in ${inputfiles}
[2021-10-10 19:57:27,996] {subprocess.py:78} INFO - ++ printf /home/abd/airflow/data/bsm-search/mc2_merged_hist.root
[2021-10-10 19:57:27,996] {subprocess.py:78} INFO - + INPUTS=' /home/abd/airflow/data/bsm-search/mc1_merged_hist.root /home/abd/airflow/data/bsm-search/mc2_merged_hist.root'
[2021-10-10 19:57:27,996] {subprocess.py:78} INFO - + for i in ${inputfiles}
[2021-10-10 19:57:27,996] {subprocess.py:78} INFO - ++ printf /home/abd/airflow/data/bsm-search/sig_merged_hist.root
[2021-10-10 19:57:27,996] {subprocess.py:78} INFO - + INPUTS=' /home/abd/airflow/data/bsm-search/mc1_merged_hist.root /home/abd/airflow/data/bsm-search/mc2_merged_hist.root /home/abd/airflow/data/bsm-search/sig_merged_hist.root'
[2021-10-10 19:57:27,996] {subprocess.py:78} INFO - + for i in ${inputfiles}
[2021-10-10 19:57:27,996] {subprocess.py:78} INFO - ++ printf /home/abd/airflow/data/bsm-search/data_merged_hist.root
[2021-10-10 19:57:27,997] {subprocess.py:78} INFO - + INPUTS=' /home/abd/airflow/data/bsm-search/mc1_merged_hist.root /home/abd/airflow/data/bsm-search/mc2_merged_hist.root /home/abd/airflow/data/bsm-search/sig_merged_hist.root /home/abd/airflow/data/bsm-search/data_merged_hist.root'
[2021-10-10 19:57:27,997] {subprocess.py:78} INFO - + source /home/abd/root/root/bin/thisroot.sh
[2021-10-10 19:57:27,997] {subprocess.py:78} INFO - ++ '[' -n '' ']'
[2021-10-10 19:57:27,997] {subprocess.py:78} INFO - ++ SOURCE=/home/abd/root/root/bin/thisroot.sh
[2021-10-10 19:57:27,997] {subprocess.py:78} INFO - ++ '[' x/home/abd/root/root/bin/thisroot.sh = x ']'
[2021-10-10 19:57:27,997] {subprocess.py:78} INFO - ++ '[' x/home/abd/root/root/bin/thisroot.sh = x ']'
[2021-10-10 19:57:27,997] {subprocess.py:78} INFO - +++ dirname /home/abd/root/root/bin/thisroot.sh
[2021-10-10 19:57:27,998] {subprocess.py:78} INFO - ++ thisroot=/home/abd/root/root/bin
[2021-10-10 19:57:27,998] {subprocess.py:78} INFO - +++ cd /home/abd/root/root/bin/..
[2021-10-10 19:57:27,998] {subprocess.py:78} INFO - +++ pwd
[2021-10-10 19:57:27,998] {subprocess.py:78} INFO - ++ ROOTSYS=/home/abd/root/root
[2021-10-10 19:57:27,998] {subprocess.py:78} INFO - ++ export ROOTSYS
[2021-10-10 19:57:27,999] {subprocess.py:78} INFO - ++ clean_environment
[2021-10-10 19:57:27,999] {subprocess.py:78} INFO - ++ '[' -n '' ']'
[2021-10-10 19:57:27,999] {subprocess.py:78} INFO - ++ '[' -z '' ']'
[2021-10-10 19:57:27,999] {subprocess.py:78} INFO - ++ command -v manpath
[2021-10-10 19:57:27,999] {subprocess.py:78} INFO - +++ manpath
[2021-10-10 19:57:27,999] {subprocess.py:78} INFO - manpath: warning: $PATH not set
[2021-10-10 19:57:28,000] {subprocess.py:78} INFO - ++ default_manpath=/usr/share/man:/usr/local/share/man
[2021-10-10 19:57:28,000] {subprocess.py:78} INFO - ++ set_environment
[2021-10-10 19:57:28,000] {subprocess.py:78} INFO - ++ '[' -z /usr/local/sbin:/usr/local/bin:/usr/sbin:/usr/bin:/sbin:/bin ']'
[2021-10-10 19:57:28,000] {subprocess.py:78} INFO - ++ PATH=/home/abd/root/root/bin:/usr/local/sbin:/usr/local/bin:/usr/sbin:/usr/bin:/sbin:/bin
[2021-10-10 19:57:28,000] {subprocess.py:78} INFO - ++ export PATH
[2021-10-10 19:57:28,000] {subprocess.py:78} INFO - ++ '[' -z '' ']'
[2021-10-10 19:57:28,000] {subprocess.py:78} INFO - ++ LD_LIBRARY_PATH=/home/abd/root/root/lib
[2021-10-10 19:57:28,000] {subprocess.py:78} INFO - ++ export LD_LIBRARY_PATH
[2021-10-10 19:57:28,000] {subprocess.py:78} INFO - ++ '[' -z '' ']'
[2021-10-10 19:57:28,000] {subprocess.py:78} INFO - ++ DYLD_LIBRARY_PATH=/home/abd/root/root/lib
[2021-10-10 19:57:28,000] {subprocess.py:78} INFO - ++ export DYLD_LIBRARY_PATH
[2021-10-10 19:57:28,000] {subprocess.py:78} INFO - ++ '[' -z '' ']'
[2021-10-10 19:57:28,000] {subprocess.py:78} INFO - ++ SHLIB_PATH=/home/abd/root/root/lib
[2021-10-10 19:57:28,000] {subprocess.py:78} INFO - ++ export SHLIB_PATH
[2021-10-10 19:57:28,000] {subprocess.py:78} INFO - ++ '[' -z '' ']'
[2021-10-10 19:57:28,000] {subprocess.py:78} INFO - ++ LIBPATH=/home/abd/root/root/lib
[2021-10-10 19:57:28,000] {subprocess.py:78} INFO - ++ export LIBPATH
[2021-10-10 19:57:28,000] {subprocess.py:78} INFO - ++ '[' -z '' ']'
[2021-10-10 19:57:28,000] {subprocess.py:78} INFO - ++ PYTHONPATH=/home/abd/root/root/lib
[2021-10-10 19:57:28,000] {subprocess.py:78} INFO - ++ export PYTHONPATH
[2021-10-10 19:57:28,000] {subprocess.py:78} INFO - ++ '[' -z '' ']'
[2021-10-10 19:57:28,000] {subprocess.py:78} INFO - ++ MANPATH=/home/abd/root/root/man:/usr/share/man:/usr/local/share/man
[2021-10-10 19:57:28,000] {subprocess.py:78} INFO - ++ export MANPATH
[2021-10-10 19:57:28,000] {subprocess.py:78} INFO - ++ '[' -z '' ']'
[2021-10-10 19:57:28,000] {subprocess.py:78} INFO - ++ CMAKE_PREFIX_PATH=/home/abd/root/root
[2021-10-10 19:57:28,001] {subprocess.py:78} INFO - ++ export CMAKE_PREFIX_PATH
[2021-10-10 19:57:28,001] {subprocess.py:78} INFO - ++ '[' -z '' ']'
[2021-10-10 19:57:28,001] {subprocess.py:78} INFO - ++ JUPYTER_PATH=/home/abd/root/root/etc/notebook
[2021-10-10 19:57:28,001] {subprocess.py:78} INFO - ++ export JUPYTER_PATH
[2021-10-10 19:57:28,001] {subprocess.py:78} INFO - ++ '[' -z '' ']'
[2021-10-10 19:57:28,001] {subprocess.py:78} INFO - ++ JUPYTER_CONFIG_DIR=/home/abd/root/root/etc/notebook
[2021-10-10 19:57:28,001] {subprocess.py:78} INFO - ++ export JUPYTER_CONFIG_DIR
[2021-10-10 19:57:28,001] {subprocess.py:78} INFO - ++ export CLING_STANDARD_PCH=none
[2021-10-10 19:57:28,001] {subprocess.py:78} INFO - ++ CLING_STANDARD_PCH=none
[2021-10-10 19:57:28,001] {subprocess.py:78} INFO - +++ root-config --arch
[2021-10-10 19:57:28,001] {subprocess.py:78} INFO - +++ grep -v win32gcc
[2021-10-10 19:57:28,001] {subprocess.py:78} INFO - +++ grep -i win32
[2021-10-10 19:57:28,011] {subprocess.py:78} INFO - ++ '[' x '!=' x ']'
[2021-10-10 19:57:28,011] {subprocess.py:78} INFO - ++ unset old_rootsys
[2021-10-10 19:57:28,011] {subprocess.py:78} INFO - ++ unset thisroot
[2021-10-10 19:57:28,011] {subprocess.py:78} INFO - ++ unset -f drop_from_path
[2021-10-10 19:57:28,011] {subprocess.py:78} INFO - ++ unset -f clean_environment
[2021-10-10 19:57:28,011] {subprocess.py:78} INFO - ++ unset -f set_environment
[2021-10-10 19:57:28,011] {subprocess.py:78} INFO - + hadd -f /home/abd/airflow/data/bsm-search/all_merged_hist.root /home/abd/airflow/data/bsm-search/mc1_merged_hist.root /home/abd/airflow/data/bsm-search/mc2_merged_hist.root /home/abd/airflow/data/bsm-search/sig_merged_hist.root /home/abd/airflow/data/bsm-search/data_merged_hist.root
[2021-10-10 19:57:28,275] {subprocess.py:78} INFO - hadd Target file: /home/abd/airflow/data/bsm-search/all_merged_hist.root
[2021-10-10 19:57:28,279] {subprocess.py:78} INFO - hadd compression setting for all output: 1
[2021-10-10 19:57:28,322] {subprocess.py:78} INFO - hadd Source file 1: /home/abd/airflow/data/bsm-search/mc1_merged_hist.root
[2021-10-10 19:57:28,339] {subprocess.py:78} INFO - hadd Source file 2: /home/abd/airflow/data/bsm-search/mc2_merged_hist.root
[2021-10-10 19:57:28,339] {subprocess.py:78} INFO - hadd Source file 3: /home/abd/airflow/data/bsm-search/sig_merged_hist.root
[2021-10-10 19:57:28,339] {subprocess.py:78} INFO - hadd Source file 4: /home/abd/airflow/data/bsm-search/data_merged_hist.root
[2021-10-10 19:57:28,340] {subprocess.py:78} INFO - hadd Target path: /home/abd/airflow/data/bsm-search/all_merged_hist.root:/
[2021-10-10 19:57:28,369] {subprocess.py:82} INFO - Command exited with return code 0
[2021-10-10 19:57:28,381] {taskinstance.py:1212} INFO - Marking task as SUCCESS. dag_id=main, task_id=merge_hist_all.merge_hist_all_all, execution_date=20211009T000000, start_date=20211010T165727, end_date=20211010T165728
[2021-10-10 19:57:28,396] {local_task_job.py:151} INFO - Task exited with return code 0
[2021-10-10 19:57:28,408] {local_task_job.py:261} INFO - 1 downstream tasks scheduled from follow-on schedule check
[2021-10-10 20:18:59,336] {taskinstance.py:903} INFO - Dependencies all met for <TaskInstance: main.merge_hist_all.merge_hist_all_all 2021-10-09T00:00:00+00:00 [queued]>
[2021-10-10 20:18:59,342] {taskinstance.py:903} INFO - Dependencies all met for <TaskInstance: main.merge_hist_all.merge_hist_all_all 2021-10-09T00:00:00+00:00 [queued]>
[2021-10-10 20:18:59,343] {taskinstance.py:1095} INFO - 
--------------------------------------------------------------------------------
[2021-10-10 20:18:59,343] {taskinstance.py:1096} INFO - Starting attempt 1 of 2
[2021-10-10 20:18:59,343] {taskinstance.py:1097} INFO - 
--------------------------------------------------------------------------------
[2021-10-10 20:18:59,350] {taskinstance.py:1115} INFO - Executing <Task(BashOperator): merge_hist_all.merge_hist_all_all> on 2021-10-09T00:00:00+00:00
[2021-10-10 20:18:59,352] {standard_task_runner.py:52} INFO - Started process 11947 to run task
[2021-10-10 20:18:59,355] {standard_task_runner.py:76} INFO - Running: ['airflow', 'tasks', 'run', 'main', 'merge_hist_all.merge_hist_all_all', '2021-10-09T00:00:00+00:00', '--job-id', '617', '--pool', 'default_pool', '--raw', '--subdir', 'DAGS_FOLDER/main.py', '--cfg-path', '/tmp/tmp8qeqbds0', '--error-file', '/tmp/tmptv2z5qgj']
[2021-10-10 20:18:59,355] {standard_task_runner.py:77} INFO - Job 617: Subtask merge_hist_all.merge_hist_all_all
[2021-10-10 20:18:59,375] {logging_mixin.py:109} INFO - Running <TaskInstance: main.merge_hist_all.merge_hist_all_all 2021-10-09T00:00:00+00:00 [running]> on host abd
[2021-10-10 20:18:59,398] {taskinstance.py:1252} INFO - Exporting the following env vars:
AIRFLOW_CTX_DAG_OWNER=admin
AIRFLOW_CTX_DAG_ID=main
AIRFLOW_CTX_TASK_ID=merge_hist_all.merge_hist_all_all
AIRFLOW_CTX_EXECUTION_DATE=2021-10-09T00:00:00+00:00
AIRFLOW_CTX_DAG_RUN_ID=scheduled__2021-10-09T00:00:00+00:00
[2021-10-10 20:18:59,399] {subprocess.py:52} INFO - Tmp dir root location: 
 /tmp
[2021-10-10 20:18:59,399] {subprocess.py:63} INFO - Running command: ['bash', '-c', '\n            set -x\n            inputfiles=${inputfiles}\n            INPUTS=""\n            for i in ${inputfiles}; do\n            INPUTS="${INPUTS} $(printf ${base_dir}/${i})"\n            done\n            source ${thisroot}/thisroot.sh        \n            hadd -f ${base_dir}/${outputfile} ${INPUTS}\n            ']
[2021-10-10 20:18:59,403] {subprocess.py:74} INFO - Output:
[2021-10-10 20:18:59,403] {subprocess.py:78} INFO - + inputfiles='mc1_merged_hist.root mc2_merged_hist.root sig_merged_hist.root data_merged_hist.root'
[2021-10-10 20:18:59,403] {subprocess.py:78} INFO - + INPUTS=
[2021-10-10 20:18:59,404] {subprocess.py:78} INFO - + for i in ${inputfiles}
[2021-10-10 20:18:59,404] {subprocess.py:78} INFO - ++ printf /home/abd/airflow/data/bsm-search/mc1_merged_hist.root
[2021-10-10 20:18:59,404] {subprocess.py:78} INFO - + INPUTS=' /home/abd/airflow/data/bsm-search/mc1_merged_hist.root'
[2021-10-10 20:18:59,404] {subprocess.py:78} INFO - + for i in ${inputfiles}
[2021-10-10 20:18:59,404] {subprocess.py:78} INFO - ++ printf /home/abd/airflow/data/bsm-search/mc2_merged_hist.root
[2021-10-10 20:18:59,404] {subprocess.py:78} INFO - + INPUTS=' /home/abd/airflow/data/bsm-search/mc1_merged_hist.root /home/abd/airflow/data/bsm-search/mc2_merged_hist.root'
[2021-10-10 20:18:59,404] {subprocess.py:78} INFO - + for i in ${inputfiles}
[2021-10-10 20:18:59,404] {subprocess.py:78} INFO - ++ printf /home/abd/airflow/data/bsm-search/sig_merged_hist.root
[2021-10-10 20:18:59,405] {subprocess.py:78} INFO - + INPUTS=' /home/abd/airflow/data/bsm-search/mc1_merged_hist.root /home/abd/airflow/data/bsm-search/mc2_merged_hist.root /home/abd/airflow/data/bsm-search/sig_merged_hist.root'
[2021-10-10 20:18:59,405] {subprocess.py:78} INFO - + for i in ${inputfiles}
[2021-10-10 20:18:59,405] {subprocess.py:78} INFO - ++ printf /home/abd/airflow/data/bsm-search/data_merged_hist.root
[2021-10-10 20:18:59,405] {subprocess.py:78} INFO - + INPUTS=' /home/abd/airflow/data/bsm-search/mc1_merged_hist.root /home/abd/airflow/data/bsm-search/mc2_merged_hist.root /home/abd/airflow/data/bsm-search/sig_merged_hist.root /home/abd/airflow/data/bsm-search/data_merged_hist.root'
[2021-10-10 20:18:59,405] {subprocess.py:78} INFO - + source /home/abd/root/root/bin/thisroot.sh
[2021-10-10 20:18:59,405] {subprocess.py:78} INFO - ++ '[' -n '' ']'
[2021-10-10 20:18:59,405] {subprocess.py:78} INFO - ++ SOURCE=/home/abd/root/root/bin/thisroot.sh
[2021-10-10 20:18:59,405] {subprocess.py:78} INFO - ++ '[' x/home/abd/root/root/bin/thisroot.sh = x ']'
[2021-10-10 20:18:59,405] {subprocess.py:78} INFO - ++ '[' x/home/abd/root/root/bin/thisroot.sh = x ']'
[2021-10-10 20:18:59,406] {subprocess.py:78} INFO - +++ dirname /home/abd/root/root/bin/thisroot.sh
[2021-10-10 20:18:59,406] {subprocess.py:78} INFO - ++ thisroot=/home/abd/root/root/bin
[2021-10-10 20:18:59,406] {subprocess.py:78} INFO - +++ cd /home/abd/root/root/bin/..
[2021-10-10 20:18:59,406] {subprocess.py:78} INFO - +++ pwd
[2021-10-10 20:18:59,407] {subprocess.py:78} INFO - ++ ROOTSYS=/home/abd/root/root
[2021-10-10 20:18:59,407] {subprocess.py:78} INFO - ++ export ROOTSYS
[2021-10-10 20:18:59,407] {subprocess.py:78} INFO - ++ clean_environment
[2021-10-10 20:18:59,407] {subprocess.py:78} INFO - ++ '[' -n '' ']'
[2021-10-10 20:18:59,407] {subprocess.py:78} INFO - ++ '[' -z '' ']'
[2021-10-10 20:18:59,407] {subprocess.py:78} INFO - ++ command -v manpath
[2021-10-10 20:18:59,407] {subprocess.py:78} INFO - +++ manpath
[2021-10-10 20:18:59,408] {subprocess.py:78} INFO - manpath: warning: $PATH not set
[2021-10-10 20:18:59,408] {subprocess.py:78} INFO - ++ default_manpath=/usr/share/man:/usr/local/share/man
[2021-10-10 20:18:59,408] {subprocess.py:78} INFO - ++ set_environment
[2021-10-10 20:18:59,408] {subprocess.py:78} INFO - ++ '[' -z /usr/local/sbin:/usr/local/bin:/usr/sbin:/usr/bin:/sbin:/bin ']'
[2021-10-10 20:18:59,408] {subprocess.py:78} INFO - ++ PATH=/home/abd/root/root/bin:/usr/local/sbin:/usr/local/bin:/usr/sbin:/usr/bin:/sbin:/bin
[2021-10-10 20:18:59,408] {subprocess.py:78} INFO - ++ export PATH
[2021-10-10 20:18:59,408] {subprocess.py:78} INFO - ++ '[' -z '' ']'
[2021-10-10 20:18:59,408] {subprocess.py:78} INFO - ++ LD_LIBRARY_PATH=/home/abd/root/root/lib
[2021-10-10 20:18:59,408] {subprocess.py:78} INFO - ++ export LD_LIBRARY_PATH
[2021-10-10 20:18:59,408] {subprocess.py:78} INFO - ++ '[' -z '' ']'
[2021-10-10 20:18:59,408] {subprocess.py:78} INFO - ++ DYLD_LIBRARY_PATH=/home/abd/root/root/lib
[2021-10-10 20:18:59,408] {subprocess.py:78} INFO - ++ export DYLD_LIBRARY_PATH
[2021-10-10 20:18:59,408] {subprocess.py:78} INFO - ++ '[' -z '' ']'
[2021-10-10 20:18:59,408] {subprocess.py:78} INFO - ++ SHLIB_PATH=/home/abd/root/root/lib
[2021-10-10 20:18:59,408] {subprocess.py:78} INFO - ++ export SHLIB_PATH
[2021-10-10 20:18:59,408] {subprocess.py:78} INFO - ++ '[' -z '' ']'
[2021-10-10 20:18:59,408] {subprocess.py:78} INFO - ++ LIBPATH=/home/abd/root/root/lib
[2021-10-10 20:18:59,408] {subprocess.py:78} INFO - ++ export LIBPATH
[2021-10-10 20:18:59,408] {subprocess.py:78} INFO - ++ '[' -z '' ']'
[2021-10-10 20:18:59,408] {subprocess.py:78} INFO - ++ PYTHONPATH=/home/abd/root/root/lib
[2021-10-10 20:18:59,408] {subprocess.py:78} INFO - ++ export PYTHONPATH
[2021-10-10 20:18:59,409] {subprocess.py:78} INFO - ++ '[' -z '' ']'
[2021-10-10 20:18:59,409] {subprocess.py:78} INFO - ++ MANPATH=/home/abd/root/root/man:/usr/share/man:/usr/local/share/man
[2021-10-10 20:18:59,409] {subprocess.py:78} INFO - ++ export MANPATH
[2021-10-10 20:18:59,409] {subprocess.py:78} INFO - ++ '[' -z '' ']'
[2021-10-10 20:18:59,409] {subprocess.py:78} INFO - ++ CMAKE_PREFIX_PATH=/home/abd/root/root
[2021-10-10 20:18:59,409] {subprocess.py:78} INFO - ++ export CMAKE_PREFIX_PATH
[2021-10-10 20:18:59,409] {subprocess.py:78} INFO - ++ '[' -z '' ']'
[2021-10-10 20:18:59,409] {subprocess.py:78} INFO - ++ JUPYTER_PATH=/home/abd/root/root/etc/notebook
[2021-10-10 20:18:59,409] {subprocess.py:78} INFO - ++ export JUPYTER_PATH
[2021-10-10 20:18:59,409] {subprocess.py:78} INFO - ++ '[' -z '' ']'
[2021-10-10 20:18:59,409] {subprocess.py:78} INFO - ++ JUPYTER_CONFIG_DIR=/home/abd/root/root/etc/notebook
[2021-10-10 20:18:59,409] {subprocess.py:78} INFO - ++ export JUPYTER_CONFIG_DIR
[2021-10-10 20:18:59,409] {subprocess.py:78} INFO - ++ export CLING_STANDARD_PCH=none
[2021-10-10 20:18:59,409] {subprocess.py:78} INFO - ++ CLING_STANDARD_PCH=none
[2021-10-10 20:18:59,409] {subprocess.py:78} INFO - +++ root-config --arch
[2021-10-10 20:18:59,409] {subprocess.py:78} INFO - +++ grep -v win32gcc
[2021-10-10 20:18:59,409] {subprocess.py:78} INFO - +++ grep -i win32
[2021-10-10 20:18:59,419] {subprocess.py:78} INFO - ++ '[' x '!=' x ']'
[2021-10-10 20:18:59,419] {subprocess.py:78} INFO - ++ unset old_rootsys
[2021-10-10 20:18:59,419] {subprocess.py:78} INFO - ++ unset thisroot
[2021-10-10 20:18:59,419] {subprocess.py:78} INFO - ++ unset -f drop_from_path
[2021-10-10 20:18:59,419] {subprocess.py:78} INFO - ++ unset -f clean_environment
[2021-10-10 20:18:59,419] {subprocess.py:78} INFO - ++ unset -f set_environment
[2021-10-10 20:18:59,419] {subprocess.py:78} INFO - + hadd -f /home/abd/airflow/data/bsm-search/all_merged_hist.root /home/abd/airflow/data/bsm-search/mc1_merged_hist.root /home/abd/airflow/data/bsm-search/mc2_merged_hist.root /home/abd/airflow/data/bsm-search/sig_merged_hist.root /home/abd/airflow/data/bsm-search/data_merged_hist.root
[2021-10-10 20:18:59,671] {subprocess.py:78} INFO - hadd Target file: /home/abd/airflow/data/bsm-search/all_merged_hist.root
[2021-10-10 20:18:59,675] {subprocess.py:78} INFO - hadd compression setting for all output: 1
[2021-10-10 20:18:59,722] {subprocess.py:78} INFO - hadd Source file 1: /home/abd/airflow/data/bsm-search/mc1_merged_hist.root
[2021-10-10 20:18:59,747] {subprocess.py:78} INFO - hadd Source file 2: /home/abd/airflow/data/bsm-search/mc2_merged_hist.root
[2021-10-10 20:18:59,747] {subprocess.py:78} INFO - hadd Source file 3: /home/abd/airflow/data/bsm-search/sig_merged_hist.root
[2021-10-10 20:18:59,748] {subprocess.py:78} INFO - hadd Source file 4: /home/abd/airflow/data/bsm-search/data_merged_hist.root
[2021-10-10 20:18:59,748] {subprocess.py:78} INFO - hadd Target path: /home/abd/airflow/data/bsm-search/all_merged_hist.root:/
[2021-10-10 20:18:59,768] {subprocess.py:82} INFO - Command exited with return code 0
[2021-10-10 20:18:59,781] {taskinstance.py:1212} INFO - Marking task as SUCCESS. dag_id=main, task_id=merge_hist_all.merge_hist_all_all, execution_date=20211009T000000, start_date=20211010T171859, end_date=20211010T171859
[2021-10-10 20:18:59,807] {local_task_job.py:151} INFO - Task exited with return code 0
[2021-10-10 20:18:59,836] {local_task_job.py:261} INFO - 1 downstream tasks scheduled from follow-on schedule check
[2021-10-10 20:38:22,937] {taskinstance.py:903} INFO - Dependencies all met for <TaskInstance: main.merge_hist_all.merge_hist_all_all 2021-10-09T00:00:00+00:00 [queued]>
[2021-10-10 20:38:22,943] {taskinstance.py:903} INFO - Dependencies all met for <TaskInstance: main.merge_hist_all.merge_hist_all_all 2021-10-09T00:00:00+00:00 [queued]>
[2021-10-10 20:38:22,943] {taskinstance.py:1095} INFO - 
--------------------------------------------------------------------------------
[2021-10-10 20:38:22,943] {taskinstance.py:1096} INFO - Starting attempt 1 of 2
[2021-10-10 20:38:22,943] {taskinstance.py:1097} INFO - 
--------------------------------------------------------------------------------
[2021-10-10 20:38:22,953] {taskinstance.py:1115} INFO - Executing <Task(BashOperator): merge_hist_all.merge_hist_all_all> on 2021-10-09T00:00:00+00:00
[2021-10-10 20:38:22,954] {standard_task_runner.py:52} INFO - Started process 16188 to run task
[2021-10-10 20:38:22,957] {standard_task_runner.py:76} INFO - Running: ['airflow', 'tasks', 'run', 'main', 'merge_hist_all.merge_hist_all_all', '2021-10-09T00:00:00+00:00', '--job-id', '617', '--pool', 'default_pool', '--raw', '--subdir', 'DAGS_FOLDER/main.py', '--cfg-path', '/tmp/tmp8qynb3u0', '--error-file', '/tmp/tmpjgvag19o']
[2021-10-10 20:38:22,958] {standard_task_runner.py:77} INFO - Job 617: Subtask merge_hist_all.merge_hist_all_all
[2021-10-10 20:38:22,978] {logging_mixin.py:109} INFO - Running <TaskInstance: main.merge_hist_all.merge_hist_all_all 2021-10-09T00:00:00+00:00 [running]> on host abd
[2021-10-10 20:38:23,003] {taskinstance.py:1252} INFO - Exporting the following env vars:
AIRFLOW_CTX_DAG_OWNER=admin
AIRFLOW_CTX_DAG_ID=main
AIRFLOW_CTX_TASK_ID=merge_hist_all.merge_hist_all_all
AIRFLOW_CTX_EXECUTION_DATE=2021-10-09T00:00:00+00:00
AIRFLOW_CTX_DAG_RUN_ID=scheduled__2021-10-09T00:00:00+00:00
[2021-10-10 20:38:23,003] {subprocess.py:52} INFO - Tmp dir root location: 
 /tmp
[2021-10-10 20:38:23,003] {subprocess.py:63} INFO - Running command: ['bash', '-c', '\n            set -x\n            inputfiles=${inputfiles}\n            INPUTS=""\n            for i in ${inputfiles}; do\n            INPUTS="${INPUTS} $(printf ${base_dir}/${i})"\n            done\n            source ${thisroot}/thisroot.sh        \n            hadd -f ${base_dir}/${outputfile} ${INPUTS}\n            ']
[2021-10-10 20:38:23,007] {subprocess.py:74} INFO - Output:
[2021-10-10 20:38:23,008] {subprocess.py:78} INFO - + inputfiles='mc1_merged_hist.root mc2_merged_hist.root sig_merged_hist.root data_merged_hist.root'
[2021-10-10 20:38:23,008] {subprocess.py:78} INFO - + INPUTS=
[2021-10-10 20:38:23,008] {subprocess.py:78} INFO - + for i in ${inputfiles}
[2021-10-10 20:38:23,008] {subprocess.py:78} INFO - ++ printf /home/abd/airflow/data/bsm-search/mc1_merged_hist.root
[2021-10-10 20:38:23,008] {subprocess.py:78} INFO - + INPUTS=' /home/abd/airflow/data/bsm-search/mc1_merged_hist.root'
[2021-10-10 20:38:23,008] {subprocess.py:78} INFO - + for i in ${inputfiles}
[2021-10-10 20:38:23,008] {subprocess.py:78} INFO - ++ printf /home/abd/airflow/data/bsm-search/mc2_merged_hist.root
[2021-10-10 20:38:23,009] {subprocess.py:78} INFO - + INPUTS=' /home/abd/airflow/data/bsm-search/mc1_merged_hist.root /home/abd/airflow/data/bsm-search/mc2_merged_hist.root'
[2021-10-10 20:38:23,009] {subprocess.py:78} INFO - + for i in ${inputfiles}
[2021-10-10 20:38:23,009] {subprocess.py:78} INFO - ++ printf /home/abd/airflow/data/bsm-search/sig_merged_hist.root
[2021-10-10 20:38:23,009] {subprocess.py:78} INFO - + INPUTS=' /home/abd/airflow/data/bsm-search/mc1_merged_hist.root /home/abd/airflow/data/bsm-search/mc2_merged_hist.root /home/abd/airflow/data/bsm-search/sig_merged_hist.root'
[2021-10-10 20:38:23,009] {subprocess.py:78} INFO - + for i in ${inputfiles}
[2021-10-10 20:38:23,009] {subprocess.py:78} INFO - ++ printf /home/abd/airflow/data/bsm-search/data_merged_hist.root
[2021-10-10 20:38:23,009] {subprocess.py:78} INFO - + INPUTS=' /home/abd/airflow/data/bsm-search/mc1_merged_hist.root /home/abd/airflow/data/bsm-search/mc2_merged_hist.root /home/abd/airflow/data/bsm-search/sig_merged_hist.root /home/abd/airflow/data/bsm-search/data_merged_hist.root'
[2021-10-10 20:38:23,009] {subprocess.py:78} INFO - + source /home/abd/root/root/bin/thisroot.sh
[2021-10-10 20:38:23,010] {subprocess.py:78} INFO - ++ '[' -n '' ']'
[2021-10-10 20:38:23,010] {subprocess.py:78} INFO - ++ SOURCE=/home/abd/root/root/bin/thisroot.sh
[2021-10-10 20:38:23,010] {subprocess.py:78} INFO - ++ '[' x/home/abd/root/root/bin/thisroot.sh = x ']'
[2021-10-10 20:38:23,010] {subprocess.py:78} INFO - ++ '[' x/home/abd/root/root/bin/thisroot.sh = x ']'
[2021-10-10 20:38:23,010] {subprocess.py:78} INFO - +++ dirname /home/abd/root/root/bin/thisroot.sh
[2021-10-10 20:38:23,011] {subprocess.py:78} INFO - ++ thisroot=/home/abd/root/root/bin
[2021-10-10 20:38:23,011] {subprocess.py:78} INFO - +++ cd /home/abd/root/root/bin/..
[2021-10-10 20:38:23,011] {subprocess.py:78} INFO - +++ pwd
[2021-10-10 20:38:23,011] {subprocess.py:78} INFO - ++ ROOTSYS=/home/abd/root/root
[2021-10-10 20:38:23,011] {subprocess.py:78} INFO - ++ export ROOTSYS
[2021-10-10 20:38:23,011] {subprocess.py:78} INFO - ++ clean_environment
[2021-10-10 20:38:23,011] {subprocess.py:78} INFO - ++ '[' -n '' ']'
[2021-10-10 20:38:23,011] {subprocess.py:78} INFO - ++ '[' -z '' ']'
[2021-10-10 20:38:23,011] {subprocess.py:78} INFO - ++ command -v manpath
[2021-10-10 20:38:23,011] {subprocess.py:78} INFO - +++ manpath
[2021-10-10 20:38:23,012] {subprocess.py:78} INFO - manpath: warning: $PATH not set
[2021-10-10 20:38:23,012] {subprocess.py:78} INFO - ++ default_manpath=/usr/share/man:/usr/local/share/man
[2021-10-10 20:38:23,012] {subprocess.py:78} INFO - ++ set_environment
[2021-10-10 20:38:23,012] {subprocess.py:78} INFO - ++ '[' -z /usr/local/sbin:/usr/local/bin:/usr/sbin:/usr/bin:/sbin:/bin ']'
[2021-10-10 20:38:23,012] {subprocess.py:78} INFO - ++ PATH=/home/abd/root/root/bin:/usr/local/sbin:/usr/local/bin:/usr/sbin:/usr/bin:/sbin:/bin
[2021-10-10 20:38:23,012] {subprocess.py:78} INFO - ++ export PATH
[2021-10-10 20:38:23,012] {subprocess.py:78} INFO - ++ '[' -z '' ']'
[2021-10-10 20:38:23,012] {subprocess.py:78} INFO - ++ LD_LIBRARY_PATH=/home/abd/root/root/lib
[2021-10-10 20:38:23,012] {subprocess.py:78} INFO - ++ export LD_LIBRARY_PATH
[2021-10-10 20:38:23,012] {subprocess.py:78} INFO - ++ '[' -z '' ']'
[2021-10-10 20:38:23,013] {subprocess.py:78} INFO - ++ DYLD_LIBRARY_PATH=/home/abd/root/root/lib
[2021-10-10 20:38:23,013] {subprocess.py:78} INFO - ++ export DYLD_LIBRARY_PATH
[2021-10-10 20:38:23,013] {subprocess.py:78} INFO - ++ '[' -z '' ']'
[2021-10-10 20:38:23,013] {subprocess.py:78} INFO - ++ SHLIB_PATH=/home/abd/root/root/lib
[2021-10-10 20:38:23,013] {subprocess.py:78} INFO - ++ export SHLIB_PATH
[2021-10-10 20:38:23,013] {subprocess.py:78} INFO - ++ '[' -z '' ']'
[2021-10-10 20:38:23,013] {subprocess.py:78} INFO - ++ LIBPATH=/home/abd/root/root/lib
[2021-10-10 20:38:23,013] {subprocess.py:78} INFO - ++ export LIBPATH
[2021-10-10 20:38:23,013] {subprocess.py:78} INFO - ++ '[' -z '' ']'
[2021-10-10 20:38:23,013] {subprocess.py:78} INFO - ++ PYTHONPATH=/home/abd/root/root/lib
[2021-10-10 20:38:23,013] {subprocess.py:78} INFO - ++ export PYTHONPATH
[2021-10-10 20:38:23,013] {subprocess.py:78} INFO - ++ '[' -z '' ']'
[2021-10-10 20:38:23,013] {subprocess.py:78} INFO - ++ MANPATH=/home/abd/root/root/man:/usr/share/man:/usr/local/share/man
[2021-10-10 20:38:23,013] {subprocess.py:78} INFO - ++ export MANPATH
[2021-10-10 20:38:23,013] {subprocess.py:78} INFO - ++ '[' -z '' ']'
[2021-10-10 20:38:23,013] {subprocess.py:78} INFO - ++ CMAKE_PREFIX_PATH=/home/abd/root/root
[2021-10-10 20:38:23,013] {subprocess.py:78} INFO - ++ export CMAKE_PREFIX_PATH
[2021-10-10 20:38:23,013] {subprocess.py:78} INFO - ++ '[' -z '' ']'
[2021-10-10 20:38:23,013] {subprocess.py:78} INFO - ++ JUPYTER_PATH=/home/abd/root/root/etc/notebook
[2021-10-10 20:38:23,013] {subprocess.py:78} INFO - ++ export JUPYTER_PATH
[2021-10-10 20:38:23,013] {subprocess.py:78} INFO - ++ '[' -z '' ']'
[2021-10-10 20:38:23,013] {subprocess.py:78} INFO - ++ JUPYTER_CONFIG_DIR=/home/abd/root/root/etc/notebook
[2021-10-10 20:38:23,013] {subprocess.py:78} INFO - ++ export JUPYTER_CONFIG_DIR
[2021-10-10 20:38:23,013] {subprocess.py:78} INFO - ++ export CLING_STANDARD_PCH=none
[2021-10-10 20:38:23,013] {subprocess.py:78} INFO - ++ CLING_STANDARD_PCH=none
[2021-10-10 20:38:23,014] {subprocess.py:78} INFO - +++ root-config --arch
[2021-10-10 20:38:23,014] {subprocess.py:78} INFO - +++ grep -v win32gcc
[2021-10-10 20:38:23,014] {subprocess.py:78} INFO - +++ grep -i win32
[2021-10-10 20:38:23,023] {subprocess.py:78} INFO - ++ '[' x '!=' x ']'
[2021-10-10 20:38:23,023] {subprocess.py:78} INFO - ++ unset old_rootsys
[2021-10-10 20:38:23,023] {subprocess.py:78} INFO - ++ unset thisroot
[2021-10-10 20:38:23,023] {subprocess.py:78} INFO - ++ unset -f drop_from_path
[2021-10-10 20:38:23,023] {subprocess.py:78} INFO - ++ unset -f clean_environment
[2021-10-10 20:38:23,023] {subprocess.py:78} INFO - ++ unset -f set_environment
[2021-10-10 20:38:23,023] {subprocess.py:78} INFO - + hadd -f /home/abd/airflow/data/bsm-search/all_merged_hist.root /home/abd/airflow/data/bsm-search/mc1_merged_hist.root /home/abd/airflow/data/bsm-search/mc2_merged_hist.root /home/abd/airflow/data/bsm-search/sig_merged_hist.root /home/abd/airflow/data/bsm-search/data_merged_hist.root
[2021-10-10 20:38:23,277] {subprocess.py:78} INFO - hadd Target file: /home/abd/airflow/data/bsm-search/all_merged_hist.root
[2021-10-10 20:38:23,282] {subprocess.py:78} INFO - hadd compression setting for all output: 1
[2021-10-10 20:38:23,329] {subprocess.py:78} INFO - hadd Source file 1: /home/abd/airflow/data/bsm-search/mc1_merged_hist.root
[2021-10-10 20:38:23,352] {subprocess.py:78} INFO - hadd Source file 2: /home/abd/airflow/data/bsm-search/mc2_merged_hist.root
[2021-10-10 20:38:23,352] {subprocess.py:78} INFO - hadd Source file 3: /home/abd/airflow/data/bsm-search/sig_merged_hist.root
[2021-10-10 20:38:23,353] {subprocess.py:78} INFO - hadd Source file 4: /home/abd/airflow/data/bsm-search/data_merged_hist.root
[2021-10-10 20:38:23,353] {subprocess.py:78} INFO - hadd Target path: /home/abd/airflow/data/bsm-search/all_merged_hist.root:/
[2021-10-10 20:38:23,374] {subprocess.py:82} INFO - Command exited with return code 0
[2021-10-10 20:38:23,386] {taskinstance.py:1212} INFO - Marking task as SUCCESS. dag_id=main, task_id=merge_hist_all.merge_hist_all_all, execution_date=20211009T000000, start_date=20211010T173822, end_date=20211010T173823
[2021-10-10 20:38:23,409] {local_task_job.py:151} INFO - Task exited with return code 0
[2021-10-10 20:38:23,422] {local_task_job.py:261} INFO - 1 downstream tasks scheduled from follow-on schedule check
