[2021-10-10 17:07:04,115] {taskinstance.py:903} INFO - Dependencies all met for <TaskInstance: example_dag_decorator.get_ip 2021-10-10T14:06:28.150306+00:00 [queued]>
[2021-10-10 17:07:04,125] {taskinstance.py:903} INFO - Dependencies all met for <TaskInstance: example_dag_decorator.get_ip 2021-10-10T14:06:28.150306+00:00 [queued]>
[2021-10-10 17:07:04,126] {taskinstance.py:1095} INFO - 
--------------------------------------------------------------------------------
[2021-10-10 17:07:04,126] {taskinstance.py:1096} INFO - Starting attempt 1 of 1
[2021-10-10 17:07:04,126] {taskinstance.py:1097} INFO - 
--------------------------------------------------------------------------------
[2021-10-10 17:07:04,135] {taskinstance.py:1115} INFO - Executing <Task(GetRequestOperator): get_ip> on 2021-10-10T14:06:28.150306+00:00
[2021-10-10 17:07:04,137] {standard_task_runner.py:52} INFO - Started process 16036 to run task
[2021-10-10 17:07:04,141] {standard_task_runner.py:76} INFO - Running: ['airflow', 'tasks', 'run', 'example_dag_decorator', 'get_ip', '2021-10-10T14:06:28.150306+00:00', '--job-id', '78', '--pool', 'default_pool', '--raw', '--subdir', '/usr/local/lib/python3.8/dist-packages/airflow/example_dags/example_dag_decorator.py', '--cfg-path', '/tmp/tmpbtdlp3dp', '--error-file', '/tmp/tmp7hd0z4xe']
[2021-10-10 17:07:04,142] {standard_task_runner.py:77} INFO - Job 78: Subtask get_ip
[2021-10-10 17:07:04,211] {logging_mixin.py:109} INFO - Running <TaskInstance: example_dag_decorator.get_ip 2021-10-10T14:06:28.150306+00:00 [running]> on host abd
[2021-10-10 17:07:04,241] {taskinstance.py:1252} INFO - Exporting the following env vars:
AIRFLOW_CTX_DAG_OWNER=airflow
AIRFLOW_CTX_DAG_ID=example_dag_decorator
AIRFLOW_CTX_TASK_ID=get_ip
AIRFLOW_CTX_EXECUTION_DATE=2021-10-10T14:06:28.150306+00:00
AIRFLOW_CTX_DAG_RUN_ID=manual__2021-10-10T14:06:28.150306+00:00
[2021-10-10 17:07:04,685] {taskinstance.py:1212} INFO - Marking task as SUCCESS. dag_id=example_dag_decorator, task_id=get_ip, execution_date=20211010T140628, start_date=20211010T140704, end_date=20211010T140704
[2021-10-10 17:07:04,714] {local_task_job.py:151} INFO - Task exited with return code 0
[2021-10-10 17:07:04,782] {local_task_job.py:261} INFO - 1 downstream tasks scheduled from follow-on schedule check
