[2021-10-10 17:06:33,770] {taskinstance.py:903} INFO - Dependencies all met for <TaskInstance: example_weekday_branch_operator.make_choice 2021-10-09T00:00:00+00:00 [queued]>
[2021-10-10 17:06:33,778] {taskinstance.py:903} INFO - Dependencies all met for <TaskInstance: example_weekday_branch_operator.make_choice 2021-10-09T00:00:00+00:00 [queued]>
[2021-10-10 17:06:33,778] {taskinstance.py:1095} INFO - 
--------------------------------------------------------------------------------
[2021-10-10 17:06:33,778] {taskinstance.py:1096} INFO - Starting attempt 1 of 1
[2021-10-10 17:06:33,778] {taskinstance.py:1097} INFO - 
--------------------------------------------------------------------------------
[2021-10-10 17:06:33,792] {taskinstance.py:1115} INFO - Executing <Task(BranchDayOfWeekOperator): make_choice> on 2021-10-09T00:00:00+00:00
[2021-10-10 17:06:33,794] {standard_task_runner.py:52} INFO - Started process 15964 to run task
[2021-10-10 17:06:33,797] {standard_task_runner.py:76} INFO - Running: ['airflow', 'tasks', 'run', 'example_weekday_branch_operator', 'make_choice', '2021-10-09T00:00:00+00:00', '--job-id', '56', '--pool', 'default_pool', '--raw', '--subdir', '/usr/local/lib/python3.8/dist-packages/airflow/example_dags/example_branch_day_of_week_operator.py', '--cfg-path', '/tmp/tmp6gk4xlvs', '--error-file', '/tmp/tmpydh4mqv5']
[2021-10-10 17:06:33,797] {standard_task_runner.py:77} INFO - Job 56: Subtask make_choice
[2021-10-10 17:06:33,870] {logging_mixin.py:109} INFO - Running <TaskInstance: example_weekday_branch_operator.make_choice 2021-10-09T00:00:00+00:00 [running]> on host abd
[2021-10-10 17:06:33,917] {taskinstance.py:1252} INFO - Exporting the following env vars:
AIRFLOW_CTX_DAG_OWNER=airflow
AIRFLOW_CTX_DAG_ID=example_weekday_branch_operator
AIRFLOW_CTX_TASK_ID=make_choice
AIRFLOW_CTX_EXECUTION_DATE=2021-10-09T00:00:00+00:00
AIRFLOW_CTX_DAG_RUN_ID=scheduled__2021-10-09T00:00:00+00:00
[2021-10-10 17:06:33,917] {skipmixin.py:124} INFO - Following branch branch_false
[2021-10-10 17:06:33,920] {skipmixin.py:155} INFO - Skipping tasks ['branch_true']
[2021-10-10 17:06:33,959] {taskinstance.py:1212} INFO - Marking task as SUCCESS. dag_id=example_weekday_branch_operator, task_id=make_choice, execution_date=20211009T000000, start_date=20211010T140633, end_date=20211010T140633
[2021-10-10 17:06:34,008] {local_task_job.py:151} INFO - Task exited with return code 0
[2021-10-10 17:06:34,077] {local_task_job.py:261} INFO - 1 downstream tasks scheduled from follow-on schedule check
