[2021-10-10 17:06:40,134] {taskinstance.py:903} INFO - Dependencies all met for <TaskInstance: example_xcom.push 2021-10-08T00:00:00+00:00 [queued]>
[2021-10-10 17:06:40,139] {taskinstance.py:903} INFO - Dependencies all met for <TaskInstance: example_xcom.push 2021-10-08T00:00:00+00:00 [queued]>
[2021-10-10 17:06:40,140] {taskinstance.py:1095} INFO - 
--------------------------------------------------------------------------------
[2021-10-10 17:06:40,140] {taskinstance.py:1096} INFO - Starting attempt 1 of 1
[2021-10-10 17:06:40,140] {taskinstance.py:1097} INFO - 
--------------------------------------------------------------------------------
[2021-10-10 17:06:40,150] {taskinstance.py:1115} INFO - Executing <Task(PythonOperator): push> on 2021-10-08T00:00:00+00:00
[2021-10-10 17:06:40,151] {standard_task_runner.py:52} INFO - Started process 15979 to run task
[2021-10-10 17:06:40,154] {standard_task_runner.py:76} INFO - Running: ['airflow', 'tasks', 'run', 'example_xcom', 'push', '2021-10-08T00:00:00+00:00', '--job-id', '61', '--pool', 'default_pool', '--raw', '--subdir', '/usr/local/lib/python3.8/dist-packages/airflow/example_dags/example_xcom.py', '--cfg-path', '/tmp/tmp55rq27wa', '--error-file', '/tmp/tmpe0amsxri']
[2021-10-10 17:06:40,155] {standard_task_runner.py:77} INFO - Job 61: Subtask push
[2021-10-10 17:06:40,217] {logging_mixin.py:109} INFO - Running <TaskInstance: example_xcom.push 2021-10-08T00:00:00+00:00 [running]> on host abd
[2021-10-10 17:06:40,244] {taskinstance.py:1252} INFO - Exporting the following env vars:
AIRFLOW_CTX_DAG_OWNER=airflow
AIRFLOW_CTX_DAG_ID=example_xcom
AIRFLOW_CTX_TASK_ID=push
AIRFLOW_CTX_EXECUTION_DATE=2021-10-08T00:00:00+00:00
AIRFLOW_CTX_DAG_RUN_ID=scheduled__2021-10-08T00:00:00+00:00
[2021-10-10 17:06:40,253] {python.py:151} INFO - Done. Returned value was: None
[2021-10-10 17:06:40,257] {taskinstance.py:1212} INFO - Marking task as SUCCESS. dag_id=example_xcom, task_id=push, execution_date=20211008T000000, start_date=20211010T140640, end_date=20211010T140640
[2021-10-10 17:06:40,285] {local_task_job.py:151} INFO - Task exited with return code 0
[2021-10-10 17:06:40,356] {local_task_job.py:261} INFO - 0 downstream tasks scheduled from follow-on schedule check
