[2021-10-10 17:18:25,706] {taskinstance.py:903} INFO - Dependencies all met for <TaskInstance: main.mc.mc2.scatter_group_mc2.scatter_mc2 2021-10-09T00:00:00+00:00 [queued]>
[2021-10-10 17:18:25,712] {taskinstance.py:903} INFO - Dependencies all met for <TaskInstance: main.mc.mc2.scatter_group_mc2.scatter_mc2 2021-10-09T00:00:00+00:00 [queued]>
[2021-10-10 17:18:25,713] {taskinstance.py:1095} INFO - 
--------------------------------------------------------------------------------
[2021-10-10 17:18:25,713] {taskinstance.py:1096} INFO - Starting attempt 1 of 2
[2021-10-10 17:18:25,713] {taskinstance.py:1097} INFO - 
--------------------------------------------------------------------------------
[2021-10-10 17:18:25,719] {taskinstance.py:1115} INFO - Executing <Task(PythonOperator): mc.mc2.scatter_group_mc2.scatter_mc2> on 2021-10-09T00:00:00+00:00
[2021-10-10 17:18:25,721] {standard_task_runner.py:52} INFO - Started process 19752 to run task
[2021-10-10 17:18:25,725] {standard_task_runner.py:76} INFO - Running: ['airflow', 'tasks', 'run', 'main', 'mc.mc2.scatter_group_mc2.scatter_mc2', '2021-10-09T00:00:00+00:00', '--job-id', '569', '--pool', 'default_pool', '--raw', '--subdir', 'DAGS_FOLDER/main.py', '--cfg-path', '/tmp/tmpdg4o5dgl', '--error-file', '/tmp/tmpx8pzcziz']
[2021-10-10 17:18:25,725] {standard_task_runner.py:77} INFO - Job 569: Subtask mc.mc2.scatter_group_mc2.scatter_mc2
[2021-10-10 17:18:25,746] {logging_mixin.py:109} INFO - Running <TaskInstance: main.mc.mc2.scatter_group_mc2.scatter_mc2 2021-10-09T00:00:00+00:00 [running]> on host abd
[2021-10-10 17:18:25,768] {taskinstance.py:1252} INFO - Exporting the following env vars:
AIRFLOW_CTX_DAG_OWNER=admin
AIRFLOW_CTX_DAG_ID=main
AIRFLOW_CTX_TASK_ID=mc.mc2.scatter_group_mc2.scatter_mc2
AIRFLOW_CTX_EXECUTION_DATE=2021-10-09T00:00:00+00:00
AIRFLOW_CTX_DAG_RUN_ID=scheduled__2021-10-09T00:00:00+00:00
[2021-10-10 17:18:25,768] {python.py:151} INFO - Done. Returned value was: None
[2021-10-10 17:18:25,770] {taskinstance.py:1212} INFO - Marking task as SUCCESS. dag_id=main, task_id=mc.mc2.scatter_group_mc2.scatter_mc2, execution_date=20211009T000000, start_date=20211010T141825, end_date=20211010T141825
[2021-10-10 17:18:25,815] {local_task_job.py:151} INFO - Task exited with return code 0
[2021-10-10 17:18:25,838] {local_task_job.py:261} INFO - 4 downstream tasks scheduled from follow-on schedule check
[2021-10-10 17:27:53,257] {taskinstance.py:903} INFO - Dependencies all met for <TaskInstance: main.mc.mc2.scatter_group_mc2.scatter_mc2 2021-10-09T00:00:00+00:00 [queued]>
[2021-10-10 17:27:53,263] {taskinstance.py:903} INFO - Dependencies all met for <TaskInstance: main.mc.mc2.scatter_group_mc2.scatter_mc2 2021-10-09T00:00:00+00:00 [queued]>
[2021-10-10 17:27:53,263] {taskinstance.py:1095} INFO - 
--------------------------------------------------------------------------------
[2021-10-10 17:27:53,263] {taskinstance.py:1096} INFO - Starting attempt 1 of 2
[2021-10-10 17:27:53,263] {taskinstance.py:1097} INFO - 
--------------------------------------------------------------------------------
[2021-10-10 17:27:53,269] {taskinstance.py:1115} INFO - Executing <Task(PythonOperator): mc.mc2.scatter_group_mc2.scatter_mc2> on 2021-10-09T00:00:00+00:00
[2021-10-10 17:27:53,271] {standard_task_runner.py:52} INFO - Started process 21493 to run task
[2021-10-10 17:27:53,274] {standard_task_runner.py:76} INFO - Running: ['airflow', 'tasks', 'run', 'main', 'mc.mc2.scatter_group_mc2.scatter_mc2', '2021-10-09T00:00:00+00:00', '--job-id', '569', '--pool', 'default_pool', '--raw', '--subdir', 'DAGS_FOLDER/main.py', '--cfg-path', '/tmp/tmpbpffoicx', '--error-file', '/tmp/tmpp8ly9g_6']
[2021-10-10 17:27:53,274] {standard_task_runner.py:77} INFO - Job 569: Subtask mc.mc2.scatter_group_mc2.scatter_mc2
[2021-10-10 17:27:53,293] {logging_mixin.py:109} INFO - Running <TaskInstance: main.mc.mc2.scatter_group_mc2.scatter_mc2 2021-10-09T00:00:00+00:00 [running]> on host abd
[2021-10-10 17:27:53,315] {taskinstance.py:1252} INFO - Exporting the following env vars:
AIRFLOW_CTX_DAG_OWNER=admin
AIRFLOW_CTX_DAG_ID=main
AIRFLOW_CTX_TASK_ID=mc.mc2.scatter_group_mc2.scatter_mc2
AIRFLOW_CTX_EXECUTION_DATE=2021-10-09T00:00:00+00:00
AIRFLOW_CTX_DAG_RUN_ID=scheduled__2021-10-09T00:00:00+00:00
[2021-10-10 17:27:53,316] {python.py:151} INFO - Done. Returned value was: None
[2021-10-10 17:27:53,318] {taskinstance.py:1212} INFO - Marking task as SUCCESS. dag_id=main, task_id=mc.mc2.scatter_group_mc2.scatter_mc2, execution_date=20211009T000000, start_date=20211010T142753, end_date=20211010T142753
[2021-10-10 17:27:53,365] {local_task_job.py:151} INFO - Task exited with return code 0
[2021-10-10 17:27:53,389] {local_task_job.py:261} INFO - 4 downstream tasks scheduled from follow-on schedule check
[2021-10-10 17:31:29,699] {taskinstance.py:903} INFO - Dependencies all met for <TaskInstance: main.mc.mc2.scatter_group_mc2.scatter_mc2 2021-10-09T00:00:00+00:00 [queued]>
[2021-10-10 17:31:29,706] {taskinstance.py:903} INFO - Dependencies all met for <TaskInstance: main.mc.mc2.scatter_group_mc2.scatter_mc2 2021-10-09T00:00:00+00:00 [queued]>
[2021-10-10 17:31:29,706] {taskinstance.py:1095} INFO - 
--------------------------------------------------------------------------------
[2021-10-10 17:31:29,706] {taskinstance.py:1096} INFO - Starting attempt 1 of 2
[2021-10-10 17:31:29,706] {taskinstance.py:1097} INFO - 
--------------------------------------------------------------------------------
[2021-10-10 17:31:29,714] {taskinstance.py:1115} INFO - Executing <Task(PythonOperator): mc.mc2.scatter_group_mc2.scatter_mc2> on 2021-10-09T00:00:00+00:00
[2021-10-10 17:31:29,716] {standard_task_runner.py:52} INFO - Started process 22112 to run task
[2021-10-10 17:31:29,720] {standard_task_runner.py:76} INFO - Running: ['airflow', 'tasks', 'run', 'main', 'mc.mc2.scatter_group_mc2.scatter_mc2', '2021-10-09T00:00:00+00:00', '--job-id', '569', '--pool', 'default_pool', '--raw', '--subdir', 'DAGS_FOLDER/main.py', '--cfg-path', '/tmp/tmpmv4p6tje', '--error-file', '/tmp/tmpstuc2wad']
[2021-10-10 17:31:29,721] {standard_task_runner.py:77} INFO - Job 569: Subtask mc.mc2.scatter_group_mc2.scatter_mc2
[2021-10-10 17:31:29,742] {logging_mixin.py:109} INFO - Running <TaskInstance: main.mc.mc2.scatter_group_mc2.scatter_mc2 2021-10-09T00:00:00+00:00 [running]> on host abd
[2021-10-10 17:31:29,764] {taskinstance.py:1252} INFO - Exporting the following env vars:
AIRFLOW_CTX_DAG_OWNER=admin
AIRFLOW_CTX_DAG_ID=main
AIRFLOW_CTX_TASK_ID=mc.mc2.scatter_group_mc2.scatter_mc2
AIRFLOW_CTX_EXECUTION_DATE=2021-10-09T00:00:00+00:00
AIRFLOW_CTX_DAG_RUN_ID=scheduled__2021-10-09T00:00:00+00:00
[2021-10-10 17:31:29,765] {python.py:151} INFO - Done. Returned value was: None
[2021-10-10 17:31:29,767] {taskinstance.py:1212} INFO - Marking task as SUCCESS. dag_id=main, task_id=mc.mc2.scatter_group_mc2.scatter_mc2, execution_date=20211009T000000, start_date=20211010T143129, end_date=20211010T143129
[2021-10-10 17:31:29,811] {local_task_job.py:151} INFO - Task exited with return code 0
[2021-10-10 17:31:29,826] {local_task_job.py:261} INFO - 4 downstream tasks scheduled from follow-on schedule check
[2021-10-10 19:36:13,798] {taskinstance.py:903} INFO - Dependencies all met for <TaskInstance: main.mc.mc2.scatter_group_mc2.scatter_mc2 2021-10-09T00:00:00+00:00 [queued]>
[2021-10-10 19:36:13,805] {taskinstance.py:903} INFO - Dependencies all met for <TaskInstance: main.mc.mc2.scatter_group_mc2.scatter_mc2 2021-10-09T00:00:00+00:00 [queued]>
[2021-10-10 19:36:13,806] {taskinstance.py:1095} INFO - 
--------------------------------------------------------------------------------
[2021-10-10 19:36:13,806] {taskinstance.py:1096} INFO - Starting attempt 1 of 2
[2021-10-10 19:36:13,806] {taskinstance.py:1097} INFO - 
--------------------------------------------------------------------------------
[2021-10-10 19:36:13,812] {taskinstance.py:1115} INFO - Executing <Task(PythonOperator): mc.mc2.scatter_group_mc2.scatter_mc2> on 2021-10-09T00:00:00+00:00
[2021-10-10 19:36:13,813] {standard_task_runner.py:52} INFO - Started process 55711 to run task
[2021-10-10 19:36:13,816] {standard_task_runner.py:76} INFO - Running: ['airflow', 'tasks', 'run', 'main', 'mc.mc2.scatter_group_mc2.scatter_mc2', '2021-10-09T00:00:00+00:00', '--job-id', '569', '--pool', 'default_pool', '--raw', '--subdir', 'DAGS_FOLDER/main.py', '--cfg-path', '/tmp/tmpy2kp505l', '--error-file', '/tmp/tmpp4s_nc93']
[2021-10-10 19:36:13,817] {standard_task_runner.py:77} INFO - Job 569: Subtask mc.mc2.scatter_group_mc2.scatter_mc2
[2021-10-10 19:36:13,835] {logging_mixin.py:109} INFO - Running <TaskInstance: main.mc.mc2.scatter_group_mc2.scatter_mc2 2021-10-09T00:00:00+00:00 [running]> on host abd
[2021-10-10 19:36:13,857] {taskinstance.py:1252} INFO - Exporting the following env vars:
AIRFLOW_CTX_DAG_OWNER=admin
AIRFLOW_CTX_DAG_ID=main
AIRFLOW_CTX_TASK_ID=mc.mc2.scatter_group_mc2.scatter_mc2
AIRFLOW_CTX_EXECUTION_DATE=2021-10-09T00:00:00+00:00
AIRFLOW_CTX_DAG_RUN_ID=scheduled__2021-10-09T00:00:00+00:00
[2021-10-10 19:36:13,858] {python.py:151} INFO - Done. Returned value was: None
[2021-10-10 19:36:13,860] {taskinstance.py:1212} INFO - Marking task as SUCCESS. dag_id=main, task_id=mc.mc2.scatter_group_mc2.scatter_mc2, execution_date=20211009T000000, start_date=20211010T163613, end_date=20211010T163613
[2021-10-10 19:36:13,907] {local_task_job.py:151} INFO - Task exited with return code 0
[2021-10-10 19:36:13,950] {local_task_job.py:261} INFO - 4 downstream tasks scheduled from follow-on schedule check
[2021-10-10 19:45:53,666] {taskinstance.py:903} INFO - Dependencies all met for <TaskInstance: main.mc.mc2.scatter_group_mc2.scatter_mc2 2021-10-09T00:00:00+00:00 [queued]>
[2021-10-10 19:45:53,674] {taskinstance.py:903} INFO - Dependencies all met for <TaskInstance: main.mc.mc2.scatter_group_mc2.scatter_mc2 2021-10-09T00:00:00+00:00 [queued]>
[2021-10-10 19:45:53,674] {taskinstance.py:1095} INFO - 
--------------------------------------------------------------------------------
[2021-10-10 19:45:53,674] {taskinstance.py:1096} INFO - Starting attempt 1 of 2
[2021-10-10 19:45:53,675] {taskinstance.py:1097} INFO - 
--------------------------------------------------------------------------------
[2021-10-10 19:45:53,681] {taskinstance.py:1115} INFO - Executing <Task(PythonOperator): mc.mc2.scatter_group_mc2.scatter_mc2> on 2021-10-09T00:00:00+00:00
[2021-10-10 19:45:53,683] {standard_task_runner.py:52} INFO - Started process 59012 to run task
[2021-10-10 19:45:53,685] {standard_task_runner.py:76} INFO - Running: ['airflow', 'tasks', 'run', 'main', 'mc.mc2.scatter_group_mc2.scatter_mc2', '2021-10-09T00:00:00+00:00', '--job-id', '569', '--pool', 'default_pool', '--raw', '--subdir', 'DAGS_FOLDER/main.py', '--cfg-path', '/tmp/tmpnoz4armc', '--error-file', '/tmp/tmp14zcvk74']
[2021-10-10 19:45:53,686] {standard_task_runner.py:77} INFO - Job 569: Subtask mc.mc2.scatter_group_mc2.scatter_mc2
[2021-10-10 19:45:53,706] {logging_mixin.py:109} INFO - Running <TaskInstance: main.mc.mc2.scatter_group_mc2.scatter_mc2 2021-10-09T00:00:00+00:00 [running]> on host abd
[2021-10-10 19:45:53,730] {taskinstance.py:1252} INFO - Exporting the following env vars:
AIRFLOW_CTX_DAG_OWNER=admin
AIRFLOW_CTX_DAG_ID=main
AIRFLOW_CTX_TASK_ID=mc.mc2.scatter_group_mc2.scatter_mc2
AIRFLOW_CTX_EXECUTION_DATE=2021-10-09T00:00:00+00:00
AIRFLOW_CTX_DAG_RUN_ID=scheduled__2021-10-09T00:00:00+00:00
[2021-10-10 19:45:53,730] {python.py:151} INFO - Done. Returned value was: None
[2021-10-10 19:45:53,733] {taskinstance.py:1212} INFO - Marking task as SUCCESS. dag_id=main, task_id=mc.mc2.scatter_group_mc2.scatter_mc2, execution_date=20211009T000000, start_date=20211010T164553, end_date=20211010T164553
[2021-10-10 19:45:53,776] {local_task_job.py:151} INFO - Task exited with return code 0
[2021-10-10 19:45:53,791] {local_task_job.py:261} INFO - 4 downstream tasks scheduled from follow-on schedule check
[2021-10-10 19:55:46,009] {taskinstance.py:903} INFO - Dependencies all met for <TaskInstance: main.mc.mc2.scatter_group_mc2.scatter_mc2 2021-10-09T00:00:00+00:00 [queued]>
[2021-10-10 19:55:46,017] {taskinstance.py:903} INFO - Dependencies all met for <TaskInstance: main.mc.mc2.scatter_group_mc2.scatter_mc2 2021-10-09T00:00:00+00:00 [queued]>
[2021-10-10 19:55:46,017] {taskinstance.py:1095} INFO - 
--------------------------------------------------------------------------------
[2021-10-10 19:55:46,017] {taskinstance.py:1096} INFO - Starting attempt 1 of 2
[2021-10-10 19:55:46,017] {taskinstance.py:1097} INFO - 
--------------------------------------------------------------------------------
[2021-10-10 19:55:46,024] {taskinstance.py:1115} INFO - Executing <Task(PythonOperator): mc.mc2.scatter_group_mc2.scatter_mc2> on 2021-10-09T00:00:00+00:00
[2021-10-10 19:55:46,026] {standard_task_runner.py:52} INFO - Started process 62615 to run task
[2021-10-10 19:55:46,029] {standard_task_runner.py:76} INFO - Running: ['airflow', 'tasks', 'run', 'main', 'mc.mc2.scatter_group_mc2.scatter_mc2', '2021-10-09T00:00:00+00:00', '--job-id', '570', '--pool', 'default_pool', '--raw', '--subdir', 'DAGS_FOLDER/main.py', '--cfg-path', '/tmp/tmpex_pwhji', '--error-file', '/tmp/tmpz3f6pfsi']
[2021-10-10 19:55:46,030] {standard_task_runner.py:77} INFO - Job 570: Subtask mc.mc2.scatter_group_mc2.scatter_mc2
[2021-10-10 19:55:46,054] {logging_mixin.py:109} INFO - Running <TaskInstance: main.mc.mc2.scatter_group_mc2.scatter_mc2 2021-10-09T00:00:00+00:00 [running]> on host abd
[2021-10-10 19:55:46,079] {taskinstance.py:1252} INFO - Exporting the following env vars:
AIRFLOW_CTX_DAG_OWNER=admin
AIRFLOW_CTX_DAG_ID=main
AIRFLOW_CTX_TASK_ID=mc.mc2.scatter_group_mc2.scatter_mc2
AIRFLOW_CTX_EXECUTION_DATE=2021-10-09T00:00:00+00:00
AIRFLOW_CTX_DAG_RUN_ID=scheduled__2021-10-09T00:00:00+00:00
[2021-10-10 19:55:46,079] {python.py:151} INFO - Done. Returned value was: None
[2021-10-10 19:55:46,083] {taskinstance.py:1212} INFO - Marking task as SUCCESS. dag_id=main, task_id=mc.mc2.scatter_group_mc2.scatter_mc2, execution_date=20211009T000000, start_date=20211010T165546, end_date=20211010T165546
[2021-10-10 19:55:46,120] {local_task_job.py:151} INFO - Task exited with return code 0
[2021-10-10 19:55:46,135] {local_task_job.py:261} INFO - 4 downstream tasks scheduled from follow-on schedule check
[2021-10-10 20:17:15,553] {taskinstance.py:903} INFO - Dependencies all met for <TaskInstance: main.mc.mc2.scatter_group_mc2.scatter_mc2 2021-10-09T00:00:00+00:00 [queued]>
[2021-10-10 20:17:15,559] {taskinstance.py:903} INFO - Dependencies all met for <TaskInstance: main.mc.mc2.scatter_group_mc2.scatter_mc2 2021-10-09T00:00:00+00:00 [queued]>
[2021-10-10 20:17:15,559] {taskinstance.py:1095} INFO - 
--------------------------------------------------------------------------------
[2021-10-10 20:17:15,559] {taskinstance.py:1096} INFO - Starting attempt 1 of 2
[2021-10-10 20:17:15,559] {taskinstance.py:1097} INFO - 
--------------------------------------------------------------------------------
[2021-10-10 20:17:15,566] {taskinstance.py:1115} INFO - Executing <Task(PythonOperator): mc.mc2.scatter_group_mc2.scatter_mc2> on 2021-10-09T00:00:00+00:00
[2021-10-10 20:17:15,568] {standard_task_runner.py:52} INFO - Started process 9627 to run task
[2021-10-10 20:17:15,571] {standard_task_runner.py:76} INFO - Running: ['airflow', 'tasks', 'run', 'main', 'mc.mc2.scatter_group_mc2.scatter_mc2', '2021-10-09T00:00:00+00:00', '--job-id', '571', '--pool', 'default_pool', '--raw', '--subdir', 'DAGS_FOLDER/main.py', '--cfg-path', '/tmp/tmp6pdw88lo', '--error-file', '/tmp/tmpx0govx5a']
[2021-10-10 20:17:15,571] {standard_task_runner.py:77} INFO - Job 571: Subtask mc.mc2.scatter_group_mc2.scatter_mc2
[2021-10-10 20:17:15,591] {logging_mixin.py:109} INFO - Running <TaskInstance: main.mc.mc2.scatter_group_mc2.scatter_mc2 2021-10-09T00:00:00+00:00 [running]> on host abd
[2021-10-10 20:17:15,615] {taskinstance.py:1252} INFO - Exporting the following env vars:
AIRFLOW_CTX_DAG_OWNER=admin
AIRFLOW_CTX_DAG_ID=main
AIRFLOW_CTX_TASK_ID=mc.mc2.scatter_group_mc2.scatter_mc2
AIRFLOW_CTX_EXECUTION_DATE=2021-10-09T00:00:00+00:00
AIRFLOW_CTX_DAG_RUN_ID=scheduled__2021-10-09T00:00:00+00:00
[2021-10-10 20:17:15,616] {python.py:151} INFO - Done. Returned value was: None
[2021-10-10 20:17:15,619] {taskinstance.py:1212} INFO - Marking task as SUCCESS. dag_id=main, task_id=mc.mc2.scatter_group_mc2.scatter_mc2, execution_date=20211009T000000, start_date=20211010T171715, end_date=20211010T171715
[2021-10-10 20:17:15,662] {local_task_job.py:151} INFO - Task exited with return code 0
[2021-10-10 20:17:15,677] {local_task_job.py:261} INFO - 4 downstream tasks scheduled from follow-on schedule check
[2021-10-10 20:36:41,124] {taskinstance.py:903} INFO - Dependencies all met for <TaskInstance: main.mc.mc2.scatter_group_mc2.scatter_mc2 2021-10-09T00:00:00+00:00 [queued]>
[2021-10-10 20:36:41,131] {taskinstance.py:903} INFO - Dependencies all met for <TaskInstance: main.mc.mc2.scatter_group_mc2.scatter_mc2 2021-10-09T00:00:00+00:00 [queued]>
[2021-10-10 20:36:41,131] {taskinstance.py:1095} INFO - 
--------------------------------------------------------------------------------
[2021-10-10 20:36:41,131] {taskinstance.py:1096} INFO - Starting attempt 1 of 2
[2021-10-10 20:36:41,131] {taskinstance.py:1097} INFO - 
--------------------------------------------------------------------------------
[2021-10-10 20:36:41,138] {taskinstance.py:1115} INFO - Executing <Task(PythonOperator): mc.mc2.scatter_group_mc2.scatter_mc2> on 2021-10-09T00:00:00+00:00
[2021-10-10 20:36:41,139] {standard_task_runner.py:52} INFO - Started process 14178 to run task
[2021-10-10 20:36:41,143] {standard_task_runner.py:76} INFO - Running: ['airflow', 'tasks', 'run', 'main', 'mc.mc2.scatter_group_mc2.scatter_mc2', '2021-10-09T00:00:00+00:00', '--job-id', '571', '--pool', 'default_pool', '--raw', '--subdir', 'DAGS_FOLDER/main.py', '--cfg-path', '/tmp/tmpuxg2c3vs', '--error-file', '/tmp/tmpbv52dmrv']
[2021-10-10 20:36:41,143] {standard_task_runner.py:77} INFO - Job 571: Subtask mc.mc2.scatter_group_mc2.scatter_mc2
[2021-10-10 20:36:41,164] {logging_mixin.py:109} INFO - Running <TaskInstance: main.mc.mc2.scatter_group_mc2.scatter_mc2 2021-10-09T00:00:00+00:00 [running]> on host abd
[2021-10-10 20:36:41,189] {taskinstance.py:1252} INFO - Exporting the following env vars:
AIRFLOW_CTX_DAG_OWNER=admin
AIRFLOW_CTX_DAG_ID=main
AIRFLOW_CTX_TASK_ID=mc.mc2.scatter_group_mc2.scatter_mc2
AIRFLOW_CTX_EXECUTION_DATE=2021-10-09T00:00:00+00:00
AIRFLOW_CTX_DAG_RUN_ID=scheduled__2021-10-09T00:00:00+00:00
[2021-10-10 20:36:41,190] {python.py:151} INFO - Done. Returned value was: None
[2021-10-10 20:36:41,193] {taskinstance.py:1212} INFO - Marking task as SUCCESS. dag_id=main, task_id=mc.mc2.scatter_group_mc2.scatter_mc2, execution_date=20211009T000000, start_date=20211010T173641, end_date=20211010T173641
[2021-10-10 20:36:41,233] {local_task_job.py:151} INFO - Task exited with return code 0
[2021-10-10 20:36:41,259] {local_task_job.py:261} INFO - 4 downstream tasks scheduled from follow-on schedule check
