[2021-10-10 17:18:41,900] {taskinstance.py:903} INFO - Dependencies all met for <TaskInstance: main.singal.generate_group_sig.generate_sig_2 2021-10-09T00:00:00+00:00 [queued]>
[2021-10-10 17:18:41,906] {taskinstance.py:903} INFO - Dependencies all met for <TaskInstance: main.singal.generate_group_sig.generate_sig_2 2021-10-09T00:00:00+00:00 [queued]>
[2021-10-10 17:18:41,906] {taskinstance.py:1095} INFO - 
--------------------------------------------------------------------------------
[2021-10-10 17:18:41,906] {taskinstance.py:1096} INFO - Starting attempt 1 of 2
[2021-10-10 17:18:41,906] {taskinstance.py:1097} INFO - 
--------------------------------------------------------------------------------
[2021-10-10 17:18:41,913] {taskinstance.py:1115} INFO - Executing <Task(BashOperator): singal.generate_group_sig.generate_sig_2> on 2021-10-09T00:00:00+00:00
[2021-10-10 17:18:41,914] {standard_task_runner.py:52} INFO - Started process 19884 to run task
[2021-10-10 17:18:41,917] {standard_task_runner.py:76} INFO - Running: ['airflow', 'tasks', 'run', 'main', 'singal.generate_group_sig.generate_sig_2', '2021-10-09T00:00:00+00:00', '--job-id', '586', '--pool', 'default_pool', '--raw', '--subdir', 'DAGS_FOLDER/main.py', '--cfg-path', '/tmp/tmprb_ddy6b', '--error-file', '/tmp/tmpg4d98j3t']
[2021-10-10 17:18:41,918] {standard_task_runner.py:77} INFO - Job 586: Subtask singal.generate_group_sig.generate_sig_2
[2021-10-10 17:18:41,937] {logging_mixin.py:109} INFO - Running <TaskInstance: main.singal.generate_group_sig.generate_sig_2 2021-10-09T00:00:00+00:00 [running]> on host abd
[2021-10-10 17:18:41,962] {taskinstance.py:1252} INFO - Exporting the following env vars:
AIRFLOW_CTX_DAG_OWNER=admin
AIRFLOW_CTX_DAG_ID=main
AIRFLOW_CTX_TASK_ID=singal.generate_group_sig.generate_sig_2
AIRFLOW_CTX_EXECUTION_DATE=2021-10-09T00:00:00+00:00
AIRFLOW_CTX_DAG_RUN_ID=scheduled__2021-10-09T00:00:00+00:00
[2021-10-10 17:18:41,962] {subprocess.py:52} INFO - Tmp dir root location: 
 /tmp
[2021-10-10 17:18:41,963] {subprocess.py:63} INFO - Running command: ['bash', '-c', '\n            set -x\n            source ${thisroot}/thisroot.sh\n            pwd\n            python ${code}/generatetuple.py ${type} ${nevents} ${base_dir}/${type}_${jobnumber}.root\n            ']
[2021-10-10 17:18:41,966] {subprocess.py:74} INFO - Output:
[2021-10-10 17:18:41,967] {subprocess.py:78} INFO - + source /home/abd/root/root-6.24.06-install/bin/thisroot.sh
[2021-10-10 17:18:41,967] {subprocess.py:78} INFO - bash: line 2: /home/abd/root/root-6.24.06-install/bin/thisroot.sh: No such file or directory
[2021-10-10 17:18:41,967] {subprocess.py:78} INFO - + pwd
[2021-10-10 17:18:41,967] {subprocess.py:78} INFO - /tmp/airflowtmpjgkq6t9s
[2021-10-10 17:18:41,967] {subprocess.py:78} INFO - + python /home/abd/airflow/code/generatetuple.py sig 40000 /home/abd/airflow/data/bsm-search/sig_2.root
[2021-10-10 17:18:41,974] {subprocess.py:78} INFO - python: can't open file '/home/abd/airflow/code/generatetuple.py': [Errno 2] No such file or directory
[2021-10-10 17:18:41,974] {subprocess.py:82} INFO - Command exited with return code 2
[2021-10-10 17:18:41,978] {taskinstance.py:1463} ERROR - Task failed with exception
Traceback (most recent call last):
  File "/usr/local/lib/python3.8/dist-packages/airflow/models/taskinstance.py", line 1165, in _run_raw_task
    self._prepare_and_execute_task_with_callbacks(context, task)
  File "/usr/local/lib/python3.8/dist-packages/airflow/models/taskinstance.py", line 1283, in _prepare_and_execute_task_with_callbacks
    result = self._execute_task(context, task_copy)
  File "/usr/local/lib/python3.8/dist-packages/airflow/models/taskinstance.py", line 1313, in _execute_task
    result = task_copy.execute(context=context)
  File "/usr/local/lib/python3.8/dist-packages/airflow/operators/bash.py", line 176, in execute
    raise AirflowException('Bash command failed. The command returned a non-zero exit code.')
airflow.exceptions.AirflowException: Bash command failed. The command returned a non-zero exit code.
[2021-10-10 17:18:41,980] {taskinstance.py:1506} INFO - Marking task as UP_FOR_RETRY. dag_id=main, task_id=singal.generate_group_sig.generate_sig_2, execution_date=20211009T000000, start_date=20211010T141841, end_date=20211010T141841
[2021-10-10 17:18:42,008] {local_task_job.py:151} INFO - Task exited with return code 1
[2021-10-10 17:18:42,019] {local_task_job.py:261} INFO - 0 downstream tasks scheduled from follow-on schedule check
[2021-10-10 17:28:09,685] {taskinstance.py:903} INFO - Dependencies all met for <TaskInstance: main.singal.generate_group_sig.generate_sig_2 2021-10-09T00:00:00+00:00 [queued]>
[2021-10-10 17:28:09,692] {taskinstance.py:903} INFO - Dependencies all met for <TaskInstance: main.singal.generate_group_sig.generate_sig_2 2021-10-09T00:00:00+00:00 [queued]>
[2021-10-10 17:28:09,692] {taskinstance.py:1095} INFO - 
--------------------------------------------------------------------------------
[2021-10-10 17:28:09,692] {taskinstance.py:1096} INFO - Starting attempt 1 of 2
[2021-10-10 17:28:09,692] {taskinstance.py:1097} INFO - 
--------------------------------------------------------------------------------
[2021-10-10 17:28:09,699] {taskinstance.py:1115} INFO - Executing <Task(BashOperator): singal.generate_group_sig.generate_sig_2> on 2021-10-09T00:00:00+00:00
[2021-10-10 17:28:09,700] {standard_task_runner.py:52} INFO - Started process 21579 to run task
[2021-10-10 17:28:09,703] {standard_task_runner.py:76} INFO - Running: ['airflow', 'tasks', 'run', 'main', 'singal.generate_group_sig.generate_sig_2', '2021-10-09T00:00:00+00:00', '--job-id', '586', '--pool', 'default_pool', '--raw', '--subdir', 'DAGS_FOLDER/main.py', '--cfg-path', '/tmp/tmp_mvmamw9', '--error-file', '/tmp/tmpetj41vzi']
[2021-10-10 17:28:09,704] {standard_task_runner.py:77} INFO - Job 586: Subtask singal.generate_group_sig.generate_sig_2
[2021-10-10 17:28:09,725] {logging_mixin.py:109} INFO - Running <TaskInstance: main.singal.generate_group_sig.generate_sig_2 2021-10-09T00:00:00+00:00 [running]> on host abd
[2021-10-10 17:28:09,750] {taskinstance.py:1252} INFO - Exporting the following env vars:
AIRFLOW_CTX_DAG_OWNER=admin
AIRFLOW_CTX_DAG_ID=main
AIRFLOW_CTX_TASK_ID=singal.generate_group_sig.generate_sig_2
AIRFLOW_CTX_EXECUTION_DATE=2021-10-09T00:00:00+00:00
AIRFLOW_CTX_DAG_RUN_ID=scheduled__2021-10-09T00:00:00+00:00
[2021-10-10 17:28:09,751] {subprocess.py:52} INFO - Tmp dir root location: 
 /tmp
[2021-10-10 17:28:09,751] {subprocess.py:63} INFO - Running command: ['bash', '-c', '\n            set -x\n            source ${thisroot}/thisroot.sh\n            pwd\n            python ${code}/generatetuple.py ${type} ${nevents} ${base_dir}/${type}_${jobnumber}.root\n            ']
[2021-10-10 17:28:09,755] {subprocess.py:74} INFO - Output:
[2021-10-10 17:28:09,755] {subprocess.py:78} INFO - + source /home/abd/root/root-6.24.06-install/bin/thisroot.sh
[2021-10-10 17:28:09,755] {subprocess.py:78} INFO - bash: line 2: /home/abd/root/root-6.24.06-install/bin/thisroot.sh: No such file or directory
[2021-10-10 17:28:09,756] {subprocess.py:78} INFO - + pwd
[2021-10-10 17:28:09,756] {subprocess.py:78} INFO - /tmp/airflowtmpgme5iz_p
[2021-10-10 17:28:09,756] {subprocess.py:78} INFO - + python /home/abd/airflow/code/generatetuple.py sig 40000 /home/abd/airflow/data/bsm-search/sig_2.root
[2021-10-10 17:28:09,763] {subprocess.py:78} INFO - Traceback (most recent call last):
[2021-10-10 17:28:09,763] {subprocess.py:78} INFO -   File "/home/abd/airflow/code/generatetuple.py", line 1, in <module>
[2021-10-10 17:28:09,763] {subprocess.py:78} INFO -     import ROOT
[2021-10-10 17:28:09,763] {subprocess.py:78} INFO - ImportError: No module named ROOT
[2021-10-10 17:28:09,765] {subprocess.py:82} INFO - Command exited with return code 1
[2021-10-10 17:28:09,769] {taskinstance.py:1463} ERROR - Task failed with exception
Traceback (most recent call last):
  File "/usr/local/lib/python3.8/dist-packages/airflow/models/taskinstance.py", line 1165, in _run_raw_task
    self._prepare_and_execute_task_with_callbacks(context, task)
  File "/usr/local/lib/python3.8/dist-packages/airflow/models/taskinstance.py", line 1283, in _prepare_and_execute_task_with_callbacks
    result = self._execute_task(context, task_copy)
  File "/usr/local/lib/python3.8/dist-packages/airflow/models/taskinstance.py", line 1313, in _execute_task
    result = task_copy.execute(context=context)
  File "/usr/local/lib/python3.8/dist-packages/airflow/operators/bash.py", line 176, in execute
    raise AirflowException('Bash command failed. The command returned a non-zero exit code.')
airflow.exceptions.AirflowException: Bash command failed. The command returned a non-zero exit code.
[2021-10-10 17:28:09,770] {taskinstance.py:1506} INFO - Marking task as UP_FOR_RETRY. dag_id=main, task_id=singal.generate_group_sig.generate_sig_2, execution_date=20211009T000000, start_date=20211010T142809, end_date=20211010T142809
[2021-10-10 17:28:09,794] {local_task_job.py:151} INFO - Task exited with return code 1
[2021-10-10 17:28:09,805] {local_task_job.py:261} INFO - 0 downstream tasks scheduled from follow-on schedule check
[2021-10-10 17:32:05,375] {taskinstance.py:903} INFO - Dependencies all met for <TaskInstance: main.singal.generate_group_sig.generate_sig_2 2021-10-09T00:00:00+00:00 [queued]>
[2021-10-10 17:32:05,382] {taskinstance.py:903} INFO - Dependencies all met for <TaskInstance: main.singal.generate_group_sig.generate_sig_2 2021-10-09T00:00:00+00:00 [queued]>
[2021-10-10 17:32:05,382] {taskinstance.py:1095} INFO - 
--------------------------------------------------------------------------------
[2021-10-10 17:32:05,382] {taskinstance.py:1096} INFO - Starting attempt 1 of 2
[2021-10-10 17:32:05,382] {taskinstance.py:1097} INFO - 
--------------------------------------------------------------------------------
[2021-10-10 17:32:05,389] {taskinstance.py:1115} INFO - Executing <Task(BashOperator): singal.generate_group_sig.generate_sig_2> on 2021-10-09T00:00:00+00:00
[2021-10-10 17:32:05,391] {standard_task_runner.py:52} INFO - Started process 22764 to run task
[2021-10-10 17:32:05,394] {standard_task_runner.py:76} INFO - Running: ['airflow', 'tasks', 'run', 'main', 'singal.generate_group_sig.generate_sig_2', '2021-10-09T00:00:00+00:00', '--job-id', '586', '--pool', 'default_pool', '--raw', '--subdir', 'DAGS_FOLDER/main.py', '--cfg-path', '/tmp/tmpeh7676f2', '--error-file', '/tmp/tmp3o5vff_q']
[2021-10-10 17:32:05,394] {standard_task_runner.py:77} INFO - Job 586: Subtask singal.generate_group_sig.generate_sig_2
[2021-10-10 17:32:05,413] {logging_mixin.py:109} INFO - Running <TaskInstance: main.singal.generate_group_sig.generate_sig_2 2021-10-09T00:00:00+00:00 [running]> on host abd
[2021-10-10 17:32:05,437] {taskinstance.py:1252} INFO - Exporting the following env vars:
AIRFLOW_CTX_DAG_OWNER=admin
AIRFLOW_CTX_DAG_ID=main
AIRFLOW_CTX_TASK_ID=singal.generate_group_sig.generate_sig_2
AIRFLOW_CTX_EXECUTION_DATE=2021-10-09T00:00:00+00:00
AIRFLOW_CTX_DAG_RUN_ID=scheduled__2021-10-09T00:00:00+00:00
[2021-10-10 17:32:05,438] {subprocess.py:52} INFO - Tmp dir root location: 
 /tmp
[2021-10-10 17:32:05,438] {subprocess.py:63} INFO - Running command: ['bash', '-c', '\n            set -x\n            source ${thisroot}/thisroot.sh\n            pwd\n            python ${code}/generatetuple.py ${type} ${nevents} ${base_dir}/${type}_${jobnumber}.root\n            ']
[2021-10-10 17:32:05,442] {subprocess.py:74} INFO - Output:
[2021-10-10 17:32:05,442] {subprocess.py:78} INFO - + source /home/abd/root/root/bin/thisroot.sh
[2021-10-10 17:32:05,443] {subprocess.py:78} INFO - ++ '[' -n '' ']'
[2021-10-10 17:32:05,443] {subprocess.py:78} INFO - ++ SOURCE=/home/abd/root/root/bin/thisroot.sh
[2021-10-10 17:32:05,443] {subprocess.py:78} INFO - ++ '[' x/home/abd/root/root/bin/thisroot.sh = x ']'
[2021-10-10 17:32:05,443] {subprocess.py:78} INFO - ++ '[' x/home/abd/root/root/bin/thisroot.sh = x ']'
[2021-10-10 17:32:05,443] {subprocess.py:78} INFO - +++ dirname /home/abd/root/root/bin/thisroot.sh
[2021-10-10 17:32:05,444] {subprocess.py:78} INFO - ++ thisroot=/home/abd/root/root/bin
[2021-10-10 17:32:05,444] {subprocess.py:78} INFO - +++ cd /home/abd/root/root/bin/..
[2021-10-10 17:32:05,444] {subprocess.py:78} INFO - +++ pwd
[2021-10-10 17:32:05,444] {subprocess.py:78} INFO - ++ ROOTSYS=/home/abd/root/root
[2021-10-10 17:32:05,444] {subprocess.py:78} INFO - ++ export ROOTSYS
[2021-10-10 17:32:05,444] {subprocess.py:78} INFO - ++ clean_environment
[2021-10-10 17:32:05,444] {subprocess.py:78} INFO - ++ '[' -n '' ']'
[2021-10-10 17:32:05,444] {subprocess.py:78} INFO - ++ '[' -z '' ']'
[2021-10-10 17:32:05,444] {subprocess.py:78} INFO - ++ command -v manpath
[2021-10-10 17:32:05,444] {subprocess.py:78} INFO - +++ manpath
[2021-10-10 17:32:05,445] {subprocess.py:78} INFO - manpath: warning: $PATH not set
[2021-10-10 17:32:05,445] {subprocess.py:78} INFO - ++ default_manpath=/usr/share/man:/usr/local/share/man
[2021-10-10 17:32:05,445] {subprocess.py:78} INFO - ++ set_environment
[2021-10-10 17:32:05,445] {subprocess.py:78} INFO - ++ '[' -z /usr/local/sbin:/usr/local/bin:/usr/sbin:/usr/bin:/sbin:/bin ']'
[2021-10-10 17:32:05,445] {subprocess.py:78} INFO - ++ PATH=/home/abd/root/root/bin:/usr/local/sbin:/usr/local/bin:/usr/sbin:/usr/bin:/sbin:/bin
[2021-10-10 17:32:05,445] {subprocess.py:78} INFO - ++ export PATH
[2021-10-10 17:32:05,445] {subprocess.py:78} INFO - ++ '[' -z '' ']'
[2021-10-10 17:32:05,445] {subprocess.py:78} INFO - ++ LD_LIBRARY_PATH=/home/abd/root/root/lib
[2021-10-10 17:32:05,446] {subprocess.py:78} INFO - ++ export LD_LIBRARY_PATH
[2021-10-10 17:32:05,446] {subprocess.py:78} INFO - ++ '[' -z '' ']'
[2021-10-10 17:32:05,446] {subprocess.py:78} INFO - ++ DYLD_LIBRARY_PATH=/home/abd/root/root/lib
[2021-10-10 17:32:05,446] {subprocess.py:78} INFO - ++ export DYLD_LIBRARY_PATH
[2021-10-10 17:32:05,446] {subprocess.py:78} INFO - ++ '[' -z '' ']'
[2021-10-10 17:32:05,446] {subprocess.py:78} INFO - ++ SHLIB_PATH=/home/abd/root/root/lib
[2021-10-10 17:32:05,446] {subprocess.py:78} INFO - ++ export SHLIB_PATH
[2021-10-10 17:32:05,446] {subprocess.py:78} INFO - ++ '[' -z '' ']'
[2021-10-10 17:32:05,446] {subprocess.py:78} INFO - ++ LIBPATH=/home/abd/root/root/lib
[2021-10-10 17:32:05,446] {subprocess.py:78} INFO - ++ export LIBPATH
[2021-10-10 17:32:05,446] {subprocess.py:78} INFO - ++ '[' -z '' ']'
[2021-10-10 17:32:05,446] {subprocess.py:78} INFO - ++ PYTHONPATH=/home/abd/root/root/lib
[2021-10-10 17:32:05,446] {subprocess.py:78} INFO - ++ export PYTHONPATH
[2021-10-10 17:32:05,446] {subprocess.py:78} INFO - ++ '[' -z '' ']'
[2021-10-10 17:32:05,446] {subprocess.py:78} INFO - ++ MANPATH=/home/abd/root/root/man:/usr/share/man:/usr/local/share/man
[2021-10-10 17:32:05,446] {subprocess.py:78} INFO - ++ export MANPATH
[2021-10-10 17:32:05,446] {subprocess.py:78} INFO - ++ '[' -z '' ']'
[2021-10-10 17:32:05,446] {subprocess.py:78} INFO - ++ CMAKE_PREFIX_PATH=/home/abd/root/root
[2021-10-10 17:32:05,446] {subprocess.py:78} INFO - ++ export CMAKE_PREFIX_PATH
[2021-10-10 17:32:05,446] {subprocess.py:78} INFO - ++ '[' -z '' ']'
[2021-10-10 17:32:05,446] {subprocess.py:78} INFO - ++ JUPYTER_PATH=/home/abd/root/root/etc/notebook
[2021-10-10 17:32:05,446] {subprocess.py:78} INFO - ++ export JUPYTER_PATH
[2021-10-10 17:32:05,446] {subprocess.py:78} INFO - ++ '[' -z '' ']'
[2021-10-10 17:32:05,447] {subprocess.py:78} INFO - ++ JUPYTER_CONFIG_DIR=/home/abd/root/root/etc/notebook
[2021-10-10 17:32:05,447] {subprocess.py:78} INFO - ++ export JUPYTER_CONFIG_DIR
[2021-10-10 17:32:05,447] {subprocess.py:78} INFO - ++ export CLING_STANDARD_PCH=none
[2021-10-10 17:32:05,447] {subprocess.py:78} INFO - ++ CLING_STANDARD_PCH=none
[2021-10-10 17:32:05,447] {subprocess.py:78} INFO - +++ root-config --arch
[2021-10-10 17:32:05,447] {subprocess.py:78} INFO - +++ grep -v win32gcc
[2021-10-10 17:32:05,447] {subprocess.py:78} INFO - +++ grep -i win32
[2021-10-10 17:32:05,457] {subprocess.py:78} INFO - ++ '[' x '!=' x ']'
[2021-10-10 17:32:05,457] {subprocess.py:78} INFO - ++ unset old_rootsys
[2021-10-10 17:32:05,457] {subprocess.py:78} INFO - ++ unset thisroot
[2021-10-10 17:32:05,457] {subprocess.py:78} INFO - ++ unset -f drop_from_path
[2021-10-10 17:32:05,457] {subprocess.py:78} INFO - ++ unset -f clean_environment
[2021-10-10 17:32:05,457] {subprocess.py:78} INFO - ++ unset -f set_environment
[2021-10-10 17:32:05,457] {subprocess.py:78} INFO - + pwd
[2021-10-10 17:32:05,457] {subprocess.py:78} INFO - /tmp/airflowtmp3vv9mw22
[2021-10-10 17:32:05,457] {subprocess.py:78} INFO - + python /home/abd/airflow/code/generatetuple.py sig 40000 /home/abd/airflow/data/bsm-search/sig_2.root
[2021-10-10 17:32:06,592] {subprocess.py:82} INFO - Command exited with return code 0
[2021-10-10 17:32:06,604] {taskinstance.py:1212} INFO - Marking task as SUCCESS. dag_id=main, task_id=singal.generate_group_sig.generate_sig_2, execution_date=20211009T000000, start_date=20211010T143205, end_date=20211010T143206
[2021-10-10 17:32:06,648] {local_task_job.py:151} INFO - Task exited with return code 0
[2021-10-10 17:32:06,671] {local_task_job.py:261} INFO - 1 downstream tasks scheduled from follow-on schedule check
[2021-10-10 19:36:45,927] {taskinstance.py:903} INFO - Dependencies all met for <TaskInstance: main.singal.generate_group_sig.generate_sig_2 2021-10-09T00:00:00+00:00 [queued]>
[2021-10-10 19:36:45,933] {taskinstance.py:903} INFO - Dependencies all met for <TaskInstance: main.singal.generate_group_sig.generate_sig_2 2021-10-09T00:00:00+00:00 [queued]>
[2021-10-10 19:36:45,933] {taskinstance.py:1095} INFO - 
--------------------------------------------------------------------------------
[2021-10-10 19:36:45,933] {taskinstance.py:1096} INFO - Starting attempt 1 of 2
[2021-10-10 19:36:45,933] {taskinstance.py:1097} INFO - 
--------------------------------------------------------------------------------
[2021-10-10 19:36:45,940] {taskinstance.py:1115} INFO - Executing <Task(BashOperator): singal.generate_group_sig.generate_sig_2> on 2021-10-09T00:00:00+00:00
[2021-10-10 19:36:45,942] {standard_task_runner.py:52} INFO - Started process 56354 to run task
[2021-10-10 19:36:45,945] {standard_task_runner.py:76} INFO - Running: ['airflow', 'tasks', 'run', 'main', 'singal.generate_group_sig.generate_sig_2', '2021-10-09T00:00:00+00:00', '--job-id', '586', '--pool', 'default_pool', '--raw', '--subdir', 'DAGS_FOLDER/main.py', '--cfg-path', '/tmp/tmpca2k_tu1', '--error-file', '/tmp/tmpb93vppim']
[2021-10-10 19:36:45,945] {standard_task_runner.py:77} INFO - Job 586: Subtask singal.generate_group_sig.generate_sig_2
[2021-10-10 19:36:45,965] {logging_mixin.py:109} INFO - Running <TaskInstance: main.singal.generate_group_sig.generate_sig_2 2021-10-09T00:00:00+00:00 [running]> on host abd
[2021-10-10 19:36:45,990] {taskinstance.py:1252} INFO - Exporting the following env vars:
AIRFLOW_CTX_DAG_OWNER=admin
AIRFLOW_CTX_DAG_ID=main
AIRFLOW_CTX_TASK_ID=singal.generate_group_sig.generate_sig_2
AIRFLOW_CTX_EXECUTION_DATE=2021-10-09T00:00:00+00:00
AIRFLOW_CTX_DAG_RUN_ID=scheduled__2021-10-09T00:00:00+00:00
[2021-10-10 19:36:45,990] {subprocess.py:52} INFO - Tmp dir root location: 
 /tmp
[2021-10-10 19:36:45,990] {subprocess.py:63} INFO - Running command: ['bash', '-c', '\n            set -x\n            source ${thisroot}/thisroot.sh\n            pwd\n            python ${code}/generatetuple.py ${type} ${nevents} ${base_dir}/${type}_${jobnumber}.root\n            ']
[2021-10-10 19:36:45,994] {subprocess.py:74} INFO - Output:
[2021-10-10 19:36:45,995] {subprocess.py:78} INFO - + source /home/abd/root/root/bin/thisroot.sh
[2021-10-10 19:36:45,995] {subprocess.py:78} INFO - ++ '[' -n '' ']'
[2021-10-10 19:36:45,995] {subprocess.py:78} INFO - ++ SOURCE=/home/abd/root/root/bin/thisroot.sh
[2021-10-10 19:36:45,995] {subprocess.py:78} INFO - ++ '[' x/home/abd/root/root/bin/thisroot.sh = x ']'
[2021-10-10 19:36:45,995] {subprocess.py:78} INFO - ++ '[' x/home/abd/root/root/bin/thisroot.sh = x ']'
[2021-10-10 19:36:45,995] {subprocess.py:78} INFO - +++ dirname /home/abd/root/root/bin/thisroot.sh
[2021-10-10 19:36:45,996] {subprocess.py:78} INFO - ++ thisroot=/home/abd/root/root/bin
[2021-10-10 19:36:45,996] {subprocess.py:78} INFO - +++ cd /home/abd/root/root/bin/..
[2021-10-10 19:36:45,996] {subprocess.py:78} INFO - +++ pwd
[2021-10-10 19:36:45,996] {subprocess.py:78} INFO - ++ ROOTSYS=/home/abd/root/root
[2021-10-10 19:36:45,996] {subprocess.py:78} INFO - ++ export ROOTSYS
[2021-10-10 19:36:45,996] {subprocess.py:78} INFO - ++ clean_environment
[2021-10-10 19:36:45,996] {subprocess.py:78} INFO - ++ '[' -n '' ']'
[2021-10-10 19:36:45,996] {subprocess.py:78} INFO - ++ '[' -z '' ']'
[2021-10-10 19:36:45,997] {subprocess.py:78} INFO - ++ command -v manpath
[2021-10-10 19:36:45,997] {subprocess.py:78} INFO - +++ manpath
[2021-10-10 19:36:45,997] {subprocess.py:78} INFO - manpath: warning: $PATH not set
[2021-10-10 19:36:45,998] {subprocess.py:78} INFO - ++ default_manpath=/usr/share/man:/usr/local/share/man
[2021-10-10 19:36:45,998] {subprocess.py:78} INFO - ++ set_environment
[2021-10-10 19:36:45,998] {subprocess.py:78} INFO - ++ '[' -z /usr/local/sbin:/usr/local/bin:/usr/sbin:/usr/bin:/sbin:/bin ']'
[2021-10-10 19:36:45,998] {subprocess.py:78} INFO - ++ PATH=/home/abd/root/root/bin:/usr/local/sbin:/usr/local/bin:/usr/sbin:/usr/bin:/sbin:/bin
[2021-10-10 19:36:45,998] {subprocess.py:78} INFO - ++ export PATH
[2021-10-10 19:36:45,998] {subprocess.py:78} INFO - ++ '[' -z '' ']'
[2021-10-10 19:36:45,998] {subprocess.py:78} INFO - ++ LD_LIBRARY_PATH=/home/abd/root/root/lib
[2021-10-10 19:36:45,998] {subprocess.py:78} INFO - ++ export LD_LIBRARY_PATH
[2021-10-10 19:36:45,998] {subprocess.py:78} INFO - ++ '[' -z '' ']'
[2021-10-10 19:36:45,998] {subprocess.py:78} INFO - ++ DYLD_LIBRARY_PATH=/home/abd/root/root/lib
[2021-10-10 19:36:45,998] {subprocess.py:78} INFO - ++ export DYLD_LIBRARY_PATH
[2021-10-10 19:36:45,998] {subprocess.py:78} INFO - ++ '[' -z '' ']'
[2021-10-10 19:36:45,998] {subprocess.py:78} INFO - ++ SHLIB_PATH=/home/abd/root/root/lib
[2021-10-10 19:36:45,998] {subprocess.py:78} INFO - ++ export SHLIB_PATH
[2021-10-10 19:36:45,998] {subprocess.py:78} INFO - ++ '[' -z '' ']'
[2021-10-10 19:36:45,998] {subprocess.py:78} INFO - ++ LIBPATH=/home/abd/root/root/lib
[2021-10-10 19:36:45,998] {subprocess.py:78} INFO - ++ export LIBPATH
[2021-10-10 19:36:45,998] {subprocess.py:78} INFO - ++ '[' -z '' ']'
[2021-10-10 19:36:45,998] {subprocess.py:78} INFO - ++ PYTHONPATH=/home/abd/root/root/lib
[2021-10-10 19:36:45,998] {subprocess.py:78} INFO - ++ export PYTHONPATH
[2021-10-10 19:36:45,998] {subprocess.py:78} INFO - ++ '[' -z '' ']'
[2021-10-10 19:36:45,998] {subprocess.py:78} INFO - ++ MANPATH=/home/abd/root/root/man:/usr/share/man:/usr/local/share/man
[2021-10-10 19:36:45,998] {subprocess.py:78} INFO - ++ export MANPATH
[2021-10-10 19:36:45,998] {subprocess.py:78} INFO - ++ '[' -z '' ']'
[2021-10-10 19:36:45,998] {subprocess.py:78} INFO - ++ CMAKE_PREFIX_PATH=/home/abd/root/root
[2021-10-10 19:36:45,998] {subprocess.py:78} INFO - ++ export CMAKE_PREFIX_PATH
[2021-10-10 19:36:45,998] {subprocess.py:78} INFO - ++ '[' -z '' ']'
[2021-10-10 19:36:45,998] {subprocess.py:78} INFO - ++ JUPYTER_PATH=/home/abd/root/root/etc/notebook
[2021-10-10 19:36:45,999] {subprocess.py:78} INFO - ++ export JUPYTER_PATH
[2021-10-10 19:36:45,999] {subprocess.py:78} INFO - ++ '[' -z '' ']'
[2021-10-10 19:36:45,999] {subprocess.py:78} INFO - ++ JUPYTER_CONFIG_DIR=/home/abd/root/root/etc/notebook
[2021-10-10 19:36:45,999] {subprocess.py:78} INFO - ++ export JUPYTER_CONFIG_DIR
[2021-10-10 19:36:45,999] {subprocess.py:78} INFO - ++ export CLING_STANDARD_PCH=none
[2021-10-10 19:36:45,999] {subprocess.py:78} INFO - ++ CLING_STANDARD_PCH=none
[2021-10-10 19:36:45,999] {subprocess.py:78} INFO - +++ root-config --arch
[2021-10-10 19:36:45,999] {subprocess.py:78} INFO - +++ grep -v win32gcc
[2021-10-10 19:36:45,999] {subprocess.py:78} INFO - +++ grep -i win32
[2021-10-10 19:36:46,009] {subprocess.py:78} INFO - ++ '[' x '!=' x ']'
[2021-10-10 19:36:46,009] {subprocess.py:78} INFO - ++ unset old_rootsys
[2021-10-10 19:36:46,009] {subprocess.py:78} INFO - ++ unset thisroot
[2021-10-10 19:36:46,009] {subprocess.py:78} INFO - ++ unset -f drop_from_path
[2021-10-10 19:36:46,009] {subprocess.py:78} INFO - ++ unset -f clean_environment
[2021-10-10 19:36:46,009] {subprocess.py:78} INFO - ++ unset -f set_environment
[2021-10-10 19:36:46,009] {subprocess.py:78} INFO - + pwd
[2021-10-10 19:36:46,009] {subprocess.py:78} INFO - /tmp/airflowtmptb99azi8
[2021-10-10 19:36:46,009] {subprocess.py:78} INFO - + python /home/abd/airflow/code/generatetuple.py sig 40000 /home/abd/airflow/data/bsm-search/sig_2.root
[2021-10-10 19:36:47,091] {subprocess.py:82} INFO - Command exited with return code 0
[2021-10-10 19:36:47,102] {taskinstance.py:1212} INFO - Marking task as SUCCESS. dag_id=main, task_id=singal.generate_group_sig.generate_sig_2, execution_date=20211009T000000, start_date=20211010T163645, end_date=20211010T163647
[2021-10-10 19:36:47,119] {local_task_job.py:151} INFO - Task exited with return code 0
[2021-10-10 19:36:47,131] {local_task_job.py:261} INFO - 1 downstream tasks scheduled from follow-on schedule check
[2021-10-10 19:46:25,549] {taskinstance.py:903} INFO - Dependencies all met for <TaskInstance: main.singal.generate_group_sig.generate_sig_2 2021-10-09T00:00:00+00:00 [queued]>
[2021-10-10 19:46:25,556] {taskinstance.py:903} INFO - Dependencies all met for <TaskInstance: main.singal.generate_group_sig.generate_sig_2 2021-10-09T00:00:00+00:00 [queued]>
[2021-10-10 19:46:25,556] {taskinstance.py:1095} INFO - 
--------------------------------------------------------------------------------
[2021-10-10 19:46:25,556] {taskinstance.py:1096} INFO - Starting attempt 1 of 2
[2021-10-10 19:46:25,556] {taskinstance.py:1097} INFO - 
--------------------------------------------------------------------------------
[2021-10-10 19:46:25,563] {taskinstance.py:1115} INFO - Executing <Task(BashOperator): singal.generate_group_sig.generate_sig_2> on 2021-10-09T00:00:00+00:00
[2021-10-10 19:46:25,565] {standard_task_runner.py:52} INFO - Started process 59652 to run task
[2021-10-10 19:46:25,567] {standard_task_runner.py:76} INFO - Running: ['airflow', 'tasks', 'run', 'main', 'singal.generate_group_sig.generate_sig_2', '2021-10-09T00:00:00+00:00', '--job-id', '586', '--pool', 'default_pool', '--raw', '--subdir', 'DAGS_FOLDER/main.py', '--cfg-path', '/tmp/tmppzf4nm48', '--error-file', '/tmp/tmph28qvgz1']
[2021-10-10 19:46:25,568] {standard_task_runner.py:77} INFO - Job 586: Subtask singal.generate_group_sig.generate_sig_2
[2021-10-10 19:46:25,587] {logging_mixin.py:109} INFO - Running <TaskInstance: main.singal.generate_group_sig.generate_sig_2 2021-10-09T00:00:00+00:00 [running]> on host abd
[2021-10-10 19:46:25,611] {taskinstance.py:1252} INFO - Exporting the following env vars:
AIRFLOW_CTX_DAG_OWNER=admin
AIRFLOW_CTX_DAG_ID=main
AIRFLOW_CTX_TASK_ID=singal.generate_group_sig.generate_sig_2
AIRFLOW_CTX_EXECUTION_DATE=2021-10-09T00:00:00+00:00
AIRFLOW_CTX_DAG_RUN_ID=scheduled__2021-10-09T00:00:00+00:00
[2021-10-10 19:46:25,612] {subprocess.py:52} INFO - Tmp dir root location: 
 /tmp
[2021-10-10 19:46:25,612] {subprocess.py:63} INFO - Running command: ['bash', '-c', '\n            set -x\n            source ${thisroot}/thisroot.sh\n            pwd\n            python ${code}/generatetuple.py ${type} ${nevents} ${base_dir}/${type}_${jobnumber}.root\n            ']
[2021-10-10 19:46:25,616] {subprocess.py:74} INFO - Output:
[2021-10-10 19:46:25,616] {subprocess.py:78} INFO - + source /home/abd/root/root/bin/thisroot.sh
[2021-10-10 19:46:25,617] {subprocess.py:78} INFO - ++ '[' -n '' ']'
[2021-10-10 19:46:25,617] {subprocess.py:78} INFO - ++ SOURCE=/home/abd/root/root/bin/thisroot.sh
[2021-10-10 19:46:25,617] {subprocess.py:78} INFO - ++ '[' x/home/abd/root/root/bin/thisroot.sh = x ']'
[2021-10-10 19:46:25,617] {subprocess.py:78} INFO - ++ '[' x/home/abd/root/root/bin/thisroot.sh = x ']'
[2021-10-10 19:46:25,617] {subprocess.py:78} INFO - +++ dirname /home/abd/root/root/bin/thisroot.sh
[2021-10-10 19:46:25,618] {subprocess.py:78} INFO - ++ thisroot=/home/abd/root/root/bin
[2021-10-10 19:46:25,618] {subprocess.py:78} INFO - +++ cd /home/abd/root/root/bin/..
[2021-10-10 19:46:25,618] {subprocess.py:78} INFO - +++ pwd
[2021-10-10 19:46:25,618] {subprocess.py:78} INFO - ++ ROOTSYS=/home/abd/root/root
[2021-10-10 19:46:25,618] {subprocess.py:78} INFO - ++ export ROOTSYS
[2021-10-10 19:46:25,618] {subprocess.py:78} INFO - ++ clean_environment
[2021-10-10 19:46:25,618] {subprocess.py:78} INFO - ++ '[' -n '' ']'
[2021-10-10 19:46:25,618] {subprocess.py:78} INFO - ++ '[' -z '' ']'
[2021-10-10 19:46:25,618] {subprocess.py:78} INFO - ++ command -v manpath
[2021-10-10 19:46:25,618] {subprocess.py:78} INFO - +++ manpath
[2021-10-10 19:46:25,619] {subprocess.py:78} INFO - manpath: warning: $PATH not set
[2021-10-10 19:46:25,619] {subprocess.py:78} INFO - ++ default_manpath=/usr/share/man:/usr/local/share/man
[2021-10-10 19:46:25,619] {subprocess.py:78} INFO - ++ set_environment
[2021-10-10 19:46:25,619] {subprocess.py:78} INFO - ++ '[' -z /usr/local/sbin:/usr/local/bin:/usr/sbin:/usr/bin:/sbin:/bin ']'
[2021-10-10 19:46:25,619] {subprocess.py:78} INFO - ++ PATH=/home/abd/root/root/bin:/usr/local/sbin:/usr/local/bin:/usr/sbin:/usr/bin:/sbin:/bin
[2021-10-10 19:46:25,619] {subprocess.py:78} INFO - ++ export PATH
[2021-10-10 19:46:25,620] {subprocess.py:78} INFO - ++ '[' -z '' ']'
[2021-10-10 19:46:25,620] {subprocess.py:78} INFO - ++ LD_LIBRARY_PATH=/home/abd/root/root/lib
[2021-10-10 19:46:25,620] {subprocess.py:78} INFO - ++ export LD_LIBRARY_PATH
[2021-10-10 19:46:25,620] {subprocess.py:78} INFO - ++ '[' -z '' ']'
[2021-10-10 19:46:25,620] {subprocess.py:78} INFO - ++ DYLD_LIBRARY_PATH=/home/abd/root/root/lib
[2021-10-10 19:46:25,620] {subprocess.py:78} INFO - ++ export DYLD_LIBRARY_PATH
[2021-10-10 19:46:25,620] {subprocess.py:78} INFO - ++ '[' -z '' ']'
[2021-10-10 19:46:25,620] {subprocess.py:78} INFO - ++ SHLIB_PATH=/home/abd/root/root/lib
[2021-10-10 19:46:25,620] {subprocess.py:78} INFO - ++ export SHLIB_PATH
[2021-10-10 19:46:25,620] {subprocess.py:78} INFO - ++ '[' -z '' ']'
[2021-10-10 19:46:25,620] {subprocess.py:78} INFO - ++ LIBPATH=/home/abd/root/root/lib
[2021-10-10 19:46:25,620] {subprocess.py:78} INFO - ++ export LIBPATH
[2021-10-10 19:46:25,620] {subprocess.py:78} INFO - ++ '[' -z '' ']'
[2021-10-10 19:46:25,620] {subprocess.py:78} INFO - ++ PYTHONPATH=/home/abd/root/root/lib
[2021-10-10 19:46:25,620] {subprocess.py:78} INFO - ++ export PYTHONPATH
[2021-10-10 19:46:25,620] {subprocess.py:78} INFO - ++ '[' -z '' ']'
[2021-10-10 19:46:25,620] {subprocess.py:78} INFO - ++ MANPATH=/home/abd/root/root/man:/usr/share/man:/usr/local/share/man
[2021-10-10 19:46:25,620] {subprocess.py:78} INFO - ++ export MANPATH
[2021-10-10 19:46:25,620] {subprocess.py:78} INFO - ++ '[' -z '' ']'
[2021-10-10 19:46:25,620] {subprocess.py:78} INFO - ++ CMAKE_PREFIX_PATH=/home/abd/root/root
[2021-10-10 19:46:25,620] {subprocess.py:78} INFO - ++ export CMAKE_PREFIX_PATH
[2021-10-10 19:46:25,620] {subprocess.py:78} INFO - ++ '[' -z '' ']'
[2021-10-10 19:46:25,620] {subprocess.py:78} INFO - ++ JUPYTER_PATH=/home/abd/root/root/etc/notebook
[2021-10-10 19:46:25,620] {subprocess.py:78} INFO - ++ export JUPYTER_PATH
[2021-10-10 19:46:25,620] {subprocess.py:78} INFO - ++ '[' -z '' ']'
[2021-10-10 19:46:25,620] {subprocess.py:78} INFO - ++ JUPYTER_CONFIG_DIR=/home/abd/root/root/etc/notebook
[2021-10-10 19:46:25,620] {subprocess.py:78} INFO - ++ export JUPYTER_CONFIG_DIR
[2021-10-10 19:46:25,621] {subprocess.py:78} INFO - ++ export CLING_STANDARD_PCH=none
[2021-10-10 19:46:25,621] {subprocess.py:78} INFO - ++ CLING_STANDARD_PCH=none
[2021-10-10 19:46:25,621] {subprocess.py:78} INFO - +++ root-config --arch
[2021-10-10 19:46:25,621] {subprocess.py:78} INFO - +++ grep -v win32gcc
[2021-10-10 19:46:25,621] {subprocess.py:78} INFO - +++ grep -i win32
[2021-10-10 19:46:25,630] {subprocess.py:78} INFO - ++ '[' x '!=' x ']'
[2021-10-10 19:46:25,631] {subprocess.py:78} INFO - ++ unset old_rootsys
[2021-10-10 19:46:25,631] {subprocess.py:78} INFO - ++ unset thisroot
[2021-10-10 19:46:25,631] {subprocess.py:78} INFO - ++ unset -f drop_from_path
[2021-10-10 19:46:25,631] {subprocess.py:78} INFO - ++ unset -f clean_environment
[2021-10-10 19:46:25,631] {subprocess.py:78} INFO - ++ unset -f set_environment
[2021-10-10 19:46:25,631] {subprocess.py:78} INFO - + pwd
[2021-10-10 19:46:25,631] {subprocess.py:78} INFO - /tmp/airflowtmpfq8mbbxq
[2021-10-10 19:46:25,631] {subprocess.py:78} INFO - + python /home/abd/airflow/code/generatetuple.py sig 40000 /home/abd/airflow/data/bsm-search/sig_2.root
[2021-10-10 19:46:26,736] {subprocess.py:82} INFO - Command exited with return code 0
[2021-10-10 19:46:26,747] {taskinstance.py:1212} INFO - Marking task as SUCCESS. dag_id=main, task_id=singal.generate_group_sig.generate_sig_2, execution_date=20211009T000000, start_date=20211010T164625, end_date=20211010T164626
[2021-10-10 19:46:26,782] {local_task_job.py:151} INFO - Task exited with return code 0
[2021-10-10 19:46:26,796] {local_task_job.py:261} INFO - 1 downstream tasks scheduled from follow-on schedule check
[2021-10-10 19:56:17,951] {taskinstance.py:903} INFO - Dependencies all met for <TaskInstance: main.singal.generate_group_sig.generate_sig_2 2021-10-09T00:00:00+00:00 [queued]>
[2021-10-10 19:56:17,957] {taskinstance.py:903} INFO - Dependencies all met for <TaskInstance: main.singal.generate_group_sig.generate_sig_2 2021-10-09T00:00:00+00:00 [queued]>
[2021-10-10 19:56:17,957] {taskinstance.py:1095} INFO - 
--------------------------------------------------------------------------------
[2021-10-10 19:56:17,957] {taskinstance.py:1096} INFO - Starting attempt 1 of 2
[2021-10-10 19:56:17,957] {taskinstance.py:1097} INFO - 
--------------------------------------------------------------------------------
[2021-10-10 19:56:17,965] {taskinstance.py:1115} INFO - Executing <Task(BashOperator): singal.generate_group_sig.generate_sig_2> on 2021-10-09T00:00:00+00:00
[2021-10-10 19:56:17,966] {standard_task_runner.py:52} INFO - Started process 63263 to run task
[2021-10-10 19:56:17,969] {standard_task_runner.py:76} INFO - Running: ['airflow', 'tasks', 'run', 'main', 'singal.generate_group_sig.generate_sig_2', '2021-10-09T00:00:00+00:00', '--job-id', '587', '--pool', 'default_pool', '--raw', '--subdir', 'DAGS_FOLDER/main.py', '--cfg-path', '/tmp/tmpxy9y3g3p', '--error-file', '/tmp/tmpuay67zye']
[2021-10-10 19:56:17,970] {standard_task_runner.py:77} INFO - Job 587: Subtask singal.generate_group_sig.generate_sig_2
[2021-10-10 19:56:17,999] {logging_mixin.py:109} INFO - Running <TaskInstance: main.singal.generate_group_sig.generate_sig_2 2021-10-09T00:00:00+00:00 [running]> on host abd
[2021-10-10 19:56:18,024] {taskinstance.py:1252} INFO - Exporting the following env vars:
AIRFLOW_CTX_DAG_OWNER=admin
AIRFLOW_CTX_DAG_ID=main
AIRFLOW_CTX_TASK_ID=singal.generate_group_sig.generate_sig_2
AIRFLOW_CTX_EXECUTION_DATE=2021-10-09T00:00:00+00:00
AIRFLOW_CTX_DAG_RUN_ID=scheduled__2021-10-09T00:00:00+00:00
[2021-10-10 19:56:18,025] {subprocess.py:52} INFO - Tmp dir root location: 
 /tmp
[2021-10-10 19:56:18,025] {subprocess.py:63} INFO - Running command: ['bash', '-c', '\n            set -x\n            source ${thisroot}/thisroot.sh\n            pwd\n            python ${code}/generatetuple.py ${type} ${nevents} ${base_dir}/${type}_${jobnumber}.root\n            ']
[2021-10-10 19:56:18,029] {subprocess.py:74} INFO - Output:
[2021-10-10 19:56:18,029] {subprocess.py:78} INFO - + source /home/abd/root/root/bin/thisroot.sh
[2021-10-10 19:56:18,030] {subprocess.py:78} INFO - ++ '[' -n '' ']'
[2021-10-10 19:56:18,030] {subprocess.py:78} INFO - ++ SOURCE=/home/abd/root/root/bin/thisroot.sh
[2021-10-10 19:56:18,030] {subprocess.py:78} INFO - ++ '[' x/home/abd/root/root/bin/thisroot.sh = x ']'
[2021-10-10 19:56:18,030] {subprocess.py:78} INFO - ++ '[' x/home/abd/root/root/bin/thisroot.sh = x ']'
[2021-10-10 19:56:18,030] {subprocess.py:78} INFO - +++ dirname /home/abd/root/root/bin/thisroot.sh
[2021-10-10 19:56:18,031] {subprocess.py:78} INFO - ++ thisroot=/home/abd/root/root/bin
[2021-10-10 19:56:18,031] {subprocess.py:78} INFO - +++ cd /home/abd/root/root/bin/..
[2021-10-10 19:56:18,031] {subprocess.py:78} INFO - +++ pwd
[2021-10-10 19:56:18,031] {subprocess.py:78} INFO - ++ ROOTSYS=/home/abd/root/root
[2021-10-10 19:56:18,031] {subprocess.py:78} INFO - ++ export ROOTSYS
[2021-10-10 19:56:18,031] {subprocess.py:78} INFO - ++ clean_environment
[2021-10-10 19:56:18,031] {subprocess.py:78} INFO - ++ '[' -n '' ']'
[2021-10-10 19:56:18,031] {subprocess.py:78} INFO - ++ '[' -z '' ']'
[2021-10-10 19:56:18,031] {subprocess.py:78} INFO - ++ command -v manpath
[2021-10-10 19:56:18,032] {subprocess.py:78} INFO - +++ manpath
[2021-10-10 19:56:18,032] {subprocess.py:78} INFO - manpath: warning: $PATH not set
[2021-10-10 19:56:18,032] {subprocess.py:78} INFO - ++ default_manpath=/usr/share/man:/usr/local/share/man
[2021-10-10 19:56:18,032] {subprocess.py:78} INFO - ++ set_environment
[2021-10-10 19:56:18,033] {subprocess.py:78} INFO - ++ '[' -z /usr/local/sbin:/usr/local/bin:/usr/sbin:/usr/bin:/sbin:/bin ']'
[2021-10-10 19:56:18,033] {subprocess.py:78} INFO - ++ PATH=/home/abd/root/root/bin:/usr/local/sbin:/usr/local/bin:/usr/sbin:/usr/bin:/sbin:/bin
[2021-10-10 19:56:18,033] {subprocess.py:78} INFO - ++ export PATH
[2021-10-10 19:56:18,033] {subprocess.py:78} INFO - ++ '[' -z '' ']'
[2021-10-10 19:56:18,033] {subprocess.py:78} INFO - ++ LD_LIBRARY_PATH=/home/abd/root/root/lib
[2021-10-10 19:56:18,033] {subprocess.py:78} INFO - ++ export LD_LIBRARY_PATH
[2021-10-10 19:56:18,033] {subprocess.py:78} INFO - ++ '[' -z '' ']'
[2021-10-10 19:56:18,033] {subprocess.py:78} INFO - ++ DYLD_LIBRARY_PATH=/home/abd/root/root/lib
[2021-10-10 19:56:18,033] {subprocess.py:78} INFO - ++ export DYLD_LIBRARY_PATH
[2021-10-10 19:56:18,033] {subprocess.py:78} INFO - ++ '[' -z '' ']'
[2021-10-10 19:56:18,033] {subprocess.py:78} INFO - ++ SHLIB_PATH=/home/abd/root/root/lib
[2021-10-10 19:56:18,033] {subprocess.py:78} INFO - ++ export SHLIB_PATH
[2021-10-10 19:56:18,033] {subprocess.py:78} INFO - ++ '[' -z '' ']'
[2021-10-10 19:56:18,033] {subprocess.py:78} INFO - ++ LIBPATH=/home/abd/root/root/lib
[2021-10-10 19:56:18,033] {subprocess.py:78} INFO - ++ export LIBPATH
[2021-10-10 19:56:18,033] {subprocess.py:78} INFO - ++ '[' -z '' ']'
[2021-10-10 19:56:18,033] {subprocess.py:78} INFO - ++ PYTHONPATH=/home/abd/root/root/lib
[2021-10-10 19:56:18,033] {subprocess.py:78} INFO - ++ export PYTHONPATH
[2021-10-10 19:56:18,033] {subprocess.py:78} INFO - ++ '[' -z '' ']'
[2021-10-10 19:56:18,033] {subprocess.py:78} INFO - ++ MANPATH=/home/abd/root/root/man:/usr/share/man:/usr/local/share/man
[2021-10-10 19:56:18,033] {subprocess.py:78} INFO - ++ export MANPATH
[2021-10-10 19:56:18,033] {subprocess.py:78} INFO - ++ '[' -z '' ']'
[2021-10-10 19:56:18,033] {subprocess.py:78} INFO - ++ CMAKE_PREFIX_PATH=/home/abd/root/root
[2021-10-10 19:56:18,033] {subprocess.py:78} INFO - ++ export CMAKE_PREFIX_PATH
[2021-10-10 19:56:18,033] {subprocess.py:78} INFO - ++ '[' -z '' ']'
[2021-10-10 19:56:18,033] {subprocess.py:78} INFO - ++ JUPYTER_PATH=/home/abd/root/root/etc/notebook
[2021-10-10 19:56:18,033] {subprocess.py:78} INFO - ++ export JUPYTER_PATH
[2021-10-10 19:56:18,034] {subprocess.py:78} INFO - ++ '[' -z '' ']'
[2021-10-10 19:56:18,034] {subprocess.py:78} INFO - ++ JUPYTER_CONFIG_DIR=/home/abd/root/root/etc/notebook
[2021-10-10 19:56:18,034] {subprocess.py:78} INFO - ++ export JUPYTER_CONFIG_DIR
[2021-10-10 19:56:18,034] {subprocess.py:78} INFO - ++ export CLING_STANDARD_PCH=none
[2021-10-10 19:56:18,034] {subprocess.py:78} INFO - ++ CLING_STANDARD_PCH=none
[2021-10-10 19:56:18,034] {subprocess.py:78} INFO - +++ root-config --arch
[2021-10-10 19:56:18,034] {subprocess.py:78} INFO - +++ grep -v win32gcc
[2021-10-10 19:56:18,034] {subprocess.py:78} INFO - +++ grep -i win32
[2021-10-10 19:56:18,044] {subprocess.py:78} INFO - ++ '[' x '!=' x ']'
[2021-10-10 19:56:18,044] {subprocess.py:78} INFO - ++ unset old_rootsys
[2021-10-10 19:56:18,044] {subprocess.py:78} INFO - ++ unset thisroot
[2021-10-10 19:56:18,044] {subprocess.py:78} INFO - ++ unset -f drop_from_path
[2021-10-10 19:56:18,044] {subprocess.py:78} INFO - ++ unset -f clean_environment
[2021-10-10 19:56:18,044] {subprocess.py:78} INFO - ++ unset -f set_environment
[2021-10-10 19:56:18,044] {subprocess.py:78} INFO - + pwd
[2021-10-10 19:56:18,044] {subprocess.py:78} INFO - /tmp/airflowtmpm4wzs6_w
[2021-10-10 19:56:18,044] {subprocess.py:78} INFO - + python /home/abd/airflow/code/generatetuple.py sig 40000 /home/abd/airflow/data/bsm-search/sig_2.root
[2021-10-10 19:56:19,151] {subprocess.py:82} INFO - Command exited with return code 0
[2021-10-10 19:56:19,162] {taskinstance.py:1212} INFO - Marking task as SUCCESS. dag_id=main, task_id=singal.generate_group_sig.generate_sig_2, execution_date=20211009T000000, start_date=20211010T165617, end_date=20211010T165619
[2021-10-10 19:56:19,184] {local_task_job.py:151} INFO - Task exited with return code 0
[2021-10-10 19:56:19,196] {local_task_job.py:261} INFO - 1 downstream tasks scheduled from follow-on schedule check
[2021-10-10 20:17:50,267] {taskinstance.py:903} INFO - Dependencies all met for <TaskInstance: main.singal.generate_group_sig.generate_sig_2 2021-10-09T00:00:00+00:00 [queued]>
[2021-10-10 20:17:50,273] {taskinstance.py:903} INFO - Dependencies all met for <TaskInstance: main.singal.generate_group_sig.generate_sig_2 2021-10-09T00:00:00+00:00 [queued]>
[2021-10-10 20:17:50,273] {taskinstance.py:1095} INFO - 
--------------------------------------------------------------------------------
[2021-10-10 20:17:50,273] {taskinstance.py:1096} INFO - Starting attempt 1 of 2
[2021-10-10 20:17:50,273] {taskinstance.py:1097} INFO - 
--------------------------------------------------------------------------------
[2021-10-10 20:17:50,281] {taskinstance.py:1115} INFO - Executing <Task(BashOperator): singal.generate_group_sig.generate_sig_2> on 2021-10-09T00:00:00+00:00
[2021-10-10 20:17:50,282] {standard_task_runner.py:52} INFO - Started process 10585 to run task
[2021-10-10 20:17:50,285] {standard_task_runner.py:76} INFO - Running: ['airflow', 'tasks', 'run', 'main', 'singal.generate_group_sig.generate_sig_2', '2021-10-09T00:00:00+00:00', '--job-id', '588', '--pool', 'default_pool', '--raw', '--subdir', 'DAGS_FOLDER/main.py', '--cfg-path', '/tmp/tmp2vx23jgh', '--error-file', '/tmp/tmpbodhz1mb']
[2021-10-10 20:17:50,286] {standard_task_runner.py:77} INFO - Job 588: Subtask singal.generate_group_sig.generate_sig_2
[2021-10-10 20:17:50,305] {logging_mixin.py:109} INFO - Running <TaskInstance: main.singal.generate_group_sig.generate_sig_2 2021-10-09T00:00:00+00:00 [running]> on host abd
[2021-10-10 20:17:50,340] {taskinstance.py:1252} INFO - Exporting the following env vars:
AIRFLOW_CTX_DAG_OWNER=admin
AIRFLOW_CTX_DAG_ID=main
AIRFLOW_CTX_TASK_ID=singal.generate_group_sig.generate_sig_2
AIRFLOW_CTX_EXECUTION_DATE=2021-10-09T00:00:00+00:00
AIRFLOW_CTX_DAG_RUN_ID=scheduled__2021-10-09T00:00:00+00:00
[2021-10-10 20:17:50,340] {subprocess.py:52} INFO - Tmp dir root location: 
 /tmp
[2021-10-10 20:17:50,340] {subprocess.py:63} INFO - Running command: ['bash', '-c', '\n            set -x\n            source ${thisroot}/thisroot.sh\n            pwd\n            python ${code}/generatetuple.py ${type} ${nevents} ${base_dir}/${type}_${jobnumber}.root\n            ']
[2021-10-10 20:17:50,344] {subprocess.py:74} INFO - Output:
[2021-10-10 20:17:50,345] {subprocess.py:78} INFO - + source /home/abd/root/root/bin/thisroot.sh
[2021-10-10 20:17:50,345] {subprocess.py:78} INFO - ++ '[' -n '' ']'
[2021-10-10 20:17:50,345] {subprocess.py:78} INFO - ++ SOURCE=/home/abd/root/root/bin/thisroot.sh
[2021-10-10 20:17:50,345] {subprocess.py:78} INFO - ++ '[' x/home/abd/root/root/bin/thisroot.sh = x ']'
[2021-10-10 20:17:50,345] {subprocess.py:78} INFO - ++ '[' x/home/abd/root/root/bin/thisroot.sh = x ']'
[2021-10-10 20:17:50,346] {subprocess.py:78} INFO - +++ dirname /home/abd/root/root/bin/thisroot.sh
[2021-10-10 20:17:50,346] {subprocess.py:78} INFO - ++ thisroot=/home/abd/root/root/bin
[2021-10-10 20:17:50,346] {subprocess.py:78} INFO - +++ cd /home/abd/root/root/bin/..
[2021-10-10 20:17:50,346] {subprocess.py:78} INFO - +++ pwd
[2021-10-10 20:17:50,346] {subprocess.py:78} INFO - ++ ROOTSYS=/home/abd/root/root
[2021-10-10 20:17:50,346] {subprocess.py:78} INFO - ++ export ROOTSYS
[2021-10-10 20:17:50,346] {subprocess.py:78} INFO - ++ clean_environment
[2021-10-10 20:17:50,347] {subprocess.py:78} INFO - ++ '[' -n '' ']'
[2021-10-10 20:17:50,347] {subprocess.py:78} INFO - ++ '[' -z '' ']'
[2021-10-10 20:17:50,347] {subprocess.py:78} INFO - ++ command -v manpath
[2021-10-10 20:17:50,347] {subprocess.py:78} INFO - +++ manpath
[2021-10-10 20:17:50,348] {subprocess.py:78} INFO - manpath: warning: $PATH not set
[2021-10-10 20:17:50,348] {subprocess.py:78} INFO - ++ default_manpath=/usr/share/man:/usr/local/share/man
[2021-10-10 20:17:50,348] {subprocess.py:78} INFO - ++ set_environment
[2021-10-10 20:17:50,348] {subprocess.py:78} INFO - ++ '[' -z /usr/local/sbin:/usr/local/bin:/usr/sbin:/usr/bin:/sbin:/bin ']'
[2021-10-10 20:17:50,348] {subprocess.py:78} INFO - ++ PATH=/home/abd/root/root/bin:/usr/local/sbin:/usr/local/bin:/usr/sbin:/usr/bin:/sbin:/bin
[2021-10-10 20:17:50,348] {subprocess.py:78} INFO - ++ export PATH
[2021-10-10 20:17:50,348] {subprocess.py:78} INFO - ++ '[' -z '' ']'
[2021-10-10 20:17:50,348] {subprocess.py:78} INFO - ++ LD_LIBRARY_PATH=/home/abd/root/root/lib
[2021-10-10 20:17:50,348] {subprocess.py:78} INFO - ++ export LD_LIBRARY_PATH
[2021-10-10 20:17:50,348] {subprocess.py:78} INFO - ++ '[' -z '' ']'
[2021-10-10 20:17:50,348] {subprocess.py:78} INFO - ++ DYLD_LIBRARY_PATH=/home/abd/root/root/lib
[2021-10-10 20:17:50,348] {subprocess.py:78} INFO - ++ export DYLD_LIBRARY_PATH
[2021-10-10 20:17:50,348] {subprocess.py:78} INFO - ++ '[' -z '' ']'
[2021-10-10 20:17:50,348] {subprocess.py:78} INFO - ++ SHLIB_PATH=/home/abd/root/root/lib
[2021-10-10 20:17:50,348] {subprocess.py:78} INFO - ++ export SHLIB_PATH
[2021-10-10 20:17:50,348] {subprocess.py:78} INFO - ++ '[' -z '' ']'
[2021-10-10 20:17:50,348] {subprocess.py:78} INFO - ++ LIBPATH=/home/abd/root/root/lib
[2021-10-10 20:17:50,348] {subprocess.py:78} INFO - ++ export LIBPATH
[2021-10-10 20:17:50,348] {subprocess.py:78} INFO - ++ '[' -z '' ']'
[2021-10-10 20:17:50,348] {subprocess.py:78} INFO - ++ PYTHONPATH=/home/abd/root/root/lib
[2021-10-10 20:17:50,348] {subprocess.py:78} INFO - ++ export PYTHONPATH
[2021-10-10 20:17:50,348] {subprocess.py:78} INFO - ++ '[' -z '' ']'
[2021-10-10 20:17:50,348] {subprocess.py:78} INFO - ++ MANPATH=/home/abd/root/root/man:/usr/share/man:/usr/local/share/man
[2021-10-10 20:17:50,348] {subprocess.py:78} INFO - ++ export MANPATH
[2021-10-10 20:17:50,348] {subprocess.py:78} INFO - ++ '[' -z '' ']'
[2021-10-10 20:17:50,348] {subprocess.py:78} INFO - ++ CMAKE_PREFIX_PATH=/home/abd/root/root
[2021-10-10 20:17:50,349] {subprocess.py:78} INFO - ++ export CMAKE_PREFIX_PATH
[2021-10-10 20:17:50,349] {subprocess.py:78} INFO - ++ '[' -z '' ']'
[2021-10-10 20:17:50,349] {subprocess.py:78} INFO - ++ JUPYTER_PATH=/home/abd/root/root/etc/notebook
[2021-10-10 20:17:50,349] {subprocess.py:78} INFO - ++ export JUPYTER_PATH
[2021-10-10 20:17:50,349] {subprocess.py:78} INFO - ++ '[' -z '' ']'
[2021-10-10 20:17:50,349] {subprocess.py:78} INFO - ++ JUPYTER_CONFIG_DIR=/home/abd/root/root/etc/notebook
[2021-10-10 20:17:50,349] {subprocess.py:78} INFO - ++ export JUPYTER_CONFIG_DIR
[2021-10-10 20:17:50,349] {subprocess.py:78} INFO - ++ export CLING_STANDARD_PCH=none
[2021-10-10 20:17:50,349] {subprocess.py:78} INFO - ++ CLING_STANDARD_PCH=none
[2021-10-10 20:17:50,349] {subprocess.py:78} INFO - +++ root-config --arch
[2021-10-10 20:17:50,349] {subprocess.py:78} INFO - +++ grep -v win32gcc
[2021-10-10 20:17:50,349] {subprocess.py:78} INFO - +++ grep -i win32
[2021-10-10 20:17:50,359] {subprocess.py:78} INFO - ++ '[' x '!=' x ']'
[2021-10-10 20:17:50,359] {subprocess.py:78} INFO - ++ unset old_rootsys
[2021-10-10 20:17:50,359] {subprocess.py:78} INFO - ++ unset thisroot
[2021-10-10 20:17:50,359] {subprocess.py:78} INFO - ++ unset -f drop_from_path
[2021-10-10 20:17:50,359] {subprocess.py:78} INFO - ++ unset -f clean_environment
[2021-10-10 20:17:50,359] {subprocess.py:78} INFO - ++ unset -f set_environment
[2021-10-10 20:17:50,359] {subprocess.py:78} INFO - + pwd
[2021-10-10 20:17:50,359] {subprocess.py:78} INFO - /tmp/airflowtmprwbkiv5f
[2021-10-10 20:17:50,359] {subprocess.py:78} INFO - + python /home/abd/airflow/code/generatetuple.py sig 40000 /home/abd/airflow/data/bsm-search/sig_2.root
[2021-10-10 20:17:51,436] {subprocess.py:82} INFO - Command exited with return code 0
[2021-10-10 20:17:51,447] {taskinstance.py:1212} INFO - Marking task as SUCCESS. dag_id=main, task_id=singal.generate_group_sig.generate_sig_2, execution_date=20211009T000000, start_date=20211010T171750, end_date=20211010T171751
[2021-10-10 20:17:51,459] {local_task_job.py:151} INFO - Task exited with return code 0
[2021-10-10 20:17:51,471] {local_task_job.py:261} INFO - 1 downstream tasks scheduled from follow-on schedule check
[2021-10-10 20:37:12,876] {taskinstance.py:903} INFO - Dependencies all met for <TaskInstance: main.singal.generate_group_sig.generate_sig_2 2021-10-09T00:00:00+00:00 [queued]>
[2021-10-10 20:37:12,881] {taskinstance.py:903} INFO - Dependencies all met for <TaskInstance: main.singal.generate_group_sig.generate_sig_2 2021-10-09T00:00:00+00:00 [queued]>
[2021-10-10 20:37:12,881] {taskinstance.py:1095} INFO - 
--------------------------------------------------------------------------------
[2021-10-10 20:37:12,882] {taskinstance.py:1096} INFO - Starting attempt 1 of 2
[2021-10-10 20:37:12,882] {taskinstance.py:1097} INFO - 
--------------------------------------------------------------------------------
[2021-10-10 20:37:12,889] {taskinstance.py:1115} INFO - Executing <Task(BashOperator): singal.generate_group_sig.generate_sig_2> on 2021-10-09T00:00:00+00:00
[2021-10-10 20:37:12,891] {standard_task_runner.py:52} INFO - Started process 14807 to run task
[2021-10-10 20:37:12,895] {standard_task_runner.py:76} INFO - Running: ['airflow', 'tasks', 'run', 'main', 'singal.generate_group_sig.generate_sig_2', '2021-10-09T00:00:00+00:00', '--job-id', '588', '--pool', 'default_pool', '--raw', '--subdir', 'DAGS_FOLDER/main.py', '--cfg-path', '/tmp/tmp_u_u8lye', '--error-file', '/tmp/tmph3kmhjb8']
[2021-10-10 20:37:12,895] {standard_task_runner.py:77} INFO - Job 588: Subtask singal.generate_group_sig.generate_sig_2
[2021-10-10 20:37:12,914] {logging_mixin.py:109} INFO - Running <TaskInstance: main.singal.generate_group_sig.generate_sig_2 2021-10-09T00:00:00+00:00 [running]> on host abd
[2021-10-10 20:37:12,938] {taskinstance.py:1252} INFO - Exporting the following env vars:
AIRFLOW_CTX_DAG_OWNER=admin
AIRFLOW_CTX_DAG_ID=main
AIRFLOW_CTX_TASK_ID=singal.generate_group_sig.generate_sig_2
AIRFLOW_CTX_EXECUTION_DATE=2021-10-09T00:00:00+00:00
AIRFLOW_CTX_DAG_RUN_ID=scheduled__2021-10-09T00:00:00+00:00
[2021-10-10 20:37:12,938] {subprocess.py:52} INFO - Tmp dir root location: 
 /tmp
[2021-10-10 20:37:12,939] {subprocess.py:63} INFO - Running command: ['bash', '-c', '\n            set -x\n            source ${thisroot}/thisroot.sh\n            pwd\n            python ${code}/generatetuple.py ${type} ${nevents} ${base_dir}/${type}_${jobnumber}.root\n            ']
[2021-10-10 20:37:12,942] {subprocess.py:74} INFO - Output:
[2021-10-10 20:37:12,943] {subprocess.py:78} INFO - + source /home/abd/root/root/bin/thisroot.sh
[2021-10-10 20:37:12,944] {subprocess.py:78} INFO - ++ '[' -n '' ']'
[2021-10-10 20:37:12,944] {subprocess.py:78} INFO - ++ SOURCE=/home/abd/root/root/bin/thisroot.sh
[2021-10-10 20:37:12,944] {subprocess.py:78} INFO - ++ '[' x/home/abd/root/root/bin/thisroot.sh = x ']'
[2021-10-10 20:37:12,944] {subprocess.py:78} INFO - ++ '[' x/home/abd/root/root/bin/thisroot.sh = x ']'
[2021-10-10 20:37:12,944] {subprocess.py:78} INFO - +++ dirname /home/abd/root/root/bin/thisroot.sh
[2021-10-10 20:37:12,944] {subprocess.py:78} INFO - ++ thisroot=/home/abd/root/root/bin
[2021-10-10 20:37:12,945] {subprocess.py:78} INFO - +++ cd /home/abd/root/root/bin/..
[2021-10-10 20:37:12,945] {subprocess.py:78} INFO - +++ pwd
[2021-10-10 20:37:12,945] {subprocess.py:78} INFO - ++ ROOTSYS=/home/abd/root/root
[2021-10-10 20:37:12,945] {subprocess.py:78} INFO - ++ export ROOTSYS
[2021-10-10 20:37:12,945] {subprocess.py:78} INFO - ++ clean_environment
[2021-10-10 20:37:12,945] {subprocess.py:78} INFO - ++ '[' -n '' ']'
[2021-10-10 20:37:12,945] {subprocess.py:78} INFO - ++ '[' -z '' ']'
[2021-10-10 20:37:12,945] {subprocess.py:78} INFO - ++ command -v manpath
[2021-10-10 20:37:12,945] {subprocess.py:78} INFO - +++ manpath
[2021-10-10 20:37:12,946] {subprocess.py:78} INFO - manpath: warning: $PATH not set
[2021-10-10 20:37:12,946] {subprocess.py:78} INFO - ++ default_manpath=/usr/share/man:/usr/local/share/man
[2021-10-10 20:37:12,946] {subprocess.py:78} INFO - ++ set_environment
[2021-10-10 20:37:12,946] {subprocess.py:78} INFO - ++ '[' -z /usr/local/sbin:/usr/local/bin:/usr/sbin:/usr/bin:/sbin:/bin ']'
[2021-10-10 20:37:12,946] {subprocess.py:78} INFO - ++ PATH=/home/abd/root/root/bin:/usr/local/sbin:/usr/local/bin:/usr/sbin:/usr/bin:/sbin:/bin
[2021-10-10 20:37:12,946] {subprocess.py:78} INFO - ++ export PATH
[2021-10-10 20:37:12,946] {subprocess.py:78} INFO - ++ '[' -z '' ']'
[2021-10-10 20:37:12,946] {subprocess.py:78} INFO - ++ LD_LIBRARY_PATH=/home/abd/root/root/lib
[2021-10-10 20:37:12,946] {subprocess.py:78} INFO - ++ export LD_LIBRARY_PATH
[2021-10-10 20:37:12,946] {subprocess.py:78} INFO - ++ '[' -z '' ']'
[2021-10-10 20:37:12,946] {subprocess.py:78} INFO - ++ DYLD_LIBRARY_PATH=/home/abd/root/root/lib
[2021-10-10 20:37:12,946] {subprocess.py:78} INFO - ++ export DYLD_LIBRARY_PATH
[2021-10-10 20:37:12,946] {subprocess.py:78} INFO - ++ '[' -z '' ']'
[2021-10-10 20:37:12,946] {subprocess.py:78} INFO - ++ SHLIB_PATH=/home/abd/root/root/lib
[2021-10-10 20:37:12,947] {subprocess.py:78} INFO - ++ export SHLIB_PATH
[2021-10-10 20:37:12,947] {subprocess.py:78} INFO - ++ '[' -z '' ']'
[2021-10-10 20:37:12,947] {subprocess.py:78} INFO - ++ LIBPATH=/home/abd/root/root/lib
[2021-10-10 20:37:12,947] {subprocess.py:78} INFO - ++ export LIBPATH
[2021-10-10 20:37:12,947] {subprocess.py:78} INFO - ++ '[' -z '' ']'
[2021-10-10 20:37:12,947] {subprocess.py:78} INFO - ++ PYTHONPATH=/home/abd/root/root/lib
[2021-10-10 20:37:12,947] {subprocess.py:78} INFO - ++ export PYTHONPATH
[2021-10-10 20:37:12,947] {subprocess.py:78} INFO - ++ '[' -z '' ']'
[2021-10-10 20:37:12,947] {subprocess.py:78} INFO - ++ MANPATH=/home/abd/root/root/man:/usr/share/man:/usr/local/share/man
[2021-10-10 20:37:12,947] {subprocess.py:78} INFO - ++ export MANPATH
[2021-10-10 20:37:12,947] {subprocess.py:78} INFO - ++ '[' -z '' ']'
[2021-10-10 20:37:12,947] {subprocess.py:78} INFO - ++ CMAKE_PREFIX_PATH=/home/abd/root/root
[2021-10-10 20:37:12,947] {subprocess.py:78} INFO - ++ export CMAKE_PREFIX_PATH
[2021-10-10 20:37:12,947] {subprocess.py:78} INFO - ++ '[' -z '' ']'
[2021-10-10 20:37:12,947] {subprocess.py:78} INFO - ++ JUPYTER_PATH=/home/abd/root/root/etc/notebook
[2021-10-10 20:37:12,947] {subprocess.py:78} INFO - ++ export JUPYTER_PATH
[2021-10-10 20:37:12,947] {subprocess.py:78} INFO - ++ '[' -z '' ']'
[2021-10-10 20:37:12,947] {subprocess.py:78} INFO - ++ JUPYTER_CONFIG_DIR=/home/abd/root/root/etc/notebook
[2021-10-10 20:37:12,947] {subprocess.py:78} INFO - ++ export JUPYTER_CONFIG_DIR
[2021-10-10 20:37:12,947] {subprocess.py:78} INFO - ++ export CLING_STANDARD_PCH=none
[2021-10-10 20:37:12,947] {subprocess.py:78} INFO - ++ CLING_STANDARD_PCH=none
[2021-10-10 20:37:12,947] {subprocess.py:78} INFO - +++ root-config --arch
[2021-10-10 20:37:12,948] {subprocess.py:78} INFO - +++ grep -v win32gcc
[2021-10-10 20:37:12,948] {subprocess.py:78} INFO - +++ grep -i win32
[2021-10-10 20:37:12,957] {subprocess.py:78} INFO - ++ '[' x '!=' x ']'
[2021-10-10 20:37:12,957] {subprocess.py:78} INFO - ++ unset old_rootsys
[2021-10-10 20:37:12,957] {subprocess.py:78} INFO - ++ unset thisroot
[2021-10-10 20:37:12,957] {subprocess.py:78} INFO - ++ unset -f drop_from_path
[2021-10-10 20:37:12,957] {subprocess.py:78} INFO - ++ unset -f clean_environment
[2021-10-10 20:37:12,957] {subprocess.py:78} INFO - ++ unset -f set_environment
[2021-10-10 20:37:12,957] {subprocess.py:78} INFO - + pwd
[2021-10-10 20:37:12,958] {subprocess.py:78} INFO - /tmp/airflowtmppe42cfvk
[2021-10-10 20:37:12,958] {subprocess.py:78} INFO - + python /home/abd/airflow/code/generatetuple.py sig 40000 /home/abd/airflow/data/bsm-search/sig_2.root
[2021-10-10 20:37:14,061] {subprocess.py:82} INFO - Command exited with return code 0
[2021-10-10 20:37:14,073] {taskinstance.py:1212} INFO - Marking task as SUCCESS. dag_id=main, task_id=singal.generate_group_sig.generate_sig_2, execution_date=20211009T000000, start_date=20211010T173712, end_date=20211010T173714
[2021-10-10 20:37:14,109] {local_task_job.py:151} INFO - Task exited with return code 0
[2021-10-10 20:37:14,122] {local_task_job.py:261} INFO - 1 downstream tasks scheduled from follow-on schedule check
