[2021-10-10 17:09:44,148] {taskinstance.py:903} INFO - Dependencies all met for <TaskInstance: latest_only_with_trigger.latest_only 2021-10-10T08:00:00+00:00 [queued]>
[2021-10-10 17:09:44,153] {taskinstance.py:903} INFO - Dependencies all met for <TaskInstance: latest_only_with_trigger.latest_only 2021-10-10T08:00:00+00:00 [queued]>
[2021-10-10 17:09:44,153] {taskinstance.py:1095} INFO - 
--------------------------------------------------------------------------------
[2021-10-10 17:09:44,153] {taskinstance.py:1096} INFO - Starting attempt 1 of 1
[2021-10-10 17:09:44,153] {taskinstance.py:1097} INFO - 
--------------------------------------------------------------------------------
[2021-10-10 17:09:44,162] {taskinstance.py:1115} INFO - Executing <Task(LatestOnlyOperator): latest_only> on 2021-10-10T08:00:00+00:00
[2021-10-10 17:09:44,165] {standard_task_runner.py:52} INFO - Started process 16846 to run task
[2021-10-10 17:09:44,171] {standard_task_runner.py:76} INFO - Running: ['airflow', 'tasks', 'run', 'latest_only_with_trigger', 'latest_only', '2021-10-10T08:00:00+00:00', '--job-id', '212', '--pool', 'default_pool', '--raw', '--subdir', '/usr/local/lib/python3.8/dist-packages/airflow/example_dags/example_latest_only_with_trigger.py', '--cfg-path', '/tmp/tmpnxen43_3', '--error-file', '/tmp/tmpjs9aqrdn']
[2021-10-10 17:09:44,171] {standard_task_runner.py:77} INFO - Job 212: Subtask latest_only
[2021-10-10 17:09:44,214] {logging_mixin.py:109} INFO - Running <TaskInstance: latest_only_with_trigger.latest_only 2021-10-10T08:00:00+00:00 [running]> on host abd
[2021-10-10 17:09:44,240] {taskinstance.py:1252} INFO - Exporting the following env vars:
AIRFLOW_CTX_DAG_OWNER=airflow
AIRFLOW_CTX_DAG_ID=latest_only_with_trigger
AIRFLOW_CTX_TASK_ID=latest_only
AIRFLOW_CTX_EXECUTION_DATE=2021-10-10T08:00:00+00:00
AIRFLOW_CTX_DAG_RUN_ID=scheduled__2021-10-10T08:00:00+00:00
[2021-10-10 17:09:44,240] {latest_only.py:53} INFO - Checking latest only with left_window: 2021-10-10T12:00:00+00:00 right_window: 2021-10-10T16:00:00+00:00 now: 2021-10-10T14:09:44.240824+00:00
[2021-10-10 17:09:44,241] {latest_only.py:66} INFO - Latest, allowing execution to proceed.
[2021-10-10 17:09:44,241] {skipmixin.py:124} INFO - Following branch ['task1']
[2021-10-10 17:09:44,242] {skipmixin.py:155} INFO - Skipping tasks []
[2021-10-10 17:09:44,257] {taskinstance.py:1212} INFO - Marking task as SUCCESS. dag_id=latest_only_with_trigger, task_id=latest_only, execution_date=20211010T080000, start_date=20211010T140944, end_date=20211010T140944
[2021-10-10 17:09:44,301] {local_task_job.py:151} INFO - Task exited with return code 0
[2021-10-10 17:09:44,324] {local_task_job.py:261} INFO - 1 downstream tasks scheduled from follow-on schedule check
