[2021-10-10 17:04:05,502] {taskinstance.py:903} INFO - Dependencies all met for <TaskInstance: example_short_circuit_operator.condition_is_False 2021-10-08T00:00:00+00:00 [queued]>
[2021-10-10 17:04:05,508] {taskinstance.py:903} INFO - Dependencies all met for <TaskInstance: example_short_circuit_operator.condition_is_False 2021-10-08T00:00:00+00:00 [queued]>
[2021-10-10 17:04:05,508] {taskinstance.py:1095} INFO - 
--------------------------------------------------------------------------------
[2021-10-10 17:04:05,508] {taskinstance.py:1096} INFO - Starting attempt 1 of 1
[2021-10-10 17:04:05,508] {taskinstance.py:1097} INFO - 
--------------------------------------------------------------------------------
[2021-10-10 17:04:05,515] {taskinstance.py:1115} INFO - Executing <Task(ShortCircuitOperator): condition_is_False> on 2021-10-08T00:00:00+00:00
[2021-10-10 17:04:05,516] {standard_task_runner.py:52} INFO - Started process 15348 to run task
[2021-10-10 17:04:05,519] {standard_task_runner.py:76} INFO - Running: ['airflow', 'tasks', 'run', 'example_short_circuit_operator', 'condition_is_False', '2021-10-08T00:00:00+00:00', '--job-id', '24', '--pool', 'default_pool', '--raw', '--subdir', '/usr/local/lib/python3.8/dist-packages/airflow/example_dags/example_short_circuit_operator.py', '--cfg-path', '/tmp/tmpwusqvaaq', '--error-file', '/tmp/tmp3e5fycs5']
[2021-10-10 17:04:05,520] {standard_task_runner.py:77} INFO - Job 24: Subtask condition_is_False
[2021-10-10 17:04:05,577] {logging_mixin.py:109} INFO - Running <TaskInstance: example_short_circuit_operator.condition_is_False 2021-10-08T00:00:00+00:00 [running]> on host abd
[2021-10-10 17:04:05,598] {taskinstance.py:1252} INFO - Exporting the following env vars:
AIRFLOW_CTX_DAG_OWNER=airflow
AIRFLOW_CTX_DAG_ID=example_short_circuit_operator
AIRFLOW_CTX_TASK_ID=condition_is_False
AIRFLOW_CTX_EXECUTION_DATE=2021-10-08T00:00:00+00:00
AIRFLOW_CTX_DAG_RUN_ID=scheduled__2021-10-08T00:00:00+00:00
[2021-10-10 17:04:05,598] {python.py:151} INFO - Done. Returned value was: False
[2021-10-10 17:04:05,598] {python.py:199} INFO - Condition result is False
[2021-10-10 17:04:05,598] {python.py:205} INFO - Skipping downstream tasks...
[2021-10-10 17:04:05,608] {python.py:213} INFO - Done.
[2021-10-10 17:04:05,611] {taskinstance.py:1212} INFO - Marking task as SUCCESS. dag_id=example_short_circuit_operator, task_id=condition_is_False, execution_date=20211008T000000, start_date=20211010T140405, end_date=20211010T140405
[2021-10-10 17:04:05,650] {local_task_job.py:151} INFO - Task exited with return code 0
[2021-10-10 17:04:05,694] {local_task_job.py:261} INFO - 0 downstream tasks scheduled from follow-on schedule check
