[2021-10-10 19:31:47,550] {taskinstance.py:903} INFO - Dependencies all met for <TaskInstance: main.mc.mc1.select_group_mc1.select_mc1_1 2021-10-10T16:30:58.729934+00:00 [queued]>
[2021-10-10 19:31:47,555] {taskinstance.py:903} INFO - Dependencies all met for <TaskInstance: main.mc.mc1.select_group_mc1.select_mc1_1 2021-10-10T16:30:58.729934+00:00 [queued]>
[2021-10-10 19:31:47,556] {taskinstance.py:1095} INFO - 
--------------------------------------------------------------------------------
[2021-10-10 19:31:47,556] {taskinstance.py:1096} INFO - Starting attempt 1 of 2
[2021-10-10 19:31:47,556] {taskinstance.py:1097} INFO - 
--------------------------------------------------------------------------------
[2021-10-10 19:31:47,565] {taskinstance.py:1115} INFO - Executing <Task(BashOperator): mc.mc1.select_group_mc1.select_mc1_1> on 2021-10-10T16:30:58.729934+00:00
[2021-10-10 19:31:47,566] {standard_task_runner.py:52} INFO - Started process 50660 to run task
[2021-10-10 19:31:47,569] {standard_task_runner.py:76} INFO - Running: ['airflow', 'tasks', 'run', 'main', 'mc.mc1.select_group_mc1.select_mc1_1', '2021-10-10T16:30:58.729934+00:00', '--job-id', '695', '--pool', 'default_pool', '--raw', '--subdir', 'DAGS_FOLDER/main.py', '--cfg-path', '/tmp/tmpoq4_ns3f', '--error-file', '/tmp/tmpie2di4cc']
[2021-10-10 19:31:47,570] {standard_task_runner.py:77} INFO - Job 695: Subtask mc.mc1.select_group_mc1.select_mc1_1
[2021-10-10 19:31:47,591] {logging_mixin.py:109} INFO - Running <TaskInstance: main.mc.mc1.select_group_mc1.select_mc1_1 2021-10-10T16:30:58.729934+00:00 [running]> on host abd
[2021-10-10 19:31:47,621] {taskinstance.py:1252} INFO - Exporting the following env vars:
AIRFLOW_CTX_DAG_OWNER=admin
AIRFLOW_CTX_DAG_ID=main
AIRFLOW_CTX_TASK_ID=mc.mc1.select_group_mc1.select_mc1_1
AIRFLOW_CTX_EXECUTION_DATE=2021-10-10T16:30:58.729934+00:00
AIRFLOW_CTX_DAG_RUN_ID=manual__2021-10-10T16:30:58.729934+00:00
[2021-10-10 19:31:47,621] {subprocess.py:52} INFO - Tmp dir root location: 
 /tmp
[2021-10-10 19:31:47,621] {subprocess.py:63} INFO - Running command: ['bash', '-c', '\n            set -x\n            source ${thisroot}/thisroot.sh        \n            python ${code}/select.py ${base_dir}/${inputfile} ${base_dir}/${outputfile} ${region} ${variation}\n            ']
[2021-10-10 19:31:47,625] {subprocess.py:74} INFO - Output:
[2021-10-10 19:31:47,626] {subprocess.py:78} INFO - + source /home/abd/root/root/bin/thisroot.sh
[2021-10-10 19:31:47,626] {subprocess.py:78} INFO - ++ '[' -n '' ']'
[2021-10-10 19:31:47,626] {subprocess.py:78} INFO - ++ SOURCE=/home/abd/root/root/bin/thisroot.sh
[2021-10-10 19:31:47,626] {subprocess.py:78} INFO - ++ '[' x/home/abd/root/root/bin/thisroot.sh = x ']'
[2021-10-10 19:31:47,626] {subprocess.py:78} INFO - ++ '[' x/home/abd/root/root/bin/thisroot.sh = x ']'
[2021-10-10 19:31:47,627] {subprocess.py:78} INFO - +++ dirname /home/abd/root/root/bin/thisroot.sh
[2021-10-10 19:31:47,627] {subprocess.py:78} INFO - ++ thisroot=/home/abd/root/root/bin
[2021-10-10 19:31:47,627] {subprocess.py:78} INFO - +++ cd /home/abd/root/root/bin/..
[2021-10-10 19:31:47,627] {subprocess.py:78} INFO - +++ pwd
[2021-10-10 19:31:47,628] {subprocess.py:78} INFO - ++ ROOTSYS=/home/abd/root/root
[2021-10-10 19:31:47,628] {subprocess.py:78} INFO - ++ export ROOTSYS
[2021-10-10 19:31:47,628] {subprocess.py:78} INFO - ++ clean_environment
[2021-10-10 19:31:47,628] {subprocess.py:78} INFO - ++ '[' -n '' ']'
[2021-10-10 19:31:47,628] {subprocess.py:78} INFO - ++ '[' -z '' ']'
[2021-10-10 19:31:47,628] {subprocess.py:78} INFO - ++ command -v manpath
[2021-10-10 19:31:47,628] {subprocess.py:78} INFO - +++ manpath
[2021-10-10 19:31:47,629] {subprocess.py:78} INFO - manpath: warning: $PATH not set
[2021-10-10 19:31:47,629] {subprocess.py:78} INFO - ++ default_manpath=/usr/share/man:/usr/local/share/man
[2021-10-10 19:31:47,629] {subprocess.py:78} INFO - ++ set_environment
[2021-10-10 19:31:47,629] {subprocess.py:78} INFO - ++ '[' -z /usr/local/sbin:/usr/local/bin:/usr/sbin:/usr/bin:/sbin:/bin ']'
[2021-10-10 19:31:47,629] {subprocess.py:78} INFO - ++ PATH=/home/abd/root/root/bin:/usr/local/sbin:/usr/local/bin:/usr/sbin:/usr/bin:/sbin:/bin
[2021-10-10 19:31:47,629] {subprocess.py:78} INFO - ++ export PATH
[2021-10-10 19:31:47,629] {subprocess.py:78} INFO - ++ '[' -z '' ']'
[2021-10-10 19:31:47,629] {subprocess.py:78} INFO - ++ LD_LIBRARY_PATH=/home/abd/root/root/lib
[2021-10-10 19:31:47,629] {subprocess.py:78} INFO - ++ export LD_LIBRARY_PATH
[2021-10-10 19:31:47,629] {subprocess.py:78} INFO - ++ '[' -z '' ']'
[2021-10-10 19:31:47,629] {subprocess.py:78} INFO - ++ DYLD_LIBRARY_PATH=/home/abd/root/root/lib
[2021-10-10 19:31:47,629] {subprocess.py:78} INFO - ++ export DYLD_LIBRARY_PATH
[2021-10-10 19:31:47,629] {subprocess.py:78} INFO - ++ '[' -z '' ']'
[2021-10-10 19:31:47,629] {subprocess.py:78} INFO - ++ SHLIB_PATH=/home/abd/root/root/lib
[2021-10-10 19:31:47,629] {subprocess.py:78} INFO - ++ export SHLIB_PATH
[2021-10-10 19:31:47,629] {subprocess.py:78} INFO - ++ '[' -z '' ']'
[2021-10-10 19:31:47,629] {subprocess.py:78} INFO - ++ LIBPATH=/home/abd/root/root/lib
[2021-10-10 19:31:47,629] {subprocess.py:78} INFO - ++ export LIBPATH
[2021-10-10 19:31:47,629] {subprocess.py:78} INFO - ++ '[' -z '' ']'
[2021-10-10 19:31:47,629] {subprocess.py:78} INFO - ++ PYTHONPATH=/home/abd/root/root/lib
[2021-10-10 19:31:47,629] {subprocess.py:78} INFO - ++ export PYTHONPATH
[2021-10-10 19:31:47,629] {subprocess.py:78} INFO - ++ '[' -z '' ']'
[2021-10-10 19:31:47,629] {subprocess.py:78} INFO - ++ MANPATH=/home/abd/root/root/man:/usr/share/man:/usr/local/share/man
[2021-10-10 19:31:47,629] {subprocess.py:78} INFO - ++ export MANPATH
[2021-10-10 19:31:47,630] {subprocess.py:78} INFO - ++ '[' -z '' ']'
[2021-10-10 19:31:47,630] {subprocess.py:78} INFO - ++ CMAKE_PREFIX_PATH=/home/abd/root/root
[2021-10-10 19:31:47,630] {subprocess.py:78} INFO - ++ export CMAKE_PREFIX_PATH
[2021-10-10 19:31:47,630] {subprocess.py:78} INFO - ++ '[' -z '' ']'
[2021-10-10 19:31:47,630] {subprocess.py:78} INFO - ++ JUPYTER_PATH=/home/abd/root/root/etc/notebook
[2021-10-10 19:31:47,630] {subprocess.py:78} INFO - ++ export JUPYTER_PATH
[2021-10-10 19:31:47,630] {subprocess.py:78} INFO - ++ '[' -z '' ']'
[2021-10-10 19:31:47,630] {subprocess.py:78} INFO - ++ JUPYTER_CONFIG_DIR=/home/abd/root/root/etc/notebook
[2021-10-10 19:31:47,630] {subprocess.py:78} INFO - ++ export JUPYTER_CONFIG_DIR
[2021-10-10 19:31:47,630] {subprocess.py:78} INFO - ++ export CLING_STANDARD_PCH=none
[2021-10-10 19:31:47,630] {subprocess.py:78} INFO - ++ CLING_STANDARD_PCH=none
[2021-10-10 19:31:47,630] {subprocess.py:78} INFO - +++ root-config --arch
[2021-10-10 19:31:47,630] {subprocess.py:78} INFO - +++ grep -v win32gcc
[2021-10-10 19:31:47,630] {subprocess.py:78} INFO - +++ grep -i win32
[2021-10-10 19:31:47,640] {subprocess.py:78} INFO - ++ '[' x '!=' x ']'
[2021-10-10 19:31:47,640] {subprocess.py:78} INFO - ++ unset old_rootsys
[2021-10-10 19:31:47,640] {subprocess.py:78} INFO - ++ unset thisroot
[2021-10-10 19:31:47,640] {subprocess.py:78} INFO - ++ unset -f drop_from_path
[2021-10-10 19:31:47,640] {subprocess.py:78} INFO - ++ unset -f clean_environment
[2021-10-10 19:31:47,640] {subprocess.py:78} INFO - ++ unset -f set_environment
[2021-10-10 19:31:47,640] {subprocess.py:78} INFO - + python /home/abd/airflow/code/select.py /home/abd/airflow/data/bsm-search/mc1.root /home/abd/airflow/data/bsm-search/mc1_shape_conv_up.root signal shape_conv_up
[2021-10-10 19:31:49,848] {subprocess.py:78} INFO - region:var:weight_nominal
[2021-10-10 19:31:49,866] {subprocess.py:82} INFO - Command exited with return code 0
[2021-10-10 19:31:49,881] {taskinstance.py:1212} INFO - Marking task as SUCCESS. dag_id=main, task_id=mc.mc1.select_group_mc1.select_mc1_1, execution_date=20211010T163058, start_date=20211010T163147, end_date=20211010T163149
[2021-10-10 19:31:49,906] {local_task_job.py:151} INFO - Task exited with return code 0
[2021-10-10 19:31:49,921] {local_task_job.py:261} INFO - 0 downstream tasks scheduled from follow-on schedule check
