[2021-10-10 17:18:40,944] {taskinstance.py:903} INFO - Dependencies all met for <TaskInstance: main.singal.generate_group_sig.generate_sig_1 2021-10-09T00:00:00+00:00 [queued]>
[2021-10-10 17:18:40,950] {taskinstance.py:903} INFO - Dependencies all met for <TaskInstance: main.singal.generate_group_sig.generate_sig_1 2021-10-09T00:00:00+00:00 [queued]>
[2021-10-10 17:18:40,950] {taskinstance.py:1095} INFO - 
--------------------------------------------------------------------------------
[2021-10-10 17:18:40,950] {taskinstance.py:1096} INFO - Starting attempt 1 of 2
[2021-10-10 17:18:40,950] {taskinstance.py:1097} INFO - 
--------------------------------------------------------------------------------
[2021-10-10 17:18:40,957] {taskinstance.py:1115} INFO - Executing <Task(BashOperator): singal.generate_group_sig.generate_sig_1> on 2021-10-09T00:00:00+00:00
[2021-10-10 17:18:40,958] {standard_task_runner.py:52} INFO - Started process 19874 to run task
[2021-10-10 17:18:40,961] {standard_task_runner.py:76} INFO - Running: ['airflow', 'tasks', 'run', 'main', 'singal.generate_group_sig.generate_sig_1', '2021-10-09T00:00:00+00:00', '--job-id', '585', '--pool', 'default_pool', '--raw', '--subdir', 'DAGS_FOLDER/main.py', '--cfg-path', '/tmp/tmpm3741ps3', '--error-file', '/tmp/tmp7zjebku2']
[2021-10-10 17:18:40,962] {standard_task_runner.py:77} INFO - Job 585: Subtask singal.generate_group_sig.generate_sig_1
[2021-10-10 17:18:40,980] {logging_mixin.py:109} INFO - Running <TaskInstance: main.singal.generate_group_sig.generate_sig_1 2021-10-09T00:00:00+00:00 [running]> on host abd
[2021-10-10 17:18:41,006] {taskinstance.py:1252} INFO - Exporting the following env vars:
AIRFLOW_CTX_DAG_OWNER=admin
AIRFLOW_CTX_DAG_ID=main
AIRFLOW_CTX_TASK_ID=singal.generate_group_sig.generate_sig_1
AIRFLOW_CTX_EXECUTION_DATE=2021-10-09T00:00:00+00:00
AIRFLOW_CTX_DAG_RUN_ID=scheduled__2021-10-09T00:00:00+00:00
[2021-10-10 17:18:41,007] {subprocess.py:52} INFO - Tmp dir root location: 
 /tmp
[2021-10-10 17:18:41,007] {subprocess.py:63} INFO - Running command: ['bash', '-c', '\n            set -x\n            source ${thisroot}/thisroot.sh\n            pwd\n            python ${code}/generatetuple.py ${type} ${nevents} ${base_dir}/${type}_${jobnumber}.root\n            ']
[2021-10-10 17:18:41,011] {subprocess.py:74} INFO - Output:
[2021-10-10 17:18:41,012] {subprocess.py:78} INFO - + source /home/abd/root/root-6.24.06-install/bin/thisroot.sh
[2021-10-10 17:18:41,012] {subprocess.py:78} INFO - bash: line 2: /home/abd/root/root-6.24.06-install/bin/thisroot.sh: No such file or directory
[2021-10-10 17:18:41,012] {subprocess.py:78} INFO - + pwd
[2021-10-10 17:18:41,012] {subprocess.py:78} INFO - /tmp/airflowtmpu4opkqeb
[2021-10-10 17:18:41,012] {subprocess.py:78} INFO - + python /home/abd/airflow/code/generatetuple.py sig 40000 /home/abd/airflow/data/bsm-search/sig_1.root
[2021-10-10 17:18:41,018] {subprocess.py:78} INFO - python: can't open file '/home/abd/airflow/code/generatetuple.py': [Errno 2] No such file or directory
[2021-10-10 17:18:41,019] {subprocess.py:82} INFO - Command exited with return code 2
[2021-10-10 17:18:41,023] {taskinstance.py:1463} ERROR - Task failed with exception
Traceback (most recent call last):
  File "/usr/local/lib/python3.8/dist-packages/airflow/models/taskinstance.py", line 1165, in _run_raw_task
    self._prepare_and_execute_task_with_callbacks(context, task)
  File "/usr/local/lib/python3.8/dist-packages/airflow/models/taskinstance.py", line 1283, in _prepare_and_execute_task_with_callbacks
    result = self._execute_task(context, task_copy)
  File "/usr/local/lib/python3.8/dist-packages/airflow/models/taskinstance.py", line 1313, in _execute_task
    result = task_copy.execute(context=context)
  File "/usr/local/lib/python3.8/dist-packages/airflow/operators/bash.py", line 176, in execute
    raise AirflowException('Bash command failed. The command returned a non-zero exit code.')
airflow.exceptions.AirflowException: Bash command failed. The command returned a non-zero exit code.
[2021-10-10 17:18:41,024] {taskinstance.py:1506} INFO - Marking task as UP_FOR_RETRY. dag_id=main, task_id=singal.generate_group_sig.generate_sig_1, execution_date=20211009T000000, start_date=20211010T141840, end_date=20211010T141841
[2021-10-10 17:18:41,052] {local_task_job.py:151} INFO - Task exited with return code 1
[2021-10-10 17:18:41,063] {local_task_job.py:261} INFO - 0 downstream tasks scheduled from follow-on schedule check
[2021-10-10 17:28:08,748] {taskinstance.py:903} INFO - Dependencies all met for <TaskInstance: main.singal.generate_group_sig.generate_sig_1 2021-10-09T00:00:00+00:00 [queued]>
[2021-10-10 17:28:08,755] {taskinstance.py:903} INFO - Dependencies all met for <TaskInstance: main.singal.generate_group_sig.generate_sig_1 2021-10-09T00:00:00+00:00 [queued]>
[2021-10-10 17:28:08,755] {taskinstance.py:1095} INFO - 
--------------------------------------------------------------------------------
[2021-10-10 17:28:08,755] {taskinstance.py:1096} INFO - Starting attempt 1 of 2
[2021-10-10 17:28:08,755] {taskinstance.py:1097} INFO - 
--------------------------------------------------------------------------------
[2021-10-10 17:28:08,762] {taskinstance.py:1115} INFO - Executing <Task(BashOperator): singal.generate_group_sig.generate_sig_1> on 2021-10-09T00:00:00+00:00
[2021-10-10 17:28:08,764] {standard_task_runner.py:52} INFO - Started process 21574 to run task
[2021-10-10 17:28:08,766] {standard_task_runner.py:76} INFO - Running: ['airflow', 'tasks', 'run', 'main', 'singal.generate_group_sig.generate_sig_1', '2021-10-09T00:00:00+00:00', '--job-id', '585', '--pool', 'default_pool', '--raw', '--subdir', 'DAGS_FOLDER/main.py', '--cfg-path', '/tmp/tmpqe78q87b', '--error-file', '/tmp/tmpvaftkljm']
[2021-10-10 17:28:08,767] {standard_task_runner.py:77} INFO - Job 585: Subtask singal.generate_group_sig.generate_sig_1
[2021-10-10 17:28:08,786] {logging_mixin.py:109} INFO - Running <TaskInstance: main.singal.generate_group_sig.generate_sig_1 2021-10-09T00:00:00+00:00 [running]> on host abd
[2021-10-10 17:28:08,811] {taskinstance.py:1252} INFO - Exporting the following env vars:
AIRFLOW_CTX_DAG_OWNER=admin
AIRFLOW_CTX_DAG_ID=main
AIRFLOW_CTX_TASK_ID=singal.generate_group_sig.generate_sig_1
AIRFLOW_CTX_EXECUTION_DATE=2021-10-09T00:00:00+00:00
AIRFLOW_CTX_DAG_RUN_ID=scheduled__2021-10-09T00:00:00+00:00
[2021-10-10 17:28:08,811] {subprocess.py:52} INFO - Tmp dir root location: 
 /tmp
[2021-10-10 17:28:08,812] {subprocess.py:63} INFO - Running command: ['bash', '-c', '\n            set -x\n            source ${thisroot}/thisroot.sh\n            pwd\n            python ${code}/generatetuple.py ${type} ${nevents} ${base_dir}/${type}_${jobnumber}.root\n            ']
[2021-10-10 17:28:08,815] {subprocess.py:74} INFO - Output:
[2021-10-10 17:28:08,816] {subprocess.py:78} INFO - + source /home/abd/root/root-6.24.06-install/bin/thisroot.sh
[2021-10-10 17:28:08,816] {subprocess.py:78} INFO - bash: line 2: /home/abd/root/root-6.24.06-install/bin/thisroot.sh: No such file or directory
[2021-10-10 17:28:08,816] {subprocess.py:78} INFO - + pwd
[2021-10-10 17:28:08,816] {subprocess.py:78} INFO - /tmp/airflowtmp01po_3oc
[2021-10-10 17:28:08,816] {subprocess.py:78} INFO - + python /home/abd/airflow/code/generatetuple.py sig 40000 /home/abd/airflow/data/bsm-search/sig_1.root
[2021-10-10 17:28:08,824] {subprocess.py:78} INFO - Traceback (most recent call last):
[2021-10-10 17:28:08,824] {subprocess.py:78} INFO -   File "/home/abd/airflow/code/generatetuple.py", line 1, in <module>
[2021-10-10 17:28:08,824] {subprocess.py:78} INFO -     import ROOT
[2021-10-10 17:28:08,824] {subprocess.py:78} INFO - ImportError: No module named ROOT
[2021-10-10 17:28:08,825] {subprocess.py:82} INFO - Command exited with return code 1
[2021-10-10 17:28:08,830] {taskinstance.py:1463} ERROR - Task failed with exception
Traceback (most recent call last):
  File "/usr/local/lib/python3.8/dist-packages/airflow/models/taskinstance.py", line 1165, in _run_raw_task
    self._prepare_and_execute_task_with_callbacks(context, task)
  File "/usr/local/lib/python3.8/dist-packages/airflow/models/taskinstance.py", line 1283, in _prepare_and_execute_task_with_callbacks
    result = self._execute_task(context, task_copy)
  File "/usr/local/lib/python3.8/dist-packages/airflow/models/taskinstance.py", line 1313, in _execute_task
    result = task_copy.execute(context=context)
  File "/usr/local/lib/python3.8/dist-packages/airflow/operators/bash.py", line 176, in execute
    raise AirflowException('Bash command failed. The command returned a non-zero exit code.')
airflow.exceptions.AirflowException: Bash command failed. The command returned a non-zero exit code.
[2021-10-10 17:28:08,831] {taskinstance.py:1506} INFO - Marking task as UP_FOR_RETRY. dag_id=main, task_id=singal.generate_group_sig.generate_sig_1, execution_date=20211009T000000, start_date=20211010T142808, end_date=20211010T142808
[2021-10-10 17:28:08,857] {local_task_job.py:151} INFO - Task exited with return code 1
[2021-10-10 17:28:08,869] {local_task_job.py:261} INFO - 0 downstream tasks scheduled from follow-on schedule check
[2021-10-10 17:32:03,237] {taskinstance.py:903} INFO - Dependencies all met for <TaskInstance: main.singal.generate_group_sig.generate_sig_1 2021-10-09T00:00:00+00:00 [queued]>
[2021-10-10 17:32:03,242] {taskinstance.py:903} INFO - Dependencies all met for <TaskInstance: main.singal.generate_group_sig.generate_sig_1 2021-10-09T00:00:00+00:00 [queued]>
[2021-10-10 17:32:03,242] {taskinstance.py:1095} INFO - 
--------------------------------------------------------------------------------
[2021-10-10 17:32:03,242] {taskinstance.py:1096} INFO - Starting attempt 1 of 2
[2021-10-10 17:32:03,242] {taskinstance.py:1097} INFO - 
--------------------------------------------------------------------------------
[2021-10-10 17:32:03,250] {taskinstance.py:1115} INFO - Executing <Task(BashOperator): singal.generate_group_sig.generate_sig_1> on 2021-10-09T00:00:00+00:00
[2021-10-10 17:32:03,251] {standard_task_runner.py:52} INFO - Started process 22720 to run task
[2021-10-10 17:32:03,254] {standard_task_runner.py:76} INFO - Running: ['airflow', 'tasks', 'run', 'main', 'singal.generate_group_sig.generate_sig_1', '2021-10-09T00:00:00+00:00', '--job-id', '585', '--pool', 'default_pool', '--raw', '--subdir', 'DAGS_FOLDER/main.py', '--cfg-path', '/tmp/tmp8rkf3phs', '--error-file', '/tmp/tmpxbu79ckj']
[2021-10-10 17:32:03,255] {standard_task_runner.py:77} INFO - Job 585: Subtask singal.generate_group_sig.generate_sig_1
[2021-10-10 17:32:03,276] {logging_mixin.py:109} INFO - Running <TaskInstance: main.singal.generate_group_sig.generate_sig_1 2021-10-09T00:00:00+00:00 [running]> on host abd
[2021-10-10 17:32:03,305] {taskinstance.py:1252} INFO - Exporting the following env vars:
AIRFLOW_CTX_DAG_OWNER=admin
AIRFLOW_CTX_DAG_ID=main
AIRFLOW_CTX_TASK_ID=singal.generate_group_sig.generate_sig_1
AIRFLOW_CTX_EXECUTION_DATE=2021-10-09T00:00:00+00:00
AIRFLOW_CTX_DAG_RUN_ID=scheduled__2021-10-09T00:00:00+00:00
[2021-10-10 17:32:03,305] {subprocess.py:52} INFO - Tmp dir root location: 
 /tmp
[2021-10-10 17:32:03,305] {subprocess.py:63} INFO - Running command: ['bash', '-c', '\n            set -x\n            source ${thisroot}/thisroot.sh\n            pwd\n            python ${code}/generatetuple.py ${type} ${nevents} ${base_dir}/${type}_${jobnumber}.root\n            ']
[2021-10-10 17:32:03,309] {subprocess.py:74} INFO - Output:
[2021-10-10 17:32:03,310] {subprocess.py:78} INFO - + source /home/abd/root/root/bin/thisroot.sh
[2021-10-10 17:32:03,310] {subprocess.py:78} INFO - ++ '[' -n '' ']'
[2021-10-10 17:32:03,311] {subprocess.py:78} INFO - ++ SOURCE=/home/abd/root/root/bin/thisroot.sh
[2021-10-10 17:32:03,311] {subprocess.py:78} INFO - ++ '[' x/home/abd/root/root/bin/thisroot.sh = x ']'
[2021-10-10 17:32:03,311] {subprocess.py:78} INFO - ++ '[' x/home/abd/root/root/bin/thisroot.sh = x ']'
[2021-10-10 17:32:03,311] {subprocess.py:78} INFO - +++ dirname /home/abd/root/root/bin/thisroot.sh
[2021-10-10 17:32:03,311] {subprocess.py:78} INFO - ++ thisroot=/home/abd/root/root/bin
[2021-10-10 17:32:03,312] {subprocess.py:78} INFO - +++ cd /home/abd/root/root/bin/..
[2021-10-10 17:32:03,312] {subprocess.py:78} INFO - +++ pwd
[2021-10-10 17:32:03,312] {subprocess.py:78} INFO - ++ ROOTSYS=/home/abd/root/root
[2021-10-10 17:32:03,312] {subprocess.py:78} INFO - ++ export ROOTSYS
[2021-10-10 17:32:03,312] {subprocess.py:78} INFO - ++ clean_environment
[2021-10-10 17:32:03,312] {subprocess.py:78} INFO - ++ '[' -n '' ']'
[2021-10-10 17:32:03,312] {subprocess.py:78} INFO - ++ '[' -z '' ']'
[2021-10-10 17:32:03,312] {subprocess.py:78} INFO - ++ command -v manpath
[2021-10-10 17:32:03,312] {subprocess.py:78} INFO - +++ manpath
[2021-10-10 17:32:03,313] {subprocess.py:78} INFO - manpath: warning: $PATH not set
[2021-10-10 17:32:03,313] {subprocess.py:78} INFO - ++ default_manpath=/usr/share/man:/usr/local/share/man
[2021-10-10 17:32:03,313] {subprocess.py:78} INFO - ++ set_environment
[2021-10-10 17:32:03,313] {subprocess.py:78} INFO - ++ '[' -z /usr/local/sbin:/usr/local/bin:/usr/sbin:/usr/bin:/sbin:/bin ']'
[2021-10-10 17:32:03,314] {subprocess.py:78} INFO - ++ PATH=/home/abd/root/root/bin:/usr/local/sbin:/usr/local/bin:/usr/sbin:/usr/bin:/sbin:/bin
[2021-10-10 17:32:03,314] {subprocess.py:78} INFO - ++ export PATH
[2021-10-10 17:32:03,314] {subprocess.py:78} INFO - ++ '[' -z '' ']'
[2021-10-10 17:32:03,314] {subprocess.py:78} INFO - ++ LD_LIBRARY_PATH=/home/abd/root/root/lib
[2021-10-10 17:32:03,314] {subprocess.py:78} INFO - ++ export LD_LIBRARY_PATH
[2021-10-10 17:32:03,314] {subprocess.py:78} INFO - ++ '[' -z '' ']'
[2021-10-10 17:32:03,314] {subprocess.py:78} INFO - ++ DYLD_LIBRARY_PATH=/home/abd/root/root/lib
[2021-10-10 17:32:03,314] {subprocess.py:78} INFO - ++ export DYLD_LIBRARY_PATH
[2021-10-10 17:32:03,314] {subprocess.py:78} INFO - ++ '[' -z '' ']'
[2021-10-10 17:32:03,314] {subprocess.py:78} INFO - ++ SHLIB_PATH=/home/abd/root/root/lib
[2021-10-10 17:32:03,314] {subprocess.py:78} INFO - ++ export SHLIB_PATH
[2021-10-10 17:32:03,314] {subprocess.py:78} INFO - ++ '[' -z '' ']'
[2021-10-10 17:32:03,314] {subprocess.py:78} INFO - ++ LIBPATH=/home/abd/root/root/lib
[2021-10-10 17:32:03,314] {subprocess.py:78} INFO - ++ export LIBPATH
[2021-10-10 17:32:03,314] {subprocess.py:78} INFO - ++ '[' -z '' ']'
[2021-10-10 17:32:03,314] {subprocess.py:78} INFO - ++ PYTHONPATH=/home/abd/root/root/lib
[2021-10-10 17:32:03,314] {subprocess.py:78} INFO - ++ export PYTHONPATH
[2021-10-10 17:32:03,314] {subprocess.py:78} INFO - ++ '[' -z '' ']'
[2021-10-10 17:32:03,314] {subprocess.py:78} INFO - ++ MANPATH=/home/abd/root/root/man:/usr/share/man:/usr/local/share/man
[2021-10-10 17:32:03,314] {subprocess.py:78} INFO - ++ export MANPATH
[2021-10-10 17:32:03,314] {subprocess.py:78} INFO - ++ '[' -z '' ']'
[2021-10-10 17:32:03,314] {subprocess.py:78} INFO - ++ CMAKE_PREFIX_PATH=/home/abd/root/root
[2021-10-10 17:32:03,314] {subprocess.py:78} INFO - ++ export CMAKE_PREFIX_PATH
[2021-10-10 17:32:03,314] {subprocess.py:78} INFO - ++ '[' -z '' ']'
[2021-10-10 17:32:03,314] {subprocess.py:78} INFO - ++ JUPYTER_PATH=/home/abd/root/root/etc/notebook
[2021-10-10 17:32:03,314] {subprocess.py:78} INFO - ++ export JUPYTER_PATH
[2021-10-10 17:32:03,315] {subprocess.py:78} INFO - ++ '[' -z '' ']'
[2021-10-10 17:32:03,315] {subprocess.py:78} INFO - ++ JUPYTER_CONFIG_DIR=/home/abd/root/root/etc/notebook
[2021-10-10 17:32:03,315] {subprocess.py:78} INFO - ++ export JUPYTER_CONFIG_DIR
[2021-10-10 17:32:03,315] {subprocess.py:78} INFO - ++ export CLING_STANDARD_PCH=none
[2021-10-10 17:32:03,315] {subprocess.py:78} INFO - ++ CLING_STANDARD_PCH=none
[2021-10-10 17:32:03,315] {subprocess.py:78} INFO - +++ root-config --arch
[2021-10-10 17:32:03,315] {subprocess.py:78} INFO - +++ grep -v win32gcc
[2021-10-10 17:32:03,315] {subprocess.py:78} INFO - +++ grep -i win32
[2021-10-10 17:32:03,324] {subprocess.py:78} INFO - ++ '[' x '!=' x ']'
[2021-10-10 17:32:03,325] {subprocess.py:78} INFO - ++ unset old_rootsys
[2021-10-10 17:32:03,325] {subprocess.py:78} INFO - ++ unset thisroot
[2021-10-10 17:32:03,325] {subprocess.py:78} INFO - ++ unset -f drop_from_path
[2021-10-10 17:32:03,325] {subprocess.py:78} INFO - ++ unset -f clean_environment
[2021-10-10 17:32:03,325] {subprocess.py:78} INFO - ++ unset -f set_environment
[2021-10-10 17:32:03,325] {subprocess.py:78} INFO - + pwd
[2021-10-10 17:32:03,325] {subprocess.py:78} INFO - /tmp/airflowtmp2rjvmmbp
[2021-10-10 17:32:03,325] {subprocess.py:78} INFO - + python /home/abd/airflow/code/generatetuple.py sig 40000 /home/abd/airflow/data/bsm-search/sig_1.root
[2021-10-10 17:32:04,442] {subprocess.py:82} INFO - Command exited with return code 0
[2021-10-10 17:32:04,454] {taskinstance.py:1212} INFO - Marking task as SUCCESS. dag_id=main, task_id=singal.generate_group_sig.generate_sig_1, execution_date=20211009T000000, start_date=20211010T143203, end_date=20211010T143204
[2021-10-10 17:32:04,468] {local_task_job.py:151} INFO - Task exited with return code 0
[2021-10-10 17:32:04,479] {local_task_job.py:261} INFO - 0 downstream tasks scheduled from follow-on schedule check
[2021-10-10 19:36:43,924] {taskinstance.py:903} INFO - Dependencies all met for <TaskInstance: main.singal.generate_group_sig.generate_sig_1 2021-10-09T00:00:00+00:00 [queued]>
[2021-10-10 19:36:43,930] {taskinstance.py:903} INFO - Dependencies all met for <TaskInstance: main.singal.generate_group_sig.generate_sig_1 2021-10-09T00:00:00+00:00 [queued]>
[2021-10-10 19:36:43,930] {taskinstance.py:1095} INFO - 
--------------------------------------------------------------------------------
[2021-10-10 19:36:43,930] {taskinstance.py:1096} INFO - Starting attempt 1 of 2
[2021-10-10 19:36:43,930] {taskinstance.py:1097} INFO - 
--------------------------------------------------------------------------------
[2021-10-10 19:36:43,937] {taskinstance.py:1115} INFO - Executing <Task(BashOperator): singal.generate_group_sig.generate_sig_1> on 2021-10-09T00:00:00+00:00
[2021-10-10 19:36:43,939] {standard_task_runner.py:52} INFO - Started process 56310 to run task
[2021-10-10 19:36:43,942] {standard_task_runner.py:76} INFO - Running: ['airflow', 'tasks', 'run', 'main', 'singal.generate_group_sig.generate_sig_1', '2021-10-09T00:00:00+00:00', '--job-id', '585', '--pool', 'default_pool', '--raw', '--subdir', 'DAGS_FOLDER/main.py', '--cfg-path', '/tmp/tmpsdyricdr', '--error-file', '/tmp/tmpcuozbbe7']
[2021-10-10 19:36:43,942] {standard_task_runner.py:77} INFO - Job 585: Subtask singal.generate_group_sig.generate_sig_1
[2021-10-10 19:36:43,961] {logging_mixin.py:109} INFO - Running <TaskInstance: main.singal.generate_group_sig.generate_sig_1 2021-10-09T00:00:00+00:00 [running]> on host abd
[2021-10-10 19:36:43,986] {taskinstance.py:1252} INFO - Exporting the following env vars:
AIRFLOW_CTX_DAG_OWNER=admin
AIRFLOW_CTX_DAG_ID=main
AIRFLOW_CTX_TASK_ID=singal.generate_group_sig.generate_sig_1
AIRFLOW_CTX_EXECUTION_DATE=2021-10-09T00:00:00+00:00
AIRFLOW_CTX_DAG_RUN_ID=scheduled__2021-10-09T00:00:00+00:00
[2021-10-10 19:36:43,986] {subprocess.py:52} INFO - Tmp dir root location: 
 /tmp
[2021-10-10 19:36:43,986] {subprocess.py:63} INFO - Running command: ['bash', '-c', '\n            set -x\n            source ${thisroot}/thisroot.sh\n            pwd\n            python ${code}/generatetuple.py ${type} ${nevents} ${base_dir}/${type}_${jobnumber}.root\n            ']
[2021-10-10 19:36:43,990] {subprocess.py:74} INFO - Output:
[2021-10-10 19:36:43,991] {subprocess.py:78} INFO - + source /home/abd/root/root/bin/thisroot.sh
[2021-10-10 19:36:43,991] {subprocess.py:78} INFO - ++ '[' -n '' ']'
[2021-10-10 19:36:43,991] {subprocess.py:78} INFO - ++ SOURCE=/home/abd/root/root/bin/thisroot.sh
[2021-10-10 19:36:43,991] {subprocess.py:78} INFO - ++ '[' x/home/abd/root/root/bin/thisroot.sh = x ']'
[2021-10-10 19:36:43,991] {subprocess.py:78} INFO - ++ '[' x/home/abd/root/root/bin/thisroot.sh = x ']'
[2021-10-10 19:36:43,991] {subprocess.py:78} INFO - +++ dirname /home/abd/root/root/bin/thisroot.sh
[2021-10-10 19:36:43,992] {subprocess.py:78} INFO - ++ thisroot=/home/abd/root/root/bin
[2021-10-10 19:36:43,992] {subprocess.py:78} INFO - +++ cd /home/abd/root/root/bin/..
[2021-10-10 19:36:43,992] {subprocess.py:78} INFO - +++ pwd
[2021-10-10 19:36:43,992] {subprocess.py:78} INFO - ++ ROOTSYS=/home/abd/root/root
[2021-10-10 19:36:43,992] {subprocess.py:78} INFO - ++ export ROOTSYS
[2021-10-10 19:36:43,993] {subprocess.py:78} INFO - ++ clean_environment
[2021-10-10 19:36:43,993] {subprocess.py:78} INFO - ++ '[' -n '' ']'
[2021-10-10 19:36:43,993] {subprocess.py:78} INFO - ++ '[' -z '' ']'
[2021-10-10 19:36:43,993] {subprocess.py:78} INFO - ++ command -v manpath
[2021-10-10 19:36:43,993] {subprocess.py:78} INFO - +++ manpath
[2021-10-10 19:36:43,993] {subprocess.py:78} INFO - manpath: warning: $PATH not set
[2021-10-10 19:36:43,994] {subprocess.py:78} INFO - ++ default_manpath=/usr/share/man:/usr/local/share/man
[2021-10-10 19:36:43,994] {subprocess.py:78} INFO - ++ set_environment
[2021-10-10 19:36:43,994] {subprocess.py:78} INFO - ++ '[' -z /usr/local/sbin:/usr/local/bin:/usr/sbin:/usr/bin:/sbin:/bin ']'
[2021-10-10 19:36:43,994] {subprocess.py:78} INFO - ++ PATH=/home/abd/root/root/bin:/usr/local/sbin:/usr/local/bin:/usr/sbin:/usr/bin:/sbin:/bin
[2021-10-10 19:36:43,994] {subprocess.py:78} INFO - ++ export PATH
[2021-10-10 19:36:43,994] {subprocess.py:78} INFO - ++ '[' -z '' ']'
[2021-10-10 19:36:43,994] {subprocess.py:78} INFO - ++ LD_LIBRARY_PATH=/home/abd/root/root/lib
[2021-10-10 19:36:43,994] {subprocess.py:78} INFO - ++ export LD_LIBRARY_PATH
[2021-10-10 19:36:43,994] {subprocess.py:78} INFO - ++ '[' -z '' ']'
[2021-10-10 19:36:43,994] {subprocess.py:78} INFO - ++ DYLD_LIBRARY_PATH=/home/abd/root/root/lib
[2021-10-10 19:36:43,994] {subprocess.py:78} INFO - ++ export DYLD_LIBRARY_PATH
[2021-10-10 19:36:43,994] {subprocess.py:78} INFO - ++ '[' -z '' ']'
[2021-10-10 19:36:43,994] {subprocess.py:78} INFO - ++ SHLIB_PATH=/home/abd/root/root/lib
[2021-10-10 19:36:43,994] {subprocess.py:78} INFO - ++ export SHLIB_PATH
[2021-10-10 19:36:43,994] {subprocess.py:78} INFO - ++ '[' -z '' ']'
[2021-10-10 19:36:43,994] {subprocess.py:78} INFO - ++ LIBPATH=/home/abd/root/root/lib
[2021-10-10 19:36:43,994] {subprocess.py:78} INFO - ++ export LIBPATH
[2021-10-10 19:36:43,994] {subprocess.py:78} INFO - ++ '[' -z '' ']'
[2021-10-10 19:36:43,994] {subprocess.py:78} INFO - ++ PYTHONPATH=/home/abd/root/root/lib
[2021-10-10 19:36:43,994] {subprocess.py:78} INFO - ++ export PYTHONPATH
[2021-10-10 19:36:43,994] {subprocess.py:78} INFO - ++ '[' -z '' ']'
[2021-10-10 19:36:43,994] {subprocess.py:78} INFO - ++ MANPATH=/home/abd/root/root/man:/usr/share/man:/usr/local/share/man
[2021-10-10 19:36:43,994] {subprocess.py:78} INFO - ++ export MANPATH
[2021-10-10 19:36:43,994] {subprocess.py:78} INFO - ++ '[' -z '' ']'
[2021-10-10 19:36:43,994] {subprocess.py:78} INFO - ++ CMAKE_PREFIX_PATH=/home/abd/root/root
[2021-10-10 19:36:43,994] {subprocess.py:78} INFO - ++ export CMAKE_PREFIX_PATH
[2021-10-10 19:36:43,995] {subprocess.py:78} INFO - ++ '[' -z '' ']'
[2021-10-10 19:36:43,995] {subprocess.py:78} INFO - ++ JUPYTER_PATH=/home/abd/root/root/etc/notebook
[2021-10-10 19:36:43,995] {subprocess.py:78} INFO - ++ export JUPYTER_PATH
[2021-10-10 19:36:43,995] {subprocess.py:78} INFO - ++ '[' -z '' ']'
[2021-10-10 19:36:43,995] {subprocess.py:78} INFO - ++ JUPYTER_CONFIG_DIR=/home/abd/root/root/etc/notebook
[2021-10-10 19:36:43,995] {subprocess.py:78} INFO - ++ export JUPYTER_CONFIG_DIR
[2021-10-10 19:36:43,995] {subprocess.py:78} INFO - ++ export CLING_STANDARD_PCH=none
[2021-10-10 19:36:43,995] {subprocess.py:78} INFO - ++ CLING_STANDARD_PCH=none
[2021-10-10 19:36:43,995] {subprocess.py:78} INFO - +++ root-config --arch
[2021-10-10 19:36:43,995] {subprocess.py:78} INFO - +++ grep -v win32gcc
[2021-10-10 19:36:43,995] {subprocess.py:78} INFO - +++ grep -i win32
[2021-10-10 19:36:44,005] {subprocess.py:78} INFO - ++ '[' x '!=' x ']'
[2021-10-10 19:36:44,005] {subprocess.py:78} INFO - ++ unset old_rootsys
[2021-10-10 19:36:44,005] {subprocess.py:78} INFO - ++ unset thisroot
[2021-10-10 19:36:44,005] {subprocess.py:78} INFO - ++ unset -f drop_from_path
[2021-10-10 19:36:44,005] {subprocess.py:78} INFO - ++ unset -f clean_environment
[2021-10-10 19:36:44,005] {subprocess.py:78} INFO - ++ unset -f set_environment
[2021-10-10 19:36:44,005] {subprocess.py:78} INFO - + pwd
[2021-10-10 19:36:44,005] {subprocess.py:78} INFO - /tmp/airflowtmpriajmk7c
[2021-10-10 19:36:44,005] {subprocess.py:78} INFO - + python /home/abd/airflow/code/generatetuple.py sig 40000 /home/abd/airflow/data/bsm-search/sig_1.root
[2021-10-10 19:36:45,086] {subprocess.py:82} INFO - Command exited with return code 0
[2021-10-10 19:36:45,098] {taskinstance.py:1212} INFO - Marking task as SUCCESS. dag_id=main, task_id=singal.generate_group_sig.generate_sig_1, execution_date=20211009T000000, start_date=20211010T163643, end_date=20211010T163645
[2021-10-10 19:36:45,116] {local_task_job.py:151} INFO - Task exited with return code 0
[2021-10-10 19:36:45,126] {local_task_job.py:261} INFO - 0 downstream tasks scheduled from follow-on schedule check
[2021-10-10 19:46:23,502] {taskinstance.py:903} INFO - Dependencies all met for <TaskInstance: main.singal.generate_group_sig.generate_sig_1 2021-10-09T00:00:00+00:00 [queued]>
[2021-10-10 19:46:23,508] {taskinstance.py:903} INFO - Dependencies all met for <TaskInstance: main.singal.generate_group_sig.generate_sig_1 2021-10-09T00:00:00+00:00 [queued]>
[2021-10-10 19:46:23,508] {taskinstance.py:1095} INFO - 
--------------------------------------------------------------------------------
[2021-10-10 19:46:23,508] {taskinstance.py:1096} INFO - Starting attempt 1 of 2
[2021-10-10 19:46:23,508] {taskinstance.py:1097} INFO - 
--------------------------------------------------------------------------------
[2021-10-10 19:46:23,516] {taskinstance.py:1115} INFO - Executing <Task(BashOperator): singal.generate_group_sig.generate_sig_1> on 2021-10-09T00:00:00+00:00
[2021-10-10 19:46:23,517] {standard_task_runner.py:52} INFO - Started process 59608 to run task
[2021-10-10 19:46:23,520] {standard_task_runner.py:76} INFO - Running: ['airflow', 'tasks', 'run', 'main', 'singal.generate_group_sig.generate_sig_1', '2021-10-09T00:00:00+00:00', '--job-id', '585', '--pool', 'default_pool', '--raw', '--subdir', 'DAGS_FOLDER/main.py', '--cfg-path', '/tmp/tmp4w6dxrue', '--error-file', '/tmp/tmp4qkvuoe6']
[2021-10-10 19:46:23,520] {standard_task_runner.py:77} INFO - Job 585: Subtask singal.generate_group_sig.generate_sig_1
[2021-10-10 19:46:23,539] {logging_mixin.py:109} INFO - Running <TaskInstance: main.singal.generate_group_sig.generate_sig_1 2021-10-09T00:00:00+00:00 [running]> on host abd
[2021-10-10 19:46:23,564] {taskinstance.py:1252} INFO - Exporting the following env vars:
AIRFLOW_CTX_DAG_OWNER=admin
AIRFLOW_CTX_DAG_ID=main
AIRFLOW_CTX_TASK_ID=singal.generate_group_sig.generate_sig_1
AIRFLOW_CTX_EXECUTION_DATE=2021-10-09T00:00:00+00:00
AIRFLOW_CTX_DAG_RUN_ID=scheduled__2021-10-09T00:00:00+00:00
[2021-10-10 19:46:23,564] {subprocess.py:52} INFO - Tmp dir root location: 
 /tmp
[2021-10-10 19:46:23,565] {subprocess.py:63} INFO - Running command: ['bash', '-c', '\n            set -x\n            source ${thisroot}/thisroot.sh\n            pwd\n            python ${code}/generatetuple.py ${type} ${nevents} ${base_dir}/${type}_${jobnumber}.root\n            ']
[2021-10-10 19:46:23,568] {subprocess.py:74} INFO - Output:
[2021-10-10 19:46:23,569] {subprocess.py:78} INFO - + source /home/abd/root/root/bin/thisroot.sh
[2021-10-10 19:46:23,570] {subprocess.py:78} INFO - ++ '[' -n '' ']'
[2021-10-10 19:46:23,570] {subprocess.py:78} INFO - ++ SOURCE=/home/abd/root/root/bin/thisroot.sh
[2021-10-10 19:46:23,570] {subprocess.py:78} INFO - ++ '[' x/home/abd/root/root/bin/thisroot.sh = x ']'
[2021-10-10 19:46:23,570] {subprocess.py:78} INFO - ++ '[' x/home/abd/root/root/bin/thisroot.sh = x ']'
[2021-10-10 19:46:23,570] {subprocess.py:78} INFO - +++ dirname /home/abd/root/root/bin/thisroot.sh
[2021-10-10 19:46:23,570] {subprocess.py:78} INFO - ++ thisroot=/home/abd/root/root/bin
[2021-10-10 19:46:23,571] {subprocess.py:78} INFO - +++ cd /home/abd/root/root/bin/..
[2021-10-10 19:46:23,571] {subprocess.py:78} INFO - +++ pwd
[2021-10-10 19:46:23,571] {subprocess.py:78} INFO - ++ ROOTSYS=/home/abd/root/root
[2021-10-10 19:46:23,571] {subprocess.py:78} INFO - ++ export ROOTSYS
[2021-10-10 19:46:23,571] {subprocess.py:78} INFO - ++ clean_environment
[2021-10-10 19:46:23,571] {subprocess.py:78} INFO - ++ '[' -n '' ']'
[2021-10-10 19:46:23,571] {subprocess.py:78} INFO - ++ '[' -z '' ']'
[2021-10-10 19:46:23,571] {subprocess.py:78} INFO - ++ command -v manpath
[2021-10-10 19:46:23,571] {subprocess.py:78} INFO - +++ manpath
[2021-10-10 19:46:23,572] {subprocess.py:78} INFO - manpath: warning: $PATH not set
[2021-10-10 19:46:23,572] {subprocess.py:78} INFO - ++ default_manpath=/usr/share/man:/usr/local/share/man
[2021-10-10 19:46:23,572] {subprocess.py:78} INFO - ++ set_environment
[2021-10-10 19:46:23,572] {subprocess.py:78} INFO - ++ '[' -z /usr/local/sbin:/usr/local/bin:/usr/sbin:/usr/bin:/sbin:/bin ']'
[2021-10-10 19:46:23,572] {subprocess.py:78} INFO - ++ PATH=/home/abd/root/root/bin:/usr/local/sbin:/usr/local/bin:/usr/sbin:/usr/bin:/sbin:/bin
[2021-10-10 19:46:23,572] {subprocess.py:78} INFO - ++ export PATH
[2021-10-10 19:46:23,572] {subprocess.py:78} INFO - ++ '[' -z '' ']'
[2021-10-10 19:46:23,572] {subprocess.py:78} INFO - ++ LD_LIBRARY_PATH=/home/abd/root/root/lib
[2021-10-10 19:46:23,572] {subprocess.py:78} INFO - ++ export LD_LIBRARY_PATH
[2021-10-10 19:46:23,572] {subprocess.py:78} INFO - ++ '[' -z '' ']'
[2021-10-10 19:46:23,572] {subprocess.py:78} INFO - ++ DYLD_LIBRARY_PATH=/home/abd/root/root/lib
[2021-10-10 19:46:23,572] {subprocess.py:78} INFO - ++ export DYLD_LIBRARY_PATH
[2021-10-10 19:46:23,572] {subprocess.py:78} INFO - ++ '[' -z '' ']'
[2021-10-10 19:46:23,572] {subprocess.py:78} INFO - ++ SHLIB_PATH=/home/abd/root/root/lib
[2021-10-10 19:46:23,572] {subprocess.py:78} INFO - ++ export SHLIB_PATH
[2021-10-10 19:46:23,572] {subprocess.py:78} INFO - ++ '[' -z '' ']'
[2021-10-10 19:46:23,572] {subprocess.py:78} INFO - ++ LIBPATH=/home/abd/root/root/lib
[2021-10-10 19:46:23,573] {subprocess.py:78} INFO - ++ export LIBPATH
[2021-10-10 19:46:23,573] {subprocess.py:78} INFO - ++ '[' -z '' ']'
[2021-10-10 19:46:23,573] {subprocess.py:78} INFO - ++ PYTHONPATH=/home/abd/root/root/lib
[2021-10-10 19:46:23,573] {subprocess.py:78} INFO - ++ export PYTHONPATH
[2021-10-10 19:46:23,573] {subprocess.py:78} INFO - ++ '[' -z '' ']'
[2021-10-10 19:46:23,573] {subprocess.py:78} INFO - ++ MANPATH=/home/abd/root/root/man:/usr/share/man:/usr/local/share/man
[2021-10-10 19:46:23,573] {subprocess.py:78} INFO - ++ export MANPATH
[2021-10-10 19:46:23,573] {subprocess.py:78} INFO - ++ '[' -z '' ']'
[2021-10-10 19:46:23,573] {subprocess.py:78} INFO - ++ CMAKE_PREFIX_PATH=/home/abd/root/root
[2021-10-10 19:46:23,573] {subprocess.py:78} INFO - ++ export CMAKE_PREFIX_PATH
[2021-10-10 19:46:23,573] {subprocess.py:78} INFO - ++ '[' -z '' ']'
[2021-10-10 19:46:23,573] {subprocess.py:78} INFO - ++ JUPYTER_PATH=/home/abd/root/root/etc/notebook
[2021-10-10 19:46:23,573] {subprocess.py:78} INFO - ++ export JUPYTER_PATH
[2021-10-10 19:46:23,573] {subprocess.py:78} INFO - ++ '[' -z '' ']'
[2021-10-10 19:46:23,573] {subprocess.py:78} INFO - ++ JUPYTER_CONFIG_DIR=/home/abd/root/root/etc/notebook
[2021-10-10 19:46:23,573] {subprocess.py:78} INFO - ++ export JUPYTER_CONFIG_DIR
[2021-10-10 19:46:23,573] {subprocess.py:78} INFO - ++ export CLING_STANDARD_PCH=none
[2021-10-10 19:46:23,573] {subprocess.py:78} INFO - ++ CLING_STANDARD_PCH=none
[2021-10-10 19:46:23,573] {subprocess.py:78} INFO - +++ root-config --arch
[2021-10-10 19:46:23,573] {subprocess.py:78} INFO - +++ grep -v win32gcc
[2021-10-10 19:46:23,573] {subprocess.py:78} INFO - +++ grep -i win32
[2021-10-10 19:46:23,583] {subprocess.py:78} INFO - ++ '[' x '!=' x ']'
[2021-10-10 19:46:23,583] {subprocess.py:78} INFO - ++ unset old_rootsys
[2021-10-10 19:46:23,583] {subprocess.py:78} INFO - ++ unset thisroot
[2021-10-10 19:46:23,583] {subprocess.py:78} INFO - ++ unset -f drop_from_path
[2021-10-10 19:46:23,583] {subprocess.py:78} INFO - ++ unset -f clean_environment
[2021-10-10 19:46:23,583] {subprocess.py:78} INFO - ++ unset -f set_environment
[2021-10-10 19:46:23,583] {subprocess.py:78} INFO - + pwd
[2021-10-10 19:46:23,583] {subprocess.py:78} INFO - /tmp/airflowtmpe33xi1_e
[2021-10-10 19:46:23,583] {subprocess.py:78} INFO - + python /home/abd/airflow/code/generatetuple.py sig 40000 /home/abd/airflow/data/bsm-search/sig_1.root
[2021-10-10 19:46:24,674] {subprocess.py:82} INFO - Command exited with return code 0
[2021-10-10 19:46:24,686] {taskinstance.py:1212} INFO - Marking task as SUCCESS. dag_id=main, task_id=singal.generate_group_sig.generate_sig_1, execution_date=20211009T000000, start_date=20211010T164623, end_date=20211010T164624
[2021-10-10 19:46:24,734] {local_task_job.py:151} INFO - Task exited with return code 0
[2021-10-10 19:46:24,745] {local_task_job.py:261} INFO - 0 downstream tasks scheduled from follow-on schedule check
[2021-10-10 19:56:15,850] {taskinstance.py:903} INFO - Dependencies all met for <TaskInstance: main.singal.generate_group_sig.generate_sig_1 2021-10-09T00:00:00+00:00 [queued]>
[2021-10-10 19:56:15,857] {taskinstance.py:903} INFO - Dependencies all met for <TaskInstance: main.singal.generate_group_sig.generate_sig_1 2021-10-09T00:00:00+00:00 [queued]>
[2021-10-10 19:56:15,857] {taskinstance.py:1095} INFO - 
--------------------------------------------------------------------------------
[2021-10-10 19:56:15,857] {taskinstance.py:1096} INFO - Starting attempt 1 of 2
[2021-10-10 19:56:15,857] {taskinstance.py:1097} INFO - 
--------------------------------------------------------------------------------
[2021-10-10 19:56:15,865] {taskinstance.py:1115} INFO - Executing <Task(BashOperator): singal.generate_group_sig.generate_sig_1> on 2021-10-09T00:00:00+00:00
[2021-10-10 19:56:15,869] {standard_task_runner.py:52} INFO - Started process 63218 to run task
[2021-10-10 19:56:15,874] {standard_task_runner.py:76} INFO - Running: ['airflow', 'tasks', 'run', 'main', 'singal.generate_group_sig.generate_sig_1', '2021-10-09T00:00:00+00:00', '--job-id', '586', '--pool', 'default_pool', '--raw', '--subdir', 'DAGS_FOLDER/main.py', '--cfg-path', '/tmp/tmpbzbbzt34', '--error-file', '/tmp/tmpnnhbwdhx']
[2021-10-10 19:56:15,875] {standard_task_runner.py:77} INFO - Job 586: Subtask singal.generate_group_sig.generate_sig_1
[2021-10-10 19:56:15,897] {logging_mixin.py:109} INFO - Running <TaskInstance: main.singal.generate_group_sig.generate_sig_1 2021-10-09T00:00:00+00:00 [running]> on host abd
[2021-10-10 19:56:15,922] {taskinstance.py:1252} INFO - Exporting the following env vars:
AIRFLOW_CTX_DAG_OWNER=admin
AIRFLOW_CTX_DAG_ID=main
AIRFLOW_CTX_TASK_ID=singal.generate_group_sig.generate_sig_1
AIRFLOW_CTX_EXECUTION_DATE=2021-10-09T00:00:00+00:00
AIRFLOW_CTX_DAG_RUN_ID=scheduled__2021-10-09T00:00:00+00:00
[2021-10-10 19:56:15,922] {subprocess.py:52} INFO - Tmp dir root location: 
 /tmp
[2021-10-10 19:56:15,922] {subprocess.py:63} INFO - Running command: ['bash', '-c', '\n            set -x\n            source ${thisroot}/thisroot.sh\n            pwd\n            python ${code}/generatetuple.py ${type} ${nevents} ${base_dir}/${type}_${jobnumber}.root\n            ']
[2021-10-10 19:56:15,926] {subprocess.py:74} INFO - Output:
[2021-10-10 19:56:15,927] {subprocess.py:78} INFO - + source /home/abd/root/root/bin/thisroot.sh
[2021-10-10 19:56:15,927] {subprocess.py:78} INFO - ++ '[' -n '' ']'
[2021-10-10 19:56:15,927] {subprocess.py:78} INFO - ++ SOURCE=/home/abd/root/root/bin/thisroot.sh
[2021-10-10 19:56:15,927] {subprocess.py:78} INFO - ++ '[' x/home/abd/root/root/bin/thisroot.sh = x ']'
[2021-10-10 19:56:15,928] {subprocess.py:78} INFO - ++ '[' x/home/abd/root/root/bin/thisroot.sh = x ']'
[2021-10-10 19:56:15,928] {subprocess.py:78} INFO - +++ dirname /home/abd/root/root/bin/thisroot.sh
[2021-10-10 19:56:15,928] {subprocess.py:78} INFO - ++ thisroot=/home/abd/root/root/bin
[2021-10-10 19:56:15,929] {subprocess.py:78} INFO - +++ cd /home/abd/root/root/bin/..
[2021-10-10 19:56:15,929] {subprocess.py:78} INFO - +++ pwd
[2021-10-10 19:56:15,929] {subprocess.py:78} INFO - ++ ROOTSYS=/home/abd/root/root
[2021-10-10 19:56:15,929] {subprocess.py:78} INFO - ++ export ROOTSYS
[2021-10-10 19:56:15,929] {subprocess.py:78} INFO - ++ clean_environment
[2021-10-10 19:56:15,929] {subprocess.py:78} INFO - ++ '[' -n '' ']'
[2021-10-10 19:56:15,929] {subprocess.py:78} INFO - ++ '[' -z '' ']'
[2021-10-10 19:56:15,929] {subprocess.py:78} INFO - ++ command -v manpath
[2021-10-10 19:56:15,929] {subprocess.py:78} INFO - +++ manpath
[2021-10-10 19:56:15,930] {subprocess.py:78} INFO - manpath: warning: $PATH not set
[2021-10-10 19:56:15,930] {subprocess.py:78} INFO - ++ default_manpath=/usr/share/man:/usr/local/share/man
[2021-10-10 19:56:15,930] {subprocess.py:78} INFO - ++ set_environment
[2021-10-10 19:56:15,930] {subprocess.py:78} INFO - ++ '[' -z /usr/local/sbin:/usr/local/bin:/usr/sbin:/usr/bin:/sbin:/bin ']'
[2021-10-10 19:56:15,930] {subprocess.py:78} INFO - ++ PATH=/home/abd/root/root/bin:/usr/local/sbin:/usr/local/bin:/usr/sbin:/usr/bin:/sbin:/bin
[2021-10-10 19:56:15,930] {subprocess.py:78} INFO - ++ export PATH
[2021-10-10 19:56:15,930] {subprocess.py:78} INFO - ++ '[' -z '' ']'
[2021-10-10 19:56:15,930] {subprocess.py:78} INFO - ++ LD_LIBRARY_PATH=/home/abd/root/root/lib
[2021-10-10 19:56:15,931] {subprocess.py:78} INFO - ++ export LD_LIBRARY_PATH
[2021-10-10 19:56:15,931] {subprocess.py:78} INFO - ++ '[' -z '' ']'
[2021-10-10 19:56:15,931] {subprocess.py:78} INFO - ++ DYLD_LIBRARY_PATH=/home/abd/root/root/lib
[2021-10-10 19:56:15,931] {subprocess.py:78} INFO - ++ export DYLD_LIBRARY_PATH
[2021-10-10 19:56:15,931] {subprocess.py:78} INFO - ++ '[' -z '' ']'
[2021-10-10 19:56:15,931] {subprocess.py:78} INFO - ++ SHLIB_PATH=/home/abd/root/root/lib
[2021-10-10 19:56:15,931] {subprocess.py:78} INFO - ++ export SHLIB_PATH
[2021-10-10 19:56:15,931] {subprocess.py:78} INFO - ++ '[' -z '' ']'
[2021-10-10 19:56:15,931] {subprocess.py:78} INFO - ++ LIBPATH=/home/abd/root/root/lib
[2021-10-10 19:56:15,931] {subprocess.py:78} INFO - ++ export LIBPATH
[2021-10-10 19:56:15,931] {subprocess.py:78} INFO - ++ '[' -z '' ']'
[2021-10-10 19:56:15,931] {subprocess.py:78} INFO - ++ PYTHONPATH=/home/abd/root/root/lib
[2021-10-10 19:56:15,931] {subprocess.py:78} INFO - ++ export PYTHONPATH
[2021-10-10 19:56:15,931] {subprocess.py:78} INFO - ++ '[' -z '' ']'
[2021-10-10 19:56:15,931] {subprocess.py:78} INFO - ++ MANPATH=/home/abd/root/root/man:/usr/share/man:/usr/local/share/man
[2021-10-10 19:56:15,931] {subprocess.py:78} INFO - ++ export MANPATH
[2021-10-10 19:56:15,931] {subprocess.py:78} INFO - ++ '[' -z '' ']'
[2021-10-10 19:56:15,931] {subprocess.py:78} INFO - ++ CMAKE_PREFIX_PATH=/home/abd/root/root
[2021-10-10 19:56:15,931] {subprocess.py:78} INFO - ++ export CMAKE_PREFIX_PATH
[2021-10-10 19:56:15,931] {subprocess.py:78} INFO - ++ '[' -z '' ']'
[2021-10-10 19:56:15,931] {subprocess.py:78} INFO - ++ JUPYTER_PATH=/home/abd/root/root/etc/notebook
[2021-10-10 19:56:15,931] {subprocess.py:78} INFO - ++ export JUPYTER_PATH
[2021-10-10 19:56:15,931] {subprocess.py:78} INFO - ++ '[' -z '' ']'
[2021-10-10 19:56:15,931] {subprocess.py:78} INFO - ++ JUPYTER_CONFIG_DIR=/home/abd/root/root/etc/notebook
[2021-10-10 19:56:15,932] {subprocess.py:78} INFO - ++ export JUPYTER_CONFIG_DIR
[2021-10-10 19:56:15,932] {subprocess.py:78} INFO - ++ export CLING_STANDARD_PCH=none
[2021-10-10 19:56:15,932] {subprocess.py:78} INFO - ++ CLING_STANDARD_PCH=none
[2021-10-10 19:56:15,932] {subprocess.py:78} INFO - +++ root-config --arch
[2021-10-10 19:56:15,932] {subprocess.py:78} INFO - +++ grep -v win32gcc
[2021-10-10 19:56:15,932] {subprocess.py:78} INFO - +++ grep -i win32
[2021-10-10 19:56:15,941] {subprocess.py:78} INFO - ++ '[' x '!=' x ']'
[2021-10-10 19:56:15,942] {subprocess.py:78} INFO - ++ unset old_rootsys
[2021-10-10 19:56:15,942] {subprocess.py:78} INFO - ++ unset thisroot
[2021-10-10 19:56:15,942] {subprocess.py:78} INFO - ++ unset -f drop_from_path
[2021-10-10 19:56:15,942] {subprocess.py:78} INFO - ++ unset -f clean_environment
[2021-10-10 19:56:15,942] {subprocess.py:78} INFO - ++ unset -f set_environment
[2021-10-10 19:56:15,942] {subprocess.py:78} INFO - + pwd
[2021-10-10 19:56:15,942] {subprocess.py:78} INFO - /tmp/airflowtmpq14h8ekl
[2021-10-10 19:56:15,942] {subprocess.py:78} INFO - + python /home/abd/airflow/code/generatetuple.py sig 40000 /home/abd/airflow/data/bsm-search/sig_1.root
[2021-10-10 19:56:17,027] {subprocess.py:82} INFO - Command exited with return code 0
[2021-10-10 19:56:17,039] {taskinstance.py:1212} INFO - Marking task as SUCCESS. dag_id=main, task_id=singal.generate_group_sig.generate_sig_1, execution_date=20211009T000000, start_date=20211010T165615, end_date=20211010T165617
[2021-10-10 19:56:17,088] {local_task_job.py:151} INFO - Task exited with return code 0
[2021-10-10 19:56:17,121] {local_task_job.py:261} INFO - 0 downstream tasks scheduled from follow-on schedule check
[2021-10-10 20:17:48,204] {taskinstance.py:903} INFO - Dependencies all met for <TaskInstance: main.singal.generate_group_sig.generate_sig_1 2021-10-09T00:00:00+00:00 [queued]>
[2021-10-10 20:17:48,209] {taskinstance.py:903} INFO - Dependencies all met for <TaskInstance: main.singal.generate_group_sig.generate_sig_1 2021-10-09T00:00:00+00:00 [queued]>
[2021-10-10 20:17:48,209] {taskinstance.py:1095} INFO - 
--------------------------------------------------------------------------------
[2021-10-10 20:17:48,209] {taskinstance.py:1096} INFO - Starting attempt 1 of 2
[2021-10-10 20:17:48,209] {taskinstance.py:1097} INFO - 
--------------------------------------------------------------------------------
[2021-10-10 20:17:48,217] {taskinstance.py:1115} INFO - Executing <Task(BashOperator): singal.generate_group_sig.generate_sig_1> on 2021-10-09T00:00:00+00:00
[2021-10-10 20:17:48,219] {standard_task_runner.py:52} INFO - Started process 10541 to run task
[2021-10-10 20:17:48,222] {standard_task_runner.py:76} INFO - Running: ['airflow', 'tasks', 'run', 'main', 'singal.generate_group_sig.generate_sig_1', '2021-10-09T00:00:00+00:00', '--job-id', '587', '--pool', 'default_pool', '--raw', '--subdir', 'DAGS_FOLDER/main.py', '--cfg-path', '/tmp/tmppskp_6vl', '--error-file', '/tmp/tmp8138ysa0']
[2021-10-10 20:17:48,223] {standard_task_runner.py:77} INFO - Job 587: Subtask singal.generate_group_sig.generate_sig_1
[2021-10-10 20:17:48,259] {logging_mixin.py:109} INFO - Running <TaskInstance: main.singal.generate_group_sig.generate_sig_1 2021-10-09T00:00:00+00:00 [running]> on host abd
[2021-10-10 20:17:48,285] {taskinstance.py:1252} INFO - Exporting the following env vars:
AIRFLOW_CTX_DAG_OWNER=admin
AIRFLOW_CTX_DAG_ID=main
AIRFLOW_CTX_TASK_ID=singal.generate_group_sig.generate_sig_1
AIRFLOW_CTX_EXECUTION_DATE=2021-10-09T00:00:00+00:00
AIRFLOW_CTX_DAG_RUN_ID=scheduled__2021-10-09T00:00:00+00:00
[2021-10-10 20:17:48,286] {subprocess.py:52} INFO - Tmp dir root location: 
 /tmp
[2021-10-10 20:17:48,286] {subprocess.py:63} INFO - Running command: ['bash', '-c', '\n            set -x\n            source ${thisroot}/thisroot.sh\n            pwd\n            python ${code}/generatetuple.py ${type} ${nevents} ${base_dir}/${type}_${jobnumber}.root\n            ']
[2021-10-10 20:17:48,290] {subprocess.py:74} INFO - Output:
[2021-10-10 20:17:48,290] {subprocess.py:78} INFO - + source /home/abd/root/root/bin/thisroot.sh
[2021-10-10 20:17:48,291] {subprocess.py:78} INFO - ++ '[' -n '' ']'
[2021-10-10 20:17:48,291] {subprocess.py:78} INFO - ++ SOURCE=/home/abd/root/root/bin/thisroot.sh
[2021-10-10 20:17:48,291] {subprocess.py:78} INFO - ++ '[' x/home/abd/root/root/bin/thisroot.sh = x ']'
[2021-10-10 20:17:48,291] {subprocess.py:78} INFO - ++ '[' x/home/abd/root/root/bin/thisroot.sh = x ']'
[2021-10-10 20:17:48,291] {subprocess.py:78} INFO - +++ dirname /home/abd/root/root/bin/thisroot.sh
[2021-10-10 20:17:48,292] {subprocess.py:78} INFO - ++ thisroot=/home/abd/root/root/bin
[2021-10-10 20:17:48,292] {subprocess.py:78} INFO - +++ cd /home/abd/root/root/bin/..
[2021-10-10 20:17:48,292] {subprocess.py:78} INFO - +++ pwd
[2021-10-10 20:17:48,292] {subprocess.py:78} INFO - ++ ROOTSYS=/home/abd/root/root
[2021-10-10 20:17:48,292] {subprocess.py:78} INFO - ++ export ROOTSYS
[2021-10-10 20:17:48,292] {subprocess.py:78} INFO - ++ clean_environment
[2021-10-10 20:17:48,292] {subprocess.py:78} INFO - ++ '[' -n '' ']'
[2021-10-10 20:17:48,292] {subprocess.py:78} INFO - ++ '[' -z '' ']'
[2021-10-10 20:17:48,292] {subprocess.py:78} INFO - ++ command -v manpath
[2021-10-10 20:17:48,293] {subprocess.py:78} INFO - +++ manpath
[2021-10-10 20:17:48,293] {subprocess.py:78} INFO - manpath: warning: $PATH not set
[2021-10-10 20:17:48,293] {subprocess.py:78} INFO - ++ default_manpath=/usr/share/man:/usr/local/share/man
[2021-10-10 20:17:48,293] {subprocess.py:78} INFO - ++ set_environment
[2021-10-10 20:17:48,293] {subprocess.py:78} INFO - ++ '[' -z /usr/local/sbin:/usr/local/bin:/usr/sbin:/usr/bin:/sbin:/bin ']'
[2021-10-10 20:17:48,294] {subprocess.py:78} INFO - ++ PATH=/home/abd/root/root/bin:/usr/local/sbin:/usr/local/bin:/usr/sbin:/usr/bin:/sbin:/bin
[2021-10-10 20:17:48,294] {subprocess.py:78} INFO - ++ export PATH
[2021-10-10 20:17:48,294] {subprocess.py:78} INFO - ++ '[' -z '' ']'
[2021-10-10 20:17:48,294] {subprocess.py:78} INFO - ++ LD_LIBRARY_PATH=/home/abd/root/root/lib
[2021-10-10 20:17:48,294] {subprocess.py:78} INFO - ++ export LD_LIBRARY_PATH
[2021-10-10 20:17:48,294] {subprocess.py:78} INFO - ++ '[' -z '' ']'
[2021-10-10 20:17:48,294] {subprocess.py:78} INFO - ++ DYLD_LIBRARY_PATH=/home/abd/root/root/lib
[2021-10-10 20:17:48,294] {subprocess.py:78} INFO - ++ export DYLD_LIBRARY_PATH
[2021-10-10 20:17:48,294] {subprocess.py:78} INFO - ++ '[' -z '' ']'
[2021-10-10 20:17:48,294] {subprocess.py:78} INFO - ++ SHLIB_PATH=/home/abd/root/root/lib
[2021-10-10 20:17:48,294] {subprocess.py:78} INFO - ++ export SHLIB_PATH
[2021-10-10 20:17:48,294] {subprocess.py:78} INFO - ++ '[' -z '' ']'
[2021-10-10 20:17:48,294] {subprocess.py:78} INFO - ++ LIBPATH=/home/abd/root/root/lib
[2021-10-10 20:17:48,294] {subprocess.py:78} INFO - ++ export LIBPATH
[2021-10-10 20:17:48,294] {subprocess.py:78} INFO - ++ '[' -z '' ']'
[2021-10-10 20:17:48,294] {subprocess.py:78} INFO - ++ PYTHONPATH=/home/abd/root/root/lib
[2021-10-10 20:17:48,294] {subprocess.py:78} INFO - ++ export PYTHONPATH
[2021-10-10 20:17:48,294] {subprocess.py:78} INFO - ++ '[' -z '' ']'
[2021-10-10 20:17:48,294] {subprocess.py:78} INFO - ++ MANPATH=/home/abd/root/root/man:/usr/share/man:/usr/local/share/man
[2021-10-10 20:17:48,294] {subprocess.py:78} INFO - ++ export MANPATH
[2021-10-10 20:17:48,294] {subprocess.py:78} INFO - ++ '[' -z '' ']'
[2021-10-10 20:17:48,294] {subprocess.py:78} INFO - ++ CMAKE_PREFIX_PATH=/home/abd/root/root
[2021-10-10 20:17:48,294] {subprocess.py:78} INFO - ++ export CMAKE_PREFIX_PATH
[2021-10-10 20:17:48,294] {subprocess.py:78} INFO - ++ '[' -z '' ']'
[2021-10-10 20:17:48,294] {subprocess.py:78} INFO - ++ JUPYTER_PATH=/home/abd/root/root/etc/notebook
[2021-10-10 20:17:48,294] {subprocess.py:78} INFO - ++ export JUPYTER_PATH
[2021-10-10 20:17:48,294] {subprocess.py:78} INFO - ++ '[' -z '' ']'
[2021-10-10 20:17:48,295] {subprocess.py:78} INFO - ++ JUPYTER_CONFIG_DIR=/home/abd/root/root/etc/notebook
[2021-10-10 20:17:48,295] {subprocess.py:78} INFO - ++ export JUPYTER_CONFIG_DIR
[2021-10-10 20:17:48,295] {subprocess.py:78} INFO - ++ export CLING_STANDARD_PCH=none
[2021-10-10 20:17:48,295] {subprocess.py:78} INFO - ++ CLING_STANDARD_PCH=none
[2021-10-10 20:17:48,295] {subprocess.py:78} INFO - +++ root-config --arch
[2021-10-10 20:17:48,295] {subprocess.py:78} INFO - +++ grep -v win32gcc
[2021-10-10 20:17:48,295] {subprocess.py:78} INFO - +++ grep -i win32
[2021-10-10 20:17:48,304] {subprocess.py:78} INFO - ++ '[' x '!=' x ']'
[2021-10-10 20:17:48,304] {subprocess.py:78} INFO - ++ unset old_rootsys
[2021-10-10 20:17:48,305] {subprocess.py:78} INFO - ++ unset thisroot
[2021-10-10 20:17:48,305] {subprocess.py:78} INFO - ++ unset -f drop_from_path
[2021-10-10 20:17:48,305] {subprocess.py:78} INFO - ++ unset -f clean_environment
[2021-10-10 20:17:48,305] {subprocess.py:78} INFO - ++ unset -f set_environment
[2021-10-10 20:17:48,305] {subprocess.py:78} INFO - + pwd
[2021-10-10 20:17:48,305] {subprocess.py:78} INFO - /tmp/airflowtmpsy0b4bgy
[2021-10-10 20:17:48,305] {subprocess.py:78} INFO - + python /home/abd/airflow/code/generatetuple.py sig 40000 /home/abd/airflow/data/bsm-search/sig_1.root
[2021-10-10 20:17:49,385] {subprocess.py:82} INFO - Command exited with return code 0
[2021-10-10 20:17:49,399] {taskinstance.py:1212} INFO - Marking task as SUCCESS. dag_id=main, task_id=singal.generate_group_sig.generate_sig_1, execution_date=20211009T000000, start_date=20211010T171748, end_date=20211010T171749
[2021-10-10 20:17:49,437] {local_task_job.py:151} INFO - Task exited with return code 0
[2021-10-10 20:17:49,452] {local_task_job.py:261} INFO - 0 downstream tasks scheduled from follow-on schedule check
[2021-10-10 20:37:10,663] {taskinstance.py:903} INFO - Dependencies all met for <TaskInstance: main.singal.generate_group_sig.generate_sig_1 2021-10-09T00:00:00+00:00 [queued]>
[2021-10-10 20:37:10,670] {taskinstance.py:903} INFO - Dependencies all met for <TaskInstance: main.singal.generate_group_sig.generate_sig_1 2021-10-09T00:00:00+00:00 [queued]>
[2021-10-10 20:37:10,670] {taskinstance.py:1095} INFO - 
--------------------------------------------------------------------------------
[2021-10-10 20:37:10,670] {taskinstance.py:1096} INFO - Starting attempt 1 of 2
[2021-10-10 20:37:10,670] {taskinstance.py:1097} INFO - 
--------------------------------------------------------------------------------
[2021-10-10 20:37:10,678] {taskinstance.py:1115} INFO - Executing <Task(BashOperator): singal.generate_group_sig.generate_sig_1> on 2021-10-09T00:00:00+00:00
[2021-10-10 20:37:10,679] {standard_task_runner.py:52} INFO - Started process 14762 to run task
[2021-10-10 20:37:10,683] {standard_task_runner.py:76} INFO - Running: ['airflow', 'tasks', 'run', 'main', 'singal.generate_group_sig.generate_sig_1', '2021-10-09T00:00:00+00:00', '--job-id', '587', '--pool', 'default_pool', '--raw', '--subdir', 'DAGS_FOLDER/main.py', '--cfg-path', '/tmp/tmpxtxvaszn', '--error-file', '/tmp/tmprjo3kkyh']
[2021-10-10 20:37:10,683] {standard_task_runner.py:77} INFO - Job 587: Subtask singal.generate_group_sig.generate_sig_1
[2021-10-10 20:37:10,704] {logging_mixin.py:109} INFO - Running <TaskInstance: main.singal.generate_group_sig.generate_sig_1 2021-10-09T00:00:00+00:00 [running]> on host abd
[2021-10-10 20:37:10,732] {taskinstance.py:1252} INFO - Exporting the following env vars:
AIRFLOW_CTX_DAG_OWNER=admin
AIRFLOW_CTX_DAG_ID=main
AIRFLOW_CTX_TASK_ID=singal.generate_group_sig.generate_sig_1
AIRFLOW_CTX_EXECUTION_DATE=2021-10-09T00:00:00+00:00
AIRFLOW_CTX_DAG_RUN_ID=scheduled__2021-10-09T00:00:00+00:00
[2021-10-10 20:37:10,732] {subprocess.py:52} INFO - Tmp dir root location: 
 /tmp
[2021-10-10 20:37:10,733] {subprocess.py:63} INFO - Running command: ['bash', '-c', '\n            set -x\n            source ${thisroot}/thisroot.sh\n            pwd\n            python ${code}/generatetuple.py ${type} ${nevents} ${base_dir}/${type}_${jobnumber}.root\n            ']
[2021-10-10 20:37:10,737] {subprocess.py:74} INFO - Output:
[2021-10-10 20:37:10,738] {subprocess.py:78} INFO - + source /home/abd/root/root/bin/thisroot.sh
[2021-10-10 20:37:10,739] {subprocess.py:78} INFO - ++ '[' -n '' ']'
[2021-10-10 20:37:10,739] {subprocess.py:78} INFO - ++ SOURCE=/home/abd/root/root/bin/thisroot.sh
[2021-10-10 20:37:10,739] {subprocess.py:78} INFO - ++ '[' x/home/abd/root/root/bin/thisroot.sh = x ']'
[2021-10-10 20:37:10,739] {subprocess.py:78} INFO - ++ '[' x/home/abd/root/root/bin/thisroot.sh = x ']'
[2021-10-10 20:37:10,739] {subprocess.py:78} INFO - +++ dirname /home/abd/root/root/bin/thisroot.sh
[2021-10-10 20:37:10,740] {subprocess.py:78} INFO - ++ thisroot=/home/abd/root/root/bin
[2021-10-10 20:37:10,740] {subprocess.py:78} INFO - +++ cd /home/abd/root/root/bin/..
[2021-10-10 20:37:10,741] {subprocess.py:78} INFO - +++ pwd
[2021-10-10 20:37:10,741] {subprocess.py:78} INFO - ++ ROOTSYS=/home/abd/root/root
[2021-10-10 20:37:10,741] {subprocess.py:78} INFO - ++ export ROOTSYS
[2021-10-10 20:37:10,741] {subprocess.py:78} INFO - ++ clean_environment
[2021-10-10 20:37:10,741] {subprocess.py:78} INFO - ++ '[' -n '' ']'
[2021-10-10 20:37:10,741] {subprocess.py:78} INFO - ++ '[' -z '' ']'
[2021-10-10 20:37:10,741] {subprocess.py:78} INFO - ++ command -v manpath
[2021-10-10 20:37:10,741] {subprocess.py:78} INFO - +++ manpath
[2021-10-10 20:37:10,742] {subprocess.py:78} INFO - manpath: warning: $PATH not set
[2021-10-10 20:37:10,743] {subprocess.py:78} INFO - ++ default_manpath=/usr/share/man:/usr/local/share/man
[2021-10-10 20:37:10,743] {subprocess.py:78} INFO - ++ set_environment
[2021-10-10 20:37:10,743] {subprocess.py:78} INFO - ++ '[' -z /usr/local/sbin:/usr/local/bin:/usr/sbin:/usr/bin:/sbin:/bin ']'
[2021-10-10 20:37:10,743] {subprocess.py:78} INFO - ++ PATH=/home/abd/root/root/bin:/usr/local/sbin:/usr/local/bin:/usr/sbin:/usr/bin:/sbin:/bin
[2021-10-10 20:37:10,743] {subprocess.py:78} INFO - ++ export PATH
[2021-10-10 20:37:10,743] {subprocess.py:78} INFO - ++ '[' -z '' ']'
[2021-10-10 20:37:10,743] {subprocess.py:78} INFO - ++ LD_LIBRARY_PATH=/home/abd/root/root/lib
[2021-10-10 20:37:10,743] {subprocess.py:78} INFO - ++ export LD_LIBRARY_PATH
[2021-10-10 20:37:10,743] {subprocess.py:78} INFO - ++ '[' -z '' ']'
[2021-10-10 20:37:10,743] {subprocess.py:78} INFO - ++ DYLD_LIBRARY_PATH=/home/abd/root/root/lib
[2021-10-10 20:37:10,743] {subprocess.py:78} INFO - ++ export DYLD_LIBRARY_PATH
[2021-10-10 20:37:10,743] {subprocess.py:78} INFO - ++ '[' -z '' ']'
[2021-10-10 20:37:10,743] {subprocess.py:78} INFO - ++ SHLIB_PATH=/home/abd/root/root/lib
[2021-10-10 20:37:10,743] {subprocess.py:78} INFO - ++ export SHLIB_PATH
[2021-10-10 20:37:10,743] {subprocess.py:78} INFO - ++ '[' -z '' ']'
[2021-10-10 20:37:10,743] {subprocess.py:78} INFO - ++ LIBPATH=/home/abd/root/root/lib
[2021-10-10 20:37:10,743] {subprocess.py:78} INFO - ++ export LIBPATH
[2021-10-10 20:37:10,743] {subprocess.py:78} INFO - ++ '[' -z '' ']'
[2021-10-10 20:37:10,743] {subprocess.py:78} INFO - ++ PYTHONPATH=/home/abd/root/root/lib
[2021-10-10 20:37:10,743] {subprocess.py:78} INFO - ++ export PYTHONPATH
[2021-10-10 20:37:10,743] {subprocess.py:78} INFO - ++ '[' -z '' ']'
[2021-10-10 20:37:10,743] {subprocess.py:78} INFO - ++ MANPATH=/home/abd/root/root/man:/usr/share/man:/usr/local/share/man
[2021-10-10 20:37:10,743] {subprocess.py:78} INFO - ++ export MANPATH
[2021-10-10 20:37:10,744] {subprocess.py:78} INFO - ++ '[' -z '' ']'
[2021-10-10 20:37:10,744] {subprocess.py:78} INFO - ++ CMAKE_PREFIX_PATH=/home/abd/root/root
[2021-10-10 20:37:10,744] {subprocess.py:78} INFO - ++ export CMAKE_PREFIX_PATH
[2021-10-10 20:37:10,744] {subprocess.py:78} INFO - ++ '[' -z '' ']'
[2021-10-10 20:37:10,744] {subprocess.py:78} INFO - ++ JUPYTER_PATH=/home/abd/root/root/etc/notebook
[2021-10-10 20:37:10,744] {subprocess.py:78} INFO - ++ export JUPYTER_PATH
[2021-10-10 20:37:10,744] {subprocess.py:78} INFO - ++ '[' -z '' ']'
[2021-10-10 20:37:10,744] {subprocess.py:78} INFO - ++ JUPYTER_CONFIG_DIR=/home/abd/root/root/etc/notebook
[2021-10-10 20:37:10,744] {subprocess.py:78} INFO - ++ export JUPYTER_CONFIG_DIR
[2021-10-10 20:37:10,744] {subprocess.py:78} INFO - ++ export CLING_STANDARD_PCH=none
[2021-10-10 20:37:10,744] {subprocess.py:78} INFO - ++ CLING_STANDARD_PCH=none
[2021-10-10 20:37:10,744] {subprocess.py:78} INFO - +++ root-config --arch
[2021-10-10 20:37:10,744] {subprocess.py:78} INFO - +++ grep -v win32gcc
[2021-10-10 20:37:10,745] {subprocess.py:78} INFO - +++ grep -i win32
[2021-10-10 20:37:10,755] {subprocess.py:78} INFO - ++ '[' x '!=' x ']'
[2021-10-10 20:37:10,755] {subprocess.py:78} INFO - ++ unset old_rootsys
[2021-10-10 20:37:10,755] {subprocess.py:78} INFO - ++ unset thisroot
[2021-10-10 20:37:10,755] {subprocess.py:78} INFO - ++ unset -f drop_from_path
[2021-10-10 20:37:10,755] {subprocess.py:78} INFO - ++ unset -f clean_environment
[2021-10-10 20:37:10,755] {subprocess.py:78} INFO - ++ unset -f set_environment
[2021-10-10 20:37:10,755] {subprocess.py:78} INFO - + pwd
[2021-10-10 20:37:10,755] {subprocess.py:78} INFO - /tmp/airflowtmpysggb_2d
[2021-10-10 20:37:10,755] {subprocess.py:78} INFO - + python /home/abd/airflow/code/generatetuple.py sig 40000 /home/abd/airflow/data/bsm-search/sig_1.root
[2021-10-10 20:37:11,981] {subprocess.py:82} INFO - Command exited with return code 0
[2021-10-10 20:37:11,995] {taskinstance.py:1212} INFO - Marking task as SUCCESS. dag_id=main, task_id=singal.generate_group_sig.generate_sig_1, execution_date=20211009T000000, start_date=20211010T173710, end_date=20211010T173711
[2021-10-10 20:37:12,017] {local_task_job.py:151} INFO - Task exited with return code 0
[2021-10-10 20:37:12,029] {local_task_job.py:261} INFO - 0 downstream tasks scheduled from follow-on schedule check
