[2021-10-10 17:07:29,299] {taskinstance.py:903} INFO - Dependencies all met for <TaskInstance: example_trigger_target_dag.bash_task 2021-10-10T14:04:11.969867+00:00 [queued]>
[2021-10-10 17:07:29,305] {taskinstance.py:903} INFO - Dependencies all met for <TaskInstance: example_trigger_target_dag.bash_task 2021-10-10T14:04:11.969867+00:00 [queued]>
[2021-10-10 17:07:29,305] {taskinstance.py:1095} INFO - 
--------------------------------------------------------------------------------
[2021-10-10 17:07:29,305] {taskinstance.py:1096} INFO - Starting attempt 1 of 1
[2021-10-10 17:07:29,305] {taskinstance.py:1097} INFO - 
--------------------------------------------------------------------------------
[2021-10-10 17:07:29,312] {taskinstance.py:1115} INFO - Executing <Task(BashOperator): bash_task> on 2021-10-10T14:04:11.969867+00:00
[2021-10-10 17:07:29,314] {standard_task_runner.py:52} INFO - Started process 16093 to run task
[2021-10-10 17:07:29,317] {standard_task_runner.py:76} INFO - Running: ['airflow', 'tasks', 'run', 'example_trigger_target_dag', 'bash_task', '2021-10-10T14:04:11.969867+00:00', '--job-id', '95', '--pool', 'default_pool', '--raw', '--subdir', '/usr/local/lib/python3.8/dist-packages/airflow/example_dags/example_trigger_target_dag.py', '--cfg-path', '/tmp/tmptpti7dy1', '--error-file', '/tmp/tmpqp2kmguz']
[2021-10-10 17:07:29,317] {standard_task_runner.py:77} INFO - Job 95: Subtask bash_task
[2021-10-10 17:07:29,370] {logging_mixin.py:109} INFO - Running <TaskInstance: example_trigger_target_dag.bash_task 2021-10-10T14:04:11.969867+00:00 [running]> on host abd
[2021-10-10 17:07:29,391] {taskinstance.py:1252} INFO - Exporting the following env vars:
AIRFLOW_CTX_DAG_OWNER=airflow
AIRFLOW_CTX_DAG_ID=example_trigger_target_dag
AIRFLOW_CTX_TASK_ID=bash_task
AIRFLOW_CTX_EXECUTION_DATE=2021-10-10T14:04:11.969867+00:00
AIRFLOW_CTX_DAG_RUN_ID=manual__2021-10-10T14:04:11.961885+00:00
[2021-10-10 17:07:29,391] {subprocess.py:52} INFO - Tmp dir root location: 
 /tmp
[2021-10-10 17:07:29,392] {subprocess.py:63} INFO - Running command: ['bash', '-c', 'echo "Here is the message: $message"']
[2021-10-10 17:07:29,395] {subprocess.py:74} INFO - Output:
[2021-10-10 17:07:29,396] {subprocess.py:78} INFO - Here is the message: Hello World
[2021-10-10 17:07:29,396] {subprocess.py:82} INFO - Command exited with return code 0
[2021-10-10 17:07:29,407] {taskinstance.py:1212} INFO - Marking task as SUCCESS. dag_id=example_trigger_target_dag, task_id=bash_task, execution_date=20211010T140411, start_date=20211010T140729, end_date=20211010T140729
[2021-10-10 17:07:29,448] {local_task_job.py:151} INFO - Task exited with return code 0
[2021-10-10 17:07:29,490] {local_task_job.py:261} INFO - 0 downstream tasks scheduled from follow-on schedule check
