[2021-10-10 17:07:15,462] {taskinstance.py:903} INFO - Dependencies all met for <TaskInstance: example_external_task_marker_child.child_task1 2021-10-10T14:06:40.344212+00:00 [queued]>
[2021-10-10 17:07:15,467] {taskinstance.py:903} INFO - Dependencies all met for <TaskInstance: example_external_task_marker_child.child_task1 2021-10-10T14:06:40.344212+00:00 [queued]>
[2021-10-10 17:07:15,467] {taskinstance.py:1095} INFO - 
--------------------------------------------------------------------------------
[2021-10-10 17:07:15,467] {taskinstance.py:1096} INFO - Starting attempt 1 of 1
[2021-10-10 17:07:15,467] {taskinstance.py:1097} INFO - 
--------------------------------------------------------------------------------
[2021-10-10 17:07:15,475] {taskinstance.py:1115} INFO - Executing <Task(ExternalTaskSensor): child_task1> on 2021-10-10T14:06:40.344212+00:00
[2021-10-10 17:07:15,477] {standard_task_runner.py:52} INFO - Started process 16063 to run task
[2021-10-10 17:07:15,480] {standard_task_runner.py:76} INFO - Running: ['airflow', 'tasks', 'run', 'example_external_task_marker_child', 'child_task1', '2021-10-10T14:06:40.344212+00:00', '--job-id', '87', '--pool', 'default_pool', '--raw', '--subdir', '/usr/local/lib/python3.8/dist-packages/airflow/example_dags/example_external_task_marker_dag.py', '--cfg-path', '/tmp/tmpavmsv8d0', '--error-file', '/tmp/tmpwoq9l_1r']
[2021-10-10 17:07:15,481] {standard_task_runner.py:77} INFO - Job 87: Subtask child_task1
[2021-10-10 17:07:15,545] {logging_mixin.py:109} INFO - Running <TaskInstance: example_external_task_marker_child.child_task1 2021-10-10T14:06:40.344212+00:00 [running]> on host abd
[2021-10-10 17:07:15,571] {taskinstance.py:1252} INFO - Exporting the following env vars:
AIRFLOW_CTX_DAG_OWNER=airflow
AIRFLOW_CTX_DAG_ID=example_external_task_marker_child
AIRFLOW_CTX_TASK_ID=child_task1
AIRFLOW_CTX_EXECUTION_DATE=2021-10-10T14:06:40.344212+00:00
AIRFLOW_CTX_DAG_RUN_ID=manual__2021-10-10T14:06:40.344212+00:00
[2021-10-10 17:07:15,576] {external_task.py:151} INFO - Poking for example_external_task_marker_parent.parent_task on 2021-10-10T14:06:40.344212+00:00 ... 
[2021-10-10 17:07:15,588] {taskinstance.py:1446} INFO - Rescheduling task, marking task as UP_FOR_RESCHEDULE
[2021-10-10 17:07:15,612] {local_task_job.py:151} INFO - Task exited with return code 0
[2021-10-10 17:07:15,662] {local_task_job.py:261} INFO - 0 downstream tasks scheduled from follow-on schedule check
[2021-10-10 17:08:49,169] {taskinstance.py:903} INFO - Dependencies all met for <TaskInstance: example_external_task_marker_child.child_task1 2021-10-10T14:06:40.344212+00:00 [queued]>
[2021-10-10 17:08:49,177] {taskinstance.py:903} INFO - Dependencies all met for <TaskInstance: example_external_task_marker_child.child_task1 2021-10-10T14:06:40.344212+00:00 [queued]>
[2021-10-10 17:08:49,177] {taskinstance.py:1095} INFO - 
--------------------------------------------------------------------------------
[2021-10-10 17:08:49,177] {taskinstance.py:1096} INFO - Starting attempt 1 of 1
[2021-10-10 17:08:49,177] {taskinstance.py:1097} INFO - 
--------------------------------------------------------------------------------
[2021-10-10 17:08:49,185] {taskinstance.py:1115} INFO - Executing <Task(ExternalTaskSensor): child_task1> on 2021-10-10T14:06:40.344212+00:00
[2021-10-10 17:08:49,187] {standard_task_runner.py:52} INFO - Started process 16495 to run task
[2021-10-10 17:08:49,190] {standard_task_runner.py:76} INFO - Running: ['airflow', 'tasks', 'run', 'example_external_task_marker_child', 'child_task1', '2021-10-10T14:06:40.344212+00:00', '--job-id', '158', '--pool', 'default_pool', '--raw', '--subdir', '/usr/local/lib/python3.8/dist-packages/airflow/example_dags/example_external_task_marker_dag.py', '--cfg-path', '/tmp/tmp_t036rta', '--error-file', '/tmp/tmpy2waktm6']
[2021-10-10 17:08:49,191] {standard_task_runner.py:77} INFO - Job 158: Subtask child_task1
[2021-10-10 17:08:49,209] {logging_mixin.py:109} INFO - Running <TaskInstance: example_external_task_marker_child.child_task1 2021-10-10T14:06:40.344212+00:00 [running]> on host abd
[2021-10-10 17:08:49,230] {taskinstance.py:1252} INFO - Exporting the following env vars:
AIRFLOW_CTX_DAG_OWNER=airflow
AIRFLOW_CTX_DAG_ID=example_external_task_marker_child
AIRFLOW_CTX_TASK_ID=child_task1
AIRFLOW_CTX_EXECUTION_DATE=2021-10-10T14:06:40.344212+00:00
AIRFLOW_CTX_DAG_RUN_ID=manual__2021-10-10T14:06:40.344212+00:00
[2021-10-10 17:08:49,233] {external_task.py:151} INFO - Poking for example_external_task_marker_parent.parent_task on 2021-10-10T14:06:40.344212+00:00 ... 
[2021-10-10 17:08:49,244] {taskinstance.py:1446} INFO - Rescheduling task, marking task as UP_FOR_RESCHEDULE
[2021-10-10 17:08:49,281] {local_task_job.py:151} INFO - Task exited with return code 0
[2021-10-10 17:08:49,296] {local_task_job.py:261} INFO - 0 downstream tasks scheduled from follow-on schedule check
[2021-10-10 17:09:52,168] {taskinstance.py:903} INFO - Dependencies all met for <TaskInstance: example_external_task_marker_child.child_task1 2021-10-10T14:06:40.344212+00:00 [queued]>
[2021-10-10 17:09:52,179] {taskinstance.py:903} INFO - Dependencies all met for <TaskInstance: example_external_task_marker_child.child_task1 2021-10-10T14:06:40.344212+00:00 [queued]>
[2021-10-10 17:09:52,179] {taskinstance.py:1095} INFO - 
--------------------------------------------------------------------------------
[2021-10-10 17:09:52,179] {taskinstance.py:1096} INFO - Starting attempt 1 of 1
[2021-10-10 17:09:52,179] {taskinstance.py:1097} INFO - 
--------------------------------------------------------------------------------
[2021-10-10 17:09:52,188] {taskinstance.py:1115} INFO - Executing <Task(ExternalTaskSensor): child_task1> on 2021-10-10T14:06:40.344212+00:00
[2021-10-10 17:09:52,190] {standard_task_runner.py:52} INFO - Started process 16894 to run task
[2021-10-10 17:09:52,194] {standard_task_runner.py:76} INFO - Running: ['airflow', 'tasks', 'run', 'example_external_task_marker_child', 'child_task1', '2021-10-10T14:06:40.344212+00:00', '--job-id', '220', '--pool', 'default_pool', '--raw', '--subdir', '/usr/local/lib/python3.8/dist-packages/airflow/example_dags/example_external_task_marker_dag.py', '--cfg-path', '/tmp/tmpmq6i8caa', '--error-file', '/tmp/tmpz7uva178']
[2021-10-10 17:09:52,194] {standard_task_runner.py:77} INFO - Job 220: Subtask child_task1
[2021-10-10 17:09:52,214] {logging_mixin.py:109} INFO - Running <TaskInstance: example_external_task_marker_child.child_task1 2021-10-10T14:06:40.344212+00:00 [running]> on host abd
[2021-10-10 17:09:52,236] {taskinstance.py:1252} INFO - Exporting the following env vars:
AIRFLOW_CTX_DAG_OWNER=airflow
AIRFLOW_CTX_DAG_ID=example_external_task_marker_child
AIRFLOW_CTX_TASK_ID=child_task1
AIRFLOW_CTX_EXECUTION_DATE=2021-10-10T14:06:40.344212+00:00
AIRFLOW_CTX_DAG_RUN_ID=manual__2021-10-10T14:06:40.344212+00:00
[2021-10-10 17:09:52,239] {external_task.py:151} INFO - Poking for example_external_task_marker_parent.parent_task on 2021-10-10T14:06:40.344212+00:00 ... 
[2021-10-10 17:09:52,250] {taskinstance.py:1446} INFO - Rescheduling task, marking task as UP_FOR_RESCHEDULE
[2021-10-10 17:09:52,284] {local_task_job.py:151} INFO - Task exited with return code 0
[2021-10-10 17:09:52,297] {local_task_job.py:261} INFO - 0 downstream tasks scheduled from follow-on schedule check
[2021-10-10 17:10:55,199] {taskinstance.py:903} INFO - Dependencies all met for <TaskInstance: example_external_task_marker_child.child_task1 2021-10-10T14:06:40.344212+00:00 [queued]>
[2021-10-10 17:10:55,205] {taskinstance.py:903} INFO - Dependencies all met for <TaskInstance: example_external_task_marker_child.child_task1 2021-10-10T14:06:40.344212+00:00 [queued]>
[2021-10-10 17:10:55,205] {taskinstance.py:1095} INFO - 
--------------------------------------------------------------------------------
[2021-10-10 17:10:55,205] {taskinstance.py:1096} INFO - Starting attempt 1 of 1
[2021-10-10 17:10:55,205] {taskinstance.py:1097} INFO - 
--------------------------------------------------------------------------------
[2021-10-10 17:10:55,213] {taskinstance.py:1115} INFO - Executing <Task(ExternalTaskSensor): child_task1> on 2021-10-10T14:06:40.344212+00:00
[2021-10-10 17:10:55,214] {standard_task_runner.py:52} INFO - Started process 17262 to run task
[2021-10-10 17:10:55,217] {standard_task_runner.py:76} INFO - Running: ['airflow', 'tasks', 'run', 'example_external_task_marker_child', 'child_task1', '2021-10-10T14:06:40.344212+00:00', '--job-id', '281', '--pool', 'default_pool', '--raw', '--subdir', '/usr/local/lib/python3.8/dist-packages/airflow/example_dags/example_external_task_marker_dag.py', '--cfg-path', '/tmp/tmpsfsuugm0', '--error-file', '/tmp/tmpyp23zjuh']
[2021-10-10 17:10:55,218] {standard_task_runner.py:77} INFO - Job 281: Subtask child_task1
[2021-10-10 17:10:55,237] {logging_mixin.py:109} INFO - Running <TaskInstance: example_external_task_marker_child.child_task1 2021-10-10T14:06:40.344212+00:00 [running]> on host abd
[2021-10-10 17:10:55,258] {taskinstance.py:1252} INFO - Exporting the following env vars:
AIRFLOW_CTX_DAG_OWNER=airflow
AIRFLOW_CTX_DAG_ID=example_external_task_marker_child
AIRFLOW_CTX_TASK_ID=child_task1
AIRFLOW_CTX_EXECUTION_DATE=2021-10-10T14:06:40.344212+00:00
AIRFLOW_CTX_DAG_RUN_ID=manual__2021-10-10T14:06:40.344212+00:00
[2021-10-10 17:10:55,262] {external_task.py:151} INFO - Poking for example_external_task_marker_parent.parent_task on 2021-10-10T14:06:40.344212+00:00 ... 
[2021-10-10 17:10:55,275] {taskinstance.py:1446} INFO - Rescheduling task, marking task as UP_FOR_RESCHEDULE
[2021-10-10 17:10:55,308] {local_task_job.py:151} INFO - Task exited with return code 0
[2021-10-10 17:10:55,320] {local_task_job.py:261} INFO - 0 downstream tasks scheduled from follow-on schedule check
[2021-10-10 17:11:58,503] {taskinstance.py:903} INFO - Dependencies all met for <TaskInstance: example_external_task_marker_child.child_task1 2021-10-10T14:06:40.344212+00:00 [queued]>
[2021-10-10 17:11:58,509] {taskinstance.py:903} INFO - Dependencies all met for <TaskInstance: example_external_task_marker_child.child_task1 2021-10-10T14:06:40.344212+00:00 [queued]>
[2021-10-10 17:11:58,509] {taskinstance.py:1095} INFO - 
--------------------------------------------------------------------------------
[2021-10-10 17:11:58,509] {taskinstance.py:1096} INFO - Starting attempt 1 of 1
[2021-10-10 17:11:58,509] {taskinstance.py:1097} INFO - 
--------------------------------------------------------------------------------
[2021-10-10 17:11:58,515] {taskinstance.py:1115} INFO - Executing <Task(ExternalTaskSensor): child_task1> on 2021-10-10T14:06:40.344212+00:00
[2021-10-10 17:11:58,516] {standard_task_runner.py:52} INFO - Started process 17649 to run task
[2021-10-10 17:11:58,519] {standard_task_runner.py:76} INFO - Running: ['airflow', 'tasks', 'run', 'example_external_task_marker_child', 'child_task1', '2021-10-10T14:06:40.344212+00:00', '--job-id', '342', '--pool', 'default_pool', '--raw', '--subdir', '/usr/local/lib/python3.8/dist-packages/airflow/example_dags/example_external_task_marker_dag.py', '--cfg-path', '/tmp/tmph7trlmlm', '--error-file', '/tmp/tmpijdrle2c']
[2021-10-10 17:11:58,520] {standard_task_runner.py:77} INFO - Job 342: Subtask child_task1
[2021-10-10 17:11:58,538] {logging_mixin.py:109} INFO - Running <TaskInstance: example_external_task_marker_child.child_task1 2021-10-10T14:06:40.344212+00:00 [running]> on host abd
[2021-10-10 17:11:58,557] {taskinstance.py:1252} INFO - Exporting the following env vars:
AIRFLOW_CTX_DAG_OWNER=airflow
AIRFLOW_CTX_DAG_ID=example_external_task_marker_child
AIRFLOW_CTX_TASK_ID=child_task1
AIRFLOW_CTX_EXECUTION_DATE=2021-10-10T14:06:40.344212+00:00
AIRFLOW_CTX_DAG_RUN_ID=manual__2021-10-10T14:06:40.344212+00:00
[2021-10-10 17:11:58,560] {external_task.py:151} INFO - Poking for example_external_task_marker_parent.parent_task on 2021-10-10T14:06:40.344212+00:00 ... 
[2021-10-10 17:11:58,574] {taskinstance.py:1446} INFO - Rescheduling task, marking task as UP_FOR_RESCHEDULE
[2021-10-10 17:11:58,610] {local_task_job.py:151} INFO - Task exited with return code 0
[2021-10-10 17:11:58,623] {local_task_job.py:261} INFO - 0 downstream tasks scheduled from follow-on schedule check
[2021-10-10 17:13:01,997] {taskinstance.py:903} INFO - Dependencies all met for <TaskInstance: example_external_task_marker_child.child_task1 2021-10-10T14:06:40.344212+00:00 [queued]>
[2021-10-10 17:13:02,003] {taskinstance.py:903} INFO - Dependencies all met for <TaskInstance: example_external_task_marker_child.child_task1 2021-10-10T14:06:40.344212+00:00 [queued]>
[2021-10-10 17:13:02,003] {taskinstance.py:1095} INFO - 
--------------------------------------------------------------------------------
[2021-10-10 17:13:02,003] {taskinstance.py:1096} INFO - Starting attempt 1 of 1
[2021-10-10 17:13:02,003] {taskinstance.py:1097} INFO - 
--------------------------------------------------------------------------------
[2021-10-10 17:13:02,009] {taskinstance.py:1115} INFO - Executing <Task(ExternalTaskSensor): child_task1> on 2021-10-10T14:06:40.344212+00:00
[2021-10-10 17:13:02,011] {standard_task_runner.py:52} INFO - Started process 18044 to run task
[2021-10-10 17:13:02,014] {standard_task_runner.py:76} INFO - Running: ['airflow', 'tasks', 'run', 'example_external_task_marker_child', 'child_task1', '2021-10-10T14:06:40.344212+00:00', '--job-id', '403', '--pool', 'default_pool', '--raw', '--subdir', '/usr/local/lib/python3.8/dist-packages/airflow/example_dags/example_external_task_marker_dag.py', '--cfg-path', '/tmp/tmp4dok0a9r', '--error-file', '/tmp/tmprqdx5r3k']
[2021-10-10 17:13:02,014] {standard_task_runner.py:77} INFO - Job 403: Subtask child_task1
[2021-10-10 17:13:02,031] {logging_mixin.py:109} INFO - Running <TaskInstance: example_external_task_marker_child.child_task1 2021-10-10T14:06:40.344212+00:00 [running]> on host abd
[2021-10-10 17:13:02,050] {taskinstance.py:1252} INFO - Exporting the following env vars:
AIRFLOW_CTX_DAG_OWNER=airflow
AIRFLOW_CTX_DAG_ID=example_external_task_marker_child
AIRFLOW_CTX_TASK_ID=child_task1
AIRFLOW_CTX_EXECUTION_DATE=2021-10-10T14:06:40.344212+00:00
AIRFLOW_CTX_DAG_RUN_ID=manual__2021-10-10T14:06:40.344212+00:00
[2021-10-10 17:13:02,054] {external_task.py:151} INFO - Poking for example_external_task_marker_parent.parent_task on 2021-10-10T14:06:40.344212+00:00 ... 
[2021-10-10 17:13:02,067] {taskinstance.py:1446} INFO - Rescheduling task, marking task as UP_FOR_RESCHEDULE
[2021-10-10 17:13:02,104] {local_task_job.py:151} INFO - Task exited with return code 0
[2021-10-10 17:13:02,120] {local_task_job.py:261} INFO - 0 downstream tasks scheduled from follow-on schedule check
[2021-10-10 17:14:05,593] {taskinstance.py:903} INFO - Dependencies all met for <TaskInstance: example_external_task_marker_child.child_task1 2021-10-10T14:06:40.344212+00:00 [queued]>
[2021-10-10 17:14:05,598] {taskinstance.py:903} INFO - Dependencies all met for <TaskInstance: example_external_task_marker_child.child_task1 2021-10-10T14:06:40.344212+00:00 [queued]>
[2021-10-10 17:14:05,598] {taskinstance.py:1095} INFO - 
--------------------------------------------------------------------------------
[2021-10-10 17:14:05,598] {taskinstance.py:1096} INFO - Starting attempt 1 of 1
[2021-10-10 17:14:05,598] {taskinstance.py:1097} INFO - 
--------------------------------------------------------------------------------
[2021-10-10 17:14:05,605] {taskinstance.py:1115} INFO - Executing <Task(ExternalTaskSensor): child_task1> on 2021-10-10T14:06:40.344212+00:00
[2021-10-10 17:14:05,606] {standard_task_runner.py:52} INFO - Started process 18448 to run task
[2021-10-10 17:14:05,610] {standard_task_runner.py:76} INFO - Running: ['airflow', 'tasks', 'run', 'example_external_task_marker_child', 'child_task1', '2021-10-10T14:06:40.344212+00:00', '--job-id', '464', '--pool', 'default_pool', '--raw', '--subdir', '/usr/local/lib/python3.8/dist-packages/airflow/example_dags/example_external_task_marker_dag.py', '--cfg-path', '/tmp/tmpv2m4gkw6', '--error-file', '/tmp/tmpwu30y0tx']
[2021-10-10 17:14:05,611] {standard_task_runner.py:77} INFO - Job 464: Subtask child_task1
[2021-10-10 17:14:05,628] {logging_mixin.py:109} INFO - Running <TaskInstance: example_external_task_marker_child.child_task1 2021-10-10T14:06:40.344212+00:00 [running]> on host abd
[2021-10-10 17:14:05,650] {taskinstance.py:1252} INFO - Exporting the following env vars:
AIRFLOW_CTX_DAG_OWNER=airflow
AIRFLOW_CTX_DAG_ID=example_external_task_marker_child
AIRFLOW_CTX_TASK_ID=child_task1
AIRFLOW_CTX_EXECUTION_DATE=2021-10-10T14:06:40.344212+00:00
AIRFLOW_CTX_DAG_RUN_ID=manual__2021-10-10T14:06:40.344212+00:00
[2021-10-10 17:14:05,653] {external_task.py:151} INFO - Poking for example_external_task_marker_parent.parent_task on 2021-10-10T14:06:40.344212+00:00 ... 
[2021-10-10 17:14:05,664] {taskinstance.py:1446} INFO - Rescheduling task, marking task as UP_FOR_RESCHEDULE
[2021-10-10 17:14:05,701] {local_task_job.py:151} INFO - Task exited with return code 0
[2021-10-10 17:14:05,714] {local_task_job.py:261} INFO - 0 downstream tasks scheduled from follow-on schedule check
[2021-10-10 17:15:09,693] {taskinstance.py:903} INFO - Dependencies all met for <TaskInstance: example_external_task_marker_child.child_task1 2021-10-10T14:06:40.344212+00:00 [queued]>
[2021-10-10 17:15:09,698] {taskinstance.py:903} INFO - Dependencies all met for <TaskInstance: example_external_task_marker_child.child_task1 2021-10-10T14:06:40.344212+00:00 [queued]>
[2021-10-10 17:15:09,698] {taskinstance.py:1095} INFO - 
--------------------------------------------------------------------------------
[2021-10-10 17:15:09,698] {taskinstance.py:1096} INFO - Starting attempt 1 of 1
[2021-10-10 17:15:09,698] {taskinstance.py:1097} INFO - 
--------------------------------------------------------------------------------
[2021-10-10 17:15:09,705] {taskinstance.py:1115} INFO - Executing <Task(ExternalTaskSensor): child_task1> on 2021-10-10T14:06:40.344212+00:00
[2021-10-10 17:15:09,706] {standard_task_runner.py:52} INFO - Started process 18908 to run task
[2021-10-10 17:15:09,710] {standard_task_runner.py:76} INFO - Running: ['airflow', 'tasks', 'run', 'example_external_task_marker_child', 'child_task1', '2021-10-10T14:06:40.344212+00:00', '--job-id', '525', '--pool', 'default_pool', '--raw', '--subdir', '/usr/local/lib/python3.8/dist-packages/airflow/example_dags/example_external_task_marker_dag.py', '--cfg-path', '/tmp/tmpr7fdpt0b', '--error-file', '/tmp/tmp5eexzwzb']
[2021-10-10 17:15:09,710] {standard_task_runner.py:77} INFO - Job 525: Subtask child_task1
[2021-10-10 17:15:09,729] {logging_mixin.py:109} INFO - Running <TaskInstance: example_external_task_marker_child.child_task1 2021-10-10T14:06:40.344212+00:00 [running]> on host abd
[2021-10-10 17:15:09,752] {taskinstance.py:1252} INFO - Exporting the following env vars:
AIRFLOW_CTX_DAG_OWNER=airflow
AIRFLOW_CTX_DAG_ID=example_external_task_marker_child
AIRFLOW_CTX_TASK_ID=child_task1
AIRFLOW_CTX_EXECUTION_DATE=2021-10-10T14:06:40.344212+00:00
AIRFLOW_CTX_DAG_RUN_ID=manual__2021-10-10T14:06:40.344212+00:00
[2021-10-10 17:15:09,755] {external_task.py:151} INFO - Poking for example_external_task_marker_parent.parent_task on 2021-10-10T14:06:40.344212+00:00 ... 
[2021-10-10 17:15:09,767] {taskinstance.py:1446} INFO - Rescheduling task, marking task as UP_FOR_RESCHEDULE
[2021-10-10 17:15:09,800] {local_task_job.py:151} INFO - Task exited with return code 0
[2021-10-10 17:15:09,813] {local_task_job.py:261} INFO - 0 downstream tasks scheduled from follow-on schedule check
