[2021-10-10 17:06:52,153] {taskinstance.py:903} INFO - Dependencies all met for <TaskInstance: example_branch_operator.branching 2021-10-09T00:00:00+00:00 [queued]>
[2021-10-10 17:06:52,159] {taskinstance.py:903} INFO - Dependencies all met for <TaskInstance: example_branch_operator.branching 2021-10-09T00:00:00+00:00 [queued]>
[2021-10-10 17:06:52,159] {taskinstance.py:1095} INFO - 
--------------------------------------------------------------------------------
[2021-10-10 17:06:52,159] {taskinstance.py:1096} INFO - Starting attempt 1 of 1
[2021-10-10 17:06:52,159] {taskinstance.py:1097} INFO - 
--------------------------------------------------------------------------------
[2021-10-10 17:06:52,167] {taskinstance.py:1115} INFO - Executing <Task(BranchPythonOperator): branching> on 2021-10-09T00:00:00+00:00
[2021-10-10 17:06:52,169] {standard_task_runner.py:52} INFO - Started process 16005 to run task
[2021-10-10 17:06:52,220] {standard_task_runner.py:76} INFO - Running: ['airflow', 'tasks', 'run', 'example_branch_operator', 'branching', '2021-10-09T00:00:00+00:00', '--job-id', '69', '--pool', 'default_pool', '--raw', '--subdir', '/usr/local/lib/python3.8/dist-packages/airflow/example_dags/example_branch_operator.py', '--cfg-path', '/tmp/tmpqqx2hg20', '--error-file', '/tmp/tmp0ep7wtem']
[2021-10-10 17:06:52,220] {standard_task_runner.py:77} INFO - Job 69: Subtask branching
[2021-10-10 17:06:52,246] {logging_mixin.py:109} INFO - Running <TaskInstance: example_branch_operator.branching 2021-10-09T00:00:00+00:00 [running]> on host abd
[2021-10-10 17:06:52,273] {taskinstance.py:1252} INFO - Exporting the following env vars:
AIRFLOW_CTX_DAG_OWNER=airflow
AIRFLOW_CTX_DAG_ID=example_branch_operator
AIRFLOW_CTX_TASK_ID=branching
AIRFLOW_CTX_EXECUTION_DATE=2021-10-09T00:00:00+00:00
AIRFLOW_CTX_DAG_RUN_ID=scheduled__2021-10-09T00:00:00+00:00
[2021-10-10 17:06:52,273] {python.py:151} INFO - Done. Returned value was: branch_a
[2021-10-10 17:06:52,274] {skipmixin.py:124} INFO - Following branch branch_a
[2021-10-10 17:06:52,277] {skipmixin.py:155} INFO - Skipping tasks ['branch_d', 'branch_b', 'branch_c']
[2021-10-10 17:06:52,312] {taskinstance.py:1212} INFO - Marking task as SUCCESS. dag_id=example_branch_operator, task_id=branching, execution_date=20211009T000000, start_date=20211010T140652, end_date=20211010T140652
[2021-10-10 17:06:52,343] {local_task_job.py:151} INFO - Task exited with return code 0
[2021-10-10 17:06:52,394] {local_task_job.py:261} INFO - 1 downstream tasks scheduled from follow-on schedule check
