[2021-10-10 17:04:09,422] {taskinstance.py:903} INFO - Dependencies all met for <TaskInstance: example_bash_operator.run_after_loop 2021-10-09T00:00:00+00:00 [queued]>
[2021-10-10 17:04:09,428] {taskinstance.py:903} INFO - Dependencies all met for <TaskInstance: example_bash_operator.run_after_loop 2021-10-09T00:00:00+00:00 [queued]>
[2021-10-10 17:04:09,429] {taskinstance.py:1095} INFO - 
--------------------------------------------------------------------------------
[2021-10-10 17:04:09,429] {taskinstance.py:1096} INFO - Starting attempt 1 of 1
[2021-10-10 17:04:09,429] {taskinstance.py:1097} INFO - 
--------------------------------------------------------------------------------
[2021-10-10 17:04:09,470] {taskinstance.py:1115} INFO - Executing <Task(BashOperator): run_after_loop> on 2021-10-09T00:00:00+00:00
[2021-10-10 17:04:09,471] {standard_task_runner.py:52} INFO - Started process 15357 to run task
[2021-10-10 17:04:09,474] {standard_task_runner.py:76} INFO - Running: ['airflow', 'tasks', 'run', 'example_bash_operator', 'run_after_loop', '2021-10-09T00:00:00+00:00', '--job-id', '27', '--pool', 'default_pool', '--raw', '--subdir', '/usr/local/lib/python3.8/dist-packages/airflow/example_dags/example_bash_operator.py', '--cfg-path', '/tmp/tmppk6hi6w8', '--error-file', '/tmp/tmpxintj0es']
[2021-10-10 17:04:09,475] {standard_task_runner.py:77} INFO - Job 27: Subtask run_after_loop
[2021-10-10 17:04:09,497] {logging_mixin.py:109} INFO - Running <TaskInstance: example_bash_operator.run_after_loop 2021-10-09T00:00:00+00:00 [running]> on host abd
[2021-10-10 17:04:09,521] {taskinstance.py:1252} INFO - Exporting the following env vars:
AIRFLOW_CTX_DAG_OWNER=airflow
AIRFLOW_CTX_DAG_ID=example_bash_operator
AIRFLOW_CTX_TASK_ID=run_after_loop
AIRFLOW_CTX_EXECUTION_DATE=2021-10-09T00:00:00+00:00
AIRFLOW_CTX_DAG_RUN_ID=scheduled__2021-10-09T00:00:00+00:00
[2021-10-10 17:04:09,521] {subprocess.py:52} INFO - Tmp dir root location: 
 /tmp
[2021-10-10 17:04:09,522] {subprocess.py:63} INFO - Running command: ['bash', '-c', 'echo 1']
[2021-10-10 17:04:09,525] {subprocess.py:74} INFO - Output:
[2021-10-10 17:04:09,526] {subprocess.py:78} INFO - 1
[2021-10-10 17:04:09,526] {subprocess.py:82} INFO - Command exited with return code 0
[2021-10-10 17:04:09,539] {taskinstance.py:1212} INFO - Marking task as SUCCESS. dag_id=example_bash_operator, task_id=run_after_loop, execution_date=20211009T000000, start_date=20211010T140409, end_date=20211010T140409
[2021-10-10 17:04:09,565] {local_task_job.py:151} INFO - Task exited with return code 0
[2021-10-10 17:04:09,576] {local_task_job.py:261} INFO - 0 downstream tasks scheduled from follow-on schedule check
