[2021-10-10 17:09:27,886] {taskinstance.py:903} INFO - Dependencies all met for <TaskInstance: latest_only.latest_only 2021-10-09T20:00:00+00:00 [queued]>
[2021-10-10 17:09:27,891] {taskinstance.py:903} INFO - Dependencies all met for <TaskInstance: latest_only.latest_only 2021-10-09T20:00:00+00:00 [queued]>
[2021-10-10 17:09:27,891] {taskinstance.py:1095} INFO - 
--------------------------------------------------------------------------------
[2021-10-10 17:09:27,892] {taskinstance.py:1096} INFO - Starting attempt 1 of 1
[2021-10-10 17:09:27,892] {taskinstance.py:1097} INFO - 
--------------------------------------------------------------------------------
[2021-10-10 17:09:27,899] {taskinstance.py:1115} INFO - Executing <Task(LatestOnlyOperator): latest_only> on 2021-10-09T20:00:00+00:00
[2021-10-10 17:09:27,902] {standard_task_runner.py:52} INFO - Started process 16750 to run task
[2021-10-10 17:09:27,908] {standard_task_runner.py:76} INFO - Running: ['airflow', 'tasks', 'run', 'latest_only', 'latest_only', '2021-10-09T20:00:00+00:00', '--job-id', '196', '--pool', 'default_pool', '--raw', '--subdir', '/usr/local/lib/python3.8/dist-packages/airflow/example_dags/example_latest_only.py', '--cfg-path', '/tmp/tmps4t6o8in', '--error-file', '/tmp/tmpz64ej_hu']
[2021-10-10 17:09:27,909] {standard_task_runner.py:77} INFO - Job 196: Subtask latest_only
[2021-10-10 17:09:27,930] {logging_mixin.py:109} INFO - Running <TaskInstance: latest_only.latest_only 2021-10-09T20:00:00+00:00 [running]> on host abd
[2021-10-10 17:09:27,953] {taskinstance.py:1252} INFO - Exporting the following env vars:
AIRFLOW_CTX_DAG_OWNER=airflow
AIRFLOW_CTX_DAG_ID=latest_only
AIRFLOW_CTX_TASK_ID=latest_only
AIRFLOW_CTX_EXECUTION_DATE=2021-10-09T20:00:00+00:00
AIRFLOW_CTX_DAG_RUN_ID=scheduled__2021-10-09T20:00:00+00:00
[2021-10-10 17:09:27,953] {latest_only.py:53} INFO - Checking latest only with left_window: 2021-10-10T00:00:00+00:00 right_window: 2021-10-10T04:00:00+00:00 now: 2021-10-10T14:09:27.953444+00:00
[2021-10-10 17:09:27,953] {latest_only.py:61} INFO - Not latest execution, skipping downstream.
[2021-10-10 17:09:27,953] {skipmixin.py:124} INFO - Following branch []
[2021-10-10 17:09:27,955] {skipmixin.py:155} INFO - Skipping tasks ['task1']
[2021-10-10 17:09:27,978] {taskinstance.py:1212} INFO - Marking task as SUCCESS. dag_id=latest_only, task_id=latest_only, execution_date=20211009T200000, start_date=20211010T140927, end_date=20211010T140927
[2021-10-10 17:09:27,998] {local_task_job.py:151} INFO - Task exited with return code 0
[2021-10-10 17:09:28,007] {local_task_job.py:261} INFO - 0 downstream tasks scheduled from follow-on schedule check
