[2021-10-10 17:07:16,845] {taskinstance.py:903} INFO - Dependencies all met for <TaskInstance: example_xcom.puller 2021-10-08T00:00:00+00:00 [queued]>
[2021-10-10 17:07:16,849] {taskinstance.py:903} INFO - Dependencies all met for <TaskInstance: example_xcom.puller 2021-10-08T00:00:00+00:00 [queued]>
[2021-10-10 17:07:16,849] {taskinstance.py:1095} INFO - 
--------------------------------------------------------------------------------
[2021-10-10 17:07:16,849] {taskinstance.py:1096} INFO - Starting attempt 1 of 1
[2021-10-10 17:07:16,849] {taskinstance.py:1097} INFO - 
--------------------------------------------------------------------------------
[2021-10-10 17:07:16,857] {taskinstance.py:1115} INFO - Executing <Task(PythonOperator): puller> on 2021-10-08T00:00:00+00:00
[2021-10-10 17:07:16,858] {standard_task_runner.py:52} INFO - Started process 16066 to run task
[2021-10-10 17:07:16,861] {standard_task_runner.py:76} INFO - Running: ['airflow', 'tasks', 'run', 'example_xcom', 'puller', '2021-10-08T00:00:00+00:00', '--job-id', '88', '--pool', 'default_pool', '--raw', '--subdir', '/usr/local/lib/python3.8/dist-packages/airflow/example_dags/example_xcom.py', '--cfg-path', '/tmp/tmpnxx2jdnx', '--error-file', '/tmp/tmp8k4r1f52']
[2021-10-10 17:07:16,862] {standard_task_runner.py:77} INFO - Job 88: Subtask puller
[2021-10-10 17:07:16,913] {logging_mixin.py:109} INFO - Running <TaskInstance: example_xcom.puller 2021-10-08T00:00:00+00:00 [running]> on host abd
[2021-10-10 17:07:16,932] {taskinstance.py:1252} INFO - Exporting the following env vars:
AIRFLOW_CTX_DAG_OWNER=airflow
AIRFLOW_CTX_DAG_ID=example_xcom
AIRFLOW_CTX_TASK_ID=puller
AIRFLOW_CTX_EXECUTION_DATE=2021-10-08T00:00:00+00:00
AIRFLOW_CTX_DAG_RUN_ID=scheduled__2021-10-08T00:00:00+00:00
[2021-10-10 17:07:16,938] {python.py:151} INFO - Done. Returned value was: None
[2021-10-10 17:07:16,940] {taskinstance.py:1212} INFO - Marking task as SUCCESS. dag_id=example_xcom, task_id=puller, execution_date=20211008T000000, start_date=20211010T140716, end_date=20211010T140716
[2021-10-10 17:07:16,952] {local_task_job.py:151} INFO - Task exited with return code 0
[2021-10-10 17:07:17,007] {local_task_job.py:261} INFO - 0 downstream tasks scheduled from follow-on schedule check
