[2021-10-10 17:18:36,177] {taskinstance.py:903} INFO - Dependencies all met for <TaskInstance: main.data.generate_group_data.generate_data_1 2021-10-09T00:00:00+00:00 [queued]>
[2021-10-10 17:18:36,184] {taskinstance.py:903} INFO - Dependencies all met for <TaskInstance: main.data.generate_group_data.generate_data_1 2021-10-09T00:00:00+00:00 [queued]>
[2021-10-10 17:18:36,185] {taskinstance.py:1095} INFO - 
--------------------------------------------------------------------------------
[2021-10-10 17:18:36,185] {taskinstance.py:1096} INFO - Starting attempt 1 of 2
[2021-10-10 17:18:36,185] {taskinstance.py:1097} INFO - 
--------------------------------------------------------------------------------
[2021-10-10 17:18:36,191] {taskinstance.py:1115} INFO - Executing <Task(BashOperator): data.generate_group_data.generate_data_1> on 2021-10-09T00:00:00+00:00
[2021-10-10 17:18:36,193] {standard_task_runner.py:52} INFO - Started process 19834 to run task
[2021-10-10 17:18:36,196] {standard_task_runner.py:76} INFO - Running: ['airflow', 'tasks', 'run', 'main', 'data.generate_group_data.generate_data_1', '2021-10-09T00:00:00+00:00', '--job-id', '580', '--pool', 'default_pool', '--raw', '--subdir', 'DAGS_FOLDER/main.py', '--cfg-path', '/tmp/tmp3z82bd08', '--error-file', '/tmp/tmpx7vkyfdn']
[2021-10-10 17:18:36,196] {standard_task_runner.py:77} INFO - Job 580: Subtask data.generate_group_data.generate_data_1
[2021-10-10 17:18:36,216] {logging_mixin.py:109} INFO - Running <TaskInstance: main.data.generate_group_data.generate_data_1 2021-10-09T00:00:00+00:00 [running]> on host abd
[2021-10-10 17:18:36,247] {taskinstance.py:1252} INFO - Exporting the following env vars:
AIRFLOW_CTX_DAG_OWNER=admin
AIRFLOW_CTX_DAG_ID=main
AIRFLOW_CTX_TASK_ID=data.generate_group_data.generate_data_1
AIRFLOW_CTX_EXECUTION_DATE=2021-10-09T00:00:00+00:00
AIRFLOW_CTX_DAG_RUN_ID=scheduled__2021-10-09T00:00:00+00:00
[2021-10-10 17:18:36,247] {subprocess.py:52} INFO - Tmp dir root location: 
 /tmp
[2021-10-10 17:18:36,248] {subprocess.py:63} INFO - Running command: ['bash', '-c', '\n            set -x\n            source ${thisroot}/thisroot.sh\n            pwd\n            python ${code}/generatetuple.py ${type} ${nevents} ${base_dir}/${type}_${jobnumber}.root\n            ']
[2021-10-10 17:18:36,254] {subprocess.py:74} INFO - Output:
[2021-10-10 17:18:36,255] {subprocess.py:78} INFO - + source /home/abd/root/root-6.24.06-install/bin/thisroot.sh
[2021-10-10 17:18:36,255] {subprocess.py:78} INFO - bash: line 2: /home/abd/root/root-6.24.06-install/bin/thisroot.sh: No such file or directory
[2021-10-10 17:18:36,255] {subprocess.py:78} INFO - + pwd
[2021-10-10 17:18:36,255] {subprocess.py:78} INFO - /tmp/airflowtmpyek153aa
[2021-10-10 17:18:36,256] {subprocess.py:78} INFO - + python /home/abd/airflow/code/generatetuple.py data 20000 /home/abd/airflow/data/bsm-search/data_1.root
[2021-10-10 17:18:36,266] {subprocess.py:78} INFO - python: can't open file '/home/abd/airflow/code/generatetuple.py': [Errno 2] No such file or directory
[2021-10-10 17:18:36,266] {subprocess.py:82} INFO - Command exited with return code 2
[2021-10-10 17:18:36,273] {taskinstance.py:1463} ERROR - Task failed with exception
Traceback (most recent call last):
  File "/usr/local/lib/python3.8/dist-packages/airflow/models/taskinstance.py", line 1165, in _run_raw_task
    self._prepare_and_execute_task_with_callbacks(context, task)
  File "/usr/local/lib/python3.8/dist-packages/airflow/models/taskinstance.py", line 1283, in _prepare_and_execute_task_with_callbacks
    result = self._execute_task(context, task_copy)
  File "/usr/local/lib/python3.8/dist-packages/airflow/models/taskinstance.py", line 1313, in _execute_task
    result = task_copy.execute(context=context)
  File "/usr/local/lib/python3.8/dist-packages/airflow/operators/bash.py", line 176, in execute
    raise AirflowException('Bash command failed. The command returned a non-zero exit code.')
airflow.exceptions.AirflowException: Bash command failed. The command returned a non-zero exit code.
[2021-10-10 17:18:36,275] {taskinstance.py:1506} INFO - Marking task as UP_FOR_RETRY. dag_id=main, task_id=data.generate_group_data.generate_data_1, execution_date=20211009T000000, start_date=20211010T141836, end_date=20211010T141836
[2021-10-10 17:18:36,327] {local_task_job.py:151} INFO - Task exited with return code 1
[2021-10-10 17:18:36,343] {local_task_job.py:261} INFO - 0 downstream tasks scheduled from follow-on schedule check
[2021-10-10 17:28:03,974] {taskinstance.py:903} INFO - Dependencies all met for <TaskInstance: main.data.generate_group_data.generate_data_1 2021-10-09T00:00:00+00:00 [queued]>
[2021-10-10 17:28:03,980] {taskinstance.py:903} INFO - Dependencies all met for <TaskInstance: main.data.generate_group_data.generate_data_1 2021-10-09T00:00:00+00:00 [queued]>
[2021-10-10 17:28:03,980] {taskinstance.py:1095} INFO - 
--------------------------------------------------------------------------------
[2021-10-10 17:28:03,980] {taskinstance.py:1096} INFO - Starting attempt 1 of 2
[2021-10-10 17:28:03,980] {taskinstance.py:1097} INFO - 
--------------------------------------------------------------------------------
[2021-10-10 17:28:03,987] {taskinstance.py:1115} INFO - Executing <Task(BashOperator): data.generate_group_data.generate_data_1> on 2021-10-09T00:00:00+00:00
[2021-10-10 17:28:03,988] {standard_task_runner.py:52} INFO - Started process 21547 to run task
[2021-10-10 17:28:03,991] {standard_task_runner.py:76} INFO - Running: ['airflow', 'tasks', 'run', 'main', 'data.generate_group_data.generate_data_1', '2021-10-09T00:00:00+00:00', '--job-id', '580', '--pool', 'default_pool', '--raw', '--subdir', 'DAGS_FOLDER/main.py', '--cfg-path', '/tmp/tmpa3bh9a4h', '--error-file', '/tmp/tmpblpy4q82']
[2021-10-10 17:28:03,992] {standard_task_runner.py:77} INFO - Job 580: Subtask data.generate_group_data.generate_data_1
[2021-10-10 17:28:04,011] {logging_mixin.py:109} INFO - Running <TaskInstance: main.data.generate_group_data.generate_data_1 2021-10-09T00:00:00+00:00 [running]> on host abd
[2021-10-10 17:28:04,050] {taskinstance.py:1252} INFO - Exporting the following env vars:
AIRFLOW_CTX_DAG_OWNER=admin
AIRFLOW_CTX_DAG_ID=main
AIRFLOW_CTX_TASK_ID=data.generate_group_data.generate_data_1
AIRFLOW_CTX_EXECUTION_DATE=2021-10-09T00:00:00+00:00
AIRFLOW_CTX_DAG_RUN_ID=scheduled__2021-10-09T00:00:00+00:00
[2021-10-10 17:28:04,051] {subprocess.py:52} INFO - Tmp dir root location: 
 /tmp
[2021-10-10 17:28:04,051] {subprocess.py:63} INFO - Running command: ['bash', '-c', '\n            set -x\n            source ${thisroot}/thisroot.sh\n            pwd\n            python ${code}/generatetuple.py ${type} ${nevents} ${base_dir}/${type}_${jobnumber}.root\n            ']
[2021-10-10 17:28:04,057] {subprocess.py:74} INFO - Output:
[2021-10-10 17:28:04,059] {subprocess.py:78} INFO - + source /home/abd/root/root-6.24.06-install/bin/thisroot.sh
[2021-10-10 17:28:04,059] {subprocess.py:78} INFO - bash: line 2: /home/abd/root/root-6.24.06-install/bin/thisroot.sh: No such file or directory
[2021-10-10 17:28:04,059] {subprocess.py:78} INFO - + pwd
[2021-10-10 17:28:04,059] {subprocess.py:78} INFO - /tmp/airflowtmp2sw4f5ms
[2021-10-10 17:28:04,059] {subprocess.py:78} INFO - + python /home/abd/airflow/code/generatetuple.py data 20000 /home/abd/airflow/data/bsm-search/data_1.root
[2021-10-10 17:28:04,071] {subprocess.py:78} INFO - Traceback (most recent call last):
[2021-10-10 17:28:04,071] {subprocess.py:78} INFO -   File "/home/abd/airflow/code/generatetuple.py", line 1, in <module>
[2021-10-10 17:28:04,072] {subprocess.py:78} INFO -     import ROOT
[2021-10-10 17:28:04,072] {subprocess.py:78} INFO - ImportError: No module named ROOT
[2021-10-10 17:28:04,073] {subprocess.py:82} INFO - Command exited with return code 1
[2021-10-10 17:28:04,079] {taskinstance.py:1463} ERROR - Task failed with exception
Traceback (most recent call last):
  File "/usr/local/lib/python3.8/dist-packages/airflow/models/taskinstance.py", line 1165, in _run_raw_task
    self._prepare_and_execute_task_with_callbacks(context, task)
  File "/usr/local/lib/python3.8/dist-packages/airflow/models/taskinstance.py", line 1283, in _prepare_and_execute_task_with_callbacks
    result = self._execute_task(context, task_copy)
  File "/usr/local/lib/python3.8/dist-packages/airflow/models/taskinstance.py", line 1313, in _execute_task
    result = task_copy.execute(context=context)
  File "/usr/local/lib/python3.8/dist-packages/airflow/operators/bash.py", line 176, in execute
    raise AirflowException('Bash command failed. The command returned a non-zero exit code.')
airflow.exceptions.AirflowException: Bash command failed. The command returned a non-zero exit code.
[2021-10-10 17:28:04,080] {taskinstance.py:1506} INFO - Marking task as UP_FOR_RETRY. dag_id=main, task_id=data.generate_group_data.generate_data_1, execution_date=20211009T000000, start_date=20211010T142803, end_date=20211010T142804
[2021-10-10 17:28:04,122] {local_task_job.py:151} INFO - Task exited with return code 1
[2021-10-10 17:28:04,144] {local_task_job.py:261} INFO - 0 downstream tasks scheduled from follow-on schedule check
[2021-10-10 17:31:52,388] {taskinstance.py:903} INFO - Dependencies all met for <TaskInstance: main.data.generate_group_data.generate_data_1 2021-10-09T00:00:00+00:00 [queued]>
[2021-10-10 17:31:52,395] {taskinstance.py:903} INFO - Dependencies all met for <TaskInstance: main.data.generate_group_data.generate_data_1 2021-10-09T00:00:00+00:00 [queued]>
[2021-10-10 17:31:52,395] {taskinstance.py:1095} INFO - 
--------------------------------------------------------------------------------
[2021-10-10 17:31:52,395] {taskinstance.py:1096} INFO - Starting attempt 1 of 2
[2021-10-10 17:31:52,395] {taskinstance.py:1097} INFO - 
--------------------------------------------------------------------------------
[2021-10-10 17:31:52,402] {taskinstance.py:1115} INFO - Executing <Task(BashOperator): data.generate_group_data.generate_data_1> on 2021-10-09T00:00:00+00:00
[2021-10-10 17:31:52,403] {standard_task_runner.py:52} INFO - Started process 22486 to run task
[2021-10-10 17:31:52,407] {standard_task_runner.py:76} INFO - Running: ['airflow', 'tasks', 'run', 'main', 'data.generate_group_data.generate_data_1', '2021-10-09T00:00:00+00:00', '--job-id', '580', '--pool', 'default_pool', '--raw', '--subdir', 'DAGS_FOLDER/main.py', '--cfg-path', '/tmp/tmp6unf_gmz', '--error-file', '/tmp/tmpae5phlp_']
[2021-10-10 17:31:52,407] {standard_task_runner.py:77} INFO - Job 580: Subtask data.generate_group_data.generate_data_1
[2021-10-10 17:31:52,427] {logging_mixin.py:109} INFO - Running <TaskInstance: main.data.generate_group_data.generate_data_1 2021-10-09T00:00:00+00:00 [running]> on host abd
[2021-10-10 17:31:52,452] {taskinstance.py:1252} INFO - Exporting the following env vars:
AIRFLOW_CTX_DAG_OWNER=admin
AIRFLOW_CTX_DAG_ID=main
AIRFLOW_CTX_TASK_ID=data.generate_group_data.generate_data_1
AIRFLOW_CTX_EXECUTION_DATE=2021-10-09T00:00:00+00:00
AIRFLOW_CTX_DAG_RUN_ID=scheduled__2021-10-09T00:00:00+00:00
[2021-10-10 17:31:52,452] {subprocess.py:52} INFO - Tmp dir root location: 
 /tmp
[2021-10-10 17:31:52,452] {subprocess.py:63} INFO - Running command: ['bash', '-c', '\n            set -x\n            source ${thisroot}/thisroot.sh\n            pwd\n            python ${code}/generatetuple.py ${type} ${nevents} ${base_dir}/${type}_${jobnumber}.root\n            ']
[2021-10-10 17:31:52,456] {subprocess.py:74} INFO - Output:
[2021-10-10 17:31:52,457] {subprocess.py:78} INFO - + source /home/abd/root/root/bin/thisroot.sh
[2021-10-10 17:31:52,458] {subprocess.py:78} INFO - ++ '[' -n '' ']'
[2021-10-10 17:31:52,458] {subprocess.py:78} INFO - ++ SOURCE=/home/abd/root/root/bin/thisroot.sh
[2021-10-10 17:31:52,458] {subprocess.py:78} INFO - ++ '[' x/home/abd/root/root/bin/thisroot.sh = x ']'
[2021-10-10 17:31:52,458] {subprocess.py:78} INFO - ++ '[' x/home/abd/root/root/bin/thisroot.sh = x ']'
[2021-10-10 17:31:52,458] {subprocess.py:78} INFO - +++ dirname /home/abd/root/root/bin/thisroot.sh
[2021-10-10 17:31:52,458] {subprocess.py:78} INFO - ++ thisroot=/home/abd/root/root/bin
[2021-10-10 17:31:52,459] {subprocess.py:78} INFO - +++ cd /home/abd/root/root/bin/..
[2021-10-10 17:31:52,459] {subprocess.py:78} INFO - +++ pwd
[2021-10-10 17:31:52,459] {subprocess.py:78} INFO - ++ ROOTSYS=/home/abd/root/root
[2021-10-10 17:31:52,459] {subprocess.py:78} INFO - ++ export ROOTSYS
[2021-10-10 17:31:52,459] {subprocess.py:78} INFO - ++ clean_environment
[2021-10-10 17:31:52,459] {subprocess.py:78} INFO - ++ '[' -n '' ']'
[2021-10-10 17:31:52,459] {subprocess.py:78} INFO - ++ '[' -z '' ']'
[2021-10-10 17:31:52,459] {subprocess.py:78} INFO - ++ command -v manpath
[2021-10-10 17:31:52,459] {subprocess.py:78} INFO - +++ manpath
[2021-10-10 17:31:52,460] {subprocess.py:78} INFO - manpath: warning: $PATH not set
[2021-10-10 17:31:52,460] {subprocess.py:78} INFO - ++ default_manpath=/usr/share/man:/usr/local/share/man
[2021-10-10 17:31:52,460] {subprocess.py:78} INFO - ++ set_environment
[2021-10-10 17:31:52,460] {subprocess.py:78} INFO - ++ '[' -z /usr/local/sbin:/usr/local/bin:/usr/sbin:/usr/bin:/sbin:/bin ']'
[2021-10-10 17:31:52,460] {subprocess.py:78} INFO - ++ PATH=/home/abd/root/root/bin:/usr/local/sbin:/usr/local/bin:/usr/sbin:/usr/bin:/sbin:/bin
[2021-10-10 17:31:52,460] {subprocess.py:78} INFO - ++ export PATH
[2021-10-10 17:31:52,460] {subprocess.py:78} INFO - ++ '[' -z '' ']'
[2021-10-10 17:31:52,460] {subprocess.py:78} INFO - ++ LD_LIBRARY_PATH=/home/abd/root/root/lib
[2021-10-10 17:31:52,460] {subprocess.py:78} INFO - ++ export LD_LIBRARY_PATH
[2021-10-10 17:31:52,460] {subprocess.py:78} INFO - ++ '[' -z '' ']'
[2021-10-10 17:31:52,460] {subprocess.py:78} INFO - ++ DYLD_LIBRARY_PATH=/home/abd/root/root/lib
[2021-10-10 17:31:52,460] {subprocess.py:78} INFO - ++ export DYLD_LIBRARY_PATH
[2021-10-10 17:31:52,460] {subprocess.py:78} INFO - ++ '[' -z '' ']'
[2021-10-10 17:31:52,460] {subprocess.py:78} INFO - ++ SHLIB_PATH=/home/abd/root/root/lib
[2021-10-10 17:31:52,460] {subprocess.py:78} INFO - ++ export SHLIB_PATH
[2021-10-10 17:31:52,460] {subprocess.py:78} INFO - ++ '[' -z '' ']'
[2021-10-10 17:31:52,460] {subprocess.py:78} INFO - ++ LIBPATH=/home/abd/root/root/lib
[2021-10-10 17:31:52,460] {subprocess.py:78} INFO - ++ export LIBPATH
[2021-10-10 17:31:52,461] {subprocess.py:78} INFO - ++ '[' -z '' ']'
[2021-10-10 17:31:52,461] {subprocess.py:78} INFO - ++ PYTHONPATH=/home/abd/root/root/lib
[2021-10-10 17:31:52,461] {subprocess.py:78} INFO - ++ export PYTHONPATH
[2021-10-10 17:31:52,461] {subprocess.py:78} INFO - ++ '[' -z '' ']'
[2021-10-10 17:31:52,461] {subprocess.py:78} INFO - ++ MANPATH=/home/abd/root/root/man:/usr/share/man:/usr/local/share/man
[2021-10-10 17:31:52,461] {subprocess.py:78} INFO - ++ export MANPATH
[2021-10-10 17:31:52,461] {subprocess.py:78} INFO - ++ '[' -z '' ']'
[2021-10-10 17:31:52,461] {subprocess.py:78} INFO - ++ CMAKE_PREFIX_PATH=/home/abd/root/root
[2021-10-10 17:31:52,461] {subprocess.py:78} INFO - ++ export CMAKE_PREFIX_PATH
[2021-10-10 17:31:52,461] {subprocess.py:78} INFO - ++ '[' -z '' ']'
[2021-10-10 17:31:52,461] {subprocess.py:78} INFO - ++ JUPYTER_PATH=/home/abd/root/root/etc/notebook
[2021-10-10 17:31:52,461] {subprocess.py:78} INFO - ++ export JUPYTER_PATH
[2021-10-10 17:31:52,461] {subprocess.py:78} INFO - ++ '[' -z '' ']'
[2021-10-10 17:31:52,461] {subprocess.py:78} INFO - ++ JUPYTER_CONFIG_DIR=/home/abd/root/root/etc/notebook
[2021-10-10 17:31:52,461] {subprocess.py:78} INFO - ++ export JUPYTER_CONFIG_DIR
[2021-10-10 17:31:52,461] {subprocess.py:78} INFO - ++ export CLING_STANDARD_PCH=none
[2021-10-10 17:31:52,461] {subprocess.py:78} INFO - ++ CLING_STANDARD_PCH=none
[2021-10-10 17:31:52,461] {subprocess.py:78} INFO - +++ root-config --arch
[2021-10-10 17:31:52,461] {subprocess.py:78} INFO - +++ grep -v win32gcc
[2021-10-10 17:31:52,461] {subprocess.py:78} INFO - +++ grep -i win32
[2021-10-10 17:31:52,471] {subprocess.py:78} INFO - ++ '[' x '!=' x ']'
[2021-10-10 17:31:52,471] {subprocess.py:78} INFO - ++ unset old_rootsys
[2021-10-10 17:31:52,471] {subprocess.py:78} INFO - ++ unset thisroot
[2021-10-10 17:31:52,471] {subprocess.py:78} INFO - ++ unset -f drop_from_path
[2021-10-10 17:31:52,471] {subprocess.py:78} INFO - ++ unset -f clean_environment
[2021-10-10 17:31:52,471] {subprocess.py:78} INFO - ++ unset -f set_environment
[2021-10-10 17:31:52,471] {subprocess.py:78} INFO - + pwd
[2021-10-10 17:31:52,472] {subprocess.py:78} INFO - /tmp/airflowtmpomc78d73
[2021-10-10 17:31:52,472] {subprocess.py:78} INFO - + python /home/abd/airflow/code/generatetuple.py data 20000 /home/abd/airflow/data/bsm-search/data_1.root
[2021-10-10 17:31:53,546] {subprocess.py:82} INFO - Command exited with return code 0
[2021-10-10 17:31:53,558] {taskinstance.py:1212} INFO - Marking task as SUCCESS. dag_id=main, task_id=data.generate_group_data.generate_data_1, execution_date=20211009T000000, start_date=20211010T143152, end_date=20211010T143153
[2021-10-10 17:31:53,580] {local_task_job.py:151} INFO - Task exited with return code 0
[2021-10-10 17:31:53,592] {local_task_job.py:261} INFO - 0 downstream tasks scheduled from follow-on schedule check
[2021-10-10 19:36:33,828] {taskinstance.py:903} INFO - Dependencies all met for <TaskInstance: main.data.generate_group_data.generate_data_1 2021-10-09T00:00:00+00:00 [queued]>
[2021-10-10 19:36:33,833] {taskinstance.py:903} INFO - Dependencies all met for <TaskInstance: main.data.generate_group_data.generate_data_1 2021-10-09T00:00:00+00:00 [queued]>
[2021-10-10 19:36:33,833] {taskinstance.py:1095} INFO - 
--------------------------------------------------------------------------------
[2021-10-10 19:36:33,833] {taskinstance.py:1096} INFO - Starting attempt 1 of 2
[2021-10-10 19:36:33,833] {taskinstance.py:1097} INFO - 
--------------------------------------------------------------------------------
[2021-10-10 19:36:33,841] {taskinstance.py:1115} INFO - Executing <Task(BashOperator): data.generate_group_data.generate_data_1> on 2021-10-09T00:00:00+00:00
[2021-10-10 19:36:33,842] {standard_task_runner.py:52} INFO - Started process 56086 to run task
[2021-10-10 19:36:33,845] {standard_task_runner.py:76} INFO - Running: ['airflow', 'tasks', 'run', 'main', 'data.generate_group_data.generate_data_1', '2021-10-09T00:00:00+00:00', '--job-id', '580', '--pool', 'default_pool', '--raw', '--subdir', 'DAGS_FOLDER/main.py', '--cfg-path', '/tmp/tmpjldowvhn', '--error-file', '/tmp/tmpwpsmixd1']
[2021-10-10 19:36:33,845] {standard_task_runner.py:77} INFO - Job 580: Subtask data.generate_group_data.generate_data_1
[2021-10-10 19:36:33,865] {logging_mixin.py:109} INFO - Running <TaskInstance: main.data.generate_group_data.generate_data_1 2021-10-09T00:00:00+00:00 [running]> on host abd
[2021-10-10 19:36:33,889] {taskinstance.py:1252} INFO - Exporting the following env vars:
AIRFLOW_CTX_DAG_OWNER=admin
AIRFLOW_CTX_DAG_ID=main
AIRFLOW_CTX_TASK_ID=data.generate_group_data.generate_data_1
AIRFLOW_CTX_EXECUTION_DATE=2021-10-09T00:00:00+00:00
AIRFLOW_CTX_DAG_RUN_ID=scheduled__2021-10-09T00:00:00+00:00
[2021-10-10 19:36:33,889] {subprocess.py:52} INFO - Tmp dir root location: 
 /tmp
[2021-10-10 19:36:33,890] {subprocess.py:63} INFO - Running command: ['bash', '-c', '\n            set -x\n            source ${thisroot}/thisroot.sh\n            pwd\n            python ${code}/generatetuple.py ${type} ${nevents} ${base_dir}/${type}_${jobnumber}.root\n            ']
[2021-10-10 19:36:33,893] {subprocess.py:74} INFO - Output:
[2021-10-10 19:36:33,894] {subprocess.py:78} INFO - + source /home/abd/root/root/bin/thisroot.sh
[2021-10-10 19:36:33,894] {subprocess.py:78} INFO - ++ '[' -n '' ']'
[2021-10-10 19:36:33,894] {subprocess.py:78} INFO - ++ SOURCE=/home/abd/root/root/bin/thisroot.sh
[2021-10-10 19:36:33,894] {subprocess.py:78} INFO - ++ '[' x/home/abd/root/root/bin/thisroot.sh = x ']'
[2021-10-10 19:36:33,895] {subprocess.py:78} INFO - ++ '[' x/home/abd/root/root/bin/thisroot.sh = x ']'
[2021-10-10 19:36:33,895] {subprocess.py:78} INFO - +++ dirname /home/abd/root/root/bin/thisroot.sh
[2021-10-10 19:36:33,895] {subprocess.py:78} INFO - ++ thisroot=/home/abd/root/root/bin
[2021-10-10 19:36:33,895] {subprocess.py:78} INFO - +++ cd /home/abd/root/root/bin/..
[2021-10-10 19:36:33,896] {subprocess.py:78} INFO - +++ pwd
[2021-10-10 19:36:33,896] {subprocess.py:78} INFO - ++ ROOTSYS=/home/abd/root/root
[2021-10-10 19:36:33,896] {subprocess.py:78} INFO - ++ export ROOTSYS
[2021-10-10 19:36:33,896] {subprocess.py:78} INFO - ++ clean_environment
[2021-10-10 19:36:33,896] {subprocess.py:78} INFO - ++ '[' -n '' ']'
[2021-10-10 19:36:33,896] {subprocess.py:78} INFO - ++ '[' -z '' ']'
[2021-10-10 19:36:33,896] {subprocess.py:78} INFO - ++ command -v manpath
[2021-10-10 19:36:33,896] {subprocess.py:78} INFO - +++ manpath
[2021-10-10 19:36:33,897] {subprocess.py:78} INFO - manpath: warning: $PATH not set
[2021-10-10 19:36:33,897] {subprocess.py:78} INFO - ++ default_manpath=/usr/share/man:/usr/local/share/man
[2021-10-10 19:36:33,897] {subprocess.py:78} INFO - ++ set_environment
[2021-10-10 19:36:33,897] {subprocess.py:78} INFO - ++ '[' -z /usr/local/sbin:/usr/local/bin:/usr/sbin:/usr/bin:/sbin:/bin ']'
[2021-10-10 19:36:33,897] {subprocess.py:78} INFO - ++ PATH=/home/abd/root/root/bin:/usr/local/sbin:/usr/local/bin:/usr/sbin:/usr/bin:/sbin:/bin
[2021-10-10 19:36:33,897] {subprocess.py:78} INFO - ++ export PATH
[2021-10-10 19:36:33,897] {subprocess.py:78} INFO - ++ '[' -z '' ']'
[2021-10-10 19:36:33,897] {subprocess.py:78} INFO - ++ LD_LIBRARY_PATH=/home/abd/root/root/lib
[2021-10-10 19:36:33,897] {subprocess.py:78} INFO - ++ export LD_LIBRARY_PATH
[2021-10-10 19:36:33,897] {subprocess.py:78} INFO - ++ '[' -z '' ']'
[2021-10-10 19:36:33,897] {subprocess.py:78} INFO - ++ DYLD_LIBRARY_PATH=/home/abd/root/root/lib
[2021-10-10 19:36:33,897] {subprocess.py:78} INFO - ++ export DYLD_LIBRARY_PATH
[2021-10-10 19:36:33,897] {subprocess.py:78} INFO - ++ '[' -z '' ']'
[2021-10-10 19:36:33,897] {subprocess.py:78} INFO - ++ SHLIB_PATH=/home/abd/root/root/lib
[2021-10-10 19:36:33,897] {subprocess.py:78} INFO - ++ export SHLIB_PATH
[2021-10-10 19:36:33,897] {subprocess.py:78} INFO - ++ '[' -z '' ']'
[2021-10-10 19:36:33,897] {subprocess.py:78} INFO - ++ LIBPATH=/home/abd/root/root/lib
[2021-10-10 19:36:33,897] {subprocess.py:78} INFO - ++ export LIBPATH
[2021-10-10 19:36:33,897] {subprocess.py:78} INFO - ++ '[' -z '' ']'
[2021-10-10 19:36:33,897] {subprocess.py:78} INFO - ++ PYTHONPATH=/home/abd/root/root/lib
[2021-10-10 19:36:33,897] {subprocess.py:78} INFO - ++ export PYTHONPATH
[2021-10-10 19:36:33,898] {subprocess.py:78} INFO - ++ '[' -z '' ']'
[2021-10-10 19:36:33,898] {subprocess.py:78} INFO - ++ MANPATH=/home/abd/root/root/man:/usr/share/man:/usr/local/share/man
[2021-10-10 19:36:33,898] {subprocess.py:78} INFO - ++ export MANPATH
[2021-10-10 19:36:33,898] {subprocess.py:78} INFO - ++ '[' -z '' ']'
[2021-10-10 19:36:33,898] {subprocess.py:78} INFO - ++ CMAKE_PREFIX_PATH=/home/abd/root/root
[2021-10-10 19:36:33,898] {subprocess.py:78} INFO - ++ export CMAKE_PREFIX_PATH
[2021-10-10 19:36:33,898] {subprocess.py:78} INFO - ++ '[' -z '' ']'
[2021-10-10 19:36:33,898] {subprocess.py:78} INFO - ++ JUPYTER_PATH=/home/abd/root/root/etc/notebook
[2021-10-10 19:36:33,898] {subprocess.py:78} INFO - ++ export JUPYTER_PATH
[2021-10-10 19:36:33,898] {subprocess.py:78} INFO - ++ '[' -z '' ']'
[2021-10-10 19:36:33,898] {subprocess.py:78} INFO - ++ JUPYTER_CONFIG_DIR=/home/abd/root/root/etc/notebook
[2021-10-10 19:36:33,898] {subprocess.py:78} INFO - ++ export JUPYTER_CONFIG_DIR
[2021-10-10 19:36:33,898] {subprocess.py:78} INFO - ++ export CLING_STANDARD_PCH=none
[2021-10-10 19:36:33,898] {subprocess.py:78} INFO - ++ CLING_STANDARD_PCH=none
[2021-10-10 19:36:33,898] {subprocess.py:78} INFO - +++ root-config --arch
[2021-10-10 19:36:33,898] {subprocess.py:78} INFO - +++ grep -v win32gcc
[2021-10-10 19:36:33,898] {subprocess.py:78} INFO - +++ grep -i win32
[2021-10-10 19:36:33,908] {subprocess.py:78} INFO - ++ '[' x '!=' x ']'
[2021-10-10 19:36:33,908] {subprocess.py:78} INFO - ++ unset old_rootsys
[2021-10-10 19:36:33,908] {subprocess.py:78} INFO - ++ unset thisroot
[2021-10-10 19:36:33,908] {subprocess.py:78} INFO - ++ unset -f drop_from_path
[2021-10-10 19:36:33,908] {subprocess.py:78} INFO - ++ unset -f clean_environment
[2021-10-10 19:36:33,908] {subprocess.py:78} INFO - ++ unset -f set_environment
[2021-10-10 19:36:33,908] {subprocess.py:78} INFO - + pwd
[2021-10-10 19:36:33,908] {subprocess.py:78} INFO - /tmp/airflowtmp9ww3ruj7
[2021-10-10 19:36:33,908] {subprocess.py:78} INFO - + python /home/abd/airflow/code/generatetuple.py data 20000 /home/abd/airflow/data/bsm-search/data_1.root
[2021-10-10 19:36:34,970] {subprocess.py:82} INFO - Command exited with return code 0
[2021-10-10 19:36:34,981] {taskinstance.py:1212} INFO - Marking task as SUCCESS. dag_id=main, task_id=data.generate_group_data.generate_data_1, execution_date=20211009T000000, start_date=20211010T163633, end_date=20211010T163634
[2021-10-10 19:36:35,019] {local_task_job.py:151} INFO - Task exited with return code 0
[2021-10-10 19:36:35,041] {local_task_job.py:261} INFO - 0 downstream tasks scheduled from follow-on schedule check
[2021-10-10 19:46:13,419] {taskinstance.py:903} INFO - Dependencies all met for <TaskInstance: main.data.generate_group_data.generate_data_1 2021-10-09T00:00:00+00:00 [queued]>
[2021-10-10 19:46:13,424] {taskinstance.py:903} INFO - Dependencies all met for <TaskInstance: main.data.generate_group_data.generate_data_1 2021-10-09T00:00:00+00:00 [queued]>
[2021-10-10 19:46:13,424] {taskinstance.py:1095} INFO - 
--------------------------------------------------------------------------------
[2021-10-10 19:46:13,424] {taskinstance.py:1096} INFO - Starting attempt 1 of 2
[2021-10-10 19:46:13,424] {taskinstance.py:1097} INFO - 
--------------------------------------------------------------------------------
[2021-10-10 19:46:13,431] {taskinstance.py:1115} INFO - Executing <Task(BashOperator): data.generate_group_data.generate_data_1> on 2021-10-09T00:00:00+00:00
[2021-10-10 19:46:13,433] {standard_task_runner.py:52} INFO - Started process 59384 to run task
[2021-10-10 19:46:13,436] {standard_task_runner.py:76} INFO - Running: ['airflow', 'tasks', 'run', 'main', 'data.generate_group_data.generate_data_1', '2021-10-09T00:00:00+00:00', '--job-id', '580', '--pool', 'default_pool', '--raw', '--subdir', 'DAGS_FOLDER/main.py', '--cfg-path', '/tmp/tmp4i1dqtyo', '--error-file', '/tmp/tmpoypfj4i_']
[2021-10-10 19:46:13,436] {standard_task_runner.py:77} INFO - Job 580: Subtask data.generate_group_data.generate_data_1
[2021-10-10 19:46:13,455] {logging_mixin.py:109} INFO - Running <TaskInstance: main.data.generate_group_data.generate_data_1 2021-10-09T00:00:00+00:00 [running]> on host abd
[2021-10-10 19:46:13,480] {taskinstance.py:1252} INFO - Exporting the following env vars:
AIRFLOW_CTX_DAG_OWNER=admin
AIRFLOW_CTX_DAG_ID=main
AIRFLOW_CTX_TASK_ID=data.generate_group_data.generate_data_1
AIRFLOW_CTX_EXECUTION_DATE=2021-10-09T00:00:00+00:00
AIRFLOW_CTX_DAG_RUN_ID=scheduled__2021-10-09T00:00:00+00:00
[2021-10-10 19:46:13,480] {subprocess.py:52} INFO - Tmp dir root location: 
 /tmp
[2021-10-10 19:46:13,481] {subprocess.py:63} INFO - Running command: ['bash', '-c', '\n            set -x\n            source ${thisroot}/thisroot.sh\n            pwd\n            python ${code}/generatetuple.py ${type} ${nevents} ${base_dir}/${type}_${jobnumber}.root\n            ']
[2021-10-10 19:46:13,484] {subprocess.py:74} INFO - Output:
[2021-10-10 19:46:13,485] {subprocess.py:78} INFO - + source /home/abd/root/root/bin/thisroot.sh
[2021-10-10 19:46:13,485] {subprocess.py:78} INFO - ++ '[' -n '' ']'
[2021-10-10 19:46:13,486] {subprocess.py:78} INFO - ++ SOURCE=/home/abd/root/root/bin/thisroot.sh
[2021-10-10 19:46:13,486] {subprocess.py:78} INFO - ++ '[' x/home/abd/root/root/bin/thisroot.sh = x ']'
[2021-10-10 19:46:13,486] {subprocess.py:78} INFO - ++ '[' x/home/abd/root/root/bin/thisroot.sh = x ']'
[2021-10-10 19:46:13,486] {subprocess.py:78} INFO - +++ dirname /home/abd/root/root/bin/thisroot.sh
[2021-10-10 19:46:13,486] {subprocess.py:78} INFO - ++ thisroot=/home/abd/root/root/bin
[2021-10-10 19:46:13,487] {subprocess.py:78} INFO - +++ cd /home/abd/root/root/bin/..
[2021-10-10 19:46:13,487] {subprocess.py:78} INFO - +++ pwd
[2021-10-10 19:46:13,487] {subprocess.py:78} INFO - ++ ROOTSYS=/home/abd/root/root
[2021-10-10 19:46:13,487] {subprocess.py:78} INFO - ++ export ROOTSYS
[2021-10-10 19:46:13,487] {subprocess.py:78} INFO - ++ clean_environment
[2021-10-10 19:46:13,487] {subprocess.py:78} INFO - ++ '[' -n '' ']'
[2021-10-10 19:46:13,487] {subprocess.py:78} INFO - ++ '[' -z '' ']'
[2021-10-10 19:46:13,487] {subprocess.py:78} INFO - ++ command -v manpath
[2021-10-10 19:46:13,487] {subprocess.py:78} INFO - +++ manpath
[2021-10-10 19:46:13,488] {subprocess.py:78} INFO - manpath: warning: $PATH not set
[2021-10-10 19:46:13,488] {subprocess.py:78} INFO - ++ default_manpath=/usr/share/man:/usr/local/share/man
[2021-10-10 19:46:13,488] {subprocess.py:78} INFO - ++ set_environment
[2021-10-10 19:46:13,488] {subprocess.py:78} INFO - ++ '[' -z /usr/local/sbin:/usr/local/bin:/usr/sbin:/usr/bin:/sbin:/bin ']'
[2021-10-10 19:46:13,488] {subprocess.py:78} INFO - ++ PATH=/home/abd/root/root/bin:/usr/local/sbin:/usr/local/bin:/usr/sbin:/usr/bin:/sbin:/bin
[2021-10-10 19:46:13,488] {subprocess.py:78} INFO - ++ export PATH
[2021-10-10 19:46:13,488] {subprocess.py:78} INFO - ++ '[' -z '' ']'
[2021-10-10 19:46:13,488] {subprocess.py:78} INFO - ++ LD_LIBRARY_PATH=/home/abd/root/root/lib
[2021-10-10 19:46:13,488] {subprocess.py:78} INFO - ++ export LD_LIBRARY_PATH
[2021-10-10 19:46:13,488] {subprocess.py:78} INFO - ++ '[' -z '' ']'
[2021-10-10 19:46:13,488] {subprocess.py:78} INFO - ++ DYLD_LIBRARY_PATH=/home/abd/root/root/lib
[2021-10-10 19:46:13,488] {subprocess.py:78} INFO - ++ export DYLD_LIBRARY_PATH
[2021-10-10 19:46:13,488] {subprocess.py:78} INFO - ++ '[' -z '' ']'
[2021-10-10 19:46:13,488] {subprocess.py:78} INFO - ++ SHLIB_PATH=/home/abd/root/root/lib
[2021-10-10 19:46:13,488] {subprocess.py:78} INFO - ++ export SHLIB_PATH
[2021-10-10 19:46:13,488] {subprocess.py:78} INFO - ++ '[' -z '' ']'
[2021-10-10 19:46:13,488] {subprocess.py:78} INFO - ++ LIBPATH=/home/abd/root/root/lib
[2021-10-10 19:46:13,488] {subprocess.py:78} INFO - ++ export LIBPATH
[2021-10-10 19:46:13,489] {subprocess.py:78} INFO - ++ '[' -z '' ']'
[2021-10-10 19:46:13,489] {subprocess.py:78} INFO - ++ PYTHONPATH=/home/abd/root/root/lib
[2021-10-10 19:46:13,489] {subprocess.py:78} INFO - ++ export PYTHONPATH
[2021-10-10 19:46:13,489] {subprocess.py:78} INFO - ++ '[' -z '' ']'
[2021-10-10 19:46:13,489] {subprocess.py:78} INFO - ++ MANPATH=/home/abd/root/root/man:/usr/share/man:/usr/local/share/man
[2021-10-10 19:46:13,489] {subprocess.py:78} INFO - ++ export MANPATH
[2021-10-10 19:46:13,489] {subprocess.py:78} INFO - ++ '[' -z '' ']'
[2021-10-10 19:46:13,489] {subprocess.py:78} INFO - ++ CMAKE_PREFIX_PATH=/home/abd/root/root
[2021-10-10 19:46:13,489] {subprocess.py:78} INFO - ++ export CMAKE_PREFIX_PATH
[2021-10-10 19:46:13,489] {subprocess.py:78} INFO - ++ '[' -z '' ']'
[2021-10-10 19:46:13,489] {subprocess.py:78} INFO - ++ JUPYTER_PATH=/home/abd/root/root/etc/notebook
[2021-10-10 19:46:13,489] {subprocess.py:78} INFO - ++ export JUPYTER_PATH
[2021-10-10 19:46:13,489] {subprocess.py:78} INFO - ++ '[' -z '' ']'
[2021-10-10 19:46:13,489] {subprocess.py:78} INFO - ++ JUPYTER_CONFIG_DIR=/home/abd/root/root/etc/notebook
[2021-10-10 19:46:13,489] {subprocess.py:78} INFO - ++ export JUPYTER_CONFIG_DIR
[2021-10-10 19:46:13,489] {subprocess.py:78} INFO - ++ export CLING_STANDARD_PCH=none
[2021-10-10 19:46:13,489] {subprocess.py:78} INFO - ++ CLING_STANDARD_PCH=none
[2021-10-10 19:46:13,489] {subprocess.py:78} INFO - +++ root-config --arch
[2021-10-10 19:46:13,489] {subprocess.py:78} INFO - +++ grep -v win32gcc
[2021-10-10 19:46:13,489] {subprocess.py:78} INFO - +++ grep -i win32
[2021-10-10 19:46:13,499] {subprocess.py:78} INFO - ++ '[' x '!=' x ']'
[2021-10-10 19:46:13,499] {subprocess.py:78} INFO - ++ unset old_rootsys
[2021-10-10 19:46:13,499] {subprocess.py:78} INFO - ++ unset thisroot
[2021-10-10 19:46:13,499] {subprocess.py:78} INFO - ++ unset -f drop_from_path
[2021-10-10 19:46:13,499] {subprocess.py:78} INFO - ++ unset -f clean_environment
[2021-10-10 19:46:13,500] {subprocess.py:78} INFO - ++ unset -f set_environment
[2021-10-10 19:46:13,500] {subprocess.py:78} INFO - + pwd
[2021-10-10 19:46:13,500] {subprocess.py:78} INFO - /tmp/airflowtmpw8n6jndw
[2021-10-10 19:46:13,500] {subprocess.py:78} INFO - + python /home/abd/airflow/code/generatetuple.py data 20000 /home/abd/airflow/data/bsm-search/data_1.root
[2021-10-10 19:46:14,568] {subprocess.py:82} INFO - Command exited with return code 0
[2021-10-10 19:46:14,580] {taskinstance.py:1212} INFO - Marking task as SUCCESS. dag_id=main, task_id=data.generate_group_data.generate_data_1, execution_date=20211009T000000, start_date=20211010T164613, end_date=20211010T164614
[2021-10-10 19:46:14,610] {local_task_job.py:151} INFO - Task exited with return code 0
[2021-10-10 19:46:14,621] {local_task_job.py:261} INFO - 0 downstream tasks scheduled from follow-on schedule check
[2021-10-10 19:56:05,645] {taskinstance.py:903} INFO - Dependencies all met for <TaskInstance: main.data.generate_group_data.generate_data_1 2021-10-09T00:00:00+00:00 [queued]>
[2021-10-10 19:56:05,652] {taskinstance.py:903} INFO - Dependencies all met for <TaskInstance: main.data.generate_group_data.generate_data_1 2021-10-09T00:00:00+00:00 [queued]>
[2021-10-10 19:56:05,652] {taskinstance.py:1095} INFO - 
--------------------------------------------------------------------------------
[2021-10-10 19:56:05,652] {taskinstance.py:1096} INFO - Starting attempt 1 of 2
[2021-10-10 19:56:05,652] {taskinstance.py:1097} INFO - 
--------------------------------------------------------------------------------
[2021-10-10 19:56:05,659] {taskinstance.py:1115} INFO - Executing <Task(BashOperator): data.generate_group_data.generate_data_1> on 2021-10-09T00:00:00+00:00
[2021-10-10 19:56:05,661] {standard_task_runner.py:52} INFO - Started process 62987 to run task
[2021-10-10 19:56:05,664] {standard_task_runner.py:76} INFO - Running: ['airflow', 'tasks', 'run', 'main', 'data.generate_group_data.generate_data_1', '2021-10-09T00:00:00+00:00', '--job-id', '581', '--pool', 'default_pool', '--raw', '--subdir', 'DAGS_FOLDER/main.py', '--cfg-path', '/tmp/tmp3l4jdnwm', '--error-file', '/tmp/tmp115ehjnc']
[2021-10-10 19:56:05,664] {standard_task_runner.py:77} INFO - Job 581: Subtask data.generate_group_data.generate_data_1
[2021-10-10 19:56:05,699] {logging_mixin.py:109} INFO - Running <TaskInstance: main.data.generate_group_data.generate_data_1 2021-10-09T00:00:00+00:00 [running]> on host abd
[2021-10-10 19:56:05,726] {taskinstance.py:1252} INFO - Exporting the following env vars:
AIRFLOW_CTX_DAG_OWNER=admin
AIRFLOW_CTX_DAG_ID=main
AIRFLOW_CTX_TASK_ID=data.generate_group_data.generate_data_1
AIRFLOW_CTX_EXECUTION_DATE=2021-10-09T00:00:00+00:00
AIRFLOW_CTX_DAG_RUN_ID=scheduled__2021-10-09T00:00:00+00:00
[2021-10-10 19:56:05,726] {subprocess.py:52} INFO - Tmp dir root location: 
 /tmp
[2021-10-10 19:56:05,727] {subprocess.py:63} INFO - Running command: ['bash', '-c', '\n            set -x\n            source ${thisroot}/thisroot.sh\n            pwd\n            python ${code}/generatetuple.py ${type} ${nevents} ${base_dir}/${type}_${jobnumber}.root\n            ']
[2021-10-10 19:56:05,730] {subprocess.py:74} INFO - Output:
[2021-10-10 19:56:05,731] {subprocess.py:78} INFO - + source /home/abd/root/root/bin/thisroot.sh
[2021-10-10 19:56:05,732] {subprocess.py:78} INFO - ++ '[' -n '' ']'
[2021-10-10 19:56:05,732] {subprocess.py:78} INFO - ++ SOURCE=/home/abd/root/root/bin/thisroot.sh
[2021-10-10 19:56:05,732] {subprocess.py:78} INFO - ++ '[' x/home/abd/root/root/bin/thisroot.sh = x ']'
[2021-10-10 19:56:05,732] {subprocess.py:78} INFO - ++ '[' x/home/abd/root/root/bin/thisroot.sh = x ']'
[2021-10-10 19:56:05,732] {subprocess.py:78} INFO - +++ dirname /home/abd/root/root/bin/thisroot.sh
[2021-10-10 19:56:05,732] {subprocess.py:78} INFO - ++ thisroot=/home/abd/root/root/bin
[2021-10-10 19:56:05,733] {subprocess.py:78} INFO - +++ cd /home/abd/root/root/bin/..
[2021-10-10 19:56:05,733] {subprocess.py:78} INFO - +++ pwd
[2021-10-10 19:56:05,733] {subprocess.py:78} INFO - ++ ROOTSYS=/home/abd/root/root
[2021-10-10 19:56:05,733] {subprocess.py:78} INFO - ++ export ROOTSYS
[2021-10-10 19:56:05,733] {subprocess.py:78} INFO - ++ clean_environment
[2021-10-10 19:56:05,733] {subprocess.py:78} INFO - ++ '[' -n '' ']'
[2021-10-10 19:56:05,733] {subprocess.py:78} INFO - ++ '[' -z '' ']'
[2021-10-10 19:56:05,733] {subprocess.py:78} INFO - ++ command -v manpath
[2021-10-10 19:56:05,733] {subprocess.py:78} INFO - +++ manpath
[2021-10-10 19:56:05,734] {subprocess.py:78} INFO - manpath: warning: $PATH not set
[2021-10-10 19:56:05,734] {subprocess.py:78} INFO - ++ default_manpath=/usr/share/man:/usr/local/share/man
[2021-10-10 19:56:05,734] {subprocess.py:78} INFO - ++ set_environment
[2021-10-10 19:56:05,734] {subprocess.py:78} INFO - ++ '[' -z /usr/local/sbin:/usr/local/bin:/usr/sbin:/usr/bin:/sbin:/bin ']'
[2021-10-10 19:56:05,734] {subprocess.py:78} INFO - ++ PATH=/home/abd/root/root/bin:/usr/local/sbin:/usr/local/bin:/usr/sbin:/usr/bin:/sbin:/bin
[2021-10-10 19:56:05,734] {subprocess.py:78} INFO - ++ export PATH
[2021-10-10 19:56:05,734] {subprocess.py:78} INFO - ++ '[' -z '' ']'
[2021-10-10 19:56:05,734] {subprocess.py:78} INFO - ++ LD_LIBRARY_PATH=/home/abd/root/root/lib
[2021-10-10 19:56:05,734] {subprocess.py:78} INFO - ++ export LD_LIBRARY_PATH
[2021-10-10 19:56:05,734] {subprocess.py:78} INFO - ++ '[' -z '' ']'
[2021-10-10 19:56:05,734] {subprocess.py:78} INFO - ++ DYLD_LIBRARY_PATH=/home/abd/root/root/lib
[2021-10-10 19:56:05,734] {subprocess.py:78} INFO - ++ export DYLD_LIBRARY_PATH
[2021-10-10 19:56:05,734] {subprocess.py:78} INFO - ++ '[' -z '' ']'
[2021-10-10 19:56:05,734] {subprocess.py:78} INFO - ++ SHLIB_PATH=/home/abd/root/root/lib
[2021-10-10 19:56:05,734] {subprocess.py:78} INFO - ++ export SHLIB_PATH
[2021-10-10 19:56:05,735] {subprocess.py:78} INFO - ++ '[' -z '' ']'
[2021-10-10 19:56:05,735] {subprocess.py:78} INFO - ++ LIBPATH=/home/abd/root/root/lib
[2021-10-10 19:56:05,735] {subprocess.py:78} INFO - ++ export LIBPATH
[2021-10-10 19:56:05,735] {subprocess.py:78} INFO - ++ '[' -z '' ']'
[2021-10-10 19:56:05,735] {subprocess.py:78} INFO - ++ PYTHONPATH=/home/abd/root/root/lib
[2021-10-10 19:56:05,735] {subprocess.py:78} INFO - ++ export PYTHONPATH
[2021-10-10 19:56:05,735] {subprocess.py:78} INFO - ++ '[' -z '' ']'
[2021-10-10 19:56:05,735] {subprocess.py:78} INFO - ++ MANPATH=/home/abd/root/root/man:/usr/share/man:/usr/local/share/man
[2021-10-10 19:56:05,735] {subprocess.py:78} INFO - ++ export MANPATH
[2021-10-10 19:56:05,735] {subprocess.py:78} INFO - ++ '[' -z '' ']'
[2021-10-10 19:56:05,735] {subprocess.py:78} INFO - ++ CMAKE_PREFIX_PATH=/home/abd/root/root
[2021-10-10 19:56:05,735] {subprocess.py:78} INFO - ++ export CMAKE_PREFIX_PATH
[2021-10-10 19:56:05,735] {subprocess.py:78} INFO - ++ '[' -z '' ']'
[2021-10-10 19:56:05,735] {subprocess.py:78} INFO - ++ JUPYTER_PATH=/home/abd/root/root/etc/notebook
[2021-10-10 19:56:05,735] {subprocess.py:78} INFO - ++ export JUPYTER_PATH
[2021-10-10 19:56:05,735] {subprocess.py:78} INFO - ++ '[' -z '' ']'
[2021-10-10 19:56:05,735] {subprocess.py:78} INFO - ++ JUPYTER_CONFIG_DIR=/home/abd/root/root/etc/notebook
[2021-10-10 19:56:05,735] {subprocess.py:78} INFO - ++ export JUPYTER_CONFIG_DIR
[2021-10-10 19:56:05,735] {subprocess.py:78} INFO - ++ export CLING_STANDARD_PCH=none
[2021-10-10 19:56:05,735] {subprocess.py:78} INFO - ++ CLING_STANDARD_PCH=none
[2021-10-10 19:56:05,735] {subprocess.py:78} INFO - +++ root-config --arch
[2021-10-10 19:56:05,735] {subprocess.py:78} INFO - +++ grep -v win32gcc
[2021-10-10 19:56:05,736] {subprocess.py:78} INFO - +++ grep -i win32
[2021-10-10 19:56:05,745] {subprocess.py:78} INFO - ++ '[' x '!=' x ']'
[2021-10-10 19:56:05,745] {subprocess.py:78} INFO - ++ unset old_rootsys
[2021-10-10 19:56:05,745] {subprocess.py:78} INFO - ++ unset thisroot
[2021-10-10 19:56:05,745] {subprocess.py:78} INFO - ++ unset -f drop_from_path
[2021-10-10 19:56:05,746] {subprocess.py:78} INFO - ++ unset -f clean_environment
[2021-10-10 19:56:05,746] {subprocess.py:78} INFO - ++ unset -f set_environment
[2021-10-10 19:56:05,746] {subprocess.py:78} INFO - + pwd
[2021-10-10 19:56:05,746] {subprocess.py:78} INFO - /tmp/airflowtmpiazmw1uf
[2021-10-10 19:56:05,746] {subprocess.py:78} INFO - + python /home/abd/airflow/code/generatetuple.py data 20000 /home/abd/airflow/data/bsm-search/data_1.root
[2021-10-10 19:56:06,799] {subprocess.py:82} INFO - Command exited with return code 0
[2021-10-10 19:56:06,811] {taskinstance.py:1212} INFO - Marking task as SUCCESS. dag_id=main, task_id=data.generate_group_data.generate_data_1, execution_date=20211009T000000, start_date=20211010T165605, end_date=20211010T165606
[2021-10-10 19:56:06,838] {local_task_job.py:151} INFO - Task exited with return code 0
[2021-10-10 19:56:06,863] {local_task_job.py:261} INFO - 0 downstream tasks scheduled from follow-on schedule check
[2021-10-10 20:17:37,846] {taskinstance.py:903} INFO - Dependencies all met for <TaskInstance: main.data.generate_group_data.generate_data_1 2021-10-09T00:00:00+00:00 [queued]>
[2021-10-10 20:17:37,854] {taskinstance.py:903} INFO - Dependencies all met for <TaskInstance: main.data.generate_group_data.generate_data_1 2021-10-09T00:00:00+00:00 [queued]>
[2021-10-10 20:17:37,854] {taskinstance.py:1095} INFO - 
--------------------------------------------------------------------------------
[2021-10-10 20:17:37,854] {taskinstance.py:1096} INFO - Starting attempt 1 of 2
[2021-10-10 20:17:37,854] {taskinstance.py:1097} INFO - 
--------------------------------------------------------------------------------
[2021-10-10 20:17:37,861] {taskinstance.py:1115} INFO - Executing <Task(BashOperator): data.generate_group_data.generate_data_1> on 2021-10-09T00:00:00+00:00
[2021-10-10 20:17:37,864] {standard_task_runner.py:52} INFO - Started process 10160 to run task
[2021-10-10 20:17:37,867] {standard_task_runner.py:76} INFO - Running: ['airflow', 'tasks', 'run', 'main', 'data.generate_group_data.generate_data_1', '2021-10-09T00:00:00+00:00', '--job-id', '582', '--pool', 'default_pool', '--raw', '--subdir', 'DAGS_FOLDER/main.py', '--cfg-path', '/tmp/tmpv4lsuhhb', '--error-file', '/tmp/tmpunc3552o']
[2021-10-10 20:17:37,867] {standard_task_runner.py:77} INFO - Job 582: Subtask data.generate_group_data.generate_data_1
[2021-10-10 20:17:37,892] {logging_mixin.py:109} INFO - Running <TaskInstance: main.data.generate_group_data.generate_data_1 2021-10-09T00:00:00+00:00 [running]> on host abd
[2021-10-10 20:17:37,920] {taskinstance.py:1252} INFO - Exporting the following env vars:
AIRFLOW_CTX_DAG_OWNER=admin
AIRFLOW_CTX_DAG_ID=main
AIRFLOW_CTX_TASK_ID=data.generate_group_data.generate_data_1
AIRFLOW_CTX_EXECUTION_DATE=2021-10-09T00:00:00+00:00
AIRFLOW_CTX_DAG_RUN_ID=scheduled__2021-10-09T00:00:00+00:00
[2021-10-10 20:17:37,920] {subprocess.py:52} INFO - Tmp dir root location: 
 /tmp
[2021-10-10 20:17:37,921] {subprocess.py:63} INFO - Running command: ['bash', '-c', '\n            set -x\n            source ${thisroot}/thisroot.sh\n            pwd\n            python ${code}/generatetuple.py ${type} ${nevents} ${base_dir}/${type}_${jobnumber}.root\n            ']
[2021-10-10 20:17:37,925] {subprocess.py:74} INFO - Output:
[2021-10-10 20:17:37,926] {subprocess.py:78} INFO - + source /home/abd/root/root/bin/thisroot.sh
[2021-10-10 20:17:37,926] {subprocess.py:78} INFO - ++ '[' -n '' ']'
[2021-10-10 20:17:37,926] {subprocess.py:78} INFO - ++ SOURCE=/home/abd/root/root/bin/thisroot.sh
[2021-10-10 20:17:37,926] {subprocess.py:78} INFO - ++ '[' x/home/abd/root/root/bin/thisroot.sh = x ']'
[2021-10-10 20:17:37,927] {subprocess.py:78} INFO - ++ '[' x/home/abd/root/root/bin/thisroot.sh = x ']'
[2021-10-10 20:17:37,927] {subprocess.py:78} INFO - +++ dirname /home/abd/root/root/bin/thisroot.sh
[2021-10-10 20:17:37,927] {subprocess.py:78} INFO - ++ thisroot=/home/abd/root/root/bin
[2021-10-10 20:17:37,927] {subprocess.py:78} INFO - +++ cd /home/abd/root/root/bin/..
[2021-10-10 20:17:37,928] {subprocess.py:78} INFO - +++ pwd
[2021-10-10 20:17:37,928] {subprocess.py:78} INFO - ++ ROOTSYS=/home/abd/root/root
[2021-10-10 20:17:37,928] {subprocess.py:78} INFO - ++ export ROOTSYS
[2021-10-10 20:17:37,928] {subprocess.py:78} INFO - ++ clean_environment
[2021-10-10 20:17:37,928] {subprocess.py:78} INFO - ++ '[' -n '' ']'
[2021-10-10 20:17:37,928] {subprocess.py:78} INFO - ++ '[' -z '' ']'
[2021-10-10 20:17:37,928] {subprocess.py:78} INFO - ++ command -v manpath
[2021-10-10 20:17:37,928] {subprocess.py:78} INFO - +++ manpath
[2021-10-10 20:17:37,929] {subprocess.py:78} INFO - manpath: warning: $PATH not set
[2021-10-10 20:17:37,929] {subprocess.py:78} INFO - ++ default_manpath=/usr/share/man:/usr/local/share/man
[2021-10-10 20:17:37,929] {subprocess.py:78} INFO - ++ set_environment
[2021-10-10 20:17:37,929] {subprocess.py:78} INFO - ++ '[' -z /usr/local/sbin:/usr/local/bin:/usr/sbin:/usr/bin:/sbin:/bin ']'
[2021-10-10 20:17:37,929] {subprocess.py:78} INFO - ++ PATH=/home/abd/root/root/bin:/usr/local/sbin:/usr/local/bin:/usr/sbin:/usr/bin:/sbin:/bin
[2021-10-10 20:17:37,929] {subprocess.py:78} INFO - ++ export PATH
[2021-10-10 20:17:37,929] {subprocess.py:78} INFO - ++ '[' -z '' ']'
[2021-10-10 20:17:37,929] {subprocess.py:78} INFO - ++ LD_LIBRARY_PATH=/home/abd/root/root/lib
[2021-10-10 20:17:37,929] {subprocess.py:78} INFO - ++ export LD_LIBRARY_PATH
[2021-10-10 20:17:37,929] {subprocess.py:78} INFO - ++ '[' -z '' ']'
[2021-10-10 20:17:37,929] {subprocess.py:78} INFO - ++ DYLD_LIBRARY_PATH=/home/abd/root/root/lib
[2021-10-10 20:17:37,929] {subprocess.py:78} INFO - ++ export DYLD_LIBRARY_PATH
[2021-10-10 20:17:37,930] {subprocess.py:78} INFO - ++ '[' -z '' ']'
[2021-10-10 20:17:37,930] {subprocess.py:78} INFO - ++ SHLIB_PATH=/home/abd/root/root/lib
[2021-10-10 20:17:37,930] {subprocess.py:78} INFO - ++ export SHLIB_PATH
[2021-10-10 20:17:37,930] {subprocess.py:78} INFO - ++ '[' -z '' ']'
[2021-10-10 20:17:37,930] {subprocess.py:78} INFO - ++ LIBPATH=/home/abd/root/root/lib
[2021-10-10 20:17:37,930] {subprocess.py:78} INFO - ++ export LIBPATH
[2021-10-10 20:17:37,930] {subprocess.py:78} INFO - ++ '[' -z '' ']'
[2021-10-10 20:17:37,930] {subprocess.py:78} INFO - ++ PYTHONPATH=/home/abd/root/root/lib
[2021-10-10 20:17:37,930] {subprocess.py:78} INFO - ++ export PYTHONPATH
[2021-10-10 20:17:37,930] {subprocess.py:78} INFO - ++ '[' -z '' ']'
[2021-10-10 20:17:37,930] {subprocess.py:78} INFO - ++ MANPATH=/home/abd/root/root/man:/usr/share/man:/usr/local/share/man
[2021-10-10 20:17:37,930] {subprocess.py:78} INFO - ++ export MANPATH
[2021-10-10 20:17:37,930] {subprocess.py:78} INFO - ++ '[' -z '' ']'
[2021-10-10 20:17:37,930] {subprocess.py:78} INFO - ++ CMAKE_PREFIX_PATH=/home/abd/root/root
[2021-10-10 20:17:37,930] {subprocess.py:78} INFO - ++ export CMAKE_PREFIX_PATH
[2021-10-10 20:17:37,930] {subprocess.py:78} INFO - ++ '[' -z '' ']'
[2021-10-10 20:17:37,930] {subprocess.py:78} INFO - ++ JUPYTER_PATH=/home/abd/root/root/etc/notebook
[2021-10-10 20:17:37,930] {subprocess.py:78} INFO - ++ export JUPYTER_PATH
[2021-10-10 20:17:37,930] {subprocess.py:78} INFO - ++ '[' -z '' ']'
[2021-10-10 20:17:37,930] {subprocess.py:78} INFO - ++ JUPYTER_CONFIG_DIR=/home/abd/root/root/etc/notebook
[2021-10-10 20:17:37,930] {subprocess.py:78} INFO - ++ export JUPYTER_CONFIG_DIR
[2021-10-10 20:17:37,931] {subprocess.py:78} INFO - ++ export CLING_STANDARD_PCH=none
[2021-10-10 20:17:37,931] {subprocess.py:78} INFO - ++ CLING_STANDARD_PCH=none
[2021-10-10 20:17:37,931] {subprocess.py:78} INFO - +++ root-config --arch
[2021-10-10 20:17:37,931] {subprocess.py:78} INFO - +++ grep -v win32gcc
[2021-10-10 20:17:37,931] {subprocess.py:78} INFO - +++ grep -i win32
[2021-10-10 20:17:37,941] {subprocess.py:78} INFO - ++ '[' x '!=' x ']'
[2021-10-10 20:17:37,942] {subprocess.py:78} INFO - ++ unset old_rootsys
[2021-10-10 20:17:37,942] {subprocess.py:78} INFO - ++ unset thisroot
[2021-10-10 20:17:37,942] {subprocess.py:78} INFO - ++ unset -f drop_from_path
[2021-10-10 20:17:37,942] {subprocess.py:78} INFO - ++ unset -f clean_environment
[2021-10-10 20:17:37,942] {subprocess.py:78} INFO - ++ unset -f set_environment
[2021-10-10 20:17:37,942] {subprocess.py:78} INFO - + pwd
[2021-10-10 20:17:37,942] {subprocess.py:78} INFO - /tmp/airflowtmp_9hzpp1u
[2021-10-10 20:17:37,942] {subprocess.py:78} INFO - + python /home/abd/airflow/code/generatetuple.py data 20000 /home/abd/airflow/data/bsm-search/data_1.root
[2021-10-10 20:17:39,044] {subprocess.py:82} INFO - Command exited with return code 0
[2021-10-10 20:17:39,057] {taskinstance.py:1212} INFO - Marking task as SUCCESS. dag_id=main, task_id=data.generate_group_data.generate_data_1, execution_date=20211009T000000, start_date=20211010T171737, end_date=20211010T171739
[2021-10-10 20:17:39,080] {local_task_job.py:151} INFO - Task exited with return code 0
[2021-10-10 20:17:39,093] {local_task_job.py:261} INFO - 0 downstream tasks scheduled from follow-on schedule check
[2021-10-10 20:37:00,438] {taskinstance.py:903} INFO - Dependencies all met for <TaskInstance: main.data.generate_group_data.generate_data_1 2021-10-09T00:00:00+00:00 [queued]>
[2021-10-10 20:37:00,444] {taskinstance.py:903} INFO - Dependencies all met for <TaskInstance: main.data.generate_group_data.generate_data_1 2021-10-09T00:00:00+00:00 [queued]>
[2021-10-10 20:37:00,444] {taskinstance.py:1095} INFO - 
--------------------------------------------------------------------------------
[2021-10-10 20:37:00,444] {taskinstance.py:1096} INFO - Starting attempt 1 of 2
[2021-10-10 20:37:00,444] {taskinstance.py:1097} INFO - 
--------------------------------------------------------------------------------
[2021-10-10 20:37:00,452] {taskinstance.py:1115} INFO - Executing <Task(BashOperator): data.generate_group_data.generate_data_1> on 2021-10-09T00:00:00+00:00
[2021-10-10 20:37:00,454] {standard_task_runner.py:52} INFO - Started process 14541 to run task
[2021-10-10 20:37:00,457] {standard_task_runner.py:76} INFO - Running: ['airflow', 'tasks', 'run', 'main', 'data.generate_group_data.generate_data_1', '2021-10-09T00:00:00+00:00', '--job-id', '582', '--pool', 'default_pool', '--raw', '--subdir', 'DAGS_FOLDER/main.py', '--cfg-path', '/tmp/tmpf57vtt5l', '--error-file', '/tmp/tmpj3weame6']
[2021-10-10 20:37:00,458] {standard_task_runner.py:77} INFO - Job 582: Subtask data.generate_group_data.generate_data_1
[2021-10-10 20:37:00,476] {logging_mixin.py:109} INFO - Running <TaskInstance: main.data.generate_group_data.generate_data_1 2021-10-09T00:00:00+00:00 [running]> on host abd
[2021-10-10 20:37:00,501] {taskinstance.py:1252} INFO - Exporting the following env vars:
AIRFLOW_CTX_DAG_OWNER=admin
AIRFLOW_CTX_DAG_ID=main
AIRFLOW_CTX_TASK_ID=data.generate_group_data.generate_data_1
AIRFLOW_CTX_EXECUTION_DATE=2021-10-09T00:00:00+00:00
AIRFLOW_CTX_DAG_RUN_ID=scheduled__2021-10-09T00:00:00+00:00
[2021-10-10 20:37:00,501] {subprocess.py:52} INFO - Tmp dir root location: 
 /tmp
[2021-10-10 20:37:00,501] {subprocess.py:63} INFO - Running command: ['bash', '-c', '\n            set -x\n            source ${thisroot}/thisroot.sh\n            pwd\n            python ${code}/generatetuple.py ${type} ${nevents} ${base_dir}/${type}_${jobnumber}.root\n            ']
[2021-10-10 20:37:00,505] {subprocess.py:74} INFO - Output:
[2021-10-10 20:37:00,506] {subprocess.py:78} INFO - + source /home/abd/root/root/bin/thisroot.sh
[2021-10-10 20:37:00,506] {subprocess.py:78} INFO - ++ '[' -n '' ']'
[2021-10-10 20:37:00,506] {subprocess.py:78} INFO - ++ SOURCE=/home/abd/root/root/bin/thisroot.sh
[2021-10-10 20:37:00,506] {subprocess.py:78} INFO - ++ '[' x/home/abd/root/root/bin/thisroot.sh = x ']'
[2021-10-10 20:37:00,506] {subprocess.py:78} INFO - ++ '[' x/home/abd/root/root/bin/thisroot.sh = x ']'
[2021-10-10 20:37:00,506] {subprocess.py:78} INFO - +++ dirname /home/abd/root/root/bin/thisroot.sh
[2021-10-10 20:37:00,507] {subprocess.py:78} INFO - ++ thisroot=/home/abd/root/root/bin
[2021-10-10 20:37:00,507] {subprocess.py:78} INFO - +++ cd /home/abd/root/root/bin/..
[2021-10-10 20:37:00,507] {subprocess.py:78} INFO - +++ pwd
[2021-10-10 20:37:00,508] {subprocess.py:78} INFO - ++ ROOTSYS=/home/abd/root/root
[2021-10-10 20:37:00,508] {subprocess.py:78} INFO - ++ export ROOTSYS
[2021-10-10 20:37:00,508] {subprocess.py:78} INFO - ++ clean_environment
[2021-10-10 20:37:00,508] {subprocess.py:78} INFO - ++ '[' -n '' ']'
[2021-10-10 20:37:00,508] {subprocess.py:78} INFO - ++ '[' -z '' ']'
[2021-10-10 20:37:00,508] {subprocess.py:78} INFO - ++ command -v manpath
[2021-10-10 20:37:00,508] {subprocess.py:78} INFO - +++ manpath
[2021-10-10 20:37:00,509] {subprocess.py:78} INFO - manpath: warning: $PATH not set
[2021-10-10 20:37:00,509] {subprocess.py:78} INFO - ++ default_manpath=/usr/share/man:/usr/local/share/man
[2021-10-10 20:37:00,509] {subprocess.py:78} INFO - ++ set_environment
[2021-10-10 20:37:00,509] {subprocess.py:78} INFO - ++ '[' -z /usr/local/sbin:/usr/local/bin:/usr/sbin:/usr/bin:/sbin:/bin ']'
[2021-10-10 20:37:00,509] {subprocess.py:78} INFO - ++ PATH=/home/abd/root/root/bin:/usr/local/sbin:/usr/local/bin:/usr/sbin:/usr/bin:/sbin:/bin
[2021-10-10 20:37:00,509] {subprocess.py:78} INFO - ++ export PATH
[2021-10-10 20:37:00,509] {subprocess.py:78} INFO - ++ '[' -z '' ']'
[2021-10-10 20:37:00,509] {subprocess.py:78} INFO - ++ LD_LIBRARY_PATH=/home/abd/root/root/lib
[2021-10-10 20:37:00,509] {subprocess.py:78} INFO - ++ export LD_LIBRARY_PATH
[2021-10-10 20:37:00,509] {subprocess.py:78} INFO - ++ '[' -z '' ']'
[2021-10-10 20:37:00,509] {subprocess.py:78} INFO - ++ DYLD_LIBRARY_PATH=/home/abd/root/root/lib
[2021-10-10 20:37:00,509] {subprocess.py:78} INFO - ++ export DYLD_LIBRARY_PATH
[2021-10-10 20:37:00,509] {subprocess.py:78} INFO - ++ '[' -z '' ']'
[2021-10-10 20:37:00,509] {subprocess.py:78} INFO - ++ SHLIB_PATH=/home/abd/root/root/lib
[2021-10-10 20:37:00,509] {subprocess.py:78} INFO - ++ export SHLIB_PATH
[2021-10-10 20:37:00,509] {subprocess.py:78} INFO - ++ '[' -z '' ']'
[2021-10-10 20:37:00,509] {subprocess.py:78} INFO - ++ LIBPATH=/home/abd/root/root/lib
[2021-10-10 20:37:00,509] {subprocess.py:78} INFO - ++ export LIBPATH
[2021-10-10 20:37:00,509] {subprocess.py:78} INFO - ++ '[' -z '' ']'
[2021-10-10 20:37:00,509] {subprocess.py:78} INFO - ++ PYTHONPATH=/home/abd/root/root/lib
[2021-10-10 20:37:00,509] {subprocess.py:78} INFO - ++ export PYTHONPATH
[2021-10-10 20:37:00,509] {subprocess.py:78} INFO - ++ '[' -z '' ']'
[2021-10-10 20:37:00,509] {subprocess.py:78} INFO - ++ MANPATH=/home/abd/root/root/man:/usr/share/man:/usr/local/share/man
[2021-10-10 20:37:00,510] {subprocess.py:78} INFO - ++ export MANPATH
[2021-10-10 20:37:00,510] {subprocess.py:78} INFO - ++ '[' -z '' ']'
[2021-10-10 20:37:00,510] {subprocess.py:78} INFO - ++ CMAKE_PREFIX_PATH=/home/abd/root/root
[2021-10-10 20:37:00,510] {subprocess.py:78} INFO - ++ export CMAKE_PREFIX_PATH
[2021-10-10 20:37:00,510] {subprocess.py:78} INFO - ++ '[' -z '' ']'
[2021-10-10 20:37:00,510] {subprocess.py:78} INFO - ++ JUPYTER_PATH=/home/abd/root/root/etc/notebook
[2021-10-10 20:37:00,510] {subprocess.py:78} INFO - ++ export JUPYTER_PATH
[2021-10-10 20:37:00,510] {subprocess.py:78} INFO - ++ '[' -z '' ']'
[2021-10-10 20:37:00,510] {subprocess.py:78} INFO - ++ JUPYTER_CONFIG_DIR=/home/abd/root/root/etc/notebook
[2021-10-10 20:37:00,510] {subprocess.py:78} INFO - ++ export JUPYTER_CONFIG_DIR
[2021-10-10 20:37:00,510] {subprocess.py:78} INFO - ++ export CLING_STANDARD_PCH=none
[2021-10-10 20:37:00,510] {subprocess.py:78} INFO - ++ CLING_STANDARD_PCH=none
[2021-10-10 20:37:00,510] {subprocess.py:78} INFO - +++ root-config --arch
[2021-10-10 20:37:00,510] {subprocess.py:78} INFO - +++ grep -v win32gcc
[2021-10-10 20:37:00,510] {subprocess.py:78} INFO - +++ grep -i win32
[2021-10-10 20:37:00,520] {subprocess.py:78} INFO - ++ '[' x '!=' x ']'
[2021-10-10 20:37:00,520] {subprocess.py:78} INFO - ++ unset old_rootsys
[2021-10-10 20:37:00,520] {subprocess.py:78} INFO - ++ unset thisroot
[2021-10-10 20:37:00,520] {subprocess.py:78} INFO - ++ unset -f drop_from_path
[2021-10-10 20:37:00,520] {subprocess.py:78} INFO - ++ unset -f clean_environment
[2021-10-10 20:37:00,520] {subprocess.py:78} INFO - ++ unset -f set_environment
[2021-10-10 20:37:00,520] {subprocess.py:78} INFO - + pwd
[2021-10-10 20:37:00,520] {subprocess.py:78} INFO - /tmp/airflowtmpm1uktbgq
[2021-10-10 20:37:00,520] {subprocess.py:78} INFO - + python /home/abd/airflow/code/generatetuple.py data 20000 /home/abd/airflow/data/bsm-search/data_1.root
[2021-10-10 20:37:01,576] {subprocess.py:82} INFO - Command exited with return code 0
[2021-10-10 20:37:01,588] {taskinstance.py:1212} INFO - Marking task as SUCCESS. dag_id=main, task_id=data.generate_group_data.generate_data_1, execution_date=20211009T000000, start_date=20211010T173700, end_date=20211010T173701
[2021-10-10 20:37:01,631] {local_task_job.py:151} INFO - Task exited with return code 0
[2021-10-10 20:37:01,643] {local_task_job.py:261} INFO - 0 downstream tasks scheduled from follow-on schedule check
