[2021-10-10 17:18:40,021] {taskinstance.py:903} INFO - Dependencies all met for <TaskInstance: main.data.generate_group_data.generate_data_5 2021-10-09T00:00:00+00:00 [queued]>
[2021-10-10 17:18:40,029] {taskinstance.py:903} INFO - Dependencies all met for <TaskInstance: main.data.generate_group_data.generate_data_5 2021-10-09T00:00:00+00:00 [queued]>
[2021-10-10 17:18:40,029] {taskinstance.py:1095} INFO - 
--------------------------------------------------------------------------------
[2021-10-10 17:18:40,029] {taskinstance.py:1096} INFO - Starting attempt 1 of 2
[2021-10-10 17:18:40,029] {taskinstance.py:1097} INFO - 
--------------------------------------------------------------------------------
[2021-10-10 17:18:40,035] {taskinstance.py:1115} INFO - Executing <Task(BashOperator): data.generate_group_data.generate_data_5> on 2021-10-09T00:00:00+00:00
[2021-10-10 17:18:40,036] {standard_task_runner.py:52} INFO - Started process 19866 to run task
[2021-10-10 17:18:40,039] {standard_task_runner.py:76} INFO - Running: ['airflow', 'tasks', 'run', 'main', 'data.generate_group_data.generate_data_5', '2021-10-09T00:00:00+00:00', '--job-id', '584', '--pool', 'default_pool', '--raw', '--subdir', 'DAGS_FOLDER/main.py', '--cfg-path', '/tmp/tmphkkt9a35', '--error-file', '/tmp/tmp7hvyqt3w']
[2021-10-10 17:18:40,040] {standard_task_runner.py:77} INFO - Job 584: Subtask data.generate_group_data.generate_data_5
[2021-10-10 17:18:40,061] {logging_mixin.py:109} INFO - Running <TaskInstance: main.data.generate_group_data.generate_data_5 2021-10-09T00:00:00+00:00 [running]> on host abd
[2021-10-10 17:18:40,089] {taskinstance.py:1252} INFO - Exporting the following env vars:
AIRFLOW_CTX_DAG_OWNER=admin
AIRFLOW_CTX_DAG_ID=main
AIRFLOW_CTX_TASK_ID=data.generate_group_data.generate_data_5
AIRFLOW_CTX_EXECUTION_DATE=2021-10-09T00:00:00+00:00
AIRFLOW_CTX_DAG_RUN_ID=scheduled__2021-10-09T00:00:00+00:00
[2021-10-10 17:18:40,090] {subprocess.py:52} INFO - Tmp dir root location: 
 /tmp
[2021-10-10 17:18:40,090] {subprocess.py:63} INFO - Running command: ['bash', '-c', '\n            set -x\n            source ${thisroot}/thisroot.sh\n            pwd\n            python ${code}/generatetuple.py ${type} ${nevents} ${base_dir}/${type}_${jobnumber}.root\n            ']
[2021-10-10 17:18:40,095] {subprocess.py:74} INFO - Output:
[2021-10-10 17:18:40,095] {subprocess.py:78} INFO - + source /home/abd/root/root-6.24.06-install/bin/thisroot.sh
[2021-10-10 17:18:40,095] {subprocess.py:78} INFO - bash: line 2: /home/abd/root/root-6.24.06-install/bin/thisroot.sh: No such file or directory
[2021-10-10 17:18:40,095] {subprocess.py:78} INFO - + pwd
[2021-10-10 17:18:40,096] {subprocess.py:78} INFO - /tmp/airflowtmpdhdnqpda
[2021-10-10 17:18:40,096] {subprocess.py:78} INFO - + python /home/abd/airflow/code/generatetuple.py data 20000 /home/abd/airflow/data/bsm-search/data_5.root
[2021-10-10 17:18:40,102] {subprocess.py:78} INFO - python: can't open file '/home/abd/airflow/code/generatetuple.py': [Errno 2] No such file or directory
[2021-10-10 17:18:40,103] {subprocess.py:82} INFO - Command exited with return code 2
[2021-10-10 17:18:40,107] {taskinstance.py:1463} ERROR - Task failed with exception
Traceback (most recent call last):
  File "/usr/local/lib/python3.8/dist-packages/airflow/models/taskinstance.py", line 1165, in _run_raw_task
    self._prepare_and_execute_task_with_callbacks(context, task)
  File "/usr/local/lib/python3.8/dist-packages/airflow/models/taskinstance.py", line 1283, in _prepare_and_execute_task_with_callbacks
    result = self._execute_task(context, task_copy)
  File "/usr/local/lib/python3.8/dist-packages/airflow/models/taskinstance.py", line 1313, in _execute_task
    result = task_copy.execute(context=context)
  File "/usr/local/lib/python3.8/dist-packages/airflow/operators/bash.py", line 176, in execute
    raise AirflowException('Bash command failed. The command returned a non-zero exit code.')
airflow.exceptions.AirflowException: Bash command failed. The command returned a non-zero exit code.
[2021-10-10 17:18:40,108] {taskinstance.py:1506} INFO - Marking task as UP_FOR_RETRY. dag_id=main, task_id=data.generate_group_data.generate_data_5, execution_date=20211009T000000, start_date=20211010T141840, end_date=20211010T141840
[2021-10-10 17:18:40,130] {local_task_job.py:151} INFO - Task exited with return code 1
[2021-10-10 17:18:40,142] {local_task_job.py:261} INFO - 0 downstream tasks scheduled from follow-on schedule check
[2021-10-10 17:28:07,820] {taskinstance.py:903} INFO - Dependencies all met for <TaskInstance: main.data.generate_group_data.generate_data_5 2021-10-09T00:00:00+00:00 [queued]>
[2021-10-10 17:28:07,826] {taskinstance.py:903} INFO - Dependencies all met for <TaskInstance: main.data.generate_group_data.generate_data_5 2021-10-09T00:00:00+00:00 [queued]>
[2021-10-10 17:28:07,826] {taskinstance.py:1095} INFO - 
--------------------------------------------------------------------------------
[2021-10-10 17:28:07,826] {taskinstance.py:1096} INFO - Starting attempt 1 of 2
[2021-10-10 17:28:07,826] {taskinstance.py:1097} INFO - 
--------------------------------------------------------------------------------
[2021-10-10 17:28:07,835] {taskinstance.py:1115} INFO - Executing <Task(BashOperator): data.generate_group_data.generate_data_5> on 2021-10-09T00:00:00+00:00
[2021-10-10 17:28:07,837] {standard_task_runner.py:52} INFO - Started process 21569 to run task
[2021-10-10 17:28:07,840] {standard_task_runner.py:76} INFO - Running: ['airflow', 'tasks', 'run', 'main', 'data.generate_group_data.generate_data_5', '2021-10-09T00:00:00+00:00', '--job-id', '584', '--pool', 'default_pool', '--raw', '--subdir', 'DAGS_FOLDER/main.py', '--cfg-path', '/tmp/tmpsj82u31r', '--error-file', '/tmp/tmpv4ag73k6']
[2021-10-10 17:28:07,840] {standard_task_runner.py:77} INFO - Job 584: Subtask data.generate_group_data.generate_data_5
[2021-10-10 17:28:07,859] {logging_mixin.py:109} INFO - Running <TaskInstance: main.data.generate_group_data.generate_data_5 2021-10-09T00:00:00+00:00 [running]> on host abd
[2021-10-10 17:28:07,884] {taskinstance.py:1252} INFO - Exporting the following env vars:
AIRFLOW_CTX_DAG_OWNER=admin
AIRFLOW_CTX_DAG_ID=main
AIRFLOW_CTX_TASK_ID=data.generate_group_data.generate_data_5
AIRFLOW_CTX_EXECUTION_DATE=2021-10-09T00:00:00+00:00
AIRFLOW_CTX_DAG_RUN_ID=scheduled__2021-10-09T00:00:00+00:00
[2021-10-10 17:28:07,885] {subprocess.py:52} INFO - Tmp dir root location: 
 /tmp
[2021-10-10 17:28:07,885] {subprocess.py:63} INFO - Running command: ['bash', '-c', '\n            set -x\n            source ${thisroot}/thisroot.sh\n            pwd\n            python ${code}/generatetuple.py ${type} ${nevents} ${base_dir}/${type}_${jobnumber}.root\n            ']
[2021-10-10 17:28:07,889] {subprocess.py:74} INFO - Output:
[2021-10-10 17:28:07,890] {subprocess.py:78} INFO - + source /home/abd/root/root-6.24.06-install/bin/thisroot.sh
[2021-10-10 17:28:07,890] {subprocess.py:78} INFO - bash: line 2: /home/abd/root/root-6.24.06-install/bin/thisroot.sh: No such file or directory
[2021-10-10 17:28:07,890] {subprocess.py:78} INFO - + pwd
[2021-10-10 17:28:07,890] {subprocess.py:78} INFO - /tmp/airflowtmpksn6ry8x
[2021-10-10 17:28:07,890] {subprocess.py:78} INFO - + python /home/abd/airflow/code/generatetuple.py data 20000 /home/abd/airflow/data/bsm-search/data_5.root
[2021-10-10 17:28:07,897] {subprocess.py:78} INFO - Traceback (most recent call last):
[2021-10-10 17:28:07,898] {subprocess.py:78} INFO -   File "/home/abd/airflow/code/generatetuple.py", line 1, in <module>
[2021-10-10 17:28:07,898] {subprocess.py:78} INFO -     import ROOT
[2021-10-10 17:28:07,898] {subprocess.py:78} INFO - ImportError: No module named ROOT
[2021-10-10 17:28:07,899] {subprocess.py:82} INFO - Command exited with return code 1
[2021-10-10 17:28:07,904] {taskinstance.py:1463} ERROR - Task failed with exception
Traceback (most recent call last):
  File "/usr/local/lib/python3.8/dist-packages/airflow/models/taskinstance.py", line 1165, in _run_raw_task
    self._prepare_and_execute_task_with_callbacks(context, task)
  File "/usr/local/lib/python3.8/dist-packages/airflow/models/taskinstance.py", line 1283, in _prepare_and_execute_task_with_callbacks
    result = self._execute_task(context, task_copy)
  File "/usr/local/lib/python3.8/dist-packages/airflow/models/taskinstance.py", line 1313, in _execute_task
    result = task_copy.execute(context=context)
  File "/usr/local/lib/python3.8/dist-packages/airflow/operators/bash.py", line 176, in execute
    raise AirflowException('Bash command failed. The command returned a non-zero exit code.')
airflow.exceptions.AirflowException: Bash command failed. The command returned a non-zero exit code.
[2021-10-10 17:28:07,905] {taskinstance.py:1506} INFO - Marking task as UP_FOR_RETRY. dag_id=main, task_id=data.generate_group_data.generate_data_5, execution_date=20211009T000000, start_date=20211010T142807, end_date=20211010T142807
[2021-10-10 17:28:07,930] {local_task_job.py:151} INFO - Task exited with return code 1
[2021-10-10 17:28:07,943] {local_task_job.py:261} INFO - 0 downstream tasks scheduled from follow-on schedule check
[2021-10-10 17:32:01,157] {taskinstance.py:903} INFO - Dependencies all met for <TaskInstance: main.data.generate_group_data.generate_data_5 2021-10-09T00:00:00+00:00 [queued]>
[2021-10-10 17:32:01,165] {taskinstance.py:903} INFO - Dependencies all met for <TaskInstance: main.data.generate_group_data.generate_data_5 2021-10-09T00:00:00+00:00 [queued]>
[2021-10-10 17:32:01,165] {taskinstance.py:1095} INFO - 
--------------------------------------------------------------------------------
[2021-10-10 17:32:01,165] {taskinstance.py:1096} INFO - Starting attempt 1 of 2
[2021-10-10 17:32:01,165] {taskinstance.py:1097} INFO - 
--------------------------------------------------------------------------------
[2021-10-10 17:32:01,172] {taskinstance.py:1115} INFO - Executing <Task(BashOperator): data.generate_group_data.generate_data_5> on 2021-10-09T00:00:00+00:00
[2021-10-10 17:32:01,174] {standard_task_runner.py:52} INFO - Started process 22676 to run task
[2021-10-10 17:32:01,177] {standard_task_runner.py:76} INFO - Running: ['airflow', 'tasks', 'run', 'main', 'data.generate_group_data.generate_data_5', '2021-10-09T00:00:00+00:00', '--job-id', '584', '--pool', 'default_pool', '--raw', '--subdir', 'DAGS_FOLDER/main.py', '--cfg-path', '/tmp/tmp8i8w0q4t', '--error-file', '/tmp/tmpwkzulcmb']
[2021-10-10 17:32:01,178] {standard_task_runner.py:77} INFO - Job 584: Subtask data.generate_group_data.generate_data_5
[2021-10-10 17:32:01,200] {logging_mixin.py:109} INFO - Running <TaskInstance: main.data.generate_group_data.generate_data_5 2021-10-09T00:00:00+00:00 [running]> on host abd
[2021-10-10 17:32:01,227] {taskinstance.py:1252} INFO - Exporting the following env vars:
AIRFLOW_CTX_DAG_OWNER=admin
AIRFLOW_CTX_DAG_ID=main
AIRFLOW_CTX_TASK_ID=data.generate_group_data.generate_data_5
AIRFLOW_CTX_EXECUTION_DATE=2021-10-09T00:00:00+00:00
AIRFLOW_CTX_DAG_RUN_ID=scheduled__2021-10-09T00:00:00+00:00
[2021-10-10 17:32:01,228] {subprocess.py:52} INFO - Tmp dir root location: 
 /tmp
[2021-10-10 17:32:01,228] {subprocess.py:63} INFO - Running command: ['bash', '-c', '\n            set -x\n            source ${thisroot}/thisroot.sh\n            pwd\n            python ${code}/generatetuple.py ${type} ${nevents} ${base_dir}/${type}_${jobnumber}.root\n            ']
[2021-10-10 17:32:01,233] {subprocess.py:74} INFO - Output:
[2021-10-10 17:32:01,233] {subprocess.py:78} INFO - + source /home/abd/root/root/bin/thisroot.sh
[2021-10-10 17:32:01,234] {subprocess.py:78} INFO - ++ '[' -n '' ']'
[2021-10-10 17:32:01,234] {subprocess.py:78} INFO - ++ SOURCE=/home/abd/root/root/bin/thisroot.sh
[2021-10-10 17:32:01,234] {subprocess.py:78} INFO - ++ '[' x/home/abd/root/root/bin/thisroot.sh = x ']'
[2021-10-10 17:32:01,234] {subprocess.py:78} INFO - ++ '[' x/home/abd/root/root/bin/thisroot.sh = x ']'
[2021-10-10 17:32:01,235] {subprocess.py:78} INFO - +++ dirname /home/abd/root/root/bin/thisroot.sh
[2021-10-10 17:32:01,235] {subprocess.py:78} INFO - ++ thisroot=/home/abd/root/root/bin
[2021-10-10 17:32:01,235] {subprocess.py:78} INFO - +++ cd /home/abd/root/root/bin/..
[2021-10-10 17:32:01,235] {subprocess.py:78} INFO - +++ pwd
[2021-10-10 17:32:01,236] {subprocess.py:78} INFO - ++ ROOTSYS=/home/abd/root/root
[2021-10-10 17:32:01,236] {subprocess.py:78} INFO - ++ export ROOTSYS
[2021-10-10 17:32:01,236] {subprocess.py:78} INFO - ++ clean_environment
[2021-10-10 17:32:01,236] {subprocess.py:78} INFO - ++ '[' -n '' ']'
[2021-10-10 17:32:01,236] {subprocess.py:78} INFO - ++ '[' -z '' ']'
[2021-10-10 17:32:01,236] {subprocess.py:78} INFO - ++ command -v manpath
[2021-10-10 17:32:01,236] {subprocess.py:78} INFO - +++ manpath
[2021-10-10 17:32:01,237] {subprocess.py:78} INFO - manpath: warning: $PATH not set
[2021-10-10 17:32:01,237] {subprocess.py:78} INFO - ++ default_manpath=/usr/share/man:/usr/local/share/man
[2021-10-10 17:32:01,237] {subprocess.py:78} INFO - ++ set_environment
[2021-10-10 17:32:01,237] {subprocess.py:78} INFO - ++ '[' -z /usr/local/sbin:/usr/local/bin:/usr/sbin:/usr/bin:/sbin:/bin ']'
[2021-10-10 17:32:01,237] {subprocess.py:78} INFO - ++ PATH=/home/abd/root/root/bin:/usr/local/sbin:/usr/local/bin:/usr/sbin:/usr/bin:/sbin:/bin
[2021-10-10 17:32:01,237] {subprocess.py:78} INFO - ++ export PATH
[2021-10-10 17:32:01,237] {subprocess.py:78} INFO - ++ '[' -z '' ']'
[2021-10-10 17:32:01,237] {subprocess.py:78} INFO - ++ LD_LIBRARY_PATH=/home/abd/root/root/lib
[2021-10-10 17:32:01,237] {subprocess.py:78} INFO - ++ export LD_LIBRARY_PATH
[2021-10-10 17:32:01,237] {subprocess.py:78} INFO - ++ '[' -z '' ']'
[2021-10-10 17:32:01,237] {subprocess.py:78} INFO - ++ DYLD_LIBRARY_PATH=/home/abd/root/root/lib
[2021-10-10 17:32:01,237] {subprocess.py:78} INFO - ++ export DYLD_LIBRARY_PATH
[2021-10-10 17:32:01,237] {subprocess.py:78} INFO - ++ '[' -z '' ']'
[2021-10-10 17:32:01,237] {subprocess.py:78} INFO - ++ SHLIB_PATH=/home/abd/root/root/lib
[2021-10-10 17:32:01,237] {subprocess.py:78} INFO - ++ export SHLIB_PATH
[2021-10-10 17:32:01,237] {subprocess.py:78} INFO - ++ '[' -z '' ']'
[2021-10-10 17:32:01,237] {subprocess.py:78} INFO - ++ LIBPATH=/home/abd/root/root/lib
[2021-10-10 17:32:01,237] {subprocess.py:78} INFO - ++ export LIBPATH
[2021-10-10 17:32:01,237] {subprocess.py:78} INFO - ++ '[' -z '' ']'
[2021-10-10 17:32:01,237] {subprocess.py:78} INFO - ++ PYTHONPATH=/home/abd/root/root/lib
[2021-10-10 17:32:01,237] {subprocess.py:78} INFO - ++ export PYTHONPATH
[2021-10-10 17:32:01,237] {subprocess.py:78} INFO - ++ '[' -z '' ']'
[2021-10-10 17:32:01,238] {subprocess.py:78} INFO - ++ MANPATH=/home/abd/root/root/man:/usr/share/man:/usr/local/share/man
[2021-10-10 17:32:01,238] {subprocess.py:78} INFO - ++ export MANPATH
[2021-10-10 17:32:01,238] {subprocess.py:78} INFO - ++ '[' -z '' ']'
[2021-10-10 17:32:01,238] {subprocess.py:78} INFO - ++ CMAKE_PREFIX_PATH=/home/abd/root/root
[2021-10-10 17:32:01,238] {subprocess.py:78} INFO - ++ export CMAKE_PREFIX_PATH
[2021-10-10 17:32:01,238] {subprocess.py:78} INFO - ++ '[' -z '' ']'
[2021-10-10 17:32:01,238] {subprocess.py:78} INFO - ++ JUPYTER_PATH=/home/abd/root/root/etc/notebook
[2021-10-10 17:32:01,238] {subprocess.py:78} INFO - ++ export JUPYTER_PATH
[2021-10-10 17:32:01,238] {subprocess.py:78} INFO - ++ '[' -z '' ']'
[2021-10-10 17:32:01,238] {subprocess.py:78} INFO - ++ JUPYTER_CONFIG_DIR=/home/abd/root/root/etc/notebook
[2021-10-10 17:32:01,238] {subprocess.py:78} INFO - ++ export JUPYTER_CONFIG_DIR
[2021-10-10 17:32:01,238] {subprocess.py:78} INFO - ++ export CLING_STANDARD_PCH=none
[2021-10-10 17:32:01,238] {subprocess.py:78} INFO - ++ CLING_STANDARD_PCH=none
[2021-10-10 17:32:01,238] {subprocess.py:78} INFO - +++ root-config --arch
[2021-10-10 17:32:01,238] {subprocess.py:78} INFO - +++ grep -v win32gcc
[2021-10-10 17:32:01,238] {subprocess.py:78} INFO - +++ grep -i win32
[2021-10-10 17:32:01,250] {subprocess.py:78} INFO - ++ '[' x '!=' x ']'
[2021-10-10 17:32:01,250] {subprocess.py:78} INFO - ++ unset old_rootsys
[2021-10-10 17:32:01,250] {subprocess.py:78} INFO - ++ unset thisroot
[2021-10-10 17:32:01,250] {subprocess.py:78} INFO - ++ unset -f drop_from_path
[2021-10-10 17:32:01,250] {subprocess.py:78} INFO - ++ unset -f clean_environment
[2021-10-10 17:32:01,250] {subprocess.py:78} INFO - ++ unset -f set_environment
[2021-10-10 17:32:01,250] {subprocess.py:78} INFO - + pwd
[2021-10-10 17:32:01,250] {subprocess.py:78} INFO - /tmp/airflowtmpxypa3_xe
[2021-10-10 17:32:01,250] {subprocess.py:78} INFO - + python /home/abd/airflow/code/generatetuple.py data 20000 /home/abd/airflow/data/bsm-search/data_5.root
[2021-10-10 17:32:02,351] {subprocess.py:82} INFO - Command exited with return code 0
[2021-10-10 17:32:02,363] {taskinstance.py:1212} INFO - Marking task as SUCCESS. dag_id=main, task_id=data.generate_group_data.generate_data_5, execution_date=20211009T000000, start_date=20211010T143201, end_date=20211010T143202
[2021-10-10 17:32:02,391] {local_task_job.py:151} INFO - Task exited with return code 0
[2021-10-10 17:32:02,405] {local_task_job.py:261} INFO - 1 downstream tasks scheduled from follow-on schedule check
[2021-10-10 19:36:41,885] {taskinstance.py:903} INFO - Dependencies all met for <TaskInstance: main.data.generate_group_data.generate_data_5 2021-10-09T00:00:00+00:00 [queued]>
[2021-10-10 19:36:41,891] {taskinstance.py:903} INFO - Dependencies all met for <TaskInstance: main.data.generate_group_data.generate_data_5 2021-10-09T00:00:00+00:00 [queued]>
[2021-10-10 19:36:41,891] {taskinstance.py:1095} INFO - 
--------------------------------------------------------------------------------
[2021-10-10 19:36:41,892] {taskinstance.py:1096} INFO - Starting attempt 1 of 2
[2021-10-10 19:36:41,892] {taskinstance.py:1097} INFO - 
--------------------------------------------------------------------------------
[2021-10-10 19:36:41,899] {taskinstance.py:1115} INFO - Executing <Task(BashOperator): data.generate_group_data.generate_data_5> on 2021-10-09T00:00:00+00:00
[2021-10-10 19:36:41,900] {standard_task_runner.py:52} INFO - Started process 56266 to run task
[2021-10-10 19:36:41,903] {standard_task_runner.py:76} INFO - Running: ['airflow', 'tasks', 'run', 'main', 'data.generate_group_data.generate_data_5', '2021-10-09T00:00:00+00:00', '--job-id', '584', '--pool', 'default_pool', '--raw', '--subdir', 'DAGS_FOLDER/main.py', '--cfg-path', '/tmp/tmpd0tikor0', '--error-file', '/tmp/tmpwwu945kh']
[2021-10-10 19:36:41,904] {standard_task_runner.py:77} INFO - Job 584: Subtask data.generate_group_data.generate_data_5
[2021-10-10 19:36:41,923] {logging_mixin.py:109} INFO - Running <TaskInstance: main.data.generate_group_data.generate_data_5 2021-10-09T00:00:00+00:00 [running]> on host abd
[2021-10-10 19:36:41,960] {taskinstance.py:1252} INFO - Exporting the following env vars:
AIRFLOW_CTX_DAG_OWNER=admin
AIRFLOW_CTX_DAG_ID=main
AIRFLOW_CTX_TASK_ID=data.generate_group_data.generate_data_5
AIRFLOW_CTX_EXECUTION_DATE=2021-10-09T00:00:00+00:00
AIRFLOW_CTX_DAG_RUN_ID=scheduled__2021-10-09T00:00:00+00:00
[2021-10-10 19:36:41,960] {subprocess.py:52} INFO - Tmp dir root location: 
 /tmp
[2021-10-10 19:36:41,960] {subprocess.py:63} INFO - Running command: ['bash', '-c', '\n            set -x\n            source ${thisroot}/thisroot.sh\n            pwd\n            python ${code}/generatetuple.py ${type} ${nevents} ${base_dir}/${type}_${jobnumber}.root\n            ']
[2021-10-10 19:36:41,964] {subprocess.py:74} INFO - Output:
[2021-10-10 19:36:41,965] {subprocess.py:78} INFO - + source /home/abd/root/root/bin/thisroot.sh
[2021-10-10 19:36:41,965] {subprocess.py:78} INFO - ++ '[' -n '' ']'
[2021-10-10 19:36:41,965] {subprocess.py:78} INFO - ++ SOURCE=/home/abd/root/root/bin/thisroot.sh
[2021-10-10 19:36:41,965] {subprocess.py:78} INFO - ++ '[' x/home/abd/root/root/bin/thisroot.sh = x ']'
[2021-10-10 19:36:41,965] {subprocess.py:78} INFO - ++ '[' x/home/abd/root/root/bin/thisroot.sh = x ']'
[2021-10-10 19:36:41,966] {subprocess.py:78} INFO - +++ dirname /home/abd/root/root/bin/thisroot.sh
[2021-10-10 19:36:41,966] {subprocess.py:78} INFO - ++ thisroot=/home/abd/root/root/bin
[2021-10-10 19:36:41,966] {subprocess.py:78} INFO - +++ cd /home/abd/root/root/bin/..
[2021-10-10 19:36:41,966] {subprocess.py:78} INFO - +++ pwd
[2021-10-10 19:36:41,967] {subprocess.py:78} INFO - ++ ROOTSYS=/home/abd/root/root
[2021-10-10 19:36:41,967] {subprocess.py:78} INFO - ++ export ROOTSYS
[2021-10-10 19:36:41,967] {subprocess.py:78} INFO - ++ clean_environment
[2021-10-10 19:36:41,967] {subprocess.py:78} INFO - ++ '[' -n '' ']'
[2021-10-10 19:36:41,967] {subprocess.py:78} INFO - ++ '[' -z '' ']'
[2021-10-10 19:36:41,967] {subprocess.py:78} INFO - ++ command -v manpath
[2021-10-10 19:36:41,967] {subprocess.py:78} INFO - +++ manpath
[2021-10-10 19:36:41,968] {subprocess.py:78} INFO - manpath: warning: $PATH not set
[2021-10-10 19:36:41,968] {subprocess.py:78} INFO - ++ default_manpath=/usr/share/man:/usr/local/share/man
[2021-10-10 19:36:41,968] {subprocess.py:78} INFO - ++ set_environment
[2021-10-10 19:36:41,968] {subprocess.py:78} INFO - ++ '[' -z /usr/local/sbin:/usr/local/bin:/usr/sbin:/usr/bin:/sbin:/bin ']'
[2021-10-10 19:36:41,968] {subprocess.py:78} INFO - ++ PATH=/home/abd/root/root/bin:/usr/local/sbin:/usr/local/bin:/usr/sbin:/usr/bin:/sbin:/bin
[2021-10-10 19:36:41,968] {subprocess.py:78} INFO - ++ export PATH
[2021-10-10 19:36:41,968] {subprocess.py:78} INFO - ++ '[' -z '' ']'
[2021-10-10 19:36:41,968] {subprocess.py:78} INFO - ++ LD_LIBRARY_PATH=/home/abd/root/root/lib
[2021-10-10 19:36:41,968] {subprocess.py:78} INFO - ++ export LD_LIBRARY_PATH
[2021-10-10 19:36:41,968] {subprocess.py:78} INFO - ++ '[' -z '' ']'
[2021-10-10 19:36:41,968] {subprocess.py:78} INFO - ++ DYLD_LIBRARY_PATH=/home/abd/root/root/lib
[2021-10-10 19:36:41,968] {subprocess.py:78} INFO - ++ export DYLD_LIBRARY_PATH
[2021-10-10 19:36:41,968] {subprocess.py:78} INFO - ++ '[' -z '' ']'
[2021-10-10 19:36:41,968] {subprocess.py:78} INFO - ++ SHLIB_PATH=/home/abd/root/root/lib
[2021-10-10 19:36:41,968] {subprocess.py:78} INFO - ++ export SHLIB_PATH
[2021-10-10 19:36:41,968] {subprocess.py:78} INFO - ++ '[' -z '' ']'
[2021-10-10 19:36:41,968] {subprocess.py:78} INFO - ++ LIBPATH=/home/abd/root/root/lib
[2021-10-10 19:36:41,968] {subprocess.py:78} INFO - ++ export LIBPATH
[2021-10-10 19:36:41,968] {subprocess.py:78} INFO - ++ '[' -z '' ']'
[2021-10-10 19:36:41,968] {subprocess.py:78} INFO - ++ PYTHONPATH=/home/abd/root/root/lib
[2021-10-10 19:36:41,968] {subprocess.py:78} INFO - ++ export PYTHONPATH
[2021-10-10 19:36:41,968] {subprocess.py:78} INFO - ++ '[' -z '' ']'
[2021-10-10 19:36:41,968] {subprocess.py:78} INFO - ++ MANPATH=/home/abd/root/root/man:/usr/share/man:/usr/local/share/man
[2021-10-10 19:36:41,969] {subprocess.py:78} INFO - ++ export MANPATH
[2021-10-10 19:36:41,969] {subprocess.py:78} INFO - ++ '[' -z '' ']'
[2021-10-10 19:36:41,969] {subprocess.py:78} INFO - ++ CMAKE_PREFIX_PATH=/home/abd/root/root
[2021-10-10 19:36:41,969] {subprocess.py:78} INFO - ++ export CMAKE_PREFIX_PATH
[2021-10-10 19:36:41,969] {subprocess.py:78} INFO - ++ '[' -z '' ']'
[2021-10-10 19:36:41,969] {subprocess.py:78} INFO - ++ JUPYTER_PATH=/home/abd/root/root/etc/notebook
[2021-10-10 19:36:41,969] {subprocess.py:78} INFO - ++ export JUPYTER_PATH
[2021-10-10 19:36:41,969] {subprocess.py:78} INFO - ++ '[' -z '' ']'
[2021-10-10 19:36:41,969] {subprocess.py:78} INFO - ++ JUPYTER_CONFIG_DIR=/home/abd/root/root/etc/notebook
[2021-10-10 19:36:41,969] {subprocess.py:78} INFO - ++ export JUPYTER_CONFIG_DIR
[2021-10-10 19:36:41,969] {subprocess.py:78} INFO - ++ export CLING_STANDARD_PCH=none
[2021-10-10 19:36:41,969] {subprocess.py:78} INFO - ++ CLING_STANDARD_PCH=none
[2021-10-10 19:36:41,969] {subprocess.py:78} INFO - +++ root-config --arch
[2021-10-10 19:36:41,969] {subprocess.py:78} INFO - +++ grep -v win32gcc
[2021-10-10 19:36:41,969] {subprocess.py:78} INFO - +++ grep -i win32
[2021-10-10 19:36:41,979] {subprocess.py:78} INFO - ++ '[' x '!=' x ']'
[2021-10-10 19:36:41,979] {subprocess.py:78} INFO - ++ unset old_rootsys
[2021-10-10 19:36:41,979] {subprocess.py:78} INFO - ++ unset thisroot
[2021-10-10 19:36:41,979] {subprocess.py:78} INFO - ++ unset -f drop_from_path
[2021-10-10 19:36:41,979] {subprocess.py:78} INFO - ++ unset -f clean_environment
[2021-10-10 19:36:41,979] {subprocess.py:78} INFO - ++ unset -f set_environment
[2021-10-10 19:36:41,979] {subprocess.py:78} INFO - + pwd
[2021-10-10 19:36:41,979] {subprocess.py:78} INFO - /tmp/airflowtmpvsyqo_tf
[2021-10-10 19:36:41,979] {subprocess.py:78} INFO - + python /home/abd/airflow/code/generatetuple.py data 20000 /home/abd/airflow/data/bsm-search/data_5.root
[2021-10-10 19:36:43,033] {subprocess.py:82} INFO - Command exited with return code 0
[2021-10-10 19:36:43,045] {taskinstance.py:1212} INFO - Marking task as SUCCESS. dag_id=main, task_id=data.generate_group_data.generate_data_5, execution_date=20211009T000000, start_date=20211010T163641, end_date=20211010T163643
[2021-10-10 19:36:43,078] {local_task_job.py:151} INFO - Task exited with return code 0
[2021-10-10 19:36:43,116] {local_task_job.py:261} INFO - 1 downstream tasks scheduled from follow-on schedule check
[2021-10-10 19:46:21,474] {taskinstance.py:903} INFO - Dependencies all met for <TaskInstance: main.data.generate_group_data.generate_data_5 2021-10-09T00:00:00+00:00 [queued]>
[2021-10-10 19:46:21,481] {taskinstance.py:903} INFO - Dependencies all met for <TaskInstance: main.data.generate_group_data.generate_data_5 2021-10-09T00:00:00+00:00 [queued]>
[2021-10-10 19:46:21,481] {taskinstance.py:1095} INFO - 
--------------------------------------------------------------------------------
[2021-10-10 19:46:21,481] {taskinstance.py:1096} INFO - Starting attempt 1 of 2
[2021-10-10 19:46:21,482] {taskinstance.py:1097} INFO - 
--------------------------------------------------------------------------------
[2021-10-10 19:46:21,488] {taskinstance.py:1115} INFO - Executing <Task(BashOperator): data.generate_group_data.generate_data_5> on 2021-10-09T00:00:00+00:00
[2021-10-10 19:46:21,490] {standard_task_runner.py:52} INFO - Started process 59564 to run task
[2021-10-10 19:46:21,493] {standard_task_runner.py:76} INFO - Running: ['airflow', 'tasks', 'run', 'main', 'data.generate_group_data.generate_data_5', '2021-10-09T00:00:00+00:00', '--job-id', '584', '--pool', 'default_pool', '--raw', '--subdir', 'DAGS_FOLDER/main.py', '--cfg-path', '/tmp/tmpdwsq3lt7', '--error-file', '/tmp/tmpyraq_ogw']
[2021-10-10 19:46:21,493] {standard_task_runner.py:77} INFO - Job 584: Subtask data.generate_group_data.generate_data_5
[2021-10-10 19:46:21,513] {logging_mixin.py:109} INFO - Running <TaskInstance: main.data.generate_group_data.generate_data_5 2021-10-09T00:00:00+00:00 [running]> on host abd
[2021-10-10 19:46:21,541] {taskinstance.py:1252} INFO - Exporting the following env vars:
AIRFLOW_CTX_DAG_OWNER=admin
AIRFLOW_CTX_DAG_ID=main
AIRFLOW_CTX_TASK_ID=data.generate_group_data.generate_data_5
AIRFLOW_CTX_EXECUTION_DATE=2021-10-09T00:00:00+00:00
AIRFLOW_CTX_DAG_RUN_ID=scheduled__2021-10-09T00:00:00+00:00
[2021-10-10 19:46:21,541] {subprocess.py:52} INFO - Tmp dir root location: 
 /tmp
[2021-10-10 19:46:21,541] {subprocess.py:63} INFO - Running command: ['bash', '-c', '\n            set -x\n            source ${thisroot}/thisroot.sh\n            pwd\n            python ${code}/generatetuple.py ${type} ${nevents} ${base_dir}/${type}_${jobnumber}.root\n            ']
[2021-10-10 19:46:21,545] {subprocess.py:74} INFO - Output:
[2021-10-10 19:46:21,546] {subprocess.py:78} INFO - + source /home/abd/root/root/bin/thisroot.sh
[2021-10-10 19:46:21,546] {subprocess.py:78} INFO - ++ '[' -n '' ']'
[2021-10-10 19:46:21,546] {subprocess.py:78} INFO - ++ SOURCE=/home/abd/root/root/bin/thisroot.sh
[2021-10-10 19:46:21,546] {subprocess.py:78} INFO - ++ '[' x/home/abd/root/root/bin/thisroot.sh = x ']'
[2021-10-10 19:46:21,546] {subprocess.py:78} INFO - ++ '[' x/home/abd/root/root/bin/thisroot.sh = x ']'
[2021-10-10 19:46:21,547] {subprocess.py:78} INFO - +++ dirname /home/abd/root/root/bin/thisroot.sh
[2021-10-10 19:46:21,547] {subprocess.py:78} INFO - ++ thisroot=/home/abd/root/root/bin
[2021-10-10 19:46:21,547] {subprocess.py:78} INFO - +++ cd /home/abd/root/root/bin/..
[2021-10-10 19:46:21,547] {subprocess.py:78} INFO - +++ pwd
[2021-10-10 19:46:21,548] {subprocess.py:78} INFO - ++ ROOTSYS=/home/abd/root/root
[2021-10-10 19:46:21,548] {subprocess.py:78} INFO - ++ export ROOTSYS
[2021-10-10 19:46:21,548] {subprocess.py:78} INFO - ++ clean_environment
[2021-10-10 19:46:21,548] {subprocess.py:78} INFO - ++ '[' -n '' ']'
[2021-10-10 19:46:21,548] {subprocess.py:78} INFO - ++ '[' -z '' ']'
[2021-10-10 19:46:21,548] {subprocess.py:78} INFO - ++ command -v manpath
[2021-10-10 19:46:21,548] {subprocess.py:78} INFO - +++ manpath
[2021-10-10 19:46:21,549] {subprocess.py:78} INFO - manpath: warning: $PATH not set
[2021-10-10 19:46:21,549] {subprocess.py:78} INFO - ++ default_manpath=/usr/share/man:/usr/local/share/man
[2021-10-10 19:46:21,549] {subprocess.py:78} INFO - ++ set_environment
[2021-10-10 19:46:21,549] {subprocess.py:78} INFO - ++ '[' -z /usr/local/sbin:/usr/local/bin:/usr/sbin:/usr/bin:/sbin:/bin ']'
[2021-10-10 19:46:21,549] {subprocess.py:78} INFO - ++ PATH=/home/abd/root/root/bin:/usr/local/sbin:/usr/local/bin:/usr/sbin:/usr/bin:/sbin:/bin
[2021-10-10 19:46:21,549] {subprocess.py:78} INFO - ++ export PATH
[2021-10-10 19:46:21,549] {subprocess.py:78} INFO - ++ '[' -z '' ']'
[2021-10-10 19:46:21,549] {subprocess.py:78} INFO - ++ LD_LIBRARY_PATH=/home/abd/root/root/lib
[2021-10-10 19:46:21,549] {subprocess.py:78} INFO - ++ export LD_LIBRARY_PATH
[2021-10-10 19:46:21,549] {subprocess.py:78} INFO - ++ '[' -z '' ']'
[2021-10-10 19:46:21,549] {subprocess.py:78} INFO - ++ DYLD_LIBRARY_PATH=/home/abd/root/root/lib
[2021-10-10 19:46:21,549] {subprocess.py:78} INFO - ++ export DYLD_LIBRARY_PATH
[2021-10-10 19:46:21,549] {subprocess.py:78} INFO - ++ '[' -z '' ']'
[2021-10-10 19:46:21,549] {subprocess.py:78} INFO - ++ SHLIB_PATH=/home/abd/root/root/lib
[2021-10-10 19:46:21,549] {subprocess.py:78} INFO - ++ export SHLIB_PATH
[2021-10-10 19:46:21,549] {subprocess.py:78} INFO - ++ '[' -z '' ']'
[2021-10-10 19:46:21,549] {subprocess.py:78} INFO - ++ LIBPATH=/home/abd/root/root/lib
[2021-10-10 19:46:21,549] {subprocess.py:78} INFO - ++ export LIBPATH
[2021-10-10 19:46:21,549] {subprocess.py:78} INFO - ++ '[' -z '' ']'
[2021-10-10 19:46:21,549] {subprocess.py:78} INFO - ++ PYTHONPATH=/home/abd/root/root/lib
[2021-10-10 19:46:21,549] {subprocess.py:78} INFO - ++ export PYTHONPATH
[2021-10-10 19:46:21,549] {subprocess.py:78} INFO - ++ '[' -z '' ']'
[2021-10-10 19:46:21,550] {subprocess.py:78} INFO - ++ MANPATH=/home/abd/root/root/man:/usr/share/man:/usr/local/share/man
[2021-10-10 19:46:21,550] {subprocess.py:78} INFO - ++ export MANPATH
[2021-10-10 19:46:21,550] {subprocess.py:78} INFO - ++ '[' -z '' ']'
[2021-10-10 19:46:21,550] {subprocess.py:78} INFO - ++ CMAKE_PREFIX_PATH=/home/abd/root/root
[2021-10-10 19:46:21,550] {subprocess.py:78} INFO - ++ export CMAKE_PREFIX_PATH
[2021-10-10 19:46:21,550] {subprocess.py:78} INFO - ++ '[' -z '' ']'
[2021-10-10 19:46:21,550] {subprocess.py:78} INFO - ++ JUPYTER_PATH=/home/abd/root/root/etc/notebook
[2021-10-10 19:46:21,550] {subprocess.py:78} INFO - ++ export JUPYTER_PATH
[2021-10-10 19:46:21,550] {subprocess.py:78} INFO - ++ '[' -z '' ']'
[2021-10-10 19:46:21,550] {subprocess.py:78} INFO - ++ JUPYTER_CONFIG_DIR=/home/abd/root/root/etc/notebook
[2021-10-10 19:46:21,550] {subprocess.py:78} INFO - ++ export JUPYTER_CONFIG_DIR
[2021-10-10 19:46:21,550] {subprocess.py:78} INFO - ++ export CLING_STANDARD_PCH=none
[2021-10-10 19:46:21,550] {subprocess.py:78} INFO - ++ CLING_STANDARD_PCH=none
[2021-10-10 19:46:21,550] {subprocess.py:78} INFO - +++ root-config --arch
[2021-10-10 19:46:21,550] {subprocess.py:78} INFO - +++ grep -v win32gcc
[2021-10-10 19:46:21,550] {subprocess.py:78} INFO - +++ grep -i win32
[2021-10-10 19:46:21,560] {subprocess.py:78} INFO - ++ '[' x '!=' x ']'
[2021-10-10 19:46:21,560] {subprocess.py:78} INFO - ++ unset old_rootsys
[2021-10-10 19:46:21,560] {subprocess.py:78} INFO - ++ unset thisroot
[2021-10-10 19:46:21,560] {subprocess.py:78} INFO - ++ unset -f drop_from_path
[2021-10-10 19:46:21,560] {subprocess.py:78} INFO - ++ unset -f clean_environment
[2021-10-10 19:46:21,560] {subprocess.py:78} INFO - ++ unset -f set_environment
[2021-10-10 19:46:21,560] {subprocess.py:78} INFO - + pwd
[2021-10-10 19:46:21,560] {subprocess.py:78} INFO - /tmp/airflowtmpposwrpec
[2021-10-10 19:46:21,560] {subprocess.py:78} INFO - + python /home/abd/airflow/code/generatetuple.py data 20000 /home/abd/airflow/data/bsm-search/data_5.root
[2021-10-10 19:46:22,621] {subprocess.py:82} INFO - Command exited with return code 0
[2021-10-10 19:46:22,632] {taskinstance.py:1212} INFO - Marking task as SUCCESS. dag_id=main, task_id=data.generate_group_data.generate_data_5, execution_date=20211009T000000, start_date=20211010T164621, end_date=20211010T164622
[2021-10-10 19:46:22,667] {local_task_job.py:151} INFO - Task exited with return code 0
[2021-10-10 19:46:22,686] {local_task_job.py:261} INFO - 1 downstream tasks scheduled from follow-on schedule check
[2021-10-10 19:56:13,825] {taskinstance.py:903} INFO - Dependencies all met for <TaskInstance: main.data.generate_group_data.generate_data_5 2021-10-09T00:00:00+00:00 [queued]>
[2021-10-10 19:56:13,832] {taskinstance.py:903} INFO - Dependencies all met for <TaskInstance: main.data.generate_group_data.generate_data_5 2021-10-09T00:00:00+00:00 [queued]>
[2021-10-10 19:56:13,833] {taskinstance.py:1095} INFO - 
--------------------------------------------------------------------------------
[2021-10-10 19:56:13,833] {taskinstance.py:1096} INFO - Starting attempt 1 of 2
[2021-10-10 19:56:13,833] {taskinstance.py:1097} INFO - 
--------------------------------------------------------------------------------
[2021-10-10 19:56:13,839] {taskinstance.py:1115} INFO - Executing <Task(BashOperator): data.generate_group_data.generate_data_5> on 2021-10-09T00:00:00+00:00
[2021-10-10 19:56:13,841] {standard_task_runner.py:52} INFO - Started process 63167 to run task
[2021-10-10 19:56:13,844] {standard_task_runner.py:76} INFO - Running: ['airflow', 'tasks', 'run', 'main', 'data.generate_group_data.generate_data_5', '2021-10-09T00:00:00+00:00', '--job-id', '585', '--pool', 'default_pool', '--raw', '--subdir', 'DAGS_FOLDER/main.py', '--cfg-path', '/tmp/tmpmb3i57md', '--error-file', '/tmp/tmpqqm5j86l']
[2021-10-10 19:56:13,844] {standard_task_runner.py:77} INFO - Job 585: Subtask data.generate_group_data.generate_data_5
[2021-10-10 19:56:13,863] {logging_mixin.py:109} INFO - Running <TaskInstance: main.data.generate_group_data.generate_data_5 2021-10-09T00:00:00+00:00 [running]> on host abd
[2021-10-10 19:56:13,895] {taskinstance.py:1252} INFO - Exporting the following env vars:
AIRFLOW_CTX_DAG_OWNER=admin
AIRFLOW_CTX_DAG_ID=main
AIRFLOW_CTX_TASK_ID=data.generate_group_data.generate_data_5
AIRFLOW_CTX_EXECUTION_DATE=2021-10-09T00:00:00+00:00
AIRFLOW_CTX_DAG_RUN_ID=scheduled__2021-10-09T00:00:00+00:00
[2021-10-10 19:56:13,896] {subprocess.py:52} INFO - Tmp dir root location: 
 /tmp
[2021-10-10 19:56:13,896] {subprocess.py:63} INFO - Running command: ['bash', '-c', '\n            set -x\n            source ${thisroot}/thisroot.sh\n            pwd\n            python ${code}/generatetuple.py ${type} ${nevents} ${base_dir}/${type}_${jobnumber}.root\n            ']
[2021-10-10 19:56:13,900] {subprocess.py:74} INFO - Output:
[2021-10-10 19:56:13,901] {subprocess.py:78} INFO - + source /home/abd/root/root/bin/thisroot.sh
[2021-10-10 19:56:13,901] {subprocess.py:78} INFO - ++ '[' -n '' ']'
[2021-10-10 19:56:13,901] {subprocess.py:78} INFO - ++ SOURCE=/home/abd/root/root/bin/thisroot.sh
[2021-10-10 19:56:13,901] {subprocess.py:78} INFO - ++ '[' x/home/abd/root/root/bin/thisroot.sh = x ']'
[2021-10-10 19:56:13,901] {subprocess.py:78} INFO - ++ '[' x/home/abd/root/root/bin/thisroot.sh = x ']'
[2021-10-10 19:56:13,902] {subprocess.py:78} INFO - +++ dirname /home/abd/root/root/bin/thisroot.sh
[2021-10-10 19:56:13,902] {subprocess.py:78} INFO - ++ thisroot=/home/abd/root/root/bin
[2021-10-10 19:56:13,903] {subprocess.py:78} INFO - +++ cd /home/abd/root/root/bin/..
[2021-10-10 19:56:13,903] {subprocess.py:78} INFO - +++ pwd
[2021-10-10 19:56:13,903] {subprocess.py:78} INFO - ++ ROOTSYS=/home/abd/root/root
[2021-10-10 19:56:13,903] {subprocess.py:78} INFO - ++ export ROOTSYS
[2021-10-10 19:56:13,903] {subprocess.py:78} INFO - ++ clean_environment
[2021-10-10 19:56:13,903] {subprocess.py:78} INFO - ++ '[' -n '' ']'
[2021-10-10 19:56:13,903] {subprocess.py:78} INFO - ++ '[' -z '' ']'
[2021-10-10 19:56:13,903] {subprocess.py:78} INFO - ++ command -v manpath
[2021-10-10 19:56:13,903] {subprocess.py:78} INFO - +++ manpath
[2021-10-10 19:56:13,904] {subprocess.py:78} INFO - manpath: warning: $PATH not set
[2021-10-10 19:56:13,904] {subprocess.py:78} INFO - ++ default_manpath=/usr/share/man:/usr/local/share/man
[2021-10-10 19:56:13,904] {subprocess.py:78} INFO - ++ set_environment
[2021-10-10 19:56:13,904] {subprocess.py:78} INFO - ++ '[' -z /usr/local/sbin:/usr/local/bin:/usr/sbin:/usr/bin:/sbin:/bin ']'
[2021-10-10 19:56:13,904] {subprocess.py:78} INFO - ++ PATH=/home/abd/root/root/bin:/usr/local/sbin:/usr/local/bin:/usr/sbin:/usr/bin:/sbin:/bin
[2021-10-10 19:56:13,904] {subprocess.py:78} INFO - ++ export PATH
[2021-10-10 19:56:13,904] {subprocess.py:78} INFO - ++ '[' -z '' ']'
[2021-10-10 19:56:13,904] {subprocess.py:78} INFO - ++ LD_LIBRARY_PATH=/home/abd/root/root/lib
[2021-10-10 19:56:13,904] {subprocess.py:78} INFO - ++ export LD_LIBRARY_PATH
[2021-10-10 19:56:13,904] {subprocess.py:78} INFO - ++ '[' -z '' ']'
[2021-10-10 19:56:13,904] {subprocess.py:78} INFO - ++ DYLD_LIBRARY_PATH=/home/abd/root/root/lib
[2021-10-10 19:56:13,904] {subprocess.py:78} INFO - ++ export DYLD_LIBRARY_PATH
[2021-10-10 19:56:13,904] {subprocess.py:78} INFO - ++ '[' -z '' ']'
[2021-10-10 19:56:13,905] {subprocess.py:78} INFO - ++ SHLIB_PATH=/home/abd/root/root/lib
[2021-10-10 19:56:13,905] {subprocess.py:78} INFO - ++ export SHLIB_PATH
[2021-10-10 19:56:13,905] {subprocess.py:78} INFO - ++ '[' -z '' ']'
[2021-10-10 19:56:13,905] {subprocess.py:78} INFO - ++ LIBPATH=/home/abd/root/root/lib
[2021-10-10 19:56:13,905] {subprocess.py:78} INFO - ++ export LIBPATH
[2021-10-10 19:56:13,905] {subprocess.py:78} INFO - ++ '[' -z '' ']'
[2021-10-10 19:56:13,905] {subprocess.py:78} INFO - ++ PYTHONPATH=/home/abd/root/root/lib
[2021-10-10 19:56:13,905] {subprocess.py:78} INFO - ++ export PYTHONPATH
[2021-10-10 19:56:13,905] {subprocess.py:78} INFO - ++ '[' -z '' ']'
[2021-10-10 19:56:13,905] {subprocess.py:78} INFO - ++ MANPATH=/home/abd/root/root/man:/usr/share/man:/usr/local/share/man
[2021-10-10 19:56:13,905] {subprocess.py:78} INFO - ++ export MANPATH
[2021-10-10 19:56:13,905] {subprocess.py:78} INFO - ++ '[' -z '' ']'
[2021-10-10 19:56:13,905] {subprocess.py:78} INFO - ++ CMAKE_PREFIX_PATH=/home/abd/root/root
[2021-10-10 19:56:13,905] {subprocess.py:78} INFO - ++ export CMAKE_PREFIX_PATH
[2021-10-10 19:56:13,905] {subprocess.py:78} INFO - ++ '[' -z '' ']'
[2021-10-10 19:56:13,905] {subprocess.py:78} INFO - ++ JUPYTER_PATH=/home/abd/root/root/etc/notebook
[2021-10-10 19:56:13,905] {subprocess.py:78} INFO - ++ export JUPYTER_PATH
[2021-10-10 19:56:13,905] {subprocess.py:78} INFO - ++ '[' -z '' ']'
[2021-10-10 19:56:13,905] {subprocess.py:78} INFO - ++ JUPYTER_CONFIG_DIR=/home/abd/root/root/etc/notebook
[2021-10-10 19:56:13,905] {subprocess.py:78} INFO - ++ export JUPYTER_CONFIG_DIR
[2021-10-10 19:56:13,905] {subprocess.py:78} INFO - ++ export CLING_STANDARD_PCH=none
[2021-10-10 19:56:13,905] {subprocess.py:78} INFO - ++ CLING_STANDARD_PCH=none
[2021-10-10 19:56:13,905] {subprocess.py:78} INFO - +++ root-config --arch
[2021-10-10 19:56:13,906] {subprocess.py:78} INFO - +++ grep -v win32gcc
[2021-10-10 19:56:13,906] {subprocess.py:78} INFO - +++ grep -i win32
[2021-10-10 19:56:13,915] {subprocess.py:78} INFO - ++ '[' x '!=' x ']'
[2021-10-10 19:56:13,915] {subprocess.py:78} INFO - ++ unset old_rootsys
[2021-10-10 19:56:13,915] {subprocess.py:78} INFO - ++ unset thisroot
[2021-10-10 19:56:13,915] {subprocess.py:78} INFO - ++ unset -f drop_from_path
[2021-10-10 19:56:13,915] {subprocess.py:78} INFO - ++ unset -f clean_environment
[2021-10-10 19:56:13,915] {subprocess.py:78} INFO - ++ unset -f set_environment
[2021-10-10 19:56:13,915] {subprocess.py:78} INFO - + pwd
[2021-10-10 19:56:13,916] {subprocess.py:78} INFO - /tmp/airflowtmpqi5j6g2k
[2021-10-10 19:56:13,916] {subprocess.py:78} INFO - + python /home/abd/airflow/code/generatetuple.py data 20000 /home/abd/airflow/data/bsm-search/data_5.root
[2021-10-10 19:56:14,982] {subprocess.py:82} INFO - Command exited with return code 0
[2021-10-10 19:56:14,994] {taskinstance.py:1212} INFO - Marking task as SUCCESS. dag_id=main, task_id=data.generate_group_data.generate_data_5, execution_date=20211009T000000, start_date=20211010T165613, end_date=20211010T165614
[2021-10-10 19:56:15,017] {local_task_job.py:151} INFO - Task exited with return code 0
[2021-10-10 19:56:15,030] {local_task_job.py:261} INFO - 1 downstream tasks scheduled from follow-on schedule check
[2021-10-10 20:17:46,176] {taskinstance.py:903} INFO - Dependencies all met for <TaskInstance: main.data.generate_group_data.generate_data_5 2021-10-09T00:00:00+00:00 [queued]>
[2021-10-10 20:17:46,182] {taskinstance.py:903} INFO - Dependencies all met for <TaskInstance: main.data.generate_group_data.generate_data_5 2021-10-09T00:00:00+00:00 [queued]>
[2021-10-10 20:17:46,182] {taskinstance.py:1095} INFO - 
--------------------------------------------------------------------------------
[2021-10-10 20:17:46,182] {taskinstance.py:1096} INFO - Starting attempt 1 of 2
[2021-10-10 20:17:46,182] {taskinstance.py:1097} INFO - 
--------------------------------------------------------------------------------
[2021-10-10 20:17:46,190] {taskinstance.py:1115} INFO - Executing <Task(BashOperator): data.generate_group_data.generate_data_5> on 2021-10-09T00:00:00+00:00
[2021-10-10 20:17:46,191] {standard_task_runner.py:52} INFO - Started process 10497 to run task
[2021-10-10 20:17:46,194] {standard_task_runner.py:76} INFO - Running: ['airflow', 'tasks', 'run', 'main', 'data.generate_group_data.generate_data_5', '2021-10-09T00:00:00+00:00', '--job-id', '586', '--pool', 'default_pool', '--raw', '--subdir', 'DAGS_FOLDER/main.py', '--cfg-path', '/tmp/tmpimgd7j2x', '--error-file', '/tmp/tmpdje914ve']
[2021-10-10 20:17:46,194] {standard_task_runner.py:77} INFO - Job 586: Subtask data.generate_group_data.generate_data_5
[2021-10-10 20:17:46,214] {logging_mixin.py:109} INFO - Running <TaskInstance: main.data.generate_group_data.generate_data_5 2021-10-09T00:00:00+00:00 [running]> on host abd
[2021-10-10 20:17:46,239] {taskinstance.py:1252} INFO - Exporting the following env vars:
AIRFLOW_CTX_DAG_OWNER=admin
AIRFLOW_CTX_DAG_ID=main
AIRFLOW_CTX_TASK_ID=data.generate_group_data.generate_data_5
AIRFLOW_CTX_EXECUTION_DATE=2021-10-09T00:00:00+00:00
AIRFLOW_CTX_DAG_RUN_ID=scheduled__2021-10-09T00:00:00+00:00
[2021-10-10 20:17:46,240] {subprocess.py:52} INFO - Tmp dir root location: 
 /tmp
[2021-10-10 20:17:46,240] {subprocess.py:63} INFO - Running command: ['bash', '-c', '\n            set -x\n            source ${thisroot}/thisroot.sh\n            pwd\n            python ${code}/generatetuple.py ${type} ${nevents} ${base_dir}/${type}_${jobnumber}.root\n            ']
[2021-10-10 20:17:46,244] {subprocess.py:74} INFO - Output:
[2021-10-10 20:17:46,244] {subprocess.py:78} INFO - + source /home/abd/root/root/bin/thisroot.sh
[2021-10-10 20:17:46,245] {subprocess.py:78} INFO - ++ '[' -n '' ']'
[2021-10-10 20:17:46,245] {subprocess.py:78} INFO - ++ SOURCE=/home/abd/root/root/bin/thisroot.sh
[2021-10-10 20:17:46,245] {subprocess.py:78} INFO - ++ '[' x/home/abd/root/root/bin/thisroot.sh = x ']'
[2021-10-10 20:17:46,245] {subprocess.py:78} INFO - ++ '[' x/home/abd/root/root/bin/thisroot.sh = x ']'
[2021-10-10 20:17:46,245] {subprocess.py:78} INFO - +++ dirname /home/abd/root/root/bin/thisroot.sh
[2021-10-10 20:17:46,246] {subprocess.py:78} INFO - ++ thisroot=/home/abd/root/root/bin
[2021-10-10 20:17:46,246] {subprocess.py:78} INFO - +++ cd /home/abd/root/root/bin/..
[2021-10-10 20:17:46,246] {subprocess.py:78} INFO - +++ pwd
[2021-10-10 20:17:46,246] {subprocess.py:78} INFO - ++ ROOTSYS=/home/abd/root/root
[2021-10-10 20:17:46,246] {subprocess.py:78} INFO - ++ export ROOTSYS
[2021-10-10 20:17:46,246] {subprocess.py:78} INFO - ++ clean_environment
[2021-10-10 20:17:46,246] {subprocess.py:78} INFO - ++ '[' -n '' ']'
[2021-10-10 20:17:46,246] {subprocess.py:78} INFO - ++ '[' -z '' ']'
[2021-10-10 20:17:46,246] {subprocess.py:78} INFO - ++ command -v manpath
[2021-10-10 20:17:46,246] {subprocess.py:78} INFO - +++ manpath
[2021-10-10 20:17:46,247] {subprocess.py:78} INFO - manpath: warning: $PATH not set
[2021-10-10 20:17:46,248] {subprocess.py:78} INFO - ++ default_manpath=/usr/share/man:/usr/local/share/man
[2021-10-10 20:17:46,248] {subprocess.py:78} INFO - ++ set_environment
[2021-10-10 20:17:46,248] {subprocess.py:78} INFO - ++ '[' -z /usr/local/sbin:/usr/local/bin:/usr/sbin:/usr/bin:/sbin:/bin ']'
[2021-10-10 20:17:46,248] {subprocess.py:78} INFO - ++ PATH=/home/abd/root/root/bin:/usr/local/sbin:/usr/local/bin:/usr/sbin:/usr/bin:/sbin:/bin
[2021-10-10 20:17:46,248] {subprocess.py:78} INFO - ++ export PATH
[2021-10-10 20:17:46,248] {subprocess.py:78} INFO - ++ '[' -z '' ']'
[2021-10-10 20:17:46,248] {subprocess.py:78} INFO - ++ LD_LIBRARY_PATH=/home/abd/root/root/lib
[2021-10-10 20:17:46,248] {subprocess.py:78} INFO - ++ export LD_LIBRARY_PATH
[2021-10-10 20:17:46,248] {subprocess.py:78} INFO - ++ '[' -z '' ']'
[2021-10-10 20:17:46,248] {subprocess.py:78} INFO - ++ DYLD_LIBRARY_PATH=/home/abd/root/root/lib
[2021-10-10 20:17:46,248] {subprocess.py:78} INFO - ++ export DYLD_LIBRARY_PATH
[2021-10-10 20:17:46,248] {subprocess.py:78} INFO - ++ '[' -z '' ']'
[2021-10-10 20:17:46,248] {subprocess.py:78} INFO - ++ SHLIB_PATH=/home/abd/root/root/lib
[2021-10-10 20:17:46,248] {subprocess.py:78} INFO - ++ export SHLIB_PATH
[2021-10-10 20:17:46,248] {subprocess.py:78} INFO - ++ '[' -z '' ']'
[2021-10-10 20:17:46,248] {subprocess.py:78} INFO - ++ LIBPATH=/home/abd/root/root/lib
[2021-10-10 20:17:46,248] {subprocess.py:78} INFO - ++ export LIBPATH
[2021-10-10 20:17:46,248] {subprocess.py:78} INFO - ++ '[' -z '' ']'
[2021-10-10 20:17:46,248] {subprocess.py:78} INFO - ++ PYTHONPATH=/home/abd/root/root/lib
[2021-10-10 20:17:46,248] {subprocess.py:78} INFO - ++ export PYTHONPATH
[2021-10-10 20:17:46,248] {subprocess.py:78} INFO - ++ '[' -z '' ']'
[2021-10-10 20:17:46,248] {subprocess.py:78} INFO - ++ MANPATH=/home/abd/root/root/man:/usr/share/man:/usr/local/share/man
[2021-10-10 20:17:46,248] {subprocess.py:78} INFO - ++ export MANPATH
[2021-10-10 20:17:46,248] {subprocess.py:78} INFO - ++ '[' -z '' ']'
[2021-10-10 20:17:46,248] {subprocess.py:78} INFO - ++ CMAKE_PREFIX_PATH=/home/abd/root/root
[2021-10-10 20:17:46,248] {subprocess.py:78} INFO - ++ export CMAKE_PREFIX_PATH
[2021-10-10 20:17:46,248] {subprocess.py:78} INFO - ++ '[' -z '' ']'
[2021-10-10 20:17:46,249] {subprocess.py:78} INFO - ++ JUPYTER_PATH=/home/abd/root/root/etc/notebook
[2021-10-10 20:17:46,249] {subprocess.py:78} INFO - ++ export JUPYTER_PATH
[2021-10-10 20:17:46,249] {subprocess.py:78} INFO - ++ '[' -z '' ']'
[2021-10-10 20:17:46,249] {subprocess.py:78} INFO - ++ JUPYTER_CONFIG_DIR=/home/abd/root/root/etc/notebook
[2021-10-10 20:17:46,249] {subprocess.py:78} INFO - ++ export JUPYTER_CONFIG_DIR
[2021-10-10 20:17:46,249] {subprocess.py:78} INFO - ++ export CLING_STANDARD_PCH=none
[2021-10-10 20:17:46,249] {subprocess.py:78} INFO - ++ CLING_STANDARD_PCH=none
[2021-10-10 20:17:46,249] {subprocess.py:78} INFO - +++ root-config --arch
[2021-10-10 20:17:46,249] {subprocess.py:78} INFO - +++ grep -v win32gcc
[2021-10-10 20:17:46,249] {subprocess.py:78} INFO - +++ grep -i win32
[2021-10-10 20:17:46,259] {subprocess.py:78} INFO - ++ '[' x '!=' x ']'
[2021-10-10 20:17:46,259] {subprocess.py:78} INFO - ++ unset old_rootsys
[2021-10-10 20:17:46,259] {subprocess.py:78} INFO - ++ unset thisroot
[2021-10-10 20:17:46,259] {subprocess.py:78} INFO - ++ unset -f drop_from_path
[2021-10-10 20:17:46,259] {subprocess.py:78} INFO - ++ unset -f clean_environment
[2021-10-10 20:17:46,259] {subprocess.py:78} INFO - ++ unset -f set_environment
[2021-10-10 20:17:46,259] {subprocess.py:78} INFO - + pwd
[2021-10-10 20:17:46,259] {subprocess.py:78} INFO - /tmp/airflowtmp4qhpkhpj
[2021-10-10 20:17:46,259] {subprocess.py:78} INFO - + python /home/abd/airflow/code/generatetuple.py data 20000 /home/abd/airflow/data/bsm-search/data_5.root
[2021-10-10 20:17:47,311] {subprocess.py:82} INFO - Command exited with return code 0
[2021-10-10 20:17:47,322] {taskinstance.py:1212} INFO - Marking task as SUCCESS. dag_id=main, task_id=data.generate_group_data.generate_data_5, execution_date=20211009T000000, start_date=20211010T171746, end_date=20211010T171747
[2021-10-10 20:17:47,368] {local_task_job.py:151} INFO - Task exited with return code 0
[2021-10-10 20:17:47,407] {local_task_job.py:261} INFO - 1 downstream tasks scheduled from follow-on schedule check
[2021-10-10 20:37:08,563] {taskinstance.py:903} INFO - Dependencies all met for <TaskInstance: main.data.generate_group_data.generate_data_5 2021-10-09T00:00:00+00:00 [queued]>
[2021-10-10 20:37:08,569] {taskinstance.py:903} INFO - Dependencies all met for <TaskInstance: main.data.generate_group_data.generate_data_5 2021-10-09T00:00:00+00:00 [queued]>
[2021-10-10 20:37:08,569] {taskinstance.py:1095} INFO - 
--------------------------------------------------------------------------------
[2021-10-10 20:37:08,569] {taskinstance.py:1096} INFO - Starting attempt 1 of 2
[2021-10-10 20:37:08,569] {taskinstance.py:1097} INFO - 
--------------------------------------------------------------------------------
[2021-10-10 20:37:08,577] {taskinstance.py:1115} INFO - Executing <Task(BashOperator): data.generate_group_data.generate_data_5> on 2021-10-09T00:00:00+00:00
[2021-10-10 20:37:08,578] {standard_task_runner.py:52} INFO - Started process 14718 to run task
[2021-10-10 20:37:08,581] {standard_task_runner.py:76} INFO - Running: ['airflow', 'tasks', 'run', 'main', 'data.generate_group_data.generate_data_5', '2021-10-09T00:00:00+00:00', '--job-id', '586', '--pool', 'default_pool', '--raw', '--subdir', 'DAGS_FOLDER/main.py', '--cfg-path', '/tmp/tmpi17sds17', '--error-file', '/tmp/tmptqua82a9']
[2021-10-10 20:37:08,582] {standard_task_runner.py:77} INFO - Job 586: Subtask data.generate_group_data.generate_data_5
[2021-10-10 20:37:08,600] {logging_mixin.py:109} INFO - Running <TaskInstance: main.data.generate_group_data.generate_data_5 2021-10-09T00:00:00+00:00 [running]> on host abd
[2021-10-10 20:37:08,625] {taskinstance.py:1252} INFO - Exporting the following env vars:
AIRFLOW_CTX_DAG_OWNER=admin
AIRFLOW_CTX_DAG_ID=main
AIRFLOW_CTX_TASK_ID=data.generate_group_data.generate_data_5
AIRFLOW_CTX_EXECUTION_DATE=2021-10-09T00:00:00+00:00
AIRFLOW_CTX_DAG_RUN_ID=scheduled__2021-10-09T00:00:00+00:00
[2021-10-10 20:37:08,625] {subprocess.py:52} INFO - Tmp dir root location: 
 /tmp
[2021-10-10 20:37:08,625] {subprocess.py:63} INFO - Running command: ['bash', '-c', '\n            set -x\n            source ${thisroot}/thisroot.sh\n            pwd\n            python ${code}/generatetuple.py ${type} ${nevents} ${base_dir}/${type}_${jobnumber}.root\n            ']
[2021-10-10 20:37:08,629] {subprocess.py:74} INFO - Output:
[2021-10-10 20:37:08,630] {subprocess.py:78} INFO - + source /home/abd/root/root/bin/thisroot.sh
[2021-10-10 20:37:08,630] {subprocess.py:78} INFO - ++ '[' -n '' ']'
[2021-10-10 20:37:08,630] {subprocess.py:78} INFO - ++ SOURCE=/home/abd/root/root/bin/thisroot.sh
[2021-10-10 20:37:08,630] {subprocess.py:78} INFO - ++ '[' x/home/abd/root/root/bin/thisroot.sh = x ']'
[2021-10-10 20:37:08,630] {subprocess.py:78} INFO - ++ '[' x/home/abd/root/root/bin/thisroot.sh = x ']'
[2021-10-10 20:37:08,630] {subprocess.py:78} INFO - +++ dirname /home/abd/root/root/bin/thisroot.sh
[2021-10-10 20:37:08,631] {subprocess.py:78} INFO - ++ thisroot=/home/abd/root/root/bin
[2021-10-10 20:37:08,631] {subprocess.py:78} INFO - +++ cd /home/abd/root/root/bin/..
[2021-10-10 20:37:08,631] {subprocess.py:78} INFO - +++ pwd
[2021-10-10 20:37:08,631] {subprocess.py:78} INFO - ++ ROOTSYS=/home/abd/root/root
[2021-10-10 20:37:08,632] {subprocess.py:78} INFO - ++ export ROOTSYS
[2021-10-10 20:37:08,632] {subprocess.py:78} INFO - ++ clean_environment
[2021-10-10 20:37:08,632] {subprocess.py:78} INFO - ++ '[' -n '' ']'
[2021-10-10 20:37:08,632] {subprocess.py:78} INFO - ++ '[' -z '' ']'
[2021-10-10 20:37:08,632] {subprocess.py:78} INFO - ++ command -v manpath
[2021-10-10 20:37:08,632] {subprocess.py:78} INFO - +++ manpath
[2021-10-10 20:37:08,633] {subprocess.py:78} INFO - manpath: warning: $PATH not set
[2021-10-10 20:37:08,633] {subprocess.py:78} INFO - ++ default_manpath=/usr/share/man:/usr/local/share/man
[2021-10-10 20:37:08,633] {subprocess.py:78} INFO - ++ set_environment
[2021-10-10 20:37:08,633] {subprocess.py:78} INFO - ++ '[' -z /usr/local/sbin:/usr/local/bin:/usr/sbin:/usr/bin:/sbin:/bin ']'
[2021-10-10 20:37:08,633] {subprocess.py:78} INFO - ++ PATH=/home/abd/root/root/bin:/usr/local/sbin:/usr/local/bin:/usr/sbin:/usr/bin:/sbin:/bin
[2021-10-10 20:37:08,633] {subprocess.py:78} INFO - ++ export PATH
[2021-10-10 20:37:08,633] {subprocess.py:78} INFO - ++ '[' -z '' ']'
[2021-10-10 20:37:08,633] {subprocess.py:78} INFO - ++ LD_LIBRARY_PATH=/home/abd/root/root/lib
[2021-10-10 20:37:08,633] {subprocess.py:78} INFO - ++ export LD_LIBRARY_PATH
[2021-10-10 20:37:08,633] {subprocess.py:78} INFO - ++ '[' -z '' ']'
[2021-10-10 20:37:08,633] {subprocess.py:78} INFO - ++ DYLD_LIBRARY_PATH=/home/abd/root/root/lib
[2021-10-10 20:37:08,633] {subprocess.py:78} INFO - ++ export DYLD_LIBRARY_PATH
[2021-10-10 20:37:08,633] {subprocess.py:78} INFO - ++ '[' -z '' ']'
[2021-10-10 20:37:08,633] {subprocess.py:78} INFO - ++ SHLIB_PATH=/home/abd/root/root/lib
[2021-10-10 20:37:08,633] {subprocess.py:78} INFO - ++ export SHLIB_PATH
[2021-10-10 20:37:08,633] {subprocess.py:78} INFO - ++ '[' -z '' ']'
[2021-10-10 20:37:08,633] {subprocess.py:78} INFO - ++ LIBPATH=/home/abd/root/root/lib
[2021-10-10 20:37:08,633] {subprocess.py:78} INFO - ++ export LIBPATH
[2021-10-10 20:37:08,633] {subprocess.py:78} INFO - ++ '[' -z '' ']'
[2021-10-10 20:37:08,633] {subprocess.py:78} INFO - ++ PYTHONPATH=/home/abd/root/root/lib
[2021-10-10 20:37:08,634] {subprocess.py:78} INFO - ++ export PYTHONPATH
[2021-10-10 20:37:08,634] {subprocess.py:78} INFO - ++ '[' -z '' ']'
[2021-10-10 20:37:08,634] {subprocess.py:78} INFO - ++ MANPATH=/home/abd/root/root/man:/usr/share/man:/usr/local/share/man
[2021-10-10 20:37:08,634] {subprocess.py:78} INFO - ++ export MANPATH
[2021-10-10 20:37:08,634] {subprocess.py:78} INFO - ++ '[' -z '' ']'
[2021-10-10 20:37:08,634] {subprocess.py:78} INFO - ++ CMAKE_PREFIX_PATH=/home/abd/root/root
[2021-10-10 20:37:08,634] {subprocess.py:78} INFO - ++ export CMAKE_PREFIX_PATH
[2021-10-10 20:37:08,634] {subprocess.py:78} INFO - ++ '[' -z '' ']'
[2021-10-10 20:37:08,634] {subprocess.py:78} INFO - ++ JUPYTER_PATH=/home/abd/root/root/etc/notebook
[2021-10-10 20:37:08,634] {subprocess.py:78} INFO - ++ export JUPYTER_PATH
[2021-10-10 20:37:08,634] {subprocess.py:78} INFO - ++ '[' -z '' ']'
[2021-10-10 20:37:08,634] {subprocess.py:78} INFO - ++ JUPYTER_CONFIG_DIR=/home/abd/root/root/etc/notebook
[2021-10-10 20:37:08,634] {subprocess.py:78} INFO - ++ export JUPYTER_CONFIG_DIR
[2021-10-10 20:37:08,634] {subprocess.py:78} INFO - ++ export CLING_STANDARD_PCH=none
[2021-10-10 20:37:08,634] {subprocess.py:78} INFO - ++ CLING_STANDARD_PCH=none
[2021-10-10 20:37:08,634] {subprocess.py:78} INFO - +++ root-config --arch
[2021-10-10 20:37:08,634] {subprocess.py:78} INFO - +++ grep -v win32gcc
[2021-10-10 20:37:08,634] {subprocess.py:78} INFO - +++ grep -i win32
[2021-10-10 20:37:08,644] {subprocess.py:78} INFO - ++ '[' x '!=' x ']'
[2021-10-10 20:37:08,644] {subprocess.py:78} INFO - ++ unset old_rootsys
[2021-10-10 20:37:08,644] {subprocess.py:78} INFO - ++ unset thisroot
[2021-10-10 20:37:08,644] {subprocess.py:78} INFO - ++ unset -f drop_from_path
[2021-10-10 20:37:08,644] {subprocess.py:78} INFO - ++ unset -f clean_environment
[2021-10-10 20:37:08,644] {subprocess.py:78} INFO - ++ unset -f set_environment
[2021-10-10 20:37:08,644] {subprocess.py:78} INFO - + pwd
[2021-10-10 20:37:08,644] {subprocess.py:78} INFO - /tmp/airflowtmpsszi1z6v
[2021-10-10 20:37:08,644] {subprocess.py:78} INFO - + python /home/abd/airflow/code/generatetuple.py data 20000 /home/abd/airflow/data/bsm-search/data_5.root
[2021-10-10 20:37:09,743] {subprocess.py:82} INFO - Command exited with return code 0
[2021-10-10 20:37:09,755] {taskinstance.py:1212} INFO - Marking task as SUCCESS. dag_id=main, task_id=data.generate_group_data.generate_data_5, execution_date=20211009T000000, start_date=20211010T173708, end_date=20211010T173709
[2021-10-10 20:37:09,795] {local_task_job.py:151} INFO - Task exited with return code 0
[2021-10-10 20:37:09,810] {local_task_job.py:261} INFO - 1 downstream tasks scheduled from follow-on schedule check
