[2021-10-10 17:32:12,618] {taskinstance.py:903} INFO - Dependencies all met for <TaskInstance: main.singal.merge_root_group_sig.merge_sig 2021-10-09T00:00:00+00:00 [queued]>
[2021-10-10 17:32:12,625] {taskinstance.py:903} INFO - Dependencies all met for <TaskInstance: main.singal.merge_root_group_sig.merge_sig 2021-10-09T00:00:00+00:00 [queued]>
[2021-10-10 17:32:12,625] {taskinstance.py:1095} INFO - 
--------------------------------------------------------------------------------
[2021-10-10 17:32:12,625] {taskinstance.py:1096} INFO - Starting attempt 1 of 2
[2021-10-10 17:32:12,625] {taskinstance.py:1097} INFO - 
--------------------------------------------------------------------------------
[2021-10-10 17:32:12,632] {taskinstance.py:1115} INFO - Executing <Task(BashOperator): singal.merge_root_group_sig.merge_sig> on 2021-10-09T00:00:00+00:00
[2021-10-10 17:32:12,634] {standard_task_runner.py:52} INFO - Started process 22960 to run task
[2021-10-10 17:32:12,637] {standard_task_runner.py:76} INFO - Running: ['airflow', 'tasks', 'run', 'main', 'singal.merge_root_group_sig.merge_sig', '2021-10-09T00:00:00+00:00', '--job-id', '590', '--pool', 'default_pool', '--raw', '--subdir', 'DAGS_FOLDER/main.py', '--cfg-path', '/tmp/tmp054rqfpi', '--error-file', '/tmp/tmpnkbapz3j']
[2021-10-10 17:32:12,637] {standard_task_runner.py:77} INFO - Job 590: Subtask singal.merge_root_group_sig.merge_sig
[2021-10-10 17:32:12,659] {logging_mixin.py:109} INFO - Running <TaskInstance: main.singal.merge_root_group_sig.merge_sig 2021-10-09T00:00:00+00:00 [running]> on host abd
[2021-10-10 17:32:12,685] {taskinstance.py:1252} INFO - Exporting the following env vars:
AIRFLOW_CTX_DAG_OWNER=admin
AIRFLOW_CTX_DAG_ID=main
AIRFLOW_CTX_TASK_ID=singal.merge_root_group_sig.merge_sig
AIRFLOW_CTX_EXECUTION_DATE=2021-10-09T00:00:00+00:00
AIRFLOW_CTX_DAG_RUN_ID=scheduled__2021-10-09T00:00:00+00:00
[2021-10-10 17:32:12,685] {subprocess.py:52} INFO - Tmp dir root location: 
 /tmp
[2021-10-10 17:32:12,685] {subprocess.py:63} INFO - Running command: ['bash', '-c', '\n            set -x\n            BASE_DIR=${base_dir}\n            BASE=${type}\n            END=${njobs}\n            INPUTS=""\n            for ((c=1;c<${END}+1;c++)); do\n                INPUTS="$INPUTS $(printf ${BASE_DIR}/${BASE}_${c}.root)"\n            done\n            echo Inputs: ${INPUTS}\n            source ${thisroot}/thisroot.sh\n            hadd -f ${BASE_DIR}/${BASE}.root ${INPUTS}\n            ']
[2021-10-10 17:32:12,689] {subprocess.py:74} INFO - Output:
[2021-10-10 17:32:12,690] {subprocess.py:78} INFO - + BASE_DIR=/home/abd/airflow/data/bsm-search
[2021-10-10 17:32:12,690] {subprocess.py:78} INFO - + BASE=sig
[2021-10-10 17:32:12,690] {subprocess.py:78} INFO - + END=2
[2021-10-10 17:32:12,690] {subprocess.py:78} INFO - + INPUTS=
[2021-10-10 17:32:12,690] {subprocess.py:78} INFO - + (( c=1 ))
[2021-10-10 17:32:12,690] {subprocess.py:78} INFO - + (( c<2+1 ))
[2021-10-10 17:32:12,690] {subprocess.py:78} INFO - ++ printf /home/abd/airflow/data/bsm-search/sig_1.root
[2021-10-10 17:32:12,690] {subprocess.py:78} INFO - + INPUTS=' /home/abd/airflow/data/bsm-search/sig_1.root'
[2021-10-10 17:32:12,690] {subprocess.py:78} INFO - + (( c++ ))
[2021-10-10 17:32:12,690] {subprocess.py:78} INFO - + (( c<2+1 ))
[2021-10-10 17:32:12,690] {subprocess.py:78} INFO - ++ printf /home/abd/airflow/data/bsm-search/sig_2.root
[2021-10-10 17:32:12,690] {subprocess.py:78} INFO - + INPUTS=' /home/abd/airflow/data/bsm-search/sig_1.root /home/abd/airflow/data/bsm-search/sig_2.root'
[2021-10-10 17:32:12,691] {subprocess.py:78} INFO - + (( c++ ))
[2021-10-10 17:32:12,691] {subprocess.py:78} INFO - + (( c<2+1 ))
[2021-10-10 17:32:12,691] {subprocess.py:78} INFO - + echo Inputs: /home/abd/airflow/data/bsm-search/sig_1.root /home/abd/airflow/data/bsm-search/sig_2.root
[2021-10-10 17:32:12,691] {subprocess.py:78} INFO - Inputs: /home/abd/airflow/data/bsm-search/sig_1.root /home/abd/airflow/data/bsm-search/sig_2.root
[2021-10-10 17:32:12,691] {subprocess.py:78} INFO - + source /home/abd/root/root/bin/thisroot.sh
[2021-10-10 17:32:12,691] {subprocess.py:78} INFO - ++ '[' -n '' ']'
[2021-10-10 17:32:12,691] {subprocess.py:78} INFO - ++ SOURCE=/home/abd/root/root/bin/thisroot.sh
[2021-10-10 17:32:12,691] {subprocess.py:78} INFO - ++ '[' x/home/abd/root/root/bin/thisroot.sh = x ']'
[2021-10-10 17:32:12,691] {subprocess.py:78} INFO - ++ '[' x/home/abd/root/root/bin/thisroot.sh = x ']'
[2021-10-10 17:32:12,691] {subprocess.py:78} INFO - +++ dirname /home/abd/root/root/bin/thisroot.sh
[2021-10-10 17:32:12,692] {subprocess.py:78} INFO - ++ thisroot=/home/abd/root/root/bin
[2021-10-10 17:32:12,692] {subprocess.py:78} INFO - +++ cd /home/abd/root/root/bin/..
[2021-10-10 17:32:12,692] {subprocess.py:78} INFO - +++ pwd
[2021-10-10 17:32:12,692] {subprocess.py:78} INFO - ++ ROOTSYS=/home/abd/root/root
[2021-10-10 17:32:12,692] {subprocess.py:78} INFO - ++ export ROOTSYS
[2021-10-10 17:32:12,692] {subprocess.py:78} INFO - ++ clean_environment
[2021-10-10 17:32:12,692] {subprocess.py:78} INFO - ++ '[' -n '' ']'
[2021-10-10 17:32:12,692] {subprocess.py:78} INFO - ++ '[' -z '' ']'
[2021-10-10 17:32:12,692] {subprocess.py:78} INFO - ++ command -v manpath
[2021-10-10 17:32:12,692] {subprocess.py:78} INFO - +++ manpath
[2021-10-10 17:32:12,693] {subprocess.py:78} INFO - manpath: warning: $PATH not set
[2021-10-10 17:32:12,693] {subprocess.py:78} INFO - ++ default_manpath=/usr/share/man:/usr/local/share/man
[2021-10-10 17:32:12,693] {subprocess.py:78} INFO - ++ set_environment
[2021-10-10 17:32:12,694] {subprocess.py:78} INFO - ++ '[' -z /usr/local/sbin:/usr/local/bin:/usr/sbin:/usr/bin:/sbin:/bin ']'
[2021-10-10 17:32:12,694] {subprocess.py:78} INFO - ++ PATH=/home/abd/root/root/bin:/usr/local/sbin:/usr/local/bin:/usr/sbin:/usr/bin:/sbin:/bin
[2021-10-10 17:32:12,694] {subprocess.py:78} INFO - ++ export PATH
[2021-10-10 17:32:12,694] {subprocess.py:78} INFO - ++ '[' -z '' ']'
[2021-10-10 17:32:12,694] {subprocess.py:78} INFO - ++ LD_LIBRARY_PATH=/home/abd/root/root/lib
[2021-10-10 17:32:12,694] {subprocess.py:78} INFO - ++ export LD_LIBRARY_PATH
[2021-10-10 17:32:12,694] {subprocess.py:78} INFO - ++ '[' -z '' ']'
[2021-10-10 17:32:12,694] {subprocess.py:78} INFO - ++ DYLD_LIBRARY_PATH=/home/abd/root/root/lib
[2021-10-10 17:32:12,694] {subprocess.py:78} INFO - ++ export DYLD_LIBRARY_PATH
[2021-10-10 17:32:12,694] {subprocess.py:78} INFO - ++ '[' -z '' ']'
[2021-10-10 17:32:12,694] {subprocess.py:78} INFO - ++ SHLIB_PATH=/home/abd/root/root/lib
[2021-10-10 17:32:12,694] {subprocess.py:78} INFO - ++ export SHLIB_PATH
[2021-10-10 17:32:12,694] {subprocess.py:78} INFO - ++ '[' -z '' ']'
[2021-10-10 17:32:12,694] {subprocess.py:78} INFO - ++ LIBPATH=/home/abd/root/root/lib
[2021-10-10 17:32:12,694] {subprocess.py:78} INFO - ++ export LIBPATH
[2021-10-10 17:32:12,694] {subprocess.py:78} INFO - ++ '[' -z '' ']'
[2021-10-10 17:32:12,694] {subprocess.py:78} INFO - ++ PYTHONPATH=/home/abd/root/root/lib
[2021-10-10 17:32:12,694] {subprocess.py:78} INFO - ++ export PYTHONPATH
[2021-10-10 17:32:12,694] {subprocess.py:78} INFO - ++ '[' -z '' ']'
[2021-10-10 17:32:12,694] {subprocess.py:78} INFO - ++ MANPATH=/home/abd/root/root/man:/usr/share/man:/usr/local/share/man
[2021-10-10 17:32:12,694] {subprocess.py:78} INFO - ++ export MANPATH
[2021-10-10 17:32:12,694] {subprocess.py:78} INFO - ++ '[' -z '' ']'
[2021-10-10 17:32:12,694] {subprocess.py:78} INFO - ++ CMAKE_PREFIX_PATH=/home/abd/root/root
[2021-10-10 17:32:12,694] {subprocess.py:78} INFO - ++ export CMAKE_PREFIX_PATH
[2021-10-10 17:32:12,694] {subprocess.py:78} INFO - ++ '[' -z '' ']'
[2021-10-10 17:32:12,694] {subprocess.py:78} INFO - ++ JUPYTER_PATH=/home/abd/root/root/etc/notebook
[2021-10-10 17:32:12,695] {subprocess.py:78} INFO - ++ export JUPYTER_PATH
[2021-10-10 17:32:12,695] {subprocess.py:78} INFO - ++ '[' -z '' ']'
[2021-10-10 17:32:12,695] {subprocess.py:78} INFO - ++ JUPYTER_CONFIG_DIR=/home/abd/root/root/etc/notebook
[2021-10-10 17:32:12,695] {subprocess.py:78} INFO - ++ export JUPYTER_CONFIG_DIR
[2021-10-10 17:32:12,695] {subprocess.py:78} INFO - ++ export CLING_STANDARD_PCH=none
[2021-10-10 17:32:12,695] {subprocess.py:78} INFO - ++ CLING_STANDARD_PCH=none
[2021-10-10 17:32:12,695] {subprocess.py:78} INFO - +++ root-config --arch
[2021-10-10 17:32:12,695] {subprocess.py:78} INFO - +++ grep -v win32gcc
[2021-10-10 17:32:12,695] {subprocess.py:78} INFO - +++ grep -i win32
[2021-10-10 17:32:12,709] {subprocess.py:78} INFO - ++ '[' x '!=' x ']'
[2021-10-10 17:32:12,709] {subprocess.py:78} INFO - ++ unset old_rootsys
[2021-10-10 17:32:12,709] {subprocess.py:78} INFO - ++ unset thisroot
[2021-10-10 17:32:12,709] {subprocess.py:78} INFO - ++ unset -f drop_from_path
[2021-10-10 17:32:12,709] {subprocess.py:78} INFO - ++ unset -f clean_environment
[2021-10-10 17:32:12,709] {subprocess.py:78} INFO - ++ unset -f set_environment
[2021-10-10 17:32:12,709] {subprocess.py:78} INFO - + hadd -f /home/abd/airflow/data/bsm-search/sig.root /home/abd/airflow/data/bsm-search/sig_1.root /home/abd/airflow/data/bsm-search/sig_2.root
[2021-10-10 17:32:12,980] {subprocess.py:78} INFO - hadd Target file: /home/abd/airflow/data/bsm-search/sig.root
[2021-10-10 17:32:12,984] {subprocess.py:78} INFO - hadd compression setting for all output: 1
[2021-10-10 17:32:13,039] {subprocess.py:78} INFO - hadd Source file 1: /home/abd/airflow/data/bsm-search/sig_1.root
[2021-10-10 17:32:13,065] {subprocess.py:78} INFO - hadd Source file 2: /home/abd/airflow/data/bsm-search/sig_2.root
[2021-10-10 17:32:13,066] {subprocess.py:78} INFO - hadd Target path: /home/abd/airflow/data/bsm-search/sig.root:/
[2021-10-10 17:32:13,130] {subprocess.py:82} INFO - Command exited with return code 0
[2021-10-10 17:32:13,151] {taskinstance.py:1212} INFO - Marking task as SUCCESS. dag_id=main, task_id=singal.merge_root_group_sig.merge_sig, execution_date=20211009T000000, start_date=20211010T143212, end_date=20211010T143213
[2021-10-10 17:32:13,209] {local_task_job.py:151} INFO - Task exited with return code 0
[2021-10-10 17:32:13,256] {local_task_job.py:261} INFO - 1 downstream tasks scheduled from follow-on schedule check
[2021-10-10 19:36:52,218] {taskinstance.py:903} INFO - Dependencies all met for <TaskInstance: main.singal.merge_root_group_sig.merge_sig 2021-10-09T00:00:00+00:00 [queued]>
[2021-10-10 19:36:52,223] {taskinstance.py:903} INFO - Dependencies all met for <TaskInstance: main.singal.merge_root_group_sig.merge_sig 2021-10-09T00:00:00+00:00 [queued]>
[2021-10-10 19:36:52,223] {taskinstance.py:1095} INFO - 
--------------------------------------------------------------------------------
[2021-10-10 19:36:52,224] {taskinstance.py:1096} INFO - Starting attempt 1 of 2
[2021-10-10 19:36:52,224] {taskinstance.py:1097} INFO - 
--------------------------------------------------------------------------------
[2021-10-10 19:36:52,231] {taskinstance.py:1115} INFO - Executing <Task(BashOperator): singal.merge_root_group_sig.merge_sig> on 2021-10-09T00:00:00+00:00
[2021-10-10 19:36:52,233] {standard_task_runner.py:52} INFO - Started process 56550 to run task
[2021-10-10 19:36:52,236] {standard_task_runner.py:76} INFO - Running: ['airflow', 'tasks', 'run', 'main', 'singal.merge_root_group_sig.merge_sig', '2021-10-09T00:00:00+00:00', '--job-id', '590', '--pool', 'default_pool', '--raw', '--subdir', 'DAGS_FOLDER/main.py', '--cfg-path', '/tmp/tmpbkv4kirf', '--error-file', '/tmp/tmp8nksvmzd']
[2021-10-10 19:36:52,236] {standard_task_runner.py:77} INFO - Job 590: Subtask singal.merge_root_group_sig.merge_sig
[2021-10-10 19:36:52,255] {logging_mixin.py:109} INFO - Running <TaskInstance: main.singal.merge_root_group_sig.merge_sig 2021-10-09T00:00:00+00:00 [running]> on host abd
[2021-10-10 19:36:52,279] {taskinstance.py:1252} INFO - Exporting the following env vars:
AIRFLOW_CTX_DAG_OWNER=admin
AIRFLOW_CTX_DAG_ID=main
AIRFLOW_CTX_TASK_ID=singal.merge_root_group_sig.merge_sig
AIRFLOW_CTX_EXECUTION_DATE=2021-10-09T00:00:00+00:00
AIRFLOW_CTX_DAG_RUN_ID=scheduled__2021-10-09T00:00:00+00:00
[2021-10-10 19:36:52,280] {subprocess.py:52} INFO - Tmp dir root location: 
 /tmp
[2021-10-10 19:36:52,280] {subprocess.py:63} INFO - Running command: ['bash', '-c', '\n            set -x\n            BASE_DIR=${base_dir}\n            BASE=${type}\n            END=${njobs}\n            INPUTS=""\n            for ((c=1;c<${END}+1;c++)); do\n                INPUTS="$INPUTS $(printf ${BASE_DIR}/${BASE}_${c}.root)"\n            done\n            echo Inputs: ${INPUTS}\n            source ${thisroot}/thisroot.sh\n            hadd -f ${BASE_DIR}/${BASE}.root ${INPUTS}\n            ']
[2021-10-10 19:36:52,283] {subprocess.py:74} INFO - Output:
[2021-10-10 19:36:52,284] {subprocess.py:78} INFO - + BASE_DIR=/home/abd/airflow/data/bsm-search
[2021-10-10 19:36:52,284] {subprocess.py:78} INFO - + BASE=sig
[2021-10-10 19:36:52,284] {subprocess.py:78} INFO - + END=2
[2021-10-10 19:36:52,284] {subprocess.py:78} INFO - + INPUTS=
[2021-10-10 19:36:52,284] {subprocess.py:78} INFO - + (( c=1 ))
[2021-10-10 19:36:52,284] {subprocess.py:78} INFO - + (( c<2+1 ))
[2021-10-10 19:36:52,285] {subprocess.py:78} INFO - ++ printf /home/abd/airflow/data/bsm-search/sig_1.root
[2021-10-10 19:36:52,285] {subprocess.py:78} INFO - + INPUTS=' /home/abd/airflow/data/bsm-search/sig_1.root'
[2021-10-10 19:36:52,285] {subprocess.py:78} INFO - + (( c++ ))
[2021-10-10 19:36:52,285] {subprocess.py:78} INFO - + (( c<2+1 ))
[2021-10-10 19:36:52,285] {subprocess.py:78} INFO - ++ printf /home/abd/airflow/data/bsm-search/sig_2.root
[2021-10-10 19:36:52,285] {subprocess.py:78} INFO - + INPUTS=' /home/abd/airflow/data/bsm-search/sig_1.root /home/abd/airflow/data/bsm-search/sig_2.root'
[2021-10-10 19:36:52,285] {subprocess.py:78} INFO - + (( c++ ))
[2021-10-10 19:36:52,285] {subprocess.py:78} INFO - + (( c<2+1 ))
[2021-10-10 19:36:52,285] {subprocess.py:78} INFO - + echo Inputs: /home/abd/airflow/data/bsm-search/sig_1.root /home/abd/airflow/data/bsm-search/sig_2.root
[2021-10-10 19:36:52,285] {subprocess.py:78} INFO - Inputs: /home/abd/airflow/data/bsm-search/sig_1.root /home/abd/airflow/data/bsm-search/sig_2.root
[2021-10-10 19:36:52,285] {subprocess.py:78} INFO - + source /home/abd/root/root/bin/thisroot.sh
[2021-10-10 19:36:52,286] {subprocess.py:78} INFO - ++ '[' -n '' ']'
[2021-10-10 19:36:52,286] {subprocess.py:78} INFO - ++ SOURCE=/home/abd/root/root/bin/thisroot.sh
[2021-10-10 19:36:52,286] {subprocess.py:78} INFO - ++ '[' x/home/abd/root/root/bin/thisroot.sh = x ']'
[2021-10-10 19:36:52,286] {subprocess.py:78} INFO - ++ '[' x/home/abd/root/root/bin/thisroot.sh = x ']'
[2021-10-10 19:36:52,286] {subprocess.py:78} INFO - +++ dirname /home/abd/root/root/bin/thisroot.sh
[2021-10-10 19:36:52,286] {subprocess.py:78} INFO - ++ thisroot=/home/abd/root/root/bin
[2021-10-10 19:36:52,287] {subprocess.py:78} INFO - +++ cd /home/abd/root/root/bin/..
[2021-10-10 19:36:52,287] {subprocess.py:78} INFO - +++ pwd
[2021-10-10 19:36:52,287] {subprocess.py:78} INFO - ++ ROOTSYS=/home/abd/root/root
[2021-10-10 19:36:52,287] {subprocess.py:78} INFO - ++ export ROOTSYS
[2021-10-10 19:36:52,287] {subprocess.py:78} INFO - ++ clean_environment
[2021-10-10 19:36:52,287] {subprocess.py:78} INFO - ++ '[' -n '' ']'
[2021-10-10 19:36:52,287] {subprocess.py:78} INFO - ++ '[' -z '' ']'
[2021-10-10 19:36:52,287] {subprocess.py:78} INFO - ++ command -v manpath
[2021-10-10 19:36:52,287] {subprocess.py:78} INFO - +++ manpath
[2021-10-10 19:36:52,288] {subprocess.py:78} INFO - manpath: warning: $PATH not set
[2021-10-10 19:36:52,288] {subprocess.py:78} INFO - ++ default_manpath=/usr/share/man:/usr/local/share/man
[2021-10-10 19:36:52,288] {subprocess.py:78} INFO - ++ set_environment
[2021-10-10 19:36:52,288] {subprocess.py:78} INFO - ++ '[' -z /usr/local/sbin:/usr/local/bin:/usr/sbin:/usr/bin:/sbin:/bin ']'
[2021-10-10 19:36:52,288] {subprocess.py:78} INFO - ++ PATH=/home/abd/root/root/bin:/usr/local/sbin:/usr/local/bin:/usr/sbin:/usr/bin:/sbin:/bin
[2021-10-10 19:36:52,288] {subprocess.py:78} INFO - ++ export PATH
[2021-10-10 19:36:52,288] {subprocess.py:78} INFO - ++ '[' -z '' ']'
[2021-10-10 19:36:52,288] {subprocess.py:78} INFO - ++ LD_LIBRARY_PATH=/home/abd/root/root/lib
[2021-10-10 19:36:52,288] {subprocess.py:78} INFO - ++ export LD_LIBRARY_PATH
[2021-10-10 19:36:52,288] {subprocess.py:78} INFO - ++ '[' -z '' ']'
[2021-10-10 19:36:52,288] {subprocess.py:78} INFO - ++ DYLD_LIBRARY_PATH=/home/abd/root/root/lib
[2021-10-10 19:36:52,288] {subprocess.py:78} INFO - ++ export DYLD_LIBRARY_PATH
[2021-10-10 19:36:52,288] {subprocess.py:78} INFO - ++ '[' -z '' ']'
[2021-10-10 19:36:52,288] {subprocess.py:78} INFO - ++ SHLIB_PATH=/home/abd/root/root/lib
[2021-10-10 19:36:52,288] {subprocess.py:78} INFO - ++ export SHLIB_PATH
[2021-10-10 19:36:52,288] {subprocess.py:78} INFO - ++ '[' -z '' ']'
[2021-10-10 19:36:52,288] {subprocess.py:78} INFO - ++ LIBPATH=/home/abd/root/root/lib
[2021-10-10 19:36:52,288] {subprocess.py:78} INFO - ++ export LIBPATH
[2021-10-10 19:36:52,289] {subprocess.py:78} INFO - ++ '[' -z '' ']'
[2021-10-10 19:36:52,289] {subprocess.py:78} INFO - ++ PYTHONPATH=/home/abd/root/root/lib
[2021-10-10 19:36:52,289] {subprocess.py:78} INFO - ++ export PYTHONPATH
[2021-10-10 19:36:52,289] {subprocess.py:78} INFO - ++ '[' -z '' ']'
[2021-10-10 19:36:52,289] {subprocess.py:78} INFO - ++ MANPATH=/home/abd/root/root/man:/usr/share/man:/usr/local/share/man
[2021-10-10 19:36:52,289] {subprocess.py:78} INFO - ++ export MANPATH
[2021-10-10 19:36:52,289] {subprocess.py:78} INFO - ++ '[' -z '' ']'
[2021-10-10 19:36:52,289] {subprocess.py:78} INFO - ++ CMAKE_PREFIX_PATH=/home/abd/root/root
[2021-10-10 19:36:52,289] {subprocess.py:78} INFO - ++ export CMAKE_PREFIX_PATH
[2021-10-10 19:36:52,289] {subprocess.py:78} INFO - ++ '[' -z '' ']'
[2021-10-10 19:36:52,289] {subprocess.py:78} INFO - ++ JUPYTER_PATH=/home/abd/root/root/etc/notebook
[2021-10-10 19:36:52,289] {subprocess.py:78} INFO - ++ export JUPYTER_PATH
[2021-10-10 19:36:52,289] {subprocess.py:78} INFO - ++ '[' -z '' ']'
[2021-10-10 19:36:52,289] {subprocess.py:78} INFO - ++ JUPYTER_CONFIG_DIR=/home/abd/root/root/etc/notebook
[2021-10-10 19:36:52,289] {subprocess.py:78} INFO - ++ export JUPYTER_CONFIG_DIR
[2021-10-10 19:36:52,289] {subprocess.py:78} INFO - ++ export CLING_STANDARD_PCH=none
[2021-10-10 19:36:52,289] {subprocess.py:78} INFO - ++ CLING_STANDARD_PCH=none
[2021-10-10 19:36:52,289] {subprocess.py:78} INFO - +++ root-config --arch
[2021-10-10 19:36:52,289] {subprocess.py:78} INFO - +++ grep -v win32gcc
[2021-10-10 19:36:52,289] {subprocess.py:78} INFO - +++ grep -i win32
[2021-10-10 19:36:52,299] {subprocess.py:78} INFO - ++ '[' x '!=' x ']'
[2021-10-10 19:36:52,299] {subprocess.py:78} INFO - ++ unset old_rootsys
[2021-10-10 19:36:52,299] {subprocess.py:78} INFO - ++ unset thisroot
[2021-10-10 19:36:52,299] {subprocess.py:78} INFO - ++ unset -f drop_from_path
[2021-10-10 19:36:52,299] {subprocess.py:78} INFO - ++ unset -f clean_environment
[2021-10-10 19:36:52,299] {subprocess.py:78} INFO - ++ unset -f set_environment
[2021-10-10 19:36:52,299] {subprocess.py:78} INFO - + hadd -f /home/abd/airflow/data/bsm-search/sig.root /home/abd/airflow/data/bsm-search/sig_1.root /home/abd/airflow/data/bsm-search/sig_2.root
[2021-10-10 19:36:52,555] {subprocess.py:78} INFO - hadd Target file: /home/abd/airflow/data/bsm-search/sig.root
[2021-10-10 19:36:52,559] {subprocess.py:78} INFO - hadd compression setting for all output: 1
[2021-10-10 19:36:52,606] {subprocess.py:78} INFO - hadd Source file 1: /home/abd/airflow/data/bsm-search/sig_1.root
[2021-10-10 19:36:52,629] {subprocess.py:78} INFO - hadd Source file 2: /home/abd/airflow/data/bsm-search/sig_2.root
[2021-10-10 19:36:52,629] {subprocess.py:78} INFO - hadd Target path: /home/abd/airflow/data/bsm-search/sig.root:/
[2021-10-10 19:36:52,689] {subprocess.py:82} INFO - Command exited with return code 0
[2021-10-10 19:36:52,700] {taskinstance.py:1212} INFO - Marking task as SUCCESS. dag_id=main, task_id=singal.merge_root_group_sig.merge_sig, execution_date=20211009T000000, start_date=20211010T163652, end_date=20211010T163652
[2021-10-10 19:36:52,728] {local_task_job.py:151} INFO - Task exited with return code 0
[2021-10-10 19:36:52,740] {local_task_job.py:261} INFO - 1 downstream tasks scheduled from follow-on schedule check
[2021-10-10 19:46:31,871] {taskinstance.py:903} INFO - Dependencies all met for <TaskInstance: main.singal.merge_root_group_sig.merge_sig 2021-10-09T00:00:00+00:00 [queued]>
[2021-10-10 19:46:31,877] {taskinstance.py:903} INFO - Dependencies all met for <TaskInstance: main.singal.merge_root_group_sig.merge_sig 2021-10-09T00:00:00+00:00 [queued]>
[2021-10-10 19:46:31,877] {taskinstance.py:1095} INFO - 
--------------------------------------------------------------------------------
[2021-10-10 19:46:31,878] {taskinstance.py:1096} INFO - Starting attempt 1 of 2
[2021-10-10 19:46:31,878] {taskinstance.py:1097} INFO - 
--------------------------------------------------------------------------------
[2021-10-10 19:46:31,885] {taskinstance.py:1115} INFO - Executing <Task(BashOperator): singal.merge_root_group_sig.merge_sig> on 2021-10-09T00:00:00+00:00
[2021-10-10 19:46:31,886] {standard_task_runner.py:52} INFO - Started process 59849 to run task
[2021-10-10 19:46:31,890] {standard_task_runner.py:76} INFO - Running: ['airflow', 'tasks', 'run', 'main', 'singal.merge_root_group_sig.merge_sig', '2021-10-09T00:00:00+00:00', '--job-id', '590', '--pool', 'default_pool', '--raw', '--subdir', 'DAGS_FOLDER/main.py', '--cfg-path', '/tmp/tmp7ab6xwf3', '--error-file', '/tmp/tmps9u4uz7a']
[2021-10-10 19:46:31,890] {standard_task_runner.py:77} INFO - Job 590: Subtask singal.merge_root_group_sig.merge_sig
[2021-10-10 19:46:31,909] {logging_mixin.py:109} INFO - Running <TaskInstance: main.singal.merge_root_group_sig.merge_sig 2021-10-09T00:00:00+00:00 [running]> on host abd
[2021-10-10 19:46:31,933] {taskinstance.py:1252} INFO - Exporting the following env vars:
AIRFLOW_CTX_DAG_OWNER=admin
AIRFLOW_CTX_DAG_ID=main
AIRFLOW_CTX_TASK_ID=singal.merge_root_group_sig.merge_sig
AIRFLOW_CTX_EXECUTION_DATE=2021-10-09T00:00:00+00:00
AIRFLOW_CTX_DAG_RUN_ID=scheduled__2021-10-09T00:00:00+00:00
[2021-10-10 19:46:31,933] {subprocess.py:52} INFO - Tmp dir root location: 
 /tmp
[2021-10-10 19:46:31,934] {subprocess.py:63} INFO - Running command: ['bash', '-c', '\n            set -x\n            BASE_DIR=${base_dir}\n            BASE=${type}\n            END=${njobs}\n            INPUTS=""\n            for ((c=1;c<${END}+1;c++)); do\n                INPUTS="$INPUTS $(printf ${BASE_DIR}/${BASE}_${c}.root)"\n            done\n            echo Inputs: ${INPUTS}\n            source ${thisroot}/thisroot.sh\n            hadd -f ${BASE_DIR}/${BASE}.root ${INPUTS}\n            ']
[2021-10-10 19:46:31,937] {subprocess.py:74} INFO - Output:
[2021-10-10 19:46:31,938] {subprocess.py:78} INFO - + BASE_DIR=/home/abd/airflow/data/bsm-search
[2021-10-10 19:46:31,938] {subprocess.py:78} INFO - + BASE=sig
[2021-10-10 19:46:31,938] {subprocess.py:78} INFO - + END=2
[2021-10-10 19:46:31,938] {subprocess.py:78} INFO - + INPUTS=
[2021-10-10 19:46:31,938] {subprocess.py:78} INFO - + (( c=1 ))
[2021-10-10 19:46:31,938] {subprocess.py:78} INFO - + (( c<2+1 ))
[2021-10-10 19:46:31,938] {subprocess.py:78} INFO - ++ printf /home/abd/airflow/data/bsm-search/sig_1.root
[2021-10-10 19:46:31,939] {subprocess.py:78} INFO - + INPUTS=' /home/abd/airflow/data/bsm-search/sig_1.root'
[2021-10-10 19:46:31,939] {subprocess.py:78} INFO - + (( c++ ))
[2021-10-10 19:46:31,939] {subprocess.py:78} INFO - + (( c<2+1 ))
[2021-10-10 19:46:31,939] {subprocess.py:78} INFO - ++ printf /home/abd/airflow/data/bsm-search/sig_2.root
[2021-10-10 19:46:31,939] {subprocess.py:78} INFO - + INPUTS=' /home/abd/airflow/data/bsm-search/sig_1.root /home/abd/airflow/data/bsm-search/sig_2.root'
[2021-10-10 19:46:31,939] {subprocess.py:78} INFO - + (( c++ ))
[2021-10-10 19:46:31,939] {subprocess.py:78} INFO - + (( c<2+1 ))
[2021-10-10 19:46:31,939] {subprocess.py:78} INFO - + echo Inputs: /home/abd/airflow/data/bsm-search/sig_1.root /home/abd/airflow/data/bsm-search/sig_2.root
[2021-10-10 19:46:31,939] {subprocess.py:78} INFO - Inputs: /home/abd/airflow/data/bsm-search/sig_1.root /home/abd/airflow/data/bsm-search/sig_2.root
[2021-10-10 19:46:31,939] {subprocess.py:78} INFO - + source /home/abd/root/root/bin/thisroot.sh
[2021-10-10 19:46:31,940] {subprocess.py:78} INFO - ++ '[' -n '' ']'
[2021-10-10 19:46:31,940] {subprocess.py:78} INFO - ++ SOURCE=/home/abd/root/root/bin/thisroot.sh
[2021-10-10 19:46:31,940] {subprocess.py:78} INFO - ++ '[' x/home/abd/root/root/bin/thisroot.sh = x ']'
[2021-10-10 19:46:31,940] {subprocess.py:78} INFO - ++ '[' x/home/abd/root/root/bin/thisroot.sh = x ']'
[2021-10-10 19:46:31,940] {subprocess.py:78} INFO - +++ dirname /home/abd/root/root/bin/thisroot.sh
[2021-10-10 19:46:31,940] {subprocess.py:78} INFO - ++ thisroot=/home/abd/root/root/bin
[2021-10-10 19:46:31,941] {subprocess.py:78} INFO - +++ cd /home/abd/root/root/bin/..
[2021-10-10 19:46:31,941] {subprocess.py:78} INFO - +++ pwd
[2021-10-10 19:46:31,941] {subprocess.py:78} INFO - ++ ROOTSYS=/home/abd/root/root
[2021-10-10 19:46:31,941] {subprocess.py:78} INFO - ++ export ROOTSYS
[2021-10-10 19:46:31,941] {subprocess.py:78} INFO - ++ clean_environment
[2021-10-10 19:46:31,941] {subprocess.py:78} INFO - ++ '[' -n '' ']'
[2021-10-10 19:46:31,941] {subprocess.py:78} INFO - ++ '[' -z '' ']'
[2021-10-10 19:46:31,941] {subprocess.py:78} INFO - ++ command -v manpath
[2021-10-10 19:46:31,941] {subprocess.py:78} INFO - +++ manpath
[2021-10-10 19:46:31,942] {subprocess.py:78} INFO - manpath: warning: $PATH not set
[2021-10-10 19:46:31,942] {subprocess.py:78} INFO - ++ default_manpath=/usr/share/man:/usr/local/share/man
[2021-10-10 19:46:31,942] {subprocess.py:78} INFO - ++ set_environment
[2021-10-10 19:46:31,942] {subprocess.py:78} INFO - ++ '[' -z /usr/local/sbin:/usr/local/bin:/usr/sbin:/usr/bin:/sbin:/bin ']'
[2021-10-10 19:46:31,942] {subprocess.py:78} INFO - ++ PATH=/home/abd/root/root/bin:/usr/local/sbin:/usr/local/bin:/usr/sbin:/usr/bin:/sbin:/bin
[2021-10-10 19:46:31,942] {subprocess.py:78} INFO - ++ export PATH
[2021-10-10 19:46:31,942] {subprocess.py:78} INFO - ++ '[' -z '' ']'
[2021-10-10 19:46:31,942] {subprocess.py:78} INFO - ++ LD_LIBRARY_PATH=/home/abd/root/root/lib
[2021-10-10 19:46:31,942] {subprocess.py:78} INFO - ++ export LD_LIBRARY_PATH
[2021-10-10 19:46:31,942] {subprocess.py:78} INFO - ++ '[' -z '' ']'
[2021-10-10 19:46:31,942] {subprocess.py:78} INFO - ++ DYLD_LIBRARY_PATH=/home/abd/root/root/lib
[2021-10-10 19:46:31,942] {subprocess.py:78} INFO - ++ export DYLD_LIBRARY_PATH
[2021-10-10 19:46:31,942] {subprocess.py:78} INFO - ++ '[' -z '' ']'
[2021-10-10 19:46:31,942] {subprocess.py:78} INFO - ++ SHLIB_PATH=/home/abd/root/root/lib
[2021-10-10 19:46:31,942] {subprocess.py:78} INFO - ++ export SHLIB_PATH
[2021-10-10 19:46:31,943] {subprocess.py:78} INFO - ++ '[' -z '' ']'
[2021-10-10 19:46:31,943] {subprocess.py:78} INFO - ++ LIBPATH=/home/abd/root/root/lib
[2021-10-10 19:46:31,943] {subprocess.py:78} INFO - ++ export LIBPATH
[2021-10-10 19:46:31,943] {subprocess.py:78} INFO - ++ '[' -z '' ']'
[2021-10-10 19:46:31,943] {subprocess.py:78} INFO - ++ PYTHONPATH=/home/abd/root/root/lib
[2021-10-10 19:46:31,943] {subprocess.py:78} INFO - ++ export PYTHONPATH
[2021-10-10 19:46:31,943] {subprocess.py:78} INFO - ++ '[' -z '' ']'
[2021-10-10 19:46:31,943] {subprocess.py:78} INFO - ++ MANPATH=/home/abd/root/root/man:/usr/share/man:/usr/local/share/man
[2021-10-10 19:46:31,943] {subprocess.py:78} INFO - ++ export MANPATH
[2021-10-10 19:46:31,943] {subprocess.py:78} INFO - ++ '[' -z '' ']'
[2021-10-10 19:46:31,943] {subprocess.py:78} INFO - ++ CMAKE_PREFIX_PATH=/home/abd/root/root
[2021-10-10 19:46:31,943] {subprocess.py:78} INFO - ++ export CMAKE_PREFIX_PATH
[2021-10-10 19:46:31,943] {subprocess.py:78} INFO - ++ '[' -z '' ']'
[2021-10-10 19:46:31,943] {subprocess.py:78} INFO - ++ JUPYTER_PATH=/home/abd/root/root/etc/notebook
[2021-10-10 19:46:31,943] {subprocess.py:78} INFO - ++ export JUPYTER_PATH
[2021-10-10 19:46:31,943] {subprocess.py:78} INFO - ++ '[' -z '' ']'
[2021-10-10 19:46:31,943] {subprocess.py:78} INFO - ++ JUPYTER_CONFIG_DIR=/home/abd/root/root/etc/notebook
[2021-10-10 19:46:31,943] {subprocess.py:78} INFO - ++ export JUPYTER_CONFIG_DIR
[2021-10-10 19:46:31,943] {subprocess.py:78} INFO - ++ export CLING_STANDARD_PCH=none
[2021-10-10 19:46:31,943] {subprocess.py:78} INFO - ++ CLING_STANDARD_PCH=none
[2021-10-10 19:46:31,943] {subprocess.py:78} INFO - +++ root-config --arch
[2021-10-10 19:46:31,943] {subprocess.py:78} INFO - +++ grep -v win32gcc
[2021-10-10 19:46:31,944] {subprocess.py:78} INFO - +++ grep -i win32
[2021-10-10 19:46:31,953] {subprocess.py:78} INFO - ++ '[' x '!=' x ']'
[2021-10-10 19:46:31,953] {subprocess.py:78} INFO - ++ unset old_rootsys
[2021-10-10 19:46:31,953] {subprocess.py:78} INFO - ++ unset thisroot
[2021-10-10 19:46:31,953] {subprocess.py:78} INFO - ++ unset -f drop_from_path
[2021-10-10 19:46:31,953] {subprocess.py:78} INFO - ++ unset -f clean_environment
[2021-10-10 19:46:31,953] {subprocess.py:78} INFO - ++ unset -f set_environment
[2021-10-10 19:46:31,953] {subprocess.py:78} INFO - + hadd -f /home/abd/airflow/data/bsm-search/sig.root /home/abd/airflow/data/bsm-search/sig_1.root /home/abd/airflow/data/bsm-search/sig_2.root
[2021-10-10 19:46:32,215] {subprocess.py:78} INFO - hadd Target file: /home/abd/airflow/data/bsm-search/sig.root
[2021-10-10 19:46:32,219] {subprocess.py:78} INFO - hadd compression setting for all output: 1
[2021-10-10 19:46:32,266] {subprocess.py:78} INFO - hadd Source file 1: /home/abd/airflow/data/bsm-search/sig_1.root
[2021-10-10 19:46:32,289] {subprocess.py:78} INFO - hadd Source file 2: /home/abd/airflow/data/bsm-search/sig_2.root
[2021-10-10 19:46:32,290] {subprocess.py:78} INFO - hadd Target path: /home/abd/airflow/data/bsm-search/sig.root:/
[2021-10-10 19:46:32,350] {subprocess.py:82} INFO - Command exited with return code 0
[2021-10-10 19:46:32,361] {taskinstance.py:1212} INFO - Marking task as SUCCESS. dag_id=main, task_id=singal.merge_root_group_sig.merge_sig, execution_date=20211009T000000, start_date=20211010T164631, end_date=20211010T164632
[2021-10-10 19:46:32,382] {local_task_job.py:151} INFO - Task exited with return code 0
[2021-10-10 19:46:32,413] {local_task_job.py:261} INFO - 1 downstream tasks scheduled from follow-on schedule check
[2021-10-10 19:56:24,329] {taskinstance.py:903} INFO - Dependencies all met for <TaskInstance: main.singal.merge_root_group_sig.merge_sig 2021-10-09T00:00:00+00:00 [queued]>
[2021-10-10 19:56:24,336] {taskinstance.py:903} INFO - Dependencies all met for <TaskInstance: main.singal.merge_root_group_sig.merge_sig 2021-10-09T00:00:00+00:00 [queued]>
[2021-10-10 19:56:24,336] {taskinstance.py:1095} INFO - 
--------------------------------------------------------------------------------
[2021-10-10 19:56:24,336] {taskinstance.py:1096} INFO - Starting attempt 1 of 2
[2021-10-10 19:56:24,336] {taskinstance.py:1097} INFO - 
--------------------------------------------------------------------------------
[2021-10-10 19:56:24,343] {taskinstance.py:1115} INFO - Executing <Task(BashOperator): singal.merge_root_group_sig.merge_sig> on 2021-10-09T00:00:00+00:00
[2021-10-10 19:56:24,345] {standard_task_runner.py:52} INFO - Started process 63465 to run task
[2021-10-10 19:56:24,348] {standard_task_runner.py:76} INFO - Running: ['airflow', 'tasks', 'run', 'main', 'singal.merge_root_group_sig.merge_sig', '2021-10-09T00:00:00+00:00', '--job-id', '591', '--pool', 'default_pool', '--raw', '--subdir', 'DAGS_FOLDER/main.py', '--cfg-path', '/tmp/tmpttc59hfk', '--error-file', '/tmp/tmpppwgg1bm']
[2021-10-10 19:56:24,348] {standard_task_runner.py:77} INFO - Job 591: Subtask singal.merge_root_group_sig.merge_sig
[2021-10-10 19:56:24,368] {logging_mixin.py:109} INFO - Running <TaskInstance: main.singal.merge_root_group_sig.merge_sig 2021-10-09T00:00:00+00:00 [running]> on host abd
[2021-10-10 19:56:24,392] {taskinstance.py:1252} INFO - Exporting the following env vars:
AIRFLOW_CTX_DAG_OWNER=admin
AIRFLOW_CTX_DAG_ID=main
AIRFLOW_CTX_TASK_ID=singal.merge_root_group_sig.merge_sig
AIRFLOW_CTX_EXECUTION_DATE=2021-10-09T00:00:00+00:00
AIRFLOW_CTX_DAG_RUN_ID=scheduled__2021-10-09T00:00:00+00:00
[2021-10-10 19:56:24,392] {subprocess.py:52} INFO - Tmp dir root location: 
 /tmp
[2021-10-10 19:56:24,393] {subprocess.py:63} INFO - Running command: ['bash', '-c', '\n            set -x\n            BASE_DIR=${base_dir}\n            BASE=${type}\n            END=${njobs}\n            INPUTS=""\n            for ((c=1;c<${END}+1;c++)); do\n                INPUTS="$INPUTS $(printf ${BASE_DIR}/${BASE}_${c}.root)"\n            done\n            echo Inputs: ${INPUTS}\n            source ${thisroot}/thisroot.sh\n            hadd -f ${BASE_DIR}/${BASE}.root ${INPUTS}\n            ']
[2021-10-10 19:56:24,396] {subprocess.py:74} INFO - Output:
[2021-10-10 19:56:24,397] {subprocess.py:78} INFO - + BASE_DIR=/home/abd/airflow/data/bsm-search
[2021-10-10 19:56:24,397] {subprocess.py:78} INFO - + BASE=sig
[2021-10-10 19:56:24,397] {subprocess.py:78} INFO - + END=2
[2021-10-10 19:56:24,397] {subprocess.py:78} INFO - + INPUTS=
[2021-10-10 19:56:24,397] {subprocess.py:78} INFO - + (( c=1 ))
[2021-10-10 19:56:24,397] {subprocess.py:78} INFO - + (( c<2+1 ))
[2021-10-10 19:56:24,397] {subprocess.py:78} INFO - ++ printf /home/abd/airflow/data/bsm-search/sig_1.root
[2021-10-10 19:56:24,398] {subprocess.py:78} INFO - + INPUTS=' /home/abd/airflow/data/bsm-search/sig_1.root'
[2021-10-10 19:56:24,398] {subprocess.py:78} INFO - + (( c++ ))
[2021-10-10 19:56:24,398] {subprocess.py:78} INFO - + (( c<2+1 ))
[2021-10-10 19:56:24,398] {subprocess.py:78} INFO - ++ printf /home/abd/airflow/data/bsm-search/sig_2.root
[2021-10-10 19:56:24,398] {subprocess.py:78} INFO - + INPUTS=' /home/abd/airflow/data/bsm-search/sig_1.root /home/abd/airflow/data/bsm-search/sig_2.root'
[2021-10-10 19:56:24,398] {subprocess.py:78} INFO - + (( c++ ))
[2021-10-10 19:56:24,398] {subprocess.py:78} INFO - + (( c<2+1 ))
[2021-10-10 19:56:24,398] {subprocess.py:78} INFO - + echo Inputs: /home/abd/airflow/data/bsm-search/sig_1.root /home/abd/airflow/data/bsm-search/sig_2.root
[2021-10-10 19:56:24,398] {subprocess.py:78} INFO - Inputs: /home/abd/airflow/data/bsm-search/sig_1.root /home/abd/airflow/data/bsm-search/sig_2.root
[2021-10-10 19:56:24,398] {subprocess.py:78} INFO - + source /home/abd/root/root/bin/thisroot.sh
[2021-10-10 19:56:24,399] {subprocess.py:78} INFO - ++ '[' -n '' ']'
[2021-10-10 19:56:24,399] {subprocess.py:78} INFO - ++ SOURCE=/home/abd/root/root/bin/thisroot.sh
[2021-10-10 19:56:24,399] {subprocess.py:78} INFO - ++ '[' x/home/abd/root/root/bin/thisroot.sh = x ']'
[2021-10-10 19:56:24,399] {subprocess.py:78} INFO - ++ '[' x/home/abd/root/root/bin/thisroot.sh = x ']'
[2021-10-10 19:56:24,399] {subprocess.py:78} INFO - +++ dirname /home/abd/root/root/bin/thisroot.sh
[2021-10-10 19:56:24,400] {subprocess.py:78} INFO - ++ thisroot=/home/abd/root/root/bin
[2021-10-10 19:56:24,400] {subprocess.py:78} INFO - +++ cd /home/abd/root/root/bin/..
[2021-10-10 19:56:24,400] {subprocess.py:78} INFO - +++ pwd
[2021-10-10 19:56:24,400] {subprocess.py:78} INFO - ++ ROOTSYS=/home/abd/root/root
[2021-10-10 19:56:24,400] {subprocess.py:78} INFO - ++ export ROOTSYS
[2021-10-10 19:56:24,400] {subprocess.py:78} INFO - ++ clean_environment
[2021-10-10 19:56:24,400] {subprocess.py:78} INFO - ++ '[' -n '' ']'
[2021-10-10 19:56:24,400] {subprocess.py:78} INFO - ++ '[' -z '' ']'
[2021-10-10 19:56:24,400] {subprocess.py:78} INFO - ++ command -v manpath
[2021-10-10 19:56:24,401] {subprocess.py:78} INFO - +++ manpath
[2021-10-10 19:56:24,401] {subprocess.py:78} INFO - manpath: warning: $PATH not set
[2021-10-10 19:56:24,401] {subprocess.py:78} INFO - ++ default_manpath=/usr/share/man:/usr/local/share/man
[2021-10-10 19:56:24,401] {subprocess.py:78} INFO - ++ set_environment
[2021-10-10 19:56:24,402] {subprocess.py:78} INFO - ++ '[' -z /usr/local/sbin:/usr/local/bin:/usr/sbin:/usr/bin:/sbin:/bin ']'
[2021-10-10 19:56:24,402] {subprocess.py:78} INFO - ++ PATH=/home/abd/root/root/bin:/usr/local/sbin:/usr/local/bin:/usr/sbin:/usr/bin:/sbin:/bin
[2021-10-10 19:56:24,402] {subprocess.py:78} INFO - ++ export PATH
[2021-10-10 19:56:24,402] {subprocess.py:78} INFO - ++ '[' -z '' ']'
[2021-10-10 19:56:24,402] {subprocess.py:78} INFO - ++ LD_LIBRARY_PATH=/home/abd/root/root/lib
[2021-10-10 19:56:24,402] {subprocess.py:78} INFO - ++ export LD_LIBRARY_PATH
[2021-10-10 19:56:24,402] {subprocess.py:78} INFO - ++ '[' -z '' ']'
[2021-10-10 19:56:24,402] {subprocess.py:78} INFO - ++ DYLD_LIBRARY_PATH=/home/abd/root/root/lib
[2021-10-10 19:56:24,402] {subprocess.py:78} INFO - ++ export DYLD_LIBRARY_PATH
[2021-10-10 19:56:24,402] {subprocess.py:78} INFO - ++ '[' -z '' ']'
[2021-10-10 19:56:24,402] {subprocess.py:78} INFO - ++ SHLIB_PATH=/home/abd/root/root/lib
[2021-10-10 19:56:24,402] {subprocess.py:78} INFO - ++ export SHLIB_PATH
[2021-10-10 19:56:24,402] {subprocess.py:78} INFO - ++ '[' -z '' ']'
[2021-10-10 19:56:24,402] {subprocess.py:78} INFO - ++ LIBPATH=/home/abd/root/root/lib
[2021-10-10 19:56:24,402] {subprocess.py:78} INFO - ++ export LIBPATH
[2021-10-10 19:56:24,402] {subprocess.py:78} INFO - ++ '[' -z '' ']'
[2021-10-10 19:56:24,402] {subprocess.py:78} INFO - ++ PYTHONPATH=/home/abd/root/root/lib
[2021-10-10 19:56:24,402] {subprocess.py:78} INFO - ++ export PYTHONPATH
[2021-10-10 19:56:24,402] {subprocess.py:78} INFO - ++ '[' -z '' ']'
[2021-10-10 19:56:24,402] {subprocess.py:78} INFO - ++ MANPATH=/home/abd/root/root/man:/usr/share/man:/usr/local/share/man
[2021-10-10 19:56:24,402] {subprocess.py:78} INFO - ++ export MANPATH
[2021-10-10 19:56:24,402] {subprocess.py:78} INFO - ++ '[' -z '' ']'
[2021-10-10 19:56:24,402] {subprocess.py:78} INFO - ++ CMAKE_PREFIX_PATH=/home/abd/root/root
[2021-10-10 19:56:24,402] {subprocess.py:78} INFO - ++ export CMAKE_PREFIX_PATH
[2021-10-10 19:56:24,402] {subprocess.py:78} INFO - ++ '[' -z '' ']'
[2021-10-10 19:56:24,403] {subprocess.py:78} INFO - ++ JUPYTER_PATH=/home/abd/root/root/etc/notebook
[2021-10-10 19:56:24,403] {subprocess.py:78} INFO - ++ export JUPYTER_PATH
[2021-10-10 19:56:24,403] {subprocess.py:78} INFO - ++ '[' -z '' ']'
[2021-10-10 19:56:24,403] {subprocess.py:78} INFO - ++ JUPYTER_CONFIG_DIR=/home/abd/root/root/etc/notebook
[2021-10-10 19:56:24,403] {subprocess.py:78} INFO - ++ export JUPYTER_CONFIG_DIR
[2021-10-10 19:56:24,403] {subprocess.py:78} INFO - ++ export CLING_STANDARD_PCH=none
[2021-10-10 19:56:24,403] {subprocess.py:78} INFO - ++ CLING_STANDARD_PCH=none
[2021-10-10 19:56:24,403] {subprocess.py:78} INFO - +++ root-config --arch
[2021-10-10 19:56:24,403] {subprocess.py:78} INFO - +++ grep -v win32gcc
[2021-10-10 19:56:24,403] {subprocess.py:78} INFO - +++ grep -i win32
[2021-10-10 19:56:24,413] {subprocess.py:78} INFO - ++ '[' x '!=' x ']'
[2021-10-10 19:56:24,413] {subprocess.py:78} INFO - ++ unset old_rootsys
[2021-10-10 19:56:24,413] {subprocess.py:78} INFO - ++ unset thisroot
[2021-10-10 19:56:24,413] {subprocess.py:78} INFO - ++ unset -f drop_from_path
[2021-10-10 19:56:24,413] {subprocess.py:78} INFO - ++ unset -f clean_environment
[2021-10-10 19:56:24,413] {subprocess.py:78} INFO - ++ unset -f set_environment
[2021-10-10 19:56:24,413] {subprocess.py:78} INFO - + hadd -f /home/abd/airflow/data/bsm-search/sig.root /home/abd/airflow/data/bsm-search/sig_1.root /home/abd/airflow/data/bsm-search/sig_2.root
[2021-10-10 19:56:24,667] {subprocess.py:78} INFO - hadd Target file: /home/abd/airflow/data/bsm-search/sig.root
[2021-10-10 19:56:24,672] {subprocess.py:78} INFO - hadd compression setting for all output: 1
[2021-10-10 19:56:24,719] {subprocess.py:78} INFO - hadd Source file 1: /home/abd/airflow/data/bsm-search/sig_1.root
[2021-10-10 19:56:24,754] {subprocess.py:78} INFO - hadd Source file 2: /home/abd/airflow/data/bsm-search/sig_2.root
[2021-10-10 19:56:24,754] {subprocess.py:78} INFO - hadd Target path: /home/abd/airflow/data/bsm-search/sig.root:/
[2021-10-10 19:56:24,824] {subprocess.py:82} INFO - Command exited with return code 0
[2021-10-10 19:56:24,837] {taskinstance.py:1212} INFO - Marking task as SUCCESS. dag_id=main, task_id=singal.merge_root_group_sig.merge_sig, execution_date=20211009T000000, start_date=20211010T165624, end_date=20211010T165624
[2021-10-10 19:56:24,880] {local_task_job.py:151} INFO - Task exited with return code 0
[2021-10-10 19:56:24,918] {local_task_job.py:261} INFO - 1 downstream tasks scheduled from follow-on schedule check
[2021-10-10 20:17:56,607] {taskinstance.py:903} INFO - Dependencies all met for <TaskInstance: main.singal.merge_root_group_sig.merge_sig 2021-10-09T00:00:00+00:00 [queued]>
[2021-10-10 20:17:56,615] {taskinstance.py:903} INFO - Dependencies all met for <TaskInstance: main.singal.merge_root_group_sig.merge_sig 2021-10-09T00:00:00+00:00 [queued]>
[2021-10-10 20:17:56,615] {taskinstance.py:1095} INFO - 
--------------------------------------------------------------------------------
[2021-10-10 20:17:56,615] {taskinstance.py:1096} INFO - Starting attempt 1 of 2
[2021-10-10 20:17:56,615] {taskinstance.py:1097} INFO - 
--------------------------------------------------------------------------------
[2021-10-10 20:17:56,622] {taskinstance.py:1115} INFO - Executing <Task(BashOperator): singal.merge_root_group_sig.merge_sig> on 2021-10-09T00:00:00+00:00
[2021-10-10 20:17:56,624] {standard_task_runner.py:52} INFO - Started process 10781 to run task
[2021-10-10 20:17:56,627] {standard_task_runner.py:76} INFO - Running: ['airflow', 'tasks', 'run', 'main', 'singal.merge_root_group_sig.merge_sig', '2021-10-09T00:00:00+00:00', '--job-id', '592', '--pool', 'default_pool', '--raw', '--subdir', 'DAGS_FOLDER/main.py', '--cfg-path', '/tmp/tmp5q2tb0sd', '--error-file', '/tmp/tmpv7m7kp0o']
[2021-10-10 20:17:56,627] {standard_task_runner.py:77} INFO - Job 592: Subtask singal.merge_root_group_sig.merge_sig
[2021-10-10 20:17:56,646] {logging_mixin.py:109} INFO - Running <TaskInstance: main.singal.merge_root_group_sig.merge_sig 2021-10-09T00:00:00+00:00 [running]> on host abd
[2021-10-10 20:17:56,684] {taskinstance.py:1252} INFO - Exporting the following env vars:
AIRFLOW_CTX_DAG_OWNER=admin
AIRFLOW_CTX_DAG_ID=main
AIRFLOW_CTX_TASK_ID=singal.merge_root_group_sig.merge_sig
AIRFLOW_CTX_EXECUTION_DATE=2021-10-09T00:00:00+00:00
AIRFLOW_CTX_DAG_RUN_ID=scheduled__2021-10-09T00:00:00+00:00
[2021-10-10 20:17:56,684] {subprocess.py:52} INFO - Tmp dir root location: 
 /tmp
[2021-10-10 20:17:56,685] {subprocess.py:63} INFO - Running command: ['bash', '-c', '\n            set -x\n            BASE_DIR=${base_dir}\n            BASE=${type}\n            END=${njobs}\n            INPUTS=""\n            for ((c=1;c<${END}+1;c++)); do\n                INPUTS="$INPUTS $(printf ${BASE_DIR}/${BASE}_${c}.root)"\n            done\n            echo Inputs: ${INPUTS}\n            source ${thisroot}/thisroot.sh\n            hadd -f ${BASE_DIR}/${BASE}.root ${INPUTS}\n            ']
[2021-10-10 20:17:56,689] {subprocess.py:74} INFO - Output:
[2021-10-10 20:17:56,689] {subprocess.py:78} INFO - + BASE_DIR=/home/abd/airflow/data/bsm-search
[2021-10-10 20:17:56,689] {subprocess.py:78} INFO - + BASE=sig
[2021-10-10 20:17:56,689] {subprocess.py:78} INFO - + END=2
[2021-10-10 20:17:56,689] {subprocess.py:78} INFO - + INPUTS=
[2021-10-10 20:17:56,690] {subprocess.py:78} INFO - + (( c=1 ))
[2021-10-10 20:17:56,690] {subprocess.py:78} INFO - + (( c<2+1 ))
[2021-10-10 20:17:56,690] {subprocess.py:78} INFO - ++ printf /home/abd/airflow/data/bsm-search/sig_1.root
[2021-10-10 20:17:56,690] {subprocess.py:78} INFO - + INPUTS=' /home/abd/airflow/data/bsm-search/sig_1.root'
[2021-10-10 20:17:56,690] {subprocess.py:78} INFO - + (( c++ ))
[2021-10-10 20:17:56,690] {subprocess.py:78} INFO - + (( c<2+1 ))
[2021-10-10 20:17:56,690] {subprocess.py:78} INFO - ++ printf /home/abd/airflow/data/bsm-search/sig_2.root
[2021-10-10 20:17:56,690] {subprocess.py:78} INFO - + INPUTS=' /home/abd/airflow/data/bsm-search/sig_1.root /home/abd/airflow/data/bsm-search/sig_2.root'
[2021-10-10 20:17:56,690] {subprocess.py:78} INFO - + (( c++ ))
[2021-10-10 20:17:56,690] {subprocess.py:78} INFO - + (( c<2+1 ))
[2021-10-10 20:17:56,690] {subprocess.py:78} INFO - + echo Inputs: /home/abd/airflow/data/bsm-search/sig_1.root /home/abd/airflow/data/bsm-search/sig_2.root
[2021-10-10 20:17:56,690] {subprocess.py:78} INFO - Inputs: /home/abd/airflow/data/bsm-search/sig_1.root /home/abd/airflow/data/bsm-search/sig_2.root
[2021-10-10 20:17:56,690] {subprocess.py:78} INFO - + source /home/abd/root/root/bin/thisroot.sh
[2021-10-10 20:17:56,691] {subprocess.py:78} INFO - ++ '[' -n '' ']'
[2021-10-10 20:17:56,691] {subprocess.py:78} INFO - ++ SOURCE=/home/abd/root/root/bin/thisroot.sh
[2021-10-10 20:17:56,691] {subprocess.py:78} INFO - ++ '[' x/home/abd/root/root/bin/thisroot.sh = x ']'
[2021-10-10 20:17:56,691] {subprocess.py:78} INFO - ++ '[' x/home/abd/root/root/bin/thisroot.sh = x ']'
[2021-10-10 20:17:56,691] {subprocess.py:78} INFO - +++ dirname /home/abd/root/root/bin/thisroot.sh
[2021-10-10 20:17:56,691] {subprocess.py:78} INFO - ++ thisroot=/home/abd/root/root/bin
[2021-10-10 20:17:56,692] {subprocess.py:78} INFO - +++ cd /home/abd/root/root/bin/..
[2021-10-10 20:17:56,692] {subprocess.py:78} INFO - +++ pwd
[2021-10-10 20:17:56,692] {subprocess.py:78} INFO - ++ ROOTSYS=/home/abd/root/root
[2021-10-10 20:17:56,692] {subprocess.py:78} INFO - ++ export ROOTSYS
[2021-10-10 20:17:56,692] {subprocess.py:78} INFO - ++ clean_environment
[2021-10-10 20:17:56,692] {subprocess.py:78} INFO - ++ '[' -n '' ']'
[2021-10-10 20:17:56,692] {subprocess.py:78} INFO - ++ '[' -z '' ']'
[2021-10-10 20:17:56,692] {subprocess.py:78} INFO - ++ command -v manpath
[2021-10-10 20:17:56,692] {subprocess.py:78} INFO - +++ manpath
[2021-10-10 20:17:56,693] {subprocess.py:78} INFO - manpath: warning: $PATH not set
[2021-10-10 20:17:56,693] {subprocess.py:78} INFO - ++ default_manpath=/usr/share/man:/usr/local/share/man
[2021-10-10 20:17:56,693] {subprocess.py:78} INFO - ++ set_environment
[2021-10-10 20:17:56,693] {subprocess.py:78} INFO - ++ '[' -z /usr/local/sbin:/usr/local/bin:/usr/sbin:/usr/bin:/sbin:/bin ']'
[2021-10-10 20:17:56,693] {subprocess.py:78} INFO - ++ PATH=/home/abd/root/root/bin:/usr/local/sbin:/usr/local/bin:/usr/sbin:/usr/bin:/sbin:/bin
[2021-10-10 20:17:56,693] {subprocess.py:78} INFO - ++ export PATH
[2021-10-10 20:17:56,693] {subprocess.py:78} INFO - ++ '[' -z '' ']'
[2021-10-10 20:17:56,693] {subprocess.py:78} INFO - ++ LD_LIBRARY_PATH=/home/abd/root/root/lib
[2021-10-10 20:17:56,693] {subprocess.py:78} INFO - ++ export LD_LIBRARY_PATH
[2021-10-10 20:17:56,693] {subprocess.py:78} INFO - ++ '[' -z '' ']'
[2021-10-10 20:17:56,693] {subprocess.py:78} INFO - ++ DYLD_LIBRARY_PATH=/home/abd/root/root/lib
[2021-10-10 20:17:56,693] {subprocess.py:78} INFO - ++ export DYLD_LIBRARY_PATH
[2021-10-10 20:17:56,693] {subprocess.py:78} INFO - ++ '[' -z '' ']'
[2021-10-10 20:17:56,693] {subprocess.py:78} INFO - ++ SHLIB_PATH=/home/abd/root/root/lib
[2021-10-10 20:17:56,693] {subprocess.py:78} INFO - ++ export SHLIB_PATH
[2021-10-10 20:17:56,693] {subprocess.py:78} INFO - ++ '[' -z '' ']'
[2021-10-10 20:17:56,694] {subprocess.py:78} INFO - ++ LIBPATH=/home/abd/root/root/lib
[2021-10-10 20:17:56,694] {subprocess.py:78} INFO - ++ export LIBPATH
[2021-10-10 20:17:56,694] {subprocess.py:78} INFO - ++ '[' -z '' ']'
[2021-10-10 20:17:56,694] {subprocess.py:78} INFO - ++ PYTHONPATH=/home/abd/root/root/lib
[2021-10-10 20:17:56,694] {subprocess.py:78} INFO - ++ export PYTHONPATH
[2021-10-10 20:17:56,694] {subprocess.py:78} INFO - ++ '[' -z '' ']'
[2021-10-10 20:17:56,694] {subprocess.py:78} INFO - ++ MANPATH=/home/abd/root/root/man:/usr/share/man:/usr/local/share/man
[2021-10-10 20:17:56,694] {subprocess.py:78} INFO - ++ export MANPATH
[2021-10-10 20:17:56,694] {subprocess.py:78} INFO - ++ '[' -z '' ']'
[2021-10-10 20:17:56,694] {subprocess.py:78} INFO - ++ CMAKE_PREFIX_PATH=/home/abd/root/root
[2021-10-10 20:17:56,694] {subprocess.py:78} INFO - ++ export CMAKE_PREFIX_PATH
[2021-10-10 20:17:56,694] {subprocess.py:78} INFO - ++ '[' -z '' ']'
[2021-10-10 20:17:56,694] {subprocess.py:78} INFO - ++ JUPYTER_PATH=/home/abd/root/root/etc/notebook
[2021-10-10 20:17:56,694] {subprocess.py:78} INFO - ++ export JUPYTER_PATH
[2021-10-10 20:17:56,694] {subprocess.py:78} INFO - ++ '[' -z '' ']'
[2021-10-10 20:17:56,694] {subprocess.py:78} INFO - ++ JUPYTER_CONFIG_DIR=/home/abd/root/root/etc/notebook
[2021-10-10 20:17:56,694] {subprocess.py:78} INFO - ++ export JUPYTER_CONFIG_DIR
[2021-10-10 20:17:56,694] {subprocess.py:78} INFO - ++ export CLING_STANDARD_PCH=none
[2021-10-10 20:17:56,694] {subprocess.py:78} INFO - ++ CLING_STANDARD_PCH=none
[2021-10-10 20:17:56,694] {subprocess.py:78} INFO - +++ root-config --arch
[2021-10-10 20:17:56,694] {subprocess.py:78} INFO - +++ grep -v win32gcc
[2021-10-10 20:17:56,694] {subprocess.py:78} INFO - +++ grep -i win32
[2021-10-10 20:17:56,704] {subprocess.py:78} INFO - ++ '[' x '!=' x ']'
[2021-10-10 20:17:56,704] {subprocess.py:78} INFO - ++ unset old_rootsys
[2021-10-10 20:17:56,704] {subprocess.py:78} INFO - ++ unset thisroot
[2021-10-10 20:17:56,704] {subprocess.py:78} INFO - ++ unset -f drop_from_path
[2021-10-10 20:17:56,704] {subprocess.py:78} INFO - ++ unset -f clean_environment
[2021-10-10 20:17:56,704] {subprocess.py:78} INFO - ++ unset -f set_environment
[2021-10-10 20:17:56,704] {subprocess.py:78} INFO - + hadd -f /home/abd/airflow/data/bsm-search/sig.root /home/abd/airflow/data/bsm-search/sig_1.root /home/abd/airflow/data/bsm-search/sig_2.root
[2021-10-10 20:17:56,956] {subprocess.py:78} INFO - hadd Target file: /home/abd/airflow/data/bsm-search/sig.root
[2021-10-10 20:17:56,960] {subprocess.py:78} INFO - hadd compression setting for all output: 1
[2021-10-10 20:17:57,008] {subprocess.py:78} INFO - hadd Source file 1: /home/abd/airflow/data/bsm-search/sig_1.root
[2021-10-10 20:17:57,038] {subprocess.py:78} INFO - hadd Source file 2: /home/abd/airflow/data/bsm-search/sig_2.root
[2021-10-10 20:17:57,039] {subprocess.py:78} INFO - hadd Target path: /home/abd/airflow/data/bsm-search/sig.root:/
[2021-10-10 20:17:57,099] {subprocess.py:82} INFO - Command exited with return code 0
[2021-10-10 20:17:57,110] {taskinstance.py:1212} INFO - Marking task as SUCCESS. dag_id=main, task_id=singal.merge_root_group_sig.merge_sig, execution_date=20211009T000000, start_date=20211010T171756, end_date=20211010T171757
[2021-10-10 20:17:57,159] {local_task_job.py:151} INFO - Task exited with return code 0
[2021-10-10 20:17:57,181] {local_task_job.py:261} INFO - 1 downstream tasks scheduled from follow-on schedule check
[2021-10-10 20:37:19,585] {taskinstance.py:903} INFO - Dependencies all met for <TaskInstance: main.singal.merge_root_group_sig.merge_sig 2021-10-09T00:00:00+00:00 [queued]>
[2021-10-10 20:37:19,592] {taskinstance.py:903} INFO - Dependencies all met for <TaskInstance: main.singal.merge_root_group_sig.merge_sig 2021-10-09T00:00:00+00:00 [queued]>
[2021-10-10 20:37:19,592] {taskinstance.py:1095} INFO - 
--------------------------------------------------------------------------------
[2021-10-10 20:37:19,592] {taskinstance.py:1096} INFO - Starting attempt 1 of 2
[2021-10-10 20:37:19,592] {taskinstance.py:1097} INFO - 
--------------------------------------------------------------------------------
[2021-10-10 20:37:19,599] {taskinstance.py:1115} INFO - Executing <Task(BashOperator): singal.merge_root_group_sig.merge_sig> on 2021-10-09T00:00:00+00:00
[2021-10-10 20:37:19,601] {standard_task_runner.py:52} INFO - Started process 15003 to run task
[2021-10-10 20:37:19,604] {standard_task_runner.py:76} INFO - Running: ['airflow', 'tasks', 'run', 'main', 'singal.merge_root_group_sig.merge_sig', '2021-10-09T00:00:00+00:00', '--job-id', '592', '--pool', 'default_pool', '--raw', '--subdir', 'DAGS_FOLDER/main.py', '--cfg-path', '/tmp/tmpov4b0cq1', '--error-file', '/tmp/tmpw2ae_2co']
[2021-10-10 20:37:19,604] {standard_task_runner.py:77} INFO - Job 592: Subtask singal.merge_root_group_sig.merge_sig
[2021-10-10 20:37:19,623] {logging_mixin.py:109} INFO - Running <TaskInstance: main.singal.merge_root_group_sig.merge_sig 2021-10-09T00:00:00+00:00 [running]> on host abd
[2021-10-10 20:37:19,647] {taskinstance.py:1252} INFO - Exporting the following env vars:
AIRFLOW_CTX_DAG_OWNER=admin
AIRFLOW_CTX_DAG_ID=main
AIRFLOW_CTX_TASK_ID=singal.merge_root_group_sig.merge_sig
AIRFLOW_CTX_EXECUTION_DATE=2021-10-09T00:00:00+00:00
AIRFLOW_CTX_DAG_RUN_ID=scheduled__2021-10-09T00:00:00+00:00
[2021-10-10 20:37:19,647] {subprocess.py:52} INFO - Tmp dir root location: 
 /tmp
[2021-10-10 20:37:19,647] {subprocess.py:63} INFO - Running command: ['bash', '-c', '\n            set -x\n            BASE_DIR=${base_dir}\n            BASE=${type}\n            END=${njobs}\n            INPUTS=""\n            for ((c=1;c<${END}+1;c++)); do\n                INPUTS="$INPUTS $(printf ${BASE_DIR}/${BASE}_${c}.root)"\n            done\n            echo Inputs: ${INPUTS}\n            source ${thisroot}/thisroot.sh\n            hadd -f ${BASE_DIR}/${BASE}.root ${INPUTS}\n            ']
[2021-10-10 20:37:19,651] {subprocess.py:74} INFO - Output:
[2021-10-10 20:37:19,652] {subprocess.py:78} INFO - + BASE_DIR=/home/abd/airflow/data/bsm-search
[2021-10-10 20:37:19,652] {subprocess.py:78} INFO - + BASE=sig
[2021-10-10 20:37:19,652] {subprocess.py:78} INFO - + END=2
[2021-10-10 20:37:19,652] {subprocess.py:78} INFO - + INPUTS=
[2021-10-10 20:37:19,652] {subprocess.py:78} INFO - + (( c=1 ))
[2021-10-10 20:37:19,652] {subprocess.py:78} INFO - + (( c<2+1 ))
[2021-10-10 20:37:19,652] {subprocess.py:78} INFO - ++ printf /home/abd/airflow/data/bsm-search/sig_1.root
[2021-10-10 20:37:19,652] {subprocess.py:78} INFO - + INPUTS=' /home/abd/airflow/data/bsm-search/sig_1.root'
[2021-10-10 20:37:19,652] {subprocess.py:78} INFO - + (( c++ ))
[2021-10-10 20:37:19,652] {subprocess.py:78} INFO - + (( c<2+1 ))
[2021-10-10 20:37:19,652] {subprocess.py:78} INFO - ++ printf /home/abd/airflow/data/bsm-search/sig_2.root
[2021-10-10 20:37:19,653] {subprocess.py:78} INFO - + INPUTS=' /home/abd/airflow/data/bsm-search/sig_1.root /home/abd/airflow/data/bsm-search/sig_2.root'
[2021-10-10 20:37:19,653] {subprocess.py:78} INFO - + (( c++ ))
[2021-10-10 20:37:19,653] {subprocess.py:78} INFO - + (( c<2+1 ))
[2021-10-10 20:37:19,653] {subprocess.py:78} INFO - + echo Inputs: /home/abd/airflow/data/bsm-search/sig_1.root /home/abd/airflow/data/bsm-search/sig_2.root
[2021-10-10 20:37:19,653] {subprocess.py:78} INFO - Inputs: /home/abd/airflow/data/bsm-search/sig_1.root /home/abd/airflow/data/bsm-search/sig_2.root
[2021-10-10 20:37:19,653] {subprocess.py:78} INFO - + source /home/abd/root/root/bin/thisroot.sh
[2021-10-10 20:37:19,653] {subprocess.py:78} INFO - ++ '[' -n '' ']'
[2021-10-10 20:37:19,653] {subprocess.py:78} INFO - ++ SOURCE=/home/abd/root/root/bin/thisroot.sh
[2021-10-10 20:37:19,653] {subprocess.py:78} INFO - ++ '[' x/home/abd/root/root/bin/thisroot.sh = x ']'
[2021-10-10 20:37:19,653] {subprocess.py:78} INFO - ++ '[' x/home/abd/root/root/bin/thisroot.sh = x ']'
[2021-10-10 20:37:19,653] {subprocess.py:78} INFO - +++ dirname /home/abd/root/root/bin/thisroot.sh
[2021-10-10 20:37:19,654] {subprocess.py:78} INFO - ++ thisroot=/home/abd/root/root/bin
[2021-10-10 20:37:19,654] {subprocess.py:78} INFO - +++ cd /home/abd/root/root/bin/..
[2021-10-10 20:37:19,654] {subprocess.py:78} INFO - +++ pwd
[2021-10-10 20:37:19,654] {subprocess.py:78} INFO - ++ ROOTSYS=/home/abd/root/root
[2021-10-10 20:37:19,654] {subprocess.py:78} INFO - ++ export ROOTSYS
[2021-10-10 20:37:19,654] {subprocess.py:78} INFO - ++ clean_environment
[2021-10-10 20:37:19,654] {subprocess.py:78} INFO - ++ '[' -n '' ']'
[2021-10-10 20:37:19,654] {subprocess.py:78} INFO - ++ '[' -z '' ']'
[2021-10-10 20:37:19,654] {subprocess.py:78} INFO - ++ command -v manpath
[2021-10-10 20:37:19,655] {subprocess.py:78} INFO - +++ manpath
[2021-10-10 20:37:19,655] {subprocess.py:78} INFO - manpath: warning: $PATH not set
[2021-10-10 20:37:19,655] {subprocess.py:78} INFO - ++ default_manpath=/usr/share/man:/usr/local/share/man
[2021-10-10 20:37:19,655] {subprocess.py:78} INFO - ++ set_environment
[2021-10-10 20:37:19,656] {subprocess.py:78} INFO - ++ '[' -z /usr/local/sbin:/usr/local/bin:/usr/sbin:/usr/bin:/sbin:/bin ']'
[2021-10-10 20:37:19,656] {subprocess.py:78} INFO - ++ PATH=/home/abd/root/root/bin:/usr/local/sbin:/usr/local/bin:/usr/sbin:/usr/bin:/sbin:/bin
[2021-10-10 20:37:19,656] {subprocess.py:78} INFO - ++ export PATH
[2021-10-10 20:37:19,656] {subprocess.py:78} INFO - ++ '[' -z '' ']'
[2021-10-10 20:37:19,656] {subprocess.py:78} INFO - ++ LD_LIBRARY_PATH=/home/abd/root/root/lib
[2021-10-10 20:37:19,656] {subprocess.py:78} INFO - ++ export LD_LIBRARY_PATH
[2021-10-10 20:37:19,656] {subprocess.py:78} INFO - ++ '[' -z '' ']'
[2021-10-10 20:37:19,656] {subprocess.py:78} INFO - ++ DYLD_LIBRARY_PATH=/home/abd/root/root/lib
[2021-10-10 20:37:19,656] {subprocess.py:78} INFO - ++ export DYLD_LIBRARY_PATH
[2021-10-10 20:37:19,656] {subprocess.py:78} INFO - ++ '[' -z '' ']'
[2021-10-10 20:37:19,656] {subprocess.py:78} INFO - ++ SHLIB_PATH=/home/abd/root/root/lib
[2021-10-10 20:37:19,656] {subprocess.py:78} INFO - ++ export SHLIB_PATH
[2021-10-10 20:37:19,656] {subprocess.py:78} INFO - ++ '[' -z '' ']'
[2021-10-10 20:37:19,656] {subprocess.py:78} INFO - ++ LIBPATH=/home/abd/root/root/lib
[2021-10-10 20:37:19,656] {subprocess.py:78} INFO - ++ export LIBPATH
[2021-10-10 20:37:19,656] {subprocess.py:78} INFO - ++ '[' -z '' ']'
[2021-10-10 20:37:19,656] {subprocess.py:78} INFO - ++ PYTHONPATH=/home/abd/root/root/lib
[2021-10-10 20:37:19,656] {subprocess.py:78} INFO - ++ export PYTHONPATH
[2021-10-10 20:37:19,656] {subprocess.py:78} INFO - ++ '[' -z '' ']'
[2021-10-10 20:37:19,656] {subprocess.py:78} INFO - ++ MANPATH=/home/abd/root/root/man:/usr/share/man:/usr/local/share/man
[2021-10-10 20:37:19,656] {subprocess.py:78} INFO - ++ export MANPATH
[2021-10-10 20:37:19,656] {subprocess.py:78} INFO - ++ '[' -z '' ']'
[2021-10-10 20:37:19,656] {subprocess.py:78} INFO - ++ CMAKE_PREFIX_PATH=/home/abd/root/root
[2021-10-10 20:37:19,656] {subprocess.py:78} INFO - ++ export CMAKE_PREFIX_PATH
[2021-10-10 20:37:19,656] {subprocess.py:78} INFO - ++ '[' -z '' ']'
[2021-10-10 20:37:19,656] {subprocess.py:78} INFO - ++ JUPYTER_PATH=/home/abd/root/root/etc/notebook
[2021-10-10 20:37:19,656] {subprocess.py:78} INFO - ++ export JUPYTER_PATH
[2021-10-10 20:37:19,657] {subprocess.py:78} INFO - ++ '[' -z '' ']'
[2021-10-10 20:37:19,657] {subprocess.py:78} INFO - ++ JUPYTER_CONFIG_DIR=/home/abd/root/root/etc/notebook
[2021-10-10 20:37:19,657] {subprocess.py:78} INFO - ++ export JUPYTER_CONFIG_DIR
[2021-10-10 20:37:19,657] {subprocess.py:78} INFO - ++ export CLING_STANDARD_PCH=none
[2021-10-10 20:37:19,657] {subprocess.py:78} INFO - ++ CLING_STANDARD_PCH=none
[2021-10-10 20:37:19,657] {subprocess.py:78} INFO - +++ root-config --arch
[2021-10-10 20:37:19,657] {subprocess.py:78} INFO - +++ grep -v win32gcc
[2021-10-10 20:37:19,657] {subprocess.py:78} INFO - +++ grep -i win32
[2021-10-10 20:37:19,666] {subprocess.py:78} INFO - ++ '[' x '!=' x ']'
[2021-10-10 20:37:19,667] {subprocess.py:78} INFO - ++ unset old_rootsys
[2021-10-10 20:37:19,667] {subprocess.py:78} INFO - ++ unset thisroot
[2021-10-10 20:37:19,667] {subprocess.py:78} INFO - ++ unset -f drop_from_path
[2021-10-10 20:37:19,667] {subprocess.py:78} INFO - ++ unset -f clean_environment
[2021-10-10 20:37:19,667] {subprocess.py:78} INFO - ++ unset -f set_environment
[2021-10-10 20:37:19,667] {subprocess.py:78} INFO - + hadd -f /home/abd/airflow/data/bsm-search/sig.root /home/abd/airflow/data/bsm-search/sig_1.root /home/abd/airflow/data/bsm-search/sig_2.root
[2021-10-10 20:37:19,926] {subprocess.py:78} INFO - hadd Target file: /home/abd/airflow/data/bsm-search/sig.root
[2021-10-10 20:37:19,931] {subprocess.py:78} INFO - hadd compression setting for all output: 1
[2021-10-10 20:37:19,985] {subprocess.py:78} INFO - hadd Source file 1: /home/abd/airflow/data/bsm-search/sig_1.root
[2021-10-10 20:37:20,019] {subprocess.py:78} INFO - hadd Source file 2: /home/abd/airflow/data/bsm-search/sig_2.root
[2021-10-10 20:37:20,020] {subprocess.py:78} INFO - hadd Target path: /home/abd/airflow/data/bsm-search/sig.root:/
[2021-10-10 20:37:20,085] {subprocess.py:82} INFO - Command exited with return code 0
[2021-10-10 20:37:20,097] {taskinstance.py:1212} INFO - Marking task as SUCCESS. dag_id=main, task_id=singal.merge_root_group_sig.merge_sig, execution_date=20211009T000000, start_date=20211010T173719, end_date=20211010T173720
[2021-10-10 20:37:20,136] {local_task_job.py:151} INFO - Task exited with return code 0
[2021-10-10 20:37:20,153] {local_task_job.py:261} INFO - 1 downstream tasks scheduled from follow-on schedule check
