[2021-10-10 17:07:02,542] {taskinstance.py:903} INFO - Dependencies all met for <TaskInstance: example_short_circuit_operator.condition_is_False 2021-10-09T00:00:00+00:00 [queued]>
[2021-10-10 17:07:02,549] {taskinstance.py:903} INFO - Dependencies all met for <TaskInstance: example_short_circuit_operator.condition_is_False 2021-10-09T00:00:00+00:00 [queued]>
[2021-10-10 17:07:02,549] {taskinstance.py:1095} INFO - 
--------------------------------------------------------------------------------
[2021-10-10 17:07:02,549] {taskinstance.py:1096} INFO - Starting attempt 1 of 1
[2021-10-10 17:07:02,549] {taskinstance.py:1097} INFO - 
--------------------------------------------------------------------------------
[2021-10-10 17:07:02,558] {taskinstance.py:1115} INFO - Executing <Task(ShortCircuitOperator): condition_is_False> on 2021-10-09T00:00:00+00:00
[2021-10-10 17:07:02,560] {standard_task_runner.py:52} INFO - Started process 16032 to run task
[2021-10-10 17:07:02,563] {standard_task_runner.py:76} INFO - Running: ['airflow', 'tasks', 'run', 'example_short_circuit_operator', 'condition_is_False', '2021-10-09T00:00:00+00:00', '--job-id', '77', '--pool', 'default_pool', '--raw', '--subdir', '/usr/local/lib/python3.8/dist-packages/airflow/example_dags/example_short_circuit_operator.py', '--cfg-path', '/tmp/tmp2bipu104', '--error-file', '/tmp/tmpo04zg1iu']
[2021-10-10 17:07:02,564] {standard_task_runner.py:77} INFO - Job 77: Subtask condition_is_False
[2021-10-10 17:07:02,628] {logging_mixin.py:109} INFO - Running <TaskInstance: example_short_circuit_operator.condition_is_False 2021-10-09T00:00:00+00:00 [running]> on host abd
[2021-10-10 17:07:02,650] {taskinstance.py:1252} INFO - Exporting the following env vars:
AIRFLOW_CTX_DAG_OWNER=airflow
AIRFLOW_CTX_DAG_ID=example_short_circuit_operator
AIRFLOW_CTX_TASK_ID=condition_is_False
AIRFLOW_CTX_EXECUTION_DATE=2021-10-09T00:00:00+00:00
AIRFLOW_CTX_DAG_RUN_ID=scheduled__2021-10-09T00:00:00+00:00
[2021-10-10 17:07:02,650] {python.py:151} INFO - Done. Returned value was: False
[2021-10-10 17:07:02,650] {python.py:199} INFO - Condition result is False
[2021-10-10 17:07:02,650] {python.py:205} INFO - Skipping downstream tasks...
[2021-10-10 17:07:02,663] {python.py:213} INFO - Done.
[2021-10-10 17:07:02,665] {taskinstance.py:1212} INFO - Marking task as SUCCESS. dag_id=example_short_circuit_operator, task_id=condition_is_False, execution_date=20211009T000000, start_date=20211010T140702, end_date=20211010T140702
[2021-10-10 17:07:02,694] {local_task_job.py:151} INFO - Task exited with return code 0
[2021-10-10 17:07:02,736] {local_task_job.py:261} INFO - 0 downstream tasks scheduled from follow-on schedule check
