[2021-10-10 17:18:32,452] {taskinstance.py:903} INFO - Dependencies all met for <TaskInstance: main.mc.mc2.generate_group_mc2.generate_mc2_1 2021-10-09T00:00:00+00:00 [queued]>
[2021-10-10 17:18:32,459] {taskinstance.py:903} INFO - Dependencies all met for <TaskInstance: main.mc.mc2.generate_group_mc2.generate_mc2_1 2021-10-09T00:00:00+00:00 [queued]>
[2021-10-10 17:18:32,459] {taskinstance.py:1095} INFO - 
--------------------------------------------------------------------------------
[2021-10-10 17:18:32,459] {taskinstance.py:1096} INFO - Starting attempt 1 of 2
[2021-10-10 17:18:32,459] {taskinstance.py:1097} INFO - 
--------------------------------------------------------------------------------
[2021-10-10 17:18:32,466] {taskinstance.py:1115} INFO - Executing <Task(BashOperator): mc.mc2.generate_group_mc2.generate_mc2_1> on 2021-10-09T00:00:00+00:00
[2021-10-10 17:18:32,468] {standard_task_runner.py:52} INFO - Started process 19803 to run task
[2021-10-10 17:18:32,471] {standard_task_runner.py:76} INFO - Running: ['airflow', 'tasks', 'run', 'main', 'mc.mc2.generate_group_mc2.generate_mc2_1', '2021-10-09T00:00:00+00:00', '--job-id', '576', '--pool', 'default_pool', '--raw', '--subdir', 'DAGS_FOLDER/main.py', '--cfg-path', '/tmp/tmpqr_me67h', '--error-file', '/tmp/tmpjb6zmi2v']
[2021-10-10 17:18:32,471] {standard_task_runner.py:77} INFO - Job 576: Subtask mc.mc2.generate_group_mc2.generate_mc2_1
[2021-10-10 17:18:32,493] {logging_mixin.py:109} INFO - Running <TaskInstance: main.mc.mc2.generate_group_mc2.generate_mc2_1 2021-10-09T00:00:00+00:00 [running]> on host abd
[2021-10-10 17:18:32,520] {taskinstance.py:1252} INFO - Exporting the following env vars:
AIRFLOW_CTX_DAG_OWNER=admin
AIRFLOW_CTX_DAG_ID=main
AIRFLOW_CTX_TASK_ID=mc.mc2.generate_group_mc2.generate_mc2_1
AIRFLOW_CTX_EXECUTION_DATE=2021-10-09T00:00:00+00:00
AIRFLOW_CTX_DAG_RUN_ID=scheduled__2021-10-09T00:00:00+00:00
[2021-10-10 17:18:32,520] {subprocess.py:52} INFO - Tmp dir root location: 
 /tmp
[2021-10-10 17:18:32,521] {subprocess.py:63} INFO - Running command: ['bash', '-c', '\n            set -x\n            source ${thisroot}/thisroot.sh\n            pwd\n            python ${code}/generatetuple.py ${type} ${nevents} ${base_dir}/${type}_${jobnumber}.root\n            ']
[2021-10-10 17:18:32,524] {subprocess.py:74} INFO - Output:
[2021-10-10 17:18:32,525] {subprocess.py:78} INFO - + source /home/abd/root/root-6.24.06-install/bin/thisroot.sh
[2021-10-10 17:18:32,525] {subprocess.py:78} INFO - bash: line 2: /home/abd/root/root-6.24.06-install/bin/thisroot.sh: No such file or directory
[2021-10-10 17:18:32,525] {subprocess.py:78} INFO - + pwd
[2021-10-10 17:18:32,525] {subprocess.py:78} INFO - /tmp/airflowtmp4sqjxb_7
[2021-10-10 17:18:32,525] {subprocess.py:78} INFO - + python /home/abd/airflow/code/generatetuple.py mc2 40000 /home/abd/airflow/data/bsm-search/mc2_1.root
[2021-10-10 17:18:32,532] {subprocess.py:78} INFO - python: can't open file '/home/abd/airflow/code/generatetuple.py': [Errno 2] No such file or directory
[2021-10-10 17:18:32,532] {subprocess.py:82} INFO - Command exited with return code 2
[2021-10-10 17:18:32,537] {taskinstance.py:1463} ERROR - Task failed with exception
Traceback (most recent call last):
  File "/usr/local/lib/python3.8/dist-packages/airflow/models/taskinstance.py", line 1165, in _run_raw_task
    self._prepare_and_execute_task_with_callbacks(context, task)
  File "/usr/local/lib/python3.8/dist-packages/airflow/models/taskinstance.py", line 1283, in _prepare_and_execute_task_with_callbacks
    result = self._execute_task(context, task_copy)
  File "/usr/local/lib/python3.8/dist-packages/airflow/models/taskinstance.py", line 1313, in _execute_task
    result = task_copy.execute(context=context)
  File "/usr/local/lib/python3.8/dist-packages/airflow/operators/bash.py", line 176, in execute
    raise AirflowException('Bash command failed. The command returned a non-zero exit code.')
airflow.exceptions.AirflowException: Bash command failed. The command returned a non-zero exit code.
[2021-10-10 17:18:32,538] {taskinstance.py:1506} INFO - Marking task as UP_FOR_RETRY. dag_id=main, task_id=mc.mc2.generate_group_mc2.generate_mc2_1, execution_date=20211009T000000, start_date=20211010T141832, end_date=20211010T141832
[2021-10-10 17:18:32,562] {local_task_job.py:151} INFO - Task exited with return code 1
[2021-10-10 17:18:32,597] {local_task_job.py:261} INFO - 0 downstream tasks scheduled from follow-on schedule check
[2021-10-10 17:28:00,125] {taskinstance.py:903} INFO - Dependencies all met for <TaskInstance: main.mc.mc2.generate_group_mc2.generate_mc2_1 2021-10-09T00:00:00+00:00 [queued]>
[2021-10-10 17:28:00,130] {taskinstance.py:903} INFO - Dependencies all met for <TaskInstance: main.mc.mc2.generate_group_mc2.generate_mc2_1 2021-10-09T00:00:00+00:00 [queued]>
[2021-10-10 17:28:00,131] {taskinstance.py:1095} INFO - 
--------------------------------------------------------------------------------
[2021-10-10 17:28:00,131] {taskinstance.py:1096} INFO - Starting attempt 1 of 2
[2021-10-10 17:28:00,131] {taskinstance.py:1097} INFO - 
--------------------------------------------------------------------------------
[2021-10-10 17:28:00,137] {taskinstance.py:1115} INFO - Executing <Task(BashOperator): mc.mc2.generate_group_mc2.generate_mc2_1> on 2021-10-09T00:00:00+00:00
[2021-10-10 17:28:00,139] {standard_task_runner.py:52} INFO - Started process 21523 to run task
[2021-10-10 17:28:00,142] {standard_task_runner.py:76} INFO - Running: ['airflow', 'tasks', 'run', 'main', 'mc.mc2.generate_group_mc2.generate_mc2_1', '2021-10-09T00:00:00+00:00', '--job-id', '576', '--pool', 'default_pool', '--raw', '--subdir', 'DAGS_FOLDER/main.py', '--cfg-path', '/tmp/tmpv9zucu7v', '--error-file', '/tmp/tmpff2kgv9b']
[2021-10-10 17:28:00,142] {standard_task_runner.py:77} INFO - Job 576: Subtask mc.mc2.generate_group_mc2.generate_mc2_1
[2021-10-10 17:28:00,162] {logging_mixin.py:109} INFO - Running <TaskInstance: main.mc.mc2.generate_group_mc2.generate_mc2_1 2021-10-09T00:00:00+00:00 [running]> on host abd
[2021-10-10 17:28:00,191] {taskinstance.py:1252} INFO - Exporting the following env vars:
AIRFLOW_CTX_DAG_OWNER=admin
AIRFLOW_CTX_DAG_ID=main
AIRFLOW_CTX_TASK_ID=mc.mc2.generate_group_mc2.generate_mc2_1
AIRFLOW_CTX_EXECUTION_DATE=2021-10-09T00:00:00+00:00
AIRFLOW_CTX_DAG_RUN_ID=scheduled__2021-10-09T00:00:00+00:00
[2021-10-10 17:28:00,192] {subprocess.py:52} INFO - Tmp dir root location: 
 /tmp
[2021-10-10 17:28:00,192] {subprocess.py:63} INFO - Running command: ['bash', '-c', '\n            set -x\n            source ${thisroot}/thisroot.sh\n            pwd\n            python ${code}/generatetuple.py ${type} ${nevents} ${base_dir}/${type}_${jobnumber}.root\n            ']
[2021-10-10 17:28:00,198] {subprocess.py:74} INFO - Output:
[2021-10-10 17:28:00,199] {subprocess.py:78} INFO - + source /home/abd/root/root-6.24.06-install/bin/thisroot.sh
[2021-10-10 17:28:00,199] {subprocess.py:78} INFO - bash: line 2: /home/abd/root/root-6.24.06-install/bin/thisroot.sh: No such file or directory
[2021-10-10 17:28:00,200] {subprocess.py:78} INFO - + pwd
[2021-10-10 17:28:00,200] {subprocess.py:78} INFO - /tmp/airflowtmplzqxjbwo
[2021-10-10 17:28:00,200] {subprocess.py:78} INFO - + python /home/abd/airflow/code/generatetuple.py mc2 40000 /home/abd/airflow/data/bsm-search/mc2_1.root
[2021-10-10 17:28:00,209] {subprocess.py:78} INFO - Traceback (most recent call last):
[2021-10-10 17:28:00,209] {subprocess.py:78} INFO -   File "/home/abd/airflow/code/generatetuple.py", line 1, in <module>
[2021-10-10 17:28:00,209] {subprocess.py:78} INFO -     import ROOT
[2021-10-10 17:28:00,209] {subprocess.py:78} INFO - ImportError: No module named ROOT
[2021-10-10 17:28:00,211] {subprocess.py:82} INFO - Command exited with return code 1
[2021-10-10 17:28:00,217] {taskinstance.py:1463} ERROR - Task failed with exception
Traceback (most recent call last):
  File "/usr/local/lib/python3.8/dist-packages/airflow/models/taskinstance.py", line 1165, in _run_raw_task
    self._prepare_and_execute_task_with_callbacks(context, task)
  File "/usr/local/lib/python3.8/dist-packages/airflow/models/taskinstance.py", line 1283, in _prepare_and_execute_task_with_callbacks
    result = self._execute_task(context, task_copy)
  File "/usr/local/lib/python3.8/dist-packages/airflow/models/taskinstance.py", line 1313, in _execute_task
    result = task_copy.execute(context=context)
  File "/usr/local/lib/python3.8/dist-packages/airflow/operators/bash.py", line 176, in execute
    raise AirflowException('Bash command failed. The command returned a non-zero exit code.')
airflow.exceptions.AirflowException: Bash command failed. The command returned a non-zero exit code.
[2021-10-10 17:28:00,218] {taskinstance.py:1506} INFO - Marking task as UP_FOR_RETRY. dag_id=main, task_id=mc.mc2.generate_group_mc2.generate_mc2_1, execution_date=20211009T000000, start_date=20211010T142800, end_date=20211010T142800
[2021-10-10 17:28:00,233] {local_task_job.py:151} INFO - Task exited with return code 1
[2021-10-10 17:28:00,244] {local_task_job.py:261} INFO - 0 downstream tasks scheduled from follow-on schedule check
[2021-10-10 17:31:44,098] {taskinstance.py:903} INFO - Dependencies all met for <TaskInstance: main.mc.mc2.generate_group_mc2.generate_mc2_1 2021-10-09T00:00:00+00:00 [queued]>
[2021-10-10 17:31:44,105] {taskinstance.py:903} INFO - Dependencies all met for <TaskInstance: main.mc.mc2.generate_group_mc2.generate_mc2_1 2021-10-09T00:00:00+00:00 [queued]>
[2021-10-10 17:31:44,105] {taskinstance.py:1095} INFO - 
--------------------------------------------------------------------------------
[2021-10-10 17:31:44,105] {taskinstance.py:1096} INFO - Starting attempt 1 of 2
[2021-10-10 17:31:44,105] {taskinstance.py:1097} INFO - 
--------------------------------------------------------------------------------
[2021-10-10 17:31:44,112] {taskinstance.py:1115} INFO - Executing <Task(BashOperator): mc.mc2.generate_group_mc2.generate_mc2_1> on 2021-10-09T00:00:00+00:00
[2021-10-10 17:31:44,114] {standard_task_runner.py:52} INFO - Started process 22310 to run task
[2021-10-10 17:31:44,117] {standard_task_runner.py:76} INFO - Running: ['airflow', 'tasks', 'run', 'main', 'mc.mc2.generate_group_mc2.generate_mc2_1', '2021-10-09T00:00:00+00:00', '--job-id', '576', '--pool', 'default_pool', '--raw', '--subdir', 'DAGS_FOLDER/main.py', '--cfg-path', '/tmp/tmpitcgexkb', '--error-file', '/tmp/tmpjq9yrkl2']
[2021-10-10 17:31:44,118] {standard_task_runner.py:77} INFO - Job 576: Subtask mc.mc2.generate_group_mc2.generate_mc2_1
[2021-10-10 17:31:44,137] {logging_mixin.py:109} INFO - Running <TaskInstance: main.mc.mc2.generate_group_mc2.generate_mc2_1 2021-10-09T00:00:00+00:00 [running]> on host abd
[2021-10-10 17:31:44,162] {taskinstance.py:1252} INFO - Exporting the following env vars:
AIRFLOW_CTX_DAG_OWNER=admin
AIRFLOW_CTX_DAG_ID=main
AIRFLOW_CTX_TASK_ID=mc.mc2.generate_group_mc2.generate_mc2_1
AIRFLOW_CTX_EXECUTION_DATE=2021-10-09T00:00:00+00:00
AIRFLOW_CTX_DAG_RUN_ID=scheduled__2021-10-09T00:00:00+00:00
[2021-10-10 17:31:44,163] {subprocess.py:52} INFO - Tmp dir root location: 
 /tmp
[2021-10-10 17:31:44,163] {subprocess.py:63} INFO - Running command: ['bash', '-c', '\n            set -x\n            source ${thisroot}/thisroot.sh\n            pwd\n            python ${code}/generatetuple.py ${type} ${nevents} ${base_dir}/${type}_${jobnumber}.root\n            ']
[2021-10-10 17:31:44,167] {subprocess.py:74} INFO - Output:
[2021-10-10 17:31:44,168] {subprocess.py:78} INFO - + source /home/abd/root/root/bin/thisroot.sh
[2021-10-10 17:31:44,168] {subprocess.py:78} INFO - ++ '[' -n '' ']'
[2021-10-10 17:31:44,168] {subprocess.py:78} INFO - ++ SOURCE=/home/abd/root/root/bin/thisroot.sh
[2021-10-10 17:31:44,168] {subprocess.py:78} INFO - ++ '[' x/home/abd/root/root/bin/thisroot.sh = x ']'
[2021-10-10 17:31:44,168] {subprocess.py:78} INFO - ++ '[' x/home/abd/root/root/bin/thisroot.sh = x ']'
[2021-10-10 17:31:44,168] {subprocess.py:78} INFO - +++ dirname /home/abd/root/root/bin/thisroot.sh
[2021-10-10 17:31:44,169] {subprocess.py:78} INFO - ++ thisroot=/home/abd/root/root/bin
[2021-10-10 17:31:44,169] {subprocess.py:78} INFO - +++ cd /home/abd/root/root/bin/..
[2021-10-10 17:31:44,169] {subprocess.py:78} INFO - +++ pwd
[2021-10-10 17:31:44,169] {subprocess.py:78} INFO - ++ ROOTSYS=/home/abd/root/root
[2021-10-10 17:31:44,169] {subprocess.py:78} INFO - ++ export ROOTSYS
[2021-10-10 17:31:44,169] {subprocess.py:78} INFO - ++ clean_environment
[2021-10-10 17:31:44,169] {subprocess.py:78} INFO - ++ '[' -n '' ']'
[2021-10-10 17:31:44,170] {subprocess.py:78} INFO - ++ '[' -z '' ']'
[2021-10-10 17:31:44,170] {subprocess.py:78} INFO - ++ command -v manpath
[2021-10-10 17:31:44,170] {subprocess.py:78} INFO - +++ manpath
[2021-10-10 17:31:44,170] {subprocess.py:78} INFO - manpath: warning: $PATH not set
[2021-10-10 17:31:44,171] {subprocess.py:78} INFO - ++ default_manpath=/usr/share/man:/usr/local/share/man
[2021-10-10 17:31:44,171] {subprocess.py:78} INFO - ++ set_environment
[2021-10-10 17:31:44,171] {subprocess.py:78} INFO - ++ '[' -z /usr/local/sbin:/usr/local/bin:/usr/sbin:/usr/bin:/sbin:/bin ']'
[2021-10-10 17:31:44,171] {subprocess.py:78} INFO - ++ PATH=/home/abd/root/root/bin:/usr/local/sbin:/usr/local/bin:/usr/sbin:/usr/bin:/sbin:/bin
[2021-10-10 17:31:44,171] {subprocess.py:78} INFO - ++ export PATH
[2021-10-10 17:31:44,171] {subprocess.py:78} INFO - ++ '[' -z '' ']'
[2021-10-10 17:31:44,171] {subprocess.py:78} INFO - ++ LD_LIBRARY_PATH=/home/abd/root/root/lib
[2021-10-10 17:31:44,171] {subprocess.py:78} INFO - ++ export LD_LIBRARY_PATH
[2021-10-10 17:31:44,171] {subprocess.py:78} INFO - ++ '[' -z '' ']'
[2021-10-10 17:31:44,171] {subprocess.py:78} INFO - ++ DYLD_LIBRARY_PATH=/home/abd/root/root/lib
[2021-10-10 17:31:44,171] {subprocess.py:78} INFO - ++ export DYLD_LIBRARY_PATH
[2021-10-10 17:31:44,171] {subprocess.py:78} INFO - ++ '[' -z '' ']'
[2021-10-10 17:31:44,171] {subprocess.py:78} INFO - ++ SHLIB_PATH=/home/abd/root/root/lib
[2021-10-10 17:31:44,171] {subprocess.py:78} INFO - ++ export SHLIB_PATH
[2021-10-10 17:31:44,171] {subprocess.py:78} INFO - ++ '[' -z '' ']'
[2021-10-10 17:31:44,171] {subprocess.py:78} INFO - ++ LIBPATH=/home/abd/root/root/lib
[2021-10-10 17:31:44,171] {subprocess.py:78} INFO - ++ export LIBPATH
[2021-10-10 17:31:44,172] {subprocess.py:78} INFO - ++ '[' -z '' ']'
[2021-10-10 17:31:44,172] {subprocess.py:78} INFO - ++ PYTHONPATH=/home/abd/root/root/lib
[2021-10-10 17:31:44,172] {subprocess.py:78} INFO - ++ export PYTHONPATH
[2021-10-10 17:31:44,172] {subprocess.py:78} INFO - ++ '[' -z '' ']'
[2021-10-10 17:31:44,172] {subprocess.py:78} INFO - ++ MANPATH=/home/abd/root/root/man:/usr/share/man:/usr/local/share/man
[2021-10-10 17:31:44,172] {subprocess.py:78} INFO - ++ export MANPATH
[2021-10-10 17:31:44,172] {subprocess.py:78} INFO - ++ '[' -z '' ']'
[2021-10-10 17:31:44,172] {subprocess.py:78} INFO - ++ CMAKE_PREFIX_PATH=/home/abd/root/root
[2021-10-10 17:31:44,172] {subprocess.py:78} INFO - ++ export CMAKE_PREFIX_PATH
[2021-10-10 17:31:44,172] {subprocess.py:78} INFO - ++ '[' -z '' ']'
[2021-10-10 17:31:44,172] {subprocess.py:78} INFO - ++ JUPYTER_PATH=/home/abd/root/root/etc/notebook
[2021-10-10 17:31:44,172] {subprocess.py:78} INFO - ++ export JUPYTER_PATH
[2021-10-10 17:31:44,172] {subprocess.py:78} INFO - ++ '[' -z '' ']'
[2021-10-10 17:31:44,172] {subprocess.py:78} INFO - ++ JUPYTER_CONFIG_DIR=/home/abd/root/root/etc/notebook
[2021-10-10 17:31:44,172] {subprocess.py:78} INFO - ++ export JUPYTER_CONFIG_DIR
[2021-10-10 17:31:44,172] {subprocess.py:78} INFO - ++ export CLING_STANDARD_PCH=none
[2021-10-10 17:31:44,172] {subprocess.py:78} INFO - ++ CLING_STANDARD_PCH=none
[2021-10-10 17:31:44,172] {subprocess.py:78} INFO - +++ root-config --arch
[2021-10-10 17:31:44,172] {subprocess.py:78} INFO - +++ grep -i win32
[2021-10-10 17:31:44,172] {subprocess.py:78} INFO - +++ grep -v win32gcc
[2021-10-10 17:31:44,182] {subprocess.py:78} INFO - ++ '[' x '!=' x ']'
[2021-10-10 17:31:44,182] {subprocess.py:78} INFO - ++ unset old_rootsys
[2021-10-10 17:31:44,182] {subprocess.py:78} INFO - ++ unset thisroot
[2021-10-10 17:31:44,182] {subprocess.py:78} INFO - ++ unset -f drop_from_path
[2021-10-10 17:31:44,182] {subprocess.py:78} INFO - ++ unset -f clean_environment
[2021-10-10 17:31:44,182] {subprocess.py:78} INFO - ++ unset -f set_environment
[2021-10-10 17:31:44,182] {subprocess.py:78} INFO - + pwd
[2021-10-10 17:31:44,182] {subprocess.py:78} INFO - /tmp/airflowtmp4fpaaeiq
[2021-10-10 17:31:44,183] {subprocess.py:78} INFO - + python /home/abd/airflow/code/generatetuple.py mc2 40000 /home/abd/airflow/data/bsm-search/mc2_1.root
[2021-10-10 17:31:45,292] {subprocess.py:82} INFO - Command exited with return code 0
[2021-10-10 17:31:45,309] {taskinstance.py:1212} INFO - Marking task as SUCCESS. dag_id=main, task_id=mc.mc2.generate_group_mc2.generate_mc2_1, execution_date=20211009T000000, start_date=20211010T143144, end_date=20211010T143145
[2021-10-10 17:31:45,331] {local_task_job.py:151} INFO - Task exited with return code 0
[2021-10-10 17:31:45,353] {local_task_job.py:261} INFO - 0 downstream tasks scheduled from follow-on schedule check
[2021-10-10 19:36:25,603] {taskinstance.py:903} INFO - Dependencies all met for <TaskInstance: main.mc.mc2.generate_group_mc2.generate_mc2_1 2021-10-09T00:00:00+00:00 [queued]>
[2021-10-10 19:36:25,609] {taskinstance.py:903} INFO - Dependencies all met for <TaskInstance: main.mc.mc2.generate_group_mc2.generate_mc2_1 2021-10-09T00:00:00+00:00 [queued]>
[2021-10-10 19:36:25,609] {taskinstance.py:1095} INFO - 
--------------------------------------------------------------------------------
[2021-10-10 19:36:25,609] {taskinstance.py:1096} INFO - Starting attempt 1 of 2
[2021-10-10 19:36:25,609] {taskinstance.py:1097} INFO - 
--------------------------------------------------------------------------------
[2021-10-10 19:36:25,616] {taskinstance.py:1115} INFO - Executing <Task(BashOperator): mc.mc2.generate_group_mc2.generate_mc2_1> on 2021-10-09T00:00:00+00:00
[2021-10-10 19:36:25,618] {standard_task_runner.py:52} INFO - Started process 55901 to run task
[2021-10-10 19:36:25,621] {standard_task_runner.py:76} INFO - Running: ['airflow', 'tasks', 'run', 'main', 'mc.mc2.generate_group_mc2.generate_mc2_1', '2021-10-09T00:00:00+00:00', '--job-id', '576', '--pool', 'default_pool', '--raw', '--subdir', 'DAGS_FOLDER/main.py', '--cfg-path', '/tmp/tmpnuzwubln', '--error-file', '/tmp/tmpfdqdwesn']
[2021-10-10 19:36:25,621] {standard_task_runner.py:77} INFO - Job 576: Subtask mc.mc2.generate_group_mc2.generate_mc2_1
[2021-10-10 19:36:25,640] {logging_mixin.py:109} INFO - Running <TaskInstance: main.mc.mc2.generate_group_mc2.generate_mc2_1 2021-10-09T00:00:00+00:00 [running]> on host abd
[2021-10-10 19:36:25,665] {taskinstance.py:1252} INFO - Exporting the following env vars:
AIRFLOW_CTX_DAG_OWNER=admin
AIRFLOW_CTX_DAG_ID=main
AIRFLOW_CTX_TASK_ID=mc.mc2.generate_group_mc2.generate_mc2_1
AIRFLOW_CTX_EXECUTION_DATE=2021-10-09T00:00:00+00:00
AIRFLOW_CTX_DAG_RUN_ID=scheduled__2021-10-09T00:00:00+00:00
[2021-10-10 19:36:25,665] {subprocess.py:52} INFO - Tmp dir root location: 
 /tmp
[2021-10-10 19:36:25,665] {subprocess.py:63} INFO - Running command: ['bash', '-c', '\n            set -x\n            source ${thisroot}/thisroot.sh\n            pwd\n            python ${code}/generatetuple.py ${type} ${nevents} ${base_dir}/${type}_${jobnumber}.root\n            ']
[2021-10-10 19:36:25,669] {subprocess.py:74} INFO - Output:
[2021-10-10 19:36:25,670] {subprocess.py:78} INFO - + source /home/abd/root/root/bin/thisroot.sh
[2021-10-10 19:36:25,670] {subprocess.py:78} INFO - ++ '[' -n '' ']'
[2021-10-10 19:36:25,670] {subprocess.py:78} INFO - ++ SOURCE=/home/abd/root/root/bin/thisroot.sh
[2021-10-10 19:36:25,670] {subprocess.py:78} INFO - ++ '[' x/home/abd/root/root/bin/thisroot.sh = x ']'
[2021-10-10 19:36:25,670] {subprocess.py:78} INFO - ++ '[' x/home/abd/root/root/bin/thisroot.sh = x ']'
[2021-10-10 19:36:25,671] {subprocess.py:78} INFO - +++ dirname /home/abd/root/root/bin/thisroot.sh
[2021-10-10 19:36:25,671] {subprocess.py:78} INFO - ++ thisroot=/home/abd/root/root/bin
[2021-10-10 19:36:25,671] {subprocess.py:78} INFO - +++ cd /home/abd/root/root/bin/..
[2021-10-10 19:36:25,671] {subprocess.py:78} INFO - +++ pwd
[2021-10-10 19:36:25,672] {subprocess.py:78} INFO - ++ ROOTSYS=/home/abd/root/root
[2021-10-10 19:36:25,672] {subprocess.py:78} INFO - ++ export ROOTSYS
[2021-10-10 19:36:25,672] {subprocess.py:78} INFO - ++ clean_environment
[2021-10-10 19:36:25,672] {subprocess.py:78} INFO - ++ '[' -n '' ']'
[2021-10-10 19:36:25,672] {subprocess.py:78} INFO - ++ '[' -z '' ']'
[2021-10-10 19:36:25,672] {subprocess.py:78} INFO - ++ command -v manpath
[2021-10-10 19:36:25,672] {subprocess.py:78} INFO - +++ manpath
[2021-10-10 19:36:25,673] {subprocess.py:78} INFO - manpath: warning: $PATH not set
[2021-10-10 19:36:25,673] {subprocess.py:78} INFO - ++ default_manpath=/usr/share/man:/usr/local/share/man
[2021-10-10 19:36:25,673] {subprocess.py:78} INFO - ++ set_environment
[2021-10-10 19:36:25,673] {subprocess.py:78} INFO - ++ '[' -z /usr/local/sbin:/usr/local/bin:/usr/sbin:/usr/bin:/sbin:/bin ']'
[2021-10-10 19:36:25,673] {subprocess.py:78} INFO - ++ PATH=/home/abd/root/root/bin:/usr/local/sbin:/usr/local/bin:/usr/sbin:/usr/bin:/sbin:/bin
[2021-10-10 19:36:25,673] {subprocess.py:78} INFO - ++ export PATH
[2021-10-10 19:36:25,673] {subprocess.py:78} INFO - ++ '[' -z '' ']'
[2021-10-10 19:36:25,673] {subprocess.py:78} INFO - ++ LD_LIBRARY_PATH=/home/abd/root/root/lib
[2021-10-10 19:36:25,673] {subprocess.py:78} INFO - ++ export LD_LIBRARY_PATH
[2021-10-10 19:36:25,673] {subprocess.py:78} INFO - ++ '[' -z '' ']'
[2021-10-10 19:36:25,673] {subprocess.py:78} INFO - ++ DYLD_LIBRARY_PATH=/home/abd/root/root/lib
[2021-10-10 19:36:25,673] {subprocess.py:78} INFO - ++ export DYLD_LIBRARY_PATH
[2021-10-10 19:36:25,673] {subprocess.py:78} INFO - ++ '[' -z '' ']'
[2021-10-10 19:36:25,673] {subprocess.py:78} INFO - ++ SHLIB_PATH=/home/abd/root/root/lib
[2021-10-10 19:36:25,673] {subprocess.py:78} INFO - ++ export SHLIB_PATH
[2021-10-10 19:36:25,673] {subprocess.py:78} INFO - ++ '[' -z '' ']'
[2021-10-10 19:36:25,673] {subprocess.py:78} INFO - ++ LIBPATH=/home/abd/root/root/lib
[2021-10-10 19:36:25,673] {subprocess.py:78} INFO - ++ export LIBPATH
[2021-10-10 19:36:25,673] {subprocess.py:78} INFO - ++ '[' -z '' ']'
[2021-10-10 19:36:25,673] {subprocess.py:78} INFO - ++ PYTHONPATH=/home/abd/root/root/lib
[2021-10-10 19:36:25,673] {subprocess.py:78} INFO - ++ export PYTHONPATH
[2021-10-10 19:36:25,673] {subprocess.py:78} INFO - ++ '[' -z '' ']'
[2021-10-10 19:36:25,673] {subprocess.py:78} INFO - ++ MANPATH=/home/abd/root/root/man:/usr/share/man:/usr/local/share/man
[2021-10-10 19:36:25,673] {subprocess.py:78} INFO - ++ export MANPATH
[2021-10-10 19:36:25,674] {subprocess.py:78} INFO - ++ '[' -z '' ']'
[2021-10-10 19:36:25,674] {subprocess.py:78} INFO - ++ CMAKE_PREFIX_PATH=/home/abd/root/root
[2021-10-10 19:36:25,674] {subprocess.py:78} INFO - ++ export CMAKE_PREFIX_PATH
[2021-10-10 19:36:25,674] {subprocess.py:78} INFO - ++ '[' -z '' ']'
[2021-10-10 19:36:25,674] {subprocess.py:78} INFO - ++ JUPYTER_PATH=/home/abd/root/root/etc/notebook
[2021-10-10 19:36:25,674] {subprocess.py:78} INFO - ++ export JUPYTER_PATH
[2021-10-10 19:36:25,674] {subprocess.py:78} INFO - ++ '[' -z '' ']'
[2021-10-10 19:36:25,674] {subprocess.py:78} INFO - ++ JUPYTER_CONFIG_DIR=/home/abd/root/root/etc/notebook
[2021-10-10 19:36:25,674] {subprocess.py:78} INFO - ++ export JUPYTER_CONFIG_DIR
[2021-10-10 19:36:25,674] {subprocess.py:78} INFO - ++ export CLING_STANDARD_PCH=none
[2021-10-10 19:36:25,674] {subprocess.py:78} INFO - ++ CLING_STANDARD_PCH=none
[2021-10-10 19:36:25,674] {subprocess.py:78} INFO - +++ root-config --arch
[2021-10-10 19:36:25,674] {subprocess.py:78} INFO - +++ grep -v win32gcc
[2021-10-10 19:36:25,674] {subprocess.py:78} INFO - +++ grep -i win32
[2021-10-10 19:36:25,684] {subprocess.py:78} INFO - ++ '[' x '!=' x ']'
[2021-10-10 19:36:25,684] {subprocess.py:78} INFO - ++ unset old_rootsys
[2021-10-10 19:36:25,684] {subprocess.py:78} INFO - ++ unset thisroot
[2021-10-10 19:36:25,684] {subprocess.py:78} INFO - ++ unset -f drop_from_path
[2021-10-10 19:36:25,684] {subprocess.py:78} INFO - ++ unset -f clean_environment
[2021-10-10 19:36:25,684] {subprocess.py:78} INFO - ++ unset -f set_environment
[2021-10-10 19:36:25,684] {subprocess.py:78} INFO - + pwd
[2021-10-10 19:36:25,684] {subprocess.py:78} INFO - /tmp/airflowtmp44w1ukk4
[2021-10-10 19:36:25,684] {subprocess.py:78} INFO - + python /home/abd/airflow/code/generatetuple.py mc2 40000 /home/abd/airflow/data/bsm-search/mc2_1.root
[2021-10-10 19:36:26,773] {subprocess.py:82} INFO - Command exited with return code 0
[2021-10-10 19:36:26,784] {taskinstance.py:1212} INFO - Marking task as SUCCESS. dag_id=main, task_id=mc.mc2.generate_group_mc2.generate_mc2_1, execution_date=20211009T000000, start_date=20211010T163625, end_date=20211010T163626
[2021-10-10 19:36:26,795] {local_task_job.py:151} INFO - Task exited with return code 0
[2021-10-10 19:36:26,828] {local_task_job.py:261} INFO - 0 downstream tasks scheduled from follow-on schedule check
[2021-10-10 19:46:05,276] {taskinstance.py:903} INFO - Dependencies all met for <TaskInstance: main.mc.mc2.generate_group_mc2.generate_mc2_1 2021-10-09T00:00:00+00:00 [queued]>
[2021-10-10 19:46:05,282] {taskinstance.py:903} INFO - Dependencies all met for <TaskInstance: main.mc.mc2.generate_group_mc2.generate_mc2_1 2021-10-09T00:00:00+00:00 [queued]>
[2021-10-10 19:46:05,282] {taskinstance.py:1095} INFO - 
--------------------------------------------------------------------------------
[2021-10-10 19:46:05,282] {taskinstance.py:1096} INFO - Starting attempt 1 of 2
[2021-10-10 19:46:05,282] {taskinstance.py:1097} INFO - 
--------------------------------------------------------------------------------
[2021-10-10 19:46:05,289] {taskinstance.py:1115} INFO - Executing <Task(BashOperator): mc.mc2.generate_group_mc2.generate_mc2_1> on 2021-10-09T00:00:00+00:00
[2021-10-10 19:46:05,290] {standard_task_runner.py:52} INFO - Started process 59198 to run task
[2021-10-10 19:46:05,293] {standard_task_runner.py:76} INFO - Running: ['airflow', 'tasks', 'run', 'main', 'mc.mc2.generate_group_mc2.generate_mc2_1', '2021-10-09T00:00:00+00:00', '--job-id', '576', '--pool', 'default_pool', '--raw', '--subdir', 'DAGS_FOLDER/main.py', '--cfg-path', '/tmp/tmpk_nkevet', '--error-file', '/tmp/tmp02_oheww']
[2021-10-10 19:46:05,294] {standard_task_runner.py:77} INFO - Job 576: Subtask mc.mc2.generate_group_mc2.generate_mc2_1
[2021-10-10 19:46:05,313] {logging_mixin.py:109} INFO - Running <TaskInstance: main.mc.mc2.generate_group_mc2.generate_mc2_1 2021-10-09T00:00:00+00:00 [running]> on host abd
[2021-10-10 19:46:05,338] {taskinstance.py:1252} INFO - Exporting the following env vars:
AIRFLOW_CTX_DAG_OWNER=admin
AIRFLOW_CTX_DAG_ID=main
AIRFLOW_CTX_TASK_ID=mc.mc2.generate_group_mc2.generate_mc2_1
AIRFLOW_CTX_EXECUTION_DATE=2021-10-09T00:00:00+00:00
AIRFLOW_CTX_DAG_RUN_ID=scheduled__2021-10-09T00:00:00+00:00
[2021-10-10 19:46:05,338] {subprocess.py:52} INFO - Tmp dir root location: 
 /tmp
[2021-10-10 19:46:05,339] {subprocess.py:63} INFO - Running command: ['bash', '-c', '\n            set -x\n            source ${thisroot}/thisroot.sh\n            pwd\n            python ${code}/generatetuple.py ${type} ${nevents} ${base_dir}/${type}_${jobnumber}.root\n            ']
[2021-10-10 19:46:05,342] {subprocess.py:74} INFO - Output:
[2021-10-10 19:46:05,343] {subprocess.py:78} INFO - + source /home/abd/root/root/bin/thisroot.sh
[2021-10-10 19:46:05,344] {subprocess.py:78} INFO - ++ '[' -n '' ']'
[2021-10-10 19:46:05,344] {subprocess.py:78} INFO - ++ SOURCE=/home/abd/root/root/bin/thisroot.sh
[2021-10-10 19:46:05,344] {subprocess.py:78} INFO - ++ '[' x/home/abd/root/root/bin/thisroot.sh = x ']'
[2021-10-10 19:46:05,344] {subprocess.py:78} INFO - ++ '[' x/home/abd/root/root/bin/thisroot.sh = x ']'
[2021-10-10 19:46:05,344] {subprocess.py:78} INFO - +++ dirname /home/abd/root/root/bin/thisroot.sh
[2021-10-10 19:46:05,344] {subprocess.py:78} INFO - ++ thisroot=/home/abd/root/root/bin
[2021-10-10 19:46:05,345] {subprocess.py:78} INFO - +++ cd /home/abd/root/root/bin/..
[2021-10-10 19:46:05,345] {subprocess.py:78} INFO - +++ pwd
[2021-10-10 19:46:05,345] {subprocess.py:78} INFO - ++ ROOTSYS=/home/abd/root/root
[2021-10-10 19:46:05,345] {subprocess.py:78} INFO - ++ export ROOTSYS
[2021-10-10 19:46:05,345] {subprocess.py:78} INFO - ++ clean_environment
[2021-10-10 19:46:05,345] {subprocess.py:78} INFO - ++ '[' -n '' ']'
[2021-10-10 19:46:05,345] {subprocess.py:78} INFO - ++ '[' -z '' ']'
[2021-10-10 19:46:05,345] {subprocess.py:78} INFO - ++ command -v manpath
[2021-10-10 19:46:05,345] {subprocess.py:78} INFO - +++ manpath
[2021-10-10 19:46:05,346] {subprocess.py:78} INFO - manpath: warning: $PATH not set
[2021-10-10 19:46:05,346] {subprocess.py:78} INFO - ++ default_manpath=/usr/share/man:/usr/local/share/man
[2021-10-10 19:46:05,346] {subprocess.py:78} INFO - ++ set_environment
[2021-10-10 19:46:05,346] {subprocess.py:78} INFO - ++ '[' -z /usr/local/sbin:/usr/local/bin:/usr/sbin:/usr/bin:/sbin:/bin ']'
[2021-10-10 19:46:05,346] {subprocess.py:78} INFO - ++ PATH=/home/abd/root/root/bin:/usr/local/sbin:/usr/local/bin:/usr/sbin:/usr/bin:/sbin:/bin
[2021-10-10 19:46:05,346] {subprocess.py:78} INFO - ++ export PATH
[2021-10-10 19:46:05,346] {subprocess.py:78} INFO - ++ '[' -z '' ']'
[2021-10-10 19:46:05,346] {subprocess.py:78} INFO - ++ LD_LIBRARY_PATH=/home/abd/root/root/lib
[2021-10-10 19:46:05,346] {subprocess.py:78} INFO - ++ export LD_LIBRARY_PATH
[2021-10-10 19:46:05,346] {subprocess.py:78} INFO - ++ '[' -z '' ']'
[2021-10-10 19:46:05,346] {subprocess.py:78} INFO - ++ DYLD_LIBRARY_PATH=/home/abd/root/root/lib
[2021-10-10 19:46:05,346] {subprocess.py:78} INFO - ++ export DYLD_LIBRARY_PATH
[2021-10-10 19:46:05,346] {subprocess.py:78} INFO - ++ '[' -z '' ']'
[2021-10-10 19:46:05,346] {subprocess.py:78} INFO - ++ SHLIB_PATH=/home/abd/root/root/lib
[2021-10-10 19:46:05,346] {subprocess.py:78} INFO - ++ export SHLIB_PATH
[2021-10-10 19:46:05,346] {subprocess.py:78} INFO - ++ '[' -z '' ']'
[2021-10-10 19:46:05,346] {subprocess.py:78} INFO - ++ LIBPATH=/home/abd/root/root/lib
[2021-10-10 19:46:05,347] {subprocess.py:78} INFO - ++ export LIBPATH
[2021-10-10 19:46:05,347] {subprocess.py:78} INFO - ++ '[' -z '' ']'
[2021-10-10 19:46:05,347] {subprocess.py:78} INFO - ++ PYTHONPATH=/home/abd/root/root/lib
[2021-10-10 19:46:05,347] {subprocess.py:78} INFO - ++ export PYTHONPATH
[2021-10-10 19:46:05,347] {subprocess.py:78} INFO - ++ '[' -z '' ']'
[2021-10-10 19:46:05,347] {subprocess.py:78} INFO - ++ MANPATH=/home/abd/root/root/man:/usr/share/man:/usr/local/share/man
[2021-10-10 19:46:05,347] {subprocess.py:78} INFO - ++ export MANPATH
[2021-10-10 19:46:05,347] {subprocess.py:78} INFO - ++ '[' -z '' ']'
[2021-10-10 19:46:05,347] {subprocess.py:78} INFO - ++ CMAKE_PREFIX_PATH=/home/abd/root/root
[2021-10-10 19:46:05,347] {subprocess.py:78} INFO - ++ export CMAKE_PREFIX_PATH
[2021-10-10 19:46:05,347] {subprocess.py:78} INFO - ++ '[' -z '' ']'
[2021-10-10 19:46:05,347] {subprocess.py:78} INFO - ++ JUPYTER_PATH=/home/abd/root/root/etc/notebook
[2021-10-10 19:46:05,347] {subprocess.py:78} INFO - ++ export JUPYTER_PATH
[2021-10-10 19:46:05,347] {subprocess.py:78} INFO - ++ '[' -z '' ']'
[2021-10-10 19:46:05,347] {subprocess.py:78} INFO - ++ JUPYTER_CONFIG_DIR=/home/abd/root/root/etc/notebook
[2021-10-10 19:46:05,347] {subprocess.py:78} INFO - ++ export JUPYTER_CONFIG_DIR
[2021-10-10 19:46:05,347] {subprocess.py:78} INFO - ++ export CLING_STANDARD_PCH=none
[2021-10-10 19:46:05,347] {subprocess.py:78} INFO - ++ CLING_STANDARD_PCH=none
[2021-10-10 19:46:05,347] {subprocess.py:78} INFO - +++ root-config --arch
[2021-10-10 19:46:05,347] {subprocess.py:78} INFO - +++ grep -v win32gcc
[2021-10-10 19:46:05,347] {subprocess.py:78} INFO - +++ grep -i win32
[2021-10-10 19:46:05,357] {subprocess.py:78} INFO - ++ '[' x '!=' x ']'
[2021-10-10 19:46:05,357] {subprocess.py:78} INFO - ++ unset old_rootsys
[2021-10-10 19:46:05,357] {subprocess.py:78} INFO - ++ unset thisroot
[2021-10-10 19:46:05,357] {subprocess.py:78} INFO - ++ unset -f drop_from_path
[2021-10-10 19:46:05,357] {subprocess.py:78} INFO - ++ unset -f clean_environment
[2021-10-10 19:46:05,357] {subprocess.py:78} INFO - ++ unset -f set_environment
[2021-10-10 19:46:05,357] {subprocess.py:78} INFO - + pwd
[2021-10-10 19:46:05,357] {subprocess.py:78} INFO - /tmp/airflowtmp9bgwwzub
[2021-10-10 19:46:05,358] {subprocess.py:78} INFO - + python /home/abd/airflow/code/generatetuple.py mc2 40000 /home/abd/airflow/data/bsm-search/mc2_1.root
[2021-10-10 19:46:06,437] {subprocess.py:82} INFO - Command exited with return code 0
[2021-10-10 19:46:06,448] {taskinstance.py:1212} INFO - Marking task as SUCCESS. dag_id=main, task_id=mc.mc2.generate_group_mc2.generate_mc2_1, execution_date=20211009T000000, start_date=20211010T164605, end_date=20211010T164606
[2021-10-10 19:46:06,467] {local_task_job.py:151} INFO - Task exited with return code 0
[2021-10-10 19:46:06,478] {local_task_job.py:261} INFO - 0 downstream tasks scheduled from follow-on schedule check
[2021-10-10 19:55:57,407] {taskinstance.py:903} INFO - Dependencies all met for <TaskInstance: main.mc.mc2.generate_group_mc2.generate_mc2_1 2021-10-09T00:00:00+00:00 [queued]>
[2021-10-10 19:55:57,413] {taskinstance.py:903} INFO - Dependencies all met for <TaskInstance: main.mc.mc2.generate_group_mc2.generate_mc2_1 2021-10-09T00:00:00+00:00 [queued]>
[2021-10-10 19:55:57,413] {taskinstance.py:1095} INFO - 
--------------------------------------------------------------------------------
[2021-10-10 19:55:57,413] {taskinstance.py:1096} INFO - Starting attempt 1 of 2
[2021-10-10 19:55:57,413] {taskinstance.py:1097} INFO - 
--------------------------------------------------------------------------------
[2021-10-10 19:55:57,422] {taskinstance.py:1115} INFO - Executing <Task(BashOperator): mc.mc2.generate_group_mc2.generate_mc2_1> on 2021-10-09T00:00:00+00:00
[2021-10-10 19:55:57,424] {standard_task_runner.py:52} INFO - Started process 62805 to run task
[2021-10-10 19:55:57,427] {standard_task_runner.py:76} INFO - Running: ['airflow', 'tasks', 'run', 'main', 'mc.mc2.generate_group_mc2.generate_mc2_1', '2021-10-09T00:00:00+00:00', '--job-id', '577', '--pool', 'default_pool', '--raw', '--subdir', 'DAGS_FOLDER/main.py', '--cfg-path', '/tmp/tmpioantu4_', '--error-file', '/tmp/tmpdycqqvkd']
[2021-10-10 19:55:57,427] {standard_task_runner.py:77} INFO - Job 577: Subtask mc.mc2.generate_group_mc2.generate_mc2_1
[2021-10-10 19:55:57,448] {logging_mixin.py:109} INFO - Running <TaskInstance: main.mc.mc2.generate_group_mc2.generate_mc2_1 2021-10-09T00:00:00+00:00 [running]> on host abd
[2021-10-10 19:55:57,473] {taskinstance.py:1252} INFO - Exporting the following env vars:
AIRFLOW_CTX_DAG_OWNER=admin
AIRFLOW_CTX_DAG_ID=main
AIRFLOW_CTX_TASK_ID=mc.mc2.generate_group_mc2.generate_mc2_1
AIRFLOW_CTX_EXECUTION_DATE=2021-10-09T00:00:00+00:00
AIRFLOW_CTX_DAG_RUN_ID=scheduled__2021-10-09T00:00:00+00:00
[2021-10-10 19:55:57,473] {subprocess.py:52} INFO - Tmp dir root location: 
 /tmp
[2021-10-10 19:55:57,474] {subprocess.py:63} INFO - Running command: ['bash', '-c', '\n            set -x\n            source ${thisroot}/thisroot.sh\n            pwd\n            python ${code}/generatetuple.py ${type} ${nevents} ${base_dir}/${type}_${jobnumber}.root\n            ']
[2021-10-10 19:55:57,477] {subprocess.py:74} INFO - Output:
[2021-10-10 19:55:57,478] {subprocess.py:78} INFO - + source /home/abd/root/root/bin/thisroot.sh
[2021-10-10 19:55:57,478] {subprocess.py:78} INFO - ++ '[' -n '' ']'
[2021-10-10 19:55:57,479] {subprocess.py:78} INFO - ++ SOURCE=/home/abd/root/root/bin/thisroot.sh
[2021-10-10 19:55:57,479] {subprocess.py:78} INFO - ++ '[' x/home/abd/root/root/bin/thisroot.sh = x ']'
[2021-10-10 19:55:57,479] {subprocess.py:78} INFO - ++ '[' x/home/abd/root/root/bin/thisroot.sh = x ']'
[2021-10-10 19:55:57,479] {subprocess.py:78} INFO - +++ dirname /home/abd/root/root/bin/thisroot.sh
[2021-10-10 19:55:57,479] {subprocess.py:78} INFO - ++ thisroot=/home/abd/root/root/bin
[2021-10-10 19:55:57,480] {subprocess.py:78} INFO - +++ cd /home/abd/root/root/bin/..
[2021-10-10 19:55:57,480] {subprocess.py:78} INFO - +++ pwd
[2021-10-10 19:55:57,480] {subprocess.py:78} INFO - ++ ROOTSYS=/home/abd/root/root
[2021-10-10 19:55:57,480] {subprocess.py:78} INFO - ++ export ROOTSYS
[2021-10-10 19:55:57,480] {subprocess.py:78} INFO - ++ clean_environment
[2021-10-10 19:55:57,480] {subprocess.py:78} INFO - ++ '[' -n '' ']'
[2021-10-10 19:55:57,480] {subprocess.py:78} INFO - ++ '[' -z '' ']'
[2021-10-10 19:55:57,480] {subprocess.py:78} INFO - ++ command -v manpath
[2021-10-10 19:55:57,480] {subprocess.py:78} INFO - +++ manpath
[2021-10-10 19:55:57,481] {subprocess.py:78} INFO - manpath: warning: $PATH not set
[2021-10-10 19:55:57,481] {subprocess.py:78} INFO - ++ default_manpath=/usr/share/man:/usr/local/share/man
[2021-10-10 19:55:57,481] {subprocess.py:78} INFO - ++ set_environment
[2021-10-10 19:55:57,481] {subprocess.py:78} INFO - ++ '[' -z /usr/local/sbin:/usr/local/bin:/usr/sbin:/usr/bin:/sbin:/bin ']'
[2021-10-10 19:55:57,481] {subprocess.py:78} INFO - ++ PATH=/home/abd/root/root/bin:/usr/local/sbin:/usr/local/bin:/usr/sbin:/usr/bin:/sbin:/bin
[2021-10-10 19:55:57,481] {subprocess.py:78} INFO - ++ export PATH
[2021-10-10 19:55:57,481] {subprocess.py:78} INFO - ++ '[' -z '' ']'
[2021-10-10 19:55:57,481] {subprocess.py:78} INFO - ++ LD_LIBRARY_PATH=/home/abd/root/root/lib
[2021-10-10 19:55:57,481] {subprocess.py:78} INFO - ++ export LD_LIBRARY_PATH
[2021-10-10 19:55:57,482] {subprocess.py:78} INFO - ++ '[' -z '' ']'
[2021-10-10 19:55:57,482] {subprocess.py:78} INFO - ++ DYLD_LIBRARY_PATH=/home/abd/root/root/lib
[2021-10-10 19:55:57,482] {subprocess.py:78} INFO - ++ export DYLD_LIBRARY_PATH
[2021-10-10 19:55:57,482] {subprocess.py:78} INFO - ++ '[' -z '' ']'
[2021-10-10 19:55:57,482] {subprocess.py:78} INFO - ++ SHLIB_PATH=/home/abd/root/root/lib
[2021-10-10 19:55:57,482] {subprocess.py:78} INFO - ++ export SHLIB_PATH
[2021-10-10 19:55:57,482] {subprocess.py:78} INFO - ++ '[' -z '' ']'
[2021-10-10 19:55:57,482] {subprocess.py:78} INFO - ++ LIBPATH=/home/abd/root/root/lib
[2021-10-10 19:55:57,482] {subprocess.py:78} INFO - ++ export LIBPATH
[2021-10-10 19:55:57,482] {subprocess.py:78} INFO - ++ '[' -z '' ']'
[2021-10-10 19:55:57,482] {subprocess.py:78} INFO - ++ PYTHONPATH=/home/abd/root/root/lib
[2021-10-10 19:55:57,482] {subprocess.py:78} INFO - ++ export PYTHONPATH
[2021-10-10 19:55:57,482] {subprocess.py:78} INFO - ++ '[' -z '' ']'
[2021-10-10 19:55:57,482] {subprocess.py:78} INFO - ++ MANPATH=/home/abd/root/root/man:/usr/share/man:/usr/local/share/man
[2021-10-10 19:55:57,482] {subprocess.py:78} INFO - ++ export MANPATH
[2021-10-10 19:55:57,482] {subprocess.py:78} INFO - ++ '[' -z '' ']'
[2021-10-10 19:55:57,482] {subprocess.py:78} INFO - ++ CMAKE_PREFIX_PATH=/home/abd/root/root
[2021-10-10 19:55:57,482] {subprocess.py:78} INFO - ++ export CMAKE_PREFIX_PATH
[2021-10-10 19:55:57,482] {subprocess.py:78} INFO - ++ '[' -z '' ']'
[2021-10-10 19:55:57,482] {subprocess.py:78} INFO - ++ JUPYTER_PATH=/home/abd/root/root/etc/notebook
[2021-10-10 19:55:57,482] {subprocess.py:78} INFO - ++ export JUPYTER_PATH
[2021-10-10 19:55:57,482] {subprocess.py:78} INFO - ++ '[' -z '' ']'
[2021-10-10 19:55:57,482] {subprocess.py:78} INFO - ++ JUPYTER_CONFIG_DIR=/home/abd/root/root/etc/notebook
[2021-10-10 19:55:57,483] {subprocess.py:78} INFO - ++ export JUPYTER_CONFIG_DIR
[2021-10-10 19:55:57,483] {subprocess.py:78} INFO - ++ export CLING_STANDARD_PCH=none
[2021-10-10 19:55:57,483] {subprocess.py:78} INFO - ++ CLING_STANDARD_PCH=none
[2021-10-10 19:55:57,483] {subprocess.py:78} INFO - +++ root-config --arch
[2021-10-10 19:55:57,483] {subprocess.py:78} INFO - +++ grep -i win32
[2021-10-10 19:55:57,483] {subprocess.py:78} INFO - +++ grep -v win32gcc
[2021-10-10 19:55:57,492] {subprocess.py:78} INFO - ++ '[' x '!=' x ']'
[2021-10-10 19:55:57,493] {subprocess.py:78} INFO - ++ unset old_rootsys
[2021-10-10 19:55:57,493] {subprocess.py:78} INFO - ++ unset thisroot
[2021-10-10 19:55:57,493] {subprocess.py:78} INFO - ++ unset -f drop_from_path
[2021-10-10 19:55:57,493] {subprocess.py:78} INFO - ++ unset -f clean_environment
[2021-10-10 19:55:57,493] {subprocess.py:78} INFO - ++ unset -f set_environment
[2021-10-10 19:55:57,493] {subprocess.py:78} INFO - + pwd
[2021-10-10 19:55:57,493] {subprocess.py:78} INFO - /tmp/airflowtmp2tzs9a9g
[2021-10-10 19:55:57,493] {subprocess.py:78} INFO - + python /home/abd/airflow/code/generatetuple.py mc2 40000 /home/abd/airflow/data/bsm-search/mc2_1.root
[2021-10-10 19:55:58,580] {subprocess.py:82} INFO - Command exited with return code 0
[2021-10-10 19:55:58,591] {taskinstance.py:1212} INFO - Marking task as SUCCESS. dag_id=main, task_id=mc.mc2.generate_group_mc2.generate_mc2_1, execution_date=20211009T000000, start_date=20211010T165557, end_date=20211010T165558
[2021-10-10 19:55:58,601] {local_task_job.py:151} INFO - Task exited with return code 0
[2021-10-10 19:55:58,611] {local_task_job.py:261} INFO - 0 downstream tasks scheduled from follow-on schedule check
[2021-10-10 20:17:29,275] {taskinstance.py:903} INFO - Dependencies all met for <TaskInstance: main.mc.mc2.generate_group_mc2.generate_mc2_1 2021-10-09T00:00:00+00:00 [queued]>
[2021-10-10 20:17:29,282] {taskinstance.py:903} INFO - Dependencies all met for <TaskInstance: main.mc.mc2.generate_group_mc2.generate_mc2_1 2021-10-09T00:00:00+00:00 [queued]>
[2021-10-10 20:17:29,282] {taskinstance.py:1095} INFO - 
--------------------------------------------------------------------------------
[2021-10-10 20:17:29,282] {taskinstance.py:1096} INFO - Starting attempt 1 of 2
[2021-10-10 20:17:29,282] {taskinstance.py:1097} INFO - 
--------------------------------------------------------------------------------
[2021-10-10 20:17:29,289] {taskinstance.py:1115} INFO - Executing <Task(BashOperator): mc.mc2.generate_group_mc2.generate_mc2_1> on 2021-10-09T00:00:00+00:00
[2021-10-10 20:17:29,290] {standard_task_runner.py:52} INFO - Started process 9814 to run task
[2021-10-10 20:17:29,293] {standard_task_runner.py:76} INFO - Running: ['airflow', 'tasks', 'run', 'main', 'mc.mc2.generate_group_mc2.generate_mc2_1', '2021-10-09T00:00:00+00:00', '--job-id', '578', '--pool', 'default_pool', '--raw', '--subdir', 'DAGS_FOLDER/main.py', '--cfg-path', '/tmp/tmp7spar_rl', '--error-file', '/tmp/tmpus169mu_']
[2021-10-10 20:17:29,294] {standard_task_runner.py:77} INFO - Job 578: Subtask mc.mc2.generate_group_mc2.generate_mc2_1
[2021-10-10 20:17:29,312] {logging_mixin.py:109} INFO - Running <TaskInstance: main.mc.mc2.generate_group_mc2.generate_mc2_1 2021-10-09T00:00:00+00:00 [running]> on host abd
[2021-10-10 20:17:29,350] {taskinstance.py:1252} INFO - Exporting the following env vars:
AIRFLOW_CTX_DAG_OWNER=admin
AIRFLOW_CTX_DAG_ID=main
AIRFLOW_CTX_TASK_ID=mc.mc2.generate_group_mc2.generate_mc2_1
AIRFLOW_CTX_EXECUTION_DATE=2021-10-09T00:00:00+00:00
AIRFLOW_CTX_DAG_RUN_ID=scheduled__2021-10-09T00:00:00+00:00
[2021-10-10 20:17:29,351] {subprocess.py:52} INFO - Tmp dir root location: 
 /tmp
[2021-10-10 20:17:29,351] {subprocess.py:63} INFO - Running command: ['bash', '-c', '\n            set -x\n            source ${thisroot}/thisroot.sh\n            pwd\n            python ${code}/generatetuple.py ${type} ${nevents} ${base_dir}/${type}_${jobnumber}.root\n            ']
[2021-10-10 20:17:29,355] {subprocess.py:74} INFO - Output:
[2021-10-10 20:17:29,355] {subprocess.py:78} INFO - + source /home/abd/root/root/bin/thisroot.sh
[2021-10-10 20:17:29,356] {subprocess.py:78} INFO - ++ '[' -n '' ']'
[2021-10-10 20:17:29,356] {subprocess.py:78} INFO - ++ SOURCE=/home/abd/root/root/bin/thisroot.sh
[2021-10-10 20:17:29,356] {subprocess.py:78} INFO - ++ '[' x/home/abd/root/root/bin/thisroot.sh = x ']'
[2021-10-10 20:17:29,356] {subprocess.py:78} INFO - ++ '[' x/home/abd/root/root/bin/thisroot.sh = x ']'
[2021-10-10 20:17:29,356] {subprocess.py:78} INFO - +++ dirname /home/abd/root/root/bin/thisroot.sh
[2021-10-10 20:17:29,357] {subprocess.py:78} INFO - ++ thisroot=/home/abd/root/root/bin
[2021-10-10 20:17:29,357] {subprocess.py:78} INFO - +++ cd /home/abd/root/root/bin/..
[2021-10-10 20:17:29,357] {subprocess.py:78} INFO - +++ pwd
[2021-10-10 20:17:29,357] {subprocess.py:78} INFO - ++ ROOTSYS=/home/abd/root/root
[2021-10-10 20:17:29,357] {subprocess.py:78} INFO - ++ export ROOTSYS
[2021-10-10 20:17:29,357] {subprocess.py:78} INFO - ++ clean_environment
[2021-10-10 20:17:29,357] {subprocess.py:78} INFO - ++ '[' -n '' ']'
[2021-10-10 20:17:29,357] {subprocess.py:78} INFO - ++ '[' -z '' ']'
[2021-10-10 20:17:29,357] {subprocess.py:78} INFO - ++ command -v manpath
[2021-10-10 20:17:29,357] {subprocess.py:78} INFO - +++ manpath
[2021-10-10 20:17:29,358] {subprocess.py:78} INFO - manpath: warning: $PATH not set
[2021-10-10 20:17:29,358] {subprocess.py:78} INFO - ++ default_manpath=/usr/share/man:/usr/local/share/man
[2021-10-10 20:17:29,358] {subprocess.py:78} INFO - ++ set_environment
[2021-10-10 20:17:29,358] {subprocess.py:78} INFO - ++ '[' -z /usr/local/sbin:/usr/local/bin:/usr/sbin:/usr/bin:/sbin:/bin ']'
[2021-10-10 20:17:29,358] {subprocess.py:78} INFO - ++ PATH=/home/abd/root/root/bin:/usr/local/sbin:/usr/local/bin:/usr/sbin:/usr/bin:/sbin:/bin
[2021-10-10 20:17:29,358] {subprocess.py:78} INFO - ++ export PATH
[2021-10-10 20:17:29,358] {subprocess.py:78} INFO - ++ '[' -z '' ']'
[2021-10-10 20:17:29,359] {subprocess.py:78} INFO - ++ LD_LIBRARY_PATH=/home/abd/root/root/lib
[2021-10-10 20:17:29,359] {subprocess.py:78} INFO - ++ export LD_LIBRARY_PATH
[2021-10-10 20:17:29,359] {subprocess.py:78} INFO - ++ '[' -z '' ']'
[2021-10-10 20:17:29,359] {subprocess.py:78} INFO - ++ DYLD_LIBRARY_PATH=/home/abd/root/root/lib
[2021-10-10 20:17:29,359] {subprocess.py:78} INFO - ++ export DYLD_LIBRARY_PATH
[2021-10-10 20:17:29,359] {subprocess.py:78} INFO - ++ '[' -z '' ']'
[2021-10-10 20:17:29,359] {subprocess.py:78} INFO - ++ SHLIB_PATH=/home/abd/root/root/lib
[2021-10-10 20:17:29,359] {subprocess.py:78} INFO - ++ export SHLIB_PATH
[2021-10-10 20:17:29,359] {subprocess.py:78} INFO - ++ '[' -z '' ']'
[2021-10-10 20:17:29,359] {subprocess.py:78} INFO - ++ LIBPATH=/home/abd/root/root/lib
[2021-10-10 20:17:29,359] {subprocess.py:78} INFO - ++ export LIBPATH
[2021-10-10 20:17:29,359] {subprocess.py:78} INFO - ++ '[' -z '' ']'
[2021-10-10 20:17:29,359] {subprocess.py:78} INFO - ++ PYTHONPATH=/home/abd/root/root/lib
[2021-10-10 20:17:29,359] {subprocess.py:78} INFO - ++ export PYTHONPATH
[2021-10-10 20:17:29,359] {subprocess.py:78} INFO - ++ '[' -z '' ']'
[2021-10-10 20:17:29,359] {subprocess.py:78} INFO - ++ MANPATH=/home/abd/root/root/man:/usr/share/man:/usr/local/share/man
[2021-10-10 20:17:29,359] {subprocess.py:78} INFO - ++ export MANPATH
[2021-10-10 20:17:29,359] {subprocess.py:78} INFO - ++ '[' -z '' ']'
[2021-10-10 20:17:29,359] {subprocess.py:78} INFO - ++ CMAKE_PREFIX_PATH=/home/abd/root/root
[2021-10-10 20:17:29,359] {subprocess.py:78} INFO - ++ export CMAKE_PREFIX_PATH
[2021-10-10 20:17:29,359] {subprocess.py:78} INFO - ++ '[' -z '' ']'
[2021-10-10 20:17:29,359] {subprocess.py:78} INFO - ++ JUPYTER_PATH=/home/abd/root/root/etc/notebook
[2021-10-10 20:17:29,359] {subprocess.py:78} INFO - ++ export JUPYTER_PATH
[2021-10-10 20:17:29,359] {subprocess.py:78} INFO - ++ '[' -z '' ']'
[2021-10-10 20:17:29,359] {subprocess.py:78} INFO - ++ JUPYTER_CONFIG_DIR=/home/abd/root/root/etc/notebook
[2021-10-10 20:17:29,359] {subprocess.py:78} INFO - ++ export JUPYTER_CONFIG_DIR
[2021-10-10 20:17:29,360] {subprocess.py:78} INFO - ++ export CLING_STANDARD_PCH=none
[2021-10-10 20:17:29,360] {subprocess.py:78} INFO - ++ CLING_STANDARD_PCH=none
[2021-10-10 20:17:29,360] {subprocess.py:78} INFO - +++ root-config --arch
[2021-10-10 20:17:29,360] {subprocess.py:78} INFO - +++ grep -v win32gcc
[2021-10-10 20:17:29,360] {subprocess.py:78} INFO - +++ grep -i win32
[2021-10-10 20:17:29,369] {subprocess.py:78} INFO - ++ '[' x '!=' x ']'
[2021-10-10 20:17:29,369] {subprocess.py:78} INFO - ++ unset old_rootsys
[2021-10-10 20:17:29,369] {subprocess.py:78} INFO - ++ unset thisroot
[2021-10-10 20:17:29,369] {subprocess.py:78} INFO - ++ unset -f drop_from_path
[2021-10-10 20:17:29,369] {subprocess.py:78} INFO - ++ unset -f clean_environment
[2021-10-10 20:17:29,369] {subprocess.py:78} INFO - ++ unset -f set_environment
[2021-10-10 20:17:29,370] {subprocess.py:78} INFO - + pwd
[2021-10-10 20:17:29,370] {subprocess.py:78} INFO - /tmp/airflowtmpcc5pjad7
[2021-10-10 20:17:29,370] {subprocess.py:78} INFO - + python /home/abd/airflow/code/generatetuple.py mc2 40000 /home/abd/airflow/data/bsm-search/mc2_1.root
[2021-10-10 20:17:30,456] {subprocess.py:82} INFO - Command exited with return code 0
[2021-10-10 20:17:30,467] {taskinstance.py:1212} INFO - Marking task as SUCCESS. dag_id=main, task_id=mc.mc2.generate_group_mc2.generate_mc2_1, execution_date=20211009T000000, start_date=20211010T171729, end_date=20211010T171730
[2021-10-10 20:17:30,508] {local_task_job.py:151} INFO - Task exited with return code 0
[2021-10-10 20:17:30,519] {local_task_job.py:261} INFO - 0 downstream tasks scheduled from follow-on schedule check
[2021-10-10 20:36:52,305] {taskinstance.py:903} INFO - Dependencies all met for <TaskInstance: main.mc.mc2.generate_group_mc2.generate_mc2_1 2021-10-09T00:00:00+00:00 [queued]>
[2021-10-10 20:36:52,310] {taskinstance.py:903} INFO - Dependencies all met for <TaskInstance: main.mc.mc2.generate_group_mc2.generate_mc2_1 2021-10-09T00:00:00+00:00 [queued]>
[2021-10-10 20:36:52,310] {taskinstance.py:1095} INFO - 
--------------------------------------------------------------------------------
[2021-10-10 20:36:52,310] {taskinstance.py:1096} INFO - Starting attempt 1 of 2
[2021-10-10 20:36:52,310] {taskinstance.py:1097} INFO - 
--------------------------------------------------------------------------------
[2021-10-10 20:36:52,317] {taskinstance.py:1115} INFO - Executing <Task(BashOperator): mc.mc2.generate_group_mc2.generate_mc2_1> on 2021-10-09T00:00:00+00:00
[2021-10-10 20:36:52,319] {standard_task_runner.py:52} INFO - Started process 14363 to run task
[2021-10-10 20:36:52,322] {standard_task_runner.py:76} INFO - Running: ['airflow', 'tasks', 'run', 'main', 'mc.mc2.generate_group_mc2.generate_mc2_1', '2021-10-09T00:00:00+00:00', '--job-id', '578', '--pool', 'default_pool', '--raw', '--subdir', 'DAGS_FOLDER/main.py', '--cfg-path', '/tmp/tmp65i3pa38', '--error-file', '/tmp/tmp09muw1pi']
[2021-10-10 20:36:52,322] {standard_task_runner.py:77} INFO - Job 578: Subtask mc.mc2.generate_group_mc2.generate_mc2_1
[2021-10-10 20:36:52,341] {logging_mixin.py:109} INFO - Running <TaskInstance: main.mc.mc2.generate_group_mc2.generate_mc2_1 2021-10-09T00:00:00+00:00 [running]> on host abd
[2021-10-10 20:36:52,366] {taskinstance.py:1252} INFO - Exporting the following env vars:
AIRFLOW_CTX_DAG_OWNER=admin
AIRFLOW_CTX_DAG_ID=main
AIRFLOW_CTX_TASK_ID=mc.mc2.generate_group_mc2.generate_mc2_1
AIRFLOW_CTX_EXECUTION_DATE=2021-10-09T00:00:00+00:00
AIRFLOW_CTX_DAG_RUN_ID=scheduled__2021-10-09T00:00:00+00:00
[2021-10-10 20:36:52,366] {subprocess.py:52} INFO - Tmp dir root location: 
 /tmp
[2021-10-10 20:36:52,366] {subprocess.py:63} INFO - Running command: ['bash', '-c', '\n            set -x\n            source ${thisroot}/thisroot.sh\n            pwd\n            python ${code}/generatetuple.py ${type} ${nevents} ${base_dir}/${type}_${jobnumber}.root\n            ']
[2021-10-10 20:36:52,370] {subprocess.py:74} INFO - Output:
[2021-10-10 20:36:52,371] {subprocess.py:78} INFO - + source /home/abd/root/root/bin/thisroot.sh
[2021-10-10 20:36:52,371] {subprocess.py:78} INFO - ++ '[' -n '' ']'
[2021-10-10 20:36:52,371] {subprocess.py:78} INFO - ++ SOURCE=/home/abd/root/root/bin/thisroot.sh
[2021-10-10 20:36:52,371] {subprocess.py:78} INFO - ++ '[' x/home/abd/root/root/bin/thisroot.sh = x ']'
[2021-10-10 20:36:52,371] {subprocess.py:78} INFO - ++ '[' x/home/abd/root/root/bin/thisroot.sh = x ']'
[2021-10-10 20:36:52,371] {subprocess.py:78} INFO - +++ dirname /home/abd/root/root/bin/thisroot.sh
[2021-10-10 20:36:52,372] {subprocess.py:78} INFO - ++ thisroot=/home/abd/root/root/bin
[2021-10-10 20:36:52,372] {subprocess.py:78} INFO - +++ cd /home/abd/root/root/bin/..
[2021-10-10 20:36:52,372] {subprocess.py:78} INFO - +++ pwd
[2021-10-10 20:36:52,372] {subprocess.py:78} INFO - ++ ROOTSYS=/home/abd/root/root
[2021-10-10 20:36:52,372] {subprocess.py:78} INFO - ++ export ROOTSYS
[2021-10-10 20:36:52,372] {subprocess.py:78} INFO - ++ clean_environment
[2021-10-10 20:36:52,372] {subprocess.py:78} INFO - ++ '[' -n '' ']'
[2021-10-10 20:36:52,372] {subprocess.py:78} INFO - ++ '[' -z '' ']'
[2021-10-10 20:36:52,372] {subprocess.py:78} INFO - ++ command -v manpath
[2021-10-10 20:36:52,373] {subprocess.py:78} INFO - +++ manpath
[2021-10-10 20:36:52,373] {subprocess.py:78} INFO - manpath: warning: $PATH not set
[2021-10-10 20:36:52,373] {subprocess.py:78} INFO - ++ default_manpath=/usr/share/man:/usr/local/share/man
[2021-10-10 20:36:52,374] {subprocess.py:78} INFO - ++ set_environment
[2021-10-10 20:36:52,374] {subprocess.py:78} INFO - ++ '[' -z /usr/local/sbin:/usr/local/bin:/usr/sbin:/usr/bin:/sbin:/bin ']'
[2021-10-10 20:36:52,374] {subprocess.py:78} INFO - ++ PATH=/home/abd/root/root/bin:/usr/local/sbin:/usr/local/bin:/usr/sbin:/usr/bin:/sbin:/bin
[2021-10-10 20:36:52,374] {subprocess.py:78} INFO - ++ export PATH
[2021-10-10 20:36:52,374] {subprocess.py:78} INFO - ++ '[' -z '' ']'
[2021-10-10 20:36:52,374] {subprocess.py:78} INFO - ++ LD_LIBRARY_PATH=/home/abd/root/root/lib
[2021-10-10 20:36:52,374] {subprocess.py:78} INFO - ++ export LD_LIBRARY_PATH
[2021-10-10 20:36:52,374] {subprocess.py:78} INFO - ++ '[' -z '' ']'
[2021-10-10 20:36:52,374] {subprocess.py:78} INFO - ++ DYLD_LIBRARY_PATH=/home/abd/root/root/lib
[2021-10-10 20:36:52,374] {subprocess.py:78} INFO - ++ export DYLD_LIBRARY_PATH
[2021-10-10 20:36:52,374] {subprocess.py:78} INFO - ++ '[' -z '' ']'
[2021-10-10 20:36:52,374] {subprocess.py:78} INFO - ++ SHLIB_PATH=/home/abd/root/root/lib
[2021-10-10 20:36:52,374] {subprocess.py:78} INFO - ++ export SHLIB_PATH
[2021-10-10 20:36:52,374] {subprocess.py:78} INFO - ++ '[' -z '' ']'
[2021-10-10 20:36:52,374] {subprocess.py:78} INFO - ++ LIBPATH=/home/abd/root/root/lib
[2021-10-10 20:36:52,374] {subprocess.py:78} INFO - ++ export LIBPATH
[2021-10-10 20:36:52,374] {subprocess.py:78} INFO - ++ '[' -z '' ']'
[2021-10-10 20:36:52,374] {subprocess.py:78} INFO - ++ PYTHONPATH=/home/abd/root/root/lib
[2021-10-10 20:36:52,374] {subprocess.py:78} INFO - ++ export PYTHONPATH
[2021-10-10 20:36:52,374] {subprocess.py:78} INFO - ++ '[' -z '' ']'
[2021-10-10 20:36:52,374] {subprocess.py:78} INFO - ++ MANPATH=/home/abd/root/root/man:/usr/share/man:/usr/local/share/man
[2021-10-10 20:36:52,374] {subprocess.py:78} INFO - ++ export MANPATH
[2021-10-10 20:36:52,374] {subprocess.py:78} INFO - ++ '[' -z '' ']'
[2021-10-10 20:36:52,374] {subprocess.py:78} INFO - ++ CMAKE_PREFIX_PATH=/home/abd/root/root
[2021-10-10 20:36:52,374] {subprocess.py:78} INFO - ++ export CMAKE_PREFIX_PATH
[2021-10-10 20:36:52,374] {subprocess.py:78} INFO - ++ '[' -z '' ']'
[2021-10-10 20:36:52,374] {subprocess.py:78} INFO - ++ JUPYTER_PATH=/home/abd/root/root/etc/notebook
[2021-10-10 20:36:52,375] {subprocess.py:78} INFO - ++ export JUPYTER_PATH
[2021-10-10 20:36:52,375] {subprocess.py:78} INFO - ++ '[' -z '' ']'
[2021-10-10 20:36:52,375] {subprocess.py:78} INFO - ++ JUPYTER_CONFIG_DIR=/home/abd/root/root/etc/notebook
[2021-10-10 20:36:52,375] {subprocess.py:78} INFO - ++ export JUPYTER_CONFIG_DIR
[2021-10-10 20:36:52,375] {subprocess.py:78} INFO - ++ export CLING_STANDARD_PCH=none
[2021-10-10 20:36:52,375] {subprocess.py:78} INFO - ++ CLING_STANDARD_PCH=none
[2021-10-10 20:36:52,375] {subprocess.py:78} INFO - +++ root-config --arch
[2021-10-10 20:36:52,375] {subprocess.py:78} INFO - +++ grep -v win32gcc
[2021-10-10 20:36:52,375] {subprocess.py:78} INFO - +++ grep -i win32
[2021-10-10 20:36:52,384] {subprocess.py:78} INFO - ++ '[' x '!=' x ']'
[2021-10-10 20:36:52,385] {subprocess.py:78} INFO - ++ unset old_rootsys
[2021-10-10 20:36:52,385] {subprocess.py:78} INFO - ++ unset thisroot
[2021-10-10 20:36:52,385] {subprocess.py:78} INFO - ++ unset -f drop_from_path
[2021-10-10 20:36:52,385] {subprocess.py:78} INFO - ++ unset -f clean_environment
[2021-10-10 20:36:52,385] {subprocess.py:78} INFO - ++ unset -f set_environment
[2021-10-10 20:36:52,385] {subprocess.py:78} INFO - + pwd
[2021-10-10 20:36:52,385] {subprocess.py:78} INFO - /tmp/airflowtmp46aodrmf
[2021-10-10 20:36:52,385] {subprocess.py:78} INFO - + python /home/abd/airflow/code/generatetuple.py mc2 40000 /home/abd/airflow/data/bsm-search/mc2_1.root
[2021-10-10 20:36:53,472] {subprocess.py:82} INFO - Command exited with return code 0
[2021-10-10 20:36:53,483] {taskinstance.py:1212} INFO - Marking task as SUCCESS. dag_id=main, task_id=mc.mc2.generate_group_mc2.generate_mc2_1, execution_date=20211009T000000, start_date=20211010T173652, end_date=20211010T173653
[2021-10-10 20:36:53,495] {local_task_job.py:151} INFO - Task exited with return code 0
[2021-10-10 20:36:53,506] {local_task_job.py:261} INFO - 0 downstream tasks scheduled from follow-on schedule check
