[2021-10-10 17:03:22,700] {processor.py:162} INFO - Started process (PID=14498) to work on /usr/local/lib/python3.8/dist-packages/airflow/example_dags/example_branch_labels.py
[2021-10-10 17:03:22,704] {processor.py:613} INFO - Processing file /usr/local/lib/python3.8/dist-packages/airflow/example_dags/example_branch_labels.py for tasks to queue
[2021-10-10 17:03:22,706] {logging_mixin.py:109} INFO - [2021-10-10 17:03:22,706] {dagbag.py:496} INFO - Filling up the DagBag from /usr/local/lib/python3.8/dist-packages/airflow/example_dags/example_branch_labels.py
[2021-10-10 17:03:22,740] {processor.py:623} INFO - DAG(s) dict_keys(['example_branch_labels']) retrieved from /usr/local/lib/python3.8/dist-packages/airflow/example_dags/example_branch_labels.py
[2021-10-10 17:03:22,773] {logging_mixin.py:109} INFO - [2021-10-10 17:03:22,773] {dag.py:1834} INFO - Sync 1 DAGs
[2021-10-10 17:03:22,788] {logging_mixin.py:109} INFO - [2021-10-10 17:03:22,788] {dag.py:2287} INFO - Setting next_dagrun for example_branch_labels to 2021-10-08 00:00:00+00:00
[2021-10-10 17:03:22,810] {processor.py:170} INFO - Processing /usr/local/lib/python3.8/dist-packages/airflow/example_dags/example_branch_labels.py took 0.117 seconds
[2021-10-10 17:10:19,322] {processor.py:162} INFO - Started process (PID=17048) to work on /usr/local/lib/python3.8/dist-packages/airflow/example_dags/example_branch_labels.py
[2021-10-10 17:10:19,323] {processor.py:613} INFO - Processing file /usr/local/lib/python3.8/dist-packages/airflow/example_dags/example_branch_labels.py for tasks to queue
[2021-10-10 17:10:19,324] {logging_mixin.py:109} INFO - [2021-10-10 17:10:19,324] {dagbag.py:496} INFO - Filling up the DagBag from /usr/local/lib/python3.8/dist-packages/airflow/example_dags/example_branch_labels.py
[2021-10-10 17:10:19,331] {processor.py:623} INFO - DAG(s) dict_keys(['example_branch_labels']) retrieved from /usr/local/lib/python3.8/dist-packages/airflow/example_dags/example_branch_labels.py
[2021-10-10 17:10:19,339] {logging_mixin.py:109} INFO - [2021-10-10 17:10:19,339] {dag.py:1834} INFO - Sync 1 DAGs
[2021-10-10 17:10:19,345] {logging_mixin.py:109} INFO - [2021-10-10 17:10:19,345] {dag.py:2287} INFO - Setting next_dagrun for example_branch_labels to 2021-10-10 00:00:00+00:00
[2021-10-10 17:10:19,352] {processor.py:170} INFO - Processing /usr/local/lib/python3.8/dist-packages/airflow/example_dags/example_branch_labels.py took 0.032 seconds
[2021-10-10 17:12:30,187] {processor.py:162} INFO - Started process (PID=17853) to work on /usr/local/lib/python3.8/dist-packages/airflow/example_dags/example_branch_labels.py
[2021-10-10 17:12:30,192] {processor.py:613} INFO - Processing file /usr/local/lib/python3.8/dist-packages/airflow/example_dags/example_branch_labels.py for tasks to queue
[2021-10-10 17:12:30,193] {logging_mixin.py:109} INFO - [2021-10-10 17:12:30,193] {dagbag.py:496} INFO - Filling up the DagBag from /usr/local/lib/python3.8/dist-packages/airflow/example_dags/example_branch_labels.py
[2021-10-10 17:12:30,201] {processor.py:623} INFO - DAG(s) dict_keys(['example_branch_labels']) retrieved from /usr/local/lib/python3.8/dist-packages/airflow/example_dags/example_branch_labels.py
[2021-10-10 17:12:30,210] {logging_mixin.py:109} INFO - [2021-10-10 17:12:30,210] {dag.py:1834} INFO - Sync 1 DAGs
[2021-10-10 17:12:30,216] {logging_mixin.py:109} INFO - [2021-10-10 17:12:30,216] {dag.py:2287} INFO - Setting next_dagrun for example_branch_labels to 2021-10-10 00:00:00+00:00
[2021-10-10 17:12:30,223] {processor.py:170} INFO - Processing /usr/local/lib/python3.8/dist-packages/airflow/example_dags/example_branch_labels.py took 0.038 seconds
[2021-10-10 17:14:41,640] {processor.py:162} INFO - Started process (PID=18684) to work on /usr/local/lib/python3.8/dist-packages/airflow/example_dags/example_branch_labels.py
[2021-10-10 17:14:41,641] {processor.py:613} INFO - Processing file /usr/local/lib/python3.8/dist-packages/airflow/example_dags/example_branch_labels.py for tasks to queue
[2021-10-10 17:14:41,642] {logging_mixin.py:109} INFO - [2021-10-10 17:14:41,642] {dagbag.py:496} INFO - Filling up the DagBag from /usr/local/lib/python3.8/dist-packages/airflow/example_dags/example_branch_labels.py
[2021-10-10 17:14:41,650] {processor.py:623} INFO - DAG(s) dict_keys(['example_branch_labels']) retrieved from /usr/local/lib/python3.8/dist-packages/airflow/example_dags/example_branch_labels.py
[2021-10-10 17:14:41,660] {logging_mixin.py:109} INFO - [2021-10-10 17:14:41,660] {dag.py:1834} INFO - Sync 1 DAGs
[2021-10-10 17:14:41,667] {logging_mixin.py:109} INFO - [2021-10-10 17:14:41,667] {dag.py:2287} INFO - Setting next_dagrun for example_branch_labels to 2021-10-10 00:00:00+00:00
[2021-10-10 17:14:41,675] {processor.py:170} INFO - Processing /usr/local/lib/python3.8/dist-packages/airflow/example_dags/example_branch_labels.py took 0.036 seconds
