[2021-10-10 17:03:17,521] {processor.py:162} INFO - Started process (PID=14367) to work on /usr/local/lib/python3.8/dist-packages/airflow/example_dags/example_xcomargs.py
[2021-10-10 17:03:17,522] {processor.py:613} INFO - Processing file /usr/local/lib/python3.8/dist-packages/airflow/example_dags/example_xcomargs.py for tasks to queue
[2021-10-10 17:03:17,522] {logging_mixin.py:109} INFO - [2021-10-10 17:03:17,522] {dagbag.py:496} INFO - Filling up the DagBag from /usr/local/lib/python3.8/dist-packages/airflow/example_dags/example_xcomargs.py
[2021-10-10 17:03:17,536] {processor.py:623} INFO - DAG(s) dict_keys(['example_xcom_args', 'example_xcom_args_with_operators']) retrieved from /usr/local/lib/python3.8/dist-packages/airflow/example_dags/example_xcomargs.py
[2021-10-10 17:03:17,725] {logging_mixin.py:109} INFO - [2021-10-10 17:03:17,725] {dag.py:1834} INFO - Sync 2 DAGs
[2021-10-10 17:03:17,732] {logging_mixin.py:109} INFO - [2021-10-10 17:03:17,732] {dag.py:2287} INFO - Setting next_dagrun for example_xcom_args to None
[2021-10-10 17:03:17,733] {logging_mixin.py:109} INFO - [2021-10-10 17:03:17,733] {dag.py:2287} INFO - Setting next_dagrun for example_xcom_args_with_operators to None
[2021-10-10 17:03:17,753] {processor.py:170} INFO - Processing /usr/local/lib/python3.8/dist-packages/airflow/example_dags/example_xcomargs.py took 0.234 seconds
[2021-10-10 17:09:58,458] {processor.py:162} INFO - Started process (PID=16929) to work on /usr/local/lib/python3.8/dist-packages/airflow/example_dags/example_xcomargs.py
[2021-10-10 17:09:58,465] {processor.py:613} INFO - Processing file /usr/local/lib/python3.8/dist-packages/airflow/example_dags/example_xcomargs.py for tasks to queue
[2021-10-10 17:09:58,467] {logging_mixin.py:109} INFO - [2021-10-10 17:09:58,467] {dagbag.py:496} INFO - Filling up the DagBag from /usr/local/lib/python3.8/dist-packages/airflow/example_dags/example_xcomargs.py
[2021-10-10 17:09:58,502] {processor.py:623} INFO - DAG(s) dict_keys(['example_xcom_args', 'example_xcom_args_with_operators']) retrieved from /usr/local/lib/python3.8/dist-packages/airflow/example_dags/example_xcomargs.py
[2021-10-10 17:09:58,681] {logging_mixin.py:109} INFO - [2021-10-10 17:09:58,681] {dag.py:1834} INFO - Sync 2 DAGs
[2021-10-10 17:09:58,687] {logging_mixin.py:109} INFO - [2021-10-10 17:09:58,687] {dag.py:2287} INFO - Setting next_dagrun for example_xcom_args to None
[2021-10-10 17:09:58,688] {logging_mixin.py:109} INFO - [2021-10-10 17:09:58,688] {dag.py:2287} INFO - Setting next_dagrun for example_xcom_args_with_operators to None
[2021-10-10 17:09:58,701] {processor.py:170} INFO - Processing /usr/local/lib/python3.8/dist-packages/airflow/example_dags/example_xcomargs.py took 0.244 seconds
[2021-10-10 17:12:08,975] {processor.py:162} INFO - Started process (PID=17721) to work on /usr/local/lib/python3.8/dist-packages/airflow/example_dags/example_xcomargs.py
[2021-10-10 17:12:08,976] {processor.py:613} INFO - Processing file /usr/local/lib/python3.8/dist-packages/airflow/example_dags/example_xcomargs.py for tasks to queue
[2021-10-10 17:12:08,976] {logging_mixin.py:109} INFO - [2021-10-10 17:12:08,976] {dagbag.py:496} INFO - Filling up the DagBag from /usr/local/lib/python3.8/dist-packages/airflow/example_dags/example_xcomargs.py
[2021-10-10 17:12:08,988] {processor.py:623} INFO - DAG(s) dict_keys(['example_xcom_args', 'example_xcom_args_with_operators']) retrieved from /usr/local/lib/python3.8/dist-packages/airflow/example_dags/example_xcomargs.py
[2021-10-10 17:12:09,167] {logging_mixin.py:109} INFO - [2021-10-10 17:12:09,166] {dag.py:1834} INFO - Sync 2 DAGs
[2021-10-10 17:12:09,171] {logging_mixin.py:109} INFO - [2021-10-10 17:12:09,171] {dag.py:2287} INFO - Setting next_dagrun for example_xcom_args to None
[2021-10-10 17:12:09,172] {logging_mixin.py:109} INFO - [2021-10-10 17:12:09,172] {dag.py:2287} INFO - Setting next_dagrun for example_xcom_args_with_operators to None
[2021-10-10 17:12:09,185] {processor.py:170} INFO - Processing /usr/local/lib/python3.8/dist-packages/airflow/example_dags/example_xcomargs.py took 0.212 seconds
[2021-10-10 17:14:20,278] {processor.py:162} INFO - Started process (PID=18544) to work on /usr/local/lib/python3.8/dist-packages/airflow/example_dags/example_xcomargs.py
[2021-10-10 17:14:20,284] {processor.py:613} INFO - Processing file /usr/local/lib/python3.8/dist-packages/airflow/example_dags/example_xcomargs.py for tasks to queue
[2021-10-10 17:14:20,284] {logging_mixin.py:109} INFO - [2021-10-10 17:14:20,284] {dagbag.py:496} INFO - Filling up the DagBag from /usr/local/lib/python3.8/dist-packages/airflow/example_dags/example_xcomargs.py
[2021-10-10 17:14:20,296] {processor.py:623} INFO - DAG(s) dict_keys(['example_xcom_args', 'example_xcom_args_with_operators']) retrieved from /usr/local/lib/python3.8/dist-packages/airflow/example_dags/example_xcomargs.py
[2021-10-10 17:14:20,472] {logging_mixin.py:109} INFO - [2021-10-10 17:14:20,472] {dag.py:1834} INFO - Sync 2 DAGs
[2021-10-10 17:14:20,476] {logging_mixin.py:109} INFO - [2021-10-10 17:14:20,476] {dag.py:2287} INFO - Setting next_dagrun for example_xcom_args to None
[2021-10-10 17:14:20,477] {logging_mixin.py:109} INFO - [2021-10-10 17:14:20,477] {dag.py:2287} INFO - Setting next_dagrun for example_xcom_args_with_operators to None
[2021-10-10 17:14:20,490] {processor.py:170} INFO - Processing /usr/local/lib/python3.8/dist-packages/airflow/example_dags/example_xcomargs.py took 0.214 seconds
