[2021-10-10 17:03:02,251] {processor.py:162} INFO - Started process (PID=14204) to work on /usr/local/lib/python3.8/dist-packages/airflow/example_dags/example_task_group.py
[2021-10-10 17:03:02,252] {processor.py:613} INFO - Processing file /usr/local/lib/python3.8/dist-packages/airflow/example_dags/example_task_group.py for tasks to queue
[2021-10-10 17:03:02,252] {logging_mixin.py:109} INFO - [2021-10-10 17:03:02,252] {dagbag.py:496} INFO - Filling up the DagBag from /usr/local/lib/python3.8/dist-packages/airflow/example_dags/example_task_group.py
[2021-10-10 17:03:02,260] {processor.py:623} INFO - DAG(s) dict_keys(['example_task_group']) retrieved from /usr/local/lib/python3.8/dist-packages/airflow/example_dags/example_task_group.py
[2021-10-10 17:03:02,269] {logging_mixin.py:109} INFO - [2021-10-10 17:03:02,268] {dag.py:1834} INFO - Sync 1 DAGs
[2021-10-10 17:03:02,274] {logging_mixin.py:109} INFO - [2021-10-10 17:03:02,274] {dag.py:2287} INFO - Setting next_dagrun for example_task_group to 2021-10-08 00:00:00+00:00
[2021-10-10 17:03:02,287] {processor.py:170} INFO - Processing /usr/local/lib/python3.8/dist-packages/airflow/example_dags/example_task_group.py took 0.037 seconds
[2021-10-10 17:07:33,977] {processor.py:162} INFO - Started process (PID=16111) to work on /usr/local/lib/python3.8/dist-packages/airflow/example_dags/example_task_group.py
[2021-10-10 17:07:33,978] {processor.py:613} INFO - Processing file /usr/local/lib/python3.8/dist-packages/airflow/example_dags/example_task_group.py for tasks to queue
[2021-10-10 17:07:33,978] {logging_mixin.py:109} INFO - [2021-10-10 17:07:33,978] {dagbag.py:496} INFO - Filling up the DagBag from /usr/local/lib/python3.8/dist-packages/airflow/example_dags/example_task_group.py
[2021-10-10 17:07:33,986] {processor.py:623} INFO - DAG(s) dict_keys(['example_task_group']) retrieved from /usr/local/lib/python3.8/dist-packages/airflow/example_dags/example_task_group.py
[2021-10-10 17:07:33,994] {logging_mixin.py:109} INFO - [2021-10-10 17:07:33,994] {dag.py:1834} INFO - Sync 1 DAGs
[2021-10-10 17:07:34,000] {logging_mixin.py:109} INFO - [2021-10-10 17:07:34,000] {dag.py:2287} INFO - Setting next_dagrun for example_task_group to 2021-10-10 00:00:00+00:00
[2021-10-10 17:07:34,009] {processor.py:170} INFO - Processing /usr/local/lib/python3.8/dist-packages/airflow/example_dags/example_task_group.py took 0.034 seconds
[2021-10-10 17:11:09,637] {processor.py:162} INFO - Started process (PID=17354) to work on /usr/local/lib/python3.8/dist-packages/airflow/example_dags/example_task_group.py
[2021-10-10 17:11:09,638] {processor.py:613} INFO - Processing file /usr/local/lib/python3.8/dist-packages/airflow/example_dags/example_task_group.py for tasks to queue
[2021-10-10 17:11:09,638] {logging_mixin.py:109} INFO - [2021-10-10 17:11:09,638] {dagbag.py:496} INFO - Filling up the DagBag from /usr/local/lib/python3.8/dist-packages/airflow/example_dags/example_task_group.py
[2021-10-10 17:11:09,646] {processor.py:623} INFO - DAG(s) dict_keys(['example_task_group']) retrieved from /usr/local/lib/python3.8/dist-packages/airflow/example_dags/example_task_group.py
[2021-10-10 17:11:09,654] {logging_mixin.py:109} INFO - [2021-10-10 17:11:09,654] {dag.py:1834} INFO - Sync 1 DAGs
[2021-10-10 17:11:09,660] {logging_mixin.py:109} INFO - [2021-10-10 17:11:09,660] {dag.py:2287} INFO - Setting next_dagrun for example_task_group to 2021-10-10 00:00:00+00:00
[2021-10-10 17:11:09,667] {processor.py:170} INFO - Processing /usr/local/lib/python3.8/dist-packages/airflow/example_dags/example_task_group.py took 0.032 seconds
[2021-10-10 17:13:20,673] {processor.py:162} INFO - Started process (PID=18159) to work on /usr/local/lib/python3.8/dist-packages/airflow/example_dags/example_task_group.py
[2021-10-10 17:13:20,674] {processor.py:613} INFO - Processing file /usr/local/lib/python3.8/dist-packages/airflow/example_dags/example_task_group.py for tasks to queue
[2021-10-10 17:13:20,675] {logging_mixin.py:109} INFO - [2021-10-10 17:13:20,674] {dagbag.py:496} INFO - Filling up the DagBag from /usr/local/lib/python3.8/dist-packages/airflow/example_dags/example_task_group.py
[2021-10-10 17:13:20,682] {processor.py:623} INFO - DAG(s) dict_keys(['example_task_group']) retrieved from /usr/local/lib/python3.8/dist-packages/airflow/example_dags/example_task_group.py
[2021-10-10 17:13:20,691] {logging_mixin.py:109} INFO - [2021-10-10 17:13:20,691] {dag.py:1834} INFO - Sync 1 DAGs
[2021-10-10 17:13:20,697] {logging_mixin.py:109} INFO - [2021-10-10 17:13:20,697] {dag.py:2287} INFO - Setting next_dagrun for example_task_group to 2021-10-10 00:00:00+00:00
[2021-10-10 17:13:20,705] {processor.py:170} INFO - Processing /usr/local/lib/python3.8/dist-packages/airflow/example_dags/example_task_group.py took 0.033 seconds
[2021-10-10 17:15:35,912] {processor.py:162} INFO - Started process (PID=19119) to work on /usr/local/lib/python3.8/dist-packages/airflow/example_dags/example_task_group.py
[2021-10-10 17:15:35,913] {processor.py:613} INFO - Processing file /usr/local/lib/python3.8/dist-packages/airflow/example_dags/example_task_group.py for tasks to queue
[2021-10-10 17:15:35,914] {logging_mixin.py:109} INFO - [2021-10-10 17:15:35,914] {dagbag.py:496} INFO - Filling up the DagBag from /usr/local/lib/python3.8/dist-packages/airflow/example_dags/example_task_group.py
[2021-10-10 17:15:35,926] {processor.py:623} INFO - DAG(s) dict_keys(['example_task_group']) retrieved from /usr/local/lib/python3.8/dist-packages/airflow/example_dags/example_task_group.py
[2021-10-10 17:15:35,937] {logging_mixin.py:109} INFO - [2021-10-10 17:15:35,937] {dag.py:1834} INFO - Sync 1 DAGs
[2021-10-10 17:15:35,943] {logging_mixin.py:109} INFO - [2021-10-10 17:15:35,943] {dag.py:2287} INFO - Setting next_dagrun for example_task_group to 2021-10-10 00:00:00+00:00
[2021-10-10 17:15:35,952] {processor.py:170} INFO - Processing /usr/local/lib/python3.8/dist-packages/airflow/example_dags/example_task_group.py took 0.041 seconds
