[2021-10-10 17:03:25,566] {processor.py:162} INFO - Started process (PID=15260) to work on /usr/local/lib/python3.8/dist-packages/airflow/example_dags/example_latest_only_with_trigger.py
[2021-10-10 17:03:25,570] {processor.py:613} INFO - Processing file /usr/local/lib/python3.8/dist-packages/airflow/example_dags/example_latest_only_with_trigger.py for tasks to queue
[2021-10-10 17:03:25,573] {logging_mixin.py:109} INFO - [2021-10-10 17:03:25,573] {dagbag.py:496} INFO - Filling up the DagBag from /usr/local/lib/python3.8/dist-packages/airflow/example_dags/example_latest_only_with_trigger.py
[2021-10-10 17:03:25,596] {processor.py:623} INFO - DAG(s) dict_keys(['latest_only_with_trigger']) retrieved from /usr/local/lib/python3.8/dist-packages/airflow/example_dags/example_latest_only_with_trigger.py
[2021-10-10 17:03:25,613] {logging_mixin.py:109} INFO - [2021-10-10 17:03:25,613] {dag.py:1834} INFO - Sync 1 DAGs
[2021-10-10 17:03:25,623] {logging_mixin.py:109} INFO - [2021-10-10 17:03:25,623] {dag.py:2287} INFO - Setting next_dagrun for latest_only_with_trigger to 2021-10-08 00:00:00+00:00
[2021-10-10 17:03:25,636] {processor.py:170} INFO - Processing /usr/local/lib/python3.8/dist-packages/airflow/example_dags/example_latest_only_with_trigger.py took 0.079 seconds
[2021-10-10 17:10:31,555] {processor.py:162} INFO - Started process (PID=17123) to work on /usr/local/lib/python3.8/dist-packages/airflow/example_dags/example_latest_only_with_trigger.py
[2021-10-10 17:10:31,564] {processor.py:613} INFO - Processing file /usr/local/lib/python3.8/dist-packages/airflow/example_dags/example_latest_only_with_trigger.py for tasks to queue
[2021-10-10 17:10:31,565] {logging_mixin.py:109} INFO - [2021-10-10 17:10:31,565] {dagbag.py:496} INFO - Filling up the DagBag from /usr/local/lib/python3.8/dist-packages/airflow/example_dags/example_latest_only_with_trigger.py
[2021-10-10 17:10:31,586] {processor.py:623} INFO - DAG(s) dict_keys(['latest_only_with_trigger']) retrieved from /usr/local/lib/python3.8/dist-packages/airflow/example_dags/example_latest_only_with_trigger.py
[2021-10-10 17:10:31,597] {logging_mixin.py:109} INFO - [2021-10-10 17:10:31,597] {dag.py:1834} INFO - Sync 1 DAGs
[2021-10-10 17:10:31,603] {logging_mixin.py:109} INFO - [2021-10-10 17:10:31,603] {dag.py:2287} INFO - Setting next_dagrun for latest_only_with_trigger to 2021-10-10 12:00:00+00:00
[2021-10-10 17:10:31,614] {processor.py:170} INFO - Processing /usr/local/lib/python3.8/dist-packages/airflow/example_dags/example_latest_only_with_trigger.py took 0.061 seconds
[2021-10-10 17:12:42,688] {processor.py:162} INFO - Started process (PID=17927) to work on /usr/local/lib/python3.8/dist-packages/airflow/example_dags/example_latest_only_with_trigger.py
[2021-10-10 17:12:42,689] {processor.py:613} INFO - Processing file /usr/local/lib/python3.8/dist-packages/airflow/example_dags/example_latest_only_with_trigger.py for tasks to queue
[2021-10-10 17:12:42,690] {logging_mixin.py:109} INFO - [2021-10-10 17:12:42,690] {dagbag.py:496} INFO - Filling up the DagBag from /usr/local/lib/python3.8/dist-packages/airflow/example_dags/example_latest_only_with_trigger.py
[2021-10-10 17:12:42,696] {processor.py:623} INFO - DAG(s) dict_keys(['latest_only_with_trigger']) retrieved from /usr/local/lib/python3.8/dist-packages/airflow/example_dags/example_latest_only_with_trigger.py
[2021-10-10 17:12:42,705] {logging_mixin.py:109} INFO - [2021-10-10 17:12:42,705] {dag.py:1834} INFO - Sync 1 DAGs
[2021-10-10 17:12:42,711] {logging_mixin.py:109} INFO - [2021-10-10 17:12:42,710] {dag.py:2287} INFO - Setting next_dagrun for latest_only_with_trigger to 2021-10-10 12:00:00+00:00
[2021-10-10 17:12:42,718] {processor.py:170} INFO - Processing /usr/local/lib/python3.8/dist-packages/airflow/example_dags/example_latest_only_with_trigger.py took 0.032 seconds
[2021-10-10 17:14:54,252] {processor.py:162} INFO - Started process (PID=18772) to work on /usr/local/lib/python3.8/dist-packages/airflow/example_dags/example_latest_only_with_trigger.py
[2021-10-10 17:14:54,258] {processor.py:613} INFO - Processing file /usr/local/lib/python3.8/dist-packages/airflow/example_dags/example_latest_only_with_trigger.py for tasks to queue
[2021-10-10 17:14:54,258] {logging_mixin.py:109} INFO - [2021-10-10 17:14:54,258] {dagbag.py:496} INFO - Filling up the DagBag from /usr/local/lib/python3.8/dist-packages/airflow/example_dags/example_latest_only_with_trigger.py
[2021-10-10 17:14:54,265] {processor.py:623} INFO - DAG(s) dict_keys(['latest_only_with_trigger']) retrieved from /usr/local/lib/python3.8/dist-packages/airflow/example_dags/example_latest_only_with_trigger.py
[2021-10-10 17:14:54,274] {logging_mixin.py:109} INFO - [2021-10-10 17:14:54,274] {dag.py:1834} INFO - Sync 1 DAGs
[2021-10-10 17:14:54,280] {logging_mixin.py:109} INFO - [2021-10-10 17:14:54,280] {dag.py:2287} INFO - Setting next_dagrun for latest_only_with_trigger to 2021-10-10 12:00:00+00:00
[2021-10-10 17:14:54,288] {processor.py:170} INFO - Processing /usr/local/lib/python3.8/dist-packages/airflow/example_dags/example_latest_only_with_trigger.py took 0.038 seconds
