[2021-10-10 17:03:07,170] {processor.py:162} INFO - Started process (PID=14341) to work on /usr/local/lib/python3.8/dist-packages/airflow/example_dags/example_task_group_decorator.py
[2021-10-10 17:03:07,170] {processor.py:613} INFO - Processing file /usr/local/lib/python3.8/dist-packages/airflow/example_dags/example_task_group_decorator.py for tasks to queue
[2021-10-10 17:03:07,171] {logging_mixin.py:109} INFO - [2021-10-10 17:03:07,171] {dagbag.py:496} INFO - Filling up the DagBag from /usr/local/lib/python3.8/dist-packages/airflow/example_dags/example_task_group_decorator.py
[2021-10-10 17:03:07,185] {processor.py:623} INFO - DAG(s) dict_keys(['example_task_group_decorator']) retrieved from /usr/local/lib/python3.8/dist-packages/airflow/example_dags/example_task_group_decorator.py
[2021-10-10 17:03:07,356] {logging_mixin.py:109} INFO - [2021-10-10 17:03:07,356] {dag.py:1834} INFO - Sync 1 DAGs
[2021-10-10 17:03:07,362] {logging_mixin.py:109} INFO - [2021-10-10 17:03:07,362] {dag.py:2287} INFO - Setting next_dagrun for example_task_group_decorator to 2021-10-08 00:00:00+00:00
[2021-10-10 17:03:07,376] {processor.py:170} INFO - Processing /usr/local/lib/python3.8/dist-packages/airflow/example_dags/example_task_group_decorator.py took 0.208 seconds
[2021-10-10 17:08:53,420] {processor.py:162} INFO - Started process (PID=16523) to work on /usr/local/lib/python3.8/dist-packages/airflow/example_dags/example_task_group_decorator.py
[2021-10-10 17:08:53,421] {processor.py:613} INFO - Processing file /usr/local/lib/python3.8/dist-packages/airflow/example_dags/example_task_group_decorator.py for tasks to queue
[2021-10-10 17:08:53,421] {logging_mixin.py:109} INFO - [2021-10-10 17:08:53,421] {dagbag.py:496} INFO - Filling up the DagBag from /usr/local/lib/python3.8/dist-packages/airflow/example_dags/example_task_group_decorator.py
[2021-10-10 17:08:53,436] {processor.py:623} INFO - DAG(s) dict_keys(['example_task_group_decorator']) retrieved from /usr/local/lib/python3.8/dist-packages/airflow/example_dags/example_task_group_decorator.py
[2021-10-10 17:08:53,616] {logging_mixin.py:109} INFO - [2021-10-10 17:08:53,616] {dag.py:1834} INFO - Sync 1 DAGs
[2021-10-10 17:08:53,623] {logging_mixin.py:109} INFO - [2021-10-10 17:08:53,623] {dag.py:2287} INFO - Setting next_dagrun for example_task_group_decorator to 2021-10-10 00:00:00+00:00
[2021-10-10 17:08:53,639] {processor.py:170} INFO - Processing /usr/local/lib/python3.8/dist-packages/airflow/example_dags/example_task_group_decorator.py took 0.221 seconds
[2021-10-10 17:11:26,451] {processor.py:162} INFO - Started process (PID=17454) to work on /usr/local/lib/python3.8/dist-packages/airflow/example_dags/example_task_group_decorator.py
[2021-10-10 17:11:26,453] {processor.py:613} INFO - Processing file /usr/local/lib/python3.8/dist-packages/airflow/example_dags/example_task_group_decorator.py for tasks to queue
[2021-10-10 17:11:26,453] {logging_mixin.py:109} INFO - [2021-10-10 17:11:26,453] {dagbag.py:496} INFO - Filling up the DagBag from /usr/local/lib/python3.8/dist-packages/airflow/example_dags/example_task_group_decorator.py
[2021-10-10 17:11:26,473] {processor.py:623} INFO - DAG(s) dict_keys(['example_task_group_decorator']) retrieved from /usr/local/lib/python3.8/dist-packages/airflow/example_dags/example_task_group_decorator.py
[2021-10-10 17:11:26,651] {logging_mixin.py:109} INFO - [2021-10-10 17:11:26,651] {dag.py:1834} INFO - Sync 1 DAGs
[2021-10-10 17:11:26,655] {logging_mixin.py:109} INFO - [2021-10-10 17:11:26,655] {dag.py:2287} INFO - Setting next_dagrun for example_task_group_decorator to 2021-10-10 00:00:00+00:00
[2021-10-10 17:11:26,671] {processor.py:170} INFO - Processing /usr/local/lib/python3.8/dist-packages/airflow/example_dags/example_task_group_decorator.py took 0.224 seconds
[2021-10-10 17:13:37,369] {processor.py:162} INFO - Started process (PID=18269) to work on /usr/local/lib/python3.8/dist-packages/airflow/example_dags/example_task_group_decorator.py
[2021-10-10 17:13:37,370] {processor.py:613} INFO - Processing file /usr/local/lib/python3.8/dist-packages/airflow/example_dags/example_task_group_decorator.py for tasks to queue
[2021-10-10 17:13:37,370] {logging_mixin.py:109} INFO - [2021-10-10 17:13:37,370] {dagbag.py:496} INFO - Filling up the DagBag from /usr/local/lib/python3.8/dist-packages/airflow/example_dags/example_task_group_decorator.py
[2021-10-10 17:13:37,385] {processor.py:623} INFO - DAG(s) dict_keys(['example_task_group_decorator']) retrieved from /usr/local/lib/python3.8/dist-packages/airflow/example_dags/example_task_group_decorator.py
[2021-10-10 17:13:37,562] {logging_mixin.py:109} INFO - [2021-10-10 17:13:37,562] {dag.py:1834} INFO - Sync 1 DAGs
[2021-10-10 17:13:37,567] {logging_mixin.py:109} INFO - [2021-10-10 17:13:37,567] {dag.py:2287} INFO - Setting next_dagrun for example_task_group_decorator to 2021-10-10 00:00:00+00:00
[2021-10-10 17:13:37,583] {processor.py:170} INFO - Processing /usr/local/lib/python3.8/dist-packages/airflow/example_dags/example_task_group_decorator.py took 0.216 seconds
[2021-10-10 17:15:55,549] {processor.py:162} INFO - Started process (PID=19270) to work on /usr/local/lib/python3.8/dist-packages/airflow/example_dags/example_task_group_decorator.py
[2021-10-10 17:15:55,550] {processor.py:613} INFO - Processing file /usr/local/lib/python3.8/dist-packages/airflow/example_dags/example_task_group_decorator.py for tasks to queue
[2021-10-10 17:15:55,551] {logging_mixin.py:109} INFO - [2021-10-10 17:15:55,550] {dagbag.py:496} INFO - Filling up the DagBag from /usr/local/lib/python3.8/dist-packages/airflow/example_dags/example_task_group_decorator.py
[2021-10-10 17:15:55,568] {processor.py:623} INFO - DAG(s) dict_keys(['example_task_group_decorator']) retrieved from /usr/local/lib/python3.8/dist-packages/airflow/example_dags/example_task_group_decorator.py
[2021-10-10 17:15:55,753] {logging_mixin.py:109} INFO - [2021-10-10 17:15:55,753] {dag.py:1834} INFO - Sync 1 DAGs
[2021-10-10 17:15:55,758] {logging_mixin.py:109} INFO - [2021-10-10 17:15:55,758] {dag.py:2287} INFO - Setting next_dagrun for example_task_group_decorator to 2021-10-10 00:00:00+00:00
[2021-10-10 17:15:55,774] {processor.py:170} INFO - Processing /usr/local/lib/python3.8/dist-packages/airflow/example_dags/example_task_group_decorator.py took 0.226 seconds
