[2021-10-10 17:04:13,463] {processor.py:162} INFO - Started process (PID=15368) to work on /usr/local/lib/python3.8/dist-packages/airflow/example_dags/example_branch_operator.py
[2021-10-10 17:04:13,464] {processor.py:613} INFO - Processing file /usr/local/lib/python3.8/dist-packages/airflow/example_dags/example_branch_operator.py for tasks to queue
[2021-10-10 17:04:13,464] {logging_mixin.py:109} INFO - [2021-10-10 17:04:13,464] {dagbag.py:496} INFO - Filling up the DagBag from /usr/local/lib/python3.8/dist-packages/airflow/example_dags/example_branch_operator.py
[2021-10-10 17:04:13,474] {processor.py:623} INFO - DAG(s) dict_keys(['example_branch_operator']) retrieved from /usr/local/lib/python3.8/dist-packages/airflow/example_dags/example_branch_operator.py
[2021-10-10 17:04:13,484] {logging_mixin.py:109} INFO - [2021-10-10 17:04:13,484] {dag.py:1834} INFO - Sync 1 DAGs
[2021-10-10 17:04:13,492] {logging_mixin.py:109} INFO - [2021-10-10 17:04:13,492] {dag.py:2287} INFO - Setting next_dagrun for example_branch_operator to 2021-10-09 00:00:00+00:00
[2021-10-10 17:04:13,507] {processor.py:170} INFO - Processing /usr/local/lib/python3.8/dist-packages/airflow/example_dags/example_branch_operator.py took 0.046 seconds
[2021-10-10 17:10:57,345] {processor.py:162} INFO - Started process (PID=17276) to work on /usr/local/lib/python3.8/dist-packages/airflow/example_dags/example_branch_operator.py
[2021-10-10 17:10:57,350] {processor.py:613} INFO - Processing file /usr/local/lib/python3.8/dist-packages/airflow/example_dags/example_branch_operator.py for tasks to queue
[2021-10-10 17:10:57,351] {logging_mixin.py:109} INFO - [2021-10-10 17:10:57,351] {dagbag.py:496} INFO - Filling up the DagBag from /usr/local/lib/python3.8/dist-packages/airflow/example_dags/example_branch_operator.py
[2021-10-10 17:10:57,359] {processor.py:623} INFO - DAG(s) dict_keys(['example_branch_operator']) retrieved from /usr/local/lib/python3.8/dist-packages/airflow/example_dags/example_branch_operator.py
[2021-10-10 17:10:57,368] {logging_mixin.py:109} INFO - [2021-10-10 17:10:57,368] {dag.py:1834} INFO - Sync 1 DAGs
[2021-10-10 17:10:57,374] {logging_mixin.py:109} INFO - [2021-10-10 17:10:57,374] {dag.py:2287} INFO - Setting next_dagrun for example_branch_operator to 2021-10-10 00:00:00+00:00
[2021-10-10 17:10:57,382] {processor.py:170} INFO - Processing /usr/local/lib/python3.8/dist-packages/airflow/example_dags/example_branch_operator.py took 0.039 seconds
[2021-10-10 17:13:08,371] {processor.py:162} INFO - Started process (PID=18085) to work on /usr/local/lib/python3.8/dist-packages/airflow/example_dags/example_branch_operator.py
[2021-10-10 17:13:08,376] {processor.py:613} INFO - Processing file /usr/local/lib/python3.8/dist-packages/airflow/example_dags/example_branch_operator.py for tasks to queue
[2021-10-10 17:13:08,377] {logging_mixin.py:109} INFO - [2021-10-10 17:13:08,377] {dagbag.py:496} INFO - Filling up the DagBag from /usr/local/lib/python3.8/dist-packages/airflow/example_dags/example_branch_operator.py
[2021-10-10 17:13:08,385] {processor.py:623} INFO - DAG(s) dict_keys(['example_branch_operator']) retrieved from /usr/local/lib/python3.8/dist-packages/airflow/example_dags/example_branch_operator.py
[2021-10-10 17:13:08,395] {logging_mixin.py:109} INFO - [2021-10-10 17:13:08,395] {dag.py:1834} INFO - Sync 1 DAGs
[2021-10-10 17:13:08,401] {logging_mixin.py:109} INFO - [2021-10-10 17:13:08,401] {dag.py:2287} INFO - Setting next_dagrun for example_branch_operator to 2021-10-10 00:00:00+00:00
[2021-10-10 17:13:08,409] {processor.py:170} INFO - Processing /usr/local/lib/python3.8/dist-packages/airflow/example_dags/example_branch_operator.py took 0.040 seconds
[2021-10-10 17:15:21,217] {processor.py:162} INFO - Started process (PID=19045) to work on /usr/local/lib/python3.8/dist-packages/airflow/example_dags/example_branch_operator.py
[2021-10-10 17:15:21,218] {processor.py:613} INFO - Processing file /usr/local/lib/python3.8/dist-packages/airflow/example_dags/example_branch_operator.py for tasks to queue
[2021-10-10 17:15:21,218] {logging_mixin.py:109} INFO - [2021-10-10 17:15:21,218] {dagbag.py:496} INFO - Filling up the DagBag from /usr/local/lib/python3.8/dist-packages/airflow/example_dags/example_branch_operator.py
[2021-10-10 17:15:21,230] {processor.py:623} INFO - DAG(s) dict_keys(['example_branch_operator']) retrieved from /usr/local/lib/python3.8/dist-packages/airflow/example_dags/example_branch_operator.py
[2021-10-10 17:15:21,240] {logging_mixin.py:109} INFO - [2021-10-10 17:15:21,240] {dag.py:1834} INFO - Sync 1 DAGs
[2021-10-10 17:15:21,251] {logging_mixin.py:109} INFO - [2021-10-10 17:15:21,251] {dag.py:2287} INFO - Setting next_dagrun for example_branch_operator to 2021-10-10 00:00:00+00:00
[2021-10-10 17:15:21,262] {processor.py:170} INFO - Processing /usr/local/lib/python3.8/dist-packages/airflow/example_dags/example_branch_operator.py took 0.047 seconds
