[2021-10-10 17:03:06,045] {processor.py:162} INFO - Started process (PID=14340) to work on /usr/local/lib/python3.8/dist-packages/airflow/example_dags/example_trigger_target_dag.py
[2021-10-10 17:03:06,048] {processor.py:613} INFO - Processing file /usr/local/lib/python3.8/dist-packages/airflow/example_dags/example_trigger_target_dag.py for tasks to queue
[2021-10-10 17:03:06,049] {logging_mixin.py:109} INFO - [2021-10-10 17:03:06,049] {dagbag.py:496} INFO - Filling up the DagBag from /usr/local/lib/python3.8/dist-packages/airflow/example_dags/example_trigger_target_dag.py
[2021-10-10 17:03:06,079] {processor.py:623} INFO - DAG(s) dict_keys(['example_trigger_target_dag']) retrieved from /usr/local/lib/python3.8/dist-packages/airflow/example_dags/example_trigger_target_dag.py
[2021-10-10 17:03:06,102] {logging_mixin.py:109} INFO - [2021-10-10 17:03:06,102] {dag.py:1834} INFO - Sync 1 DAGs
[2021-10-10 17:03:06,112] {logging_mixin.py:109} INFO - [2021-10-10 17:03:06,112] {dag.py:2287} INFO - Setting next_dagrun for example_trigger_target_dag to None
[2021-10-10 17:03:06,127] {processor.py:170} INFO - Processing /usr/local/lib/python3.8/dist-packages/airflow/example_dags/example_trigger_target_dag.py took 0.090 seconds
[2021-10-10 17:08:38,762] {processor.py:162} INFO - Started process (PID=16433) to work on /usr/local/lib/python3.8/dist-packages/airflow/example_dags/example_trigger_target_dag.py
[2021-10-10 17:08:38,763] {processor.py:613} INFO - Processing file /usr/local/lib/python3.8/dist-packages/airflow/example_dags/example_trigger_target_dag.py for tasks to queue
[2021-10-10 17:08:38,763] {logging_mixin.py:109} INFO - [2021-10-10 17:08:38,763] {dagbag.py:496} INFO - Filling up the DagBag from /usr/local/lib/python3.8/dist-packages/airflow/example_dags/example_trigger_target_dag.py
[2021-10-10 17:08:38,776] {processor.py:623} INFO - DAG(s) dict_keys(['example_trigger_target_dag']) retrieved from /usr/local/lib/python3.8/dist-packages/airflow/example_dags/example_trigger_target_dag.py
[2021-10-10 17:08:38,785] {logging_mixin.py:109} INFO - [2021-10-10 17:08:38,785] {dag.py:1834} INFO - Sync 1 DAGs
[2021-10-10 17:08:38,791] {logging_mixin.py:109} INFO - [2021-10-10 17:08:38,791] {dag.py:2287} INFO - Setting next_dagrun for example_trigger_target_dag to None
[2021-10-10 17:08:38,798] {processor.py:170} INFO - Processing /usr/local/lib/python3.8/dist-packages/airflow/example_dags/example_trigger_target_dag.py took 0.039 seconds
[2021-10-10 17:11:22,316] {processor.py:162} INFO - Started process (PID=17429) to work on /usr/local/lib/python3.8/dist-packages/airflow/example_dags/example_trigger_target_dag.py
[2021-10-10 17:11:22,322] {processor.py:613} INFO - Processing file /usr/local/lib/python3.8/dist-packages/airflow/example_dags/example_trigger_target_dag.py for tasks to queue
[2021-10-10 17:11:22,323] {logging_mixin.py:109} INFO - [2021-10-10 17:11:22,323] {dagbag.py:496} INFO - Filling up the DagBag from /usr/local/lib/python3.8/dist-packages/airflow/example_dags/example_trigger_target_dag.py
[2021-10-10 17:11:22,338] {processor.py:623} INFO - DAG(s) dict_keys(['example_trigger_target_dag']) retrieved from /usr/local/lib/python3.8/dist-packages/airflow/example_dags/example_trigger_target_dag.py
[2021-10-10 17:11:22,347] {logging_mixin.py:109} INFO - [2021-10-10 17:11:22,346] {dag.py:1834} INFO - Sync 1 DAGs
[2021-10-10 17:11:22,352] {logging_mixin.py:109} INFO - [2021-10-10 17:11:22,352] {dag.py:2287} INFO - Setting next_dagrun for example_trigger_target_dag to None
[2021-10-10 17:11:22,360] {processor.py:170} INFO - Processing /usr/local/lib/python3.8/dist-packages/airflow/example_dags/example_trigger_target_dag.py took 0.046 seconds
[2021-10-10 17:13:33,187] {processor.py:162} INFO - Started process (PID=18239) to work on /usr/local/lib/python3.8/dist-packages/airflow/example_dags/example_trigger_target_dag.py
[2021-10-10 17:13:33,193] {processor.py:613} INFO - Processing file /usr/local/lib/python3.8/dist-packages/airflow/example_dags/example_trigger_target_dag.py for tasks to queue
[2021-10-10 17:13:33,193] {logging_mixin.py:109} INFO - [2021-10-10 17:13:33,193] {dagbag.py:496} INFO - Filling up the DagBag from /usr/local/lib/python3.8/dist-packages/airflow/example_dags/example_trigger_target_dag.py
[2021-10-10 17:13:33,201] {processor.py:623} INFO - DAG(s) dict_keys(['example_trigger_target_dag']) retrieved from /usr/local/lib/python3.8/dist-packages/airflow/example_dags/example_trigger_target_dag.py
[2021-10-10 17:13:33,210] {logging_mixin.py:109} INFO - [2021-10-10 17:13:33,210] {dag.py:1834} INFO - Sync 1 DAGs
[2021-10-10 17:13:33,216] {logging_mixin.py:109} INFO - [2021-10-10 17:13:33,216] {dag.py:2287} INFO - Setting next_dagrun for example_trigger_target_dag to None
[2021-10-10 17:13:33,224] {processor.py:170} INFO - Processing /usr/local/lib/python3.8/dist-packages/airflow/example_dags/example_trigger_target_dag.py took 0.039 seconds
[2021-10-10 17:15:50,989] {processor.py:162} INFO - Started process (PID=19191) to work on /usr/local/lib/python3.8/dist-packages/airflow/example_dags/example_trigger_target_dag.py
[2021-10-10 17:15:50,989] {processor.py:613} INFO - Processing file /usr/local/lib/python3.8/dist-packages/airflow/example_dags/example_trigger_target_dag.py for tasks to queue
[2021-10-10 17:15:50,990] {logging_mixin.py:109} INFO - [2021-10-10 17:15:50,990] {dagbag.py:496} INFO - Filling up the DagBag from /usr/local/lib/python3.8/dist-packages/airflow/example_dags/example_trigger_target_dag.py
[2021-10-10 17:15:50,998] {processor.py:623} INFO - DAG(s) dict_keys(['example_trigger_target_dag']) retrieved from /usr/local/lib/python3.8/dist-packages/airflow/example_dags/example_trigger_target_dag.py
[2021-10-10 17:15:51,007] {logging_mixin.py:109} INFO - [2021-10-10 17:15:51,007] {dag.py:1834} INFO - Sync 1 DAGs
[2021-10-10 17:15:51,013] {logging_mixin.py:109} INFO - [2021-10-10 17:15:51,013] {dag.py:2287} INFO - Setting next_dagrun for example_trigger_target_dag to None
[2021-10-10 17:15:51,021] {processor.py:170} INFO - Processing /usr/local/lib/python3.8/dist-packages/airflow/example_dags/example_trigger_target_dag.py took 0.034 seconds
