[2021-10-10 17:03:08,552] {processor.py:162} INFO - Started process (PID=14343) to work on /usr/local/lib/python3.8/dist-packages/airflow/example_dags/example_trigger_controller_dag.py
[2021-10-10 17:03:08,554] {processor.py:613} INFO - Processing file /usr/local/lib/python3.8/dist-packages/airflow/example_dags/example_trigger_controller_dag.py for tasks to queue
[2021-10-10 17:03:08,556] {logging_mixin.py:109} INFO - [2021-10-10 17:03:08,556] {dagbag.py:496} INFO - Filling up the DagBag from /usr/local/lib/python3.8/dist-packages/airflow/example_dags/example_trigger_controller_dag.py
[2021-10-10 17:03:08,573] {processor.py:623} INFO - DAG(s) dict_keys(['example_trigger_controller_dag']) retrieved from /usr/local/lib/python3.8/dist-packages/airflow/example_dags/example_trigger_controller_dag.py
[2021-10-10 17:03:08,584] {logging_mixin.py:109} INFO - [2021-10-10 17:03:08,584] {dag.py:1834} INFO - Sync 1 DAGs
[2021-10-10 17:03:08,591] {logging_mixin.py:109} INFO - [2021-10-10 17:03:08,590] {dag.py:2287} INFO - Setting next_dagrun for example_trigger_controller_dag to 2021-10-08 00:00:00+00:00
[2021-10-10 17:03:08,606] {processor.py:170} INFO - Processing /usr/local/lib/python3.8/dist-packages/airflow/example_dags/example_trigger_controller_dag.py took 0.061 seconds
[2021-10-10 17:09:03,763] {processor.py:162} INFO - Started process (PID=16590) to work on /usr/local/lib/python3.8/dist-packages/airflow/example_dags/example_trigger_controller_dag.py
[2021-10-10 17:09:03,764] {processor.py:613} INFO - Processing file /usr/local/lib/python3.8/dist-packages/airflow/example_dags/example_trigger_controller_dag.py for tasks to queue
[2021-10-10 17:09:03,764] {logging_mixin.py:109} INFO - [2021-10-10 17:09:03,764] {dagbag.py:496} INFO - Filling up the DagBag from /usr/local/lib/python3.8/dist-packages/airflow/example_dags/example_trigger_controller_dag.py
[2021-10-10 17:09:03,770] {processor.py:623} INFO - DAG(s) dict_keys(['example_trigger_controller_dag']) retrieved from /usr/local/lib/python3.8/dist-packages/airflow/example_dags/example_trigger_controller_dag.py
[2021-10-10 17:09:03,778] {logging_mixin.py:109} INFO - [2021-10-10 17:09:03,778] {dag.py:1834} INFO - Sync 1 DAGs
[2021-10-10 17:09:03,784] {logging_mixin.py:109} INFO - [2021-10-10 17:09:03,784] {dag.py:2287} INFO - Setting next_dagrun for example_trigger_controller_dag to None
[2021-10-10 17:09:03,792] {processor.py:170} INFO - Processing /usr/local/lib/python3.8/dist-packages/airflow/example_dags/example_trigger_controller_dag.py took 0.030 seconds
[2021-10-10 17:11:30,729] {processor.py:162} INFO - Started process (PID=17477) to work on /usr/local/lib/python3.8/dist-packages/airflow/example_dags/example_trigger_controller_dag.py
[2021-10-10 17:11:30,734] {processor.py:613} INFO - Processing file /usr/local/lib/python3.8/dist-packages/airflow/example_dags/example_trigger_controller_dag.py for tasks to queue
[2021-10-10 17:11:30,735] {logging_mixin.py:109} INFO - [2021-10-10 17:11:30,735] {dagbag.py:496} INFO - Filling up the DagBag from /usr/local/lib/python3.8/dist-packages/airflow/example_dags/example_trigger_controller_dag.py
[2021-10-10 17:11:30,743] {processor.py:623} INFO - DAG(s) dict_keys(['example_trigger_controller_dag']) retrieved from /usr/local/lib/python3.8/dist-packages/airflow/example_dags/example_trigger_controller_dag.py
[2021-10-10 17:11:30,751] {logging_mixin.py:109} INFO - [2021-10-10 17:11:30,751] {dag.py:1834} INFO - Sync 1 DAGs
[2021-10-10 17:11:30,757] {logging_mixin.py:109} INFO - [2021-10-10 17:11:30,757] {dag.py:2287} INFO - Setting next_dagrun for example_trigger_controller_dag to None
[2021-10-10 17:11:30,766] {processor.py:170} INFO - Processing /usr/local/lib/python3.8/dist-packages/airflow/example_dags/example_trigger_controller_dag.py took 0.040 seconds
[2021-10-10 17:13:41,666] {processor.py:162} INFO - Started process (PID=18296) to work on /usr/local/lib/python3.8/dist-packages/airflow/example_dags/example_trigger_controller_dag.py
[2021-10-10 17:13:41,671] {processor.py:613} INFO - Processing file /usr/local/lib/python3.8/dist-packages/airflow/example_dags/example_trigger_controller_dag.py for tasks to queue
[2021-10-10 17:13:41,672] {logging_mixin.py:109} INFO - [2021-10-10 17:13:41,672] {dagbag.py:496} INFO - Filling up the DagBag from /usr/local/lib/python3.8/dist-packages/airflow/example_dags/example_trigger_controller_dag.py
[2021-10-10 17:13:41,678] {processor.py:623} INFO - DAG(s) dict_keys(['example_trigger_controller_dag']) retrieved from /usr/local/lib/python3.8/dist-packages/airflow/example_dags/example_trigger_controller_dag.py
[2021-10-10 17:13:41,687] {logging_mixin.py:109} INFO - [2021-10-10 17:13:41,687] {dag.py:1834} INFO - Sync 1 DAGs
[2021-10-10 17:13:41,693] {logging_mixin.py:109} INFO - [2021-10-10 17:13:41,693] {dag.py:2287} INFO - Setting next_dagrun for example_trigger_controller_dag to None
[2021-10-10 17:13:41,701] {processor.py:170} INFO - Processing /usr/local/lib/python3.8/dist-packages/airflow/example_dags/example_trigger_controller_dag.py took 0.037 seconds
