[2021-10-10 17:03:23,978] {processor.py:162} INFO - Started process (PID=14499) to work on /usr/local/lib/python3.8/dist-packages/airflow/example_dags/example_kubernetes_executor.py
[2021-10-10 17:03:23,981] {processor.py:613} INFO - Processing file /usr/local/lib/python3.8/dist-packages/airflow/example_dags/example_kubernetes_executor.py for tasks to queue
[2021-10-10 17:03:23,982] {logging_mixin.py:109} INFO - [2021-10-10 17:03:23,982] {dagbag.py:496} INFO - Filling up the DagBag from /usr/local/lib/python3.8/dist-packages/airflow/example_dags/example_kubernetes_executor.py
[2021-10-10 17:03:24,024] {processor.py:623} INFO - DAG(s) dict_keys(['example_kubernetes_executor']) retrieved from /usr/local/lib/python3.8/dist-packages/airflow/example_dags/example_kubernetes_executor.py
[2021-10-10 17:03:24,045] {logging_mixin.py:109} INFO - [2021-10-10 17:03:24,045] {dag.py:1834} INFO - Sync 1 DAGs
[2021-10-10 17:03:24,055] {logging_mixin.py:109} INFO - [2021-10-10 17:03:24,055] {dag.py:2287} INFO - Setting next_dagrun for example_kubernetes_executor to None
[2021-10-10 17:03:24,069] {processor.py:170} INFO - Processing /usr/local/lib/python3.8/dist-packages/airflow/example_dags/example_kubernetes_executor.py took 0.098 seconds
[2021-10-10 17:10:23,499] {processor.py:162} INFO - Started process (PID=17072) to work on /usr/local/lib/python3.8/dist-packages/airflow/example_dags/example_kubernetes_executor.py
[2021-10-10 17:10:23,506] {processor.py:613} INFO - Processing file /usr/local/lib/python3.8/dist-packages/airflow/example_dags/example_kubernetes_executor.py for tasks to queue
[2021-10-10 17:10:23,508] {logging_mixin.py:109} INFO - [2021-10-10 17:10:23,508] {dagbag.py:496} INFO - Filling up the DagBag from /usr/local/lib/python3.8/dist-packages/airflow/example_dags/example_kubernetes_executor.py
[2021-10-10 17:10:23,525] {processor.py:623} INFO - DAG(s) dict_keys(['example_kubernetes_executor']) retrieved from /usr/local/lib/python3.8/dist-packages/airflow/example_dags/example_kubernetes_executor.py
[2021-10-10 17:10:23,535] {logging_mixin.py:109} INFO - [2021-10-10 17:10:23,535] {dag.py:1834} INFO - Sync 1 DAGs
[2021-10-10 17:10:23,541] {logging_mixin.py:109} INFO - [2021-10-10 17:10:23,540] {dag.py:2287} INFO - Setting next_dagrun for example_kubernetes_executor to None
[2021-10-10 17:10:23,552] {processor.py:170} INFO - Processing /usr/local/lib/python3.8/dist-packages/airflow/example_dags/example_kubernetes_executor.py took 0.055 seconds
[2021-10-10 17:12:34,342] {processor.py:162} INFO - Started process (PID=17879) to work on /usr/local/lib/python3.8/dist-packages/airflow/example_dags/example_kubernetes_executor.py
[2021-10-10 17:12:34,343] {processor.py:613} INFO - Processing file /usr/local/lib/python3.8/dist-packages/airflow/example_dags/example_kubernetes_executor.py for tasks to queue
[2021-10-10 17:12:34,343] {logging_mixin.py:109} INFO - [2021-10-10 17:12:34,343] {dagbag.py:496} INFO - Filling up the DagBag from /usr/local/lib/python3.8/dist-packages/airflow/example_dags/example_kubernetes_executor.py
[2021-10-10 17:12:34,351] {processor.py:623} INFO - DAG(s) dict_keys(['example_kubernetes_executor']) retrieved from /usr/local/lib/python3.8/dist-packages/airflow/example_dags/example_kubernetes_executor.py
[2021-10-10 17:12:34,359] {logging_mixin.py:109} INFO - [2021-10-10 17:12:34,359] {dag.py:1834} INFO - Sync 1 DAGs
[2021-10-10 17:12:34,365] {logging_mixin.py:109} INFO - [2021-10-10 17:12:34,365] {dag.py:2287} INFO - Setting next_dagrun for example_kubernetes_executor to None
[2021-10-10 17:12:34,373] {processor.py:170} INFO - Processing /usr/local/lib/python3.8/dist-packages/airflow/example_dags/example_kubernetes_executor.py took 0.033 seconds
[2021-10-10 17:14:45,791] {processor.py:162} INFO - Started process (PID=18708) to work on /usr/local/lib/python3.8/dist-packages/airflow/example_dags/example_kubernetes_executor.py
[2021-10-10 17:14:45,796] {processor.py:613} INFO - Processing file /usr/local/lib/python3.8/dist-packages/airflow/example_dags/example_kubernetes_executor.py for tasks to queue
[2021-10-10 17:14:45,797] {logging_mixin.py:109} INFO - [2021-10-10 17:14:45,796] {dagbag.py:496} INFO - Filling up the DagBag from /usr/local/lib/python3.8/dist-packages/airflow/example_dags/example_kubernetes_executor.py
[2021-10-10 17:14:45,804] {processor.py:623} INFO - DAG(s) dict_keys(['example_kubernetes_executor']) retrieved from /usr/local/lib/python3.8/dist-packages/airflow/example_dags/example_kubernetes_executor.py
[2021-10-10 17:14:45,813] {logging_mixin.py:109} INFO - [2021-10-10 17:14:45,813] {dag.py:1834} INFO - Sync 1 DAGs
[2021-10-10 17:14:45,819] {logging_mixin.py:109} INFO - [2021-10-10 17:14:45,819] {dag.py:2287} INFO - Setting next_dagrun for example_kubernetes_executor to None
[2021-10-10 17:14:45,827] {processor.py:170} INFO - Processing /usr/local/lib/python3.8/dist-packages/airflow/example_dags/example_kubernetes_executor.py took 0.038 seconds
