[2021-10-10 17:03:12,373] {processor.py:162} INFO - Started process (PID=14361) to work on /usr/local/lib/python3.8/dist-packages/airflow/example_dags/example_short_circuit_operator.py
[2021-10-10 17:03:12,376] {processor.py:613} INFO - Processing file /usr/local/lib/python3.8/dist-packages/airflow/example_dags/example_short_circuit_operator.py for tasks to queue
[2021-10-10 17:03:12,377] {logging_mixin.py:109} INFO - [2021-10-10 17:03:12,377] {dagbag.py:496} INFO - Filling up the DagBag from /usr/local/lib/python3.8/dist-packages/airflow/example_dags/example_short_circuit_operator.py
[2021-10-10 17:03:12,396] {processor.py:623} INFO - DAG(s) dict_keys(['example_short_circuit_operator']) retrieved from /usr/local/lib/python3.8/dist-packages/airflow/example_dags/example_short_circuit_operator.py
[2021-10-10 17:03:12,407] {logging_mixin.py:109} INFO - [2021-10-10 17:03:12,407] {dag.py:1834} INFO - Sync 1 DAGs
[2021-10-10 17:03:12,414] {logging_mixin.py:109} INFO - [2021-10-10 17:03:12,414] {dag.py:2287} INFO - Setting next_dagrun for example_short_circuit_operator to 2021-10-08 00:00:00+00:00
[2021-10-10 17:03:12,426] {processor.py:170} INFO - Processing /usr/local/lib/python3.8/dist-packages/airflow/example_dags/example_short_circuit_operator.py took 0.059 seconds
[2021-10-10 17:09:31,028] {processor.py:162} INFO - Started process (PID=16767) to work on /usr/local/lib/python3.8/dist-packages/airflow/example_dags/example_short_circuit_operator.py
[2021-10-10 17:09:31,029] {processor.py:613} INFO - Processing file /usr/local/lib/python3.8/dist-packages/airflow/example_dags/example_short_circuit_operator.py for tasks to queue
[2021-10-10 17:09:31,030] {logging_mixin.py:109} INFO - [2021-10-10 17:09:31,029] {dagbag.py:496} INFO - Filling up the DagBag from /usr/local/lib/python3.8/dist-packages/airflow/example_dags/example_short_circuit_operator.py
[2021-10-10 17:09:31,038] {processor.py:623} INFO - DAG(s) dict_keys(['example_short_circuit_operator']) retrieved from /usr/local/lib/python3.8/dist-packages/airflow/example_dags/example_short_circuit_operator.py
[2021-10-10 17:09:31,046] {logging_mixin.py:109} INFO - [2021-10-10 17:09:31,046] {dag.py:1834} INFO - Sync 1 DAGs
[2021-10-10 17:09:31,052] {logging_mixin.py:109} INFO - [2021-10-10 17:09:31,052] {dag.py:2287} INFO - Setting next_dagrun for example_short_circuit_operator to 2021-10-10 00:00:00+00:00
[2021-10-10 17:09:31,061] {processor.py:170} INFO - Processing /usr/local/lib/python3.8/dist-packages/airflow/example_dags/example_short_circuit_operator.py took 0.035 seconds
[2021-10-10 17:11:47,132] {processor.py:162} INFO - Started process (PID=17576) to work on /usr/local/lib/python3.8/dist-packages/airflow/example_dags/example_short_circuit_operator.py
[2021-10-10 17:11:47,139] {processor.py:613} INFO - Processing file /usr/local/lib/python3.8/dist-packages/airflow/example_dags/example_short_circuit_operator.py for tasks to queue
[2021-10-10 17:11:47,140] {logging_mixin.py:109} INFO - [2021-10-10 17:11:47,140] {dagbag.py:496} INFO - Filling up the DagBag from /usr/local/lib/python3.8/dist-packages/airflow/example_dags/example_short_circuit_operator.py
[2021-10-10 17:11:47,154] {processor.py:623} INFO - DAG(s) dict_keys(['example_short_circuit_operator']) retrieved from /usr/local/lib/python3.8/dist-packages/airflow/example_dags/example_short_circuit_operator.py
[2021-10-10 17:11:47,163] {logging_mixin.py:109} INFO - [2021-10-10 17:11:47,163] {dag.py:1834} INFO - Sync 1 DAGs
[2021-10-10 17:11:47,169] {logging_mixin.py:109} INFO - [2021-10-10 17:11:47,169] {dag.py:2287} INFO - Setting next_dagrun for example_short_circuit_operator to 2021-10-10 00:00:00+00:00
[2021-10-10 17:11:47,181] {processor.py:170} INFO - Processing /usr/local/lib/python3.8/dist-packages/airflow/example_dags/example_short_circuit_operator.py took 0.051 seconds
[2021-10-10 17:13:58,278] {processor.py:162} INFO - Started process (PID=18399) to work on /usr/local/lib/python3.8/dist-packages/airflow/example_dags/example_short_circuit_operator.py
[2021-10-10 17:13:58,284] {processor.py:613} INFO - Processing file /usr/local/lib/python3.8/dist-packages/airflow/example_dags/example_short_circuit_operator.py for tasks to queue
[2021-10-10 17:13:58,285] {logging_mixin.py:109} INFO - [2021-10-10 17:13:58,284] {dagbag.py:496} INFO - Filling up the DagBag from /usr/local/lib/python3.8/dist-packages/airflow/example_dags/example_short_circuit_operator.py
[2021-10-10 17:13:58,292] {processor.py:623} INFO - DAG(s) dict_keys(['example_short_circuit_operator']) retrieved from /usr/local/lib/python3.8/dist-packages/airflow/example_dags/example_short_circuit_operator.py
[2021-10-10 17:13:58,301] {logging_mixin.py:109} INFO - [2021-10-10 17:13:58,301] {dag.py:1834} INFO - Sync 1 DAGs
[2021-10-10 17:13:58,307] {logging_mixin.py:109} INFO - [2021-10-10 17:13:58,307] {dag.py:2287} INFO - Setting next_dagrun for example_short_circuit_operator to 2021-10-10 00:00:00+00:00
[2021-10-10 17:13:58,315] {processor.py:170} INFO - Processing /usr/local/lib/python3.8/dist-packages/airflow/example_dags/example_short_circuit_operator.py took 0.038 seconds
