[2021-10-10 17:03:20,390] {processor.py:162} INFO - Started process (PID=14370) to work on /usr/local/lib/python3.8/dist-packages/airflow/example_dags/example_branch_datetime_operator.py
[2021-10-10 17:03:20,390] {processor.py:613} INFO - Processing file /usr/local/lib/python3.8/dist-packages/airflow/example_dags/example_branch_datetime_operator.py for tasks to queue
[2021-10-10 17:03:20,391] {logging_mixin.py:109} INFO - [2021-10-10 17:03:20,391] {dagbag.py:496} INFO - Filling up the DagBag from /usr/local/lib/python3.8/dist-packages/airflow/example_dags/example_branch_datetime_operator.py
[2021-10-10 17:03:20,400] {processor.py:623} INFO - DAG(s) dict_keys(['example_branch_datetime_operator_2']) retrieved from /usr/local/lib/python3.8/dist-packages/airflow/example_dags/example_branch_datetime_operator.py
[2021-10-10 17:03:20,409] {logging_mixin.py:109} INFO - [2021-10-10 17:03:20,409] {dag.py:1834} INFO - Sync 1 DAGs
[2021-10-10 17:03:20,419] {logging_mixin.py:109} INFO - [2021-10-10 17:03:20,419] {dag.py:2287} INFO - Setting next_dagrun for example_branch_datetime_operator_2 to 2021-10-08 00:00:00+00:00
[2021-10-10 17:03:20,429] {processor.py:170} INFO - Processing /usr/local/lib/python3.8/dist-packages/airflow/example_dags/example_branch_datetime_operator.py took 0.041 seconds
[2021-10-10 17:10:11,139] {processor.py:162} INFO - Started process (PID=17000) to work on /usr/local/lib/python3.8/dist-packages/airflow/example_dags/example_branch_datetime_operator.py
[2021-10-10 17:10:11,140] {processor.py:613} INFO - Processing file /usr/local/lib/python3.8/dist-packages/airflow/example_dags/example_branch_datetime_operator.py for tasks to queue
[2021-10-10 17:10:11,140] {logging_mixin.py:109} INFO - [2021-10-10 17:10:11,140] {dagbag.py:496} INFO - Filling up the DagBag from /usr/local/lib/python3.8/dist-packages/airflow/example_dags/example_branch_datetime_operator.py
[2021-10-10 17:10:11,147] {processor.py:623} INFO - DAG(s) dict_keys(['example_branch_datetime_operator_2']) retrieved from /usr/local/lib/python3.8/dist-packages/airflow/example_dags/example_branch_datetime_operator.py
[2021-10-10 17:10:11,156] {logging_mixin.py:109} INFO - [2021-10-10 17:10:11,156] {dag.py:1834} INFO - Sync 1 DAGs
[2021-10-10 17:10:11,162] {logging_mixin.py:109} INFO - [2021-10-10 17:10:11,162] {dag.py:2287} INFO - Setting next_dagrun for example_branch_datetime_operator_2 to 2021-10-10 00:00:00+00:00
[2021-10-10 17:10:11,170] {processor.py:170} INFO - Processing /usr/local/lib/python3.8/dist-packages/airflow/example_dags/example_branch_datetime_operator.py took 0.033 seconds
[2021-10-10 17:12:21,812] {processor.py:162} INFO - Started process (PID=17808) to work on /usr/local/lib/python3.8/dist-packages/airflow/example_dags/example_branch_datetime_operator.py
[2021-10-10 17:12:21,818] {processor.py:613} INFO - Processing file /usr/local/lib/python3.8/dist-packages/airflow/example_dags/example_branch_datetime_operator.py for tasks to queue
[2021-10-10 17:12:21,818] {logging_mixin.py:109} INFO - [2021-10-10 17:12:21,818] {dagbag.py:496} INFO - Filling up the DagBag from /usr/local/lib/python3.8/dist-packages/airflow/example_dags/example_branch_datetime_operator.py
[2021-10-10 17:12:21,827] {processor.py:623} INFO - DAG(s) dict_keys(['example_branch_datetime_operator_2']) retrieved from /usr/local/lib/python3.8/dist-packages/airflow/example_dags/example_branch_datetime_operator.py
[2021-10-10 17:12:21,835] {logging_mixin.py:109} INFO - [2021-10-10 17:12:21,835] {dag.py:1834} INFO - Sync 1 DAGs
[2021-10-10 17:12:21,842] {logging_mixin.py:109} INFO - [2021-10-10 17:12:21,842] {dag.py:2287} INFO - Setting next_dagrun for example_branch_datetime_operator_2 to 2021-10-10 00:00:00+00:00
[2021-10-10 17:12:21,850] {processor.py:170} INFO - Processing /usr/local/lib/python3.8/dist-packages/airflow/example_dags/example_branch_datetime_operator.py took 0.040 seconds
[2021-10-10 17:14:33,257] {processor.py:162} INFO - Started process (PID=18630) to work on /usr/local/lib/python3.8/dist-packages/airflow/example_dags/example_branch_datetime_operator.py
[2021-10-10 17:14:33,258] {processor.py:613} INFO - Processing file /usr/local/lib/python3.8/dist-packages/airflow/example_dags/example_branch_datetime_operator.py for tasks to queue
[2021-10-10 17:14:33,258] {logging_mixin.py:109} INFO - [2021-10-10 17:14:33,258] {dagbag.py:496} INFO - Filling up the DagBag from /usr/local/lib/python3.8/dist-packages/airflow/example_dags/example_branch_datetime_operator.py
[2021-10-10 17:14:33,267] {processor.py:623} INFO - DAG(s) dict_keys(['example_branch_datetime_operator_2']) retrieved from /usr/local/lib/python3.8/dist-packages/airflow/example_dags/example_branch_datetime_operator.py
[2021-10-10 17:14:33,276] {logging_mixin.py:109} INFO - [2021-10-10 17:14:33,276] {dag.py:1834} INFO - Sync 1 DAGs
[2021-10-10 17:14:33,283] {logging_mixin.py:109} INFO - [2021-10-10 17:14:33,283] {dag.py:2287} INFO - Setting next_dagrun for example_branch_datetime_operator_2 to 2021-10-10 00:00:00+00:00
[2021-10-10 17:14:33,292] {processor.py:170} INFO - Processing /usr/local/lib/python3.8/dist-packages/airflow/example_dags/example_branch_datetime_operator.py took 0.038 seconds
