[2021-10-10 17:14:34,244] {taskinstance.py:903} INFO - Dependencies all met for <TaskInstance: example_branch_dop_operator_v3.condition 2021-10-08T01:21:00+00:00 [queued]>
[2021-10-10 17:14:34,257] {taskinstance.py:903} INFO - Dependencies all met for <TaskInstance: example_branch_dop_operator_v3.condition 2021-10-08T01:21:00+00:00 [queued]>
[2021-10-10 17:14:34,257] {taskinstance.py:1095} INFO - 
--------------------------------------------------------------------------------
[2021-10-10 17:14:34,257] {taskinstance.py:1096} INFO - Starting attempt 1 of 1
[2021-10-10 17:14:34,257] {taskinstance.py:1097} INFO - 
--------------------------------------------------------------------------------
[2021-10-10 17:14:34,264] {taskinstance.py:1115} INFO - Executing <Task(BranchPythonOperator): condition> on 2021-10-08T01:21:00+00:00
[2021-10-10 17:14:34,266] {standard_task_runner.py:52} INFO - Started process 18634 to run task
[2021-10-10 17:14:34,269] {standard_task_runner.py:76} INFO - Running: ['airflow', 'tasks', 'run', 'example_branch_dop_operator_v3', 'condition', '2021-10-08T01:21:00+00:00', '--job-id', '491', '--pool', 'default_pool', '--raw', '--subdir', '/usr/local/lib/python3.8/dist-packages/airflow/example_dags/example_branch_python_dop_operator_3.py', '--cfg-path', '/tmp/tmpq0h3jbjr', '--error-file', '/tmp/tmppr2z39w0']
[2021-10-10 17:14:34,269] {standard_task_runner.py:77} INFO - Job 491: Subtask condition
[2021-10-10 17:14:34,293] {logging_mixin.py:109} INFO - Running <TaskInstance: example_branch_dop_operator_v3.condition 2021-10-08T01:21:00+00:00 [running]> on host abd
[2021-10-10 17:14:34,320] {taskinstance.py:1252} INFO - Exporting the following env vars:
AIRFLOW_CTX_DAG_OWNER=airflow
AIRFLOW_CTX_DAG_ID=example_branch_dop_operator_v3
AIRFLOW_CTX_TASK_ID=condition
AIRFLOW_CTX_EXECUTION_DATE=2021-10-08T01:21:00+00:00
AIRFLOW_CTX_DAG_RUN_ID=scheduled__2021-10-08T01:21:00+00:00
[2021-10-10 17:14:34,320] {logging_mixin.py:109} INFO - ------------- exec dttm = 2021-10-08T01:21:00+00:00 and minute = 21
[2021-10-10 17:14:34,320] {python.py:151} INFO - Done. Returned value was: dummy_task_2
[2021-10-10 17:14:34,320] {skipmixin.py:124} INFO - Following branch dummy_task_2
[2021-10-10 17:14:34,322] {skipmixin.py:155} INFO - Skipping tasks ['dummy_task_1']
[2021-10-10 17:14:34,340] {taskinstance.py:1212} INFO - Marking task as SUCCESS. dag_id=example_branch_dop_operator_v3, task_id=condition, execution_date=20211008T012100, start_date=20211010T141434, end_date=20211010T141434
[2021-10-10 17:14:34,359] {local_task_job.py:151} INFO - Task exited with return code 0
[2021-10-10 17:14:34,383] {local_task_job.py:261} INFO - 1 downstream tasks scheduled from follow-on schedule check
