[2021-10-10 17:06:56,161] {taskinstance.py:903} INFO - Dependencies all met for <TaskInstance: example_complex.get_entry_group 2021-10-10T14:04:43.758814+00:00 [queued]>
[2021-10-10 17:06:56,171] {taskinstance.py:903} INFO - Dependencies all met for <TaskInstance: example_complex.get_entry_group 2021-10-10T14:04:43.758814+00:00 [queued]>
[2021-10-10 17:06:56,172] {taskinstance.py:1095} INFO - 
--------------------------------------------------------------------------------
[2021-10-10 17:06:56,172] {taskinstance.py:1096} INFO - Starting attempt 1 of 1
[2021-10-10 17:06:56,172] {taskinstance.py:1097} INFO - 
--------------------------------------------------------------------------------
[2021-10-10 17:06:56,182] {taskinstance.py:1115} INFO - Executing <Task(BashOperator): get_entry_group> on 2021-10-10T14:04:43.758814+00:00
[2021-10-10 17:06:56,184] {standard_task_runner.py:52} INFO - Started process 16015 to run task
[2021-10-10 17:06:56,187] {standard_task_runner.py:76} INFO - Running: ['airflow', 'tasks', 'run', 'example_complex', 'get_entry_group', '2021-10-10T14:04:43.758814+00:00', '--job-id', '72', '--pool', 'default_pool', '--raw', '--subdir', '/usr/local/lib/python3.8/dist-packages/airflow/example_dags/example_complex.py', '--cfg-path', '/tmp/tmpgeqkfhxz', '--error-file', '/tmp/tmp7189yqkw']
[2021-10-10 17:06:56,187] {standard_task_runner.py:77} INFO - Job 72: Subtask get_entry_group
[2021-10-10 17:06:56,258] {logging_mixin.py:109} INFO - Running <TaskInstance: example_complex.get_entry_group 2021-10-10T14:04:43.758814+00:00 [running]> on host abd
[2021-10-10 17:06:56,287] {taskinstance.py:1252} INFO - Exporting the following env vars:
AIRFLOW_CTX_DAG_OWNER=airflow
AIRFLOW_CTX_DAG_ID=example_complex
AIRFLOW_CTX_TASK_ID=get_entry_group
AIRFLOW_CTX_EXECUTION_DATE=2021-10-10T14:04:43.758814+00:00
AIRFLOW_CTX_DAG_RUN_ID=manual__2021-10-10T14:04:43.758814+00:00
[2021-10-10 17:06:56,288] {subprocess.py:52} INFO - Tmp dir root location: 
 /tmp
[2021-10-10 17:06:56,288] {subprocess.py:63} INFO - Running command: ['bash', '-c', 'echo get_entry_group']
[2021-10-10 17:06:56,295] {subprocess.py:74} INFO - Output:
[2021-10-10 17:06:56,295] {subprocess.py:78} INFO - get_entry_group
[2021-10-10 17:06:56,296] {subprocess.py:82} INFO - Command exited with return code 0
[2021-10-10 17:06:56,312] {taskinstance.py:1212} INFO - Marking task as SUCCESS. dag_id=example_complex, task_id=get_entry_group, execution_date=20211010T140443, start_date=20211010T140656, end_date=20211010T140656
[2021-10-10 17:06:56,360] {local_task_job.py:151} INFO - Task exited with return code 0
[2021-10-10 17:06:56,417] {local_task_job.py:261} INFO - 1 downstream tasks scheduled from follow-on schedule check
