[2021-10-10 17:18:30,592] {taskinstance.py:903} INFO - Dependencies all met for <TaskInstance: main.mc.mc1.generate_group_mc1.generate_mc1_3 2021-10-09T00:00:00+00:00 [queued]>
[2021-10-10 17:18:30,597] {taskinstance.py:903} INFO - Dependencies all met for <TaskInstance: main.mc.mc1.generate_group_mc1.generate_mc1_3 2021-10-09T00:00:00+00:00 [queued]>
[2021-10-10 17:18:30,597] {taskinstance.py:1095} INFO - 
--------------------------------------------------------------------------------
[2021-10-10 17:18:30,597] {taskinstance.py:1096} INFO - Starting attempt 1 of 2
[2021-10-10 17:18:30,597] {taskinstance.py:1097} INFO - 
--------------------------------------------------------------------------------
[2021-10-10 17:18:30,604] {taskinstance.py:1115} INFO - Executing <Task(BashOperator): mc.mc1.generate_group_mc1.generate_mc1_3> on 2021-10-09T00:00:00+00:00
[2021-10-10 17:18:30,605] {standard_task_runner.py:52} INFO - Started process 19787 to run task
[2021-10-10 17:18:30,609] {standard_task_runner.py:76} INFO - Running: ['airflow', 'tasks', 'run', 'main', 'mc.mc1.generate_group_mc1.generate_mc1_3', '2021-10-09T00:00:00+00:00', '--job-id', '574', '--pool', 'default_pool', '--raw', '--subdir', 'DAGS_FOLDER/main.py', '--cfg-path', '/tmp/tmplzlzwd0d', '--error-file', '/tmp/tmpvly6tqp_']
[2021-10-10 17:18:30,609] {standard_task_runner.py:77} INFO - Job 574: Subtask mc.mc1.generate_group_mc1.generate_mc1_3
[2021-10-10 17:18:30,628] {logging_mixin.py:109} INFO - Running <TaskInstance: main.mc.mc1.generate_group_mc1.generate_mc1_3 2021-10-09T00:00:00+00:00 [running]> on host abd
[2021-10-10 17:18:30,654] {taskinstance.py:1252} INFO - Exporting the following env vars:
AIRFLOW_CTX_DAG_OWNER=admin
AIRFLOW_CTX_DAG_ID=main
AIRFLOW_CTX_TASK_ID=mc.mc1.generate_group_mc1.generate_mc1_3
AIRFLOW_CTX_EXECUTION_DATE=2021-10-09T00:00:00+00:00
AIRFLOW_CTX_DAG_RUN_ID=scheduled__2021-10-09T00:00:00+00:00
[2021-10-10 17:18:30,655] {subprocess.py:52} INFO - Tmp dir root location: 
 /tmp
[2021-10-10 17:18:30,655] {subprocess.py:63} INFO - Running command: ['bash', '-c', '\n            set -x\n            source ${thisroot}/thisroot.sh\n            pwd\n            python ${code}/generatetuple.py ${type} ${nevents} ${base_dir}/${type}_${jobnumber}.root\n            ']
[2021-10-10 17:18:30,659] {subprocess.py:74} INFO - Output:
[2021-10-10 17:18:30,659] {subprocess.py:78} INFO - + source /home/abd/root/root-6.24.06-install/bin/thisroot.sh
[2021-10-10 17:18:30,659] {subprocess.py:78} INFO - bash: line 2: /home/abd/root/root-6.24.06-install/bin/thisroot.sh: No such file or directory
[2021-10-10 17:18:30,660] {subprocess.py:78} INFO - + pwd
[2021-10-10 17:18:30,660] {subprocess.py:78} INFO - /tmp/airflowtmpuv7_d36g
[2021-10-10 17:18:30,660] {subprocess.py:78} INFO - + python /home/abd/airflow/code/generatetuple.py mc1 40000 /home/abd/airflow/data/bsm-search/mc1_3.root
[2021-10-10 17:18:30,666] {subprocess.py:78} INFO - python: can't open file '/home/abd/airflow/code/generatetuple.py': [Errno 2] No such file or directory
[2021-10-10 17:18:30,667] {subprocess.py:82} INFO - Command exited with return code 2
[2021-10-10 17:18:30,671] {taskinstance.py:1463} ERROR - Task failed with exception
Traceback (most recent call last):
  File "/usr/local/lib/python3.8/dist-packages/airflow/models/taskinstance.py", line 1165, in _run_raw_task
    self._prepare_and_execute_task_with_callbacks(context, task)
  File "/usr/local/lib/python3.8/dist-packages/airflow/models/taskinstance.py", line 1283, in _prepare_and_execute_task_with_callbacks
    result = self._execute_task(context, task_copy)
  File "/usr/local/lib/python3.8/dist-packages/airflow/models/taskinstance.py", line 1313, in _execute_task
    result = task_copy.execute(context=context)
  File "/usr/local/lib/python3.8/dist-packages/airflow/operators/bash.py", line 176, in execute
    raise AirflowException('Bash command failed. The command returned a non-zero exit code.')
airflow.exceptions.AirflowException: Bash command failed. The command returned a non-zero exit code.
[2021-10-10 17:18:30,672] {taskinstance.py:1506} INFO - Marking task as UP_FOR_RETRY. dag_id=main, task_id=mc.mc1.generate_group_mc1.generate_mc1_3, execution_date=20211009T000000, start_date=20211010T141830, end_date=20211010T141830
[2021-10-10 17:18:30,700] {local_task_job.py:151} INFO - Task exited with return code 1
[2021-10-10 17:18:30,711] {local_task_job.py:261} INFO - 0 downstream tasks scheduled from follow-on schedule check
[2021-10-10 17:27:58,264] {taskinstance.py:903} INFO - Dependencies all met for <TaskInstance: main.mc.mc1.generate_group_mc1.generate_mc1_3 2021-10-09T00:00:00+00:00 [queued]>
[2021-10-10 17:27:58,270] {taskinstance.py:903} INFO - Dependencies all met for <TaskInstance: main.mc.mc1.generate_group_mc1.generate_mc1_3 2021-10-09T00:00:00+00:00 [queued]>
[2021-10-10 17:27:58,270] {taskinstance.py:1095} INFO - 
--------------------------------------------------------------------------------
[2021-10-10 17:27:58,270] {taskinstance.py:1096} INFO - Starting attempt 1 of 2
[2021-10-10 17:27:58,270] {taskinstance.py:1097} INFO - 
--------------------------------------------------------------------------------
[2021-10-10 17:27:58,277] {taskinstance.py:1115} INFO - Executing <Task(BashOperator): mc.mc1.generate_group_mc1.generate_mc1_3> on 2021-10-09T00:00:00+00:00
[2021-10-10 17:27:58,278] {standard_task_runner.py:52} INFO - Started process 21513 to run task
[2021-10-10 17:27:58,281] {standard_task_runner.py:76} INFO - Running: ['airflow', 'tasks', 'run', 'main', 'mc.mc1.generate_group_mc1.generate_mc1_3', '2021-10-09T00:00:00+00:00', '--job-id', '574', '--pool', 'default_pool', '--raw', '--subdir', 'DAGS_FOLDER/main.py', '--cfg-path', '/tmp/tmpctfpmuxg', '--error-file', '/tmp/tmpcs5u2xhs']
[2021-10-10 17:27:58,281] {standard_task_runner.py:77} INFO - Job 574: Subtask mc.mc1.generate_group_mc1.generate_mc1_3
[2021-10-10 17:27:58,301] {logging_mixin.py:109} INFO - Running <TaskInstance: main.mc.mc1.generate_group_mc1.generate_mc1_3 2021-10-09T00:00:00+00:00 [running]> on host abd
[2021-10-10 17:27:58,325] {taskinstance.py:1252} INFO - Exporting the following env vars:
AIRFLOW_CTX_DAG_OWNER=admin
AIRFLOW_CTX_DAG_ID=main
AIRFLOW_CTX_TASK_ID=mc.mc1.generate_group_mc1.generate_mc1_3
AIRFLOW_CTX_EXECUTION_DATE=2021-10-09T00:00:00+00:00
AIRFLOW_CTX_DAG_RUN_ID=scheduled__2021-10-09T00:00:00+00:00
[2021-10-10 17:27:58,325] {subprocess.py:52} INFO - Tmp dir root location: 
 /tmp
[2021-10-10 17:27:58,326] {subprocess.py:63} INFO - Running command: ['bash', '-c', '\n            set -x\n            source ${thisroot}/thisroot.sh\n            pwd\n            python ${code}/generatetuple.py ${type} ${nevents} ${base_dir}/${type}_${jobnumber}.root\n            ']
[2021-10-10 17:27:58,329] {subprocess.py:74} INFO - Output:
[2021-10-10 17:27:58,330] {subprocess.py:78} INFO - + source /home/abd/root/root-6.24.06-install/bin/thisroot.sh
[2021-10-10 17:27:58,330] {subprocess.py:78} INFO - bash: line 2: /home/abd/root/root-6.24.06-install/bin/thisroot.sh: No such file or directory
[2021-10-10 17:27:58,330] {subprocess.py:78} INFO - + pwd
[2021-10-10 17:27:58,330] {subprocess.py:78} INFO - /tmp/airflowtmpr_i4norx
[2021-10-10 17:27:58,330] {subprocess.py:78} INFO - + python /home/abd/airflow/code/generatetuple.py mc1 40000 /home/abd/airflow/data/bsm-search/mc1_3.root
[2021-10-10 17:27:58,338] {subprocess.py:78} INFO - Traceback (most recent call last):
[2021-10-10 17:27:58,338] {subprocess.py:78} INFO -   File "/home/abd/airflow/code/generatetuple.py", line 1, in <module>
[2021-10-10 17:27:58,338] {subprocess.py:78} INFO -     import ROOT
[2021-10-10 17:27:58,338] {subprocess.py:78} INFO - ImportError: No module named ROOT
[2021-10-10 17:27:58,339] {subprocess.py:82} INFO - Command exited with return code 1
[2021-10-10 17:27:58,344] {taskinstance.py:1463} ERROR - Task failed with exception
Traceback (most recent call last):
  File "/usr/local/lib/python3.8/dist-packages/airflow/models/taskinstance.py", line 1165, in _run_raw_task
    self._prepare_and_execute_task_with_callbacks(context, task)
  File "/usr/local/lib/python3.8/dist-packages/airflow/models/taskinstance.py", line 1283, in _prepare_and_execute_task_with_callbacks
    result = self._execute_task(context, task_copy)
  File "/usr/local/lib/python3.8/dist-packages/airflow/models/taskinstance.py", line 1313, in _execute_task
    result = task_copy.execute(context=context)
  File "/usr/local/lib/python3.8/dist-packages/airflow/operators/bash.py", line 176, in execute
    raise AirflowException('Bash command failed. The command returned a non-zero exit code.')
airflow.exceptions.AirflowException: Bash command failed. The command returned a non-zero exit code.
[2021-10-10 17:27:58,345] {taskinstance.py:1506} INFO - Marking task as UP_FOR_RETRY. dag_id=main, task_id=mc.mc1.generate_group_mc1.generate_mc1_3, execution_date=20211009T000000, start_date=20211010T142758, end_date=20211010T142758
[2021-10-10 17:27:58,372] {local_task_job.py:151} INFO - Task exited with return code 1
[2021-10-10 17:27:58,383] {local_task_job.py:261} INFO - 0 downstream tasks scheduled from follow-on schedule check
[2021-10-10 17:31:39,887] {taskinstance.py:903} INFO - Dependencies all met for <TaskInstance: main.mc.mc1.generate_group_mc1.generate_mc1_3 2021-10-09T00:00:00+00:00 [queued]>
[2021-10-10 17:31:39,892] {taskinstance.py:903} INFO - Dependencies all met for <TaskInstance: main.mc.mc1.generate_group_mc1.generate_mc1_3 2021-10-09T00:00:00+00:00 [queued]>
[2021-10-10 17:31:39,892] {taskinstance.py:1095} INFO - 
--------------------------------------------------------------------------------
[2021-10-10 17:31:39,892] {taskinstance.py:1096} INFO - Starting attempt 1 of 2
[2021-10-10 17:31:39,892] {taskinstance.py:1097} INFO - 
--------------------------------------------------------------------------------
[2021-10-10 17:31:39,900] {taskinstance.py:1115} INFO - Executing <Task(BashOperator): mc.mc1.generate_group_mc1.generate_mc1_3> on 2021-10-09T00:00:00+00:00
[2021-10-10 17:31:39,902] {standard_task_runner.py:52} INFO - Started process 22211 to run task
[2021-10-10 17:31:39,905] {standard_task_runner.py:76} INFO - Running: ['airflow', 'tasks', 'run', 'main', 'mc.mc1.generate_group_mc1.generate_mc1_3', '2021-10-09T00:00:00+00:00', '--job-id', '574', '--pool', 'default_pool', '--raw', '--subdir', 'DAGS_FOLDER/main.py', '--cfg-path', '/tmp/tmpgsrtmc60', '--error-file', '/tmp/tmpu66b0n0z']
[2021-10-10 17:31:39,906] {standard_task_runner.py:77} INFO - Job 574: Subtask mc.mc1.generate_group_mc1.generate_mc1_3
[2021-10-10 17:31:39,925] {logging_mixin.py:109} INFO - Running <TaskInstance: main.mc.mc1.generate_group_mc1.generate_mc1_3 2021-10-09T00:00:00+00:00 [running]> on host abd
[2021-10-10 17:31:39,950] {taskinstance.py:1252} INFO - Exporting the following env vars:
AIRFLOW_CTX_DAG_OWNER=admin
AIRFLOW_CTX_DAG_ID=main
AIRFLOW_CTX_TASK_ID=mc.mc1.generate_group_mc1.generate_mc1_3
AIRFLOW_CTX_EXECUTION_DATE=2021-10-09T00:00:00+00:00
AIRFLOW_CTX_DAG_RUN_ID=scheduled__2021-10-09T00:00:00+00:00
[2021-10-10 17:31:39,950] {subprocess.py:52} INFO - Tmp dir root location: 
 /tmp
[2021-10-10 17:31:39,951] {subprocess.py:63} INFO - Running command: ['bash', '-c', '\n            set -x\n            source ${thisroot}/thisroot.sh\n            pwd\n            python ${code}/generatetuple.py ${type} ${nevents} ${base_dir}/${type}_${jobnumber}.root\n            ']
[2021-10-10 17:31:39,954] {subprocess.py:74} INFO - Output:
[2021-10-10 17:31:39,955] {subprocess.py:78} INFO - + source /home/abd/root/root/bin/thisroot.sh
[2021-10-10 17:31:39,956] {subprocess.py:78} INFO - ++ '[' -n '' ']'
[2021-10-10 17:31:39,956] {subprocess.py:78} INFO - ++ SOURCE=/home/abd/root/root/bin/thisroot.sh
[2021-10-10 17:31:39,956] {subprocess.py:78} INFO - ++ '[' x/home/abd/root/root/bin/thisroot.sh = x ']'
[2021-10-10 17:31:39,956] {subprocess.py:78} INFO - ++ '[' x/home/abd/root/root/bin/thisroot.sh = x ']'
[2021-10-10 17:31:39,956] {subprocess.py:78} INFO - +++ dirname /home/abd/root/root/bin/thisroot.sh
[2021-10-10 17:31:39,957] {subprocess.py:78} INFO - ++ thisroot=/home/abd/root/root/bin
[2021-10-10 17:31:39,957] {subprocess.py:78} INFO - +++ cd /home/abd/root/root/bin/..
[2021-10-10 17:31:39,957] {subprocess.py:78} INFO - +++ pwd
[2021-10-10 17:31:39,958] {subprocess.py:78} INFO - ++ ROOTSYS=/home/abd/root/root
[2021-10-10 17:31:39,958] {subprocess.py:78} INFO - ++ export ROOTSYS
[2021-10-10 17:31:39,958] {subprocess.py:78} INFO - ++ clean_environment
[2021-10-10 17:31:39,958] {subprocess.py:78} INFO - ++ '[' -n '' ']'
[2021-10-10 17:31:39,958] {subprocess.py:78} INFO - ++ '[' -z '' ']'
[2021-10-10 17:31:39,958] {subprocess.py:78} INFO - ++ command -v manpath
[2021-10-10 17:31:39,958] {subprocess.py:78} INFO - +++ manpath
[2021-10-10 17:31:39,959] {subprocess.py:78} INFO - manpath: warning: $PATH not set
[2021-10-10 17:31:39,959] {subprocess.py:78} INFO - ++ default_manpath=/usr/share/man:/usr/local/share/man
[2021-10-10 17:31:39,959] {subprocess.py:78} INFO - ++ set_environment
[2021-10-10 17:31:39,959] {subprocess.py:78} INFO - ++ '[' -z /usr/local/sbin:/usr/local/bin:/usr/sbin:/usr/bin:/sbin:/bin ']'
[2021-10-10 17:31:39,960] {subprocess.py:78} INFO - ++ PATH=/home/abd/root/root/bin:/usr/local/sbin:/usr/local/bin:/usr/sbin:/usr/bin:/sbin:/bin
[2021-10-10 17:31:39,960] {subprocess.py:78} INFO - ++ export PATH
[2021-10-10 17:31:39,960] {subprocess.py:78} INFO - ++ '[' -z '' ']'
[2021-10-10 17:31:39,960] {subprocess.py:78} INFO - ++ LD_LIBRARY_PATH=/home/abd/root/root/lib
[2021-10-10 17:31:39,960] {subprocess.py:78} INFO - ++ export LD_LIBRARY_PATH
[2021-10-10 17:31:39,960] {subprocess.py:78} INFO - ++ '[' -z '' ']'
[2021-10-10 17:31:39,960] {subprocess.py:78} INFO - ++ DYLD_LIBRARY_PATH=/home/abd/root/root/lib
[2021-10-10 17:31:39,960] {subprocess.py:78} INFO - ++ export DYLD_LIBRARY_PATH
[2021-10-10 17:31:39,960] {subprocess.py:78} INFO - ++ '[' -z '' ']'
[2021-10-10 17:31:39,960] {subprocess.py:78} INFO - ++ SHLIB_PATH=/home/abd/root/root/lib
[2021-10-10 17:31:39,960] {subprocess.py:78} INFO - ++ export SHLIB_PATH
[2021-10-10 17:31:39,960] {subprocess.py:78} INFO - ++ '[' -z '' ']'
[2021-10-10 17:31:39,960] {subprocess.py:78} INFO - ++ LIBPATH=/home/abd/root/root/lib
[2021-10-10 17:31:39,960] {subprocess.py:78} INFO - ++ export LIBPATH
[2021-10-10 17:31:39,960] {subprocess.py:78} INFO - ++ '[' -z '' ']'
[2021-10-10 17:31:39,960] {subprocess.py:78} INFO - ++ PYTHONPATH=/home/abd/root/root/lib
[2021-10-10 17:31:39,960] {subprocess.py:78} INFO - ++ export PYTHONPATH
[2021-10-10 17:31:39,960] {subprocess.py:78} INFO - ++ '[' -z '' ']'
[2021-10-10 17:31:39,960] {subprocess.py:78} INFO - ++ MANPATH=/home/abd/root/root/man:/usr/share/man:/usr/local/share/man
[2021-10-10 17:31:39,961] {subprocess.py:78} INFO - ++ export MANPATH
[2021-10-10 17:31:39,961] {subprocess.py:78} INFO - ++ '[' -z '' ']'
[2021-10-10 17:31:39,961] {subprocess.py:78} INFO - ++ CMAKE_PREFIX_PATH=/home/abd/root/root
[2021-10-10 17:31:39,961] {subprocess.py:78} INFO - ++ export CMAKE_PREFIX_PATH
[2021-10-10 17:31:39,961] {subprocess.py:78} INFO - ++ '[' -z '' ']'
[2021-10-10 17:31:39,961] {subprocess.py:78} INFO - ++ JUPYTER_PATH=/home/abd/root/root/etc/notebook
[2021-10-10 17:31:39,961] {subprocess.py:78} INFO - ++ export JUPYTER_PATH
[2021-10-10 17:31:39,961] {subprocess.py:78} INFO - ++ '[' -z '' ']'
[2021-10-10 17:31:39,961] {subprocess.py:78} INFO - ++ JUPYTER_CONFIG_DIR=/home/abd/root/root/etc/notebook
[2021-10-10 17:31:39,961] {subprocess.py:78} INFO - ++ export JUPYTER_CONFIG_DIR
[2021-10-10 17:31:39,961] {subprocess.py:78} INFO - ++ export CLING_STANDARD_PCH=none
[2021-10-10 17:31:39,961] {subprocess.py:78} INFO - ++ CLING_STANDARD_PCH=none
[2021-10-10 17:31:39,961] {subprocess.py:78} INFO - +++ root-config --arch
[2021-10-10 17:31:39,961] {subprocess.py:78} INFO - +++ grep -v win32gcc
[2021-10-10 17:31:39,962] {subprocess.py:78} INFO - +++ grep -i win32
[2021-10-10 17:31:39,971] {subprocess.py:78} INFO - ++ '[' x '!=' x ']'
[2021-10-10 17:31:39,972] {subprocess.py:78} INFO - ++ unset old_rootsys
[2021-10-10 17:31:39,972] {subprocess.py:78} INFO - ++ unset thisroot
[2021-10-10 17:31:39,972] {subprocess.py:78} INFO - ++ unset -f drop_from_path
[2021-10-10 17:31:39,972] {subprocess.py:78} INFO - ++ unset -f clean_environment
[2021-10-10 17:31:39,972] {subprocess.py:78} INFO - ++ unset -f set_environment
[2021-10-10 17:31:39,972] {subprocess.py:78} INFO - + pwd
[2021-10-10 17:31:39,972] {subprocess.py:78} INFO - /tmp/airflowtmpz4tbmgc7
[2021-10-10 17:31:39,972] {subprocess.py:78} INFO - + python /home/abd/airflow/code/generatetuple.py mc1 40000 /home/abd/airflow/data/bsm-search/mc1_3.root
[2021-10-10 17:31:41,081] {subprocess.py:82} INFO - Command exited with return code 0
[2021-10-10 17:31:41,093] {taskinstance.py:1212} INFO - Marking task as SUCCESS. dag_id=main, task_id=mc.mc1.generate_group_mc1.generate_mc1_3, execution_date=20211009T000000, start_date=20211010T143139, end_date=20211010T143141
[2021-10-10 17:31:41,120] {local_task_job.py:151} INFO - Task exited with return code 0
[2021-10-10 17:31:41,152] {local_task_job.py:261} INFO - 0 downstream tasks scheduled from follow-on schedule check
[2021-10-10 19:36:21,495] {taskinstance.py:903} INFO - Dependencies all met for <TaskInstance: main.mc.mc1.generate_group_mc1.generate_mc1_3 2021-10-09T00:00:00+00:00 [queued]>
[2021-10-10 19:36:21,502] {taskinstance.py:903} INFO - Dependencies all met for <TaskInstance: main.mc.mc1.generate_group_mc1.generate_mc1_3 2021-10-09T00:00:00+00:00 [queued]>
[2021-10-10 19:36:21,503] {taskinstance.py:1095} INFO - 
--------------------------------------------------------------------------------
[2021-10-10 19:36:21,503] {taskinstance.py:1096} INFO - Starting attempt 1 of 2
[2021-10-10 19:36:21,503] {taskinstance.py:1097} INFO - 
--------------------------------------------------------------------------------
[2021-10-10 19:36:21,509] {taskinstance.py:1115} INFO - Executing <Task(BashOperator): mc.mc1.generate_group_mc1.generate_mc1_3> on 2021-10-09T00:00:00+00:00
[2021-10-10 19:36:21,510] {standard_task_runner.py:52} INFO - Started process 55813 to run task
[2021-10-10 19:36:21,513] {standard_task_runner.py:76} INFO - Running: ['airflow', 'tasks', 'run', 'main', 'mc.mc1.generate_group_mc1.generate_mc1_3', '2021-10-09T00:00:00+00:00', '--job-id', '574', '--pool', 'default_pool', '--raw', '--subdir', 'DAGS_FOLDER/main.py', '--cfg-path', '/tmp/tmpi61ssoec', '--error-file', '/tmp/tmpmu5a803z']
[2021-10-10 19:36:21,514] {standard_task_runner.py:77} INFO - Job 574: Subtask mc.mc1.generate_group_mc1.generate_mc1_3
[2021-10-10 19:36:21,533] {logging_mixin.py:109} INFO - Running <TaskInstance: main.mc.mc1.generate_group_mc1.generate_mc1_3 2021-10-09T00:00:00+00:00 [running]> on host abd
[2021-10-10 19:36:21,558] {taskinstance.py:1252} INFO - Exporting the following env vars:
AIRFLOW_CTX_DAG_OWNER=admin
AIRFLOW_CTX_DAG_ID=main
AIRFLOW_CTX_TASK_ID=mc.mc1.generate_group_mc1.generate_mc1_3
AIRFLOW_CTX_EXECUTION_DATE=2021-10-09T00:00:00+00:00
AIRFLOW_CTX_DAG_RUN_ID=scheduled__2021-10-09T00:00:00+00:00
[2021-10-10 19:36:21,558] {subprocess.py:52} INFO - Tmp dir root location: 
 /tmp
[2021-10-10 19:36:21,558] {subprocess.py:63} INFO - Running command: ['bash', '-c', '\n            set -x\n            source ${thisroot}/thisroot.sh\n            pwd\n            python ${code}/generatetuple.py ${type} ${nevents} ${base_dir}/${type}_${jobnumber}.root\n            ']
[2021-10-10 19:36:21,562] {subprocess.py:74} INFO - Output:
[2021-10-10 19:36:21,563] {subprocess.py:78} INFO - + source /home/abd/root/root/bin/thisroot.sh
[2021-10-10 19:36:21,563] {subprocess.py:78} INFO - ++ '[' -n '' ']'
[2021-10-10 19:36:21,563] {subprocess.py:78} INFO - ++ SOURCE=/home/abd/root/root/bin/thisroot.sh
[2021-10-10 19:36:21,563] {subprocess.py:78} INFO - ++ '[' x/home/abd/root/root/bin/thisroot.sh = x ']'
[2021-10-10 19:36:21,563] {subprocess.py:78} INFO - ++ '[' x/home/abd/root/root/bin/thisroot.sh = x ']'
[2021-10-10 19:36:21,564] {subprocess.py:78} INFO - +++ dirname /home/abd/root/root/bin/thisroot.sh
[2021-10-10 19:36:21,564] {subprocess.py:78} INFO - ++ thisroot=/home/abd/root/root/bin
[2021-10-10 19:36:21,564] {subprocess.py:78} INFO - +++ cd /home/abd/root/root/bin/..
[2021-10-10 19:36:21,564] {subprocess.py:78} INFO - +++ pwd
[2021-10-10 19:36:21,565] {subprocess.py:78} INFO - ++ ROOTSYS=/home/abd/root/root
[2021-10-10 19:36:21,565] {subprocess.py:78} INFO - ++ export ROOTSYS
[2021-10-10 19:36:21,565] {subprocess.py:78} INFO - ++ clean_environment
[2021-10-10 19:36:21,565] {subprocess.py:78} INFO - ++ '[' -n '' ']'
[2021-10-10 19:36:21,565] {subprocess.py:78} INFO - ++ '[' -z '' ']'
[2021-10-10 19:36:21,565] {subprocess.py:78} INFO - ++ command -v manpath
[2021-10-10 19:36:21,565] {subprocess.py:78} INFO - +++ manpath
[2021-10-10 19:36:21,566] {subprocess.py:78} INFO - manpath: warning: $PATH not set
[2021-10-10 19:36:21,566] {subprocess.py:78} INFO - ++ default_manpath=/usr/share/man:/usr/local/share/man
[2021-10-10 19:36:21,566] {subprocess.py:78} INFO - ++ set_environment
[2021-10-10 19:36:21,566] {subprocess.py:78} INFO - ++ '[' -z /usr/local/sbin:/usr/local/bin:/usr/sbin:/usr/bin:/sbin:/bin ']'
[2021-10-10 19:36:21,566] {subprocess.py:78} INFO - ++ PATH=/home/abd/root/root/bin:/usr/local/sbin:/usr/local/bin:/usr/sbin:/usr/bin:/sbin:/bin
[2021-10-10 19:36:21,566] {subprocess.py:78} INFO - ++ export PATH
[2021-10-10 19:36:21,566] {subprocess.py:78} INFO - ++ '[' -z '' ']'
[2021-10-10 19:36:21,566] {subprocess.py:78} INFO - ++ LD_LIBRARY_PATH=/home/abd/root/root/lib
[2021-10-10 19:36:21,566] {subprocess.py:78} INFO - ++ export LD_LIBRARY_PATH
[2021-10-10 19:36:21,566] {subprocess.py:78} INFO - ++ '[' -z '' ']'
[2021-10-10 19:36:21,566] {subprocess.py:78} INFO - ++ DYLD_LIBRARY_PATH=/home/abd/root/root/lib
[2021-10-10 19:36:21,566] {subprocess.py:78} INFO - ++ export DYLD_LIBRARY_PATH
[2021-10-10 19:36:21,566] {subprocess.py:78} INFO - ++ '[' -z '' ']'
[2021-10-10 19:36:21,566] {subprocess.py:78} INFO - ++ SHLIB_PATH=/home/abd/root/root/lib
[2021-10-10 19:36:21,566] {subprocess.py:78} INFO - ++ export SHLIB_PATH
[2021-10-10 19:36:21,566] {subprocess.py:78} INFO - ++ '[' -z '' ']'
[2021-10-10 19:36:21,566] {subprocess.py:78} INFO - ++ LIBPATH=/home/abd/root/root/lib
[2021-10-10 19:36:21,566] {subprocess.py:78} INFO - ++ export LIBPATH
[2021-10-10 19:36:21,566] {subprocess.py:78} INFO - ++ '[' -z '' ']'
[2021-10-10 19:36:21,566] {subprocess.py:78} INFO - ++ PYTHONPATH=/home/abd/root/root/lib
[2021-10-10 19:36:21,566] {subprocess.py:78} INFO - ++ export PYTHONPATH
[2021-10-10 19:36:21,566] {subprocess.py:78} INFO - ++ '[' -z '' ']'
[2021-10-10 19:36:21,566] {subprocess.py:78} INFO - ++ MANPATH=/home/abd/root/root/man:/usr/share/man:/usr/local/share/man
[2021-10-10 19:36:21,566] {subprocess.py:78} INFO - ++ export MANPATH
[2021-10-10 19:36:21,567] {subprocess.py:78} INFO - ++ '[' -z '' ']'
[2021-10-10 19:36:21,567] {subprocess.py:78} INFO - ++ CMAKE_PREFIX_PATH=/home/abd/root/root
[2021-10-10 19:36:21,567] {subprocess.py:78} INFO - ++ export CMAKE_PREFIX_PATH
[2021-10-10 19:36:21,567] {subprocess.py:78} INFO - ++ '[' -z '' ']'
[2021-10-10 19:36:21,567] {subprocess.py:78} INFO - ++ JUPYTER_PATH=/home/abd/root/root/etc/notebook
[2021-10-10 19:36:21,567] {subprocess.py:78} INFO - ++ export JUPYTER_PATH
[2021-10-10 19:36:21,567] {subprocess.py:78} INFO - ++ '[' -z '' ']'
[2021-10-10 19:36:21,567] {subprocess.py:78} INFO - ++ JUPYTER_CONFIG_DIR=/home/abd/root/root/etc/notebook
[2021-10-10 19:36:21,567] {subprocess.py:78} INFO - ++ export JUPYTER_CONFIG_DIR
[2021-10-10 19:36:21,567] {subprocess.py:78} INFO - ++ export CLING_STANDARD_PCH=none
[2021-10-10 19:36:21,567] {subprocess.py:78} INFO - ++ CLING_STANDARD_PCH=none
[2021-10-10 19:36:21,567] {subprocess.py:78} INFO - +++ root-config --arch
[2021-10-10 19:36:21,567] {subprocess.py:78} INFO - +++ grep -v win32gcc
[2021-10-10 19:36:21,567] {subprocess.py:78} INFO - +++ grep -i win32
[2021-10-10 19:36:21,577] {subprocess.py:78} INFO - ++ '[' x '!=' x ']'
[2021-10-10 19:36:21,577] {subprocess.py:78} INFO - ++ unset old_rootsys
[2021-10-10 19:36:21,577] {subprocess.py:78} INFO - ++ unset thisroot
[2021-10-10 19:36:21,577] {subprocess.py:78} INFO - ++ unset -f drop_from_path
[2021-10-10 19:36:21,577] {subprocess.py:78} INFO - ++ unset -f clean_environment
[2021-10-10 19:36:21,577] {subprocess.py:78} INFO - ++ unset -f set_environment
[2021-10-10 19:36:21,577] {subprocess.py:78} INFO - + pwd
[2021-10-10 19:36:21,577] {subprocess.py:78} INFO - /tmp/airflowtmp0g9925jm
[2021-10-10 19:36:21,577] {subprocess.py:78} INFO - + python /home/abd/airflow/code/generatetuple.py mc1 40000 /home/abd/airflow/data/bsm-search/mc1_3.root
[2021-10-10 19:36:22,680] {subprocess.py:82} INFO - Command exited with return code 0
[2021-10-10 19:36:22,693] {taskinstance.py:1212} INFO - Marking task as SUCCESS. dag_id=main, task_id=mc.mc1.generate_group_mc1.generate_mc1_3, execution_date=20211009T000000, start_date=20211010T163621, end_date=20211010T163622
[2021-10-10 19:36:22,727] {local_task_job.py:151} INFO - Task exited with return code 0
[2021-10-10 19:36:22,739] {local_task_job.py:261} INFO - 0 downstream tasks scheduled from follow-on schedule check
[2021-10-10 19:46:01,263] {taskinstance.py:903} INFO - Dependencies all met for <TaskInstance: main.mc.mc1.generate_group_mc1.generate_mc1_3 2021-10-09T00:00:00+00:00 [queued]>
[2021-10-10 19:46:01,269] {taskinstance.py:903} INFO - Dependencies all met for <TaskInstance: main.mc.mc1.generate_group_mc1.generate_mc1_3 2021-10-09T00:00:00+00:00 [queued]>
[2021-10-10 19:46:01,269] {taskinstance.py:1095} INFO - 
--------------------------------------------------------------------------------
[2021-10-10 19:46:01,269] {taskinstance.py:1096} INFO - Starting attempt 1 of 2
[2021-10-10 19:46:01,269] {taskinstance.py:1097} INFO - 
--------------------------------------------------------------------------------
[2021-10-10 19:46:01,276] {taskinstance.py:1115} INFO - Executing <Task(BashOperator): mc.mc1.generate_group_mc1.generate_mc1_3> on 2021-10-09T00:00:00+00:00
[2021-10-10 19:46:01,278] {standard_task_runner.py:52} INFO - Started process 59110 to run task
[2021-10-10 19:46:01,281] {standard_task_runner.py:76} INFO - Running: ['airflow', 'tasks', 'run', 'main', 'mc.mc1.generate_group_mc1.generate_mc1_3', '2021-10-09T00:00:00+00:00', '--job-id', '574', '--pool', 'default_pool', '--raw', '--subdir', 'DAGS_FOLDER/main.py', '--cfg-path', '/tmp/tmp_ompk2qq', '--error-file', '/tmp/tmp5wxd65kz']
[2021-10-10 19:46:01,281] {standard_task_runner.py:77} INFO - Job 574: Subtask mc.mc1.generate_group_mc1.generate_mc1_3
[2021-10-10 19:46:01,301] {logging_mixin.py:109} INFO - Running <TaskInstance: main.mc.mc1.generate_group_mc1.generate_mc1_3 2021-10-09T00:00:00+00:00 [running]> on host abd
[2021-10-10 19:46:01,328] {taskinstance.py:1252} INFO - Exporting the following env vars:
AIRFLOW_CTX_DAG_OWNER=admin
AIRFLOW_CTX_DAG_ID=main
AIRFLOW_CTX_TASK_ID=mc.mc1.generate_group_mc1.generate_mc1_3
AIRFLOW_CTX_EXECUTION_DATE=2021-10-09T00:00:00+00:00
AIRFLOW_CTX_DAG_RUN_ID=scheduled__2021-10-09T00:00:00+00:00
[2021-10-10 19:46:01,328] {subprocess.py:52} INFO - Tmp dir root location: 
 /tmp
[2021-10-10 19:46:01,328] {subprocess.py:63} INFO - Running command: ['bash', '-c', '\n            set -x\n            source ${thisroot}/thisroot.sh\n            pwd\n            python ${code}/generatetuple.py ${type} ${nevents} ${base_dir}/${type}_${jobnumber}.root\n            ']
[2021-10-10 19:46:01,332] {subprocess.py:74} INFO - Output:
[2021-10-10 19:46:01,333] {subprocess.py:78} INFO - + source /home/abd/root/root/bin/thisroot.sh
[2021-10-10 19:46:01,333] {subprocess.py:78} INFO - ++ '[' -n '' ']'
[2021-10-10 19:46:01,333] {subprocess.py:78} INFO - ++ SOURCE=/home/abd/root/root/bin/thisroot.sh
[2021-10-10 19:46:01,333] {subprocess.py:78} INFO - ++ '[' x/home/abd/root/root/bin/thisroot.sh = x ']'
[2021-10-10 19:46:01,333] {subprocess.py:78} INFO - ++ '[' x/home/abd/root/root/bin/thisroot.sh = x ']'
[2021-10-10 19:46:01,334] {subprocess.py:78} INFO - +++ dirname /home/abd/root/root/bin/thisroot.sh
[2021-10-10 19:46:01,334] {subprocess.py:78} INFO - ++ thisroot=/home/abd/root/root/bin
[2021-10-10 19:46:01,334] {subprocess.py:78} INFO - +++ cd /home/abd/root/root/bin/..
[2021-10-10 19:46:01,334] {subprocess.py:78} INFO - +++ pwd
[2021-10-10 19:46:01,335] {subprocess.py:78} INFO - ++ ROOTSYS=/home/abd/root/root
[2021-10-10 19:46:01,335] {subprocess.py:78} INFO - ++ export ROOTSYS
[2021-10-10 19:46:01,335] {subprocess.py:78} INFO - ++ clean_environment
[2021-10-10 19:46:01,335] {subprocess.py:78} INFO - ++ '[' -n '' ']'
[2021-10-10 19:46:01,335] {subprocess.py:78} INFO - ++ '[' -z '' ']'
[2021-10-10 19:46:01,335] {subprocess.py:78} INFO - ++ command -v manpath
[2021-10-10 19:46:01,335] {subprocess.py:78} INFO - +++ manpath
[2021-10-10 19:46:01,336] {subprocess.py:78} INFO - manpath: warning: $PATH not set
[2021-10-10 19:46:01,336] {subprocess.py:78} INFO - ++ default_manpath=/usr/share/man:/usr/local/share/man
[2021-10-10 19:46:01,336] {subprocess.py:78} INFO - ++ set_environment
[2021-10-10 19:46:01,336] {subprocess.py:78} INFO - ++ '[' -z /usr/local/sbin:/usr/local/bin:/usr/sbin:/usr/bin:/sbin:/bin ']'
[2021-10-10 19:46:01,336] {subprocess.py:78} INFO - ++ PATH=/home/abd/root/root/bin:/usr/local/sbin:/usr/local/bin:/usr/sbin:/usr/bin:/sbin:/bin
[2021-10-10 19:46:01,336] {subprocess.py:78} INFO - ++ export PATH
[2021-10-10 19:46:01,336] {subprocess.py:78} INFO - ++ '[' -z '' ']'
[2021-10-10 19:46:01,336] {subprocess.py:78} INFO - ++ LD_LIBRARY_PATH=/home/abd/root/root/lib
[2021-10-10 19:46:01,336] {subprocess.py:78} INFO - ++ export LD_LIBRARY_PATH
[2021-10-10 19:46:01,336] {subprocess.py:78} INFO - ++ '[' -z '' ']'
[2021-10-10 19:46:01,336] {subprocess.py:78} INFO - ++ DYLD_LIBRARY_PATH=/home/abd/root/root/lib
[2021-10-10 19:46:01,336] {subprocess.py:78} INFO - ++ export DYLD_LIBRARY_PATH
[2021-10-10 19:46:01,336] {subprocess.py:78} INFO - ++ '[' -z '' ']'
[2021-10-10 19:46:01,336] {subprocess.py:78} INFO - ++ SHLIB_PATH=/home/abd/root/root/lib
[2021-10-10 19:46:01,336] {subprocess.py:78} INFO - ++ export SHLIB_PATH
[2021-10-10 19:46:01,336] {subprocess.py:78} INFO - ++ '[' -z '' ']'
[2021-10-10 19:46:01,336] {subprocess.py:78} INFO - ++ LIBPATH=/home/abd/root/root/lib
[2021-10-10 19:46:01,336] {subprocess.py:78} INFO - ++ export LIBPATH
[2021-10-10 19:46:01,336] {subprocess.py:78} INFO - ++ '[' -z '' ']'
[2021-10-10 19:46:01,336] {subprocess.py:78} INFO - ++ PYTHONPATH=/home/abd/root/root/lib
[2021-10-10 19:46:01,336] {subprocess.py:78} INFO - ++ export PYTHONPATH
[2021-10-10 19:46:01,336] {subprocess.py:78} INFO - ++ '[' -z '' ']'
[2021-10-10 19:46:01,337] {subprocess.py:78} INFO - ++ MANPATH=/home/abd/root/root/man:/usr/share/man:/usr/local/share/man
[2021-10-10 19:46:01,337] {subprocess.py:78} INFO - ++ export MANPATH
[2021-10-10 19:46:01,337] {subprocess.py:78} INFO - ++ '[' -z '' ']'
[2021-10-10 19:46:01,337] {subprocess.py:78} INFO - ++ CMAKE_PREFIX_PATH=/home/abd/root/root
[2021-10-10 19:46:01,337] {subprocess.py:78} INFO - ++ export CMAKE_PREFIX_PATH
[2021-10-10 19:46:01,337] {subprocess.py:78} INFO - ++ '[' -z '' ']'
[2021-10-10 19:46:01,337] {subprocess.py:78} INFO - ++ JUPYTER_PATH=/home/abd/root/root/etc/notebook
[2021-10-10 19:46:01,337] {subprocess.py:78} INFO - ++ export JUPYTER_PATH
[2021-10-10 19:46:01,337] {subprocess.py:78} INFO - ++ '[' -z '' ']'
[2021-10-10 19:46:01,337] {subprocess.py:78} INFO - ++ JUPYTER_CONFIG_DIR=/home/abd/root/root/etc/notebook
[2021-10-10 19:46:01,337] {subprocess.py:78} INFO - ++ export JUPYTER_CONFIG_DIR
[2021-10-10 19:46:01,337] {subprocess.py:78} INFO - ++ export CLING_STANDARD_PCH=none
[2021-10-10 19:46:01,337] {subprocess.py:78} INFO - ++ CLING_STANDARD_PCH=none
[2021-10-10 19:46:01,337] {subprocess.py:78} INFO - +++ root-config --arch
[2021-10-10 19:46:01,337] {subprocess.py:78} INFO - +++ grep -v win32gcc
[2021-10-10 19:46:01,337] {subprocess.py:78} INFO - +++ grep -i win32
[2021-10-10 19:46:01,347] {subprocess.py:78} INFO - ++ '[' x '!=' x ']'
[2021-10-10 19:46:01,347] {subprocess.py:78} INFO - ++ unset old_rootsys
[2021-10-10 19:46:01,347] {subprocess.py:78} INFO - ++ unset thisroot
[2021-10-10 19:46:01,347] {subprocess.py:78} INFO - ++ unset -f drop_from_path
[2021-10-10 19:46:01,347] {subprocess.py:78} INFO - ++ unset -f clean_environment
[2021-10-10 19:46:01,347] {subprocess.py:78} INFO - ++ unset -f set_environment
[2021-10-10 19:46:01,347] {subprocess.py:78} INFO - + pwd
[2021-10-10 19:46:01,347] {subprocess.py:78} INFO - /tmp/airflowtmphcmnfnl_
[2021-10-10 19:46:01,347] {subprocess.py:78} INFO - + python /home/abd/airflow/code/generatetuple.py mc1 40000 /home/abd/airflow/data/bsm-search/mc1_3.root
[2021-10-10 19:46:02,434] {subprocess.py:82} INFO - Command exited with return code 0
[2021-10-10 19:46:02,445] {taskinstance.py:1212} INFO - Marking task as SUCCESS. dag_id=main, task_id=mc.mc1.generate_group_mc1.generate_mc1_3, execution_date=20211009T000000, start_date=20211010T164601, end_date=20211010T164602
[2021-10-10 19:46:02,455] {local_task_job.py:151} INFO - Task exited with return code 0
[2021-10-10 19:46:02,466] {local_task_job.py:261} INFO - 0 downstream tasks scheduled from follow-on schedule check
[2021-10-10 19:55:53,288] {taskinstance.py:903} INFO - Dependencies all met for <TaskInstance: main.mc.mc1.generate_group_mc1.generate_mc1_3 2021-10-09T00:00:00+00:00 [queued]>
[2021-10-10 19:55:53,295] {taskinstance.py:903} INFO - Dependencies all met for <TaskInstance: main.mc.mc1.generate_group_mc1.generate_mc1_3 2021-10-09T00:00:00+00:00 [queued]>
[2021-10-10 19:55:53,295] {taskinstance.py:1095} INFO - 
--------------------------------------------------------------------------------
[2021-10-10 19:55:53,295] {taskinstance.py:1096} INFO - Starting attempt 1 of 2
[2021-10-10 19:55:53,295] {taskinstance.py:1097} INFO - 
--------------------------------------------------------------------------------
[2021-10-10 19:55:53,303] {taskinstance.py:1115} INFO - Executing <Task(BashOperator): mc.mc1.generate_group_mc1.generate_mc1_3> on 2021-10-09T00:00:00+00:00
[2021-10-10 19:55:53,304] {standard_task_runner.py:52} INFO - Started process 62715 to run task
[2021-10-10 19:55:53,307] {standard_task_runner.py:76} INFO - Running: ['airflow', 'tasks', 'run', 'main', 'mc.mc1.generate_group_mc1.generate_mc1_3', '2021-10-09T00:00:00+00:00', '--job-id', '575', '--pool', 'default_pool', '--raw', '--subdir', 'DAGS_FOLDER/main.py', '--cfg-path', '/tmp/tmpjnr96fl7', '--error-file', '/tmp/tmpr4pi6onn']
[2021-10-10 19:55:53,307] {standard_task_runner.py:77} INFO - Job 575: Subtask mc.mc1.generate_group_mc1.generate_mc1_3
[2021-10-10 19:55:53,327] {logging_mixin.py:109} INFO - Running <TaskInstance: main.mc.mc1.generate_group_mc1.generate_mc1_3 2021-10-09T00:00:00+00:00 [running]> on host abd
[2021-10-10 19:55:53,351] {taskinstance.py:1252} INFO - Exporting the following env vars:
AIRFLOW_CTX_DAG_OWNER=admin
AIRFLOW_CTX_DAG_ID=main
AIRFLOW_CTX_TASK_ID=mc.mc1.generate_group_mc1.generate_mc1_3
AIRFLOW_CTX_EXECUTION_DATE=2021-10-09T00:00:00+00:00
AIRFLOW_CTX_DAG_RUN_ID=scheduled__2021-10-09T00:00:00+00:00
[2021-10-10 19:55:53,351] {subprocess.py:52} INFO - Tmp dir root location: 
 /tmp
[2021-10-10 19:55:53,352] {subprocess.py:63} INFO - Running command: ['bash', '-c', '\n            set -x\n            source ${thisroot}/thisroot.sh\n            pwd\n            python ${code}/generatetuple.py ${type} ${nevents} ${base_dir}/${type}_${jobnumber}.root\n            ']
[2021-10-10 19:55:53,355] {subprocess.py:74} INFO - Output:
[2021-10-10 19:55:53,356] {subprocess.py:78} INFO - + source /home/abd/root/root/bin/thisroot.sh
[2021-10-10 19:55:53,356] {subprocess.py:78} INFO - ++ '[' -n '' ']'
[2021-10-10 19:55:53,356] {subprocess.py:78} INFO - ++ SOURCE=/home/abd/root/root/bin/thisroot.sh
[2021-10-10 19:55:53,356] {subprocess.py:78} INFO - ++ '[' x/home/abd/root/root/bin/thisroot.sh = x ']'
[2021-10-10 19:55:53,356] {subprocess.py:78} INFO - ++ '[' x/home/abd/root/root/bin/thisroot.sh = x ']'
[2021-10-10 19:55:53,357] {subprocess.py:78} INFO - +++ dirname /home/abd/root/root/bin/thisroot.sh
[2021-10-10 19:55:53,357] {subprocess.py:78} INFO - ++ thisroot=/home/abd/root/root/bin
[2021-10-10 19:55:53,357] {subprocess.py:78} INFO - +++ cd /home/abd/root/root/bin/..
[2021-10-10 19:55:53,357] {subprocess.py:78} INFO - +++ pwd
[2021-10-10 19:55:53,358] {subprocess.py:78} INFO - ++ ROOTSYS=/home/abd/root/root
[2021-10-10 19:55:53,358] {subprocess.py:78} INFO - ++ export ROOTSYS
[2021-10-10 19:55:53,358] {subprocess.py:78} INFO - ++ clean_environment
[2021-10-10 19:55:53,358] {subprocess.py:78} INFO - ++ '[' -n '' ']'
[2021-10-10 19:55:53,358] {subprocess.py:78} INFO - ++ '[' -z '' ']'
[2021-10-10 19:55:53,358] {subprocess.py:78} INFO - ++ command -v manpath
[2021-10-10 19:55:53,358] {subprocess.py:78} INFO - +++ manpath
[2021-10-10 19:55:53,359] {subprocess.py:78} INFO - manpath: warning: $PATH not set
[2021-10-10 19:55:53,359] {subprocess.py:78} INFO - ++ default_manpath=/usr/share/man:/usr/local/share/man
[2021-10-10 19:55:53,359] {subprocess.py:78} INFO - ++ set_environment
[2021-10-10 19:55:53,359] {subprocess.py:78} INFO - ++ '[' -z /usr/local/sbin:/usr/local/bin:/usr/sbin:/usr/bin:/sbin:/bin ']'
[2021-10-10 19:55:53,359] {subprocess.py:78} INFO - ++ PATH=/home/abd/root/root/bin:/usr/local/sbin:/usr/local/bin:/usr/sbin:/usr/bin:/sbin:/bin
[2021-10-10 19:55:53,359] {subprocess.py:78} INFO - ++ export PATH
[2021-10-10 19:55:53,359] {subprocess.py:78} INFO - ++ '[' -z '' ']'
[2021-10-10 19:55:53,359] {subprocess.py:78} INFO - ++ LD_LIBRARY_PATH=/home/abd/root/root/lib
[2021-10-10 19:55:53,359] {subprocess.py:78} INFO - ++ export LD_LIBRARY_PATH
[2021-10-10 19:55:53,359] {subprocess.py:78} INFO - ++ '[' -z '' ']'
[2021-10-10 19:55:53,359] {subprocess.py:78} INFO - ++ DYLD_LIBRARY_PATH=/home/abd/root/root/lib
[2021-10-10 19:55:53,359] {subprocess.py:78} INFO - ++ export DYLD_LIBRARY_PATH
[2021-10-10 19:55:53,359] {subprocess.py:78} INFO - ++ '[' -z '' ']'
[2021-10-10 19:55:53,359] {subprocess.py:78} INFO - ++ SHLIB_PATH=/home/abd/root/root/lib
[2021-10-10 19:55:53,359] {subprocess.py:78} INFO - ++ export SHLIB_PATH
[2021-10-10 19:55:53,359] {subprocess.py:78} INFO - ++ '[' -z '' ']'
[2021-10-10 19:55:53,359] {subprocess.py:78} INFO - ++ LIBPATH=/home/abd/root/root/lib
[2021-10-10 19:55:53,359] {subprocess.py:78} INFO - ++ export LIBPATH
[2021-10-10 19:55:53,359] {subprocess.py:78} INFO - ++ '[' -z '' ']'
[2021-10-10 19:55:53,359] {subprocess.py:78} INFO - ++ PYTHONPATH=/home/abd/root/root/lib
[2021-10-10 19:55:53,359] {subprocess.py:78} INFO - ++ export PYTHONPATH
[2021-10-10 19:55:53,359] {subprocess.py:78} INFO - ++ '[' -z '' ']'
[2021-10-10 19:55:53,359] {subprocess.py:78} INFO - ++ MANPATH=/home/abd/root/root/man:/usr/share/man:/usr/local/share/man
[2021-10-10 19:55:53,359] {subprocess.py:78} INFO - ++ export MANPATH
[2021-10-10 19:55:53,360] {subprocess.py:78} INFO - ++ '[' -z '' ']'
[2021-10-10 19:55:53,360] {subprocess.py:78} INFO - ++ CMAKE_PREFIX_PATH=/home/abd/root/root
[2021-10-10 19:55:53,360] {subprocess.py:78} INFO - ++ export CMAKE_PREFIX_PATH
[2021-10-10 19:55:53,360] {subprocess.py:78} INFO - ++ '[' -z '' ']'
[2021-10-10 19:55:53,360] {subprocess.py:78} INFO - ++ JUPYTER_PATH=/home/abd/root/root/etc/notebook
[2021-10-10 19:55:53,360] {subprocess.py:78} INFO - ++ export JUPYTER_PATH
[2021-10-10 19:55:53,360] {subprocess.py:78} INFO - ++ '[' -z '' ']'
[2021-10-10 19:55:53,360] {subprocess.py:78} INFO - ++ JUPYTER_CONFIG_DIR=/home/abd/root/root/etc/notebook
[2021-10-10 19:55:53,360] {subprocess.py:78} INFO - ++ export JUPYTER_CONFIG_DIR
[2021-10-10 19:55:53,360] {subprocess.py:78} INFO - ++ export CLING_STANDARD_PCH=none
[2021-10-10 19:55:53,360] {subprocess.py:78} INFO - ++ CLING_STANDARD_PCH=none
[2021-10-10 19:55:53,360] {subprocess.py:78} INFO - +++ root-config --arch
[2021-10-10 19:55:53,360] {subprocess.py:78} INFO - +++ grep -v win32gcc
[2021-10-10 19:55:53,360] {subprocess.py:78} INFO - +++ grep -i win32
[2021-10-10 19:55:53,370] {subprocess.py:78} INFO - ++ '[' x '!=' x ']'
[2021-10-10 19:55:53,370] {subprocess.py:78} INFO - ++ unset old_rootsys
[2021-10-10 19:55:53,370] {subprocess.py:78} INFO - ++ unset thisroot
[2021-10-10 19:55:53,370] {subprocess.py:78} INFO - ++ unset -f drop_from_path
[2021-10-10 19:55:53,370] {subprocess.py:78} INFO - ++ unset -f clean_environment
[2021-10-10 19:55:53,370] {subprocess.py:78} INFO - ++ unset -f set_environment
[2021-10-10 19:55:53,370] {subprocess.py:78} INFO - + pwd
[2021-10-10 19:55:53,370] {subprocess.py:78} INFO - /tmp/airflowtmpr5p0o_4g
[2021-10-10 19:55:53,370] {subprocess.py:78} INFO - + python /home/abd/airflow/code/generatetuple.py mc1 40000 /home/abd/airflow/data/bsm-search/mc1_3.root
[2021-10-10 19:55:54,473] {subprocess.py:82} INFO - Command exited with return code 0
[2021-10-10 19:55:54,488] {taskinstance.py:1212} INFO - Marking task as SUCCESS. dag_id=main, task_id=mc.mc1.generate_group_mc1.generate_mc1_3, execution_date=20211009T000000, start_date=20211010T165553, end_date=20211010T165554
[2021-10-10 19:55:54,521] {local_task_job.py:151} INFO - Task exited with return code 0
[2021-10-10 19:55:54,532] {local_task_job.py:261} INFO - 0 downstream tasks scheduled from follow-on schedule check
[2021-10-10 20:17:25,204] {taskinstance.py:903} INFO - Dependencies all met for <TaskInstance: main.mc.mc1.generate_group_mc1.generate_mc1_3 2021-10-09T00:00:00+00:00 [queued]>
[2021-10-10 20:17:25,210] {taskinstance.py:903} INFO - Dependencies all met for <TaskInstance: main.mc.mc1.generate_group_mc1.generate_mc1_3 2021-10-09T00:00:00+00:00 [queued]>
[2021-10-10 20:17:25,210] {taskinstance.py:1095} INFO - 
--------------------------------------------------------------------------------
[2021-10-10 20:17:25,210] {taskinstance.py:1096} INFO - Starting attempt 1 of 2
[2021-10-10 20:17:25,210] {taskinstance.py:1097} INFO - 
--------------------------------------------------------------------------------
[2021-10-10 20:17:25,218] {taskinstance.py:1115} INFO - Executing <Task(BashOperator): mc.mc1.generate_group_mc1.generate_mc1_3> on 2021-10-09T00:00:00+00:00
[2021-10-10 20:17:25,220] {standard_task_runner.py:52} INFO - Started process 9725 to run task
[2021-10-10 20:17:25,224] {standard_task_runner.py:76} INFO - Running: ['airflow', 'tasks', 'run', 'main', 'mc.mc1.generate_group_mc1.generate_mc1_3', '2021-10-09T00:00:00+00:00', '--job-id', '576', '--pool', 'default_pool', '--raw', '--subdir', 'DAGS_FOLDER/main.py', '--cfg-path', '/tmp/tmph3fbnxmj', '--error-file', '/tmp/tmp77r17fn0']
[2021-10-10 20:17:25,225] {standard_task_runner.py:77} INFO - Job 576: Subtask mc.mc1.generate_group_mc1.generate_mc1_3
[2021-10-10 20:17:25,244] {logging_mixin.py:109} INFO - Running <TaskInstance: main.mc.mc1.generate_group_mc1.generate_mc1_3 2021-10-09T00:00:00+00:00 [running]> on host abd
[2021-10-10 20:17:25,269] {taskinstance.py:1252} INFO - Exporting the following env vars:
AIRFLOW_CTX_DAG_OWNER=admin
AIRFLOW_CTX_DAG_ID=main
AIRFLOW_CTX_TASK_ID=mc.mc1.generate_group_mc1.generate_mc1_3
AIRFLOW_CTX_EXECUTION_DATE=2021-10-09T00:00:00+00:00
AIRFLOW_CTX_DAG_RUN_ID=scheduled__2021-10-09T00:00:00+00:00
[2021-10-10 20:17:25,269] {subprocess.py:52} INFO - Tmp dir root location: 
 /tmp
[2021-10-10 20:17:25,270] {subprocess.py:63} INFO - Running command: ['bash', '-c', '\n            set -x\n            source ${thisroot}/thisroot.sh\n            pwd\n            python ${code}/generatetuple.py ${type} ${nevents} ${base_dir}/${type}_${jobnumber}.root\n            ']
[2021-10-10 20:17:25,273] {subprocess.py:74} INFO - Output:
[2021-10-10 20:17:25,274] {subprocess.py:78} INFO - + source /home/abd/root/root/bin/thisroot.sh
[2021-10-10 20:17:25,274] {subprocess.py:78} INFO - ++ '[' -n '' ']'
[2021-10-10 20:17:25,274] {subprocess.py:78} INFO - ++ SOURCE=/home/abd/root/root/bin/thisroot.sh
[2021-10-10 20:17:25,274] {subprocess.py:78} INFO - ++ '[' x/home/abd/root/root/bin/thisroot.sh = x ']'
[2021-10-10 20:17:25,274] {subprocess.py:78} INFO - ++ '[' x/home/abd/root/root/bin/thisroot.sh = x ']'
[2021-10-10 20:17:25,275] {subprocess.py:78} INFO - +++ dirname /home/abd/root/root/bin/thisroot.sh
[2021-10-10 20:17:25,275] {subprocess.py:78} INFO - ++ thisroot=/home/abd/root/root/bin
[2021-10-10 20:17:25,275] {subprocess.py:78} INFO - +++ cd /home/abd/root/root/bin/..
[2021-10-10 20:17:25,275] {subprocess.py:78} INFO - +++ pwd
[2021-10-10 20:17:25,276] {subprocess.py:78} INFO - ++ ROOTSYS=/home/abd/root/root
[2021-10-10 20:17:25,276] {subprocess.py:78} INFO - ++ export ROOTSYS
[2021-10-10 20:17:25,276] {subprocess.py:78} INFO - ++ clean_environment
[2021-10-10 20:17:25,276] {subprocess.py:78} INFO - ++ '[' -n '' ']'
[2021-10-10 20:17:25,276] {subprocess.py:78} INFO - ++ '[' -z '' ']'
[2021-10-10 20:17:25,276] {subprocess.py:78} INFO - ++ command -v manpath
[2021-10-10 20:17:25,276] {subprocess.py:78} INFO - +++ manpath
[2021-10-10 20:17:25,277] {subprocess.py:78} INFO - manpath: warning: $PATH not set
[2021-10-10 20:17:25,277] {subprocess.py:78} INFO - ++ default_manpath=/usr/share/man:/usr/local/share/man
[2021-10-10 20:17:25,277] {subprocess.py:78} INFO - ++ set_environment
[2021-10-10 20:17:25,277] {subprocess.py:78} INFO - ++ '[' -z /usr/local/sbin:/usr/local/bin:/usr/sbin:/usr/bin:/sbin:/bin ']'
[2021-10-10 20:17:25,277] {subprocess.py:78} INFO - ++ PATH=/home/abd/root/root/bin:/usr/local/sbin:/usr/local/bin:/usr/sbin:/usr/bin:/sbin:/bin
[2021-10-10 20:17:25,277] {subprocess.py:78} INFO - ++ export PATH
[2021-10-10 20:17:25,277] {subprocess.py:78} INFO - ++ '[' -z '' ']'
[2021-10-10 20:17:25,277] {subprocess.py:78} INFO - ++ LD_LIBRARY_PATH=/home/abd/root/root/lib
[2021-10-10 20:17:25,277] {subprocess.py:78} INFO - ++ export LD_LIBRARY_PATH
[2021-10-10 20:17:25,277] {subprocess.py:78} INFO - ++ '[' -z '' ']'
[2021-10-10 20:17:25,277] {subprocess.py:78} INFO - ++ DYLD_LIBRARY_PATH=/home/abd/root/root/lib
[2021-10-10 20:17:25,277] {subprocess.py:78} INFO - ++ export DYLD_LIBRARY_PATH
[2021-10-10 20:17:25,277] {subprocess.py:78} INFO - ++ '[' -z '' ']'
[2021-10-10 20:17:25,277] {subprocess.py:78} INFO - ++ SHLIB_PATH=/home/abd/root/root/lib
[2021-10-10 20:17:25,277] {subprocess.py:78} INFO - ++ export SHLIB_PATH
[2021-10-10 20:17:25,277] {subprocess.py:78} INFO - ++ '[' -z '' ']'
[2021-10-10 20:17:25,277] {subprocess.py:78} INFO - ++ LIBPATH=/home/abd/root/root/lib
[2021-10-10 20:17:25,277] {subprocess.py:78} INFO - ++ export LIBPATH
[2021-10-10 20:17:25,277] {subprocess.py:78} INFO - ++ '[' -z '' ']'
[2021-10-10 20:17:25,277] {subprocess.py:78} INFO - ++ PYTHONPATH=/home/abd/root/root/lib
[2021-10-10 20:17:25,277] {subprocess.py:78} INFO - ++ export PYTHONPATH
[2021-10-10 20:17:25,277] {subprocess.py:78} INFO - ++ '[' -z '' ']'
[2021-10-10 20:17:25,277] {subprocess.py:78} INFO - ++ MANPATH=/home/abd/root/root/man:/usr/share/man:/usr/local/share/man
[2021-10-10 20:17:25,277] {subprocess.py:78} INFO - ++ export MANPATH
[2021-10-10 20:17:25,278] {subprocess.py:78} INFO - ++ '[' -z '' ']'
[2021-10-10 20:17:25,278] {subprocess.py:78} INFO - ++ CMAKE_PREFIX_PATH=/home/abd/root/root
[2021-10-10 20:17:25,278] {subprocess.py:78} INFO - ++ export CMAKE_PREFIX_PATH
[2021-10-10 20:17:25,278] {subprocess.py:78} INFO - ++ '[' -z '' ']'
[2021-10-10 20:17:25,278] {subprocess.py:78} INFO - ++ JUPYTER_PATH=/home/abd/root/root/etc/notebook
[2021-10-10 20:17:25,278] {subprocess.py:78} INFO - ++ export JUPYTER_PATH
[2021-10-10 20:17:25,278] {subprocess.py:78} INFO - ++ '[' -z '' ']'
[2021-10-10 20:17:25,278] {subprocess.py:78} INFO - ++ JUPYTER_CONFIG_DIR=/home/abd/root/root/etc/notebook
[2021-10-10 20:17:25,278] {subprocess.py:78} INFO - ++ export JUPYTER_CONFIG_DIR
[2021-10-10 20:17:25,278] {subprocess.py:78} INFO - ++ export CLING_STANDARD_PCH=none
[2021-10-10 20:17:25,278] {subprocess.py:78} INFO - ++ CLING_STANDARD_PCH=none
[2021-10-10 20:17:25,278] {subprocess.py:78} INFO - +++ root-config --arch
[2021-10-10 20:17:25,278] {subprocess.py:78} INFO - +++ grep -v win32gcc
[2021-10-10 20:17:25,278] {subprocess.py:78} INFO - +++ grep -i win32
[2021-10-10 20:17:25,288] {subprocess.py:78} INFO - ++ '[' x '!=' x ']'
[2021-10-10 20:17:25,288] {subprocess.py:78} INFO - ++ unset old_rootsys
[2021-10-10 20:17:25,288] {subprocess.py:78} INFO - ++ unset thisroot
[2021-10-10 20:17:25,288] {subprocess.py:78} INFO - ++ unset -f drop_from_path
[2021-10-10 20:17:25,288] {subprocess.py:78} INFO - ++ unset -f clean_environment
[2021-10-10 20:17:25,288] {subprocess.py:78} INFO - ++ unset -f set_environment
[2021-10-10 20:17:25,288] {subprocess.py:78} INFO - + pwd
[2021-10-10 20:17:25,288] {subprocess.py:78} INFO - /tmp/airflowtmp8xow28y2
[2021-10-10 20:17:25,288] {subprocess.py:78} INFO - + python /home/abd/airflow/code/generatetuple.py mc1 40000 /home/abd/airflow/data/bsm-search/mc1_3.root
[2021-10-10 20:17:26,355] {subprocess.py:82} INFO - Command exited with return code 0
[2021-10-10 20:17:26,367] {taskinstance.py:1212} INFO - Marking task as SUCCESS. dag_id=main, task_id=mc.mc1.generate_group_mc1.generate_mc1_3, execution_date=20211009T000000, start_date=20211010T171725, end_date=20211010T171726
[2021-10-10 20:17:26,399] {local_task_job.py:151} INFO - Task exited with return code 0
[2021-10-10 20:17:26,410] {local_task_job.py:261} INFO - 0 downstream tasks scheduled from follow-on schedule check
[2021-10-10 20:36:48,156] {taskinstance.py:903} INFO - Dependencies all met for <TaskInstance: main.mc.mc1.generate_group_mc1.generate_mc1_3 2021-10-09T00:00:00+00:00 [queued]>
[2021-10-10 20:36:48,162] {taskinstance.py:903} INFO - Dependencies all met for <TaskInstance: main.mc.mc1.generate_group_mc1.generate_mc1_3 2021-10-09T00:00:00+00:00 [queued]>
[2021-10-10 20:36:48,162] {taskinstance.py:1095} INFO - 
--------------------------------------------------------------------------------
[2021-10-10 20:36:48,162] {taskinstance.py:1096} INFO - Starting attempt 1 of 2
[2021-10-10 20:36:48,162] {taskinstance.py:1097} INFO - 
--------------------------------------------------------------------------------
[2021-10-10 20:36:48,169] {taskinstance.py:1115} INFO - Executing <Task(BashOperator): mc.mc1.generate_group_mc1.generate_mc1_3> on 2021-10-09T00:00:00+00:00
[2021-10-10 20:36:48,171] {standard_task_runner.py:52} INFO - Started process 14275 to run task
[2021-10-10 20:36:48,174] {standard_task_runner.py:76} INFO - Running: ['airflow', 'tasks', 'run', 'main', 'mc.mc1.generate_group_mc1.generate_mc1_3', '2021-10-09T00:00:00+00:00', '--job-id', '576', '--pool', 'default_pool', '--raw', '--subdir', 'DAGS_FOLDER/main.py', '--cfg-path', '/tmp/tmp7ltsu6wn', '--error-file', '/tmp/tmp3wispv6z']
[2021-10-10 20:36:48,175] {standard_task_runner.py:77} INFO - Job 576: Subtask mc.mc1.generate_group_mc1.generate_mc1_3
[2021-10-10 20:36:48,194] {logging_mixin.py:109} INFO - Running <TaskInstance: main.mc.mc1.generate_group_mc1.generate_mc1_3 2021-10-09T00:00:00+00:00 [running]> on host abd
[2021-10-10 20:36:48,219] {taskinstance.py:1252} INFO - Exporting the following env vars:
AIRFLOW_CTX_DAG_OWNER=admin
AIRFLOW_CTX_DAG_ID=main
AIRFLOW_CTX_TASK_ID=mc.mc1.generate_group_mc1.generate_mc1_3
AIRFLOW_CTX_EXECUTION_DATE=2021-10-09T00:00:00+00:00
AIRFLOW_CTX_DAG_RUN_ID=scheduled__2021-10-09T00:00:00+00:00
[2021-10-10 20:36:48,220] {subprocess.py:52} INFO - Tmp dir root location: 
 /tmp
[2021-10-10 20:36:48,220] {subprocess.py:63} INFO - Running command: ['bash', '-c', '\n            set -x\n            source ${thisroot}/thisroot.sh\n            pwd\n            python ${code}/generatetuple.py ${type} ${nevents} ${base_dir}/${type}_${jobnumber}.root\n            ']
[2021-10-10 20:36:48,223] {subprocess.py:74} INFO - Output:
[2021-10-10 20:36:48,224] {subprocess.py:78} INFO - + source /home/abd/root/root/bin/thisroot.sh
[2021-10-10 20:36:48,225] {subprocess.py:78} INFO - ++ '[' -n '' ']'
[2021-10-10 20:36:48,225] {subprocess.py:78} INFO - ++ SOURCE=/home/abd/root/root/bin/thisroot.sh
[2021-10-10 20:36:48,225] {subprocess.py:78} INFO - ++ '[' x/home/abd/root/root/bin/thisroot.sh = x ']'
[2021-10-10 20:36:48,225] {subprocess.py:78} INFO - ++ '[' x/home/abd/root/root/bin/thisroot.sh = x ']'
[2021-10-10 20:36:48,225] {subprocess.py:78} INFO - +++ dirname /home/abd/root/root/bin/thisroot.sh
[2021-10-10 20:36:48,226] {subprocess.py:78} INFO - ++ thisroot=/home/abd/root/root/bin
[2021-10-10 20:36:48,226] {subprocess.py:78} INFO - +++ cd /home/abd/root/root/bin/..
[2021-10-10 20:36:48,226] {subprocess.py:78} INFO - +++ pwd
[2021-10-10 20:36:48,226] {subprocess.py:78} INFO - ++ ROOTSYS=/home/abd/root/root
[2021-10-10 20:36:48,226] {subprocess.py:78} INFO - ++ export ROOTSYS
[2021-10-10 20:36:48,226] {subprocess.py:78} INFO - ++ clean_environment
[2021-10-10 20:36:48,226] {subprocess.py:78} INFO - ++ '[' -n '' ']'
[2021-10-10 20:36:48,226] {subprocess.py:78} INFO - ++ '[' -z '' ']'
[2021-10-10 20:36:48,226] {subprocess.py:78} INFO - ++ command -v manpath
[2021-10-10 20:36:48,226] {subprocess.py:78} INFO - +++ manpath
[2021-10-10 20:36:48,227] {subprocess.py:78} INFO - manpath: warning: $PATH not set
[2021-10-10 20:36:48,227] {subprocess.py:78} INFO - ++ default_manpath=/usr/share/man:/usr/local/share/man
[2021-10-10 20:36:48,227] {subprocess.py:78} INFO - ++ set_environment
[2021-10-10 20:36:48,227] {subprocess.py:78} INFO - ++ '[' -z /usr/local/sbin:/usr/local/bin:/usr/sbin:/usr/bin:/sbin:/bin ']'
[2021-10-10 20:36:48,227] {subprocess.py:78} INFO - ++ PATH=/home/abd/root/root/bin:/usr/local/sbin:/usr/local/bin:/usr/sbin:/usr/bin:/sbin:/bin
[2021-10-10 20:36:48,227] {subprocess.py:78} INFO - ++ export PATH
[2021-10-10 20:36:48,227] {subprocess.py:78} INFO - ++ '[' -z '' ']'
[2021-10-10 20:36:48,227] {subprocess.py:78} INFO - ++ LD_LIBRARY_PATH=/home/abd/root/root/lib
[2021-10-10 20:36:48,227] {subprocess.py:78} INFO - ++ export LD_LIBRARY_PATH
[2021-10-10 20:36:48,227] {subprocess.py:78} INFO - ++ '[' -z '' ']'
[2021-10-10 20:36:48,227] {subprocess.py:78} INFO - ++ DYLD_LIBRARY_PATH=/home/abd/root/root/lib
[2021-10-10 20:36:48,227] {subprocess.py:78} INFO - ++ export DYLD_LIBRARY_PATH
[2021-10-10 20:36:48,227] {subprocess.py:78} INFO - ++ '[' -z '' ']'
[2021-10-10 20:36:48,228] {subprocess.py:78} INFO - ++ SHLIB_PATH=/home/abd/root/root/lib
[2021-10-10 20:36:48,228] {subprocess.py:78} INFO - ++ export SHLIB_PATH
[2021-10-10 20:36:48,228] {subprocess.py:78} INFO - ++ '[' -z '' ']'
[2021-10-10 20:36:48,228] {subprocess.py:78} INFO - ++ LIBPATH=/home/abd/root/root/lib
[2021-10-10 20:36:48,228] {subprocess.py:78} INFO - ++ export LIBPATH
[2021-10-10 20:36:48,228] {subprocess.py:78} INFO - ++ '[' -z '' ']'
[2021-10-10 20:36:48,228] {subprocess.py:78} INFO - ++ PYTHONPATH=/home/abd/root/root/lib
[2021-10-10 20:36:48,228] {subprocess.py:78} INFO - ++ export PYTHONPATH
[2021-10-10 20:36:48,228] {subprocess.py:78} INFO - ++ '[' -z '' ']'
[2021-10-10 20:36:48,228] {subprocess.py:78} INFO - ++ MANPATH=/home/abd/root/root/man:/usr/share/man:/usr/local/share/man
[2021-10-10 20:36:48,228] {subprocess.py:78} INFO - ++ export MANPATH
[2021-10-10 20:36:48,228] {subprocess.py:78} INFO - ++ '[' -z '' ']'
[2021-10-10 20:36:48,228] {subprocess.py:78} INFO - ++ CMAKE_PREFIX_PATH=/home/abd/root/root
[2021-10-10 20:36:48,228] {subprocess.py:78} INFO - ++ export CMAKE_PREFIX_PATH
[2021-10-10 20:36:48,228] {subprocess.py:78} INFO - ++ '[' -z '' ']'
[2021-10-10 20:36:48,228] {subprocess.py:78} INFO - ++ JUPYTER_PATH=/home/abd/root/root/etc/notebook
[2021-10-10 20:36:48,228] {subprocess.py:78} INFO - ++ export JUPYTER_PATH
[2021-10-10 20:36:48,228] {subprocess.py:78} INFO - ++ '[' -z '' ']'
[2021-10-10 20:36:48,228] {subprocess.py:78} INFO - ++ JUPYTER_CONFIG_DIR=/home/abd/root/root/etc/notebook
[2021-10-10 20:36:48,228] {subprocess.py:78} INFO - ++ export JUPYTER_CONFIG_DIR
[2021-10-10 20:36:48,228] {subprocess.py:78} INFO - ++ export CLING_STANDARD_PCH=none
[2021-10-10 20:36:48,228] {subprocess.py:78} INFO - ++ CLING_STANDARD_PCH=none
[2021-10-10 20:36:48,228] {subprocess.py:78} INFO - +++ root-config --arch
[2021-10-10 20:36:48,228] {subprocess.py:78} INFO - +++ grep -v win32gcc
[2021-10-10 20:36:48,229] {subprocess.py:78} INFO - +++ grep -i win32
[2021-10-10 20:36:48,238] {subprocess.py:78} INFO - ++ '[' x '!=' x ']'
[2021-10-10 20:36:48,238] {subprocess.py:78} INFO - ++ unset old_rootsys
[2021-10-10 20:36:48,238] {subprocess.py:78} INFO - ++ unset thisroot
[2021-10-10 20:36:48,238] {subprocess.py:78} INFO - ++ unset -f drop_from_path
[2021-10-10 20:36:48,238] {subprocess.py:78} INFO - ++ unset -f clean_environment
[2021-10-10 20:36:48,238] {subprocess.py:78} INFO - ++ unset -f set_environment
[2021-10-10 20:36:48,238] {subprocess.py:78} INFO - + pwd
[2021-10-10 20:36:48,239] {subprocess.py:78} INFO - /tmp/airflowtmpsrhn7jf5
[2021-10-10 20:36:48,239] {subprocess.py:78} INFO - + python /home/abd/airflow/code/generatetuple.py mc1 40000 /home/abd/airflow/data/bsm-search/mc1_3.root
[2021-10-10 20:36:49,329] {subprocess.py:82} INFO - Command exited with return code 0
[2021-10-10 20:36:49,341] {taskinstance.py:1212} INFO - Marking task as SUCCESS. dag_id=main, task_id=mc.mc1.generate_group_mc1.generate_mc1_3, execution_date=20211009T000000, start_date=20211010T173648, end_date=20211010T173649
[2021-10-10 20:36:49,388] {local_task_job.py:151} INFO - Task exited with return code 0
[2021-10-10 20:36:49,405] {local_task_job.py:261} INFO - 0 downstream tasks scheduled from follow-on schedule check
