[2021-10-10 17:06:02,572] {taskinstance.py:903} INFO - Dependencies all met for <TaskInstance: example_task_group_decorator.task_group_function__2.task_1 2021-10-09T00:00:00+00:00 [queued]>
[2021-10-10 17:06:02,580] {taskinstance.py:903} INFO - Dependencies all met for <TaskInstance: example_task_group_decorator.task_group_function__2.task_1 2021-10-09T00:00:00+00:00 [queued]>
[2021-10-10 17:06:02,580] {taskinstance.py:1095} INFO - 
--------------------------------------------------------------------------------
[2021-10-10 17:06:02,580] {taskinstance.py:1096} INFO - Starting attempt 1 of 1
[2021-10-10 17:06:02,580] {taskinstance.py:1097} INFO - 
--------------------------------------------------------------------------------
[2021-10-10 17:06:02,588] {taskinstance.py:1115} INFO - Executing <Task(_PythonDecoratedOperator): task_group_function__2.task_1> on 2021-10-09T00:00:00+00:00
[2021-10-10 17:06:02,590] {standard_task_runner.py:52} INFO - Started process 15783 to run task
[2021-10-10 17:06:02,594] {standard_task_runner.py:76} INFO - Running: ['airflow', 'tasks', 'run', 'example_task_group_decorator', 'task_group_function__2.task_1', '2021-10-09T00:00:00+00:00', '--job-id', '38', '--pool', 'default_pool', '--raw', '--subdir', '/usr/local/lib/python3.8/dist-packages/airflow/example_dags/example_task_group_decorator.py', '--cfg-path', '/tmp/tmpy7l1_4lh', '--error-file', '/tmp/tmpacxiqbt_']
[2021-10-10 17:06:02,595] {standard_task_runner.py:77} INFO - Job 38: Subtask task_group_function__2.task_1
[2021-10-10 17:06:02,662] {logging_mixin.py:109} INFO - Running <TaskInstance: example_task_group_decorator.task_group_function__2.task_1 2021-10-09T00:00:00+00:00 [running]> on host abd
[2021-10-10 17:06:02,697] {taskinstance.py:1252} INFO - Exporting the following env vars:
AIRFLOW_CTX_DAG_OWNER=airflow
AIRFLOW_CTX_DAG_ID=example_task_group_decorator
AIRFLOW_CTX_TASK_ID=task_group_function__2.task_1
AIRFLOW_CTX_EXECUTION_DATE=2021-10-09T00:00:00+00:00
AIRFLOW_CTX_DAG_RUN_ID=scheduled__2021-10-09T00:00:00+00:00
[2021-10-10 17:06:02,698] {python.py:151} INFO - Done. Returned value was: [ Task1 2 ]
[2021-10-10 17:06:02,710] {taskinstance.py:1212} INFO - Marking task as SUCCESS. dag_id=example_task_group_decorator, task_id=task_group_function__2.task_1, execution_date=20211009T000000, start_date=20211010T140602, end_date=20211010T140602
[2021-10-10 17:06:02,725] {local_task_job.py:151} INFO - Task exited with return code 0
[2021-10-10 17:06:02,781] {local_task_job.py:261} INFO - 1 downstream tasks scheduled from follow-on schedule check
