[2021-10-10 17:18:31,519] {taskinstance.py:903} INFO - Dependencies all met for <TaskInstance: main.mc.mc1.generate_group_mc1.generate_mc1_4 2021-10-09T00:00:00+00:00 [queued]>
[2021-10-10 17:18:31,525] {taskinstance.py:903} INFO - Dependencies all met for <TaskInstance: main.mc.mc1.generate_group_mc1.generate_mc1_4 2021-10-09T00:00:00+00:00 [queued]>
[2021-10-10 17:18:31,525] {taskinstance.py:1095} INFO - 
--------------------------------------------------------------------------------
[2021-10-10 17:18:31,525] {taskinstance.py:1096} INFO - Starting attempt 1 of 2
[2021-10-10 17:18:31,525] {taskinstance.py:1097} INFO - 
--------------------------------------------------------------------------------
[2021-10-10 17:18:31,533] {taskinstance.py:1115} INFO - Executing <Task(BashOperator): mc.mc1.generate_group_mc1.generate_mc1_4> on 2021-10-09T00:00:00+00:00
[2021-10-10 17:18:31,535] {standard_task_runner.py:52} INFO - Started process 19796 to run task
[2021-10-10 17:18:31,538] {standard_task_runner.py:76} INFO - Running: ['airflow', 'tasks', 'run', 'main', 'mc.mc1.generate_group_mc1.generate_mc1_4', '2021-10-09T00:00:00+00:00', '--job-id', '575', '--pool', 'default_pool', '--raw', '--subdir', 'DAGS_FOLDER/main.py', '--cfg-path', '/tmp/tmpnxwsdah8', '--error-file', '/tmp/tmp68igjmlq']
[2021-10-10 17:18:31,538] {standard_task_runner.py:77} INFO - Job 575: Subtask mc.mc1.generate_group_mc1.generate_mc1_4
[2021-10-10 17:18:31,557] {logging_mixin.py:109} INFO - Running <TaskInstance: main.mc.mc1.generate_group_mc1.generate_mc1_4 2021-10-09T00:00:00+00:00 [running]> on host abd
[2021-10-10 17:18:31,585] {taskinstance.py:1252} INFO - Exporting the following env vars:
AIRFLOW_CTX_DAG_OWNER=admin
AIRFLOW_CTX_DAG_ID=main
AIRFLOW_CTX_TASK_ID=mc.mc1.generate_group_mc1.generate_mc1_4
AIRFLOW_CTX_EXECUTION_DATE=2021-10-09T00:00:00+00:00
AIRFLOW_CTX_DAG_RUN_ID=scheduled__2021-10-09T00:00:00+00:00
[2021-10-10 17:18:31,585] {subprocess.py:52} INFO - Tmp dir root location: 
 /tmp
[2021-10-10 17:18:31,585] {subprocess.py:63} INFO - Running command: ['bash', '-c', '\n            set -x\n            source ${thisroot}/thisroot.sh\n            pwd\n            python ${code}/generatetuple.py ${type} ${nevents} ${base_dir}/${type}_${jobnumber}.root\n            ']
[2021-10-10 17:18:31,589] {subprocess.py:74} INFO - Output:
[2021-10-10 17:18:31,590] {subprocess.py:78} INFO - + source /home/abd/root/root-6.24.06-install/bin/thisroot.sh
[2021-10-10 17:18:31,590] {subprocess.py:78} INFO - bash: line 2: /home/abd/root/root-6.24.06-install/bin/thisroot.sh: No such file or directory
[2021-10-10 17:18:31,590] {subprocess.py:78} INFO - + pwd
[2021-10-10 17:18:31,590] {subprocess.py:78} INFO - /tmp/airflowtmp9_zp_ayq
[2021-10-10 17:18:31,590] {subprocess.py:78} INFO - + python /home/abd/airflow/code/generatetuple.py mc1 40000 /home/abd/airflow/data/bsm-search/mc1_4.root
[2021-10-10 17:18:31,596] {subprocess.py:78} INFO - python: can't open file '/home/abd/airflow/code/generatetuple.py': [Errno 2] No such file or directory
[2021-10-10 17:18:31,597] {subprocess.py:82} INFO - Command exited with return code 2
[2021-10-10 17:18:31,601] {taskinstance.py:1463} ERROR - Task failed with exception
Traceback (most recent call last):
  File "/usr/local/lib/python3.8/dist-packages/airflow/models/taskinstance.py", line 1165, in _run_raw_task
    self._prepare_and_execute_task_with_callbacks(context, task)
  File "/usr/local/lib/python3.8/dist-packages/airflow/models/taskinstance.py", line 1283, in _prepare_and_execute_task_with_callbacks
    result = self._execute_task(context, task_copy)
  File "/usr/local/lib/python3.8/dist-packages/airflow/models/taskinstance.py", line 1313, in _execute_task
    result = task_copy.execute(context=context)
  File "/usr/local/lib/python3.8/dist-packages/airflow/operators/bash.py", line 176, in execute
    raise AirflowException('Bash command failed. The command returned a non-zero exit code.')
airflow.exceptions.AirflowException: Bash command failed. The command returned a non-zero exit code.
[2021-10-10 17:18:31,602] {taskinstance.py:1506} INFO - Marking task as UP_FOR_RETRY. dag_id=main, task_id=mc.mc1.generate_group_mc1.generate_mc1_4, execution_date=20211009T000000, start_date=20211010T141831, end_date=20211010T141831
[2021-10-10 17:18:31,628] {local_task_job.py:151} INFO - Task exited with return code 1
[2021-10-10 17:18:31,640] {local_task_job.py:261} INFO - 0 downstream tasks scheduled from follow-on schedule check
[2021-10-10 17:27:59,191] {taskinstance.py:903} INFO - Dependencies all met for <TaskInstance: main.mc.mc1.generate_group_mc1.generate_mc1_4 2021-10-09T00:00:00+00:00 [queued]>
[2021-10-10 17:27:59,197] {taskinstance.py:903} INFO - Dependencies all met for <TaskInstance: main.mc.mc1.generate_group_mc1.generate_mc1_4 2021-10-09T00:00:00+00:00 [queued]>
[2021-10-10 17:27:59,197] {taskinstance.py:1095} INFO - 
--------------------------------------------------------------------------------
[2021-10-10 17:27:59,197] {taskinstance.py:1096} INFO - Starting attempt 1 of 2
[2021-10-10 17:27:59,197] {taskinstance.py:1097} INFO - 
--------------------------------------------------------------------------------
[2021-10-10 17:27:59,203] {taskinstance.py:1115} INFO - Executing <Task(BashOperator): mc.mc1.generate_group_mc1.generate_mc1_4> on 2021-10-09T00:00:00+00:00
[2021-10-10 17:27:59,205] {standard_task_runner.py:52} INFO - Started process 21518 to run task
[2021-10-10 17:27:59,208] {standard_task_runner.py:76} INFO - Running: ['airflow', 'tasks', 'run', 'main', 'mc.mc1.generate_group_mc1.generate_mc1_4', '2021-10-09T00:00:00+00:00', '--job-id', '575', '--pool', 'default_pool', '--raw', '--subdir', 'DAGS_FOLDER/main.py', '--cfg-path', '/tmp/tmpjbwgitzb', '--error-file', '/tmp/tmphnmn2zlb']
[2021-10-10 17:27:59,209] {standard_task_runner.py:77} INFO - Job 575: Subtask mc.mc1.generate_group_mc1.generate_mc1_4
[2021-10-10 17:27:59,227] {logging_mixin.py:109} INFO - Running <TaskInstance: main.mc.mc1.generate_group_mc1.generate_mc1_4 2021-10-09T00:00:00+00:00 [running]> on host abd
[2021-10-10 17:27:59,251] {taskinstance.py:1252} INFO - Exporting the following env vars:
AIRFLOW_CTX_DAG_OWNER=admin
AIRFLOW_CTX_DAG_ID=main
AIRFLOW_CTX_TASK_ID=mc.mc1.generate_group_mc1.generate_mc1_4
AIRFLOW_CTX_EXECUTION_DATE=2021-10-09T00:00:00+00:00
AIRFLOW_CTX_DAG_RUN_ID=scheduled__2021-10-09T00:00:00+00:00
[2021-10-10 17:27:59,252] {subprocess.py:52} INFO - Tmp dir root location: 
 /tmp
[2021-10-10 17:27:59,252] {subprocess.py:63} INFO - Running command: ['bash', '-c', '\n            set -x\n            source ${thisroot}/thisroot.sh\n            pwd\n            python ${code}/generatetuple.py ${type} ${nevents} ${base_dir}/${type}_${jobnumber}.root\n            ']
[2021-10-10 17:27:59,256] {subprocess.py:74} INFO - Output:
[2021-10-10 17:27:59,257] {subprocess.py:78} INFO - + source /home/abd/root/root-6.24.06-install/bin/thisroot.sh
[2021-10-10 17:27:59,257] {subprocess.py:78} INFO - bash: line 2: /home/abd/root/root-6.24.06-install/bin/thisroot.sh: No such file or directory
[2021-10-10 17:27:59,257] {subprocess.py:78} INFO - + pwd
[2021-10-10 17:27:59,257] {subprocess.py:78} INFO - /tmp/airflowtmppyv37owo
[2021-10-10 17:27:59,257] {subprocess.py:78} INFO - + python /home/abd/airflow/code/generatetuple.py mc1 40000 /home/abd/airflow/data/bsm-search/mc1_4.root
[2021-10-10 17:27:59,264] {subprocess.py:78} INFO - Traceback (most recent call last):
[2021-10-10 17:27:59,264] {subprocess.py:78} INFO -   File "/home/abd/airflow/code/generatetuple.py", line 1, in <module>
[2021-10-10 17:27:59,264] {subprocess.py:78} INFO -     import ROOT
[2021-10-10 17:27:59,264] {subprocess.py:78} INFO - ImportError: No module named ROOT
[2021-10-10 17:27:59,266] {subprocess.py:82} INFO - Command exited with return code 1
[2021-10-10 17:27:59,270] {taskinstance.py:1463} ERROR - Task failed with exception
Traceback (most recent call last):
  File "/usr/local/lib/python3.8/dist-packages/airflow/models/taskinstance.py", line 1165, in _run_raw_task
    self._prepare_and_execute_task_with_callbacks(context, task)
  File "/usr/local/lib/python3.8/dist-packages/airflow/models/taskinstance.py", line 1283, in _prepare_and_execute_task_with_callbacks
    result = self._execute_task(context, task_copy)
  File "/usr/local/lib/python3.8/dist-packages/airflow/models/taskinstance.py", line 1313, in _execute_task
    result = task_copy.execute(context=context)
  File "/usr/local/lib/python3.8/dist-packages/airflow/operators/bash.py", line 176, in execute
    raise AirflowException('Bash command failed. The command returned a non-zero exit code.')
airflow.exceptions.AirflowException: Bash command failed. The command returned a non-zero exit code.
[2021-10-10 17:27:59,271] {taskinstance.py:1506} INFO - Marking task as UP_FOR_RETRY. dag_id=main, task_id=mc.mc1.generate_group_mc1.generate_mc1_4, execution_date=20211009T000000, start_date=20211010T142759, end_date=20211010T142759
[2021-10-10 17:27:59,299] {local_task_job.py:151} INFO - Task exited with return code 1
[2021-10-10 17:27:59,311] {local_task_job.py:261} INFO - 0 downstream tasks scheduled from follow-on schedule check
[2021-10-10 17:31:41,998] {taskinstance.py:903} INFO - Dependencies all met for <TaskInstance: main.mc.mc1.generate_group_mc1.generate_mc1_4 2021-10-09T00:00:00+00:00 [queued]>
[2021-10-10 17:31:42,004] {taskinstance.py:903} INFO - Dependencies all met for <TaskInstance: main.mc.mc1.generate_group_mc1.generate_mc1_4 2021-10-09T00:00:00+00:00 [queued]>
[2021-10-10 17:31:42,004] {taskinstance.py:1095} INFO - 
--------------------------------------------------------------------------------
[2021-10-10 17:31:42,004] {taskinstance.py:1096} INFO - Starting attempt 1 of 2
[2021-10-10 17:31:42,004] {taskinstance.py:1097} INFO - 
--------------------------------------------------------------------------------
[2021-10-10 17:31:42,012] {taskinstance.py:1115} INFO - Executing <Task(BashOperator): mc.mc1.generate_group_mc1.generate_mc1_4> on 2021-10-09T00:00:00+00:00
[2021-10-10 17:31:42,013] {standard_task_runner.py:52} INFO - Started process 22266 to run task
[2021-10-10 17:31:42,016] {standard_task_runner.py:76} INFO - Running: ['airflow', 'tasks', 'run', 'main', 'mc.mc1.generate_group_mc1.generate_mc1_4', '2021-10-09T00:00:00+00:00', '--job-id', '575', '--pool', 'default_pool', '--raw', '--subdir', 'DAGS_FOLDER/main.py', '--cfg-path', '/tmp/tmpz3yrmizy', '--error-file', '/tmp/tmp2y4n29uf']
[2021-10-10 17:31:42,016] {standard_task_runner.py:77} INFO - Job 575: Subtask mc.mc1.generate_group_mc1.generate_mc1_4
[2021-10-10 17:31:42,036] {logging_mixin.py:109} INFO - Running <TaskInstance: main.mc.mc1.generate_group_mc1.generate_mc1_4 2021-10-09T00:00:00+00:00 [running]> on host abd
[2021-10-10 17:31:42,060] {taskinstance.py:1252} INFO - Exporting the following env vars:
AIRFLOW_CTX_DAG_OWNER=admin
AIRFLOW_CTX_DAG_ID=main
AIRFLOW_CTX_TASK_ID=mc.mc1.generate_group_mc1.generate_mc1_4
AIRFLOW_CTX_EXECUTION_DATE=2021-10-09T00:00:00+00:00
AIRFLOW_CTX_DAG_RUN_ID=scheduled__2021-10-09T00:00:00+00:00
[2021-10-10 17:31:42,060] {subprocess.py:52} INFO - Tmp dir root location: 
 /tmp
[2021-10-10 17:31:42,061] {subprocess.py:63} INFO - Running command: ['bash', '-c', '\n            set -x\n            source ${thisroot}/thisroot.sh\n            pwd\n            python ${code}/generatetuple.py ${type} ${nevents} ${base_dir}/${type}_${jobnumber}.root\n            ']
[2021-10-10 17:31:42,065] {subprocess.py:74} INFO - Output:
[2021-10-10 17:31:42,065] {subprocess.py:78} INFO - + source /home/abd/root/root/bin/thisroot.sh
[2021-10-10 17:31:42,066] {subprocess.py:78} INFO - ++ '[' -n '' ']'
[2021-10-10 17:31:42,066] {subprocess.py:78} INFO - ++ SOURCE=/home/abd/root/root/bin/thisroot.sh
[2021-10-10 17:31:42,066] {subprocess.py:78} INFO - ++ '[' x/home/abd/root/root/bin/thisroot.sh = x ']'
[2021-10-10 17:31:42,066] {subprocess.py:78} INFO - ++ '[' x/home/abd/root/root/bin/thisroot.sh = x ']'
[2021-10-10 17:31:42,066] {subprocess.py:78} INFO - +++ dirname /home/abd/root/root/bin/thisroot.sh
[2021-10-10 17:31:42,067] {subprocess.py:78} INFO - ++ thisroot=/home/abd/root/root/bin
[2021-10-10 17:31:42,067] {subprocess.py:78} INFO - +++ cd /home/abd/root/root/bin/..
[2021-10-10 17:31:42,067] {subprocess.py:78} INFO - +++ pwd
[2021-10-10 17:31:42,067] {subprocess.py:78} INFO - ++ ROOTSYS=/home/abd/root/root
[2021-10-10 17:31:42,067] {subprocess.py:78} INFO - ++ export ROOTSYS
[2021-10-10 17:31:42,067] {subprocess.py:78} INFO - ++ clean_environment
[2021-10-10 17:31:42,067] {subprocess.py:78} INFO - ++ '[' -n '' ']'
[2021-10-10 17:31:42,067] {subprocess.py:78} INFO - ++ '[' -z '' ']'
[2021-10-10 17:31:42,067] {subprocess.py:78} INFO - ++ command -v manpath
[2021-10-10 17:31:42,067] {subprocess.py:78} INFO - +++ manpath
[2021-10-10 17:31:42,068] {subprocess.py:78} INFO - manpath: warning: $PATH not set
[2021-10-10 17:31:42,068] {subprocess.py:78} INFO - ++ default_manpath=/usr/share/man:/usr/local/share/man
[2021-10-10 17:31:42,068] {subprocess.py:78} INFO - ++ set_environment
[2021-10-10 17:31:42,068] {subprocess.py:78} INFO - ++ '[' -z /usr/local/sbin:/usr/local/bin:/usr/sbin:/usr/bin:/sbin:/bin ']'
[2021-10-10 17:31:42,069] {subprocess.py:78} INFO - ++ PATH=/home/abd/root/root/bin:/usr/local/sbin:/usr/local/bin:/usr/sbin:/usr/bin:/sbin:/bin
[2021-10-10 17:31:42,069] {subprocess.py:78} INFO - ++ export PATH
[2021-10-10 17:31:42,069] {subprocess.py:78} INFO - ++ '[' -z '' ']'
[2021-10-10 17:31:42,069] {subprocess.py:78} INFO - ++ LD_LIBRARY_PATH=/home/abd/root/root/lib
[2021-10-10 17:31:42,069] {subprocess.py:78} INFO - ++ export LD_LIBRARY_PATH
[2021-10-10 17:31:42,069] {subprocess.py:78} INFO - ++ '[' -z '' ']'
[2021-10-10 17:31:42,069] {subprocess.py:78} INFO - ++ DYLD_LIBRARY_PATH=/home/abd/root/root/lib
[2021-10-10 17:31:42,069] {subprocess.py:78} INFO - ++ export DYLD_LIBRARY_PATH
[2021-10-10 17:31:42,069] {subprocess.py:78} INFO - ++ '[' -z '' ']'
[2021-10-10 17:31:42,069] {subprocess.py:78} INFO - ++ SHLIB_PATH=/home/abd/root/root/lib
[2021-10-10 17:31:42,069] {subprocess.py:78} INFO - ++ export SHLIB_PATH
[2021-10-10 17:31:42,069] {subprocess.py:78} INFO - ++ '[' -z '' ']'
[2021-10-10 17:31:42,069] {subprocess.py:78} INFO - ++ LIBPATH=/home/abd/root/root/lib
[2021-10-10 17:31:42,069] {subprocess.py:78} INFO - ++ export LIBPATH
[2021-10-10 17:31:42,069] {subprocess.py:78} INFO - ++ '[' -z '' ']'
[2021-10-10 17:31:42,069] {subprocess.py:78} INFO - ++ PYTHONPATH=/home/abd/root/root/lib
[2021-10-10 17:31:42,069] {subprocess.py:78} INFO - ++ export PYTHONPATH
[2021-10-10 17:31:42,069] {subprocess.py:78} INFO - ++ '[' -z '' ']'
[2021-10-10 17:31:42,069] {subprocess.py:78} INFO - ++ MANPATH=/home/abd/root/root/man:/usr/share/man:/usr/local/share/man
[2021-10-10 17:31:42,069] {subprocess.py:78} INFO - ++ export MANPATH
[2021-10-10 17:31:42,069] {subprocess.py:78} INFO - ++ '[' -z '' ']'
[2021-10-10 17:31:42,069] {subprocess.py:78} INFO - ++ CMAKE_PREFIX_PATH=/home/abd/root/root
[2021-10-10 17:31:42,069] {subprocess.py:78} INFO - ++ export CMAKE_PREFIX_PATH
[2021-10-10 17:31:42,069] {subprocess.py:78} INFO - ++ '[' -z '' ']'
[2021-10-10 17:31:42,069] {subprocess.py:78} INFO - ++ JUPYTER_PATH=/home/abd/root/root/etc/notebook
[2021-10-10 17:31:42,069] {subprocess.py:78} INFO - ++ export JUPYTER_PATH
[2021-10-10 17:31:42,069] {subprocess.py:78} INFO - ++ '[' -z '' ']'
[2021-10-10 17:31:42,070] {subprocess.py:78} INFO - ++ JUPYTER_CONFIG_DIR=/home/abd/root/root/etc/notebook
[2021-10-10 17:31:42,070] {subprocess.py:78} INFO - ++ export JUPYTER_CONFIG_DIR
[2021-10-10 17:31:42,070] {subprocess.py:78} INFO - ++ export CLING_STANDARD_PCH=none
[2021-10-10 17:31:42,070] {subprocess.py:78} INFO - ++ CLING_STANDARD_PCH=none
[2021-10-10 17:31:42,070] {subprocess.py:78} INFO - +++ root-config --arch
[2021-10-10 17:31:42,070] {subprocess.py:78} INFO - +++ grep -v win32gcc
[2021-10-10 17:31:42,070] {subprocess.py:78} INFO - +++ grep -i win32
[2021-10-10 17:31:42,079] {subprocess.py:78} INFO - ++ '[' x '!=' x ']'
[2021-10-10 17:31:42,080] {subprocess.py:78} INFO - ++ unset old_rootsys
[2021-10-10 17:31:42,080] {subprocess.py:78} INFO - ++ unset thisroot
[2021-10-10 17:31:42,080] {subprocess.py:78} INFO - ++ unset -f drop_from_path
[2021-10-10 17:31:42,080] {subprocess.py:78} INFO - ++ unset -f clean_environment
[2021-10-10 17:31:42,080] {subprocess.py:78} INFO - ++ unset -f set_environment
[2021-10-10 17:31:42,080] {subprocess.py:78} INFO - + pwd
[2021-10-10 17:31:42,080] {subprocess.py:78} INFO - /tmp/airflowtmp1_xxws7f
[2021-10-10 17:31:42,080] {subprocess.py:78} INFO - + python /home/abd/airflow/code/generatetuple.py mc1 40000 /home/abd/airflow/data/bsm-search/mc1_4.root
[2021-10-10 17:31:43,183] {subprocess.py:82} INFO - Command exited with return code 0
[2021-10-10 17:31:43,195] {taskinstance.py:1212} INFO - Marking task as SUCCESS. dag_id=main, task_id=mc.mc1.generate_group_mc1.generate_mc1_4, execution_date=20211009T000000, start_date=20211010T143141, end_date=20211010T143143
[2021-10-10 17:31:43,230] {local_task_job.py:151} INFO - Task exited with return code 0
[2021-10-10 17:31:43,264] {local_task_job.py:261} INFO - 1 downstream tasks scheduled from follow-on schedule check
[2021-10-10 19:36:23,550] {taskinstance.py:903} INFO - Dependencies all met for <TaskInstance: main.mc.mc1.generate_group_mc1.generate_mc1_4 2021-10-09T00:00:00+00:00 [queued]>
[2021-10-10 19:36:23,555] {taskinstance.py:903} INFO - Dependencies all met for <TaskInstance: main.mc.mc1.generate_group_mc1.generate_mc1_4 2021-10-09T00:00:00+00:00 [queued]>
[2021-10-10 19:36:23,555] {taskinstance.py:1095} INFO - 
--------------------------------------------------------------------------------
[2021-10-10 19:36:23,555] {taskinstance.py:1096} INFO - Starting attempt 1 of 2
[2021-10-10 19:36:23,555] {taskinstance.py:1097} INFO - 
--------------------------------------------------------------------------------
[2021-10-10 19:36:23,563] {taskinstance.py:1115} INFO - Executing <Task(BashOperator): mc.mc1.generate_group_mc1.generate_mc1_4> on 2021-10-09T00:00:00+00:00
[2021-10-10 19:36:23,565] {standard_task_runner.py:52} INFO - Started process 55857 to run task
[2021-10-10 19:36:23,568] {standard_task_runner.py:76} INFO - Running: ['airflow', 'tasks', 'run', 'main', 'mc.mc1.generate_group_mc1.generate_mc1_4', '2021-10-09T00:00:00+00:00', '--job-id', '575', '--pool', 'default_pool', '--raw', '--subdir', 'DAGS_FOLDER/main.py', '--cfg-path', '/tmp/tmp24pgo7zg', '--error-file', '/tmp/tmp0zlb3a_z']
[2021-10-10 19:36:23,568] {standard_task_runner.py:77} INFO - Job 575: Subtask mc.mc1.generate_group_mc1.generate_mc1_4
[2021-10-10 19:36:23,587] {logging_mixin.py:109} INFO - Running <TaskInstance: main.mc.mc1.generate_group_mc1.generate_mc1_4 2021-10-09T00:00:00+00:00 [running]> on host abd
[2021-10-10 19:36:23,617] {taskinstance.py:1252} INFO - Exporting the following env vars:
AIRFLOW_CTX_DAG_OWNER=admin
AIRFLOW_CTX_DAG_ID=main
AIRFLOW_CTX_TASK_ID=mc.mc1.generate_group_mc1.generate_mc1_4
AIRFLOW_CTX_EXECUTION_DATE=2021-10-09T00:00:00+00:00
AIRFLOW_CTX_DAG_RUN_ID=scheduled__2021-10-09T00:00:00+00:00
[2021-10-10 19:36:23,618] {subprocess.py:52} INFO - Tmp dir root location: 
 /tmp
[2021-10-10 19:36:23,618] {subprocess.py:63} INFO - Running command: ['bash', '-c', '\n            set -x\n            source ${thisroot}/thisroot.sh\n            pwd\n            python ${code}/generatetuple.py ${type} ${nevents} ${base_dir}/${type}_${jobnumber}.root\n            ']
[2021-10-10 19:36:23,625] {subprocess.py:74} INFO - Output:
[2021-10-10 19:36:23,626] {subprocess.py:78} INFO - + source /home/abd/root/root/bin/thisroot.sh
[2021-10-10 19:36:23,627] {subprocess.py:78} INFO - ++ '[' -n '' ']'
[2021-10-10 19:36:23,627] {subprocess.py:78} INFO - ++ SOURCE=/home/abd/root/root/bin/thisroot.sh
[2021-10-10 19:36:23,627] {subprocess.py:78} INFO - ++ '[' x/home/abd/root/root/bin/thisroot.sh = x ']'
[2021-10-10 19:36:23,627] {subprocess.py:78} INFO - ++ '[' x/home/abd/root/root/bin/thisroot.sh = x ']'
[2021-10-10 19:36:23,628] {subprocess.py:78} INFO - +++ dirname /home/abd/root/root/bin/thisroot.sh
[2021-10-10 19:36:23,628] {subprocess.py:78} INFO - ++ thisroot=/home/abd/root/root/bin
[2021-10-10 19:36:23,629] {subprocess.py:78} INFO - +++ cd /home/abd/root/root/bin/..
[2021-10-10 19:36:23,629] {subprocess.py:78} INFO - +++ pwd
[2021-10-10 19:36:23,629] {subprocess.py:78} INFO - ++ ROOTSYS=/home/abd/root/root
[2021-10-10 19:36:23,629] {subprocess.py:78} INFO - ++ export ROOTSYS
[2021-10-10 19:36:23,629] {subprocess.py:78} INFO - ++ clean_environment
[2021-10-10 19:36:23,629] {subprocess.py:78} INFO - ++ '[' -n '' ']'
[2021-10-10 19:36:23,629] {subprocess.py:78} INFO - ++ '[' -z '' ']'
[2021-10-10 19:36:23,629] {subprocess.py:78} INFO - ++ command -v manpath
[2021-10-10 19:36:23,630] {subprocess.py:78} INFO - +++ manpath
[2021-10-10 19:36:23,631] {subprocess.py:78} INFO - manpath: warning: $PATH not set
[2021-10-10 19:36:23,631] {subprocess.py:78} INFO - ++ default_manpath=/usr/share/man:/usr/local/share/man
[2021-10-10 19:36:23,631] {subprocess.py:78} INFO - ++ set_environment
[2021-10-10 19:36:23,631] {subprocess.py:78} INFO - ++ '[' -z /usr/local/sbin:/usr/local/bin:/usr/sbin:/usr/bin:/sbin:/bin ']'
[2021-10-10 19:36:23,631] {subprocess.py:78} INFO - ++ PATH=/home/abd/root/root/bin:/usr/local/sbin:/usr/local/bin:/usr/sbin:/usr/bin:/sbin:/bin
[2021-10-10 19:36:23,631] {subprocess.py:78} INFO - ++ export PATH
[2021-10-10 19:36:23,631] {subprocess.py:78} INFO - ++ '[' -z '' ']'
[2021-10-10 19:36:23,631] {subprocess.py:78} INFO - ++ LD_LIBRARY_PATH=/home/abd/root/root/lib
[2021-10-10 19:36:23,631] {subprocess.py:78} INFO - ++ export LD_LIBRARY_PATH
[2021-10-10 19:36:23,631] {subprocess.py:78} INFO - ++ '[' -z '' ']'
[2021-10-10 19:36:23,631] {subprocess.py:78} INFO - ++ DYLD_LIBRARY_PATH=/home/abd/root/root/lib
[2021-10-10 19:36:23,631] {subprocess.py:78} INFO - ++ export DYLD_LIBRARY_PATH
[2021-10-10 19:36:23,631] {subprocess.py:78} INFO - ++ '[' -z '' ']'
[2021-10-10 19:36:23,631] {subprocess.py:78} INFO - ++ SHLIB_PATH=/home/abd/root/root/lib
[2021-10-10 19:36:23,631] {subprocess.py:78} INFO - ++ export SHLIB_PATH
[2021-10-10 19:36:23,631] {subprocess.py:78} INFO - ++ '[' -z '' ']'
[2021-10-10 19:36:23,631] {subprocess.py:78} INFO - ++ LIBPATH=/home/abd/root/root/lib
[2021-10-10 19:36:23,632] {subprocess.py:78} INFO - ++ export LIBPATH
[2021-10-10 19:36:23,632] {subprocess.py:78} INFO - ++ '[' -z '' ']'
[2021-10-10 19:36:23,632] {subprocess.py:78} INFO - ++ PYTHONPATH=/home/abd/root/root/lib
[2021-10-10 19:36:23,632] {subprocess.py:78} INFO - ++ export PYTHONPATH
[2021-10-10 19:36:23,632] {subprocess.py:78} INFO - ++ '[' -z '' ']'
[2021-10-10 19:36:23,632] {subprocess.py:78} INFO - ++ MANPATH=/home/abd/root/root/man:/usr/share/man:/usr/local/share/man
[2021-10-10 19:36:23,632] {subprocess.py:78} INFO - ++ export MANPATH
[2021-10-10 19:36:23,632] {subprocess.py:78} INFO - ++ '[' -z '' ']'
[2021-10-10 19:36:23,632] {subprocess.py:78} INFO - ++ CMAKE_PREFIX_PATH=/home/abd/root/root
[2021-10-10 19:36:23,632] {subprocess.py:78} INFO - ++ export CMAKE_PREFIX_PATH
[2021-10-10 19:36:23,632] {subprocess.py:78} INFO - ++ '[' -z '' ']'
[2021-10-10 19:36:23,632] {subprocess.py:78} INFO - ++ JUPYTER_PATH=/home/abd/root/root/etc/notebook
[2021-10-10 19:36:23,632] {subprocess.py:78} INFO - ++ export JUPYTER_PATH
[2021-10-10 19:36:23,632] {subprocess.py:78} INFO - ++ '[' -z '' ']'
[2021-10-10 19:36:23,632] {subprocess.py:78} INFO - ++ JUPYTER_CONFIG_DIR=/home/abd/root/root/etc/notebook
[2021-10-10 19:36:23,632] {subprocess.py:78} INFO - ++ export JUPYTER_CONFIG_DIR
[2021-10-10 19:36:23,632] {subprocess.py:78} INFO - ++ export CLING_STANDARD_PCH=none
[2021-10-10 19:36:23,632] {subprocess.py:78} INFO - ++ CLING_STANDARD_PCH=none
[2021-10-10 19:36:23,633] {subprocess.py:78} INFO - +++ root-config --arch
[2021-10-10 19:36:23,633] {subprocess.py:78} INFO - +++ grep -v win32gcc
[2021-10-10 19:36:23,633] {subprocess.py:78} INFO - +++ grep -i win32
[2021-10-10 19:36:23,643] {subprocess.py:78} INFO - ++ '[' x '!=' x ']'
[2021-10-10 19:36:23,643] {subprocess.py:78} INFO - ++ unset old_rootsys
[2021-10-10 19:36:23,643] {subprocess.py:78} INFO - ++ unset thisroot
[2021-10-10 19:36:23,643] {subprocess.py:78} INFO - ++ unset -f drop_from_path
[2021-10-10 19:36:23,643] {subprocess.py:78} INFO - ++ unset -f clean_environment
[2021-10-10 19:36:23,643] {subprocess.py:78} INFO - ++ unset -f set_environment
[2021-10-10 19:36:23,643] {subprocess.py:78} INFO - + pwd
[2021-10-10 19:36:23,644] {subprocess.py:78} INFO - /tmp/airflowtmpjpddjylr
[2021-10-10 19:36:23,644] {subprocess.py:78} INFO - + python /home/abd/airflow/code/generatetuple.py mc1 40000 /home/abd/airflow/data/bsm-search/mc1_4.root
[2021-10-10 19:36:24,745] {subprocess.py:82} INFO - Command exited with return code 0
[2021-10-10 19:36:24,756] {taskinstance.py:1212} INFO - Marking task as SUCCESS. dag_id=main, task_id=mc.mc1.generate_group_mc1.generate_mc1_4, execution_date=20211009T000000, start_date=20211010T163623, end_date=20211010T163624
[2021-10-10 19:36:24,782] {local_task_job.py:151} INFO - Task exited with return code 0
[2021-10-10 19:36:24,801] {local_task_job.py:261} INFO - 1 downstream tasks scheduled from follow-on schedule check
[2021-10-10 19:46:03,267] {taskinstance.py:903} INFO - Dependencies all met for <TaskInstance: main.mc.mc1.generate_group_mc1.generate_mc1_4 2021-10-09T00:00:00+00:00 [queued]>
[2021-10-10 19:46:03,272] {taskinstance.py:903} INFO - Dependencies all met for <TaskInstance: main.mc.mc1.generate_group_mc1.generate_mc1_4 2021-10-09T00:00:00+00:00 [queued]>
[2021-10-10 19:46:03,272] {taskinstance.py:1095} INFO - 
--------------------------------------------------------------------------------
[2021-10-10 19:46:03,272] {taskinstance.py:1096} INFO - Starting attempt 1 of 2
[2021-10-10 19:46:03,272] {taskinstance.py:1097} INFO - 
--------------------------------------------------------------------------------
[2021-10-10 19:46:03,280] {taskinstance.py:1115} INFO - Executing <Task(BashOperator): mc.mc1.generate_group_mc1.generate_mc1_4> on 2021-10-09T00:00:00+00:00
[2021-10-10 19:46:03,281] {standard_task_runner.py:52} INFO - Started process 59154 to run task
[2021-10-10 19:46:03,285] {standard_task_runner.py:76} INFO - Running: ['airflow', 'tasks', 'run', 'main', 'mc.mc1.generate_group_mc1.generate_mc1_4', '2021-10-09T00:00:00+00:00', '--job-id', '575', '--pool', 'default_pool', '--raw', '--subdir', 'DAGS_FOLDER/main.py', '--cfg-path', '/tmp/tmpxulsqn2v', '--error-file', '/tmp/tmpj0eh7nt_']
[2021-10-10 19:46:03,285] {standard_task_runner.py:77} INFO - Job 575: Subtask mc.mc1.generate_group_mc1.generate_mc1_4
[2021-10-10 19:46:03,304] {logging_mixin.py:109} INFO - Running <TaskInstance: main.mc.mc1.generate_group_mc1.generate_mc1_4 2021-10-09T00:00:00+00:00 [running]> on host abd
[2021-10-10 19:46:03,329] {taskinstance.py:1252} INFO - Exporting the following env vars:
AIRFLOW_CTX_DAG_OWNER=admin
AIRFLOW_CTX_DAG_ID=main
AIRFLOW_CTX_TASK_ID=mc.mc1.generate_group_mc1.generate_mc1_4
AIRFLOW_CTX_EXECUTION_DATE=2021-10-09T00:00:00+00:00
AIRFLOW_CTX_DAG_RUN_ID=scheduled__2021-10-09T00:00:00+00:00
[2021-10-10 19:46:03,329] {subprocess.py:52} INFO - Tmp dir root location: 
 /tmp
[2021-10-10 19:46:03,329] {subprocess.py:63} INFO - Running command: ['bash', '-c', '\n            set -x\n            source ${thisroot}/thisroot.sh\n            pwd\n            python ${code}/generatetuple.py ${type} ${nevents} ${base_dir}/${type}_${jobnumber}.root\n            ']
[2021-10-10 19:46:03,333] {subprocess.py:74} INFO - Output:
[2021-10-10 19:46:03,334] {subprocess.py:78} INFO - + source /home/abd/root/root/bin/thisroot.sh
[2021-10-10 19:46:03,334] {subprocess.py:78} INFO - ++ '[' -n '' ']'
[2021-10-10 19:46:03,334] {subprocess.py:78} INFO - ++ SOURCE=/home/abd/root/root/bin/thisroot.sh
[2021-10-10 19:46:03,334] {subprocess.py:78} INFO - ++ '[' x/home/abd/root/root/bin/thisroot.sh = x ']'
[2021-10-10 19:46:03,334] {subprocess.py:78} INFO - ++ '[' x/home/abd/root/root/bin/thisroot.sh = x ']'
[2021-10-10 19:46:03,335] {subprocess.py:78} INFO - +++ dirname /home/abd/root/root/bin/thisroot.sh
[2021-10-10 19:46:03,335] {subprocess.py:78} INFO - ++ thisroot=/home/abd/root/root/bin
[2021-10-10 19:46:03,335] {subprocess.py:78} INFO - +++ cd /home/abd/root/root/bin/..
[2021-10-10 19:46:03,335] {subprocess.py:78} INFO - +++ pwd
[2021-10-10 19:46:03,336] {subprocess.py:78} INFO - ++ ROOTSYS=/home/abd/root/root
[2021-10-10 19:46:03,336] {subprocess.py:78} INFO - ++ export ROOTSYS
[2021-10-10 19:46:03,336] {subprocess.py:78} INFO - ++ clean_environment
[2021-10-10 19:46:03,336] {subprocess.py:78} INFO - ++ '[' -n '' ']'
[2021-10-10 19:46:03,336] {subprocess.py:78} INFO - ++ '[' -z '' ']'
[2021-10-10 19:46:03,336] {subprocess.py:78} INFO - ++ command -v manpath
[2021-10-10 19:46:03,336] {subprocess.py:78} INFO - +++ manpath
[2021-10-10 19:46:03,337] {subprocess.py:78} INFO - manpath: warning: $PATH not set
[2021-10-10 19:46:03,337] {subprocess.py:78} INFO - ++ default_manpath=/usr/share/man:/usr/local/share/man
[2021-10-10 19:46:03,337] {subprocess.py:78} INFO - ++ set_environment
[2021-10-10 19:46:03,337] {subprocess.py:78} INFO - ++ '[' -z /usr/local/sbin:/usr/local/bin:/usr/sbin:/usr/bin:/sbin:/bin ']'
[2021-10-10 19:46:03,337] {subprocess.py:78} INFO - ++ PATH=/home/abd/root/root/bin:/usr/local/sbin:/usr/local/bin:/usr/sbin:/usr/bin:/sbin:/bin
[2021-10-10 19:46:03,337] {subprocess.py:78} INFO - ++ export PATH
[2021-10-10 19:46:03,337] {subprocess.py:78} INFO - ++ '[' -z '' ']'
[2021-10-10 19:46:03,337] {subprocess.py:78} INFO - ++ LD_LIBRARY_PATH=/home/abd/root/root/lib
[2021-10-10 19:46:03,337] {subprocess.py:78} INFO - ++ export LD_LIBRARY_PATH
[2021-10-10 19:46:03,337] {subprocess.py:78} INFO - ++ '[' -z '' ']'
[2021-10-10 19:46:03,337] {subprocess.py:78} INFO - ++ DYLD_LIBRARY_PATH=/home/abd/root/root/lib
[2021-10-10 19:46:03,337] {subprocess.py:78} INFO - ++ export DYLD_LIBRARY_PATH
[2021-10-10 19:46:03,337] {subprocess.py:78} INFO - ++ '[' -z '' ']'
[2021-10-10 19:46:03,337] {subprocess.py:78} INFO - ++ SHLIB_PATH=/home/abd/root/root/lib
[2021-10-10 19:46:03,337] {subprocess.py:78} INFO - ++ export SHLIB_PATH
[2021-10-10 19:46:03,337] {subprocess.py:78} INFO - ++ '[' -z '' ']'
[2021-10-10 19:46:03,337] {subprocess.py:78} INFO - ++ LIBPATH=/home/abd/root/root/lib
[2021-10-10 19:46:03,337] {subprocess.py:78} INFO - ++ export LIBPATH
[2021-10-10 19:46:03,337] {subprocess.py:78} INFO - ++ '[' -z '' ']'
[2021-10-10 19:46:03,337] {subprocess.py:78} INFO - ++ PYTHONPATH=/home/abd/root/root/lib
[2021-10-10 19:46:03,337] {subprocess.py:78} INFO - ++ export PYTHONPATH
[2021-10-10 19:46:03,337] {subprocess.py:78} INFO - ++ '[' -z '' ']'
[2021-10-10 19:46:03,338] {subprocess.py:78} INFO - ++ MANPATH=/home/abd/root/root/man:/usr/share/man:/usr/local/share/man
[2021-10-10 19:46:03,338] {subprocess.py:78} INFO - ++ export MANPATH
[2021-10-10 19:46:03,338] {subprocess.py:78} INFO - ++ '[' -z '' ']'
[2021-10-10 19:46:03,338] {subprocess.py:78} INFO - ++ CMAKE_PREFIX_PATH=/home/abd/root/root
[2021-10-10 19:46:03,338] {subprocess.py:78} INFO - ++ export CMAKE_PREFIX_PATH
[2021-10-10 19:46:03,338] {subprocess.py:78} INFO - ++ '[' -z '' ']'
[2021-10-10 19:46:03,338] {subprocess.py:78} INFO - ++ JUPYTER_PATH=/home/abd/root/root/etc/notebook
[2021-10-10 19:46:03,338] {subprocess.py:78} INFO - ++ export JUPYTER_PATH
[2021-10-10 19:46:03,338] {subprocess.py:78} INFO - ++ '[' -z '' ']'
[2021-10-10 19:46:03,338] {subprocess.py:78} INFO - ++ JUPYTER_CONFIG_DIR=/home/abd/root/root/etc/notebook
[2021-10-10 19:46:03,338] {subprocess.py:78} INFO - ++ export JUPYTER_CONFIG_DIR
[2021-10-10 19:46:03,338] {subprocess.py:78} INFO - ++ export CLING_STANDARD_PCH=none
[2021-10-10 19:46:03,338] {subprocess.py:78} INFO - ++ CLING_STANDARD_PCH=none
[2021-10-10 19:46:03,338] {subprocess.py:78} INFO - +++ root-config --arch
[2021-10-10 19:46:03,338] {subprocess.py:78} INFO - +++ grep -v win32gcc
[2021-10-10 19:46:03,338] {subprocess.py:78} INFO - +++ grep -i win32
[2021-10-10 19:46:03,348] {subprocess.py:78} INFO - ++ '[' x '!=' x ']'
[2021-10-10 19:46:03,348] {subprocess.py:78} INFO - ++ unset old_rootsys
[2021-10-10 19:46:03,348] {subprocess.py:78} INFO - ++ unset thisroot
[2021-10-10 19:46:03,348] {subprocess.py:78} INFO - ++ unset -f drop_from_path
[2021-10-10 19:46:03,348] {subprocess.py:78} INFO - ++ unset -f clean_environment
[2021-10-10 19:46:03,348] {subprocess.py:78} INFO - ++ unset -f set_environment
[2021-10-10 19:46:03,348] {subprocess.py:78} INFO - + pwd
[2021-10-10 19:46:03,348] {subprocess.py:78} INFO - /tmp/airflowtmptnhu1bl_
[2021-10-10 19:46:03,348] {subprocess.py:78} INFO - + python /home/abd/airflow/code/generatetuple.py mc1 40000 /home/abd/airflow/data/bsm-search/mc1_4.root
[2021-10-10 19:46:04,434] {subprocess.py:82} INFO - Command exited with return code 0
[2021-10-10 19:46:04,445] {taskinstance.py:1212} INFO - Marking task as SUCCESS. dag_id=main, task_id=mc.mc1.generate_group_mc1.generate_mc1_4, execution_date=20211009T000000, start_date=20211010T164603, end_date=20211010T164604
[2021-10-10 19:46:04,459] {local_task_job.py:151} INFO - Task exited with return code 0
[2021-10-10 19:46:04,475] {local_task_job.py:261} INFO - 1 downstream tasks scheduled from follow-on schedule check
[2021-10-10 19:55:55,352] {taskinstance.py:903} INFO - Dependencies all met for <TaskInstance: main.mc.mc1.generate_group_mc1.generate_mc1_4 2021-10-09T00:00:00+00:00 [queued]>
[2021-10-10 19:55:55,358] {taskinstance.py:903} INFO - Dependencies all met for <TaskInstance: main.mc.mc1.generate_group_mc1.generate_mc1_4 2021-10-09T00:00:00+00:00 [queued]>
[2021-10-10 19:55:55,358] {taskinstance.py:1095} INFO - 
--------------------------------------------------------------------------------
[2021-10-10 19:55:55,358] {taskinstance.py:1096} INFO - Starting attempt 1 of 2
[2021-10-10 19:55:55,358] {taskinstance.py:1097} INFO - 
--------------------------------------------------------------------------------
[2021-10-10 19:55:55,365] {taskinstance.py:1115} INFO - Executing <Task(BashOperator): mc.mc1.generate_group_mc1.generate_mc1_4> on 2021-10-09T00:00:00+00:00
[2021-10-10 19:55:55,366] {standard_task_runner.py:52} INFO - Started process 62760 to run task
[2021-10-10 19:55:55,369] {standard_task_runner.py:76} INFO - Running: ['airflow', 'tasks', 'run', 'main', 'mc.mc1.generate_group_mc1.generate_mc1_4', '2021-10-09T00:00:00+00:00', '--job-id', '576', '--pool', 'default_pool', '--raw', '--subdir', 'DAGS_FOLDER/main.py', '--cfg-path', '/tmp/tmpriidp_r5', '--error-file', '/tmp/tmpg_16rhsi']
[2021-10-10 19:55:55,370] {standard_task_runner.py:77} INFO - Job 576: Subtask mc.mc1.generate_group_mc1.generate_mc1_4
[2021-10-10 19:55:55,389] {logging_mixin.py:109} INFO - Running <TaskInstance: main.mc.mc1.generate_group_mc1.generate_mc1_4 2021-10-09T00:00:00+00:00 [running]> on host abd
[2021-10-10 19:55:55,414] {taskinstance.py:1252} INFO - Exporting the following env vars:
AIRFLOW_CTX_DAG_OWNER=admin
AIRFLOW_CTX_DAG_ID=main
AIRFLOW_CTX_TASK_ID=mc.mc1.generate_group_mc1.generate_mc1_4
AIRFLOW_CTX_EXECUTION_DATE=2021-10-09T00:00:00+00:00
AIRFLOW_CTX_DAG_RUN_ID=scheduled__2021-10-09T00:00:00+00:00
[2021-10-10 19:55:55,414] {subprocess.py:52} INFO - Tmp dir root location: 
 /tmp
[2021-10-10 19:55:55,414] {subprocess.py:63} INFO - Running command: ['bash', '-c', '\n            set -x\n            source ${thisroot}/thisroot.sh\n            pwd\n            python ${code}/generatetuple.py ${type} ${nevents} ${base_dir}/${type}_${jobnumber}.root\n            ']
[2021-10-10 19:55:55,418] {subprocess.py:74} INFO - Output:
[2021-10-10 19:55:55,419] {subprocess.py:78} INFO - + source /home/abd/root/root/bin/thisroot.sh
[2021-10-10 19:55:55,419] {subprocess.py:78} INFO - ++ '[' -n '' ']'
[2021-10-10 19:55:55,419] {subprocess.py:78} INFO - ++ SOURCE=/home/abd/root/root/bin/thisroot.sh
[2021-10-10 19:55:55,419] {subprocess.py:78} INFO - ++ '[' x/home/abd/root/root/bin/thisroot.sh = x ']'
[2021-10-10 19:55:55,419] {subprocess.py:78} INFO - ++ '[' x/home/abd/root/root/bin/thisroot.sh = x ']'
[2021-10-10 19:55:55,419] {subprocess.py:78} INFO - +++ dirname /home/abd/root/root/bin/thisroot.sh
[2021-10-10 19:55:55,420] {subprocess.py:78} INFO - ++ thisroot=/home/abd/root/root/bin
[2021-10-10 19:55:55,420] {subprocess.py:78} INFO - +++ cd /home/abd/root/root/bin/..
[2021-10-10 19:55:55,420] {subprocess.py:78} INFO - +++ pwd
[2021-10-10 19:55:55,420] {subprocess.py:78} INFO - ++ ROOTSYS=/home/abd/root/root
[2021-10-10 19:55:55,420] {subprocess.py:78} INFO - ++ export ROOTSYS
[2021-10-10 19:55:55,420] {subprocess.py:78} INFO - ++ clean_environment
[2021-10-10 19:55:55,420] {subprocess.py:78} INFO - ++ '[' -n '' ']'
[2021-10-10 19:55:55,421] {subprocess.py:78} INFO - ++ '[' -z '' ']'
[2021-10-10 19:55:55,421] {subprocess.py:78} INFO - ++ command -v manpath
[2021-10-10 19:55:55,421] {subprocess.py:78} INFO - +++ manpath
[2021-10-10 19:55:55,421] {subprocess.py:78} INFO - manpath: warning: $PATH not set
[2021-10-10 19:55:55,422] {subprocess.py:78} INFO - ++ default_manpath=/usr/share/man:/usr/local/share/man
[2021-10-10 19:55:55,422] {subprocess.py:78} INFO - ++ set_environment
[2021-10-10 19:55:55,422] {subprocess.py:78} INFO - ++ '[' -z /usr/local/sbin:/usr/local/bin:/usr/sbin:/usr/bin:/sbin:/bin ']'
[2021-10-10 19:55:55,422] {subprocess.py:78} INFO - ++ PATH=/home/abd/root/root/bin:/usr/local/sbin:/usr/local/bin:/usr/sbin:/usr/bin:/sbin:/bin
[2021-10-10 19:55:55,422] {subprocess.py:78} INFO - ++ export PATH
[2021-10-10 19:55:55,422] {subprocess.py:78} INFO - ++ '[' -z '' ']'
[2021-10-10 19:55:55,422] {subprocess.py:78} INFO - ++ LD_LIBRARY_PATH=/home/abd/root/root/lib
[2021-10-10 19:55:55,422] {subprocess.py:78} INFO - ++ export LD_LIBRARY_PATH
[2021-10-10 19:55:55,422] {subprocess.py:78} INFO - ++ '[' -z '' ']'
[2021-10-10 19:55:55,422] {subprocess.py:78} INFO - ++ DYLD_LIBRARY_PATH=/home/abd/root/root/lib
[2021-10-10 19:55:55,422] {subprocess.py:78} INFO - ++ export DYLD_LIBRARY_PATH
[2021-10-10 19:55:55,422] {subprocess.py:78} INFO - ++ '[' -z '' ']'
[2021-10-10 19:55:55,422] {subprocess.py:78} INFO - ++ SHLIB_PATH=/home/abd/root/root/lib
[2021-10-10 19:55:55,422] {subprocess.py:78} INFO - ++ export SHLIB_PATH
[2021-10-10 19:55:55,422] {subprocess.py:78} INFO - ++ '[' -z '' ']'
[2021-10-10 19:55:55,422] {subprocess.py:78} INFO - ++ LIBPATH=/home/abd/root/root/lib
[2021-10-10 19:55:55,422] {subprocess.py:78} INFO - ++ export LIBPATH
[2021-10-10 19:55:55,422] {subprocess.py:78} INFO - ++ '[' -z '' ']'
[2021-10-10 19:55:55,422] {subprocess.py:78} INFO - ++ PYTHONPATH=/home/abd/root/root/lib
[2021-10-10 19:55:55,422] {subprocess.py:78} INFO - ++ export PYTHONPATH
[2021-10-10 19:55:55,422] {subprocess.py:78} INFO - ++ '[' -z '' ']'
[2021-10-10 19:55:55,422] {subprocess.py:78} INFO - ++ MANPATH=/home/abd/root/root/man:/usr/share/man:/usr/local/share/man
[2021-10-10 19:55:55,422] {subprocess.py:78} INFO - ++ export MANPATH
[2021-10-10 19:55:55,422] {subprocess.py:78} INFO - ++ '[' -z '' ']'
[2021-10-10 19:55:55,422] {subprocess.py:78} INFO - ++ CMAKE_PREFIX_PATH=/home/abd/root/root
[2021-10-10 19:55:55,422] {subprocess.py:78} INFO - ++ export CMAKE_PREFIX_PATH
[2021-10-10 19:55:55,422] {subprocess.py:78} INFO - ++ '[' -z '' ']'
[2021-10-10 19:55:55,422] {subprocess.py:78} INFO - ++ JUPYTER_PATH=/home/abd/root/root/etc/notebook
[2021-10-10 19:55:55,422] {subprocess.py:78} INFO - ++ export JUPYTER_PATH
[2021-10-10 19:55:55,423] {subprocess.py:78} INFO - ++ '[' -z '' ']'
[2021-10-10 19:55:55,423] {subprocess.py:78} INFO - ++ JUPYTER_CONFIG_DIR=/home/abd/root/root/etc/notebook
[2021-10-10 19:55:55,423] {subprocess.py:78} INFO - ++ export JUPYTER_CONFIG_DIR
[2021-10-10 19:55:55,423] {subprocess.py:78} INFO - ++ export CLING_STANDARD_PCH=none
[2021-10-10 19:55:55,423] {subprocess.py:78} INFO - ++ CLING_STANDARD_PCH=none
[2021-10-10 19:55:55,423] {subprocess.py:78} INFO - +++ root-config --arch
[2021-10-10 19:55:55,423] {subprocess.py:78} INFO - +++ grep -v win32gcc
[2021-10-10 19:55:55,423] {subprocess.py:78} INFO - +++ grep -i win32
[2021-10-10 19:55:55,433] {subprocess.py:78} INFO - ++ '[' x '!=' x ']'
[2021-10-10 19:55:55,433] {subprocess.py:78} INFO - ++ unset old_rootsys
[2021-10-10 19:55:55,433] {subprocess.py:78} INFO - ++ unset thisroot
[2021-10-10 19:55:55,433] {subprocess.py:78} INFO - ++ unset -f drop_from_path
[2021-10-10 19:55:55,433] {subprocess.py:78} INFO - ++ unset -f clean_environment
[2021-10-10 19:55:55,433] {subprocess.py:78} INFO - ++ unset -f set_environment
[2021-10-10 19:55:55,433] {subprocess.py:78} INFO - + pwd
[2021-10-10 19:55:55,433] {subprocess.py:78} INFO - /tmp/airflowtmph4qpxrec
[2021-10-10 19:55:55,433] {subprocess.py:78} INFO - + python /home/abd/airflow/code/generatetuple.py mc1 40000 /home/abd/airflow/data/bsm-search/mc1_4.root
[2021-10-10 19:55:56,544] {subprocess.py:82} INFO - Command exited with return code 0
[2021-10-10 19:55:56,556] {taskinstance.py:1212} INFO - Marking task as SUCCESS. dag_id=main, task_id=mc.mc1.generate_group_mc1.generate_mc1_4, execution_date=20211009T000000, start_date=20211010T165555, end_date=20211010T165556
[2021-10-10 19:55:56,583] {local_task_job.py:151} INFO - Task exited with return code 0
[2021-10-10 19:55:56,596] {local_task_job.py:261} INFO - 1 downstream tasks scheduled from follow-on schedule check
[2021-10-10 20:17:27,210] {taskinstance.py:903} INFO - Dependencies all met for <TaskInstance: main.mc.mc1.generate_group_mc1.generate_mc1_4 2021-10-09T00:00:00+00:00 [queued]>
[2021-10-10 20:17:27,215] {taskinstance.py:903} INFO - Dependencies all met for <TaskInstance: main.mc.mc1.generate_group_mc1.generate_mc1_4 2021-10-09T00:00:00+00:00 [queued]>
[2021-10-10 20:17:27,215] {taskinstance.py:1095} INFO - 
--------------------------------------------------------------------------------
[2021-10-10 20:17:27,215] {taskinstance.py:1096} INFO - Starting attempt 1 of 2
[2021-10-10 20:17:27,215] {taskinstance.py:1097} INFO - 
--------------------------------------------------------------------------------
[2021-10-10 20:17:27,223] {taskinstance.py:1115} INFO - Executing <Task(BashOperator): mc.mc1.generate_group_mc1.generate_mc1_4> on 2021-10-09T00:00:00+00:00
[2021-10-10 20:17:27,224] {standard_task_runner.py:52} INFO - Started process 9769 to run task
[2021-10-10 20:17:27,228] {standard_task_runner.py:76} INFO - Running: ['airflow', 'tasks', 'run', 'main', 'mc.mc1.generate_group_mc1.generate_mc1_4', '2021-10-09T00:00:00+00:00', '--job-id', '577', '--pool', 'default_pool', '--raw', '--subdir', 'DAGS_FOLDER/main.py', '--cfg-path', '/tmp/tmpyx3p34bf', '--error-file', '/tmp/tmpdos5qpnq']
[2021-10-10 20:17:27,229] {standard_task_runner.py:77} INFO - Job 577: Subtask mc.mc1.generate_group_mc1.generate_mc1_4
[2021-10-10 20:17:27,248] {logging_mixin.py:109} INFO - Running <TaskInstance: main.mc.mc1.generate_group_mc1.generate_mc1_4 2021-10-09T00:00:00+00:00 [running]> on host abd
[2021-10-10 20:17:27,272] {taskinstance.py:1252} INFO - Exporting the following env vars:
AIRFLOW_CTX_DAG_OWNER=admin
AIRFLOW_CTX_DAG_ID=main
AIRFLOW_CTX_TASK_ID=mc.mc1.generate_group_mc1.generate_mc1_4
AIRFLOW_CTX_EXECUTION_DATE=2021-10-09T00:00:00+00:00
AIRFLOW_CTX_DAG_RUN_ID=scheduled__2021-10-09T00:00:00+00:00
[2021-10-10 20:17:27,273] {subprocess.py:52} INFO - Tmp dir root location: 
 /tmp
[2021-10-10 20:17:27,273] {subprocess.py:63} INFO - Running command: ['bash', '-c', '\n            set -x\n            source ${thisroot}/thisroot.sh\n            pwd\n            python ${code}/generatetuple.py ${type} ${nevents} ${base_dir}/${type}_${jobnumber}.root\n            ']
[2021-10-10 20:17:27,276] {subprocess.py:74} INFO - Output:
[2021-10-10 20:17:27,277] {subprocess.py:78} INFO - + source /home/abd/root/root/bin/thisroot.sh
[2021-10-10 20:17:27,278] {subprocess.py:78} INFO - ++ '[' -n '' ']'
[2021-10-10 20:17:27,278] {subprocess.py:78} INFO - ++ SOURCE=/home/abd/root/root/bin/thisroot.sh
[2021-10-10 20:17:27,278] {subprocess.py:78} INFO - ++ '[' x/home/abd/root/root/bin/thisroot.sh = x ']'
[2021-10-10 20:17:27,278] {subprocess.py:78} INFO - ++ '[' x/home/abd/root/root/bin/thisroot.sh = x ']'
[2021-10-10 20:17:27,278] {subprocess.py:78} INFO - +++ dirname /home/abd/root/root/bin/thisroot.sh
[2021-10-10 20:17:27,278] {subprocess.py:78} INFO - ++ thisroot=/home/abd/root/root/bin
[2021-10-10 20:17:27,279] {subprocess.py:78} INFO - +++ cd /home/abd/root/root/bin/..
[2021-10-10 20:17:27,279] {subprocess.py:78} INFO - +++ pwd
[2021-10-10 20:17:27,279] {subprocess.py:78} INFO - ++ ROOTSYS=/home/abd/root/root
[2021-10-10 20:17:27,279] {subprocess.py:78} INFO - ++ export ROOTSYS
[2021-10-10 20:17:27,279] {subprocess.py:78} INFO - ++ clean_environment
[2021-10-10 20:17:27,279] {subprocess.py:78} INFO - ++ '[' -n '' ']'
[2021-10-10 20:17:27,279] {subprocess.py:78} INFO - ++ '[' -z '' ']'
[2021-10-10 20:17:27,279] {subprocess.py:78} INFO - ++ command -v manpath
[2021-10-10 20:17:27,279] {subprocess.py:78} INFO - +++ manpath
[2021-10-10 20:17:27,280] {subprocess.py:78} INFO - manpath: warning: $PATH not set
[2021-10-10 20:17:27,280] {subprocess.py:78} INFO - ++ default_manpath=/usr/share/man:/usr/local/share/man
[2021-10-10 20:17:27,280] {subprocess.py:78} INFO - ++ set_environment
[2021-10-10 20:17:27,280] {subprocess.py:78} INFO - ++ '[' -z /usr/local/sbin:/usr/local/bin:/usr/sbin:/usr/bin:/sbin:/bin ']'
[2021-10-10 20:17:27,280] {subprocess.py:78} INFO - ++ PATH=/home/abd/root/root/bin:/usr/local/sbin:/usr/local/bin:/usr/sbin:/usr/bin:/sbin:/bin
[2021-10-10 20:17:27,280] {subprocess.py:78} INFO - ++ export PATH
[2021-10-10 20:17:27,280] {subprocess.py:78} INFO - ++ '[' -z '' ']'
[2021-10-10 20:17:27,280] {subprocess.py:78} INFO - ++ LD_LIBRARY_PATH=/home/abd/root/root/lib
[2021-10-10 20:17:27,280] {subprocess.py:78} INFO - ++ export LD_LIBRARY_PATH
[2021-10-10 20:17:27,280] {subprocess.py:78} INFO - ++ '[' -z '' ']'
[2021-10-10 20:17:27,280] {subprocess.py:78} INFO - ++ DYLD_LIBRARY_PATH=/home/abd/root/root/lib
[2021-10-10 20:17:27,280] {subprocess.py:78} INFO - ++ export DYLD_LIBRARY_PATH
[2021-10-10 20:17:27,280] {subprocess.py:78} INFO - ++ '[' -z '' ']'
[2021-10-10 20:17:27,280] {subprocess.py:78} INFO - ++ SHLIB_PATH=/home/abd/root/root/lib
[2021-10-10 20:17:27,280] {subprocess.py:78} INFO - ++ export SHLIB_PATH
[2021-10-10 20:17:27,281] {subprocess.py:78} INFO - ++ '[' -z '' ']'
[2021-10-10 20:17:27,281] {subprocess.py:78} INFO - ++ LIBPATH=/home/abd/root/root/lib
[2021-10-10 20:17:27,281] {subprocess.py:78} INFO - ++ export LIBPATH
[2021-10-10 20:17:27,281] {subprocess.py:78} INFO - ++ '[' -z '' ']'
[2021-10-10 20:17:27,281] {subprocess.py:78} INFO - ++ PYTHONPATH=/home/abd/root/root/lib
[2021-10-10 20:17:27,281] {subprocess.py:78} INFO - ++ export PYTHONPATH
[2021-10-10 20:17:27,281] {subprocess.py:78} INFO - ++ '[' -z '' ']'
[2021-10-10 20:17:27,281] {subprocess.py:78} INFO - ++ MANPATH=/home/abd/root/root/man:/usr/share/man:/usr/local/share/man
[2021-10-10 20:17:27,281] {subprocess.py:78} INFO - ++ export MANPATH
[2021-10-10 20:17:27,281] {subprocess.py:78} INFO - ++ '[' -z '' ']'
[2021-10-10 20:17:27,281] {subprocess.py:78} INFO - ++ CMAKE_PREFIX_PATH=/home/abd/root/root
[2021-10-10 20:17:27,281] {subprocess.py:78} INFO - ++ export CMAKE_PREFIX_PATH
[2021-10-10 20:17:27,281] {subprocess.py:78} INFO - ++ '[' -z '' ']'
[2021-10-10 20:17:27,281] {subprocess.py:78} INFO - ++ JUPYTER_PATH=/home/abd/root/root/etc/notebook
[2021-10-10 20:17:27,281] {subprocess.py:78} INFO - ++ export JUPYTER_PATH
[2021-10-10 20:17:27,281] {subprocess.py:78} INFO - ++ '[' -z '' ']'
[2021-10-10 20:17:27,281] {subprocess.py:78} INFO - ++ JUPYTER_CONFIG_DIR=/home/abd/root/root/etc/notebook
[2021-10-10 20:17:27,281] {subprocess.py:78} INFO - ++ export JUPYTER_CONFIG_DIR
[2021-10-10 20:17:27,281] {subprocess.py:78} INFO - ++ export CLING_STANDARD_PCH=none
[2021-10-10 20:17:27,281] {subprocess.py:78} INFO - ++ CLING_STANDARD_PCH=none
[2021-10-10 20:17:27,281] {subprocess.py:78} INFO - +++ root-config --arch
[2021-10-10 20:17:27,281] {subprocess.py:78} INFO - +++ grep -v win32gcc
[2021-10-10 20:17:27,281] {subprocess.py:78} INFO - +++ grep -i win32
[2021-10-10 20:17:27,291] {subprocess.py:78} INFO - ++ '[' x '!=' x ']'
[2021-10-10 20:17:27,291] {subprocess.py:78} INFO - ++ unset old_rootsys
[2021-10-10 20:17:27,291] {subprocess.py:78} INFO - ++ unset thisroot
[2021-10-10 20:17:27,291] {subprocess.py:78} INFO - ++ unset -f drop_from_path
[2021-10-10 20:17:27,291] {subprocess.py:78} INFO - ++ unset -f clean_environment
[2021-10-10 20:17:27,291] {subprocess.py:78} INFO - ++ unset -f set_environment
[2021-10-10 20:17:27,291] {subprocess.py:78} INFO - + pwd
[2021-10-10 20:17:27,291] {subprocess.py:78} INFO - /tmp/airflowtmpka45pbb8
[2021-10-10 20:17:27,291] {subprocess.py:78} INFO - + python /home/abd/airflow/code/generatetuple.py mc1 40000 /home/abd/airflow/data/bsm-search/mc1_4.root
[2021-10-10 20:17:28,387] {subprocess.py:82} INFO - Command exited with return code 0
[2021-10-10 20:17:28,399] {taskinstance.py:1212} INFO - Marking task as SUCCESS. dag_id=main, task_id=mc.mc1.generate_group_mc1.generate_mc1_4, execution_date=20211009T000000, start_date=20211010T171727, end_date=20211010T171728
[2021-10-10 20:17:28,442] {local_task_job.py:151} INFO - Task exited with return code 0
[2021-10-10 20:17:28,462] {local_task_job.py:261} INFO - 1 downstream tasks scheduled from follow-on schedule check
[2021-10-10 20:36:50,226] {taskinstance.py:903} INFO - Dependencies all met for <TaskInstance: main.mc.mc1.generate_group_mc1.generate_mc1_4 2021-10-09T00:00:00+00:00 [queued]>
[2021-10-10 20:36:50,233] {taskinstance.py:903} INFO - Dependencies all met for <TaskInstance: main.mc.mc1.generate_group_mc1.generate_mc1_4 2021-10-09T00:00:00+00:00 [queued]>
[2021-10-10 20:36:50,233] {taskinstance.py:1095} INFO - 
--------------------------------------------------------------------------------
[2021-10-10 20:36:50,234] {taskinstance.py:1096} INFO - Starting attempt 1 of 2
[2021-10-10 20:36:50,234] {taskinstance.py:1097} INFO - 
--------------------------------------------------------------------------------
[2021-10-10 20:36:50,240] {taskinstance.py:1115} INFO - Executing <Task(BashOperator): mc.mc1.generate_group_mc1.generate_mc1_4> on 2021-10-09T00:00:00+00:00
[2021-10-10 20:36:50,242] {standard_task_runner.py:52} INFO - Started process 14319 to run task
[2021-10-10 20:36:50,245] {standard_task_runner.py:76} INFO - Running: ['airflow', 'tasks', 'run', 'main', 'mc.mc1.generate_group_mc1.generate_mc1_4', '2021-10-09T00:00:00+00:00', '--job-id', '577', '--pool', 'default_pool', '--raw', '--subdir', 'DAGS_FOLDER/main.py', '--cfg-path', '/tmp/tmp_8eoi7am', '--error-file', '/tmp/tmpi2ipg681']
[2021-10-10 20:36:50,245] {standard_task_runner.py:77} INFO - Job 577: Subtask mc.mc1.generate_group_mc1.generate_mc1_4
[2021-10-10 20:36:50,264] {logging_mixin.py:109} INFO - Running <TaskInstance: main.mc.mc1.generate_group_mc1.generate_mc1_4 2021-10-09T00:00:00+00:00 [running]> on host abd
[2021-10-10 20:36:50,289] {taskinstance.py:1252} INFO - Exporting the following env vars:
AIRFLOW_CTX_DAG_OWNER=admin
AIRFLOW_CTX_DAG_ID=main
AIRFLOW_CTX_TASK_ID=mc.mc1.generate_group_mc1.generate_mc1_4
AIRFLOW_CTX_EXECUTION_DATE=2021-10-09T00:00:00+00:00
AIRFLOW_CTX_DAG_RUN_ID=scheduled__2021-10-09T00:00:00+00:00
[2021-10-10 20:36:50,289] {subprocess.py:52} INFO - Tmp dir root location: 
 /tmp
[2021-10-10 20:36:50,289] {subprocess.py:63} INFO - Running command: ['bash', '-c', '\n            set -x\n            source ${thisroot}/thisroot.sh\n            pwd\n            python ${code}/generatetuple.py ${type} ${nevents} ${base_dir}/${type}_${jobnumber}.root\n            ']
[2021-10-10 20:36:50,293] {subprocess.py:74} INFO - Output:
[2021-10-10 20:36:50,294] {subprocess.py:78} INFO - + source /home/abd/root/root/bin/thisroot.sh
[2021-10-10 20:36:50,294] {subprocess.py:78} INFO - ++ '[' -n '' ']'
[2021-10-10 20:36:50,294] {subprocess.py:78} INFO - ++ SOURCE=/home/abd/root/root/bin/thisroot.sh
[2021-10-10 20:36:50,294] {subprocess.py:78} INFO - ++ '[' x/home/abd/root/root/bin/thisroot.sh = x ']'
[2021-10-10 20:36:50,294] {subprocess.py:78} INFO - ++ '[' x/home/abd/root/root/bin/thisroot.sh = x ']'
[2021-10-10 20:36:50,294] {subprocess.py:78} INFO - +++ dirname /home/abd/root/root/bin/thisroot.sh
[2021-10-10 20:36:50,295] {subprocess.py:78} INFO - ++ thisroot=/home/abd/root/root/bin
[2021-10-10 20:36:50,295] {subprocess.py:78} INFO - +++ cd /home/abd/root/root/bin/..
[2021-10-10 20:36:50,295] {subprocess.py:78} INFO - +++ pwd
[2021-10-10 20:36:50,295] {subprocess.py:78} INFO - ++ ROOTSYS=/home/abd/root/root
[2021-10-10 20:36:50,295] {subprocess.py:78} INFO - ++ export ROOTSYS
[2021-10-10 20:36:50,295] {subprocess.py:78} INFO - ++ clean_environment
[2021-10-10 20:36:50,295] {subprocess.py:78} INFO - ++ '[' -n '' ']'
[2021-10-10 20:36:50,295] {subprocess.py:78} INFO - ++ '[' -z '' ']'
[2021-10-10 20:36:50,296] {subprocess.py:78} INFO - ++ command -v manpath
[2021-10-10 20:36:50,296] {subprocess.py:78} INFO - +++ manpath
[2021-10-10 20:36:50,296] {subprocess.py:78} INFO - manpath: warning: $PATH not set
[2021-10-10 20:36:50,296] {subprocess.py:78} INFO - ++ default_manpath=/usr/share/man:/usr/local/share/man
[2021-10-10 20:36:50,297] {subprocess.py:78} INFO - ++ set_environment
[2021-10-10 20:36:50,297] {subprocess.py:78} INFO - ++ '[' -z /usr/local/sbin:/usr/local/bin:/usr/sbin:/usr/bin:/sbin:/bin ']'
[2021-10-10 20:36:50,297] {subprocess.py:78} INFO - ++ PATH=/home/abd/root/root/bin:/usr/local/sbin:/usr/local/bin:/usr/sbin:/usr/bin:/sbin:/bin
[2021-10-10 20:36:50,297] {subprocess.py:78} INFO - ++ export PATH
[2021-10-10 20:36:50,297] {subprocess.py:78} INFO - ++ '[' -z '' ']'
[2021-10-10 20:36:50,297] {subprocess.py:78} INFO - ++ LD_LIBRARY_PATH=/home/abd/root/root/lib
[2021-10-10 20:36:50,297] {subprocess.py:78} INFO - ++ export LD_LIBRARY_PATH
[2021-10-10 20:36:50,297] {subprocess.py:78} INFO - ++ '[' -z '' ']'
[2021-10-10 20:36:50,297] {subprocess.py:78} INFO - ++ DYLD_LIBRARY_PATH=/home/abd/root/root/lib
[2021-10-10 20:36:50,297] {subprocess.py:78} INFO - ++ export DYLD_LIBRARY_PATH
[2021-10-10 20:36:50,297] {subprocess.py:78} INFO - ++ '[' -z '' ']'
[2021-10-10 20:36:50,297] {subprocess.py:78} INFO - ++ SHLIB_PATH=/home/abd/root/root/lib
[2021-10-10 20:36:50,297] {subprocess.py:78} INFO - ++ export SHLIB_PATH
[2021-10-10 20:36:50,297] {subprocess.py:78} INFO - ++ '[' -z '' ']'
[2021-10-10 20:36:50,297] {subprocess.py:78} INFO - ++ LIBPATH=/home/abd/root/root/lib
[2021-10-10 20:36:50,297] {subprocess.py:78} INFO - ++ export LIBPATH
[2021-10-10 20:36:50,297] {subprocess.py:78} INFO - ++ '[' -z '' ']'
[2021-10-10 20:36:50,297] {subprocess.py:78} INFO - ++ PYTHONPATH=/home/abd/root/root/lib
[2021-10-10 20:36:50,297] {subprocess.py:78} INFO - ++ export PYTHONPATH
[2021-10-10 20:36:50,297] {subprocess.py:78} INFO - ++ '[' -z '' ']'
[2021-10-10 20:36:50,297] {subprocess.py:78} INFO - ++ MANPATH=/home/abd/root/root/man:/usr/share/man:/usr/local/share/man
[2021-10-10 20:36:50,297] {subprocess.py:78} INFO - ++ export MANPATH
[2021-10-10 20:36:50,297] {subprocess.py:78} INFO - ++ '[' -z '' ']'
[2021-10-10 20:36:50,297] {subprocess.py:78} INFO - ++ CMAKE_PREFIX_PATH=/home/abd/root/root
[2021-10-10 20:36:50,297] {subprocess.py:78} INFO - ++ export CMAKE_PREFIX_PATH
[2021-10-10 20:36:50,297] {subprocess.py:78} INFO - ++ '[' -z '' ']'
[2021-10-10 20:36:50,297] {subprocess.py:78} INFO - ++ JUPYTER_PATH=/home/abd/root/root/etc/notebook
[2021-10-10 20:36:50,298] {subprocess.py:78} INFO - ++ export JUPYTER_PATH
[2021-10-10 20:36:50,298] {subprocess.py:78} INFO - ++ '[' -z '' ']'
[2021-10-10 20:36:50,298] {subprocess.py:78} INFO - ++ JUPYTER_CONFIG_DIR=/home/abd/root/root/etc/notebook
[2021-10-10 20:36:50,298] {subprocess.py:78} INFO - ++ export JUPYTER_CONFIG_DIR
[2021-10-10 20:36:50,298] {subprocess.py:78} INFO - ++ export CLING_STANDARD_PCH=none
[2021-10-10 20:36:50,298] {subprocess.py:78} INFO - ++ CLING_STANDARD_PCH=none
[2021-10-10 20:36:50,298] {subprocess.py:78} INFO - +++ root-config --arch
[2021-10-10 20:36:50,298] {subprocess.py:78} INFO - +++ grep -v win32gcc
[2021-10-10 20:36:50,298] {subprocess.py:78} INFO - +++ grep -i win32
[2021-10-10 20:36:50,307] {subprocess.py:78} INFO - ++ '[' x '!=' x ']'
[2021-10-10 20:36:50,307] {subprocess.py:78} INFO - ++ unset old_rootsys
[2021-10-10 20:36:50,308] {subprocess.py:78} INFO - ++ unset thisroot
[2021-10-10 20:36:50,308] {subprocess.py:78} INFO - ++ unset -f drop_from_path
[2021-10-10 20:36:50,308] {subprocess.py:78} INFO - ++ unset -f clean_environment
[2021-10-10 20:36:50,308] {subprocess.py:78} INFO - ++ unset -f set_environment
[2021-10-10 20:36:50,308] {subprocess.py:78} INFO - + pwd
[2021-10-10 20:36:50,308] {subprocess.py:78} INFO - /tmp/airflowtmp6xe535_c
[2021-10-10 20:36:50,308] {subprocess.py:78} INFO - + python /home/abd/airflow/code/generatetuple.py mc1 40000 /home/abd/airflow/data/bsm-search/mc1_4.root
[2021-10-10 20:36:51,397] {subprocess.py:82} INFO - Command exited with return code 0
[2021-10-10 20:36:51,411] {taskinstance.py:1212} INFO - Marking task as SUCCESS. dag_id=main, task_id=mc.mc1.generate_group_mc1.generate_mc1_4, execution_date=20211009T000000, start_date=20211010T173650, end_date=20211010T173651
[2021-10-10 20:36:51,459] {local_task_job.py:151} INFO - Task exited with return code 0
[2021-10-10 20:36:51,491] {local_task_job.py:261} INFO - 1 downstream tasks scheduled from follow-on schedule check
