[2021-10-10 17:07:11,896] {taskinstance.py:903} INFO - Dependencies all met for <TaskInstance: example_task_group_decorator.task_group_function__4.task_3 2021-10-09T00:00:00+00:00 [queued]>
[2021-10-10 17:07:11,928] {taskinstance.py:903} INFO - Dependencies all met for <TaskInstance: example_task_group_decorator.task_group_function__4.task_3 2021-10-09T00:00:00+00:00 [queued]>
[2021-10-10 17:07:11,929] {taskinstance.py:1095} INFO - 
--------------------------------------------------------------------------------
[2021-10-10 17:07:11,929] {taskinstance.py:1096} INFO - Starting attempt 1 of 1
[2021-10-10 17:07:11,929] {taskinstance.py:1097} INFO - 
--------------------------------------------------------------------------------
[2021-10-10 17:07:11,940] {taskinstance.py:1115} INFO - Executing <Task(_PythonDecoratedOperator): task_group_function__4.task_3> on 2021-10-09T00:00:00+00:00
[2021-10-10 17:07:11,942] {standard_task_runner.py:52} INFO - Started process 16054 to run task
[2021-10-10 17:07:11,945] {standard_task_runner.py:76} INFO - Running: ['airflow', 'tasks', 'run', 'example_task_group_decorator', 'task_group_function__4.task_3', '2021-10-09T00:00:00+00:00', '--job-id', '84', '--pool', 'default_pool', '--raw', '--subdir', '/usr/local/lib/python3.8/dist-packages/airflow/example_dags/example_task_group_decorator.py', '--cfg-path', '/tmp/tmpss893lwn', '--error-file', '/tmp/tmpgvp90cvz']
[2021-10-10 17:07:11,946] {standard_task_runner.py:77} INFO - Job 84: Subtask task_group_function__4.task_3
[2021-10-10 17:07:11,966] {logging_mixin.py:109} INFO - Running <TaskInstance: example_task_group_decorator.task_group_function__4.task_3 2021-10-09T00:00:00+00:00 [running]> on host abd
[2021-10-10 17:07:11,990] {taskinstance.py:1252} INFO - Exporting the following env vars:
AIRFLOW_CTX_DAG_OWNER=airflow
AIRFLOW_CTX_DAG_ID=example_task_group_decorator
AIRFLOW_CTX_TASK_ID=task_group_function__4.task_3
AIRFLOW_CTX_EXECUTION_DATE=2021-10-09T00:00:00+00:00
AIRFLOW_CTX_DAG_RUN_ID=scheduled__2021-10-09T00:00:00+00:00
[2021-10-10 17:07:11,991] {logging_mixin.py:109} INFO - [ Task3 [ Task2 [ Task1 4 ] ] ]
[2021-10-10 17:07:11,991] {python.py:151} INFO - Done. Returned value was: None
[2021-10-10 17:07:11,994] {taskinstance.py:1212} INFO - Marking task as SUCCESS. dag_id=example_task_group_decorator, task_id=task_group_function__4.task_3, execution_date=20211009T000000, start_date=20211010T140711, end_date=20211010T140711
[2021-10-10 17:07:12,036] {local_task_job.py:151} INFO - Task exited with return code 0
[2021-10-10 17:07:12,051] {local_task_job.py:261} INFO - 1 downstream tasks scheduled from follow-on schedule check
