[2021-10-10 17:07:09,620] {taskinstance.py:903} INFO - Dependencies all met for <TaskInstance: example_task_group_decorator.task_group_function__2.task_3 2021-10-09T00:00:00+00:00 [queued]>
[2021-10-10 17:07:09,627] {taskinstance.py:903} INFO - Dependencies all met for <TaskInstance: example_task_group_decorator.task_group_function__2.task_3 2021-10-09T00:00:00+00:00 [queued]>
[2021-10-10 17:07:09,627] {taskinstance.py:1095} INFO - 
--------------------------------------------------------------------------------
[2021-10-10 17:07:09,627] {taskinstance.py:1096} INFO - Starting attempt 1 of 1
[2021-10-10 17:07:09,628] {taskinstance.py:1097} INFO - 
--------------------------------------------------------------------------------
[2021-10-10 17:07:09,662] {taskinstance.py:1115} INFO - Executing <Task(_PythonDecoratedOperator): task_group_function__2.task_3> on 2021-10-09T00:00:00+00:00
[2021-10-10 17:07:09,663] {standard_task_runner.py:52} INFO - Started process 16048 to run task
[2021-10-10 17:07:09,667] {standard_task_runner.py:76} INFO - Running: ['airflow', 'tasks', 'run', 'example_task_group_decorator', 'task_group_function__2.task_3', '2021-10-09T00:00:00+00:00', '--job-id', '82', '--pool', 'default_pool', '--raw', '--subdir', '/usr/local/lib/python3.8/dist-packages/airflow/example_dags/example_task_group_decorator.py', '--cfg-path', '/tmp/tmptc7u6_gu', '--error-file', '/tmp/tmpzzkrqd4a']
[2021-10-10 17:07:09,667] {standard_task_runner.py:77} INFO - Job 82: Subtask task_group_function__2.task_3
[2021-10-10 17:07:09,685] {logging_mixin.py:109} INFO - Running <TaskInstance: example_task_group_decorator.task_group_function__2.task_3 2021-10-09T00:00:00+00:00 [running]> on host abd
[2021-10-10 17:07:09,710] {taskinstance.py:1252} INFO - Exporting the following env vars:
AIRFLOW_CTX_DAG_OWNER=airflow
AIRFLOW_CTX_DAG_ID=example_task_group_decorator
AIRFLOW_CTX_TASK_ID=task_group_function__2.task_3
AIRFLOW_CTX_EXECUTION_DATE=2021-10-09T00:00:00+00:00
AIRFLOW_CTX_DAG_RUN_ID=scheduled__2021-10-09T00:00:00+00:00
[2021-10-10 17:07:09,710] {logging_mixin.py:109} INFO - [ Task3 [ Task2 [ Task1 2 ] ] ]
[2021-10-10 17:07:09,710] {python.py:151} INFO - Done. Returned value was: None
[2021-10-10 17:07:09,712] {taskinstance.py:1212} INFO - Marking task as SUCCESS. dag_id=example_task_group_decorator, task_id=task_group_function__2.task_3, execution_date=20211009T000000, start_date=20211010T140709, end_date=20211010T140709
[2021-10-10 17:07:09,758] {local_task_job.py:151} INFO - Task exited with return code 0
[2021-10-10 17:07:09,771] {local_task_job.py:261} INFO - 0 downstream tasks scheduled from follow-on schedule check
