[2021-10-10 19:31:45,891] {taskinstance.py:903} INFO - Dependencies all met for <TaskInstance: main.singal.merge_root_group_sig.merge_sig 2021-10-10T16:30:58.729934+00:00 [queued]>
[2021-10-10 19:31:45,898] {taskinstance.py:903} INFO - Dependencies all met for <TaskInstance: main.singal.merge_root_group_sig.merge_sig 2021-10-10T16:30:58.729934+00:00 [queued]>
[2021-10-10 19:31:45,899] {taskinstance.py:1095} INFO - 
--------------------------------------------------------------------------------
[2021-10-10 19:31:45,899] {taskinstance.py:1096} INFO - Starting attempt 1 of 2
[2021-10-10 19:31:45,899] {taskinstance.py:1097} INFO - 
--------------------------------------------------------------------------------
[2021-10-10 19:31:45,910] {taskinstance.py:1115} INFO - Executing <Task(BashOperator): singal.merge_root_group_sig.merge_sig> on 2021-10-10T16:30:58.729934+00:00
[2021-10-10 19:31:45,911] {standard_task_runner.py:52} INFO - Started process 50611 to run task
[2021-10-10 19:31:45,915] {standard_task_runner.py:76} INFO - Running: ['airflow', 'tasks', 'run', 'main', 'singal.merge_root_group_sig.merge_sig', '2021-10-10T16:30:58.729934+00:00', '--job-id', '694', '--pool', 'default_pool', '--raw', '--subdir', 'DAGS_FOLDER/main.py', '--cfg-path', '/tmp/tmpmgjprgzz', '--error-file', '/tmp/tmppit62skt']
[2021-10-10 19:31:45,915] {standard_task_runner.py:77} INFO - Job 694: Subtask singal.merge_root_group_sig.merge_sig
[2021-10-10 19:31:45,937] {logging_mixin.py:109} INFO - Running <TaskInstance: main.singal.merge_root_group_sig.merge_sig 2021-10-10T16:30:58.729934+00:00 [running]> on host abd
[2021-10-10 19:31:45,980] {taskinstance.py:1252} INFO - Exporting the following env vars:
AIRFLOW_CTX_DAG_OWNER=admin
AIRFLOW_CTX_DAG_ID=main
AIRFLOW_CTX_TASK_ID=singal.merge_root_group_sig.merge_sig
AIRFLOW_CTX_EXECUTION_DATE=2021-10-10T16:30:58.729934+00:00
AIRFLOW_CTX_DAG_RUN_ID=manual__2021-10-10T16:30:58.729934+00:00
[2021-10-10 19:31:45,981] {subprocess.py:52} INFO - Tmp dir root location: 
 /tmp
[2021-10-10 19:31:45,981] {subprocess.py:63} INFO - Running command: ['bash', '-c', '\n            set -x\n            BASE_DIR=${base_dir}\n            BASE=${type}\n            END=${njobs}\n            INPUTS=""\n            for ((c=1;c<${END}+1;c++)); do\n                INPUTS="$INPUTS $(printf ${BASE_DIR}/${BASE}_${c}.root)"\n            done\n            echo Inputs: ${INPUTS}\n            source ${thisroot}/thisroot.sh\n            hadd -f ${BASE_DIR}/${BASE}.root ${INPUTS}\n            ']
[2021-10-10 19:31:45,987] {subprocess.py:74} INFO - Output:
[2021-10-10 19:31:45,988] {subprocess.py:78} INFO - + BASE_DIR=/home/abd/airflow/data/bsm-search
[2021-10-10 19:31:45,989] {subprocess.py:78} INFO - + BASE=sig
[2021-10-10 19:31:45,989] {subprocess.py:78} INFO - + END=2
[2021-10-10 19:31:45,989] {subprocess.py:78} INFO - + INPUTS=
[2021-10-10 19:31:45,989] {subprocess.py:78} INFO - + (( c=1 ))
[2021-10-10 19:31:45,989] {subprocess.py:78} INFO - + (( c<2+1 ))
[2021-10-10 19:31:45,989] {subprocess.py:78} INFO - ++ printf /home/abd/airflow/data/bsm-search/sig_1.root
[2021-10-10 19:31:45,989] {subprocess.py:78} INFO - + INPUTS=' /home/abd/airflow/data/bsm-search/sig_1.root'
[2021-10-10 19:31:45,989] {subprocess.py:78} INFO - + (( c++ ))
[2021-10-10 19:31:45,989] {subprocess.py:78} INFO - + (( c<2+1 ))
[2021-10-10 19:31:45,989] {subprocess.py:78} INFO - ++ printf /home/abd/airflow/data/bsm-search/sig_2.root
[2021-10-10 19:31:45,990] {subprocess.py:78} INFO - + INPUTS=' /home/abd/airflow/data/bsm-search/sig_1.root /home/abd/airflow/data/bsm-search/sig_2.root'
[2021-10-10 19:31:45,990] {subprocess.py:78} INFO - + (( c++ ))
[2021-10-10 19:31:45,990] {subprocess.py:78} INFO - + (( c<2+1 ))
[2021-10-10 19:31:45,990] {subprocess.py:78} INFO - + echo Inputs: /home/abd/airflow/data/bsm-search/sig_1.root /home/abd/airflow/data/bsm-search/sig_2.root
[2021-10-10 19:31:45,990] {subprocess.py:78} INFO - Inputs: /home/abd/airflow/data/bsm-search/sig_1.root /home/abd/airflow/data/bsm-search/sig_2.root
[2021-10-10 19:31:45,990] {subprocess.py:78} INFO - + source /home/abd/root/root/bin/thisroot.sh
[2021-10-10 19:31:45,991] {subprocess.py:78} INFO - ++ '[' -n '' ']'
[2021-10-10 19:31:45,991] {subprocess.py:78} INFO - ++ SOURCE=/home/abd/root/root/bin/thisroot.sh
[2021-10-10 19:31:45,991] {subprocess.py:78} INFO - ++ '[' x/home/abd/root/root/bin/thisroot.sh = x ']'
[2021-10-10 19:31:45,991] {subprocess.py:78} INFO - ++ '[' x/home/abd/root/root/bin/thisroot.sh = x ']'
[2021-10-10 19:31:45,991] {subprocess.py:78} INFO - +++ dirname /home/abd/root/root/bin/thisroot.sh
[2021-10-10 19:31:45,992] {subprocess.py:78} INFO - ++ thisroot=/home/abd/root/root/bin
[2021-10-10 19:31:45,993] {subprocess.py:78} INFO - +++ cd /home/abd/root/root/bin/..
[2021-10-10 19:31:45,993] {subprocess.py:78} INFO - +++ pwd
[2021-10-10 19:31:45,993] {subprocess.py:78} INFO - ++ ROOTSYS=/home/abd/root/root
[2021-10-10 19:31:45,993] {subprocess.py:78} INFO - ++ export ROOTSYS
[2021-10-10 19:31:45,993] {subprocess.py:78} INFO - ++ clean_environment
[2021-10-10 19:31:45,993] {subprocess.py:78} INFO - ++ '[' -n '' ']'
[2021-10-10 19:31:45,994] {subprocess.py:78} INFO - ++ '[' -z '' ']'
[2021-10-10 19:31:45,994] {subprocess.py:78} INFO - ++ command -v manpath
[2021-10-10 19:31:45,994] {subprocess.py:78} INFO - +++ manpath
[2021-10-10 19:31:45,995] {subprocess.py:78} INFO - manpath: warning: $PATH not set
[2021-10-10 19:31:45,995] {subprocess.py:78} INFO - ++ default_manpath=/usr/share/man:/usr/local/share/man
[2021-10-10 19:31:45,995] {subprocess.py:78} INFO - ++ set_environment
[2021-10-10 19:31:45,995] {subprocess.py:78} INFO - ++ '[' -z /usr/local/sbin:/usr/local/bin:/usr/sbin:/usr/bin:/sbin:/bin ']'
[2021-10-10 19:31:45,995] {subprocess.py:78} INFO - ++ PATH=/home/abd/root/root/bin:/usr/local/sbin:/usr/local/bin:/usr/sbin:/usr/bin:/sbin:/bin
[2021-10-10 19:31:45,996] {subprocess.py:78} INFO - ++ export PATH
[2021-10-10 19:31:45,996] {subprocess.py:78} INFO - ++ '[' -z '' ']'
[2021-10-10 19:31:45,996] {subprocess.py:78} INFO - ++ LD_LIBRARY_PATH=/home/abd/root/root/lib
[2021-10-10 19:31:45,996] {subprocess.py:78} INFO - ++ export LD_LIBRARY_PATH
[2021-10-10 19:31:45,996] {subprocess.py:78} INFO - ++ '[' -z '' ']'
[2021-10-10 19:31:45,996] {subprocess.py:78} INFO - ++ DYLD_LIBRARY_PATH=/home/abd/root/root/lib
[2021-10-10 19:31:45,996] {subprocess.py:78} INFO - ++ export DYLD_LIBRARY_PATH
[2021-10-10 19:31:45,996] {subprocess.py:78} INFO - ++ '[' -z '' ']'
[2021-10-10 19:31:45,996] {subprocess.py:78} INFO - ++ SHLIB_PATH=/home/abd/root/root/lib
[2021-10-10 19:31:45,996] {subprocess.py:78} INFO - ++ export SHLIB_PATH
[2021-10-10 19:31:45,996] {subprocess.py:78} INFO - ++ '[' -z '' ']'
[2021-10-10 19:31:45,996] {subprocess.py:78} INFO - ++ LIBPATH=/home/abd/root/root/lib
[2021-10-10 19:31:45,996] {subprocess.py:78} INFO - ++ export LIBPATH
[2021-10-10 19:31:45,996] {subprocess.py:78} INFO - ++ '[' -z '' ']'
[2021-10-10 19:31:45,996] {subprocess.py:78} INFO - ++ PYTHONPATH=/home/abd/root/root/lib
[2021-10-10 19:31:45,996] {subprocess.py:78} INFO - ++ export PYTHONPATH
[2021-10-10 19:31:45,996] {subprocess.py:78} INFO - ++ '[' -z '' ']'
[2021-10-10 19:31:45,996] {subprocess.py:78} INFO - ++ MANPATH=/home/abd/root/root/man:/usr/share/man:/usr/local/share/man
[2021-10-10 19:31:45,996] {subprocess.py:78} INFO - ++ export MANPATH
[2021-10-10 19:31:45,996] {subprocess.py:78} INFO - ++ '[' -z '' ']'
[2021-10-10 19:31:45,996] {subprocess.py:78} INFO - ++ CMAKE_PREFIX_PATH=/home/abd/root/root
[2021-10-10 19:31:45,997] {subprocess.py:78} INFO - ++ export CMAKE_PREFIX_PATH
[2021-10-10 19:31:45,997] {subprocess.py:78} INFO - ++ '[' -z '' ']'
[2021-10-10 19:31:45,997] {subprocess.py:78} INFO - ++ JUPYTER_PATH=/home/abd/root/root/etc/notebook
[2021-10-10 19:31:45,997] {subprocess.py:78} INFO - ++ export JUPYTER_PATH
[2021-10-10 19:31:45,997] {subprocess.py:78} INFO - ++ '[' -z '' ']'
[2021-10-10 19:31:45,997] {subprocess.py:78} INFO - ++ JUPYTER_CONFIG_DIR=/home/abd/root/root/etc/notebook
[2021-10-10 19:31:45,997] {subprocess.py:78} INFO - ++ export JUPYTER_CONFIG_DIR
[2021-10-10 19:31:45,997] {subprocess.py:78} INFO - ++ export CLING_STANDARD_PCH=none
[2021-10-10 19:31:45,997] {subprocess.py:78} INFO - ++ CLING_STANDARD_PCH=none
[2021-10-10 19:31:45,997] {subprocess.py:78} INFO - +++ root-config --arch
[2021-10-10 19:31:45,997] {subprocess.py:78} INFO - +++ grep -v win32gcc
[2021-10-10 19:31:45,997] {subprocess.py:78} INFO - +++ grep -i win32
[2021-10-10 19:31:46,008] {subprocess.py:78} INFO - ++ '[' x '!=' x ']'
[2021-10-10 19:31:46,008] {subprocess.py:78} INFO - ++ unset old_rootsys
[2021-10-10 19:31:46,008] {subprocess.py:78} INFO - ++ unset thisroot
[2021-10-10 19:31:46,008] {subprocess.py:78} INFO - ++ unset -f drop_from_path
[2021-10-10 19:31:46,008] {subprocess.py:78} INFO - ++ unset -f clean_environment
[2021-10-10 19:31:46,008] {subprocess.py:78} INFO - ++ unset -f set_environment
[2021-10-10 19:31:46,008] {subprocess.py:78} INFO - + hadd -f /home/abd/airflow/data/bsm-search/sig.root /home/abd/airflow/data/bsm-search/sig_1.root /home/abd/airflow/data/bsm-search/sig_2.root
[2021-10-10 19:31:46,264] {subprocess.py:78} INFO - hadd Target file: /home/abd/airflow/data/bsm-search/sig.root
[2021-10-10 19:31:46,269] {subprocess.py:78} INFO - hadd compression setting for all output: 1
[2021-10-10 19:31:46,318] {subprocess.py:78} INFO - hadd Source file 1: /home/abd/airflow/data/bsm-search/sig_1.root
[2021-10-10 19:31:46,348] {subprocess.py:78} INFO - hadd Source file 2: /home/abd/airflow/data/bsm-search/sig_2.root
[2021-10-10 19:31:46,348] {subprocess.py:78} INFO - hadd Target path: /home/abd/airflow/data/bsm-search/sig.root:/
[2021-10-10 19:31:46,417] {subprocess.py:82} INFO - Command exited with return code 0
[2021-10-10 19:31:46,442] {taskinstance.py:1212} INFO - Marking task as SUCCESS. dag_id=main, task_id=singal.merge_root_group_sig.merge_sig, execution_date=20211010T163058, start_date=20211010T163145, end_date=20211010T163146
[2021-10-10 19:31:46,487] {local_task_job.py:151} INFO - Task exited with return code 0
[2021-10-10 19:31:46,524] {local_task_job.py:261} INFO - 1 downstream tasks scheduled from follow-on schedule check
