[2021-10-10 17:12:14,350] {taskinstance.py:903} INFO - Dependencies all met for <TaskInstance: example_branch_dop_operator_v3.condition 2021-10-08T00:48:00+00:00 [queued]>
[2021-10-10 17:12:14,363] {taskinstance.py:903} INFO - Dependencies all met for <TaskInstance: example_branch_dop_operator_v3.condition 2021-10-08T00:48:00+00:00 [queued]>
[2021-10-10 17:12:14,363] {taskinstance.py:1095} INFO - 
--------------------------------------------------------------------------------
[2021-10-10 17:12:14,363] {taskinstance.py:1096} INFO - Starting attempt 1 of 1
[2021-10-10 17:12:14,363] {taskinstance.py:1097} INFO - 
--------------------------------------------------------------------------------
[2021-10-10 17:12:14,371] {taskinstance.py:1115} INFO - Executing <Task(BranchPythonOperator): condition> on 2021-10-08T00:48:00+00:00
[2021-10-10 17:12:14,372] {standard_task_runner.py:52} INFO - Started process 17752 to run task
[2021-10-10 17:12:14,375] {standard_task_runner.py:76} INFO - Running: ['airflow', 'tasks', 'run', 'example_branch_dop_operator_v3', 'condition', '2021-10-08T00:48:00+00:00', '--job-id', '357', '--pool', 'default_pool', '--raw', '--subdir', '/usr/local/lib/python3.8/dist-packages/airflow/example_dags/example_branch_python_dop_operator_3.py', '--cfg-path', '/tmp/tmp14sp_5i_', '--error-file', '/tmp/tmp71720b3s']
[2021-10-10 17:12:14,375] {standard_task_runner.py:77} INFO - Job 357: Subtask condition
[2021-10-10 17:12:14,396] {logging_mixin.py:109} INFO - Running <TaskInstance: example_branch_dop_operator_v3.condition 2021-10-08T00:48:00+00:00 [running]> on host abd
[2021-10-10 17:12:14,424] {taskinstance.py:1252} INFO - Exporting the following env vars:
AIRFLOW_CTX_DAG_OWNER=airflow
AIRFLOW_CTX_DAG_ID=example_branch_dop_operator_v3
AIRFLOW_CTX_TASK_ID=condition
AIRFLOW_CTX_EXECUTION_DATE=2021-10-08T00:48:00+00:00
AIRFLOW_CTX_DAG_RUN_ID=scheduled__2021-10-08T00:48:00+00:00
[2021-10-10 17:12:14,424] {logging_mixin.py:109} INFO - ------------- exec dttm = 2021-10-08T00:48:00+00:00 and minute = 48
[2021-10-10 17:12:14,424] {python.py:151} INFO - Done. Returned value was: dummy_task_1
[2021-10-10 17:12:14,424] {skipmixin.py:124} INFO - Following branch dummy_task_1
[2021-10-10 17:12:14,426] {skipmixin.py:155} INFO - Skipping tasks ['dummy_task_2']
[2021-10-10 17:12:14,444] {taskinstance.py:1212} INFO - Marking task as SUCCESS. dag_id=example_branch_dop_operator_v3, task_id=condition, execution_date=20211008T004800, start_date=20211010T141214, end_date=20211010T141214
[2021-10-10 17:12:14,466] {local_task_job.py:151} INFO - Task exited with return code 0
[2021-10-10 17:12:14,517] {local_task_job.py:261} INFO - 1 downstream tasks scheduled from follow-on schedule check
