[2021-10-10 17:07:01,267] {taskinstance.py:903} INFO - Dependencies all met for <TaskInstance: example_short_circuit_operator.condition_is_True 2021-10-09T00:00:00+00:00 [queued]>
[2021-10-10 17:07:01,272] {taskinstance.py:903} INFO - Dependencies all met for <TaskInstance: example_short_circuit_operator.condition_is_True 2021-10-09T00:00:00+00:00 [queued]>
[2021-10-10 17:07:01,273] {taskinstance.py:1095} INFO - 
--------------------------------------------------------------------------------
[2021-10-10 17:07:01,273] {taskinstance.py:1096} INFO - Starting attempt 1 of 1
[2021-10-10 17:07:01,273] {taskinstance.py:1097} INFO - 
--------------------------------------------------------------------------------
[2021-10-10 17:07:01,280] {taskinstance.py:1115} INFO - Executing <Task(ShortCircuitOperator): condition_is_True> on 2021-10-09T00:00:00+00:00
[2021-10-10 17:07:01,282] {standard_task_runner.py:52} INFO - Started process 16029 to run task
[2021-10-10 17:07:01,285] {standard_task_runner.py:76} INFO - Running: ['airflow', 'tasks', 'run', 'example_short_circuit_operator', 'condition_is_True', '2021-10-09T00:00:00+00:00', '--job-id', '76', '--pool', 'default_pool', '--raw', '--subdir', '/usr/local/lib/python3.8/dist-packages/airflow/example_dags/example_short_circuit_operator.py', '--cfg-path', '/tmp/tmpn6em5tkh', '--error-file', '/tmp/tmpcbefqwci']
[2021-10-10 17:07:01,285] {standard_task_runner.py:77} INFO - Job 76: Subtask condition_is_True
[2021-10-10 17:07:01,345] {logging_mixin.py:109} INFO - Running <TaskInstance: example_short_circuit_operator.condition_is_True 2021-10-09T00:00:00+00:00 [running]> on host abd
[2021-10-10 17:07:01,366] {taskinstance.py:1252} INFO - Exporting the following env vars:
AIRFLOW_CTX_DAG_OWNER=airflow
AIRFLOW_CTX_DAG_ID=example_short_circuit_operator
AIRFLOW_CTX_TASK_ID=condition_is_True
AIRFLOW_CTX_EXECUTION_DATE=2021-10-09T00:00:00+00:00
AIRFLOW_CTX_DAG_RUN_ID=scheduled__2021-10-09T00:00:00+00:00
[2021-10-10 17:07:01,366] {python.py:151} INFO - Done. Returned value was: True
[2021-10-10 17:07:01,366] {python.py:199} INFO - Condition result is True
[2021-10-10 17:07:01,366] {python.py:202} INFO - Proceeding with downstream tasks...
[2021-10-10 17:07:01,369] {taskinstance.py:1212} INFO - Marking task as SUCCESS. dag_id=example_short_circuit_operator, task_id=condition_is_True, execution_date=20211009T000000, start_date=20211010T140701, end_date=20211010T140701
[2021-10-10 17:07:01,416] {local_task_job.py:151} INFO - Task exited with return code 0
[2021-10-10 17:07:01,472] {local_task_job.py:261} INFO - 1 downstream tasks scheduled from follow-on schedule check
