[2021-10-10 17:03:42,709] {taskinstance.py:903} INFO - Dependencies all met for <TaskInstance: example_bash_operator.runme_0 2021-10-09T00:00:00+00:00 [queued]>
[2021-10-10 17:03:42,718] {taskinstance.py:903} INFO - Dependencies all met for <TaskInstance: example_bash_operator.runme_0 2021-10-09T00:00:00+00:00 [queued]>
[2021-10-10 17:03:42,718] {taskinstance.py:1095} INFO - 
--------------------------------------------------------------------------------
[2021-10-10 17:03:42,718] {taskinstance.py:1096} INFO - Starting attempt 1 of 1
[2021-10-10 17:03:42,718] {taskinstance.py:1097} INFO - 
--------------------------------------------------------------------------------
[2021-10-10 17:03:42,728] {taskinstance.py:1115} INFO - Executing <Task(BashOperator): runme_0> on 2021-10-09T00:00:00+00:00
[2021-10-10 17:03:42,730] {standard_task_runner.py:52} INFO - Started process 15295 to run task
[2021-10-10 17:03:42,734] {standard_task_runner.py:76} INFO - Running: ['airflow', 'tasks', 'run', 'example_bash_operator', 'runme_0', '2021-10-09T00:00:00+00:00', '--job-id', '9', '--pool', 'default_pool', '--raw', '--subdir', '/usr/local/lib/python3.8/dist-packages/airflow/example_dags/example_bash_operator.py', '--cfg-path', '/tmp/tmp75ohsske', '--error-file', '/tmp/tmps84d9nrv']
[2021-10-10 17:03:42,734] {standard_task_runner.py:77} INFO - Job 9: Subtask runme_0
[2021-10-10 17:03:42,812] {logging_mixin.py:109} INFO - Running <TaskInstance: example_bash_operator.runme_0 2021-10-09T00:00:00+00:00 [running]> on host abd
[2021-10-10 17:03:42,839] {taskinstance.py:1252} INFO - Exporting the following env vars:
AIRFLOW_CTX_DAG_OWNER=airflow
AIRFLOW_CTX_DAG_ID=example_bash_operator
AIRFLOW_CTX_TASK_ID=runme_0
AIRFLOW_CTX_EXECUTION_DATE=2021-10-09T00:00:00+00:00
AIRFLOW_CTX_DAG_RUN_ID=scheduled__2021-10-09T00:00:00+00:00
[2021-10-10 17:03:42,839] {subprocess.py:52} INFO - Tmp dir root location: 
 /tmp
[2021-10-10 17:03:42,840] {subprocess.py:63} INFO - Running command: ['bash', '-c', 'echo "example_bash_operator__runme_0__20211009" && sleep 1']
[2021-10-10 17:03:42,845] {subprocess.py:74} INFO - Output:
[2021-10-10 17:03:42,847] {subprocess.py:78} INFO - example_bash_operator__runme_0__20211009
[2021-10-10 17:03:43,847] {subprocess.py:82} INFO - Command exited with return code 0
[2021-10-10 17:03:43,870] {taskinstance.py:1212} INFO - Marking task as SUCCESS. dag_id=example_bash_operator, task_id=runme_0, execution_date=20211009T000000, start_date=20211010T140342, end_date=20211010T140343
[2021-10-10 17:03:43,908] {local_task_job.py:151} INFO - Task exited with return code 0
[2021-10-10 17:03:43,957] {local_task_job.py:261} INFO - 0 downstream tasks scheduled from follow-on schedule check
