[2021-10-10 17:03:54,034] {taskinstance.py:903} INFO - Dependencies all met for <TaskInstance: example_branch_operator.branching 2021-10-08T00:00:00+00:00 [queued]>
[2021-10-10 17:03:54,039] {taskinstance.py:903} INFO - Dependencies all met for <TaskInstance: example_branch_operator.branching 2021-10-08T00:00:00+00:00 [queued]>
[2021-10-10 17:03:54,039] {taskinstance.py:1095} INFO - 
--------------------------------------------------------------------------------
[2021-10-10 17:03:54,039] {taskinstance.py:1096} INFO - Starting attempt 1 of 1
[2021-10-10 17:03:54,039] {taskinstance.py:1097} INFO - 
--------------------------------------------------------------------------------
[2021-10-10 17:03:54,046] {taskinstance.py:1115} INFO - Executing <Task(BranchPythonOperator): branching> on 2021-10-08T00:00:00+00:00
[2021-10-10 17:03:54,048] {standard_task_runner.py:52} INFO - Started process 15320 to run task
[2021-10-10 17:03:54,093] {standard_task_runner.py:76} INFO - Running: ['airflow', 'tasks', 'run', 'example_branch_operator', 'branching', '2021-10-08T00:00:00+00:00', '--job-id', '15', '--pool', 'default_pool', '--raw', '--subdir', '/usr/local/lib/python3.8/dist-packages/airflow/example_dags/example_branch_operator.py', '--cfg-path', '/tmp/tmpj30ntei4', '--error-file', '/tmp/tmp4wrx0ceb']
[2021-10-10 17:03:54,094] {standard_task_runner.py:77} INFO - Job 15: Subtask branching
[2021-10-10 17:03:54,134] {logging_mixin.py:109} INFO - Running <TaskInstance: example_branch_operator.branching 2021-10-08T00:00:00+00:00 [running]> on host abd
[2021-10-10 17:03:54,172] {taskinstance.py:1252} INFO - Exporting the following env vars:
AIRFLOW_CTX_DAG_OWNER=airflow
AIRFLOW_CTX_DAG_ID=example_branch_operator
AIRFLOW_CTX_TASK_ID=branching
AIRFLOW_CTX_EXECUTION_DATE=2021-10-08T00:00:00+00:00
AIRFLOW_CTX_DAG_RUN_ID=scheduled__2021-10-08T00:00:00+00:00
[2021-10-10 17:03:54,172] {python.py:151} INFO - Done. Returned value was: branch_b
[2021-10-10 17:03:54,172] {skipmixin.py:124} INFO - Following branch branch_b
[2021-10-10 17:03:54,175] {skipmixin.py:155} INFO - Skipping tasks ['branch_c', 'branch_a', 'branch_d']
[2021-10-10 17:03:54,194] {taskinstance.py:1212} INFO - Marking task as SUCCESS. dag_id=example_branch_operator, task_id=branching, execution_date=20211008T000000, start_date=20211010T140354, end_date=20211010T140354
[2021-10-10 17:03:54,223] {local_task_job.py:151} INFO - Task exited with return code 0
[2021-10-10 17:03:54,285] {local_task_job.py:261} INFO - 1 downstream tasks scheduled from follow-on schedule check
