[2021-10-10 17:08:02,741] {taskinstance.py:903} INFO - Dependencies all met for <TaskInstance: example_kubernetes_executor.three_task 2021-10-10T14:05:16.534072+00:00 [queued]>
[2021-10-10 17:08:02,747] {taskinstance.py:903} INFO - Dependencies all met for <TaskInstance: example_kubernetes_executor.three_task 2021-10-10T14:05:16.534072+00:00 [queued]>
[2021-10-10 17:08:02,747] {taskinstance.py:1095} INFO - 
--------------------------------------------------------------------------------
[2021-10-10 17:08:02,747] {taskinstance.py:1096} INFO - Starting attempt 1 of 1
[2021-10-10 17:08:02,747] {taskinstance.py:1097} INFO - 
--------------------------------------------------------------------------------
[2021-10-10 17:08:02,781] {taskinstance.py:1115} INFO - Executing <Task(PythonOperator): three_task> on 2021-10-10T14:05:16.534072+00:00
[2021-10-10 17:08:02,782] {standard_task_runner.py:52} INFO - Started process 16191 to run task
[2021-10-10 17:08:02,785] {standard_task_runner.py:76} INFO - Running: ['airflow', 'tasks', 'run', 'example_kubernetes_executor', 'three_task', '2021-10-10T14:05:16.534072+00:00', '--job-id', '120', '--pool', 'default_pool', '--raw', '--subdir', '/usr/local/lib/python3.8/dist-packages/airflow/example_dags/example_kubernetes_executor.py', '--cfg-path', '/tmp/tmpgfsmzu4f', '--error-file', '/tmp/tmp2v97pys3']
[2021-10-10 17:08:02,786] {standard_task_runner.py:77} INFO - Job 120: Subtask three_task
[2021-10-10 17:08:02,807] {logging_mixin.py:109} INFO - Running <TaskInstance: example_kubernetes_executor.three_task 2021-10-10T14:05:16.534072+00:00 [running]> on host abd
[2021-10-10 17:08:02,843] {taskinstance.py:1252} INFO - Exporting the following env vars:
AIRFLOW_CTX_DAG_OWNER=airflow
AIRFLOW_CTX_DAG_ID=example_kubernetes_executor
AIRFLOW_CTX_TASK_ID=three_task
AIRFLOW_CTX_EXECUTION_DATE=2021-10-10T14:05:16.534072+00:00
AIRFLOW_CTX_DAG_RUN_ID=manual__2021-10-10T14:05:16.534072+00:00
[2021-10-10 17:08:02,844] {logging_mixin.py:109} INFO - annotated!
[2021-10-10 17:08:02,844] {python.py:151} INFO - Done. Returned value was: None
[2021-10-10 17:08:02,846] {taskinstance.py:1212} INFO - Marking task as SUCCESS. dag_id=example_kubernetes_executor, task_id=three_task, execution_date=20211010T140516, start_date=20211010T140802, end_date=20211010T140802
[2021-10-10 17:08:02,876] {local_task_job.py:151} INFO - Task exited with return code 0
[2021-10-10 17:08:02,885] {local_task_job.py:261} INFO - 0 downstream tasks scheduled from follow-on schedule check
