[2021-10-10 18:47:29,392] {taskinstance.py:903} INFO - Dependencies all met for <TaskInstance: main.mc.mc2.merge_root_group_mc2.merge_mc2 2021-10-10T15:46:49.922127+00:00 [queued]>
[2021-10-10 18:47:29,397] {taskinstance.py:903} INFO - Dependencies all met for <TaskInstance: main.mc.mc2.merge_root_group_mc2.merge_mc2 2021-10-10T15:46:49.922127+00:00 [queued]>
[2021-10-10 18:47:29,397] {taskinstance.py:1095} INFO - 
--------------------------------------------------------------------------------
[2021-10-10 18:47:29,397] {taskinstance.py:1096} INFO - Starting attempt 1 of 2
[2021-10-10 18:47:29,397] {taskinstance.py:1097} INFO - 
--------------------------------------------------------------------------------
[2021-10-10 18:47:29,405] {taskinstance.py:1115} INFO - Executing <Task(BashOperator): mc.mc2.merge_root_group_mc2.merge_mc2> on 2021-10-10T15:46:49.922127+00:00
[2021-10-10 18:47:29,406] {standard_task_runner.py:52} INFO - Started process 42165 to run task
[2021-10-10 18:47:29,409] {standard_task_runner.py:76} INFO - Running: ['airflow', 'tasks', 'run', 'main', 'mc.mc2.merge_root_group_mc2.merge_mc2', '2021-10-10T15:46:49.922127+00:00', '--job-id', '640', '--pool', 'default_pool', '--raw', '--subdir', 'DAGS_FOLDER/main.py', '--cfg-path', '/tmp/tmp8s054_c0', '--error-file', '/tmp/tmp8n4zrvm9']
[2021-10-10 18:47:29,410] {standard_task_runner.py:77} INFO - Job 640: Subtask mc.mc2.merge_root_group_mc2.merge_mc2
[2021-10-10 18:47:29,427] {logging_mixin.py:109} INFO - Running <TaskInstance: main.mc.mc2.merge_root_group_mc2.merge_mc2 2021-10-10T15:46:49.922127+00:00 [running]> on host abd
[2021-10-10 18:47:29,452] {taskinstance.py:1252} INFO - Exporting the following env vars:
AIRFLOW_CTX_DAG_OWNER=admin
AIRFLOW_CTX_DAG_ID=main
AIRFLOW_CTX_TASK_ID=mc.mc2.merge_root_group_mc2.merge_mc2
AIRFLOW_CTX_EXECUTION_DATE=2021-10-10T15:46:49.922127+00:00
AIRFLOW_CTX_DAG_RUN_ID=manual__2021-10-10T15:46:49.922127+00:00
[2021-10-10 18:47:29,453] {subprocess.py:52} INFO - Tmp dir root location: 
 /tmp
[2021-10-10 18:47:29,453] {subprocess.py:63} INFO - Running command: ['bash', '-c', '\n            set -x\n            BASE_DIR=${base_dir}\n            BASE=${type}\n            END=${njobs}\n            INPUTS=""\n            for ((c=1;c<${END}+1;c++)); do\n                INPUTS="$INPUTS $(printf ${BASE_DIR}/${BASE}_${c}.root)"\n            done\n            echo Inputs: ${INPUTS}\n            source ${thisroot}/thisroot.sh\n            hadd -f ${BASE_DIR}/${BASE}.root ${INPUTS}\n            ']
[2021-10-10 18:47:29,457] {subprocess.py:74} INFO - Output:
[2021-10-10 18:47:29,457] {subprocess.py:78} INFO - + BASE_DIR=/home/abd/airflow/data/bsm-search
[2021-10-10 18:47:29,458] {subprocess.py:78} INFO - + BASE=mc2
[2021-10-10 18:47:29,458] {subprocess.py:78} INFO - + END=4
[2021-10-10 18:47:29,458] {subprocess.py:78} INFO - + INPUTS=
[2021-10-10 18:47:29,458] {subprocess.py:78} INFO - + (( c=1 ))
[2021-10-10 18:47:29,458] {subprocess.py:78} INFO - + (( c<4+1 ))
[2021-10-10 18:47:29,458] {subprocess.py:78} INFO - ++ printf /home/abd/airflow/data/bsm-search/mc2_1.root
[2021-10-10 18:47:29,458] {subprocess.py:78} INFO - + INPUTS=' /home/abd/airflow/data/bsm-search/mc2_1.root'
[2021-10-10 18:47:29,458] {subprocess.py:78} INFO - + (( c++ ))
[2021-10-10 18:47:29,458] {subprocess.py:78} INFO - + (( c<4+1 ))
[2021-10-10 18:47:29,458] {subprocess.py:78} INFO - ++ printf /home/abd/airflow/data/bsm-search/mc2_2.root
[2021-10-10 18:47:29,458] {subprocess.py:78} INFO - + INPUTS=' /home/abd/airflow/data/bsm-search/mc2_1.root /home/abd/airflow/data/bsm-search/mc2_2.root'
[2021-10-10 18:47:29,458] {subprocess.py:78} INFO - + (( c++ ))
[2021-10-10 18:47:29,458] {subprocess.py:78} INFO - + (( c<4+1 ))
[2021-10-10 18:47:29,458] {subprocess.py:78} INFO - ++ printf /home/abd/airflow/data/bsm-search/mc2_3.root
[2021-10-10 18:47:29,459] {subprocess.py:78} INFO - + INPUTS=' /home/abd/airflow/data/bsm-search/mc2_1.root /home/abd/airflow/data/bsm-search/mc2_2.root /home/abd/airflow/data/bsm-search/mc2_3.root'
[2021-10-10 18:47:29,459] {subprocess.py:78} INFO - + (( c++ ))
[2021-10-10 18:47:29,459] {subprocess.py:78} INFO - + (( c<4+1 ))
[2021-10-10 18:47:29,459] {subprocess.py:78} INFO - ++ printf /home/abd/airflow/data/bsm-search/mc2_4.root
[2021-10-10 18:47:29,459] {subprocess.py:78} INFO - + INPUTS=' /home/abd/airflow/data/bsm-search/mc2_1.root /home/abd/airflow/data/bsm-search/mc2_2.root /home/abd/airflow/data/bsm-search/mc2_3.root /home/abd/airflow/data/bsm-search/mc2_4.root'
[2021-10-10 18:47:29,459] {subprocess.py:78} INFO - + (( c++ ))
[2021-10-10 18:47:29,459] {subprocess.py:78} INFO - + (( c<4+1 ))
[2021-10-10 18:47:29,459] {subprocess.py:78} INFO - + echo Inputs: /home/abd/airflow/data/bsm-search/mc2_1.root /home/abd/airflow/data/bsm-search/mc2_2.root /home/abd/airflow/data/bsm-search/mc2_3.root /home/abd/airflow/data/bsm-search/mc2_4.root
[2021-10-10 18:47:29,459] {subprocess.py:78} INFO - Inputs: /home/abd/airflow/data/bsm-search/mc2_1.root /home/abd/airflow/data/bsm-search/mc2_2.root /home/abd/airflow/data/bsm-search/mc2_3.root /home/abd/airflow/data/bsm-search/mc2_4.root
[2021-10-10 18:47:29,459] {subprocess.py:78} INFO - + source /home/abd/root/root/bin/thisroot.sh
[2021-10-10 18:47:29,459] {subprocess.py:78} INFO - ++ '[' -n '' ']'
[2021-10-10 18:47:29,460] {subprocess.py:78} INFO - ++ SOURCE=/home/abd/root/root/bin/thisroot.sh
[2021-10-10 18:47:29,460] {subprocess.py:78} INFO - ++ '[' x/home/abd/root/root/bin/thisroot.sh = x ']'
[2021-10-10 18:47:29,460] {subprocess.py:78} INFO - ++ '[' x/home/abd/root/root/bin/thisroot.sh = x ']'
[2021-10-10 18:47:29,460] {subprocess.py:78} INFO - +++ dirname /home/abd/root/root/bin/thisroot.sh
[2021-10-10 18:47:29,460] {subprocess.py:78} INFO - ++ thisroot=/home/abd/root/root/bin
[2021-10-10 18:47:29,461] {subprocess.py:78} INFO - +++ cd /home/abd/root/root/bin/..
[2021-10-10 18:47:29,461] {subprocess.py:78} INFO - +++ pwd
[2021-10-10 18:47:29,461] {subprocess.py:78} INFO - ++ ROOTSYS=/home/abd/root/root
[2021-10-10 18:47:29,461] {subprocess.py:78} INFO - ++ export ROOTSYS
[2021-10-10 18:47:29,461] {subprocess.py:78} INFO - ++ clean_environment
[2021-10-10 18:47:29,461] {subprocess.py:78} INFO - ++ '[' -n '' ']'
[2021-10-10 18:47:29,461] {subprocess.py:78} INFO - ++ '[' -z '' ']'
[2021-10-10 18:47:29,461] {subprocess.py:78} INFO - ++ command -v manpath
[2021-10-10 18:47:29,461] {subprocess.py:78} INFO - +++ manpath
[2021-10-10 18:47:29,462] {subprocess.py:78} INFO - manpath: warning: $PATH not set
[2021-10-10 18:47:29,462] {subprocess.py:78} INFO - ++ default_manpath=/usr/share/man:/usr/local/share/man
[2021-10-10 18:47:29,462] {subprocess.py:78} INFO - ++ set_environment
[2021-10-10 18:47:29,462] {subprocess.py:78} INFO - ++ '[' -z /usr/local/sbin:/usr/local/bin:/usr/sbin:/usr/bin:/sbin:/bin ']'
[2021-10-10 18:47:29,462] {subprocess.py:78} INFO - ++ PATH=/home/abd/root/root/bin:/usr/local/sbin:/usr/local/bin:/usr/sbin:/usr/bin:/sbin:/bin
[2021-10-10 18:47:29,462] {subprocess.py:78} INFO - ++ export PATH
[2021-10-10 18:47:29,462] {subprocess.py:78} INFO - ++ '[' -z '' ']'
[2021-10-10 18:47:29,462] {subprocess.py:78} INFO - ++ LD_LIBRARY_PATH=/home/abd/root/root/lib
[2021-10-10 18:47:29,462] {subprocess.py:78} INFO - ++ export LD_LIBRARY_PATH
[2021-10-10 18:47:29,462] {subprocess.py:78} INFO - ++ '[' -z '' ']'
[2021-10-10 18:47:29,462] {subprocess.py:78} INFO - ++ DYLD_LIBRARY_PATH=/home/abd/root/root/lib
[2021-10-10 18:47:29,462] {subprocess.py:78} INFO - ++ export DYLD_LIBRARY_PATH
[2021-10-10 18:47:29,462] {subprocess.py:78} INFO - ++ '[' -z '' ']'
[2021-10-10 18:47:29,462] {subprocess.py:78} INFO - ++ SHLIB_PATH=/home/abd/root/root/lib
[2021-10-10 18:47:29,462] {subprocess.py:78} INFO - ++ export SHLIB_PATH
[2021-10-10 18:47:29,462] {subprocess.py:78} INFO - ++ '[' -z '' ']'
[2021-10-10 18:47:29,462] {subprocess.py:78} INFO - ++ LIBPATH=/home/abd/root/root/lib
[2021-10-10 18:47:29,462] {subprocess.py:78} INFO - ++ export LIBPATH
[2021-10-10 18:47:29,463] {subprocess.py:78} INFO - ++ '[' -z '' ']'
[2021-10-10 18:47:29,463] {subprocess.py:78} INFO - ++ PYTHONPATH=/home/abd/root/root/lib
[2021-10-10 18:47:29,463] {subprocess.py:78} INFO - ++ export PYTHONPATH
[2021-10-10 18:47:29,463] {subprocess.py:78} INFO - ++ '[' -z '' ']'
[2021-10-10 18:47:29,463] {subprocess.py:78} INFO - ++ MANPATH=/home/abd/root/root/man:/usr/share/man:/usr/local/share/man
[2021-10-10 18:47:29,463] {subprocess.py:78} INFO - ++ export MANPATH
[2021-10-10 18:47:29,463] {subprocess.py:78} INFO - ++ '[' -z '' ']'
[2021-10-10 18:47:29,463] {subprocess.py:78} INFO - ++ CMAKE_PREFIX_PATH=/home/abd/root/root
[2021-10-10 18:47:29,463] {subprocess.py:78} INFO - ++ export CMAKE_PREFIX_PATH
[2021-10-10 18:47:29,463] {subprocess.py:78} INFO - ++ '[' -z '' ']'
[2021-10-10 18:47:29,463] {subprocess.py:78} INFO - ++ JUPYTER_PATH=/home/abd/root/root/etc/notebook
[2021-10-10 18:47:29,463] {subprocess.py:78} INFO - ++ export JUPYTER_PATH
[2021-10-10 18:47:29,463] {subprocess.py:78} INFO - ++ '[' -z '' ']'
[2021-10-10 18:47:29,463] {subprocess.py:78} INFO - ++ JUPYTER_CONFIG_DIR=/home/abd/root/root/etc/notebook
[2021-10-10 18:47:29,463] {subprocess.py:78} INFO - ++ export JUPYTER_CONFIG_DIR
[2021-10-10 18:47:29,463] {subprocess.py:78} INFO - ++ export CLING_STANDARD_PCH=none
[2021-10-10 18:47:29,463] {subprocess.py:78} INFO - ++ CLING_STANDARD_PCH=none
[2021-10-10 18:47:29,463] {subprocess.py:78} INFO - +++ root-config --arch
[2021-10-10 18:47:29,463] {subprocess.py:78} INFO - +++ grep -i win32
[2021-10-10 18:47:29,463] {subprocess.py:78} INFO - +++ grep -v win32gcc
[2021-10-10 18:47:29,473] {subprocess.py:78} INFO - ++ '[' x '!=' x ']'
[2021-10-10 18:47:29,473] {subprocess.py:78} INFO - ++ unset old_rootsys
[2021-10-10 18:47:29,473] {subprocess.py:78} INFO - ++ unset thisroot
[2021-10-10 18:47:29,473] {subprocess.py:78} INFO - ++ unset -f drop_from_path
[2021-10-10 18:47:29,473] {subprocess.py:78} INFO - ++ unset -f clean_environment
[2021-10-10 18:47:29,473] {subprocess.py:78} INFO - ++ unset -f set_environment
[2021-10-10 18:47:29,473] {subprocess.py:78} INFO - + hadd -f /home/abd/airflow/data/bsm-search/mc2.root /home/abd/airflow/data/bsm-search/mc2_1.root /home/abd/airflow/data/bsm-search/mc2_2.root /home/abd/airflow/data/bsm-search/mc2_3.root /home/abd/airflow/data/bsm-search/mc2_4.root
[2021-10-10 18:47:29,734] {subprocess.py:78} INFO - hadd Target file: /home/abd/airflow/data/bsm-search/mc2.root
[2021-10-10 18:47:29,738] {subprocess.py:78} INFO - hadd compression setting for all output: 1
[2021-10-10 18:47:29,785] {subprocess.py:78} INFO - hadd Source file 1: /home/abd/airflow/data/bsm-search/mc2_1.root
[2021-10-10 18:47:29,808] {subprocess.py:78} INFO - hadd Source file 2: /home/abd/airflow/data/bsm-search/mc2_2.root
[2021-10-10 18:47:29,809] {subprocess.py:78} INFO - hadd Source file 3: /home/abd/airflow/data/bsm-search/mc2_3.root
[2021-10-10 18:47:29,809] {subprocess.py:78} INFO - hadd Source file 4: /home/abd/airflow/data/bsm-search/mc2_4.root
[2021-10-10 18:47:29,809] {subprocess.py:78} INFO - hadd Target path: /home/abd/airflow/data/bsm-search/mc2.root:/
[2021-10-10 18:47:29,880] {subprocess.py:82} INFO - Command exited with return code 0
[2021-10-10 18:47:29,893] {taskinstance.py:1212} INFO - Marking task as SUCCESS. dag_id=main, task_id=mc.mc2.merge_root_group_mc2.merge_mc2, execution_date=20211010T154649, start_date=20211010T154729, end_date=20211010T154729
[2021-10-10 18:47:29,942] {local_task_job.py:151} INFO - Task exited with return code 0
[2021-10-10 18:47:29,983] {local_task_job.py:261} INFO - 3 downstream tasks scheduled from follow-on schedule check
