[2021-10-10 17:09:34,810] {taskinstance.py:903} INFO - Dependencies all met for <TaskInstance: latest_only.latest_only 2021-10-10T00:00:00+00:00 [queued]>
[2021-10-10 17:09:34,815] {taskinstance.py:903} INFO - Dependencies all met for <TaskInstance: latest_only.latest_only 2021-10-10T00:00:00+00:00 [queued]>
[2021-10-10 17:09:34,815] {taskinstance.py:1095} INFO - 
--------------------------------------------------------------------------------
[2021-10-10 17:09:34,815] {taskinstance.py:1096} INFO - Starting attempt 1 of 1
[2021-10-10 17:09:34,815] {taskinstance.py:1097} INFO - 
--------------------------------------------------------------------------------
[2021-10-10 17:09:34,821] {taskinstance.py:1115} INFO - Executing <Task(LatestOnlyOperator): latest_only> on 2021-10-10T00:00:00+00:00
[2021-10-10 17:09:34,822] {standard_task_runner.py:52} INFO - Started process 16792 to run task
[2021-10-10 17:09:34,825] {standard_task_runner.py:76} INFO - Running: ['airflow', 'tasks', 'run', 'latest_only', 'latest_only', '2021-10-10T00:00:00+00:00', '--job-id', '203', '--pool', 'default_pool', '--raw', '--subdir', '/usr/local/lib/python3.8/dist-packages/airflow/example_dags/example_latest_only.py', '--cfg-path', '/tmp/tmp92plrbfx', '--error-file', '/tmp/tmpvrscu3bl']
[2021-10-10 17:09:34,826] {standard_task_runner.py:77} INFO - Job 203: Subtask latest_only
[2021-10-10 17:09:34,844] {logging_mixin.py:109} INFO - Running <TaskInstance: latest_only.latest_only 2021-10-10T00:00:00+00:00 [running]> on host abd
[2021-10-10 17:09:34,879] {taskinstance.py:1252} INFO - Exporting the following env vars:
AIRFLOW_CTX_DAG_OWNER=airflow
AIRFLOW_CTX_DAG_ID=latest_only
AIRFLOW_CTX_TASK_ID=latest_only
AIRFLOW_CTX_EXECUTION_DATE=2021-10-10T00:00:00+00:00
AIRFLOW_CTX_DAG_RUN_ID=scheduled__2021-10-10T00:00:00+00:00
[2021-10-10 17:09:34,879] {latest_only.py:53} INFO - Checking latest only with left_window: 2021-10-10T04:00:00+00:00 right_window: 2021-10-10T08:00:00+00:00 now: 2021-10-10T14:09:34.879678+00:00
[2021-10-10 17:09:34,880] {latest_only.py:61} INFO - Not latest execution, skipping downstream.
[2021-10-10 17:09:34,880] {skipmixin.py:124} INFO - Following branch []
[2021-10-10 17:09:34,882] {skipmixin.py:155} INFO - Skipping tasks ['task1']
[2021-10-10 17:09:34,900] {taskinstance.py:1212} INFO - Marking task as SUCCESS. dag_id=latest_only, task_id=latest_only, execution_date=20211010T000000, start_date=20211010T140934, end_date=20211010T140934
[2021-10-10 17:09:34,916] {local_task_job.py:151} INFO - Task exited with return code 0
[2021-10-10 17:09:34,925] {local_task_job.py:261} INFO - 0 downstream tasks scheduled from follow-on schedule check
