[2021-10-10 17:06:20,364] {taskinstance.py:903} INFO - Dependencies all met for <TaskInstance: example_kubernetes_executor.start_task 2021-10-10T14:05:16.534072+00:00 [queued]>
[2021-10-10 17:06:20,372] {taskinstance.py:903} INFO - Dependencies all met for <TaskInstance: example_kubernetes_executor.start_task 2021-10-10T14:05:16.534072+00:00 [queued]>
[2021-10-10 17:06:20,372] {taskinstance.py:1095} INFO - 
--------------------------------------------------------------------------------
[2021-10-10 17:06:20,373] {taskinstance.py:1096} INFO - Starting attempt 1 of 1
[2021-10-10 17:06:20,373] {taskinstance.py:1097} INFO - 
--------------------------------------------------------------------------------
[2021-10-10 17:06:20,382] {taskinstance.py:1115} INFO - Executing <Task(PythonOperator): start_task> on 2021-10-10T14:05:16.534072+00:00
[2021-10-10 17:06:20,384] {standard_task_runner.py:52} INFO - Started process 15931 to run task
[2021-10-10 17:06:20,391] {standard_task_runner.py:76} INFO - Running: ['airflow', 'tasks', 'run', 'example_kubernetes_executor', 'start_task', '2021-10-10T14:05:16.534072+00:00', '--job-id', '48', '--pool', 'default_pool', '--raw', '--subdir', '/usr/local/lib/python3.8/dist-packages/airflow/example_dags/example_kubernetes_executor.py', '--cfg-path', '/tmp/tmpsy727nof', '--error-file', '/tmp/tmp2k2g1k33']
[2021-10-10 17:06:20,391] {standard_task_runner.py:77} INFO - Job 48: Subtask start_task
[2021-10-10 17:06:20,473] {logging_mixin.py:109} INFO - Running <TaskInstance: example_kubernetes_executor.start_task 2021-10-10T14:05:16.534072+00:00 [running]> on host abd
[2021-10-10 17:06:20,508] {taskinstance.py:1252} INFO - Exporting the following env vars:
AIRFLOW_CTX_DAG_OWNER=airflow
AIRFLOW_CTX_DAG_ID=example_kubernetes_executor
AIRFLOW_CTX_TASK_ID=start_task
AIRFLOW_CTX_EXECUTION_DATE=2021-10-10T14:05:16.534072+00:00
AIRFLOW_CTX_DAG_RUN_ID=manual__2021-10-10T14:05:16.534072+00:00
[2021-10-10 17:06:20,509] {logging_mixin.py:109} INFO - annotated!
[2021-10-10 17:06:20,509] {python.py:151} INFO - Done. Returned value was: None
[2021-10-10 17:06:20,513] {taskinstance.py:1212} INFO - Marking task as SUCCESS. dag_id=example_kubernetes_executor, task_id=start_task, execution_date=20211010T140516, start_date=20211010T140620, end_date=20211010T140620
[2021-10-10 17:06:20,561] {local_task_job.py:151} INFO - Task exited with return code 0
[2021-10-10 17:06:20,625] {local_task_job.py:261} INFO - 4 downstream tasks scheduled from follow-on schedule check
