[2021-10-10 17:06:43,453] {taskinstance.py:903} INFO - Dependencies all met for <TaskInstance: latest_only.latest_only 2021-10-08T00:00:00+00:00 [queued]>
[2021-10-10 17:06:43,461] {taskinstance.py:903} INFO - Dependencies all met for <TaskInstance: latest_only.latest_only 2021-10-08T00:00:00+00:00 [queued]>
[2021-10-10 17:06:43,462] {taskinstance.py:1095} INFO - 
--------------------------------------------------------------------------------
[2021-10-10 17:06:43,462] {taskinstance.py:1096} INFO - Starting attempt 1 of 1
[2021-10-10 17:06:43,462] {taskinstance.py:1097} INFO - 
--------------------------------------------------------------------------------
[2021-10-10 17:06:43,470] {taskinstance.py:1115} INFO - Executing <Task(LatestOnlyOperator): latest_only> on 2021-10-08T00:00:00+00:00
[2021-10-10 17:06:43,472] {standard_task_runner.py:52} INFO - Started process 15985 to run task
[2021-10-10 17:06:43,476] {standard_task_runner.py:76} INFO - Running: ['airflow', 'tasks', 'run', 'latest_only', 'latest_only', '2021-10-08T00:00:00+00:00', '--job-id', '63', '--pool', 'default_pool', '--raw', '--subdir', '/usr/local/lib/python3.8/dist-packages/airflow/example_dags/example_latest_only.py', '--cfg-path', '/tmp/tmpa2u1fnj_', '--error-file', '/tmp/tmp9_mifb3b']
[2021-10-10 17:06:43,476] {standard_task_runner.py:77} INFO - Job 63: Subtask latest_only
[2021-10-10 17:06:43,534] {logging_mixin.py:109} INFO - Running <TaskInstance: latest_only.latest_only 2021-10-08T00:00:00+00:00 [running]> on host abd
[2021-10-10 17:06:43,563] {taskinstance.py:1252} INFO - Exporting the following env vars:
AIRFLOW_CTX_DAG_OWNER=airflow
AIRFLOW_CTX_DAG_ID=latest_only
AIRFLOW_CTX_TASK_ID=latest_only
AIRFLOW_CTX_EXECUTION_DATE=2021-10-08T00:00:00+00:00
AIRFLOW_CTX_DAG_RUN_ID=scheduled__2021-10-08T00:00:00+00:00
[2021-10-10 17:06:43,563] {latest_only.py:53} INFO - Checking latest only with left_window: 2021-10-08T04:00:00+00:00 right_window: 2021-10-08T08:00:00+00:00 now: 2021-10-10T14:06:43.563809+00:00
[2021-10-10 17:06:43,564] {latest_only.py:61} INFO - Not latest execution, skipping downstream.
[2021-10-10 17:06:43,564] {skipmixin.py:124} INFO - Following branch []
[2021-10-10 17:06:43,567] {skipmixin.py:155} INFO - Skipping tasks ['task1']
[2021-10-10 17:06:43,598] {taskinstance.py:1212} INFO - Marking task as SUCCESS. dag_id=latest_only, task_id=latest_only, execution_date=20211008T000000, start_date=20211010T140643, end_date=20211010T140643
[2021-10-10 17:06:43,646] {local_task_job.py:151} INFO - Task exited with return code 0
[2021-10-10 17:06:43,687] {local_task_job.py:261} INFO - 0 downstream tasks scheduled from follow-on schedule check
