[2021-10-10 17:07:46,805] {taskinstance.py:903} INFO - Dependencies all met for <TaskInstance: tutorial.sleep 2021-10-08T00:00:00+00:00 [queued]>
[2021-10-10 17:07:46,811] {taskinstance.py:903} INFO - Dependencies all met for <TaskInstance: tutorial.sleep 2021-10-08T00:00:00+00:00 [queued]>
[2021-10-10 17:07:46,811] {taskinstance.py:1095} INFO - 
--------------------------------------------------------------------------------
[2021-10-10 17:07:46,811] {taskinstance.py:1096} INFO - Starting attempt 1 of 4
[2021-10-10 17:07:46,811] {taskinstance.py:1097} INFO - 
--------------------------------------------------------------------------------
[2021-10-10 17:07:46,817] {taskinstance.py:1115} INFO - Executing <Task(BashOperator): sleep> on 2021-10-08T00:00:00+00:00
[2021-10-10 17:07:46,819] {standard_task_runner.py:52} INFO - Started process 16152 to run task
[2021-10-10 17:07:46,822] {standard_task_runner.py:76} INFO - Running: ['airflow', 'tasks', 'run', 'tutorial', 'sleep', '2021-10-08T00:00:00+00:00', '--job-id', '111', '--pool', 'default_pool', '--raw', '--subdir', '/usr/local/lib/python3.8/dist-packages/airflow/example_dags/tutorial.py', '--cfg-path', '/tmp/tmphq3yhn5t', '--error-file', '/tmp/tmpu7yjvoi2']
[2021-10-10 17:07:46,822] {standard_task_runner.py:77} INFO - Job 111: Subtask sleep
[2021-10-10 17:07:46,875] {logging_mixin.py:109} INFO - Running <TaskInstance: tutorial.sleep 2021-10-08T00:00:00+00:00 [running]> on host abd
[2021-10-10 17:07:46,895] {taskinstance.py:1252} INFO - Exporting the following env vars:
AIRFLOW_CTX_DAG_EMAIL=airflow@example.com
AIRFLOW_CTX_DAG_OWNER=airflow
AIRFLOW_CTX_DAG_ID=tutorial
AIRFLOW_CTX_TASK_ID=sleep
AIRFLOW_CTX_EXECUTION_DATE=2021-10-08T00:00:00+00:00
AIRFLOW_CTX_DAG_RUN_ID=scheduled__2021-10-08T00:00:00+00:00
[2021-10-10 17:07:46,895] {subprocess.py:52} INFO - Tmp dir root location: 
 /tmp
[2021-10-10 17:07:46,895] {subprocess.py:63} INFO - Running command: ['bash', '-c', 'sleep 5']
[2021-10-10 17:07:46,899] {subprocess.py:74} INFO - Output:
[2021-10-10 17:07:51,901] {subprocess.py:82} INFO - Command exited with return code 0
[2021-10-10 17:07:51,935] {taskinstance.py:1212} INFO - Marking task as SUCCESS. dag_id=tutorial, task_id=sleep, execution_date=20211008T000000, start_date=20211010T140746, end_date=20211010T140751
[2021-10-10 17:07:51,948] {local_task_job.py:208} WARNING - State of this instance has been externally set to success. Terminating instance.
[2021-10-10 17:07:51,956] {process_utils.py:100} INFO - Sending Signals.SIGTERM to GPID 16152
[2021-10-10 17:07:51,956] {process_utils.py:66} INFO - Process psutil.Process(pid=16152, status='terminated', exitcode=0, started='17:07:45') (16152) terminated with exit code 0
