[2021-10-10 17:07:45,684] {taskinstance.py:903} INFO - Dependencies all met for <TaskInstance: example_dag_decorator.prepare_email 2021-10-10T14:06:28.150306+00:00 [queued]>
[2021-10-10 17:07:45,688] {taskinstance.py:903} INFO - Dependencies all met for <TaskInstance: example_dag_decorator.prepare_email 2021-10-10T14:06:28.150306+00:00 [queued]>
[2021-10-10 17:07:45,688] {taskinstance.py:1095} INFO - 
--------------------------------------------------------------------------------
[2021-10-10 17:07:45,688] {taskinstance.py:1096} INFO - Starting attempt 1 of 1
[2021-10-10 17:07:45,688] {taskinstance.py:1097} INFO - 
--------------------------------------------------------------------------------
[2021-10-10 17:07:45,695] {taskinstance.py:1115} INFO - Executing <Task(_PythonDecoratedOperator): prepare_email> on 2021-10-10T14:06:28.150306+00:00
[2021-10-10 17:07:45,699] {standard_task_runner.py:52} INFO - Started process 16149 to run task
[2021-10-10 17:07:45,705] {standard_task_runner.py:76} INFO - Running: ['airflow', 'tasks', 'run', 'example_dag_decorator', 'prepare_email', '2021-10-10T14:06:28.150306+00:00', '--job-id', '110', '--pool', 'default_pool', '--raw', '--subdir', '/usr/local/lib/python3.8/dist-packages/airflow/example_dags/example_dag_decorator.py', '--cfg-path', '/tmp/tmpr8r4dyk_', '--error-file', '/tmp/tmprfhxh20a']
[2021-10-10 17:07:45,705] {standard_task_runner.py:77} INFO - Job 110: Subtask prepare_email
[2021-10-10 17:07:45,758] {logging_mixin.py:109} INFO - Running <TaskInstance: example_dag_decorator.prepare_email 2021-10-10T14:06:28.150306+00:00 [running]> on host abd
[2021-10-10 17:07:45,779] {taskinstance.py:1252} INFO - Exporting the following env vars:
AIRFLOW_CTX_DAG_OWNER=airflow
AIRFLOW_CTX_DAG_ID=example_dag_decorator
AIRFLOW_CTX_TASK_ID=prepare_email
AIRFLOW_CTX_EXECUTION_DATE=2021-10-10T14:06:28.150306+00:00
AIRFLOW_CTX_DAG_RUN_ID=manual__2021-10-10T14:06:28.150306+00:00
[2021-10-10 17:07:45,779] {python.py:151} INFO - Done. Returned value was: {'subject': 'Server connected from 94.249.31.68', 'body': 'Seems like today your server executing Airflow is connected from IP 94.249.31.68<br>'}
[2021-10-10 17:07:45,803] {taskinstance.py:1212} INFO - Marking task as SUCCESS. dag_id=example_dag_decorator, task_id=prepare_email, execution_date=20211010T140628, start_date=20211010T140745, end_date=20211010T140745
[2021-10-10 17:07:45,835] {local_task_job.py:151} INFO - Task exited with return code 0
[2021-10-10 17:07:45,875] {baseoperator.py:1295} WARNING - Dependency <Task(_PythonDecoratedOperator): prepare_email>, send_email already registered for DAG: example_dag_decorator
[2021-10-10 17:07:45,875] {baseoperator.py:1295} WARNING - Dependency <Task(EmailOperator): send_email>, prepare_email already registered for DAG: example_dag_decorator
[2021-10-10 17:07:45,875] {baseoperator.py:1295} WARNING - Dependency <Task(_PythonDecoratedOperator): prepare_email>, send_email already registered for DAG: example_dag_decorator
[2021-10-10 17:07:45,875] {baseoperator.py:1295} WARNING - Dependency <Task(EmailOperator): send_email>, prepare_email already registered for DAG: example_dag_decorator
[2021-10-10 17:07:45,875] {baseoperator.py:1295} WARNING - Dependency <Task(_PythonDecoratedOperator): prepare_email>, send_email already registered for DAG: example_dag_decorator
[2021-10-10 17:07:45,875] {baseoperator.py:1295} WARNING - Dependency <Task(EmailOperator): send_email>, prepare_email already registered for DAG: example_dag_decorator
[2021-10-10 17:07:45,876] {baseoperator.py:1295} WARNING - Dependency <Task(_PythonDecoratedOperator): prepare_email>, send_email already registered for DAG: example_dag_decorator
[2021-10-10 17:07:45,876] {baseoperator.py:1295} WARNING - Dependency <Task(EmailOperator): send_email>, prepare_email already registered for DAG: example_dag_decorator
[2021-10-10 17:07:45,876] {baseoperator.py:1295} WARNING - Dependency <Task(_PythonDecoratedOperator): prepare_email>, send_email already registered for DAG: example_dag_decorator
[2021-10-10 17:07:45,876] {baseoperator.py:1295} WARNING - Dependency <Task(EmailOperator): send_email>, prepare_email already registered for DAG: example_dag_decorator
[2021-10-10 17:07:45,887] {local_task_job.py:261} INFO - 1 downstream tasks scheduled from follow-on schedule check
