[2021-10-10 17:06:35,422] {taskinstance.py:903} INFO - Dependencies all met for <TaskInstance: example_task_group_decorator.task_group_function.task_3 2021-10-08T00:00:00+00:00 [queued]>
[2021-10-10 17:06:35,431] {taskinstance.py:903} INFO - Dependencies all met for <TaskInstance: example_task_group_decorator.task_group_function.task_3 2021-10-08T00:00:00+00:00 [queued]>
[2021-10-10 17:06:35,431] {taskinstance.py:1095} INFO - 
--------------------------------------------------------------------------------
[2021-10-10 17:06:35,431] {taskinstance.py:1096} INFO - Starting attempt 1 of 1
[2021-10-10 17:06:35,431] {taskinstance.py:1097} INFO - 
--------------------------------------------------------------------------------
[2021-10-10 17:06:35,481] {taskinstance.py:1115} INFO - Executing <Task(_PythonDecoratedOperator): task_group_function.task_3> on 2021-10-08T00:00:00+00:00
[2021-10-10 17:06:35,484] {standard_task_runner.py:52} INFO - Started process 15967 to run task
[2021-10-10 17:06:35,488] {standard_task_runner.py:76} INFO - Running: ['airflow', 'tasks', 'run', 'example_task_group_decorator', 'task_group_function.task_3', '2021-10-08T00:00:00+00:00', '--job-id', '57', '--pool', 'default_pool', '--raw', '--subdir', '/usr/local/lib/python3.8/dist-packages/airflow/example_dags/example_task_group_decorator.py', '--cfg-path', '/tmp/tmp1tyura39', '--error-file', '/tmp/tmpephft2x7']
[2021-10-10 17:06:35,488] {standard_task_runner.py:77} INFO - Job 57: Subtask task_group_function.task_3
[2021-10-10 17:06:35,518] {logging_mixin.py:109} INFO - Running <TaskInstance: example_task_group_decorator.task_group_function.task_3 2021-10-08T00:00:00+00:00 [running]> on host abd
[2021-10-10 17:06:35,559] {taskinstance.py:1252} INFO - Exporting the following env vars:
AIRFLOW_CTX_DAG_OWNER=airflow
AIRFLOW_CTX_DAG_ID=example_task_group_decorator
AIRFLOW_CTX_TASK_ID=task_group_function.task_3
AIRFLOW_CTX_EXECUTION_DATE=2021-10-08T00:00:00+00:00
AIRFLOW_CTX_DAG_RUN_ID=scheduled__2021-10-08T00:00:00+00:00
[2021-10-10 17:06:35,559] {logging_mixin.py:109} INFO - [ Task3 [ Task2 [ Task1 0 ] ] ]
[2021-10-10 17:06:35,559] {python.py:151} INFO - Done. Returned value was: None
[2021-10-10 17:06:35,565] {taskinstance.py:1212} INFO - Marking task as SUCCESS. dag_id=example_task_group_decorator, task_id=task_group_function.task_3, execution_date=20211008T000000, start_date=20211010T140635, end_date=20211010T140635
[2021-10-10 17:06:35,621] {local_task_job.py:151} INFO - Task exited with return code 0
[2021-10-10 17:06:35,636] {local_task_job.py:261} INFO - 0 downstream tasks scheduled from follow-on schedule check
