[2021-10-10 17:03:59,278] {taskinstance.py:903} INFO - Dependencies all met for <TaskInstance: example_task_group_decorator.task_group_function__1.task_1 2021-10-08T00:00:00+00:00 [queued]>
[2021-10-10 17:03:59,287] {taskinstance.py:903} INFO - Dependencies all met for <TaskInstance: example_task_group_decorator.task_group_function__1.task_1 2021-10-08T00:00:00+00:00 [queued]>
[2021-10-10 17:03:59,287] {taskinstance.py:1095} INFO - 
--------------------------------------------------------------------------------
[2021-10-10 17:03:59,287] {taskinstance.py:1096} INFO - Starting attempt 1 of 1
[2021-10-10 17:03:59,287] {taskinstance.py:1097} INFO - 
--------------------------------------------------------------------------------
[2021-10-10 17:03:59,295] {taskinstance.py:1115} INFO - Executing <Task(_PythonDecoratedOperator): task_group_function__1.task_1> on 2021-10-08T00:00:00+00:00
[2021-10-10 17:03:59,297] {standard_task_runner.py:52} INFO - Started process 15332 to run task
[2021-10-10 17:03:59,301] {standard_task_runner.py:76} INFO - Running: ['airflow', 'tasks', 'run', 'example_task_group_decorator', 'task_group_function__1.task_1', '2021-10-08T00:00:00+00:00', '--job-id', '19', '--pool', 'default_pool', '--raw', '--subdir', '/usr/local/lib/python3.8/dist-packages/airflow/example_dags/example_task_group_decorator.py', '--cfg-path', '/tmp/tmpxx4cdsns', '--error-file', '/tmp/tmpg0t6ulbd']
[2021-10-10 17:03:59,302] {standard_task_runner.py:77} INFO - Job 19: Subtask task_group_function__1.task_1
[2021-10-10 17:03:59,372] {logging_mixin.py:109} INFO - Running <TaskInstance: example_task_group_decorator.task_group_function__1.task_1 2021-10-08T00:00:00+00:00 [running]> on host abd
[2021-10-10 17:03:59,394] {taskinstance.py:1252} INFO - Exporting the following env vars:
AIRFLOW_CTX_DAG_OWNER=airflow
AIRFLOW_CTX_DAG_ID=example_task_group_decorator
AIRFLOW_CTX_TASK_ID=task_group_function__1.task_1
AIRFLOW_CTX_EXECUTION_DATE=2021-10-08T00:00:00+00:00
AIRFLOW_CTX_DAG_RUN_ID=scheduled__2021-10-08T00:00:00+00:00
[2021-10-10 17:03:59,394] {python.py:151} INFO - Done. Returned value was: [ Task1 1 ]
[2021-10-10 17:03:59,404] {taskinstance.py:1212} INFO - Marking task as SUCCESS. dag_id=example_task_group_decorator, task_id=task_group_function__1.task_1, execution_date=20211008T000000, start_date=20211010T140359, end_date=20211010T140359
[2021-10-10 17:03:59,432] {local_task_job.py:151} INFO - Task exited with return code 0
[2021-10-10 17:03:59,484] {local_task_job.py:261} INFO - 1 downstream tasks scheduled from follow-on schedule check
