[2021-10-10 17:03:50,972] {taskinstance.py:903} INFO - Dependencies all met for <TaskInstance: example_bash_operator.also_run_this 2021-10-09T00:00:00+00:00 [queued]>
[2021-10-10 17:03:50,977] {taskinstance.py:903} INFO - Dependencies all met for <TaskInstance: example_bash_operator.also_run_this 2021-10-09T00:00:00+00:00 [queued]>
[2021-10-10 17:03:50,977] {taskinstance.py:1095} INFO - 
--------------------------------------------------------------------------------
[2021-10-10 17:03:50,977] {taskinstance.py:1096} INFO - Starting attempt 1 of 1
[2021-10-10 17:03:50,977] {taskinstance.py:1097} INFO - 
--------------------------------------------------------------------------------
[2021-10-10 17:03:50,985] {taskinstance.py:1115} INFO - Executing <Task(BashOperator): also_run_this> on 2021-10-09T00:00:00+00:00
[2021-10-10 17:03:50,988] {standard_task_runner.py:52} INFO - Started process 15311 to run task
[2021-10-10 17:03:50,991] {standard_task_runner.py:76} INFO - Running: ['airflow', 'tasks', 'run', 'example_bash_operator', 'also_run_this', '2021-10-09T00:00:00+00:00', '--job-id', '13', '--pool', 'default_pool', '--raw', '--subdir', '/usr/local/lib/python3.8/dist-packages/airflow/example_dags/example_bash_operator.py', '--cfg-path', '/tmp/tmp7_u_des4', '--error-file', '/tmp/tmpydynlct3']
[2021-10-10 17:03:50,991] {standard_task_runner.py:77} INFO - Job 13: Subtask also_run_this
[2021-10-10 17:03:51,059] {logging_mixin.py:109} INFO - Running <TaskInstance: example_bash_operator.also_run_this 2021-10-09T00:00:00+00:00 [running]> on host abd
[2021-10-10 17:03:51,083] {taskinstance.py:1252} INFO - Exporting the following env vars:
AIRFLOW_CTX_DAG_OWNER=airflow
AIRFLOW_CTX_DAG_ID=example_bash_operator
AIRFLOW_CTX_TASK_ID=also_run_this
AIRFLOW_CTX_EXECUTION_DATE=2021-10-09T00:00:00+00:00
AIRFLOW_CTX_DAG_RUN_ID=scheduled__2021-10-09T00:00:00+00:00
[2021-10-10 17:03:51,083] {subprocess.py:52} INFO - Tmp dir root location: 
 /tmp
[2021-10-10 17:03:51,084] {subprocess.py:63} INFO - Running command: ['bash', '-c', 'echo "run_id=scheduled__2021-10-09T00:00:00+00:00 | dag_run=<DagRun example_bash_operator @ 2021-10-09 00:00:00+00:00: scheduled__2021-10-09T00:00:00+00:00, externally triggered: False>"']
[2021-10-10 17:03:51,088] {subprocess.py:74} INFO - Output:
[2021-10-10 17:03:51,089] {subprocess.py:78} INFO - run_id=scheduled__2021-10-09T00:00:00+00:00 | dag_run=<DagRun example_bash_operator @ 2021-10-09 00:00:00+00:00: scheduled__2021-10-09T00:00:00+00:00, externally triggered: False>
[2021-10-10 17:03:51,089] {subprocess.py:82} INFO - Command exited with return code 0
[2021-10-10 17:03:51,102] {taskinstance.py:1212} INFO - Marking task as SUCCESS. dag_id=example_bash_operator, task_id=also_run_this, execution_date=20211009T000000, start_date=20211010T140350, end_date=20211010T140351
[2021-10-10 17:03:51,122] {local_task_job.py:151} INFO - Task exited with return code 0
[2021-10-10 17:03:51,171] {local_task_job.py:261} INFO - 0 downstream tasks scheduled from follow-on schedule check
