[2021-10-10 17:32:45,723] {taskinstance.py:903} INFO - Dependencies all met for <TaskInstance: main.mc.mc1.hist_shape_group_mc1.hist_shape_mc1_2 2021-10-09T00:00:00+00:00 [queued]>
[2021-10-10 17:32:45,729] {taskinstance.py:903} INFO - Dependencies all met for <TaskInstance: main.mc.mc1.hist_shape_group_mc1.hist_shape_mc1_2 2021-10-09T00:00:00+00:00 [queued]>
[2021-10-10 17:32:45,729] {taskinstance.py:1095} INFO - 
--------------------------------------------------------------------------------
[2021-10-10 17:32:45,729] {taskinstance.py:1096} INFO - Starting attempt 1 of 2
[2021-10-10 17:32:45,729] {taskinstance.py:1097} INFO - 
--------------------------------------------------------------------------------
[2021-10-10 17:32:45,737] {taskinstance.py:1115} INFO - Executing <Task(BashOperator): mc.mc1.hist_shape_group_mc1.hist_shape_mc1_2> on 2021-10-09T00:00:00+00:00
[2021-10-10 17:32:45,739] {standard_task_runner.py:52} INFO - Started process 23500 to run task
[2021-10-10 17:32:45,742] {standard_task_runner.py:76} INFO - Running: ['airflow', 'tasks', 'run', 'main', 'mc.mc1.hist_shape_group_mc1.hist_shape_mc1_2', '2021-10-09T00:00:00+00:00', '--job-id', '601', '--pool', 'default_pool', '--raw', '--subdir', 'DAGS_FOLDER/main.py', '--cfg-path', '/tmp/tmpr3r0zo8i', '--error-file', '/tmp/tmpefhogi9x']
[2021-10-10 17:32:45,742] {standard_task_runner.py:77} INFO - Job 601: Subtask mc.mc1.hist_shape_group_mc1.hist_shape_mc1_2
[2021-10-10 17:32:45,761] {logging_mixin.py:109} INFO - Running <TaskInstance: main.mc.mc1.hist_shape_group_mc1.hist_shape_mc1_2 2021-10-09T00:00:00+00:00 [running]> on host abd
[2021-10-10 17:32:45,790] {taskinstance.py:1252} INFO - Exporting the following env vars:
AIRFLOW_CTX_DAG_OWNER=admin
AIRFLOW_CTX_DAG_ID=main
AIRFLOW_CTX_TASK_ID=mc.mc1.hist_shape_group_mc1.hist_shape_mc1_2
AIRFLOW_CTX_EXECUTION_DATE=2021-10-09T00:00:00+00:00
AIRFLOW_CTX_DAG_RUN_ID=scheduled__2021-10-09T00:00:00+00:00
[2021-10-10 17:32:45,790] {subprocess.py:52} INFO - Tmp dir root location: 
 /tmp
[2021-10-10 17:32:45,790] {subprocess.py:63} INFO - Running command: ['bash', '-c', '\n            set -x\n            source ${thisroot}/thisroot.sh        \n            variations=$(echo ${variations}|sed \'s| |,|g\')\n            name="${type}_${shapevar}"\n            python ${code}/histogram.py ${base_dir}/${inputfile} ${base_dir}/${outputfile} ${type} ${weight} ${variations} ${name}\n            ']
[2021-10-10 17:32:45,794] {subprocess.py:74} INFO - Output:
[2021-10-10 17:32:45,795] {subprocess.py:78} INFO - + source /home/abd/root/root/bin/thisroot.sh
[2021-10-10 17:32:45,795] {subprocess.py:78} INFO - ++ '[' -n '' ']'
[2021-10-10 17:32:45,795] {subprocess.py:78} INFO - ++ SOURCE=/home/abd/root/root/bin/thisroot.sh
[2021-10-10 17:32:45,795] {subprocess.py:78} INFO - ++ '[' x/home/abd/root/root/bin/thisroot.sh = x ']'
[2021-10-10 17:32:45,795] {subprocess.py:78} INFO - ++ '[' x/home/abd/root/root/bin/thisroot.sh = x ']'
[2021-10-10 17:32:45,796] {subprocess.py:78} INFO - +++ dirname /home/abd/root/root/bin/thisroot.sh
[2021-10-10 17:32:45,796] {subprocess.py:78} INFO - ++ thisroot=/home/abd/root/root/bin
[2021-10-10 17:32:45,796] {subprocess.py:78} INFO - +++ cd /home/abd/root/root/bin/..
[2021-10-10 17:32:45,796] {subprocess.py:78} INFO - +++ pwd
[2021-10-10 17:32:45,796] {subprocess.py:78} INFO - ++ ROOTSYS=/home/abd/root/root
[2021-10-10 17:32:45,797] {subprocess.py:78} INFO - ++ export ROOTSYS
[2021-10-10 17:32:45,797] {subprocess.py:78} INFO - ++ clean_environment
[2021-10-10 17:32:45,797] {subprocess.py:78} INFO - ++ '[' -n '' ']'
[2021-10-10 17:32:45,797] {subprocess.py:78} INFO - ++ '[' -z '' ']'
[2021-10-10 17:32:45,797] {subprocess.py:78} INFO - ++ command -v manpath
[2021-10-10 17:32:45,797] {subprocess.py:78} INFO - +++ manpath
[2021-10-10 17:32:45,798] {subprocess.py:78} INFO - manpath: warning: $PATH not set
[2021-10-10 17:32:45,798] {subprocess.py:78} INFO - ++ default_manpath=/usr/share/man:/usr/local/share/man
[2021-10-10 17:32:45,798] {subprocess.py:78} INFO - ++ set_environment
[2021-10-10 17:32:45,798] {subprocess.py:78} INFO - ++ '[' -z /usr/local/sbin:/usr/local/bin:/usr/sbin:/usr/bin:/sbin:/bin ']'
[2021-10-10 17:32:45,798] {subprocess.py:78} INFO - ++ PATH=/home/abd/root/root/bin:/usr/local/sbin:/usr/local/bin:/usr/sbin:/usr/bin:/sbin:/bin
[2021-10-10 17:32:45,798] {subprocess.py:78} INFO - ++ export PATH
[2021-10-10 17:32:45,798] {subprocess.py:78} INFO - ++ '[' -z '' ']'
[2021-10-10 17:32:45,798] {subprocess.py:78} INFO - ++ LD_LIBRARY_PATH=/home/abd/root/root/lib
[2021-10-10 17:32:45,798] {subprocess.py:78} INFO - ++ export LD_LIBRARY_PATH
[2021-10-10 17:32:45,798] {subprocess.py:78} INFO - ++ '[' -z '' ']'
[2021-10-10 17:32:45,798] {subprocess.py:78} INFO - ++ DYLD_LIBRARY_PATH=/home/abd/root/root/lib
[2021-10-10 17:32:45,798] {subprocess.py:78} INFO - ++ export DYLD_LIBRARY_PATH
[2021-10-10 17:32:45,798] {subprocess.py:78} INFO - ++ '[' -z '' ']'
[2021-10-10 17:32:45,798] {subprocess.py:78} INFO - ++ SHLIB_PATH=/home/abd/root/root/lib
[2021-10-10 17:32:45,798] {subprocess.py:78} INFO - ++ export SHLIB_PATH
[2021-10-10 17:32:45,798] {subprocess.py:78} INFO - ++ '[' -z '' ']'
[2021-10-10 17:32:45,798] {subprocess.py:78} INFO - ++ LIBPATH=/home/abd/root/root/lib
[2021-10-10 17:32:45,798] {subprocess.py:78} INFO - ++ export LIBPATH
[2021-10-10 17:32:45,798] {subprocess.py:78} INFO - ++ '[' -z '' ']'
[2021-10-10 17:32:45,798] {subprocess.py:78} INFO - ++ PYTHONPATH=/home/abd/root/root/lib
[2021-10-10 17:32:45,799] {subprocess.py:78} INFO - ++ export PYTHONPATH
[2021-10-10 17:32:45,799] {subprocess.py:78} INFO - ++ '[' -z '' ']'
[2021-10-10 17:32:45,799] {subprocess.py:78} INFO - ++ MANPATH=/home/abd/root/root/man:/usr/share/man:/usr/local/share/man
[2021-10-10 17:32:45,799] {subprocess.py:78} INFO - ++ export MANPATH
[2021-10-10 17:32:45,799] {subprocess.py:78} INFO - ++ '[' -z '' ']'
[2021-10-10 17:32:45,799] {subprocess.py:78} INFO - ++ CMAKE_PREFIX_PATH=/home/abd/root/root
[2021-10-10 17:32:45,799] {subprocess.py:78} INFO - ++ export CMAKE_PREFIX_PATH
[2021-10-10 17:32:45,799] {subprocess.py:78} INFO - ++ '[' -z '' ']'
[2021-10-10 17:32:45,799] {subprocess.py:78} INFO - ++ JUPYTER_PATH=/home/abd/root/root/etc/notebook
[2021-10-10 17:32:45,799] {subprocess.py:78} INFO - ++ export JUPYTER_PATH
[2021-10-10 17:32:45,799] {subprocess.py:78} INFO - ++ '[' -z '' ']'
[2021-10-10 17:32:45,799] {subprocess.py:78} INFO - ++ JUPYTER_CONFIG_DIR=/home/abd/root/root/etc/notebook
[2021-10-10 17:32:45,799] {subprocess.py:78} INFO - ++ export JUPYTER_CONFIG_DIR
[2021-10-10 17:32:45,799] {subprocess.py:78} INFO - ++ export CLING_STANDARD_PCH=none
[2021-10-10 17:32:45,799] {subprocess.py:78} INFO - ++ CLING_STANDARD_PCH=none
[2021-10-10 17:32:45,799] {subprocess.py:78} INFO - +++ root-config --arch
[2021-10-10 17:32:45,799] {subprocess.py:78} INFO - +++ grep -v win32gcc
[2021-10-10 17:32:45,799] {subprocess.py:78} INFO - +++ grep -i win32
[2021-10-10 17:32:45,809] {subprocess.py:78} INFO - ++ '[' x '!=' x ']'
[2021-10-10 17:32:45,809] {subprocess.py:78} INFO - ++ unset old_rootsys
[2021-10-10 17:32:45,809] {subprocess.py:78} INFO - ++ unset thisroot
[2021-10-10 17:32:45,809] {subprocess.py:78} INFO - ++ unset -f drop_from_path
[2021-10-10 17:32:45,809] {subprocess.py:78} INFO - ++ unset -f clean_environment
[2021-10-10 17:32:45,809] {subprocess.py:78} INFO - ++ unset -f set_environment
[2021-10-10 17:32:45,810] {subprocess.py:78} INFO - ++ echo nominal
[2021-10-10 17:32:45,810] {subprocess.py:78} INFO - ++ sed 's| |,|g'
[2021-10-10 17:32:45,811] {subprocess.py:78} INFO - + variations=nominal
[2021-10-10 17:32:45,811] {subprocess.py:78} INFO - + name=mc1_shape_conv_dn
[2021-10-10 17:32:45,811] {subprocess.py:78} INFO - + python /home/abd/airflow/code/histogram.py /home/abd/airflow/data/bsm-search/mc1_shape_conv_dn.root /home/abd/airflow/data/bsm-search/mc1_shape_conv_dn_hist.root mc1 0.01875 nominal mc1_shape_conv_dn
[2021-10-10 17:32:47,491] {subprocess.py:78} INFO - TH1F::Sumw2:0: RuntimeWarning: Sum of squares of weights structure already created
[2021-10-10 17:32:47,549] {subprocess.py:82} INFO - Command exited with return code 0
[2021-10-10 17:32:47,562] {taskinstance.py:1212} INFO - Marking task as SUCCESS. dag_id=main, task_id=mc.mc1.hist_shape_group_mc1.hist_shape_mc1_2, execution_date=20211009T000000, start_date=20211010T143245, end_date=20211010T143247
[2021-10-10 17:32:47,597] {local_task_job.py:151} INFO - Task exited with return code 0
[2021-10-10 17:32:47,619] {local_task_job.py:261} INFO - 1 downstream tasks scheduled from follow-on schedule check
[2021-10-10 19:37:22,776] {taskinstance.py:903} INFO - Dependencies all met for <TaskInstance: main.mc.mc1.hist_shape_group_mc1.hist_shape_mc1_2 2021-10-09T00:00:00+00:00 [queued]>
[2021-10-10 19:37:22,782] {taskinstance.py:903} INFO - Dependencies all met for <TaskInstance: main.mc.mc1.hist_shape_group_mc1.hist_shape_mc1_2 2021-10-09T00:00:00+00:00 [queued]>
[2021-10-10 19:37:22,782] {taskinstance.py:1095} INFO - 
--------------------------------------------------------------------------------
[2021-10-10 19:37:22,783] {taskinstance.py:1096} INFO - Starting attempt 1 of 2
[2021-10-10 19:37:22,783] {taskinstance.py:1097} INFO - 
--------------------------------------------------------------------------------
[2021-10-10 19:37:22,791] {taskinstance.py:1115} INFO - Executing <Task(BashOperator): mc.mc1.hist_shape_group_mc1.hist_shape_mc1_2> on 2021-10-09T00:00:00+00:00
[2021-10-10 19:37:22,792] {standard_task_runner.py:52} INFO - Started process 57055 to run task
[2021-10-10 19:37:22,795] {standard_task_runner.py:76} INFO - Running: ['airflow', 'tasks', 'run', 'main', 'mc.mc1.hist_shape_group_mc1.hist_shape_mc1_2', '2021-10-09T00:00:00+00:00', '--job-id', '601', '--pool', 'default_pool', '--raw', '--subdir', 'DAGS_FOLDER/main.py', '--cfg-path', '/tmp/tmpeltjxx4v', '--error-file', '/tmp/tmpe47aompt']
[2021-10-10 19:37:22,796] {standard_task_runner.py:77} INFO - Job 601: Subtask mc.mc1.hist_shape_group_mc1.hist_shape_mc1_2
[2021-10-10 19:37:22,815] {logging_mixin.py:109} INFO - Running <TaskInstance: main.mc.mc1.hist_shape_group_mc1.hist_shape_mc1_2 2021-10-09T00:00:00+00:00 [running]> on host abd
[2021-10-10 19:37:22,842] {taskinstance.py:1252} INFO - Exporting the following env vars:
AIRFLOW_CTX_DAG_OWNER=admin
AIRFLOW_CTX_DAG_ID=main
AIRFLOW_CTX_TASK_ID=mc.mc1.hist_shape_group_mc1.hist_shape_mc1_2
AIRFLOW_CTX_EXECUTION_DATE=2021-10-09T00:00:00+00:00
AIRFLOW_CTX_DAG_RUN_ID=scheduled__2021-10-09T00:00:00+00:00
[2021-10-10 19:37:22,842] {subprocess.py:52} INFO - Tmp dir root location: 
 /tmp
[2021-10-10 19:37:22,843] {subprocess.py:63} INFO - Running command: ['bash', '-c', '\n            set -x\n            source ${thisroot}/thisroot.sh        \n            variations=$(echo ${variations}|sed \'s| |,|g\')\n            name="${type}_${shapevar}"\n            python ${code}/histogram.py ${base_dir}/${inputfile} ${base_dir}/${outputfile} ${type} ${weight} ${variations} ${name}\n            ']
[2021-10-10 19:37:22,846] {subprocess.py:74} INFO - Output:
[2021-10-10 19:37:22,847] {subprocess.py:78} INFO - + source /home/abd/root/root/bin/thisroot.sh
[2021-10-10 19:37:22,848] {subprocess.py:78} INFO - ++ '[' -n '' ']'
[2021-10-10 19:37:22,848] {subprocess.py:78} INFO - ++ SOURCE=/home/abd/root/root/bin/thisroot.sh
[2021-10-10 19:37:22,848] {subprocess.py:78} INFO - ++ '[' x/home/abd/root/root/bin/thisroot.sh = x ']'
[2021-10-10 19:37:22,848] {subprocess.py:78} INFO - ++ '[' x/home/abd/root/root/bin/thisroot.sh = x ']'
[2021-10-10 19:37:22,848] {subprocess.py:78} INFO - +++ dirname /home/abd/root/root/bin/thisroot.sh
[2021-10-10 19:37:22,848] {subprocess.py:78} INFO - ++ thisroot=/home/abd/root/root/bin
[2021-10-10 19:37:22,849] {subprocess.py:78} INFO - +++ cd /home/abd/root/root/bin/..
[2021-10-10 19:37:22,849] {subprocess.py:78} INFO - +++ pwd
[2021-10-10 19:37:22,849] {subprocess.py:78} INFO - ++ ROOTSYS=/home/abd/root/root
[2021-10-10 19:37:22,849] {subprocess.py:78} INFO - ++ export ROOTSYS
[2021-10-10 19:37:22,849] {subprocess.py:78} INFO - ++ clean_environment
[2021-10-10 19:37:22,849] {subprocess.py:78} INFO - ++ '[' -n '' ']'
[2021-10-10 19:37:22,849] {subprocess.py:78} INFO - ++ '[' -z '' ']'
[2021-10-10 19:37:22,849] {subprocess.py:78} INFO - ++ command -v manpath
[2021-10-10 19:37:22,849] {subprocess.py:78} INFO - +++ manpath
[2021-10-10 19:37:22,850] {subprocess.py:78} INFO - manpath: warning: $PATH not set
[2021-10-10 19:37:22,850] {subprocess.py:78} INFO - ++ default_manpath=/usr/share/man:/usr/local/share/man
[2021-10-10 19:37:22,850] {subprocess.py:78} INFO - ++ set_environment
[2021-10-10 19:37:22,850] {subprocess.py:78} INFO - ++ '[' -z /usr/local/sbin:/usr/local/bin:/usr/sbin:/usr/bin:/sbin:/bin ']'
[2021-10-10 19:37:22,850] {subprocess.py:78} INFO - ++ PATH=/home/abd/root/root/bin:/usr/local/sbin:/usr/local/bin:/usr/sbin:/usr/bin:/sbin:/bin
[2021-10-10 19:37:22,850] {subprocess.py:78} INFO - ++ export PATH
[2021-10-10 19:37:22,851] {subprocess.py:78} INFO - ++ '[' -z '' ']'
[2021-10-10 19:37:22,851] {subprocess.py:78} INFO - ++ LD_LIBRARY_PATH=/home/abd/root/root/lib
[2021-10-10 19:37:22,851] {subprocess.py:78} INFO - ++ export LD_LIBRARY_PATH
[2021-10-10 19:37:22,851] {subprocess.py:78} INFO - ++ '[' -z '' ']'
[2021-10-10 19:37:22,851] {subprocess.py:78} INFO - ++ DYLD_LIBRARY_PATH=/home/abd/root/root/lib
[2021-10-10 19:37:22,851] {subprocess.py:78} INFO - ++ export DYLD_LIBRARY_PATH
[2021-10-10 19:37:22,851] {subprocess.py:78} INFO - ++ '[' -z '' ']'
[2021-10-10 19:37:22,851] {subprocess.py:78} INFO - ++ SHLIB_PATH=/home/abd/root/root/lib
[2021-10-10 19:37:22,851] {subprocess.py:78} INFO - ++ export SHLIB_PATH
[2021-10-10 19:37:22,851] {subprocess.py:78} INFO - ++ '[' -z '' ']'
[2021-10-10 19:37:22,851] {subprocess.py:78} INFO - ++ LIBPATH=/home/abd/root/root/lib
[2021-10-10 19:37:22,851] {subprocess.py:78} INFO - ++ export LIBPATH
[2021-10-10 19:37:22,851] {subprocess.py:78} INFO - ++ '[' -z '' ']'
[2021-10-10 19:37:22,851] {subprocess.py:78} INFO - ++ PYTHONPATH=/home/abd/root/root/lib
[2021-10-10 19:37:22,851] {subprocess.py:78} INFO - ++ export PYTHONPATH
[2021-10-10 19:37:22,851] {subprocess.py:78} INFO - ++ '[' -z '' ']'
[2021-10-10 19:37:22,851] {subprocess.py:78} INFO - ++ MANPATH=/home/abd/root/root/man:/usr/share/man:/usr/local/share/man
[2021-10-10 19:37:22,851] {subprocess.py:78} INFO - ++ export MANPATH
[2021-10-10 19:37:22,851] {subprocess.py:78} INFO - ++ '[' -z '' ']'
[2021-10-10 19:37:22,851] {subprocess.py:78} INFO - ++ CMAKE_PREFIX_PATH=/home/abd/root/root
[2021-10-10 19:37:22,851] {subprocess.py:78} INFO - ++ export CMAKE_PREFIX_PATH
[2021-10-10 19:37:22,851] {subprocess.py:78} INFO - ++ '[' -z '' ']'
[2021-10-10 19:37:22,851] {subprocess.py:78} INFO - ++ JUPYTER_PATH=/home/abd/root/root/etc/notebook
[2021-10-10 19:37:22,851] {subprocess.py:78} INFO - ++ export JUPYTER_PATH
[2021-10-10 19:37:22,851] {subprocess.py:78} INFO - ++ '[' -z '' ']'
[2021-10-10 19:37:22,852] {subprocess.py:78} INFO - ++ JUPYTER_CONFIG_DIR=/home/abd/root/root/etc/notebook
[2021-10-10 19:37:22,852] {subprocess.py:78} INFO - ++ export JUPYTER_CONFIG_DIR
[2021-10-10 19:37:22,852] {subprocess.py:78} INFO - ++ export CLING_STANDARD_PCH=none
[2021-10-10 19:37:22,852] {subprocess.py:78} INFO - ++ CLING_STANDARD_PCH=none
[2021-10-10 19:37:22,852] {subprocess.py:78} INFO - +++ root-config --arch
[2021-10-10 19:37:22,852] {subprocess.py:78} INFO - +++ grep -v win32gcc
[2021-10-10 19:37:22,852] {subprocess.py:78} INFO - +++ grep -i win32
[2021-10-10 19:37:22,862] {subprocess.py:78} INFO - ++ '[' x '!=' x ']'
[2021-10-10 19:37:22,862] {subprocess.py:78} INFO - ++ unset old_rootsys
[2021-10-10 19:37:22,862] {subprocess.py:78} INFO - ++ unset thisroot
[2021-10-10 19:37:22,862] {subprocess.py:78} INFO - ++ unset -f drop_from_path
[2021-10-10 19:37:22,862] {subprocess.py:78} INFO - ++ unset -f clean_environment
[2021-10-10 19:37:22,862] {subprocess.py:78} INFO - ++ unset -f set_environment
[2021-10-10 19:37:22,862] {subprocess.py:78} INFO - ++ echo nominal
[2021-10-10 19:37:22,862] {subprocess.py:78} INFO - ++ sed 's| |,|g'
[2021-10-10 19:37:22,863] {subprocess.py:78} INFO - + variations=nominal
[2021-10-10 19:37:22,864] {subprocess.py:78} INFO - + name=mc1_shape_conv_dn
[2021-10-10 19:37:22,864] {subprocess.py:78} INFO - + python /home/abd/airflow/code/histogram.py /home/abd/airflow/data/bsm-search/mc1_shape_conv_dn.root /home/abd/airflow/data/bsm-search/mc1_shape_conv_dn_hist.root mc1 0.01875 nominal mc1_shape_conv_dn
[2021-10-10 19:37:24,931] {subprocess.py:78} INFO - TH1F::Sumw2:0: RuntimeWarning: Sum of squares of weights structure already created
[2021-10-10 19:37:24,989] {subprocess.py:82} INFO - Command exited with return code 0
[2021-10-10 19:37:25,003] {taskinstance.py:1212} INFO - Marking task as SUCCESS. dag_id=main, task_id=mc.mc1.hist_shape_group_mc1.hist_shape_mc1_2, execution_date=20211009T000000, start_date=20211010T163722, end_date=20211010T163725
[2021-10-10 19:37:25,051] {local_task_job.py:151} INFO - Task exited with return code 0
[2021-10-10 19:37:25,072] {local_task_job.py:261} INFO - 1 downstream tasks scheduled from follow-on schedule check
[2021-10-10 19:47:02,622] {taskinstance.py:903} INFO - Dependencies all met for <TaskInstance: main.mc.mc1.hist_shape_group_mc1.hist_shape_mc1_2 2021-10-09T00:00:00+00:00 [queued]>
[2021-10-10 19:47:02,628] {taskinstance.py:903} INFO - Dependencies all met for <TaskInstance: main.mc.mc1.hist_shape_group_mc1.hist_shape_mc1_2 2021-10-09T00:00:00+00:00 [queued]>
[2021-10-10 19:47:02,628] {taskinstance.py:1095} INFO - 
--------------------------------------------------------------------------------
[2021-10-10 19:47:02,628] {taskinstance.py:1096} INFO - Starting attempt 1 of 2
[2021-10-10 19:47:02,628] {taskinstance.py:1097} INFO - 
--------------------------------------------------------------------------------
[2021-10-10 19:47:02,636] {taskinstance.py:1115} INFO - Executing <Task(BashOperator): mc.mc1.hist_shape_group_mc1.hist_shape_mc1_2> on 2021-10-09T00:00:00+00:00
[2021-10-10 19:47:02,637] {standard_task_runner.py:52} INFO - Started process 60343 to run task
[2021-10-10 19:47:02,640] {standard_task_runner.py:76} INFO - Running: ['airflow', 'tasks', 'run', 'main', 'mc.mc1.hist_shape_group_mc1.hist_shape_mc1_2', '2021-10-09T00:00:00+00:00', '--job-id', '601', '--pool', 'default_pool', '--raw', '--subdir', 'DAGS_FOLDER/main.py', '--cfg-path', '/tmp/tmpk3r0uxqc', '--error-file', '/tmp/tmp1qhutk66']
[2021-10-10 19:47:02,641] {standard_task_runner.py:77} INFO - Job 601: Subtask mc.mc1.hist_shape_group_mc1.hist_shape_mc1_2
[2021-10-10 19:47:02,660] {logging_mixin.py:109} INFO - Running <TaskInstance: main.mc.mc1.hist_shape_group_mc1.hist_shape_mc1_2 2021-10-09T00:00:00+00:00 [running]> on host abd
[2021-10-10 19:47:02,685] {taskinstance.py:1252} INFO - Exporting the following env vars:
AIRFLOW_CTX_DAG_OWNER=admin
AIRFLOW_CTX_DAG_ID=main
AIRFLOW_CTX_TASK_ID=mc.mc1.hist_shape_group_mc1.hist_shape_mc1_2
AIRFLOW_CTX_EXECUTION_DATE=2021-10-09T00:00:00+00:00
AIRFLOW_CTX_DAG_RUN_ID=scheduled__2021-10-09T00:00:00+00:00
[2021-10-10 19:47:02,686] {subprocess.py:52} INFO - Tmp dir root location: 
 /tmp
[2021-10-10 19:47:02,686] {subprocess.py:63} INFO - Running command: ['bash', '-c', '\n            set -x\n            source ${thisroot}/thisroot.sh        \n            variations=$(echo ${variations}|sed \'s| |,|g\')\n            name="${type}_${shapevar}"\n            python ${code}/histogram.py ${base_dir}/${inputfile} ${base_dir}/${outputfile} ${type} ${weight} ${variations} ${name}\n            ']
[2021-10-10 19:47:02,692] {subprocess.py:74} INFO - Output:
[2021-10-10 19:47:02,693] {subprocess.py:78} INFO - + source /home/abd/root/root/bin/thisroot.sh
[2021-10-10 19:47:02,693] {subprocess.py:78} INFO - ++ '[' -n '' ']'
[2021-10-10 19:47:02,693] {subprocess.py:78} INFO - ++ SOURCE=/home/abd/root/root/bin/thisroot.sh
[2021-10-10 19:47:02,693] {subprocess.py:78} INFO - ++ '[' x/home/abd/root/root/bin/thisroot.sh = x ']'
[2021-10-10 19:47:02,693] {subprocess.py:78} INFO - ++ '[' x/home/abd/root/root/bin/thisroot.sh = x ']'
[2021-10-10 19:47:02,693] {subprocess.py:78} INFO - +++ dirname /home/abd/root/root/bin/thisroot.sh
[2021-10-10 19:47:02,694] {subprocess.py:78} INFO - ++ thisroot=/home/abd/root/root/bin
[2021-10-10 19:47:02,694] {subprocess.py:78} INFO - +++ cd /home/abd/root/root/bin/..
[2021-10-10 19:47:02,694] {subprocess.py:78} INFO - +++ pwd
[2021-10-10 19:47:02,694] {subprocess.py:78} INFO - ++ ROOTSYS=/home/abd/root/root
[2021-10-10 19:47:02,695] {subprocess.py:78} INFO - ++ export ROOTSYS
[2021-10-10 19:47:02,695] {subprocess.py:78} INFO - ++ clean_environment
[2021-10-10 19:47:02,695] {subprocess.py:78} INFO - ++ '[' -n '' ']'
[2021-10-10 19:47:02,695] {subprocess.py:78} INFO - ++ '[' -z '' ']'
[2021-10-10 19:47:02,695] {subprocess.py:78} INFO - ++ command -v manpath
[2021-10-10 19:47:02,695] {subprocess.py:78} INFO - +++ manpath
[2021-10-10 19:47:02,696] {subprocess.py:78} INFO - manpath: warning: $PATH not set
[2021-10-10 19:47:02,696] {subprocess.py:78} INFO - ++ default_manpath=/usr/share/man:/usr/local/share/man
[2021-10-10 19:47:02,696] {subprocess.py:78} INFO - ++ set_environment
[2021-10-10 19:47:02,696] {subprocess.py:78} INFO - ++ '[' -z /usr/local/sbin:/usr/local/bin:/usr/sbin:/usr/bin:/sbin:/bin ']'
[2021-10-10 19:47:02,696] {subprocess.py:78} INFO - ++ PATH=/home/abd/root/root/bin:/usr/local/sbin:/usr/local/bin:/usr/sbin:/usr/bin:/sbin:/bin
[2021-10-10 19:47:02,696] {subprocess.py:78} INFO - ++ export PATH
[2021-10-10 19:47:02,696] {subprocess.py:78} INFO - ++ '[' -z '' ']'
[2021-10-10 19:47:02,696] {subprocess.py:78} INFO - ++ LD_LIBRARY_PATH=/home/abd/root/root/lib
[2021-10-10 19:47:02,696] {subprocess.py:78} INFO - ++ export LD_LIBRARY_PATH
[2021-10-10 19:47:02,696] {subprocess.py:78} INFO - ++ '[' -z '' ']'
[2021-10-10 19:47:02,696] {subprocess.py:78} INFO - ++ DYLD_LIBRARY_PATH=/home/abd/root/root/lib
[2021-10-10 19:47:02,696] {subprocess.py:78} INFO - ++ export DYLD_LIBRARY_PATH
[2021-10-10 19:47:02,696] {subprocess.py:78} INFO - ++ '[' -z '' ']'
[2021-10-10 19:47:02,696] {subprocess.py:78} INFO - ++ SHLIB_PATH=/home/abd/root/root/lib
[2021-10-10 19:47:02,696] {subprocess.py:78} INFO - ++ export SHLIB_PATH
[2021-10-10 19:47:02,696] {subprocess.py:78} INFO - ++ '[' -z '' ']'
[2021-10-10 19:47:02,696] {subprocess.py:78} INFO - ++ LIBPATH=/home/abd/root/root/lib
[2021-10-10 19:47:02,696] {subprocess.py:78} INFO - ++ export LIBPATH
[2021-10-10 19:47:02,696] {subprocess.py:78} INFO - ++ '[' -z '' ']'
[2021-10-10 19:47:02,696] {subprocess.py:78} INFO - ++ PYTHONPATH=/home/abd/root/root/lib
[2021-10-10 19:47:02,696] {subprocess.py:78} INFO - ++ export PYTHONPATH
[2021-10-10 19:47:02,696] {subprocess.py:78} INFO - ++ '[' -z '' ']'
[2021-10-10 19:47:02,696] {subprocess.py:78} INFO - ++ MANPATH=/home/abd/root/root/man:/usr/share/man:/usr/local/share/man
[2021-10-10 19:47:02,696] {subprocess.py:78} INFO - ++ export MANPATH
[2021-10-10 19:47:02,697] {subprocess.py:78} INFO - ++ '[' -z '' ']'
[2021-10-10 19:47:02,697] {subprocess.py:78} INFO - ++ CMAKE_PREFIX_PATH=/home/abd/root/root
[2021-10-10 19:47:02,697] {subprocess.py:78} INFO - ++ export CMAKE_PREFIX_PATH
[2021-10-10 19:47:02,697] {subprocess.py:78} INFO - ++ '[' -z '' ']'
[2021-10-10 19:47:02,697] {subprocess.py:78} INFO - ++ JUPYTER_PATH=/home/abd/root/root/etc/notebook
[2021-10-10 19:47:02,697] {subprocess.py:78} INFO - ++ export JUPYTER_PATH
[2021-10-10 19:47:02,697] {subprocess.py:78} INFO - ++ '[' -z '' ']'
[2021-10-10 19:47:02,697] {subprocess.py:78} INFO - ++ JUPYTER_CONFIG_DIR=/home/abd/root/root/etc/notebook
[2021-10-10 19:47:02,697] {subprocess.py:78} INFO - ++ export JUPYTER_CONFIG_DIR
[2021-10-10 19:47:02,697] {subprocess.py:78} INFO - ++ export CLING_STANDARD_PCH=none
[2021-10-10 19:47:02,697] {subprocess.py:78} INFO - ++ CLING_STANDARD_PCH=none
[2021-10-10 19:47:02,697] {subprocess.py:78} INFO - +++ root-config --arch
[2021-10-10 19:47:02,697] {subprocess.py:78} INFO - +++ grep -v win32gcc
[2021-10-10 19:47:02,697] {subprocess.py:78} INFO - +++ grep -i win32
[2021-10-10 19:47:02,707] {subprocess.py:78} INFO - ++ '[' x '!=' x ']'
[2021-10-10 19:47:02,707] {subprocess.py:78} INFO - ++ unset old_rootsys
[2021-10-10 19:47:02,707] {subprocess.py:78} INFO - ++ unset thisroot
[2021-10-10 19:47:02,707] {subprocess.py:78} INFO - ++ unset -f drop_from_path
[2021-10-10 19:47:02,707] {subprocess.py:78} INFO - ++ unset -f clean_environment
[2021-10-10 19:47:02,707] {subprocess.py:78} INFO - ++ unset -f set_environment
[2021-10-10 19:47:02,707] {subprocess.py:78} INFO - ++ echo nominal
[2021-10-10 19:47:02,707] {subprocess.py:78} INFO - ++ sed 's| |,|g'
[2021-10-10 19:47:02,709] {subprocess.py:78} INFO - + variations=nominal
[2021-10-10 19:47:02,709] {subprocess.py:78} INFO - + name=mc1_shape_conv_dn
[2021-10-10 19:47:02,709] {subprocess.py:78} INFO - + python /home/abd/airflow/code/histogram.py /home/abd/airflow/data/bsm-search/mc1_shape_conv_dn.root /home/abd/airflow/data/bsm-search/mc1_shape_conv_dn_hist.root mc1 0.01875 nominal mc1_shape_conv_dn
[2021-10-10 19:47:04,388] {subprocess.py:78} INFO - TH1F::Sumw2:0: RuntimeWarning: Sum of squares of weights structure already created
[2021-10-10 19:47:04,439] {subprocess.py:82} INFO - Command exited with return code 0
[2021-10-10 19:47:04,451] {taskinstance.py:1212} INFO - Marking task as SUCCESS. dag_id=main, task_id=mc.mc1.hist_shape_group_mc1.hist_shape_mc1_2, execution_date=20211009T000000, start_date=20211010T164702, end_date=20211010T164704
[2021-10-10 19:47:04,495] {local_task_job.py:151} INFO - Task exited with return code 0
[2021-10-10 19:47:04,525] {local_task_job.py:261} INFO - 1 downstream tasks scheduled from follow-on schedule check
[2021-10-10 19:56:55,617] {taskinstance.py:903} INFO - Dependencies all met for <TaskInstance: main.mc.mc1.hist_shape_group_mc1.hist_shape_mc1_2 2021-10-09T00:00:00+00:00 [queued]>
[2021-10-10 19:56:55,624] {taskinstance.py:903} INFO - Dependencies all met for <TaskInstance: main.mc.mc1.hist_shape_group_mc1.hist_shape_mc1_2 2021-10-09T00:00:00+00:00 [queued]>
[2021-10-10 19:56:55,624] {taskinstance.py:1095} INFO - 
--------------------------------------------------------------------------------
[2021-10-10 19:56:55,624] {taskinstance.py:1096} INFO - Starting attempt 1 of 2
[2021-10-10 19:56:55,624] {taskinstance.py:1097} INFO - 
--------------------------------------------------------------------------------
[2021-10-10 19:56:55,631] {taskinstance.py:1115} INFO - Executing <Task(BashOperator): mc.mc1.hist_shape_group_mc1.hist_shape_mc1_2> on 2021-10-09T00:00:00+00:00
[2021-10-10 19:56:55,632] {standard_task_runner.py:52} INFO - Started process 63980 to run task
[2021-10-10 19:56:55,635] {standard_task_runner.py:76} INFO - Running: ['airflow', 'tasks', 'run', 'main', 'mc.mc1.hist_shape_group_mc1.hist_shape_mc1_2', '2021-10-09T00:00:00+00:00', '--job-id', '602', '--pool', 'default_pool', '--raw', '--subdir', 'DAGS_FOLDER/main.py', '--cfg-path', '/tmp/tmpwu4k7b18', '--error-file', '/tmp/tmprg9hzq13']
[2021-10-10 19:56:55,636] {standard_task_runner.py:77} INFO - Job 602: Subtask mc.mc1.hist_shape_group_mc1.hist_shape_mc1_2
[2021-10-10 19:56:55,655] {logging_mixin.py:109} INFO - Running <TaskInstance: main.mc.mc1.hist_shape_group_mc1.hist_shape_mc1_2 2021-10-09T00:00:00+00:00 [running]> on host abd
[2021-10-10 19:56:55,681] {taskinstance.py:1252} INFO - Exporting the following env vars:
AIRFLOW_CTX_DAG_OWNER=admin
AIRFLOW_CTX_DAG_ID=main
AIRFLOW_CTX_TASK_ID=mc.mc1.hist_shape_group_mc1.hist_shape_mc1_2
AIRFLOW_CTX_EXECUTION_DATE=2021-10-09T00:00:00+00:00
AIRFLOW_CTX_DAG_RUN_ID=scheduled__2021-10-09T00:00:00+00:00
[2021-10-10 19:56:55,682] {subprocess.py:52} INFO - Tmp dir root location: 
 /tmp
[2021-10-10 19:56:55,682] {subprocess.py:63} INFO - Running command: ['bash', '-c', '\n            set -x\n            source ${thisroot}/thisroot.sh        \n            variations=$(echo ${variations}|sed \'s| |,|g\')\n            name="${type}_${shapevar}"\n            python ${code}/histogram.py ${base_dir}/${inputfile} ${base_dir}/${outputfile} ${type} ${weight} ${variations} ${name}\n            ']
[2021-10-10 19:56:55,686] {subprocess.py:74} INFO - Output:
[2021-10-10 19:56:55,686] {subprocess.py:78} INFO - + source /home/abd/root/root/bin/thisroot.sh
[2021-10-10 19:56:55,687] {subprocess.py:78} INFO - ++ '[' -n '' ']'
[2021-10-10 19:56:55,687] {subprocess.py:78} INFO - ++ SOURCE=/home/abd/root/root/bin/thisroot.sh
[2021-10-10 19:56:55,687] {subprocess.py:78} INFO - ++ '[' x/home/abd/root/root/bin/thisroot.sh = x ']'
[2021-10-10 19:56:55,687] {subprocess.py:78} INFO - ++ '[' x/home/abd/root/root/bin/thisroot.sh = x ']'
[2021-10-10 19:56:55,687] {subprocess.py:78} INFO - +++ dirname /home/abd/root/root/bin/thisroot.sh
[2021-10-10 19:56:55,688] {subprocess.py:78} INFO - ++ thisroot=/home/abd/root/root/bin
[2021-10-10 19:56:55,688] {subprocess.py:78} INFO - +++ cd /home/abd/root/root/bin/..
[2021-10-10 19:56:55,688] {subprocess.py:78} INFO - +++ pwd
[2021-10-10 19:56:55,688] {subprocess.py:78} INFO - ++ ROOTSYS=/home/abd/root/root
[2021-10-10 19:56:55,688] {subprocess.py:78} INFO - ++ export ROOTSYS
[2021-10-10 19:56:55,688] {subprocess.py:78} INFO - ++ clean_environment
[2021-10-10 19:56:55,688] {subprocess.py:78} INFO - ++ '[' -n '' ']'
[2021-10-10 19:56:55,688] {subprocess.py:78} INFO - ++ '[' -z '' ']'
[2021-10-10 19:56:55,688] {subprocess.py:78} INFO - ++ command -v manpath
[2021-10-10 19:56:55,688] {subprocess.py:78} INFO - +++ manpath
[2021-10-10 19:56:55,689] {subprocess.py:78} INFO - manpath: warning: $PATH not set
[2021-10-10 19:56:55,689] {subprocess.py:78} INFO - ++ default_manpath=/usr/share/man:/usr/local/share/man
[2021-10-10 19:56:55,689] {subprocess.py:78} INFO - ++ set_environment
[2021-10-10 19:56:55,689] {subprocess.py:78} INFO - ++ '[' -z /usr/local/sbin:/usr/local/bin:/usr/sbin:/usr/bin:/sbin:/bin ']'
[2021-10-10 19:56:55,689] {subprocess.py:78} INFO - ++ PATH=/home/abd/root/root/bin:/usr/local/sbin:/usr/local/bin:/usr/sbin:/usr/bin:/sbin:/bin
[2021-10-10 19:56:55,689] {subprocess.py:78} INFO - ++ export PATH
[2021-10-10 19:56:55,689] {subprocess.py:78} INFO - ++ '[' -z '' ']'
[2021-10-10 19:56:55,690] {subprocess.py:78} INFO - ++ LD_LIBRARY_PATH=/home/abd/root/root/lib
[2021-10-10 19:56:55,690] {subprocess.py:78} INFO - ++ export LD_LIBRARY_PATH
[2021-10-10 19:56:55,690] {subprocess.py:78} INFO - ++ '[' -z '' ']'
[2021-10-10 19:56:55,690] {subprocess.py:78} INFO - ++ DYLD_LIBRARY_PATH=/home/abd/root/root/lib
[2021-10-10 19:56:55,690] {subprocess.py:78} INFO - ++ export DYLD_LIBRARY_PATH
[2021-10-10 19:56:55,690] {subprocess.py:78} INFO - ++ '[' -z '' ']'
[2021-10-10 19:56:55,690] {subprocess.py:78} INFO - ++ SHLIB_PATH=/home/abd/root/root/lib
[2021-10-10 19:56:55,690] {subprocess.py:78} INFO - ++ export SHLIB_PATH
[2021-10-10 19:56:55,690] {subprocess.py:78} INFO - ++ '[' -z '' ']'
[2021-10-10 19:56:55,690] {subprocess.py:78} INFO - ++ LIBPATH=/home/abd/root/root/lib
[2021-10-10 19:56:55,690] {subprocess.py:78} INFO - ++ export LIBPATH
[2021-10-10 19:56:55,690] {subprocess.py:78} INFO - ++ '[' -z '' ']'
[2021-10-10 19:56:55,690] {subprocess.py:78} INFO - ++ PYTHONPATH=/home/abd/root/root/lib
[2021-10-10 19:56:55,690] {subprocess.py:78} INFO - ++ export PYTHONPATH
[2021-10-10 19:56:55,690] {subprocess.py:78} INFO - ++ '[' -z '' ']'
[2021-10-10 19:56:55,690] {subprocess.py:78} INFO - ++ MANPATH=/home/abd/root/root/man:/usr/share/man:/usr/local/share/man
[2021-10-10 19:56:55,690] {subprocess.py:78} INFO - ++ export MANPATH
[2021-10-10 19:56:55,690] {subprocess.py:78} INFO - ++ '[' -z '' ']'
[2021-10-10 19:56:55,690] {subprocess.py:78} INFO - ++ CMAKE_PREFIX_PATH=/home/abd/root/root
[2021-10-10 19:56:55,690] {subprocess.py:78} INFO - ++ export CMAKE_PREFIX_PATH
[2021-10-10 19:56:55,690] {subprocess.py:78} INFO - ++ '[' -z '' ']'
[2021-10-10 19:56:55,690] {subprocess.py:78} INFO - ++ JUPYTER_PATH=/home/abd/root/root/etc/notebook
[2021-10-10 19:56:55,690] {subprocess.py:78} INFO - ++ export JUPYTER_PATH
[2021-10-10 19:56:55,690] {subprocess.py:78} INFO - ++ '[' -z '' ']'
[2021-10-10 19:56:55,690] {subprocess.py:78} INFO - ++ JUPYTER_CONFIG_DIR=/home/abd/root/root/etc/notebook
[2021-10-10 19:56:55,690] {subprocess.py:78} INFO - ++ export JUPYTER_CONFIG_DIR
[2021-10-10 19:56:55,691] {subprocess.py:78} INFO - ++ export CLING_STANDARD_PCH=none
[2021-10-10 19:56:55,691] {subprocess.py:78} INFO - ++ CLING_STANDARD_PCH=none
[2021-10-10 19:56:55,691] {subprocess.py:78} INFO - +++ root-config --arch
[2021-10-10 19:56:55,691] {subprocess.py:78} INFO - +++ grep -v win32gcc
[2021-10-10 19:56:55,691] {subprocess.py:78} INFO - +++ grep -i win32
[2021-10-10 19:56:55,701] {subprocess.py:78} INFO - ++ '[' x '!=' x ']'
[2021-10-10 19:56:55,701] {subprocess.py:78} INFO - ++ unset old_rootsys
[2021-10-10 19:56:55,701] {subprocess.py:78} INFO - ++ unset thisroot
[2021-10-10 19:56:55,701] {subprocess.py:78} INFO - ++ unset -f drop_from_path
[2021-10-10 19:56:55,701] {subprocess.py:78} INFO - ++ unset -f clean_environment
[2021-10-10 19:56:55,701] {subprocess.py:78} INFO - ++ unset -f set_environment
[2021-10-10 19:56:55,701] {subprocess.py:78} INFO - ++ echo nominal
[2021-10-10 19:56:55,701] {subprocess.py:78} INFO - ++ sed 's| |,|g'
[2021-10-10 19:56:55,702] {subprocess.py:78} INFO - + variations=nominal
[2021-10-10 19:56:55,703] {subprocess.py:78} INFO - + name=mc1_shape_conv_dn
[2021-10-10 19:56:55,703] {subprocess.py:78} INFO - + python /home/abd/airflow/code/histogram.py /home/abd/airflow/data/bsm-search/mc1_shape_conv_dn.root /home/abd/airflow/data/bsm-search/mc1_shape_conv_dn_hist.root mc1 0.01875 nominal mc1_shape_conv_dn
[2021-10-10 19:56:57,403] {subprocess.py:78} INFO - TH1F::Sumw2:0: RuntimeWarning: Sum of squares of weights structure already created
[2021-10-10 19:56:57,456] {subprocess.py:82} INFO - Command exited with return code 0
[2021-10-10 19:56:57,468] {taskinstance.py:1212} INFO - Marking task as SUCCESS. dag_id=main, task_id=mc.mc1.hist_shape_group_mc1.hist_shape_mc1_2, execution_date=20211009T000000, start_date=20211010T165655, end_date=20211010T165657
[2021-10-10 19:56:57,492] {local_task_job.py:151} INFO - Task exited with return code 0
[2021-10-10 19:56:57,524] {local_task_job.py:261} INFO - 1 downstream tasks scheduled from follow-on schedule check
[2021-10-10 20:18:27,306] {taskinstance.py:903} INFO - Dependencies all met for <TaskInstance: main.mc.mc1.hist_shape_group_mc1.hist_shape_mc1_2 2021-10-09T00:00:00+00:00 [queued]>
[2021-10-10 20:18:27,313] {taskinstance.py:903} INFO - Dependencies all met for <TaskInstance: main.mc.mc1.hist_shape_group_mc1.hist_shape_mc1_2 2021-10-09T00:00:00+00:00 [queued]>
[2021-10-10 20:18:27,313] {taskinstance.py:1095} INFO - 
--------------------------------------------------------------------------------
[2021-10-10 20:18:27,313] {taskinstance.py:1096} INFO - Starting attempt 1 of 2
[2021-10-10 20:18:27,313] {taskinstance.py:1097} INFO - 
--------------------------------------------------------------------------------
[2021-10-10 20:18:27,320] {taskinstance.py:1115} INFO - Executing <Task(BashOperator): mc.mc1.hist_shape_group_mc1.hist_shape_mc1_2> on 2021-10-09T00:00:00+00:00
[2021-10-10 20:18:27,322] {standard_task_runner.py:52} INFO - Started process 11278 to run task
[2021-10-10 20:18:27,325] {standard_task_runner.py:76} INFO - Running: ['airflow', 'tasks', 'run', 'main', 'mc.mc1.hist_shape_group_mc1.hist_shape_mc1_2', '2021-10-09T00:00:00+00:00', '--job-id', '603', '--pool', 'default_pool', '--raw', '--subdir', 'DAGS_FOLDER/main.py', '--cfg-path', '/tmp/tmpbpdrc8yp', '--error-file', '/tmp/tmpvatmug3z']
[2021-10-10 20:18:27,325] {standard_task_runner.py:77} INFO - Job 603: Subtask mc.mc1.hist_shape_group_mc1.hist_shape_mc1_2
[2021-10-10 20:18:27,345] {logging_mixin.py:109} INFO - Running <TaskInstance: main.mc.mc1.hist_shape_group_mc1.hist_shape_mc1_2 2021-10-09T00:00:00+00:00 [running]> on host abd
[2021-10-10 20:18:27,384] {taskinstance.py:1252} INFO - Exporting the following env vars:
AIRFLOW_CTX_DAG_OWNER=admin
AIRFLOW_CTX_DAG_ID=main
AIRFLOW_CTX_TASK_ID=mc.mc1.hist_shape_group_mc1.hist_shape_mc1_2
AIRFLOW_CTX_EXECUTION_DATE=2021-10-09T00:00:00+00:00
AIRFLOW_CTX_DAG_RUN_ID=scheduled__2021-10-09T00:00:00+00:00
[2021-10-10 20:18:27,384] {subprocess.py:52} INFO - Tmp dir root location: 
 /tmp
[2021-10-10 20:18:27,385] {subprocess.py:63} INFO - Running command: ['bash', '-c', '\n            set -x\n            source ${thisroot}/thisroot.sh        \n            variations=$(echo ${variations}|sed \'s| |,|g\')\n            name="${type}_${shapevar}"\n            python ${code}/histogram.py ${base_dir}/${inputfile} ${base_dir}/${outputfile} ${type} ${weight} ${variations} ${name}\n            ']
[2021-10-10 20:18:27,388] {subprocess.py:74} INFO - Output:
[2021-10-10 20:18:27,389] {subprocess.py:78} INFO - + source /home/abd/root/root/bin/thisroot.sh
[2021-10-10 20:18:27,389] {subprocess.py:78} INFO - ++ '[' -n '' ']'
[2021-10-10 20:18:27,389] {subprocess.py:78} INFO - ++ SOURCE=/home/abd/root/root/bin/thisroot.sh
[2021-10-10 20:18:27,390] {subprocess.py:78} INFO - ++ '[' x/home/abd/root/root/bin/thisroot.sh = x ']'
[2021-10-10 20:18:27,390] {subprocess.py:78} INFO - ++ '[' x/home/abd/root/root/bin/thisroot.sh = x ']'
[2021-10-10 20:18:27,390] {subprocess.py:78} INFO - +++ dirname /home/abd/root/root/bin/thisroot.sh
[2021-10-10 20:18:27,390] {subprocess.py:78} INFO - ++ thisroot=/home/abd/root/root/bin
[2021-10-10 20:18:27,390] {subprocess.py:78} INFO - +++ cd /home/abd/root/root/bin/..
[2021-10-10 20:18:27,391] {subprocess.py:78} INFO - +++ pwd
[2021-10-10 20:18:27,391] {subprocess.py:78} INFO - ++ ROOTSYS=/home/abd/root/root
[2021-10-10 20:18:27,391] {subprocess.py:78} INFO - ++ export ROOTSYS
[2021-10-10 20:18:27,391] {subprocess.py:78} INFO - ++ clean_environment
[2021-10-10 20:18:27,391] {subprocess.py:78} INFO - ++ '[' -n '' ']'
[2021-10-10 20:18:27,391] {subprocess.py:78} INFO - ++ '[' -z '' ']'
[2021-10-10 20:18:27,391] {subprocess.py:78} INFO - ++ command -v manpath
[2021-10-10 20:18:27,391] {subprocess.py:78} INFO - +++ manpath
[2021-10-10 20:18:27,392] {subprocess.py:78} INFO - manpath: warning: $PATH not set
[2021-10-10 20:18:27,392] {subprocess.py:78} INFO - ++ default_manpath=/usr/share/man:/usr/local/share/man
[2021-10-10 20:18:27,392] {subprocess.py:78} INFO - ++ set_environment
[2021-10-10 20:18:27,392] {subprocess.py:78} INFO - ++ '[' -z /usr/local/sbin:/usr/local/bin:/usr/sbin:/usr/bin:/sbin:/bin ']'
[2021-10-10 20:18:27,392] {subprocess.py:78} INFO - ++ PATH=/home/abd/root/root/bin:/usr/local/sbin:/usr/local/bin:/usr/sbin:/usr/bin:/sbin:/bin
[2021-10-10 20:18:27,392] {subprocess.py:78} INFO - ++ export PATH
[2021-10-10 20:18:27,392] {subprocess.py:78} INFO - ++ '[' -z '' ']'
[2021-10-10 20:18:27,392] {subprocess.py:78} INFO - ++ LD_LIBRARY_PATH=/home/abd/root/root/lib
[2021-10-10 20:18:27,392] {subprocess.py:78} INFO - ++ export LD_LIBRARY_PATH
[2021-10-10 20:18:27,392] {subprocess.py:78} INFO - ++ '[' -z '' ']'
[2021-10-10 20:18:27,392] {subprocess.py:78} INFO - ++ DYLD_LIBRARY_PATH=/home/abd/root/root/lib
[2021-10-10 20:18:27,392] {subprocess.py:78} INFO - ++ export DYLD_LIBRARY_PATH
[2021-10-10 20:18:27,392] {subprocess.py:78} INFO - ++ '[' -z '' ']'
[2021-10-10 20:18:27,392] {subprocess.py:78} INFO - ++ SHLIB_PATH=/home/abd/root/root/lib
[2021-10-10 20:18:27,392] {subprocess.py:78} INFO - ++ export SHLIB_PATH
[2021-10-10 20:18:27,392] {subprocess.py:78} INFO - ++ '[' -z '' ']'
[2021-10-10 20:18:27,392] {subprocess.py:78} INFO - ++ LIBPATH=/home/abd/root/root/lib
[2021-10-10 20:18:27,392] {subprocess.py:78} INFO - ++ export LIBPATH
[2021-10-10 20:18:27,392] {subprocess.py:78} INFO - ++ '[' -z '' ']'
[2021-10-10 20:18:27,392] {subprocess.py:78} INFO - ++ PYTHONPATH=/home/abd/root/root/lib
[2021-10-10 20:18:27,392] {subprocess.py:78} INFO - ++ export PYTHONPATH
[2021-10-10 20:18:27,393] {subprocess.py:78} INFO - ++ '[' -z '' ']'
[2021-10-10 20:18:27,393] {subprocess.py:78} INFO - ++ MANPATH=/home/abd/root/root/man:/usr/share/man:/usr/local/share/man
[2021-10-10 20:18:27,393] {subprocess.py:78} INFO - ++ export MANPATH
[2021-10-10 20:18:27,393] {subprocess.py:78} INFO - ++ '[' -z '' ']'
[2021-10-10 20:18:27,393] {subprocess.py:78} INFO - ++ CMAKE_PREFIX_PATH=/home/abd/root/root
[2021-10-10 20:18:27,393] {subprocess.py:78} INFO - ++ export CMAKE_PREFIX_PATH
[2021-10-10 20:18:27,393] {subprocess.py:78} INFO - ++ '[' -z '' ']'
[2021-10-10 20:18:27,393] {subprocess.py:78} INFO - ++ JUPYTER_PATH=/home/abd/root/root/etc/notebook
[2021-10-10 20:18:27,393] {subprocess.py:78} INFO - ++ export JUPYTER_PATH
[2021-10-10 20:18:27,393] {subprocess.py:78} INFO - ++ '[' -z '' ']'
[2021-10-10 20:18:27,393] {subprocess.py:78} INFO - ++ JUPYTER_CONFIG_DIR=/home/abd/root/root/etc/notebook
[2021-10-10 20:18:27,393] {subprocess.py:78} INFO - ++ export JUPYTER_CONFIG_DIR
[2021-10-10 20:18:27,393] {subprocess.py:78} INFO - ++ export CLING_STANDARD_PCH=none
[2021-10-10 20:18:27,393] {subprocess.py:78} INFO - ++ CLING_STANDARD_PCH=none
[2021-10-10 20:18:27,393] {subprocess.py:78} INFO - +++ root-config --arch
[2021-10-10 20:18:27,393] {subprocess.py:78} INFO - +++ grep -v win32gcc
[2021-10-10 20:18:27,393] {subprocess.py:78} INFO - +++ grep -i win32
[2021-10-10 20:18:27,403] {subprocess.py:78} INFO - ++ '[' x '!=' x ']'
[2021-10-10 20:18:27,403] {subprocess.py:78} INFO - ++ unset old_rootsys
[2021-10-10 20:18:27,403] {subprocess.py:78} INFO - ++ unset thisroot
[2021-10-10 20:18:27,403] {subprocess.py:78} INFO - ++ unset -f drop_from_path
[2021-10-10 20:18:27,403] {subprocess.py:78} INFO - ++ unset -f clean_environment
[2021-10-10 20:18:27,403] {subprocess.py:78} INFO - ++ unset -f set_environment
[2021-10-10 20:18:27,403] {subprocess.py:78} INFO - ++ echo nominal
[2021-10-10 20:18:27,403] {subprocess.py:78} INFO - ++ sed 's| |,|g'
[2021-10-10 20:18:27,404] {subprocess.py:78} INFO - + variations=nominal
[2021-10-10 20:18:27,405] {subprocess.py:78} INFO - + name=mc1_shape_conv_dn
[2021-10-10 20:18:27,405] {subprocess.py:78} INFO - + python /home/abd/airflow/code/histogram.py /home/abd/airflow/data/bsm-search/mc1_shape_conv_dn.root /home/abd/airflow/data/bsm-search/mc1_shape_conv_dn_hist.root mc1 0.01875 nominal mc1_shape_conv_dn
[2021-10-10 20:18:29,156] {subprocess.py:78} INFO - TH1F::Sumw2:0: RuntimeWarning: Sum of squares of weights structure already created
[2021-10-10 20:18:29,213] {subprocess.py:82} INFO - Command exited with return code 0
[2021-10-10 20:18:29,225] {taskinstance.py:1212} INFO - Marking task as SUCCESS. dag_id=main, task_id=mc.mc1.hist_shape_group_mc1.hist_shape_mc1_2, execution_date=20211009T000000, start_date=20211010T171827, end_date=20211010T171829
[2021-10-10 20:18:29,261] {local_task_job.py:151} INFO - Task exited with return code 0
[2021-10-10 20:18:29,277] {local_task_job.py:261} INFO - 1 downstream tasks scheduled from follow-on schedule check
[2021-10-10 20:37:51,350] {taskinstance.py:903} INFO - Dependencies all met for <TaskInstance: main.mc.mc1.hist_shape_group_mc1.hist_shape_mc1_2 2021-10-09T00:00:00+00:00 [queued]>
[2021-10-10 20:37:51,356] {taskinstance.py:903} INFO - Dependencies all met for <TaskInstance: main.mc.mc1.hist_shape_group_mc1.hist_shape_mc1_2 2021-10-09T00:00:00+00:00 [queued]>
[2021-10-10 20:37:51,356] {taskinstance.py:1095} INFO - 
--------------------------------------------------------------------------------
[2021-10-10 20:37:51,356] {taskinstance.py:1096} INFO - Starting attempt 1 of 2
[2021-10-10 20:37:51,356] {taskinstance.py:1097} INFO - 
--------------------------------------------------------------------------------
[2021-10-10 20:37:51,364] {taskinstance.py:1115} INFO - Executing <Task(BashOperator): mc.mc1.hist_shape_group_mc1.hist_shape_mc1_2> on 2021-10-09T00:00:00+00:00
[2021-10-10 20:37:51,368] {standard_task_runner.py:52} INFO - Started process 15523 to run task
[2021-10-10 20:37:51,373] {standard_task_runner.py:76} INFO - Running: ['airflow', 'tasks', 'run', 'main', 'mc.mc1.hist_shape_group_mc1.hist_shape_mc1_2', '2021-10-09T00:00:00+00:00', '--job-id', '603', '--pool', 'default_pool', '--raw', '--subdir', 'DAGS_FOLDER/main.py', '--cfg-path', '/tmp/tmpk0eh5_c7', '--error-file', '/tmp/tmp9fc_boyl']
[2021-10-10 20:37:51,374] {standard_task_runner.py:77} INFO - Job 603: Subtask mc.mc1.hist_shape_group_mc1.hist_shape_mc1_2
[2021-10-10 20:37:51,393] {logging_mixin.py:109} INFO - Running <TaskInstance: main.mc.mc1.hist_shape_group_mc1.hist_shape_mc1_2 2021-10-09T00:00:00+00:00 [running]> on host abd
[2021-10-10 20:37:51,419] {taskinstance.py:1252} INFO - Exporting the following env vars:
AIRFLOW_CTX_DAG_OWNER=admin
AIRFLOW_CTX_DAG_ID=main
AIRFLOW_CTX_TASK_ID=mc.mc1.hist_shape_group_mc1.hist_shape_mc1_2
AIRFLOW_CTX_EXECUTION_DATE=2021-10-09T00:00:00+00:00
AIRFLOW_CTX_DAG_RUN_ID=scheduled__2021-10-09T00:00:00+00:00
[2021-10-10 20:37:51,419] {subprocess.py:52} INFO - Tmp dir root location: 
 /tmp
[2021-10-10 20:37:51,420] {subprocess.py:63} INFO - Running command: ['bash', '-c', '\n            set -x\n            source ${thisroot}/thisroot.sh        \n            variations=$(echo ${variations}|sed \'s| |,|g\')\n            name="${type}_${shapevar}"\n            python ${code}/histogram.py ${base_dir}/${inputfile} ${base_dir}/${outputfile} ${type} ${weight} ${variations} ${name}\n            ']
[2021-10-10 20:37:51,423] {subprocess.py:74} INFO - Output:
[2021-10-10 20:37:51,424] {subprocess.py:78} INFO - + source /home/abd/root/root/bin/thisroot.sh
[2021-10-10 20:37:51,424] {subprocess.py:78} INFO - ++ '[' -n '' ']'
[2021-10-10 20:37:51,424] {subprocess.py:78} INFO - ++ SOURCE=/home/abd/root/root/bin/thisroot.sh
[2021-10-10 20:37:51,425] {subprocess.py:78} INFO - ++ '[' x/home/abd/root/root/bin/thisroot.sh = x ']'
[2021-10-10 20:37:51,425] {subprocess.py:78} INFO - ++ '[' x/home/abd/root/root/bin/thisroot.sh = x ']'
[2021-10-10 20:37:51,425] {subprocess.py:78} INFO - +++ dirname /home/abd/root/root/bin/thisroot.sh
[2021-10-10 20:37:51,425] {subprocess.py:78} INFO - ++ thisroot=/home/abd/root/root/bin
[2021-10-10 20:37:51,426] {subprocess.py:78} INFO - +++ cd /home/abd/root/root/bin/..
[2021-10-10 20:37:51,426] {subprocess.py:78} INFO - +++ pwd
[2021-10-10 20:37:51,426] {subprocess.py:78} INFO - ++ ROOTSYS=/home/abd/root/root
[2021-10-10 20:37:51,426] {subprocess.py:78} INFO - ++ export ROOTSYS
[2021-10-10 20:37:51,426] {subprocess.py:78} INFO - ++ clean_environment
[2021-10-10 20:37:51,426] {subprocess.py:78} INFO - ++ '[' -n '' ']'
[2021-10-10 20:37:51,426] {subprocess.py:78} INFO - ++ '[' -z '' ']'
[2021-10-10 20:37:51,426] {subprocess.py:78} INFO - ++ command -v manpath
[2021-10-10 20:37:51,426] {subprocess.py:78} INFO - +++ manpath
[2021-10-10 20:37:51,427] {subprocess.py:78} INFO - manpath: warning: $PATH not set
[2021-10-10 20:37:51,427] {subprocess.py:78} INFO - ++ default_manpath=/usr/share/man:/usr/local/share/man
[2021-10-10 20:37:51,427] {subprocess.py:78} INFO - ++ set_environment
[2021-10-10 20:37:51,427] {subprocess.py:78} INFO - ++ '[' -z /usr/local/sbin:/usr/local/bin:/usr/sbin:/usr/bin:/sbin:/bin ']'
[2021-10-10 20:37:51,427] {subprocess.py:78} INFO - ++ PATH=/home/abd/root/root/bin:/usr/local/sbin:/usr/local/bin:/usr/sbin:/usr/bin:/sbin:/bin
[2021-10-10 20:37:51,427] {subprocess.py:78} INFO - ++ export PATH
[2021-10-10 20:37:51,427] {subprocess.py:78} INFO - ++ '[' -z '' ']'
[2021-10-10 20:37:51,427] {subprocess.py:78} INFO - ++ LD_LIBRARY_PATH=/home/abd/root/root/lib
[2021-10-10 20:37:51,427] {subprocess.py:78} INFO - ++ export LD_LIBRARY_PATH
[2021-10-10 20:37:51,427] {subprocess.py:78} INFO - ++ '[' -z '' ']'
[2021-10-10 20:37:51,427] {subprocess.py:78} INFO - ++ DYLD_LIBRARY_PATH=/home/abd/root/root/lib
[2021-10-10 20:37:51,427] {subprocess.py:78} INFO - ++ export DYLD_LIBRARY_PATH
[2021-10-10 20:37:51,427] {subprocess.py:78} INFO - ++ '[' -z '' ']'
[2021-10-10 20:37:51,427] {subprocess.py:78} INFO - ++ SHLIB_PATH=/home/abd/root/root/lib
[2021-10-10 20:37:51,427] {subprocess.py:78} INFO - ++ export SHLIB_PATH
[2021-10-10 20:37:51,427] {subprocess.py:78} INFO - ++ '[' -z '' ']'
[2021-10-10 20:37:51,427] {subprocess.py:78} INFO - ++ LIBPATH=/home/abd/root/root/lib
[2021-10-10 20:37:51,427] {subprocess.py:78} INFO - ++ export LIBPATH
[2021-10-10 20:37:51,427] {subprocess.py:78} INFO - ++ '[' -z '' ']'
[2021-10-10 20:37:51,427] {subprocess.py:78} INFO - ++ PYTHONPATH=/home/abd/root/root/lib
[2021-10-10 20:37:51,427] {subprocess.py:78} INFO - ++ export PYTHONPATH
[2021-10-10 20:37:51,428] {subprocess.py:78} INFO - ++ '[' -z '' ']'
[2021-10-10 20:37:51,428] {subprocess.py:78} INFO - ++ MANPATH=/home/abd/root/root/man:/usr/share/man:/usr/local/share/man
[2021-10-10 20:37:51,428] {subprocess.py:78} INFO - ++ export MANPATH
[2021-10-10 20:37:51,428] {subprocess.py:78} INFO - ++ '[' -z '' ']'
[2021-10-10 20:37:51,428] {subprocess.py:78} INFO - ++ CMAKE_PREFIX_PATH=/home/abd/root/root
[2021-10-10 20:37:51,428] {subprocess.py:78} INFO - ++ export CMAKE_PREFIX_PATH
[2021-10-10 20:37:51,428] {subprocess.py:78} INFO - ++ '[' -z '' ']'
[2021-10-10 20:37:51,428] {subprocess.py:78} INFO - ++ JUPYTER_PATH=/home/abd/root/root/etc/notebook
[2021-10-10 20:37:51,428] {subprocess.py:78} INFO - ++ export JUPYTER_PATH
[2021-10-10 20:37:51,428] {subprocess.py:78} INFO - ++ '[' -z '' ']'
[2021-10-10 20:37:51,428] {subprocess.py:78} INFO - ++ JUPYTER_CONFIG_DIR=/home/abd/root/root/etc/notebook
[2021-10-10 20:37:51,428] {subprocess.py:78} INFO - ++ export JUPYTER_CONFIG_DIR
[2021-10-10 20:37:51,428] {subprocess.py:78} INFO - ++ export CLING_STANDARD_PCH=none
[2021-10-10 20:37:51,428] {subprocess.py:78} INFO - ++ CLING_STANDARD_PCH=none
[2021-10-10 20:37:51,428] {subprocess.py:78} INFO - +++ root-config --arch
[2021-10-10 20:37:51,428] {subprocess.py:78} INFO - +++ grep -v win32gcc
[2021-10-10 20:37:51,428] {subprocess.py:78} INFO - +++ grep -i win32
[2021-10-10 20:37:51,438] {subprocess.py:78} INFO - ++ '[' x '!=' x ']'
[2021-10-10 20:37:51,438] {subprocess.py:78} INFO - ++ unset old_rootsys
[2021-10-10 20:37:51,438] {subprocess.py:78} INFO - ++ unset thisroot
[2021-10-10 20:37:51,438] {subprocess.py:78} INFO - ++ unset -f drop_from_path
[2021-10-10 20:37:51,438] {subprocess.py:78} INFO - ++ unset -f clean_environment
[2021-10-10 20:37:51,438] {subprocess.py:78} INFO - ++ unset -f set_environment
[2021-10-10 20:37:51,438] {subprocess.py:78} INFO - ++ echo nominal
[2021-10-10 20:37:51,438] {subprocess.py:78} INFO - ++ sed 's| |,|g'
[2021-10-10 20:37:51,440] {subprocess.py:78} INFO - + variations=nominal
[2021-10-10 20:37:51,440] {subprocess.py:78} INFO - + name=mc1_shape_conv_dn
[2021-10-10 20:37:51,440] {subprocess.py:78} INFO - + python /home/abd/airflow/code/histogram.py /home/abd/airflow/data/bsm-search/mc1_shape_conv_dn.root /home/abd/airflow/data/bsm-search/mc1_shape_conv_dn_hist.root mc1 0.01875 nominal mc1_shape_conv_dn
[2021-10-10 20:37:53,108] {subprocess.py:78} INFO - TH1F::Sumw2:0: RuntimeWarning: Sum of squares of weights structure already created
[2021-10-10 20:37:53,166] {subprocess.py:82} INFO - Command exited with return code 0
[2021-10-10 20:37:53,178] {taskinstance.py:1212} INFO - Marking task as SUCCESS. dag_id=main, task_id=mc.mc1.hist_shape_group_mc1.hist_shape_mc1_2, execution_date=20211009T000000, start_date=20211010T173751, end_date=20211010T173753
[2021-10-10 20:37:53,188] {local_task_job.py:151} INFO - Task exited with return code 0
[2021-10-10 20:37:53,201] {local_task_job.py:261} INFO - 1 downstream tasks scheduled from follow-on schedule check
