[2021-10-10 17:04:04,271] {taskinstance.py:903} INFO - Dependencies all met for <TaskInstance: example_short_circuit_operator.condition_is_True 2021-10-08T00:00:00+00:00 [queued]>
[2021-10-10 17:04:04,276] {taskinstance.py:903} INFO - Dependencies all met for <TaskInstance: example_short_circuit_operator.condition_is_True 2021-10-08T00:00:00+00:00 [queued]>
[2021-10-10 17:04:04,276] {taskinstance.py:1095} INFO - 
--------------------------------------------------------------------------------
[2021-10-10 17:04:04,276] {taskinstance.py:1096} INFO - Starting attempt 1 of 1
[2021-10-10 17:04:04,276] {taskinstance.py:1097} INFO - 
--------------------------------------------------------------------------------
[2021-10-10 17:04:04,284] {taskinstance.py:1115} INFO - Executing <Task(ShortCircuitOperator): condition_is_True> on 2021-10-08T00:00:00+00:00
[2021-10-10 17:04:04,286] {standard_task_runner.py:52} INFO - Started process 15344 to run task
[2021-10-10 17:04:04,289] {standard_task_runner.py:76} INFO - Running: ['airflow', 'tasks', 'run', 'example_short_circuit_operator', 'condition_is_True', '2021-10-08T00:00:00+00:00', '--job-id', '23', '--pool', 'default_pool', '--raw', '--subdir', '/usr/local/lib/python3.8/dist-packages/airflow/example_dags/example_short_circuit_operator.py', '--cfg-path', '/tmp/tmppwr9y03r', '--error-file', '/tmp/tmphennq3ah']
[2021-10-10 17:04:04,290] {standard_task_runner.py:77} INFO - Job 23: Subtask condition_is_True
[2021-10-10 17:04:04,346] {logging_mixin.py:109} INFO - Running <TaskInstance: example_short_circuit_operator.condition_is_True 2021-10-08T00:00:00+00:00 [running]> on host abd
[2021-10-10 17:04:04,370] {taskinstance.py:1252} INFO - Exporting the following env vars:
AIRFLOW_CTX_DAG_OWNER=airflow
AIRFLOW_CTX_DAG_ID=example_short_circuit_operator
AIRFLOW_CTX_TASK_ID=condition_is_True
AIRFLOW_CTX_EXECUTION_DATE=2021-10-08T00:00:00+00:00
AIRFLOW_CTX_DAG_RUN_ID=scheduled__2021-10-08T00:00:00+00:00
[2021-10-10 17:04:04,370] {python.py:151} INFO - Done. Returned value was: True
[2021-10-10 17:04:04,370] {python.py:199} INFO - Condition result is True
[2021-10-10 17:04:04,370] {python.py:202} INFO - Proceeding with downstream tasks...
[2021-10-10 17:04:04,372] {taskinstance.py:1212} INFO - Marking task as SUCCESS. dag_id=example_short_circuit_operator, task_id=condition_is_True, execution_date=20211008T000000, start_date=20211010T140404, end_date=20211010T140404
[2021-10-10 17:04:04,420] {local_task_job.py:151} INFO - Task exited with return code 0
[2021-10-10 17:04:04,472] {local_task_job.py:261} INFO - 1 downstream tasks scheduled from follow-on schedule check
