[2021-10-10 17:08:40,892] {taskinstance.py:903} INFO - Dependencies all met for <TaskInstance: example_complex.search_catalog 2021-10-10T14:04:43.758814+00:00 [queued]>
[2021-10-10 17:08:40,924] {taskinstance.py:903} INFO - Dependencies all met for <TaskInstance: example_complex.search_catalog 2021-10-10T14:04:43.758814+00:00 [queued]>
[2021-10-10 17:08:40,924] {taskinstance.py:1095} INFO - 
--------------------------------------------------------------------------------
[2021-10-10 17:08:40,924] {taskinstance.py:1096} INFO - Starting attempt 1 of 1
[2021-10-10 17:08:40,924] {taskinstance.py:1097} INFO - 
--------------------------------------------------------------------------------
[2021-10-10 17:08:40,930] {taskinstance.py:1115} INFO - Executing <Task(PythonOperator): search_catalog> on 2021-10-10T14:04:43.758814+00:00
[2021-10-10 17:08:40,932] {standard_task_runner.py:52} INFO - Started process 16444 to run task
[2021-10-10 17:08:40,935] {standard_task_runner.py:76} INFO - Running: ['airflow', 'tasks', 'run', 'example_complex', 'search_catalog', '2021-10-10T14:04:43.758814+00:00', '--job-id', '150', '--pool', 'default_pool', '--raw', '--subdir', '/usr/local/lib/python3.8/dist-packages/airflow/example_dags/example_complex.py', '--cfg-path', '/tmp/tmpmn9osjep', '--error-file', '/tmp/tmpwkpaqy7j']
[2021-10-10 17:08:40,935] {standard_task_runner.py:77} INFO - Job 150: Subtask search_catalog
[2021-10-10 17:08:40,953] {logging_mixin.py:109} INFO - Running <TaskInstance: example_complex.search_catalog 2021-10-10T14:04:43.758814+00:00 [running]> on host abd
[2021-10-10 17:08:40,972] {taskinstance.py:1252} INFO - Exporting the following env vars:
AIRFLOW_CTX_DAG_OWNER=airflow
AIRFLOW_CTX_DAG_ID=example_complex
AIRFLOW_CTX_TASK_ID=search_catalog
AIRFLOW_CTX_EXECUTION_DATE=2021-10-10T14:04:43.758814+00:00
AIRFLOW_CTX_DAG_RUN_ID=manual__2021-10-10T14:04:43.758814+00:00
[2021-10-10 17:08:40,972] {logging_mixin.py:109} INFO - search_catalog
[2021-10-10 17:08:40,972] {python.py:151} INFO - Done. Returned value was: None
[2021-10-10 17:08:40,975] {taskinstance.py:1212} INFO - Marking task as SUCCESS. dag_id=example_complex, task_id=search_catalog, execution_date=20211010T140443, start_date=20211010T140840, end_date=20211010T140840
[2021-10-10 17:08:40,986] {local_task_job.py:151} INFO - Task exited with return code 0
[2021-10-10 17:08:41,004] {local_task_job.py:261} INFO - 1 downstream tasks scheduled from follow-on schedule check
