[2021-10-10 17:03:30,186] {taskinstance.py:903} INFO - Dependencies all met for <TaskInstance: example_bash_operator.runme_0 2021-10-08T00:00:00+00:00 [queued]>
[2021-10-10 17:03:30,192] {taskinstance.py:903} INFO - Dependencies all met for <TaskInstance: example_bash_operator.runme_0 2021-10-08T00:00:00+00:00 [queued]>
[2021-10-10 17:03:30,192] {taskinstance.py:1095} INFO - 
--------------------------------------------------------------------------------
[2021-10-10 17:03:30,192] {taskinstance.py:1096} INFO - Starting attempt 1 of 1
[2021-10-10 17:03:30,192] {taskinstance.py:1097} INFO - 
--------------------------------------------------------------------------------
[2021-10-10 17:03:30,201] {taskinstance.py:1115} INFO - Executing <Task(BashOperator): runme_0> on 2021-10-08T00:00:00+00:00
[2021-10-10 17:03:30,202] {standard_task_runner.py:52} INFO - Started process 15268 to run task
[2021-10-10 17:03:30,205] {standard_task_runner.py:76} INFO - Running: ['airflow', 'tasks', 'run', 'example_bash_operator', 'runme_0', '2021-10-08T00:00:00+00:00', '--job-id', '2', '--pool', 'default_pool', '--raw', '--subdir', '/usr/local/lib/python3.8/dist-packages/airflow/example_dags/example_bash_operator.py', '--cfg-path', '/tmp/tmpmhulnwy8', '--error-file', '/tmp/tmpcu_g0331']
[2021-10-10 17:03:30,206] {standard_task_runner.py:77} INFO - Job 2: Subtask runme_0
[2021-10-10 17:03:30,271] {logging_mixin.py:109} INFO - Running <TaskInstance: example_bash_operator.runme_0 2021-10-08T00:00:00+00:00 [running]> on host abd
[2021-10-10 17:03:30,298] {taskinstance.py:1252} INFO - Exporting the following env vars:
AIRFLOW_CTX_DAG_OWNER=airflow
AIRFLOW_CTX_DAG_ID=example_bash_operator
AIRFLOW_CTX_TASK_ID=runme_0
AIRFLOW_CTX_EXECUTION_DATE=2021-10-08T00:00:00+00:00
AIRFLOW_CTX_DAG_RUN_ID=scheduled__2021-10-08T00:00:00+00:00
[2021-10-10 17:03:30,299] {subprocess.py:52} INFO - Tmp dir root location: 
 /tmp
[2021-10-10 17:03:30,300] {subprocess.py:63} INFO - Running command: ['bash', '-c', 'echo "example_bash_operator__runme_0__20211008" && sleep 1']
[2021-10-10 17:03:30,304] {subprocess.py:74} INFO - Output:
[2021-10-10 17:03:30,304] {subprocess.py:78} INFO - example_bash_operator__runme_0__20211008
[2021-10-10 17:03:31,306] {subprocess.py:82} INFO - Command exited with return code 0
[2021-10-10 17:03:31,334] {taskinstance.py:1212} INFO - Marking task as SUCCESS. dag_id=example_bash_operator, task_id=runme_0, execution_date=20211008T000000, start_date=20211010T140330, end_date=20211010T140331
[2021-10-10 17:03:31,380] {local_task_job.py:151} INFO - Task exited with return code 0
[2021-10-10 17:03:31,438] {local_task_job.py:261} INFO - 0 downstream tasks scheduled from follow-on schedule check
