[2021-10-10 17:06:32,219] {taskinstance.py:903} INFO - Dependencies all met for <TaskInstance: tutorial.print_date 2021-10-09T00:00:00+00:00 [queued]>
[2021-10-10 17:06:32,228] {taskinstance.py:903} INFO - Dependencies all met for <TaskInstance: tutorial.print_date 2021-10-09T00:00:00+00:00 [queued]>
[2021-10-10 17:06:32,228] {taskinstance.py:1095} INFO - 
--------------------------------------------------------------------------------
[2021-10-10 17:06:32,228] {taskinstance.py:1096} INFO - Starting attempt 1 of 2
[2021-10-10 17:06:32,229] {taskinstance.py:1097} INFO - 
--------------------------------------------------------------------------------
[2021-10-10 17:06:32,248] {taskinstance.py:1115} INFO - Executing <Task(BashOperator): print_date> on 2021-10-09T00:00:00+00:00
[2021-10-10 17:06:32,250] {standard_task_runner.py:52} INFO - Started process 15960 to run task
[2021-10-10 17:06:32,254] {standard_task_runner.py:76} INFO - Running: ['airflow', 'tasks', 'run', 'tutorial', 'print_date', '2021-10-09T00:00:00+00:00', '--job-id', '55', '--pool', 'default_pool', '--raw', '--subdir', '/usr/local/lib/python3.8/dist-packages/airflow/example_dags/tutorial.py', '--cfg-path', '/tmp/tmp_rmbqyzl', '--error-file', '/tmp/tmphvwxzqum']
[2021-10-10 17:06:32,255] {standard_task_runner.py:77} INFO - Job 55: Subtask print_date
[2021-10-10 17:06:32,332] {logging_mixin.py:109} INFO - Running <TaskInstance: tutorial.print_date 2021-10-09T00:00:00+00:00 [running]> on host abd
[2021-10-10 17:06:32,366] {taskinstance.py:1252} INFO - Exporting the following env vars:
AIRFLOW_CTX_DAG_EMAIL=airflow@example.com
AIRFLOW_CTX_DAG_OWNER=airflow
AIRFLOW_CTX_DAG_ID=tutorial
AIRFLOW_CTX_TASK_ID=print_date
AIRFLOW_CTX_EXECUTION_DATE=2021-10-09T00:00:00+00:00
AIRFLOW_CTX_DAG_RUN_ID=scheduled__2021-10-09T00:00:00+00:00
[2021-10-10 17:06:32,367] {subprocess.py:52} INFO - Tmp dir root location: 
 /tmp
[2021-10-10 17:06:32,367] {subprocess.py:63} INFO - Running command: ['bash', '-c', 'date']
[2021-10-10 17:06:32,373] {subprocess.py:74} INFO - Output:
[2021-10-10 17:06:32,374] {subprocess.py:78} INFO - Sun 10 Oct 2021 05:06:32 PM +03
[2021-10-10 17:06:32,374] {subprocess.py:82} INFO - Command exited with return code 0
[2021-10-10 17:06:32,394] {taskinstance.py:1212} INFO - Marking task as SUCCESS. dag_id=tutorial, task_id=print_date, execution_date=20211009T000000, start_date=20211010T140632, end_date=20211010T140632
[2021-10-10 17:06:32,429] {local_task_job.py:151} INFO - Task exited with return code 0
[2021-10-10 17:06:32,492] {local_task_job.py:261} INFO - 2 downstream tasks scheduled from follow-on schedule check
