[2021-10-10 17:09:03,398] {taskinstance.py:903} INFO - Dependencies all met for <TaskInstance: example_complex.search_catalog_result 2021-10-10T14:04:43.758814+00:00 [queued]>
[2021-10-10 17:09:03,405] {taskinstance.py:903} INFO - Dependencies all met for <TaskInstance: example_complex.search_catalog_result 2021-10-10T14:04:43.758814+00:00 [queued]>
[2021-10-10 17:09:03,405] {taskinstance.py:1095} INFO - 
--------------------------------------------------------------------------------
[2021-10-10 17:09:03,405] {taskinstance.py:1096} INFO - Starting attempt 1 of 1
[2021-10-10 17:09:03,405] {taskinstance.py:1097} INFO - 
--------------------------------------------------------------------------------
[2021-10-10 17:09:03,413] {taskinstance.py:1115} INFO - Executing <Task(BashOperator): search_catalog_result> on 2021-10-10T14:04:43.758814+00:00
[2021-10-10 17:09:03,417] {standard_task_runner.py:52} INFO - Started process 16587 to run task
[2021-10-10 17:09:03,424] {standard_task_runner.py:76} INFO - Running: ['airflow', 'tasks', 'run', 'example_complex', 'search_catalog_result', '2021-10-10T14:04:43.758814+00:00', '--job-id', '172', '--pool', 'default_pool', '--raw', '--subdir', '/usr/local/lib/python3.8/dist-packages/airflow/example_dags/example_complex.py', '--cfg-path', '/tmp/tmpe8qex00f', '--error-file', '/tmp/tmp7p2xms2e']
[2021-10-10 17:09:03,425] {standard_task_runner.py:77} INFO - Job 172: Subtask search_catalog_result
[2021-10-10 17:09:03,452] {logging_mixin.py:109} INFO - Running <TaskInstance: example_complex.search_catalog_result 2021-10-10T14:04:43.758814+00:00 [running]> on host abd
[2021-10-10 17:09:03,486] {taskinstance.py:1252} INFO - Exporting the following env vars:
AIRFLOW_CTX_DAG_OWNER=airflow
AIRFLOW_CTX_DAG_ID=example_complex
AIRFLOW_CTX_TASK_ID=search_catalog_result
AIRFLOW_CTX_EXECUTION_DATE=2021-10-10T14:04:43.758814+00:00
AIRFLOW_CTX_DAG_RUN_ID=manual__2021-10-10T14:04:43.758814+00:00
[2021-10-10 17:09:03,487] {subprocess.py:52} INFO - Tmp dir root location: 
 /tmp
[2021-10-10 17:09:03,487] {subprocess.py:63} INFO - Running command: ['bash', '-c', 'echo search_catalog_result']
[2021-10-10 17:09:03,491] {subprocess.py:74} INFO - Output:
[2021-10-10 17:09:03,492] {subprocess.py:78} INFO - search_catalog_result
[2021-10-10 17:09:03,492] {subprocess.py:82} INFO - Command exited with return code 0
[2021-10-10 17:09:03,511] {taskinstance.py:1212} INFO - Marking task as SUCCESS. dag_id=example_complex, task_id=search_catalog_result, execution_date=20211010T140443, start_date=20211010T140903, end_date=20211010T140903
[2021-10-10 17:09:03,554] {local_task_job.py:151} INFO - Task exited with return code 0
[2021-10-10 17:09:03,571] {local_task_job.py:261} INFO - 0 downstream tasks scheduled from follow-on schedule check
