[2021-10-10 18:48:31,499] {taskinstance.py:903} INFO - Dependencies all met for <TaskInstance: main.singal.merge_hist_all_group_sig.merge_hist_all_sig 2021-10-10T15:46:49.922127+00:00 [queued]>
[2021-10-10 18:48:31,507] {taskinstance.py:903} INFO - Dependencies all met for <TaskInstance: main.singal.merge_hist_all_group_sig.merge_hist_all_sig 2021-10-10T15:46:49.922127+00:00 [queued]>
[2021-10-10 18:48:31,507] {taskinstance.py:1095} INFO - 
--------------------------------------------------------------------------------
[2021-10-10 18:48:31,507] {taskinstance.py:1096} INFO - Starting attempt 1 of 2
[2021-10-10 18:48:31,507] {taskinstance.py:1097} INFO - 
--------------------------------------------------------------------------------
[2021-10-10 18:48:31,520] {taskinstance.py:1115} INFO - Executing <Task(BashOperator): singal.merge_hist_all_group_sig.merge_hist_all_sig> on 2021-10-10T15:46:49.922127+00:00
[2021-10-10 18:48:31,523] {standard_task_runner.py:52} INFO - Started process 43672 to run task
[2021-10-10 18:48:31,528] {standard_task_runner.py:76} INFO - Running: ['airflow', 'tasks', 'run', 'main', 'singal.merge_hist_all_group_sig.merge_hist_all_sig', '2021-10-10T15:46:49.922127+00:00', '--job-id', '663', '--pool', 'default_pool', '--raw', '--subdir', 'DAGS_FOLDER/main.py', '--cfg-path', '/tmp/tmpmu3gz_q5', '--error-file', '/tmp/tmpz1wd7uc3']
[2021-10-10 18:48:31,529] {standard_task_runner.py:77} INFO - Job 663: Subtask singal.merge_hist_all_group_sig.merge_hist_all_sig
[2021-10-10 18:48:31,554] {logging_mixin.py:109} INFO - Running <TaskInstance: main.singal.merge_hist_all_group_sig.merge_hist_all_sig 2021-10-10T15:46:49.922127+00:00 [running]> on host abd
[2021-10-10 18:48:31,599] {taskinstance.py:1252} INFO - Exporting the following env vars:
AIRFLOW_CTX_DAG_OWNER=admin
AIRFLOW_CTX_DAG_ID=main
AIRFLOW_CTX_TASK_ID=singal.merge_hist_all_group_sig.merge_hist_all_sig
AIRFLOW_CTX_EXECUTION_DATE=2021-10-10T15:46:49.922127+00:00
AIRFLOW_CTX_DAG_RUN_ID=manual__2021-10-10T15:46:49.922127+00:00
[2021-10-10 18:48:31,599] {subprocess.py:52} INFO - Tmp dir root location: 
 /tmp
[2021-10-10 18:48:31,600] {subprocess.py:63} INFO - Running command: ['bash', '-c', '\n            set -x\n            inputfiles=${inputfiles}\n            INPUTS=""\n            for i in ${inputfiles}; do\n            INPUTS="${INPUTS} $(printf ${base_dir}/${i})"\n            done\n            source ${thisroot}/thisroot.sh        \n            hadd -f ${base_dir}/${outputfile} ${INPUTS}\n            ']
[2021-10-10 18:48:31,603] {subprocess.py:74} INFO - Output:
[2021-10-10 18:48:31,604] {subprocess.py:78} INFO - + inputfiles=sig_nominal_hist.root
[2021-10-10 18:48:31,604] {subprocess.py:78} INFO - + INPUTS=
[2021-10-10 18:48:31,604] {subprocess.py:78} INFO - + for i in ${inputfiles}
[2021-10-10 18:48:31,604] {subprocess.py:78} INFO - ++ printf /home/abd/airflow/data/bsm-search/sig_nominal_hist.root
[2021-10-10 18:48:31,605] {subprocess.py:78} INFO - + INPUTS=' /home/abd/airflow/data/bsm-search/sig_nominal_hist.root'
[2021-10-10 18:48:31,605] {subprocess.py:78} INFO - + source /home/abd/root/root/bin/thisroot.sh
[2021-10-10 18:48:31,605] {subprocess.py:78} INFO - ++ '[' -n '' ']'
[2021-10-10 18:48:31,605] {subprocess.py:78} INFO - ++ SOURCE=/home/abd/root/root/bin/thisroot.sh
[2021-10-10 18:48:31,605] {subprocess.py:78} INFO - ++ '[' x/home/abd/root/root/bin/thisroot.sh = x ']'
[2021-10-10 18:48:31,605] {subprocess.py:78} INFO - ++ '[' x/home/abd/root/root/bin/thisroot.sh = x ']'
[2021-10-10 18:48:31,605] {subprocess.py:78} INFO - +++ dirname /home/abd/root/root/bin/thisroot.sh
[2021-10-10 18:48:31,606] {subprocess.py:78} INFO - ++ thisroot=/home/abd/root/root/bin
[2021-10-10 18:48:31,606] {subprocess.py:78} INFO - +++ cd /home/abd/root/root/bin/..
[2021-10-10 18:48:31,606] {subprocess.py:78} INFO - +++ pwd
[2021-10-10 18:48:31,606] {subprocess.py:78} INFO - ++ ROOTSYS=/home/abd/root/root
[2021-10-10 18:48:31,606] {subprocess.py:78} INFO - ++ export ROOTSYS
[2021-10-10 18:48:31,606] {subprocess.py:78} INFO - ++ clean_environment
[2021-10-10 18:48:31,606] {subprocess.py:78} INFO - ++ '[' -n '' ']'
[2021-10-10 18:48:31,606] {subprocess.py:78} INFO - ++ '[' -z '' ']'
[2021-10-10 18:48:31,606] {subprocess.py:78} INFO - ++ command -v manpath
[2021-10-10 18:48:31,607] {subprocess.py:78} INFO - +++ manpath
[2021-10-10 18:48:31,607] {subprocess.py:78} INFO - manpath: warning: $PATH not set
[2021-10-10 18:48:31,607] {subprocess.py:78} INFO - ++ default_manpath=/usr/share/man:/usr/local/share/man
[2021-10-10 18:48:31,608] {subprocess.py:78} INFO - ++ set_environment
[2021-10-10 18:48:31,608] {subprocess.py:78} INFO - ++ '[' -z /usr/local/sbin:/usr/local/bin:/usr/sbin:/usr/bin:/sbin:/bin ']'
[2021-10-10 18:48:31,608] {subprocess.py:78} INFO - ++ PATH=/home/abd/root/root/bin:/usr/local/sbin:/usr/local/bin:/usr/sbin:/usr/bin:/sbin:/bin
[2021-10-10 18:48:31,608] {subprocess.py:78} INFO - ++ export PATH
[2021-10-10 18:48:31,608] {subprocess.py:78} INFO - ++ '[' -z '' ']'
[2021-10-10 18:48:31,608] {subprocess.py:78} INFO - ++ LD_LIBRARY_PATH=/home/abd/root/root/lib
[2021-10-10 18:48:31,608] {subprocess.py:78} INFO - ++ export LD_LIBRARY_PATH
[2021-10-10 18:48:31,608] {subprocess.py:78} INFO - ++ '[' -z '' ']'
[2021-10-10 18:48:31,608] {subprocess.py:78} INFO - ++ DYLD_LIBRARY_PATH=/home/abd/root/root/lib
[2021-10-10 18:48:31,608] {subprocess.py:78} INFO - ++ export DYLD_LIBRARY_PATH
[2021-10-10 18:48:31,608] {subprocess.py:78} INFO - ++ '[' -z '' ']'
[2021-10-10 18:48:31,608] {subprocess.py:78} INFO - ++ SHLIB_PATH=/home/abd/root/root/lib
[2021-10-10 18:48:31,608] {subprocess.py:78} INFO - ++ export SHLIB_PATH
[2021-10-10 18:48:31,608] {subprocess.py:78} INFO - ++ '[' -z '' ']'
[2021-10-10 18:48:31,608] {subprocess.py:78} INFO - ++ LIBPATH=/home/abd/root/root/lib
[2021-10-10 18:48:31,608] {subprocess.py:78} INFO - ++ export LIBPATH
[2021-10-10 18:48:31,608] {subprocess.py:78} INFO - ++ '[' -z '' ']'
[2021-10-10 18:48:31,608] {subprocess.py:78} INFO - ++ PYTHONPATH=/home/abd/root/root/lib
[2021-10-10 18:48:31,608] {subprocess.py:78} INFO - ++ export PYTHONPATH
[2021-10-10 18:48:31,608] {subprocess.py:78} INFO - ++ '[' -z '' ']'
[2021-10-10 18:48:31,608] {subprocess.py:78} INFO - ++ MANPATH=/home/abd/root/root/man:/usr/share/man:/usr/local/share/man
[2021-10-10 18:48:31,608] {subprocess.py:78} INFO - ++ export MANPATH
[2021-10-10 18:48:31,608] {subprocess.py:78} INFO - ++ '[' -z '' ']'
[2021-10-10 18:48:31,608] {subprocess.py:78} INFO - ++ CMAKE_PREFIX_PATH=/home/abd/root/root
[2021-10-10 18:48:31,608] {subprocess.py:78} INFO - ++ export CMAKE_PREFIX_PATH
[2021-10-10 18:48:31,608] {subprocess.py:78} INFO - ++ '[' -z '' ']'
[2021-10-10 18:48:31,608] {subprocess.py:78} INFO - ++ JUPYTER_PATH=/home/abd/root/root/etc/notebook
[2021-10-10 18:48:31,608] {subprocess.py:78} INFO - ++ export JUPYTER_PATH
[2021-10-10 18:48:31,609] {subprocess.py:78} INFO - ++ '[' -z '' ']'
[2021-10-10 18:48:31,609] {subprocess.py:78} INFO - ++ JUPYTER_CONFIG_DIR=/home/abd/root/root/etc/notebook
[2021-10-10 18:48:31,609] {subprocess.py:78} INFO - ++ export JUPYTER_CONFIG_DIR
[2021-10-10 18:48:31,609] {subprocess.py:78} INFO - ++ export CLING_STANDARD_PCH=none
[2021-10-10 18:48:31,609] {subprocess.py:78} INFO - ++ CLING_STANDARD_PCH=none
[2021-10-10 18:48:31,609] {subprocess.py:78} INFO - +++ root-config --arch
[2021-10-10 18:48:31,609] {subprocess.py:78} INFO - +++ grep -v win32gcc
[2021-10-10 18:48:31,609] {subprocess.py:78} INFO - +++ grep -i win32
[2021-10-10 18:48:31,619] {subprocess.py:78} INFO - ++ '[' x '!=' x ']'
[2021-10-10 18:48:31,619] {subprocess.py:78} INFO - ++ unset old_rootsys
[2021-10-10 18:48:31,619] {subprocess.py:78} INFO - ++ unset thisroot
[2021-10-10 18:48:31,619] {subprocess.py:78} INFO - ++ unset -f drop_from_path
[2021-10-10 18:48:31,619] {subprocess.py:78} INFO - ++ unset -f clean_environment
[2021-10-10 18:48:31,619] {subprocess.py:78} INFO - ++ unset -f set_environment
[2021-10-10 18:48:31,619] {subprocess.py:78} INFO - + hadd -f /home/abd/airflow/data/bsm-search/sig_merged_hist.root /home/abd/airflow/data/bsm-search/sig_nominal_hist.root
[2021-10-10 18:48:31,878] {subprocess.py:78} INFO - hadd Target file: /home/abd/airflow/data/bsm-search/sig_merged_hist.root
[2021-10-10 18:48:31,882] {subprocess.py:78} INFO - hadd compression setting for all output: 1
[2021-10-10 18:48:31,930] {subprocess.py:78} INFO - hadd Source file 1: /home/abd/airflow/data/bsm-search/sig_nominal_hist.root
[2021-10-10 18:48:31,946] {subprocess.py:78} INFO - hadd Target path: /home/abd/airflow/data/bsm-search/sig_merged_hist.root:/
[2021-10-10 18:48:31,968] {subprocess.py:82} INFO - Command exited with return code 0
[2021-10-10 18:48:31,987] {taskinstance.py:1212} INFO - Marking task as SUCCESS. dag_id=main, task_id=singal.merge_hist_all_group_sig.merge_hist_all_sig, execution_date=20211010T154649, start_date=20211010T154831, end_date=20211010T154831
[2021-10-10 18:48:32,020] {local_task_job.py:151} INFO - Task exited with return code 0
[2021-10-10 18:48:32,054] {local_task_job.py:261} INFO - 0 downstream tasks scheduled from follow-on schedule check
