[2021-10-10 17:08:42,874] {taskinstance.py:903} INFO - Dependencies all met for <TaskInstance: example_complex.update_tag 2021-10-10T14:04:43.758814+00:00 [queued]>
[2021-10-10 17:08:42,906] {taskinstance.py:903} INFO - Dependencies all met for <TaskInstance: example_complex.update_tag 2021-10-10T14:04:43.758814+00:00 [queued]>
[2021-10-10 17:08:42,906] {taskinstance.py:1095} INFO - 
--------------------------------------------------------------------------------
[2021-10-10 17:08:42,906] {taskinstance.py:1096} INFO - Starting attempt 1 of 1
[2021-10-10 17:08:42,906] {taskinstance.py:1097} INFO - 
--------------------------------------------------------------------------------
[2021-10-10 17:08:42,913] {taskinstance.py:1115} INFO - Executing <Task(BashOperator): update_tag> on 2021-10-10T14:04:43.758814+00:00
[2021-10-10 17:08:42,915] {standard_task_runner.py:52} INFO - Started process 16459 to run task
[2021-10-10 17:08:42,918] {standard_task_runner.py:76} INFO - Running: ['airflow', 'tasks', 'run', 'example_complex', 'update_tag', '2021-10-10T14:04:43.758814+00:00', '--job-id', '152', '--pool', 'default_pool', '--raw', '--subdir', '/usr/local/lib/python3.8/dist-packages/airflow/example_dags/example_complex.py', '--cfg-path', '/tmp/tmp7s5azjnw', '--error-file', '/tmp/tmpt7r5qemf']
[2021-10-10 17:08:42,918] {standard_task_runner.py:77} INFO - Job 152: Subtask update_tag
[2021-10-10 17:08:42,937] {logging_mixin.py:109} INFO - Running <TaskInstance: example_complex.update_tag 2021-10-10T14:04:43.758814+00:00 [running]> on host abd
[2021-10-10 17:08:42,957] {taskinstance.py:1252} INFO - Exporting the following env vars:
AIRFLOW_CTX_DAG_OWNER=airflow
AIRFLOW_CTX_DAG_ID=example_complex
AIRFLOW_CTX_TASK_ID=update_tag
AIRFLOW_CTX_EXECUTION_DATE=2021-10-10T14:04:43.758814+00:00
AIRFLOW_CTX_DAG_RUN_ID=manual__2021-10-10T14:04:43.758814+00:00
[2021-10-10 17:08:42,958] {subprocess.py:52} INFO - Tmp dir root location: 
 /tmp
[2021-10-10 17:08:42,958] {subprocess.py:63} INFO - Running command: ['bash', '-c', 'echo update_tag']
[2021-10-10 17:08:42,962] {subprocess.py:74} INFO - Output:
[2021-10-10 17:08:42,963] {subprocess.py:78} INFO - update_tag
[2021-10-10 17:08:42,963] {subprocess.py:82} INFO - Command exited with return code 0
[2021-10-10 17:08:42,974] {taskinstance.py:1212} INFO - Marking task as SUCCESS. dag_id=example_complex, task_id=update_tag, execution_date=20211010T140443, start_date=20211010T140842, end_date=20211010T140842
[2021-10-10 17:08:43,009] {local_task_job.py:151} INFO - Task exited with return code 0
[2021-10-10 17:08:43,042] {local_task_job.py:261} INFO - 1 downstream tasks scheduled from follow-on schedule check
