[2021-10-10 17:07:00,049] {taskinstance.py:903} INFO - Dependencies all met for <TaskInstance: example_branch_datetime_operator_2.datetime_branch 2021-10-09T00:00:00+00:00 [queued]>
[2021-10-10 17:07:00,054] {taskinstance.py:903} INFO - Dependencies all met for <TaskInstance: example_branch_datetime_operator_2.datetime_branch 2021-10-09T00:00:00+00:00 [queued]>
[2021-10-10 17:07:00,054] {taskinstance.py:1095} INFO - 
--------------------------------------------------------------------------------
[2021-10-10 17:07:00,054] {taskinstance.py:1096} INFO - Starting attempt 1 of 1
[2021-10-10 17:07:00,054] {taskinstance.py:1097} INFO - 
--------------------------------------------------------------------------------
[2021-10-10 17:07:00,064] {taskinstance.py:1115} INFO - Executing <Task(BranchDateTimeOperator): datetime_branch> on 2021-10-09T00:00:00+00:00
[2021-10-10 17:07:00,065] {standard_task_runner.py:52} INFO - Started process 16026 to run task
[2021-10-10 17:07:00,068] {standard_task_runner.py:76} INFO - Running: ['airflow', 'tasks', 'run', 'example_branch_datetime_operator_2', 'datetime_branch', '2021-10-09T00:00:00+00:00', '--job-id', '75', '--pool', 'default_pool', '--raw', '--subdir', '/usr/local/lib/python3.8/dist-packages/airflow/example_dags/example_branch_datetime_operator.py', '--cfg-path', '/tmp/tmpre6ihlng', '--error-file', '/tmp/tmp9xeu1_tk']
[2021-10-10 17:07:00,069] {standard_task_runner.py:77} INFO - Job 75: Subtask datetime_branch
[2021-10-10 17:07:00,131] {logging_mixin.py:109} INFO - Running <TaskInstance: example_branch_datetime_operator_2.datetime_branch 2021-10-09T00:00:00+00:00 [running]> on host abd
[2021-10-10 17:07:00,153] {taskinstance.py:1252} INFO - Exporting the following env vars:
AIRFLOW_CTX_DAG_OWNER=airflow
AIRFLOW_CTX_DAG_ID=example_branch_datetime_operator_2
AIRFLOW_CTX_TASK_ID=datetime_branch
AIRFLOW_CTX_EXECUTION_DATE=2021-10-09T00:00:00+00:00
AIRFLOW_CTX_DAG_RUN_ID=scheduled__2021-10-09T00:00:00+00:00
[2021-10-10 17:07:00,153] {skipmixin.py:124} INFO - Following branch ['date_outside_range']
[2021-10-10 17:07:00,156] {skipmixin.py:155} INFO - Skipping tasks ['date_in_range']
[2021-10-10 17:07:00,176] {taskinstance.py:1212} INFO - Marking task as SUCCESS. dag_id=example_branch_datetime_operator_2, task_id=datetime_branch, execution_date=20211009T000000, start_date=20211010T140700, end_date=20211010T140700
[2021-10-10 17:07:00,199] {local_task_job.py:151} INFO - Task exited with return code 0
[2021-10-10 17:07:00,252] {local_task_job.py:261} INFO - 1 downstream tasks scheduled from follow-on schedule check
