[2021-10-10 17:06:53,418] {taskinstance.py:903} INFO - Dependencies all met for <TaskInstance: example_task_group.section_1.task_2 2021-10-08T00:00:00+00:00 [queued]>
[2021-10-10 17:06:53,427] {taskinstance.py:903} INFO - Dependencies all met for <TaskInstance: example_task_group.section_1.task_2 2021-10-08T00:00:00+00:00 [queued]>
[2021-10-10 17:06:53,427] {taskinstance.py:1095} INFO - 
--------------------------------------------------------------------------------
[2021-10-10 17:06:53,427] {taskinstance.py:1096} INFO - Starting attempt 1 of 1
[2021-10-10 17:06:53,427] {taskinstance.py:1097} INFO - 
--------------------------------------------------------------------------------
[2021-10-10 17:06:53,474] {taskinstance.py:1115} INFO - Executing <Task(BashOperator): section_1.task_2> on 2021-10-08T00:00:00+00:00
[2021-10-10 17:06:53,476] {standard_task_runner.py:52} INFO - Started process 16008 to run task
[2021-10-10 17:06:53,480] {standard_task_runner.py:76} INFO - Running: ['airflow', 'tasks', 'run', 'example_task_group', 'section_1.task_2', '2021-10-08T00:00:00+00:00', '--job-id', '70', '--pool', 'default_pool', '--raw', '--subdir', '/usr/local/lib/python3.8/dist-packages/airflow/example_dags/example_task_group.py', '--cfg-path', '/tmp/tmpfpk1wh7b', '--error-file', '/tmp/tmpii16_0hv']
[2021-10-10 17:06:53,480] {standard_task_runner.py:77} INFO - Job 70: Subtask section_1.task_2
[2021-10-10 17:06:53,502] {logging_mixin.py:109} INFO - Running <TaskInstance: example_task_group.section_1.task_2 2021-10-08T00:00:00+00:00 [running]> on host abd
[2021-10-10 17:06:53,533] {taskinstance.py:1252} INFO - Exporting the following env vars:
AIRFLOW_CTX_DAG_OWNER=airflow
AIRFLOW_CTX_DAG_ID=example_task_group
AIRFLOW_CTX_TASK_ID=section_1.task_2
AIRFLOW_CTX_EXECUTION_DATE=2021-10-08T00:00:00+00:00
AIRFLOW_CTX_DAG_RUN_ID=scheduled__2021-10-08T00:00:00+00:00
[2021-10-10 17:06:53,534] {subprocess.py:52} INFO - Tmp dir root location: 
 /tmp
[2021-10-10 17:06:53,534] {subprocess.py:63} INFO - Running command: ['bash', '-c', 'echo 1']
[2021-10-10 17:06:53,539] {subprocess.py:74} INFO - Output:
[2021-10-10 17:06:53,541] {subprocess.py:78} INFO - 1
[2021-10-10 17:06:53,541] {subprocess.py:82} INFO - Command exited with return code 0
[2021-10-10 17:06:53,556] {taskinstance.py:1212} INFO - Marking task as SUCCESS. dag_id=example_task_group, task_id=section_1.task_2, execution_date=20211008T000000, start_date=20211010T140653, end_date=20211010T140653
[2021-10-10 17:06:53,570] {local_task_job.py:151} INFO - Task exited with return code 0
[2021-10-10 17:06:53,597] {local_task_job.py:261} INFO - 3 downstream tasks scheduled from follow-on schedule check
