[2021-10-10 17:04:01,890] {taskinstance.py:903} INFO - Dependencies all met for <TaskInstance: example_task_group_decorator.task_group_function__3.task_1 2021-10-08T00:00:00+00:00 [queued]>
[2021-10-10 17:04:01,895] {taskinstance.py:903} INFO - Dependencies all met for <TaskInstance: example_task_group_decorator.task_group_function__3.task_1 2021-10-08T00:00:00+00:00 [queued]>
[2021-10-10 17:04:01,895] {taskinstance.py:1095} INFO - 
--------------------------------------------------------------------------------
[2021-10-10 17:04:01,895] {taskinstance.py:1096} INFO - Starting attempt 1 of 1
[2021-10-10 17:04:01,895] {taskinstance.py:1097} INFO - 
--------------------------------------------------------------------------------
[2021-10-10 17:04:01,904] {taskinstance.py:1115} INFO - Executing <Task(_PythonDecoratedOperator): task_group_function__3.task_1> on 2021-10-08T00:00:00+00:00
[2021-10-10 17:04:01,905] {standard_task_runner.py:52} INFO - Started process 15338 to run task
[2021-10-10 17:04:01,950] {standard_task_runner.py:76} INFO - Running: ['airflow', 'tasks', 'run', 'example_task_group_decorator', 'task_group_function__3.task_1', '2021-10-08T00:00:00+00:00', '--job-id', '21', '--pool', 'default_pool', '--raw', '--subdir', '/usr/local/lib/python3.8/dist-packages/airflow/example_dags/example_task_group_decorator.py', '--cfg-path', '/tmp/tmp6_41sa49', '--error-file', '/tmp/tmpwf2g5mz3']
[2021-10-10 17:04:01,951] {standard_task_runner.py:77} INFO - Job 21: Subtask task_group_function__3.task_1
[2021-10-10 17:04:01,969] {logging_mixin.py:109} INFO - Running <TaskInstance: example_task_group_decorator.task_group_function__3.task_1 2021-10-08T00:00:00+00:00 [running]> on host abd
[2021-10-10 17:04:01,991] {taskinstance.py:1252} INFO - Exporting the following env vars:
AIRFLOW_CTX_DAG_OWNER=airflow
AIRFLOW_CTX_DAG_ID=example_task_group_decorator
AIRFLOW_CTX_TASK_ID=task_group_function__3.task_1
AIRFLOW_CTX_EXECUTION_DATE=2021-10-08T00:00:00+00:00
AIRFLOW_CTX_DAG_RUN_ID=scheduled__2021-10-08T00:00:00+00:00
[2021-10-10 17:04:01,991] {python.py:151} INFO - Done. Returned value was: [ Task1 3 ]
[2021-10-10 17:04:02,001] {taskinstance.py:1212} INFO - Marking task as SUCCESS. dag_id=example_task_group_decorator, task_id=task_group_function__3.task_1, execution_date=20211008T000000, start_date=20211010T140401, end_date=20211010T140402
[2021-10-10 17:04:02,039] {local_task_job.py:151} INFO - Task exited with return code 0
[2021-10-10 17:04:02,092] {local_task_job.py:261} INFO - 1 downstream tasks scheduled from follow-on schedule check
