[2021-10-10 19:31:05,688] {taskinstance.py:903} INFO - Dependencies all met for <TaskInstance: main.singal.scatter_group_sig.scatter_sig 2021-10-10T16:30:58.729934+00:00 [queued]>
[2021-10-10 19:31:05,696] {taskinstance.py:903} INFO - Dependencies all met for <TaskInstance: main.singal.scatter_group_sig.scatter_sig 2021-10-10T16:30:58.729934+00:00 [queued]>
[2021-10-10 19:31:05,696] {taskinstance.py:1095} INFO - 
--------------------------------------------------------------------------------
[2021-10-10 19:31:05,696] {taskinstance.py:1096} INFO - Starting attempt 1 of 2
[2021-10-10 19:31:05,696] {taskinstance.py:1097} INFO - 
--------------------------------------------------------------------------------
[2021-10-10 19:31:05,703] {taskinstance.py:1115} INFO - Executing <Task(PythonOperator): singal.scatter_group_sig.scatter_sig> on 2021-10-10T16:30:58.729934+00:00
[2021-10-10 19:31:05,705] {standard_task_runner.py:52} INFO - Started process 49768 to run task
[2021-10-10 19:31:05,709] {standard_task_runner.py:76} INFO - Running: ['airflow', 'tasks', 'run', 'main', 'singal.scatter_group_sig.scatter_sig', '2021-10-10T16:30:58.729934+00:00', '--job-id', '675', '--pool', 'default_pool', '--raw', '--subdir', 'DAGS_FOLDER/main.py', '--cfg-path', '/tmp/tmph5__9zqp', '--error-file', '/tmp/tmpcwy8lup9']
[2021-10-10 19:31:05,710] {standard_task_runner.py:77} INFO - Job 675: Subtask singal.scatter_group_sig.scatter_sig
[2021-10-10 19:31:05,733] {logging_mixin.py:109} INFO - Running <TaskInstance: main.singal.scatter_group_sig.scatter_sig 2021-10-10T16:30:58.729934+00:00 [running]> on host abd
[2021-10-10 19:31:05,758] {taskinstance.py:1252} INFO - Exporting the following env vars:
AIRFLOW_CTX_DAG_OWNER=admin
AIRFLOW_CTX_DAG_ID=main
AIRFLOW_CTX_TASK_ID=singal.scatter_group_sig.scatter_sig
AIRFLOW_CTX_EXECUTION_DATE=2021-10-10T16:30:58.729934+00:00
AIRFLOW_CTX_DAG_RUN_ID=manual__2021-10-10T16:30:58.729934+00:00
[2021-10-10 19:31:05,758] {python.py:151} INFO - Done. Returned value was: None
[2021-10-10 19:31:05,763] {taskinstance.py:1212} INFO - Marking task as SUCCESS. dag_id=main, task_id=singal.scatter_group_sig.scatter_sig, execution_date=20211010T163058, start_date=20211010T163105, end_date=20211010T163105
[2021-10-10 19:31:05,799] {local_task_job.py:151} INFO - Task exited with return code 0
[2021-10-10 19:31:05,815] {local_task_job.py:261} INFO - 2 downstream tasks scheduled from follow-on schedule check
