[2021-10-10 17:03:32,463] {taskinstance.py:903} INFO - Dependencies all met for <TaskInstance: example_bash_operator.runme_1 2021-10-08T00:00:00+00:00 [queued]>
[2021-10-10 17:03:32,470] {taskinstance.py:903} INFO - Dependencies all met for <TaskInstance: example_bash_operator.runme_1 2021-10-08T00:00:00+00:00 [queued]>
[2021-10-10 17:03:32,470] {taskinstance.py:1095} INFO - 
--------------------------------------------------------------------------------
[2021-10-10 17:03:32,470] {taskinstance.py:1096} INFO - Starting attempt 1 of 1
[2021-10-10 17:03:32,470] {taskinstance.py:1097} INFO - 
--------------------------------------------------------------------------------
[2021-10-10 17:03:32,477] {taskinstance.py:1115} INFO - Executing <Task(BashOperator): runme_1> on 2021-10-08T00:00:00+00:00
[2021-10-10 17:03:32,478] {standard_task_runner.py:52} INFO - Started process 15272 to run task
[2021-10-10 17:03:32,482] {standard_task_runner.py:76} INFO - Running: ['airflow', 'tasks', 'run', 'example_bash_operator', 'runme_1', '2021-10-08T00:00:00+00:00', '--job-id', '3', '--pool', 'default_pool', '--raw', '--subdir', '/usr/local/lib/python3.8/dist-packages/airflow/example_dags/example_bash_operator.py', '--cfg-path', '/tmp/tmpzmzj8qic', '--error-file', '/tmp/tmpot9r4xiv']
[2021-10-10 17:03:32,483] {standard_task_runner.py:77} INFO - Job 3: Subtask runme_1
[2021-10-10 17:03:32,544] {logging_mixin.py:109} INFO - Running <TaskInstance: example_bash_operator.runme_1 2021-10-08T00:00:00+00:00 [running]> on host abd
[2021-10-10 17:03:32,568] {taskinstance.py:1252} INFO - Exporting the following env vars:
AIRFLOW_CTX_DAG_OWNER=airflow
AIRFLOW_CTX_DAG_ID=example_bash_operator
AIRFLOW_CTX_TASK_ID=runme_1
AIRFLOW_CTX_EXECUTION_DATE=2021-10-08T00:00:00+00:00
AIRFLOW_CTX_DAG_RUN_ID=scheduled__2021-10-08T00:00:00+00:00
[2021-10-10 17:03:32,569] {subprocess.py:52} INFO - Tmp dir root location: 
 /tmp
[2021-10-10 17:03:32,569] {subprocess.py:63} INFO - Running command: ['bash', '-c', 'echo "example_bash_operator__runme_1__20211008" && sleep 1']
[2021-10-10 17:03:32,573] {subprocess.py:74} INFO - Output:
[2021-10-10 17:03:32,573] {subprocess.py:78} INFO - example_bash_operator__runme_1__20211008
[2021-10-10 17:03:33,574] {subprocess.py:82} INFO - Command exited with return code 0
[2021-10-10 17:03:33,603] {taskinstance.py:1212} INFO - Marking task as SUCCESS. dag_id=example_bash_operator, task_id=runme_1, execution_date=20211008T000000, start_date=20211010T140332, end_date=20211010T140333
[2021-10-10 17:03:33,656] {local_task_job.py:151} INFO - Task exited with return code 0
[2021-10-10 17:03:33,706] {local_task_job.py:261} INFO - 0 downstream tasks scheduled from follow-on schedule check
