[2021-10-10 17:08:43,979] {taskinstance.py:903} INFO - Dependencies all met for <TaskInstance: example_complex.rename_tag_template_field 2021-10-10T14:04:43.758814+00:00 [queued]>
[2021-10-10 17:08:44,010] {taskinstance.py:903} INFO - Dependencies all met for <TaskInstance: example_complex.rename_tag_template_field 2021-10-10T14:04:43.758814+00:00 [queued]>
[2021-10-10 17:08:44,010] {taskinstance.py:1095} INFO - 
--------------------------------------------------------------------------------
[2021-10-10 17:08:44,010] {taskinstance.py:1096} INFO - Starting attempt 1 of 1
[2021-10-10 17:08:44,010] {taskinstance.py:1097} INFO - 
--------------------------------------------------------------------------------
[2021-10-10 17:08:44,017] {taskinstance.py:1115} INFO - Executing <Task(BashOperator): rename_tag_template_field> on 2021-10-10T14:04:43.758814+00:00
[2021-10-10 17:08:44,018] {standard_task_runner.py:52} INFO - Started process 16468 to run task
[2021-10-10 17:08:44,021] {standard_task_runner.py:76} INFO - Running: ['airflow', 'tasks', 'run', 'example_complex', 'rename_tag_template_field', '2021-10-10T14:04:43.758814+00:00', '--job-id', '153', '--pool', 'default_pool', '--raw', '--subdir', '/usr/local/lib/python3.8/dist-packages/airflow/example_dags/example_complex.py', '--cfg-path', '/tmp/tmppm__9n2k', '--error-file', '/tmp/tmp7hn0q97u']
[2021-10-10 17:08:44,022] {standard_task_runner.py:77} INFO - Job 153: Subtask rename_tag_template_field
[2021-10-10 17:08:44,041] {logging_mixin.py:109} INFO - Running <TaskInstance: example_complex.rename_tag_template_field 2021-10-10T14:04:43.758814+00:00 [running]> on host abd
[2021-10-10 17:08:44,062] {taskinstance.py:1252} INFO - Exporting the following env vars:
AIRFLOW_CTX_DAG_OWNER=airflow
AIRFLOW_CTX_DAG_ID=example_complex
AIRFLOW_CTX_TASK_ID=rename_tag_template_field
AIRFLOW_CTX_EXECUTION_DATE=2021-10-10T14:04:43.758814+00:00
AIRFLOW_CTX_DAG_RUN_ID=manual__2021-10-10T14:04:43.758814+00:00
[2021-10-10 17:08:44,062] {subprocess.py:52} INFO - Tmp dir root location: 
 /tmp
[2021-10-10 17:08:44,062] {subprocess.py:63} INFO - Running command: ['bash', '-c', 'echo rename_tag_template_field']
[2021-10-10 17:08:44,066] {subprocess.py:74} INFO - Output:
[2021-10-10 17:08:44,067] {subprocess.py:78} INFO - rename_tag_template_field
[2021-10-10 17:08:44,067] {subprocess.py:82} INFO - Command exited with return code 0
[2021-10-10 17:08:44,078] {taskinstance.py:1212} INFO - Marking task as SUCCESS. dag_id=example_complex, task_id=rename_tag_template_field, execution_date=20211010T140443, start_date=20211010T140843, end_date=20211010T140844
[2021-10-10 17:08:44,112] {local_task_job.py:151} INFO - Task exited with return code 0
[2021-10-10 17:08:44,137] {local_task_job.py:261} INFO - 0 downstream tasks scheduled from follow-on schedule check
