[2021-10-10 17:04:06,745] {taskinstance.py:903} INFO - Dependencies all met for <TaskInstance: example_weekday_branch_operator.make_choice 2021-10-08T00:00:00+00:00 [queued]>
[2021-10-10 17:04:06,752] {taskinstance.py:903} INFO - Dependencies all met for <TaskInstance: example_weekday_branch_operator.make_choice 2021-10-08T00:00:00+00:00 [queued]>
[2021-10-10 17:04:06,752] {taskinstance.py:1095} INFO - 
--------------------------------------------------------------------------------
[2021-10-10 17:04:06,752] {taskinstance.py:1096} INFO - Starting attempt 1 of 1
[2021-10-10 17:04:06,752] {taskinstance.py:1097} INFO - 
--------------------------------------------------------------------------------
[2021-10-10 17:04:06,759] {taskinstance.py:1115} INFO - Executing <Task(BranchDayOfWeekOperator): make_choice> on 2021-10-08T00:00:00+00:00
[2021-10-10 17:04:06,760] {standard_task_runner.py:52} INFO - Started process 15351 to run task
[2021-10-10 17:04:06,765] {standard_task_runner.py:76} INFO - Running: ['airflow', 'tasks', 'run', 'example_weekday_branch_operator', 'make_choice', '2021-10-08T00:00:00+00:00', '--job-id', '25', '--pool', 'default_pool', '--raw', '--subdir', '/usr/local/lib/python3.8/dist-packages/airflow/example_dags/example_branch_day_of_week_operator.py', '--cfg-path', '/tmp/tmpgk6ncg70', '--error-file', '/tmp/tmpc5rg7h4y']
[2021-10-10 17:04:06,765] {standard_task_runner.py:77} INFO - Job 25: Subtask make_choice
[2021-10-10 17:04:06,824] {logging_mixin.py:109} INFO - Running <TaskInstance: example_weekday_branch_operator.make_choice 2021-10-08T00:00:00+00:00 [running]> on host abd
[2021-10-10 17:04:06,848] {taskinstance.py:1252} INFO - Exporting the following env vars:
AIRFLOW_CTX_DAG_OWNER=airflow
AIRFLOW_CTX_DAG_ID=example_weekday_branch_operator
AIRFLOW_CTX_TASK_ID=make_choice
AIRFLOW_CTX_EXECUTION_DATE=2021-10-08T00:00:00+00:00
AIRFLOW_CTX_DAG_RUN_ID=scheduled__2021-10-08T00:00:00+00:00
[2021-10-10 17:04:06,848] {skipmixin.py:124} INFO - Following branch branch_false
[2021-10-10 17:04:06,850] {skipmixin.py:155} INFO - Skipping tasks ['branch_true']
[2021-10-10 17:04:06,870] {taskinstance.py:1212} INFO - Marking task as SUCCESS. dag_id=example_weekday_branch_operator, task_id=make_choice, execution_date=20211008T000000, start_date=20211010T140406, end_date=20211010T140406
[2021-10-10 17:04:06,896] {local_task_job.py:151} INFO - Task exited with return code 0
[2021-10-10 17:04:06,960] {local_task_job.py:261} INFO - 1 downstream tasks scheduled from follow-on schedule check
