[2021-10-10 17:07:38,345] {taskinstance.py:903} INFO - Dependencies all met for <TaskInstance: example_task_group.section_2.inner_section_2.task_2 2021-10-08T00:00:00+00:00 [queued]>
[2021-10-10 17:07:38,349] {taskinstance.py:903} INFO - Dependencies all met for <TaskInstance: example_task_group.section_2.inner_section_2.task_2 2021-10-08T00:00:00+00:00 [queued]>
[2021-10-10 17:07:38,350] {taskinstance.py:1095} INFO - 
--------------------------------------------------------------------------------
[2021-10-10 17:07:38,350] {taskinstance.py:1096} INFO - Starting attempt 1 of 1
[2021-10-10 17:07:38,350] {taskinstance.py:1097} INFO - 
--------------------------------------------------------------------------------
[2021-10-10 17:07:38,380] {taskinstance.py:1115} INFO - Executing <Task(BashOperator): section_2.inner_section_2.task_2> on 2021-10-08T00:00:00+00:00
[2021-10-10 17:07:38,382] {standard_task_runner.py:52} INFO - Started process 16124 to run task
[2021-10-10 17:07:38,384] {standard_task_runner.py:76} INFO - Running: ['airflow', 'tasks', 'run', 'example_task_group', 'section_2.inner_section_2.task_2', '2021-10-08T00:00:00+00:00', '--job-id', '103', '--pool', 'default_pool', '--raw', '--subdir', '/usr/local/lib/python3.8/dist-packages/airflow/example_dags/example_task_group.py', '--cfg-path', '/tmp/tmpjs0uetp4', '--error-file', '/tmp/tmpy_znbr8v']
[2021-10-10 17:07:38,385] {standard_task_runner.py:77} INFO - Job 103: Subtask section_2.inner_section_2.task_2
[2021-10-10 17:07:38,403] {logging_mixin.py:109} INFO - Running <TaskInstance: example_task_group.section_2.inner_section_2.task_2 2021-10-08T00:00:00+00:00 [running]> on host abd
[2021-10-10 17:07:38,424] {taskinstance.py:1252} INFO - Exporting the following env vars:
AIRFLOW_CTX_DAG_OWNER=airflow
AIRFLOW_CTX_DAG_ID=example_task_group
AIRFLOW_CTX_TASK_ID=section_2.inner_section_2.task_2
AIRFLOW_CTX_EXECUTION_DATE=2021-10-08T00:00:00+00:00
AIRFLOW_CTX_DAG_RUN_ID=scheduled__2021-10-08T00:00:00+00:00
[2021-10-10 17:07:38,424] {subprocess.py:52} INFO - Tmp dir root location: 
 /tmp
[2021-10-10 17:07:38,424] {subprocess.py:63} INFO - Running command: ['bash', '-c', 'echo 1']
[2021-10-10 17:07:38,428] {subprocess.py:74} INFO - Output:
[2021-10-10 17:07:38,429] {subprocess.py:78} INFO - 1
[2021-10-10 17:07:38,429] {subprocess.py:82} INFO - Command exited with return code 0
[2021-10-10 17:07:38,441] {taskinstance.py:1212} INFO - Marking task as SUCCESS. dag_id=example_task_group, task_id=section_2.inner_section_2.task_2, execution_date=20211008T000000, start_date=20211010T140738, end_date=20211010T140738
[2021-10-10 17:07:38,475] {local_task_job.py:151} INFO - Task exited with return code 0
[2021-10-10 17:07:38,492] {local_task_job.py:261} INFO - 1 downstream tasks scheduled from follow-on schedule check
