[2021-10-10 17:32:09,583] {taskinstance.py:903} INFO - Dependencies all met for <TaskInstance: main.mc.mc2.merge_root_group_mc2.merge_mc2 2021-10-09T00:00:00+00:00 [queued]>
[2021-10-10 17:32:09,595] {taskinstance.py:903} INFO - Dependencies all met for <TaskInstance: main.mc.mc2.merge_root_group_mc2.merge_mc2 2021-10-09T00:00:00+00:00 [queued]>
[2021-10-10 17:32:09,595] {taskinstance.py:1095} INFO - 
--------------------------------------------------------------------------------
[2021-10-10 17:32:09,595] {taskinstance.py:1096} INFO - Starting attempt 1 of 2
[2021-10-10 17:32:09,595] {taskinstance.py:1097} INFO - 
--------------------------------------------------------------------------------
[2021-10-10 17:32:09,605] {taskinstance.py:1115} INFO - Executing <Task(BashOperator): mc.mc2.merge_root_group_mc2.merge_mc2> on 2021-10-09T00:00:00+00:00
[2021-10-10 17:32:09,607] {standard_task_runner.py:52} INFO - Started process 22859 to run task
[2021-10-10 17:32:09,611] {standard_task_runner.py:76} INFO - Running: ['airflow', 'tasks', 'run', 'main', 'mc.mc2.merge_root_group_mc2.merge_mc2', '2021-10-09T00:00:00+00:00', '--job-id', '588', '--pool', 'default_pool', '--raw', '--subdir', 'DAGS_FOLDER/main.py', '--cfg-path', '/tmp/tmpbhm7itbk', '--error-file', '/tmp/tmp_bkzzcob']
[2021-10-10 17:32:09,612] {standard_task_runner.py:77} INFO - Job 588: Subtask mc.mc2.merge_root_group_mc2.merge_mc2
[2021-10-10 17:32:09,637] {logging_mixin.py:109} INFO - Running <TaskInstance: main.mc.mc2.merge_root_group_mc2.merge_mc2 2021-10-09T00:00:00+00:00 [running]> on host abd
[2021-10-10 17:32:09,674] {taskinstance.py:1252} INFO - Exporting the following env vars:
AIRFLOW_CTX_DAG_OWNER=admin
AIRFLOW_CTX_DAG_ID=main
AIRFLOW_CTX_TASK_ID=mc.mc2.merge_root_group_mc2.merge_mc2
AIRFLOW_CTX_EXECUTION_DATE=2021-10-09T00:00:00+00:00
AIRFLOW_CTX_DAG_RUN_ID=scheduled__2021-10-09T00:00:00+00:00
[2021-10-10 17:32:09,674] {subprocess.py:52} INFO - Tmp dir root location: 
 /tmp
[2021-10-10 17:32:09,675] {subprocess.py:63} INFO - Running command: ['bash', '-c', '\n            set -x\n            BASE_DIR=${base_dir}\n            BASE=${type}\n            END=${njobs}\n            INPUTS=""\n            for ((c=1;c<${END}+1;c++)); do\n                INPUTS="$INPUTS $(printf ${BASE_DIR}/${BASE}_${c}.root)"\n            done\n            echo Inputs: ${INPUTS}\n            source ${thisroot}/thisroot.sh\n            hadd -f ${BASE_DIR}/${BASE}.root ${INPUTS}\n            ']
[2021-10-10 17:32:09,683] {subprocess.py:74} INFO - Output:
[2021-10-10 17:32:09,683] {subprocess.py:78} INFO - + BASE_DIR=/home/abd/airflow/data/bsm-search
[2021-10-10 17:32:09,683] {subprocess.py:78} INFO - + BASE=mc2
[2021-10-10 17:32:09,683] {subprocess.py:78} INFO - + END=4
[2021-10-10 17:32:09,683] {subprocess.py:78} INFO - + INPUTS=
[2021-10-10 17:32:09,683] {subprocess.py:78} INFO - + (( c=1 ))
[2021-10-10 17:32:09,683] {subprocess.py:78} INFO - + (( c<4+1 ))
[2021-10-10 17:32:09,683] {subprocess.py:78} INFO - ++ printf /home/abd/airflow/data/bsm-search/mc2_1.root
[2021-10-10 17:32:09,684] {subprocess.py:78} INFO - + INPUTS=' /home/abd/airflow/data/bsm-search/mc2_1.root'
[2021-10-10 17:32:09,684] {subprocess.py:78} INFO - + (( c++ ))
[2021-10-10 17:32:09,684] {subprocess.py:78} INFO - + (( c<4+1 ))
[2021-10-10 17:32:09,684] {subprocess.py:78} INFO - ++ printf /home/abd/airflow/data/bsm-search/mc2_2.root
[2021-10-10 17:32:09,684] {subprocess.py:78} INFO - + INPUTS=' /home/abd/airflow/data/bsm-search/mc2_1.root /home/abd/airflow/data/bsm-search/mc2_2.root'
[2021-10-10 17:32:09,684] {subprocess.py:78} INFO - + (( c++ ))
[2021-10-10 17:32:09,684] {subprocess.py:78} INFO - + (( c<4+1 ))
[2021-10-10 17:32:09,684] {subprocess.py:78} INFO - ++ printf /home/abd/airflow/data/bsm-search/mc2_3.root
[2021-10-10 17:32:09,684] {subprocess.py:78} INFO - + INPUTS=' /home/abd/airflow/data/bsm-search/mc2_1.root /home/abd/airflow/data/bsm-search/mc2_2.root /home/abd/airflow/data/bsm-search/mc2_3.root'
[2021-10-10 17:32:09,684] {subprocess.py:78} INFO - + (( c++ ))
[2021-10-10 17:32:09,684] {subprocess.py:78} INFO - + (( c<4+1 ))
[2021-10-10 17:32:09,684] {subprocess.py:78} INFO - ++ printf /home/abd/airflow/data/bsm-search/mc2_4.root
[2021-10-10 17:32:09,684] {subprocess.py:78} INFO - + INPUTS=' /home/abd/airflow/data/bsm-search/mc2_1.root /home/abd/airflow/data/bsm-search/mc2_2.root /home/abd/airflow/data/bsm-search/mc2_3.root /home/abd/airflow/data/bsm-search/mc2_4.root'
[2021-10-10 17:32:09,684] {subprocess.py:78} INFO - + (( c++ ))
[2021-10-10 17:32:09,684] {subprocess.py:78} INFO - + (( c<4+1 ))
[2021-10-10 17:32:09,684] {subprocess.py:78} INFO - + echo Inputs: /home/abd/airflow/data/bsm-search/mc2_1.root /home/abd/airflow/data/bsm-search/mc2_2.root /home/abd/airflow/data/bsm-search/mc2_3.root /home/abd/airflow/data/bsm-search/mc2_4.root
[2021-10-10 17:32:09,684] {subprocess.py:78} INFO - Inputs: /home/abd/airflow/data/bsm-search/mc2_1.root /home/abd/airflow/data/bsm-search/mc2_2.root /home/abd/airflow/data/bsm-search/mc2_3.root /home/abd/airflow/data/bsm-search/mc2_4.root
[2021-10-10 17:32:09,685] {subprocess.py:78} INFO - + source /home/abd/root/root/bin/thisroot.sh
[2021-10-10 17:32:09,685] {subprocess.py:78} INFO - ++ '[' -n '' ']'
[2021-10-10 17:32:09,685] {subprocess.py:78} INFO - ++ SOURCE=/home/abd/root/root/bin/thisroot.sh
[2021-10-10 17:32:09,685] {subprocess.py:78} INFO - ++ '[' x/home/abd/root/root/bin/thisroot.sh = x ']'
[2021-10-10 17:32:09,685] {subprocess.py:78} INFO - ++ '[' x/home/abd/root/root/bin/thisroot.sh = x ']'
[2021-10-10 17:32:09,685] {subprocess.py:78} INFO - +++ dirname /home/abd/root/root/bin/thisroot.sh
[2021-10-10 17:32:09,686] {subprocess.py:78} INFO - ++ thisroot=/home/abd/root/root/bin
[2021-10-10 17:32:09,686] {subprocess.py:78} INFO - +++ cd /home/abd/root/root/bin/..
[2021-10-10 17:32:09,686] {subprocess.py:78} INFO - +++ pwd
[2021-10-10 17:32:09,686] {subprocess.py:78} INFO - ++ ROOTSYS=/home/abd/root/root
[2021-10-10 17:32:09,687] {subprocess.py:78} INFO - ++ export ROOTSYS
[2021-10-10 17:32:09,687] {subprocess.py:78} INFO - ++ clean_environment
[2021-10-10 17:32:09,687] {subprocess.py:78} INFO - ++ '[' -n '' ']'
[2021-10-10 17:32:09,687] {subprocess.py:78} INFO - ++ '[' -z '' ']'
[2021-10-10 17:32:09,687] {subprocess.py:78} INFO - ++ command -v manpath
[2021-10-10 17:32:09,687] {subprocess.py:78} INFO - +++ manpath
[2021-10-10 17:32:09,688] {subprocess.py:78} INFO - manpath: warning: $PATH not set
[2021-10-10 17:32:09,688] {subprocess.py:78} INFO - ++ default_manpath=/usr/share/man:/usr/local/share/man
[2021-10-10 17:32:09,688] {subprocess.py:78} INFO - ++ set_environment
[2021-10-10 17:32:09,688] {subprocess.py:78} INFO - ++ '[' -z /usr/local/sbin:/usr/local/bin:/usr/sbin:/usr/bin:/sbin:/bin ']'
[2021-10-10 17:32:09,689] {subprocess.py:78} INFO - ++ PATH=/home/abd/root/root/bin:/usr/local/sbin:/usr/local/bin:/usr/sbin:/usr/bin:/sbin:/bin
[2021-10-10 17:32:09,689] {subprocess.py:78} INFO - ++ export PATH
[2021-10-10 17:32:09,689] {subprocess.py:78} INFO - ++ '[' -z '' ']'
[2021-10-10 17:32:09,689] {subprocess.py:78} INFO - ++ LD_LIBRARY_PATH=/home/abd/root/root/lib
[2021-10-10 17:32:09,689] {subprocess.py:78} INFO - ++ export LD_LIBRARY_PATH
[2021-10-10 17:32:09,689] {subprocess.py:78} INFO - ++ '[' -z '' ']'
[2021-10-10 17:32:09,689] {subprocess.py:78} INFO - ++ DYLD_LIBRARY_PATH=/home/abd/root/root/lib
[2021-10-10 17:32:09,689] {subprocess.py:78} INFO - ++ export DYLD_LIBRARY_PATH
[2021-10-10 17:32:09,689] {subprocess.py:78} INFO - ++ '[' -z '' ']'
[2021-10-10 17:32:09,689] {subprocess.py:78} INFO - ++ SHLIB_PATH=/home/abd/root/root/lib
[2021-10-10 17:32:09,689] {subprocess.py:78} INFO - ++ export SHLIB_PATH
[2021-10-10 17:32:09,689] {subprocess.py:78} INFO - ++ '[' -z '' ']'
[2021-10-10 17:32:09,689] {subprocess.py:78} INFO - ++ LIBPATH=/home/abd/root/root/lib
[2021-10-10 17:32:09,689] {subprocess.py:78} INFO - ++ export LIBPATH
[2021-10-10 17:32:09,689] {subprocess.py:78} INFO - ++ '[' -z '' ']'
[2021-10-10 17:32:09,689] {subprocess.py:78} INFO - ++ PYTHONPATH=/home/abd/root/root/lib
[2021-10-10 17:32:09,689] {subprocess.py:78} INFO - ++ export PYTHONPATH
[2021-10-10 17:32:09,689] {subprocess.py:78} INFO - ++ '[' -z '' ']'
[2021-10-10 17:32:09,689] {subprocess.py:78} INFO - ++ MANPATH=/home/abd/root/root/man:/usr/share/man:/usr/local/share/man
[2021-10-10 17:32:09,689] {subprocess.py:78} INFO - ++ export MANPATH
[2021-10-10 17:32:09,689] {subprocess.py:78} INFO - ++ '[' -z '' ']'
[2021-10-10 17:32:09,689] {subprocess.py:78} INFO - ++ CMAKE_PREFIX_PATH=/home/abd/root/root
[2021-10-10 17:32:09,689] {subprocess.py:78} INFO - ++ export CMAKE_PREFIX_PATH
[2021-10-10 17:32:09,689] {subprocess.py:78} INFO - ++ '[' -z '' ']'
[2021-10-10 17:32:09,689] {subprocess.py:78} INFO - ++ JUPYTER_PATH=/home/abd/root/root/etc/notebook
[2021-10-10 17:32:09,689] {subprocess.py:78} INFO - ++ export JUPYTER_PATH
[2021-10-10 17:32:09,690] {subprocess.py:78} INFO - ++ '[' -z '' ']'
[2021-10-10 17:32:09,690] {subprocess.py:78} INFO - ++ JUPYTER_CONFIG_DIR=/home/abd/root/root/etc/notebook
[2021-10-10 17:32:09,690] {subprocess.py:78} INFO - ++ export JUPYTER_CONFIG_DIR
[2021-10-10 17:32:09,690] {subprocess.py:78} INFO - ++ export CLING_STANDARD_PCH=none
[2021-10-10 17:32:09,690] {subprocess.py:78} INFO - ++ CLING_STANDARD_PCH=none
[2021-10-10 17:32:09,690] {subprocess.py:78} INFO - +++ root-config --arch
[2021-10-10 17:32:09,690] {subprocess.py:78} INFO - +++ grep -v win32gcc
[2021-10-10 17:32:09,690] {subprocess.py:78} INFO - +++ grep -i win32
[2021-10-10 17:32:09,710] {subprocess.py:78} INFO - ++ '[' x '!=' x ']'
[2021-10-10 17:32:09,710] {subprocess.py:78} INFO - ++ unset old_rootsys
[2021-10-10 17:32:09,710] {subprocess.py:78} INFO - ++ unset thisroot
[2021-10-10 17:32:09,710] {subprocess.py:78} INFO - ++ unset -f drop_from_path
[2021-10-10 17:32:09,710] {subprocess.py:78} INFO - ++ unset -f clean_environment
[2021-10-10 17:32:09,710] {subprocess.py:78} INFO - ++ unset -f set_environment
[2021-10-10 17:32:09,710] {subprocess.py:78} INFO - + hadd -f /home/abd/airflow/data/bsm-search/mc2.root /home/abd/airflow/data/bsm-search/mc2_1.root /home/abd/airflow/data/bsm-search/mc2_2.root /home/abd/airflow/data/bsm-search/mc2_3.root /home/abd/airflow/data/bsm-search/mc2_4.root
[2021-10-10 17:32:10,090] {subprocess.py:78} INFO - hadd Target file: /home/abd/airflow/data/bsm-search/mc2.root
[2021-10-10 17:32:10,098] {subprocess.py:78} INFO - hadd compression setting for all output: 1
[2021-10-10 17:32:10,166] {subprocess.py:78} INFO - hadd Source file 1: /home/abd/airflow/data/bsm-search/mc2_1.root
[2021-10-10 17:32:10,206] {subprocess.py:78} INFO - hadd Source file 2: /home/abd/airflow/data/bsm-search/mc2_2.root
[2021-10-10 17:32:10,206] {subprocess.py:78} INFO - hadd Source file 3: /home/abd/airflow/data/bsm-search/mc2_3.root
[2021-10-10 17:32:10,207] {subprocess.py:78} INFO - hadd Source file 4: /home/abd/airflow/data/bsm-search/mc2_4.root
[2021-10-10 17:32:10,208] {subprocess.py:78} INFO - hadd Target path: /home/abd/airflow/data/bsm-search/mc2.root:/
[2021-10-10 17:32:10,297] {subprocess.py:82} INFO - Command exited with return code 0
[2021-10-10 17:32:10,310] {taskinstance.py:1212} INFO - Marking task as SUCCESS. dag_id=main, task_id=mc.mc2.merge_root_group_mc2.merge_mc2, execution_date=20211009T000000, start_date=20211010T143209, end_date=20211010T143210
[2021-10-10 17:32:10,343] {local_task_job.py:151} INFO - Task exited with return code 0
[2021-10-10 17:32:10,358] {local_task_job.py:261} INFO - 3 downstream tasks scheduled from follow-on schedule check
[2021-10-10 19:36:49,527] {taskinstance.py:903} INFO - Dependencies all met for <TaskInstance: main.mc.mc2.merge_root_group_mc2.merge_mc2 2021-10-09T00:00:00+00:00 [queued]>
[2021-10-10 19:36:49,533] {taskinstance.py:903} INFO - Dependencies all met for <TaskInstance: main.mc.mc2.merge_root_group_mc2.merge_mc2 2021-10-09T00:00:00+00:00 [queued]>
[2021-10-10 19:36:49,533] {taskinstance.py:1095} INFO - 
--------------------------------------------------------------------------------
[2021-10-10 19:36:49,533] {taskinstance.py:1096} INFO - Starting attempt 1 of 2
[2021-10-10 19:36:49,533] {taskinstance.py:1097} INFO - 
--------------------------------------------------------------------------------
[2021-10-10 19:36:49,540] {taskinstance.py:1115} INFO - Executing <Task(BashOperator): mc.mc2.merge_root_group_mc2.merge_mc2> on 2021-10-09T00:00:00+00:00
[2021-10-10 19:36:49,542] {standard_task_runner.py:52} INFO - Started process 56449 to run task
[2021-10-10 19:36:49,545] {standard_task_runner.py:76} INFO - Running: ['airflow', 'tasks', 'run', 'main', 'mc.mc2.merge_root_group_mc2.merge_mc2', '2021-10-09T00:00:00+00:00', '--job-id', '588', '--pool', 'default_pool', '--raw', '--subdir', 'DAGS_FOLDER/main.py', '--cfg-path', '/tmp/tmp9jt_afc7', '--error-file', '/tmp/tmp0glyrczu']
[2021-10-10 19:36:49,545] {standard_task_runner.py:77} INFO - Job 588: Subtask mc.mc2.merge_root_group_mc2.merge_mc2
[2021-10-10 19:36:49,564] {logging_mixin.py:109} INFO - Running <TaskInstance: main.mc.mc2.merge_root_group_mc2.merge_mc2 2021-10-09T00:00:00+00:00 [running]> on host abd
[2021-10-10 19:36:49,588] {taskinstance.py:1252} INFO - Exporting the following env vars:
AIRFLOW_CTX_DAG_OWNER=admin
AIRFLOW_CTX_DAG_ID=main
AIRFLOW_CTX_TASK_ID=mc.mc2.merge_root_group_mc2.merge_mc2
AIRFLOW_CTX_EXECUTION_DATE=2021-10-09T00:00:00+00:00
AIRFLOW_CTX_DAG_RUN_ID=scheduled__2021-10-09T00:00:00+00:00
[2021-10-10 19:36:49,589] {subprocess.py:52} INFO - Tmp dir root location: 
 /tmp
[2021-10-10 19:36:49,589] {subprocess.py:63} INFO - Running command: ['bash', '-c', '\n            set -x\n            BASE_DIR=${base_dir}\n            BASE=${type}\n            END=${njobs}\n            INPUTS=""\n            for ((c=1;c<${END}+1;c++)); do\n                INPUTS="$INPUTS $(printf ${BASE_DIR}/${BASE}_${c}.root)"\n            done\n            echo Inputs: ${INPUTS}\n            source ${thisroot}/thisroot.sh\n            hadd -f ${BASE_DIR}/${BASE}.root ${INPUTS}\n            ']
[2021-10-10 19:36:49,593] {subprocess.py:74} INFO - Output:
[2021-10-10 19:36:49,593] {subprocess.py:78} INFO - + BASE_DIR=/home/abd/airflow/data/bsm-search
[2021-10-10 19:36:49,593] {subprocess.py:78} INFO - + BASE=mc2
[2021-10-10 19:36:49,593] {subprocess.py:78} INFO - + END=4
[2021-10-10 19:36:49,593] {subprocess.py:78} INFO - + INPUTS=
[2021-10-10 19:36:49,594] {subprocess.py:78} INFO - + (( c=1 ))
[2021-10-10 19:36:49,594] {subprocess.py:78} INFO - + (( c<4+1 ))
[2021-10-10 19:36:49,594] {subprocess.py:78} INFO - ++ printf /home/abd/airflow/data/bsm-search/mc2_1.root
[2021-10-10 19:36:49,594] {subprocess.py:78} INFO - + INPUTS=' /home/abd/airflow/data/bsm-search/mc2_1.root'
[2021-10-10 19:36:49,594] {subprocess.py:78} INFO - + (( c++ ))
[2021-10-10 19:36:49,594] {subprocess.py:78} INFO - + (( c<4+1 ))
[2021-10-10 19:36:49,594] {subprocess.py:78} INFO - ++ printf /home/abd/airflow/data/bsm-search/mc2_2.root
[2021-10-10 19:36:49,594] {subprocess.py:78} INFO - + INPUTS=' /home/abd/airflow/data/bsm-search/mc2_1.root /home/abd/airflow/data/bsm-search/mc2_2.root'
[2021-10-10 19:36:49,594] {subprocess.py:78} INFO - + (( c++ ))
[2021-10-10 19:36:49,594] {subprocess.py:78} INFO - + (( c<4+1 ))
[2021-10-10 19:36:49,594] {subprocess.py:78} INFO - ++ printf /home/abd/airflow/data/bsm-search/mc2_3.root
[2021-10-10 19:36:49,595] {subprocess.py:78} INFO - + INPUTS=' /home/abd/airflow/data/bsm-search/mc2_1.root /home/abd/airflow/data/bsm-search/mc2_2.root /home/abd/airflow/data/bsm-search/mc2_3.root'
[2021-10-10 19:36:49,595] {subprocess.py:78} INFO - + (( c++ ))
[2021-10-10 19:36:49,595] {subprocess.py:78} INFO - + (( c<4+1 ))
[2021-10-10 19:36:49,595] {subprocess.py:78} INFO - ++ printf /home/abd/airflow/data/bsm-search/mc2_4.root
[2021-10-10 19:36:49,595] {subprocess.py:78} INFO - + INPUTS=' /home/abd/airflow/data/bsm-search/mc2_1.root /home/abd/airflow/data/bsm-search/mc2_2.root /home/abd/airflow/data/bsm-search/mc2_3.root /home/abd/airflow/data/bsm-search/mc2_4.root'
[2021-10-10 19:36:49,595] {subprocess.py:78} INFO - + (( c++ ))
[2021-10-10 19:36:49,595] {subprocess.py:78} INFO - + (( c<4+1 ))
[2021-10-10 19:36:49,595] {subprocess.py:78} INFO - + echo Inputs: /home/abd/airflow/data/bsm-search/mc2_1.root /home/abd/airflow/data/bsm-search/mc2_2.root /home/abd/airflow/data/bsm-search/mc2_3.root /home/abd/airflow/data/bsm-search/mc2_4.root
[2021-10-10 19:36:49,595] {subprocess.py:78} INFO - Inputs: /home/abd/airflow/data/bsm-search/mc2_1.root /home/abd/airflow/data/bsm-search/mc2_2.root /home/abd/airflow/data/bsm-search/mc2_3.root /home/abd/airflow/data/bsm-search/mc2_4.root
[2021-10-10 19:36:49,595] {subprocess.py:78} INFO - + source /home/abd/root/root/bin/thisroot.sh
[2021-10-10 19:36:49,595] {subprocess.py:78} INFO - ++ '[' -n '' ']'
[2021-10-10 19:36:49,595] {subprocess.py:78} INFO - ++ SOURCE=/home/abd/root/root/bin/thisroot.sh
[2021-10-10 19:36:49,595] {subprocess.py:78} INFO - ++ '[' x/home/abd/root/root/bin/thisroot.sh = x ']'
[2021-10-10 19:36:49,595] {subprocess.py:78} INFO - ++ '[' x/home/abd/root/root/bin/thisroot.sh = x ']'
[2021-10-10 19:36:49,596] {subprocess.py:78} INFO - +++ dirname /home/abd/root/root/bin/thisroot.sh
[2021-10-10 19:36:49,596] {subprocess.py:78} INFO - ++ thisroot=/home/abd/root/root/bin
[2021-10-10 19:36:49,596] {subprocess.py:78} INFO - +++ cd /home/abd/root/root/bin/..
[2021-10-10 19:36:49,597] {subprocess.py:78} INFO - +++ pwd
[2021-10-10 19:36:49,597] {subprocess.py:78} INFO - ++ ROOTSYS=/home/abd/root/root
[2021-10-10 19:36:49,597] {subprocess.py:78} INFO - ++ export ROOTSYS
[2021-10-10 19:36:49,597] {subprocess.py:78} INFO - ++ clean_environment
[2021-10-10 19:36:49,597] {subprocess.py:78} INFO - ++ '[' -n '' ']'
[2021-10-10 19:36:49,597] {subprocess.py:78} INFO - ++ '[' -z '' ']'
[2021-10-10 19:36:49,597] {subprocess.py:78} INFO - ++ command -v manpath
[2021-10-10 19:36:49,597] {subprocess.py:78} INFO - +++ manpath
[2021-10-10 19:36:49,598] {subprocess.py:78} INFO - manpath: warning: $PATH not set
[2021-10-10 19:36:49,598] {subprocess.py:78} INFO - ++ default_manpath=/usr/share/man:/usr/local/share/man
[2021-10-10 19:36:49,598] {subprocess.py:78} INFO - ++ set_environment
[2021-10-10 19:36:49,598] {subprocess.py:78} INFO - ++ '[' -z /usr/local/sbin:/usr/local/bin:/usr/sbin:/usr/bin:/sbin:/bin ']'
[2021-10-10 19:36:49,598] {subprocess.py:78} INFO - ++ PATH=/home/abd/root/root/bin:/usr/local/sbin:/usr/local/bin:/usr/sbin:/usr/bin:/sbin:/bin
[2021-10-10 19:36:49,598] {subprocess.py:78} INFO - ++ export PATH
[2021-10-10 19:36:49,598] {subprocess.py:78} INFO - ++ '[' -z '' ']'
[2021-10-10 19:36:49,598] {subprocess.py:78} INFO - ++ LD_LIBRARY_PATH=/home/abd/root/root/lib
[2021-10-10 19:36:49,598] {subprocess.py:78} INFO - ++ export LD_LIBRARY_PATH
[2021-10-10 19:36:49,598] {subprocess.py:78} INFO - ++ '[' -z '' ']'
[2021-10-10 19:36:49,598] {subprocess.py:78} INFO - ++ DYLD_LIBRARY_PATH=/home/abd/root/root/lib
[2021-10-10 19:36:49,599] {subprocess.py:78} INFO - ++ export DYLD_LIBRARY_PATH
[2021-10-10 19:36:49,599] {subprocess.py:78} INFO - ++ '[' -z '' ']'
[2021-10-10 19:36:49,599] {subprocess.py:78} INFO - ++ SHLIB_PATH=/home/abd/root/root/lib
[2021-10-10 19:36:49,599] {subprocess.py:78} INFO - ++ export SHLIB_PATH
[2021-10-10 19:36:49,599] {subprocess.py:78} INFO - ++ '[' -z '' ']'
[2021-10-10 19:36:49,599] {subprocess.py:78} INFO - ++ LIBPATH=/home/abd/root/root/lib
[2021-10-10 19:36:49,599] {subprocess.py:78} INFO - ++ export LIBPATH
[2021-10-10 19:36:49,599] {subprocess.py:78} INFO - ++ '[' -z '' ']'
[2021-10-10 19:36:49,599] {subprocess.py:78} INFO - ++ PYTHONPATH=/home/abd/root/root/lib
[2021-10-10 19:36:49,599] {subprocess.py:78} INFO - ++ export PYTHONPATH
[2021-10-10 19:36:49,599] {subprocess.py:78} INFO - ++ '[' -z '' ']'
[2021-10-10 19:36:49,599] {subprocess.py:78} INFO - ++ MANPATH=/home/abd/root/root/man:/usr/share/man:/usr/local/share/man
[2021-10-10 19:36:49,599] {subprocess.py:78} INFO - ++ export MANPATH
[2021-10-10 19:36:49,599] {subprocess.py:78} INFO - ++ '[' -z '' ']'
[2021-10-10 19:36:49,599] {subprocess.py:78} INFO - ++ CMAKE_PREFIX_PATH=/home/abd/root/root
[2021-10-10 19:36:49,599] {subprocess.py:78} INFO - ++ export CMAKE_PREFIX_PATH
[2021-10-10 19:36:49,599] {subprocess.py:78} INFO - ++ '[' -z '' ']'
[2021-10-10 19:36:49,599] {subprocess.py:78} INFO - ++ JUPYTER_PATH=/home/abd/root/root/etc/notebook
[2021-10-10 19:36:49,599] {subprocess.py:78} INFO - ++ export JUPYTER_PATH
[2021-10-10 19:36:49,599] {subprocess.py:78} INFO - ++ '[' -z '' ']'
[2021-10-10 19:36:49,599] {subprocess.py:78} INFO - ++ JUPYTER_CONFIG_DIR=/home/abd/root/root/etc/notebook
[2021-10-10 19:36:49,599] {subprocess.py:78} INFO - ++ export JUPYTER_CONFIG_DIR
[2021-10-10 19:36:49,599] {subprocess.py:78} INFO - ++ export CLING_STANDARD_PCH=none
[2021-10-10 19:36:49,599] {subprocess.py:78} INFO - ++ CLING_STANDARD_PCH=none
[2021-10-10 19:36:49,599] {subprocess.py:78} INFO - +++ root-config --arch
[2021-10-10 19:36:49,600] {subprocess.py:78} INFO - +++ grep -v win32gcc
[2021-10-10 19:36:49,600] {subprocess.py:78} INFO - +++ grep -i win32
[2021-10-10 19:36:49,609] {subprocess.py:78} INFO - ++ '[' x '!=' x ']'
[2021-10-10 19:36:49,609] {subprocess.py:78} INFO - ++ unset old_rootsys
[2021-10-10 19:36:49,609] {subprocess.py:78} INFO - ++ unset thisroot
[2021-10-10 19:36:49,609] {subprocess.py:78} INFO - ++ unset -f drop_from_path
[2021-10-10 19:36:49,609] {subprocess.py:78} INFO - ++ unset -f clean_environment
[2021-10-10 19:36:49,609] {subprocess.py:78} INFO - ++ unset -f set_environment
[2021-10-10 19:36:49,610] {subprocess.py:78} INFO - + hadd -f /home/abd/airflow/data/bsm-search/mc2.root /home/abd/airflow/data/bsm-search/mc2_1.root /home/abd/airflow/data/bsm-search/mc2_2.root /home/abd/airflow/data/bsm-search/mc2_3.root /home/abd/airflow/data/bsm-search/mc2_4.root
[2021-10-10 19:36:49,874] {subprocess.py:78} INFO - hadd Target file: /home/abd/airflow/data/bsm-search/mc2.root
[2021-10-10 19:36:49,878] {subprocess.py:78} INFO - hadd compression setting for all output: 1
[2021-10-10 19:36:49,925] {subprocess.py:78} INFO - hadd Source file 1: /home/abd/airflow/data/bsm-search/mc2_1.root
[2021-10-10 19:36:49,948] {subprocess.py:78} INFO - hadd Source file 2: /home/abd/airflow/data/bsm-search/mc2_2.root
[2021-10-10 19:36:49,949] {subprocess.py:78} INFO - hadd Source file 3: /home/abd/airflow/data/bsm-search/mc2_3.root
[2021-10-10 19:36:49,949] {subprocess.py:78} INFO - hadd Source file 4: /home/abd/airflow/data/bsm-search/mc2_4.root
[2021-10-10 19:36:49,949] {subprocess.py:78} INFO - hadd Target path: /home/abd/airflow/data/bsm-search/mc2.root:/
[2021-10-10 19:36:50,011] {subprocess.py:82} INFO - Command exited with return code 0
[2021-10-10 19:36:50,024] {taskinstance.py:1212} INFO - Marking task as SUCCESS. dag_id=main, task_id=mc.mc2.merge_root_group_mc2.merge_mc2, execution_date=20211009T000000, start_date=20211010T163649, end_date=20211010T163650
[2021-10-10 19:36:50,037] {local_task_job.py:151} INFO - Task exited with return code 0
[2021-10-10 19:36:50,050] {local_task_job.py:261} INFO - 3 downstream tasks scheduled from follow-on schedule check
[2021-10-10 19:46:29,151] {taskinstance.py:903} INFO - Dependencies all met for <TaskInstance: main.mc.mc2.merge_root_group_mc2.merge_mc2 2021-10-09T00:00:00+00:00 [queued]>
[2021-10-10 19:46:29,157] {taskinstance.py:903} INFO - Dependencies all met for <TaskInstance: main.mc.mc2.merge_root_group_mc2.merge_mc2 2021-10-09T00:00:00+00:00 [queued]>
[2021-10-10 19:46:29,157] {taskinstance.py:1095} INFO - 
--------------------------------------------------------------------------------
[2021-10-10 19:46:29,158] {taskinstance.py:1096} INFO - Starting attempt 1 of 2
[2021-10-10 19:46:29,158] {taskinstance.py:1097} INFO - 
--------------------------------------------------------------------------------
[2021-10-10 19:46:29,165] {taskinstance.py:1115} INFO - Executing <Task(BashOperator): mc.mc2.merge_root_group_mc2.merge_mc2> on 2021-10-09T00:00:00+00:00
[2021-10-10 19:46:29,166] {standard_task_runner.py:52} INFO - Started process 59748 to run task
[2021-10-10 19:46:29,169] {standard_task_runner.py:76} INFO - Running: ['airflow', 'tasks', 'run', 'main', 'mc.mc2.merge_root_group_mc2.merge_mc2', '2021-10-09T00:00:00+00:00', '--job-id', '588', '--pool', 'default_pool', '--raw', '--subdir', 'DAGS_FOLDER/main.py', '--cfg-path', '/tmp/tmpv1vcqgtz', '--error-file', '/tmp/tmpn7jms5z4']
[2021-10-10 19:46:29,170] {standard_task_runner.py:77} INFO - Job 588: Subtask mc.mc2.merge_root_group_mc2.merge_mc2
[2021-10-10 19:46:29,189] {logging_mixin.py:109} INFO - Running <TaskInstance: main.mc.mc2.merge_root_group_mc2.merge_mc2 2021-10-09T00:00:00+00:00 [running]> on host abd
[2021-10-10 19:46:29,225] {taskinstance.py:1252} INFO - Exporting the following env vars:
AIRFLOW_CTX_DAG_OWNER=admin
AIRFLOW_CTX_DAG_ID=main
AIRFLOW_CTX_TASK_ID=mc.mc2.merge_root_group_mc2.merge_mc2
AIRFLOW_CTX_EXECUTION_DATE=2021-10-09T00:00:00+00:00
AIRFLOW_CTX_DAG_RUN_ID=scheduled__2021-10-09T00:00:00+00:00
[2021-10-10 19:46:29,225] {subprocess.py:52} INFO - Tmp dir root location: 
 /tmp
[2021-10-10 19:46:29,225] {subprocess.py:63} INFO - Running command: ['bash', '-c', '\n            set -x\n            BASE_DIR=${base_dir}\n            BASE=${type}\n            END=${njobs}\n            INPUTS=""\n            for ((c=1;c<${END}+1;c++)); do\n                INPUTS="$INPUTS $(printf ${BASE_DIR}/${BASE}_${c}.root)"\n            done\n            echo Inputs: ${INPUTS}\n            source ${thisroot}/thisroot.sh\n            hadd -f ${BASE_DIR}/${BASE}.root ${INPUTS}\n            ']
[2021-10-10 19:46:29,229] {subprocess.py:74} INFO - Output:
[2021-10-10 19:46:29,230] {subprocess.py:78} INFO - + BASE_DIR=/home/abd/airflow/data/bsm-search
[2021-10-10 19:46:29,230] {subprocess.py:78} INFO - + BASE=mc2
[2021-10-10 19:46:29,230] {subprocess.py:78} INFO - + END=4
[2021-10-10 19:46:29,230] {subprocess.py:78} INFO - + INPUTS=
[2021-10-10 19:46:29,230] {subprocess.py:78} INFO - + (( c=1 ))
[2021-10-10 19:46:29,230] {subprocess.py:78} INFO - + (( c<4+1 ))
[2021-10-10 19:46:29,230] {subprocess.py:78} INFO - ++ printf /home/abd/airflow/data/bsm-search/mc2_1.root
[2021-10-10 19:46:29,230] {subprocess.py:78} INFO - + INPUTS=' /home/abd/airflow/data/bsm-search/mc2_1.root'
[2021-10-10 19:46:29,230] {subprocess.py:78} INFO - + (( c++ ))
[2021-10-10 19:46:29,230] {subprocess.py:78} INFO - + (( c<4+1 ))
[2021-10-10 19:46:29,231] {subprocess.py:78} INFO - ++ printf /home/abd/airflow/data/bsm-search/mc2_2.root
[2021-10-10 19:46:29,231] {subprocess.py:78} INFO - + INPUTS=' /home/abd/airflow/data/bsm-search/mc2_1.root /home/abd/airflow/data/bsm-search/mc2_2.root'
[2021-10-10 19:46:29,231] {subprocess.py:78} INFO - + (( c++ ))
[2021-10-10 19:46:29,231] {subprocess.py:78} INFO - + (( c<4+1 ))
[2021-10-10 19:46:29,231] {subprocess.py:78} INFO - ++ printf /home/abd/airflow/data/bsm-search/mc2_3.root
[2021-10-10 19:46:29,231] {subprocess.py:78} INFO - + INPUTS=' /home/abd/airflow/data/bsm-search/mc2_1.root /home/abd/airflow/data/bsm-search/mc2_2.root /home/abd/airflow/data/bsm-search/mc2_3.root'
[2021-10-10 19:46:29,231] {subprocess.py:78} INFO - + (( c++ ))
[2021-10-10 19:46:29,231] {subprocess.py:78} INFO - + (( c<4+1 ))
[2021-10-10 19:46:29,231] {subprocess.py:78} INFO - ++ printf /home/abd/airflow/data/bsm-search/mc2_4.root
[2021-10-10 19:46:29,231] {subprocess.py:78} INFO - + INPUTS=' /home/abd/airflow/data/bsm-search/mc2_1.root /home/abd/airflow/data/bsm-search/mc2_2.root /home/abd/airflow/data/bsm-search/mc2_3.root /home/abd/airflow/data/bsm-search/mc2_4.root'
[2021-10-10 19:46:29,231] {subprocess.py:78} INFO - + (( c++ ))
[2021-10-10 19:46:29,231] {subprocess.py:78} INFO - + (( c<4+1 ))
[2021-10-10 19:46:29,231] {subprocess.py:78} INFO - + echo Inputs: /home/abd/airflow/data/bsm-search/mc2_1.root /home/abd/airflow/data/bsm-search/mc2_2.root /home/abd/airflow/data/bsm-search/mc2_3.root /home/abd/airflow/data/bsm-search/mc2_4.root
[2021-10-10 19:46:29,232] {subprocess.py:78} INFO - Inputs: /home/abd/airflow/data/bsm-search/mc2_1.root /home/abd/airflow/data/bsm-search/mc2_2.root /home/abd/airflow/data/bsm-search/mc2_3.root /home/abd/airflow/data/bsm-search/mc2_4.root
[2021-10-10 19:46:29,232] {subprocess.py:78} INFO - + source /home/abd/root/root/bin/thisroot.sh
[2021-10-10 19:46:29,232] {subprocess.py:78} INFO - ++ '[' -n '' ']'
[2021-10-10 19:46:29,232] {subprocess.py:78} INFO - ++ SOURCE=/home/abd/root/root/bin/thisroot.sh
[2021-10-10 19:46:29,232] {subprocess.py:78} INFO - ++ '[' x/home/abd/root/root/bin/thisroot.sh = x ']'
[2021-10-10 19:46:29,232] {subprocess.py:78} INFO - ++ '[' x/home/abd/root/root/bin/thisroot.sh = x ']'
[2021-10-10 19:46:29,232] {subprocess.py:78} INFO - +++ dirname /home/abd/root/root/bin/thisroot.sh
[2021-10-10 19:46:29,233] {subprocess.py:78} INFO - ++ thisroot=/home/abd/root/root/bin
[2021-10-10 19:46:29,233] {subprocess.py:78} INFO - +++ cd /home/abd/root/root/bin/..
[2021-10-10 19:46:29,233] {subprocess.py:78} INFO - +++ pwd
[2021-10-10 19:46:29,233] {subprocess.py:78} INFO - ++ ROOTSYS=/home/abd/root/root
[2021-10-10 19:46:29,233] {subprocess.py:78} INFO - ++ export ROOTSYS
[2021-10-10 19:46:29,233] {subprocess.py:78} INFO - ++ clean_environment
[2021-10-10 19:46:29,233] {subprocess.py:78} INFO - ++ '[' -n '' ']'
[2021-10-10 19:46:29,233] {subprocess.py:78} INFO - ++ '[' -z '' ']'
[2021-10-10 19:46:29,233] {subprocess.py:78} INFO - ++ command -v manpath
[2021-10-10 19:46:29,234] {subprocess.py:78} INFO - +++ manpath
[2021-10-10 19:46:29,234] {subprocess.py:78} INFO - manpath: warning: $PATH not set
[2021-10-10 19:46:29,235] {subprocess.py:78} INFO - ++ default_manpath=/usr/share/man:/usr/local/share/man
[2021-10-10 19:46:29,235] {subprocess.py:78} INFO - ++ set_environment
[2021-10-10 19:46:29,235] {subprocess.py:78} INFO - ++ '[' -z /usr/local/sbin:/usr/local/bin:/usr/sbin:/usr/bin:/sbin:/bin ']'
[2021-10-10 19:46:29,235] {subprocess.py:78} INFO - ++ PATH=/home/abd/root/root/bin:/usr/local/sbin:/usr/local/bin:/usr/sbin:/usr/bin:/sbin:/bin
[2021-10-10 19:46:29,235] {subprocess.py:78} INFO - ++ export PATH
[2021-10-10 19:46:29,235] {subprocess.py:78} INFO - ++ '[' -z '' ']'
[2021-10-10 19:46:29,235] {subprocess.py:78} INFO - ++ LD_LIBRARY_PATH=/home/abd/root/root/lib
[2021-10-10 19:46:29,235] {subprocess.py:78} INFO - ++ export LD_LIBRARY_PATH
[2021-10-10 19:46:29,235] {subprocess.py:78} INFO - ++ '[' -z '' ']'
[2021-10-10 19:46:29,235] {subprocess.py:78} INFO - ++ DYLD_LIBRARY_PATH=/home/abd/root/root/lib
[2021-10-10 19:46:29,235] {subprocess.py:78} INFO - ++ export DYLD_LIBRARY_PATH
[2021-10-10 19:46:29,235] {subprocess.py:78} INFO - ++ '[' -z '' ']'
[2021-10-10 19:46:29,235] {subprocess.py:78} INFO - ++ SHLIB_PATH=/home/abd/root/root/lib
[2021-10-10 19:46:29,235] {subprocess.py:78} INFO - ++ export SHLIB_PATH
[2021-10-10 19:46:29,235] {subprocess.py:78} INFO - ++ '[' -z '' ']'
[2021-10-10 19:46:29,235] {subprocess.py:78} INFO - ++ LIBPATH=/home/abd/root/root/lib
[2021-10-10 19:46:29,235] {subprocess.py:78} INFO - ++ export LIBPATH
[2021-10-10 19:46:29,235] {subprocess.py:78} INFO - ++ '[' -z '' ']'
[2021-10-10 19:46:29,235] {subprocess.py:78} INFO - ++ PYTHONPATH=/home/abd/root/root/lib
[2021-10-10 19:46:29,235] {subprocess.py:78} INFO - ++ export PYTHONPATH
[2021-10-10 19:46:29,235] {subprocess.py:78} INFO - ++ '[' -z '' ']'
[2021-10-10 19:46:29,235] {subprocess.py:78} INFO - ++ MANPATH=/home/abd/root/root/man:/usr/share/man:/usr/local/share/man
[2021-10-10 19:46:29,235] {subprocess.py:78} INFO - ++ export MANPATH
[2021-10-10 19:46:29,236] {subprocess.py:78} INFO - ++ '[' -z '' ']'
[2021-10-10 19:46:29,236] {subprocess.py:78} INFO - ++ CMAKE_PREFIX_PATH=/home/abd/root/root
[2021-10-10 19:46:29,236] {subprocess.py:78} INFO - ++ export CMAKE_PREFIX_PATH
[2021-10-10 19:46:29,236] {subprocess.py:78} INFO - ++ '[' -z '' ']'
[2021-10-10 19:46:29,236] {subprocess.py:78} INFO - ++ JUPYTER_PATH=/home/abd/root/root/etc/notebook
[2021-10-10 19:46:29,236] {subprocess.py:78} INFO - ++ export JUPYTER_PATH
[2021-10-10 19:46:29,236] {subprocess.py:78} INFO - ++ '[' -z '' ']'
[2021-10-10 19:46:29,236] {subprocess.py:78} INFO - ++ JUPYTER_CONFIG_DIR=/home/abd/root/root/etc/notebook
[2021-10-10 19:46:29,236] {subprocess.py:78} INFO - ++ export JUPYTER_CONFIG_DIR
[2021-10-10 19:46:29,236] {subprocess.py:78} INFO - ++ export CLING_STANDARD_PCH=none
[2021-10-10 19:46:29,236] {subprocess.py:78} INFO - ++ CLING_STANDARD_PCH=none
[2021-10-10 19:46:29,236] {subprocess.py:78} INFO - +++ root-config --arch
[2021-10-10 19:46:29,236] {subprocess.py:78} INFO - +++ grep -v win32gcc
[2021-10-10 19:46:29,236] {subprocess.py:78} INFO - +++ grep -i win32
[2021-10-10 19:46:29,246] {subprocess.py:78} INFO - ++ '[' x '!=' x ']'
[2021-10-10 19:46:29,246] {subprocess.py:78} INFO - ++ unset old_rootsys
[2021-10-10 19:46:29,246] {subprocess.py:78} INFO - ++ unset thisroot
[2021-10-10 19:46:29,246] {subprocess.py:78} INFO - ++ unset -f drop_from_path
[2021-10-10 19:46:29,246] {subprocess.py:78} INFO - ++ unset -f clean_environment
[2021-10-10 19:46:29,246] {subprocess.py:78} INFO - ++ unset -f set_environment
[2021-10-10 19:46:29,246] {subprocess.py:78} INFO - + hadd -f /home/abd/airflow/data/bsm-search/mc2.root /home/abd/airflow/data/bsm-search/mc2_1.root /home/abd/airflow/data/bsm-search/mc2_2.root /home/abd/airflow/data/bsm-search/mc2_3.root /home/abd/airflow/data/bsm-search/mc2_4.root
[2021-10-10 19:46:29,505] {subprocess.py:78} INFO - hadd Target file: /home/abd/airflow/data/bsm-search/mc2.root
[2021-10-10 19:46:29,509] {subprocess.py:78} INFO - hadd compression setting for all output: 1
[2021-10-10 19:46:29,556] {subprocess.py:78} INFO - hadd Source file 1: /home/abd/airflow/data/bsm-search/mc2_1.root
[2021-10-10 19:46:29,579] {subprocess.py:78} INFO - hadd Source file 2: /home/abd/airflow/data/bsm-search/mc2_2.root
[2021-10-10 19:46:29,579] {subprocess.py:78} INFO - hadd Source file 3: /home/abd/airflow/data/bsm-search/mc2_3.root
[2021-10-10 19:46:29,579] {subprocess.py:78} INFO - hadd Source file 4: /home/abd/airflow/data/bsm-search/mc2_4.root
[2021-10-10 19:46:29,580] {subprocess.py:78} INFO - hadd Target path: /home/abd/airflow/data/bsm-search/mc2.root:/
[2021-10-10 19:46:29,650] {subprocess.py:82} INFO - Command exited with return code 0
[2021-10-10 19:46:29,664] {taskinstance.py:1212} INFO - Marking task as SUCCESS. dag_id=main, task_id=mc.mc2.merge_root_group_mc2.merge_mc2, execution_date=20211009T000000, start_date=20211010T164629, end_date=20211010T164629
[2021-10-10 19:46:29,701] {local_task_job.py:151} INFO - Task exited with return code 0
[2021-10-10 19:46:29,725] {local_task_job.py:261} INFO - 3 downstream tasks scheduled from follow-on schedule check
[2021-10-10 19:56:21,616] {taskinstance.py:903} INFO - Dependencies all met for <TaskInstance: main.mc.mc2.merge_root_group_mc2.merge_mc2 2021-10-09T00:00:00+00:00 [queued]>
[2021-10-10 19:56:21,622] {taskinstance.py:903} INFO - Dependencies all met for <TaskInstance: main.mc.mc2.merge_root_group_mc2.merge_mc2 2021-10-09T00:00:00+00:00 [queued]>
[2021-10-10 19:56:21,622] {taskinstance.py:1095} INFO - 
--------------------------------------------------------------------------------
[2021-10-10 19:56:21,622] {taskinstance.py:1096} INFO - Starting attempt 1 of 2
[2021-10-10 19:56:21,622] {taskinstance.py:1097} INFO - 
--------------------------------------------------------------------------------
[2021-10-10 19:56:21,629] {taskinstance.py:1115} INFO - Executing <Task(BashOperator): mc.mc2.merge_root_group_mc2.merge_mc2> on 2021-10-09T00:00:00+00:00
[2021-10-10 19:56:21,630] {standard_task_runner.py:52} INFO - Started process 63362 to run task
[2021-10-10 19:56:21,633] {standard_task_runner.py:76} INFO - Running: ['airflow', 'tasks', 'run', 'main', 'mc.mc2.merge_root_group_mc2.merge_mc2', '2021-10-09T00:00:00+00:00', '--job-id', '589', '--pool', 'default_pool', '--raw', '--subdir', 'DAGS_FOLDER/main.py', '--cfg-path', '/tmp/tmpw6su0idp', '--error-file', '/tmp/tmpq67pu8eg']
[2021-10-10 19:56:21,633] {standard_task_runner.py:77} INFO - Job 589: Subtask mc.mc2.merge_root_group_mc2.merge_mc2
[2021-10-10 19:56:21,671] {logging_mixin.py:109} INFO - Running <TaskInstance: main.mc.mc2.merge_root_group_mc2.merge_mc2 2021-10-09T00:00:00+00:00 [running]> on host abd
[2021-10-10 19:56:21,706] {taskinstance.py:1252} INFO - Exporting the following env vars:
AIRFLOW_CTX_DAG_OWNER=admin
AIRFLOW_CTX_DAG_ID=main
AIRFLOW_CTX_TASK_ID=mc.mc2.merge_root_group_mc2.merge_mc2
AIRFLOW_CTX_EXECUTION_DATE=2021-10-09T00:00:00+00:00
AIRFLOW_CTX_DAG_RUN_ID=scheduled__2021-10-09T00:00:00+00:00
[2021-10-10 19:56:21,707] {subprocess.py:52} INFO - Tmp dir root location: 
 /tmp
[2021-10-10 19:56:21,707] {subprocess.py:63} INFO - Running command: ['bash', '-c', '\n            set -x\n            BASE_DIR=${base_dir}\n            BASE=${type}\n            END=${njobs}\n            INPUTS=""\n            for ((c=1;c<${END}+1;c++)); do\n                INPUTS="$INPUTS $(printf ${BASE_DIR}/${BASE}_${c}.root)"\n            done\n            echo Inputs: ${INPUTS}\n            source ${thisroot}/thisroot.sh\n            hadd -f ${BASE_DIR}/${BASE}.root ${INPUTS}\n            ']
[2021-10-10 19:56:21,711] {subprocess.py:74} INFO - Output:
[2021-10-10 19:56:21,711] {subprocess.py:78} INFO - + BASE_DIR=/home/abd/airflow/data/bsm-search
[2021-10-10 19:56:21,712] {subprocess.py:78} INFO - + BASE=mc2
[2021-10-10 19:56:21,712] {subprocess.py:78} INFO - + END=4
[2021-10-10 19:56:21,712] {subprocess.py:78} INFO - + INPUTS=
[2021-10-10 19:56:21,712] {subprocess.py:78} INFO - + (( c=1 ))
[2021-10-10 19:56:21,712] {subprocess.py:78} INFO - + (( c<4+1 ))
[2021-10-10 19:56:21,712] {subprocess.py:78} INFO - ++ printf /home/abd/airflow/data/bsm-search/mc2_1.root
[2021-10-10 19:56:21,712] {subprocess.py:78} INFO - + INPUTS=' /home/abd/airflow/data/bsm-search/mc2_1.root'
[2021-10-10 19:56:21,712] {subprocess.py:78} INFO - + (( c++ ))
[2021-10-10 19:56:21,712] {subprocess.py:78} INFO - + (( c<4+1 ))
[2021-10-10 19:56:21,712] {subprocess.py:78} INFO - ++ printf /home/abd/airflow/data/bsm-search/mc2_2.root
[2021-10-10 19:56:21,712] {subprocess.py:78} INFO - + INPUTS=' /home/abd/airflow/data/bsm-search/mc2_1.root /home/abd/airflow/data/bsm-search/mc2_2.root'
[2021-10-10 19:56:21,712] {subprocess.py:78} INFO - + (( c++ ))
[2021-10-10 19:56:21,712] {subprocess.py:78} INFO - + (( c<4+1 ))
[2021-10-10 19:56:21,713] {subprocess.py:78} INFO - ++ printf /home/abd/airflow/data/bsm-search/mc2_3.root
[2021-10-10 19:56:21,713] {subprocess.py:78} INFO - + INPUTS=' /home/abd/airflow/data/bsm-search/mc2_1.root /home/abd/airflow/data/bsm-search/mc2_2.root /home/abd/airflow/data/bsm-search/mc2_3.root'
[2021-10-10 19:56:21,713] {subprocess.py:78} INFO - + (( c++ ))
[2021-10-10 19:56:21,713] {subprocess.py:78} INFO - + (( c<4+1 ))
[2021-10-10 19:56:21,713] {subprocess.py:78} INFO - ++ printf /home/abd/airflow/data/bsm-search/mc2_4.root
[2021-10-10 19:56:21,713] {subprocess.py:78} INFO - + INPUTS=' /home/abd/airflow/data/bsm-search/mc2_1.root /home/abd/airflow/data/bsm-search/mc2_2.root /home/abd/airflow/data/bsm-search/mc2_3.root /home/abd/airflow/data/bsm-search/mc2_4.root'
[2021-10-10 19:56:21,713] {subprocess.py:78} INFO - + (( c++ ))
[2021-10-10 19:56:21,713] {subprocess.py:78} INFO - + (( c<4+1 ))
[2021-10-10 19:56:21,713] {subprocess.py:78} INFO - + echo Inputs: /home/abd/airflow/data/bsm-search/mc2_1.root /home/abd/airflow/data/bsm-search/mc2_2.root /home/abd/airflow/data/bsm-search/mc2_3.root /home/abd/airflow/data/bsm-search/mc2_4.root
[2021-10-10 19:56:21,713] {subprocess.py:78} INFO - Inputs: /home/abd/airflow/data/bsm-search/mc2_1.root /home/abd/airflow/data/bsm-search/mc2_2.root /home/abd/airflow/data/bsm-search/mc2_3.root /home/abd/airflow/data/bsm-search/mc2_4.root
[2021-10-10 19:56:21,713] {subprocess.py:78} INFO - + source /home/abd/root/root/bin/thisroot.sh
[2021-10-10 19:56:21,714] {subprocess.py:78} INFO - ++ '[' -n '' ']'
[2021-10-10 19:56:21,714] {subprocess.py:78} INFO - ++ SOURCE=/home/abd/root/root/bin/thisroot.sh
[2021-10-10 19:56:21,714] {subprocess.py:78} INFO - ++ '[' x/home/abd/root/root/bin/thisroot.sh = x ']'
[2021-10-10 19:56:21,714] {subprocess.py:78} INFO - ++ '[' x/home/abd/root/root/bin/thisroot.sh = x ']'
[2021-10-10 19:56:21,714] {subprocess.py:78} INFO - +++ dirname /home/abd/root/root/bin/thisroot.sh
[2021-10-10 19:56:21,714] {subprocess.py:78} INFO - ++ thisroot=/home/abd/root/root/bin
[2021-10-10 19:56:21,715] {subprocess.py:78} INFO - +++ cd /home/abd/root/root/bin/..
[2021-10-10 19:56:21,715] {subprocess.py:78} INFO - +++ pwd
[2021-10-10 19:56:21,715] {subprocess.py:78} INFO - ++ ROOTSYS=/home/abd/root/root
[2021-10-10 19:56:21,715] {subprocess.py:78} INFO - ++ export ROOTSYS
[2021-10-10 19:56:21,715] {subprocess.py:78} INFO - ++ clean_environment
[2021-10-10 19:56:21,715] {subprocess.py:78} INFO - ++ '[' -n '' ']'
[2021-10-10 19:56:21,715] {subprocess.py:78} INFO - ++ '[' -z '' ']'
[2021-10-10 19:56:21,715] {subprocess.py:78} INFO - ++ command -v manpath
[2021-10-10 19:56:21,715] {subprocess.py:78} INFO - +++ manpath
[2021-10-10 19:56:21,716] {subprocess.py:78} INFO - manpath: warning: $PATH not set
[2021-10-10 19:56:21,716] {subprocess.py:78} INFO - ++ default_manpath=/usr/share/man:/usr/local/share/man
[2021-10-10 19:56:21,716] {subprocess.py:78} INFO - ++ set_environment
[2021-10-10 19:56:21,716] {subprocess.py:78} INFO - ++ '[' -z /usr/local/sbin:/usr/local/bin:/usr/sbin:/usr/bin:/sbin:/bin ']'
[2021-10-10 19:56:21,716] {subprocess.py:78} INFO - ++ PATH=/home/abd/root/root/bin:/usr/local/sbin:/usr/local/bin:/usr/sbin:/usr/bin:/sbin:/bin
[2021-10-10 19:56:21,716] {subprocess.py:78} INFO - ++ export PATH
[2021-10-10 19:56:21,716] {subprocess.py:78} INFO - ++ '[' -z '' ']'
[2021-10-10 19:56:21,716] {subprocess.py:78} INFO - ++ LD_LIBRARY_PATH=/home/abd/root/root/lib
[2021-10-10 19:56:21,716] {subprocess.py:78} INFO - ++ export LD_LIBRARY_PATH
[2021-10-10 19:56:21,716] {subprocess.py:78} INFO - ++ '[' -z '' ']'
[2021-10-10 19:56:21,716] {subprocess.py:78} INFO - ++ DYLD_LIBRARY_PATH=/home/abd/root/root/lib
[2021-10-10 19:56:21,716] {subprocess.py:78} INFO - ++ export DYLD_LIBRARY_PATH
[2021-10-10 19:56:21,717] {subprocess.py:78} INFO - ++ '[' -z '' ']'
[2021-10-10 19:56:21,717] {subprocess.py:78} INFO - ++ SHLIB_PATH=/home/abd/root/root/lib
[2021-10-10 19:56:21,717] {subprocess.py:78} INFO - ++ export SHLIB_PATH
[2021-10-10 19:56:21,717] {subprocess.py:78} INFO - ++ '[' -z '' ']'
[2021-10-10 19:56:21,717] {subprocess.py:78} INFO - ++ LIBPATH=/home/abd/root/root/lib
[2021-10-10 19:56:21,717] {subprocess.py:78} INFO - ++ export LIBPATH
[2021-10-10 19:56:21,717] {subprocess.py:78} INFO - ++ '[' -z '' ']'
[2021-10-10 19:56:21,717] {subprocess.py:78} INFO - ++ PYTHONPATH=/home/abd/root/root/lib
[2021-10-10 19:56:21,717] {subprocess.py:78} INFO - ++ export PYTHONPATH
[2021-10-10 19:56:21,717] {subprocess.py:78} INFO - ++ '[' -z '' ']'
[2021-10-10 19:56:21,717] {subprocess.py:78} INFO - ++ MANPATH=/home/abd/root/root/man:/usr/share/man:/usr/local/share/man
[2021-10-10 19:56:21,717] {subprocess.py:78} INFO - ++ export MANPATH
[2021-10-10 19:56:21,717] {subprocess.py:78} INFO - ++ '[' -z '' ']'
[2021-10-10 19:56:21,717] {subprocess.py:78} INFO - ++ CMAKE_PREFIX_PATH=/home/abd/root/root
[2021-10-10 19:56:21,717] {subprocess.py:78} INFO - ++ export CMAKE_PREFIX_PATH
[2021-10-10 19:56:21,717] {subprocess.py:78} INFO - ++ '[' -z '' ']'
[2021-10-10 19:56:21,717] {subprocess.py:78} INFO - ++ JUPYTER_PATH=/home/abd/root/root/etc/notebook
[2021-10-10 19:56:21,717] {subprocess.py:78} INFO - ++ export JUPYTER_PATH
[2021-10-10 19:56:21,717] {subprocess.py:78} INFO - ++ '[' -z '' ']'
[2021-10-10 19:56:21,717] {subprocess.py:78} INFO - ++ JUPYTER_CONFIG_DIR=/home/abd/root/root/etc/notebook
[2021-10-10 19:56:21,717] {subprocess.py:78} INFO - ++ export JUPYTER_CONFIG_DIR
[2021-10-10 19:56:21,717] {subprocess.py:78} INFO - ++ export CLING_STANDARD_PCH=none
[2021-10-10 19:56:21,717] {subprocess.py:78} INFO - ++ CLING_STANDARD_PCH=none
[2021-10-10 19:56:21,717] {subprocess.py:78} INFO - +++ root-config --arch
[2021-10-10 19:56:21,718] {subprocess.py:78} INFO - +++ grep -v win32gcc
[2021-10-10 19:56:21,718] {subprocess.py:78} INFO - +++ grep -i win32
[2021-10-10 19:56:21,727] {subprocess.py:78} INFO - ++ '[' x '!=' x ']'
[2021-10-10 19:56:21,727] {subprocess.py:78} INFO - ++ unset old_rootsys
[2021-10-10 19:56:21,727] {subprocess.py:78} INFO - ++ unset thisroot
[2021-10-10 19:56:21,727] {subprocess.py:78} INFO - ++ unset -f drop_from_path
[2021-10-10 19:56:21,727] {subprocess.py:78} INFO - ++ unset -f clean_environment
[2021-10-10 19:56:21,727] {subprocess.py:78} INFO - ++ unset -f set_environment
[2021-10-10 19:56:21,728] {subprocess.py:78} INFO - + hadd -f /home/abd/airflow/data/bsm-search/mc2.root /home/abd/airflow/data/bsm-search/mc2_1.root /home/abd/airflow/data/bsm-search/mc2_2.root /home/abd/airflow/data/bsm-search/mc2_3.root /home/abd/airflow/data/bsm-search/mc2_4.root
[2021-10-10 19:56:21,988] {subprocess.py:78} INFO - hadd Target file: /home/abd/airflow/data/bsm-search/mc2.root
[2021-10-10 19:56:21,992] {subprocess.py:78} INFO - hadd compression setting for all output: 1
[2021-10-10 19:56:22,047] {subprocess.py:78} INFO - hadd Source file 1: /home/abd/airflow/data/bsm-search/mc2_1.root
[2021-10-10 19:56:22,070] {subprocess.py:78} INFO - hadd Source file 2: /home/abd/airflow/data/bsm-search/mc2_2.root
[2021-10-10 19:56:22,070] {subprocess.py:78} INFO - hadd Source file 3: /home/abd/airflow/data/bsm-search/mc2_3.root
[2021-10-10 19:56:22,071] {subprocess.py:78} INFO - hadd Source file 4: /home/abd/airflow/data/bsm-search/mc2_4.root
[2021-10-10 19:56:22,071] {subprocess.py:78} INFO - hadd Target path: /home/abd/airflow/data/bsm-search/mc2.root:/
[2021-10-10 19:56:22,135] {subprocess.py:82} INFO - Command exited with return code 0
[2021-10-10 19:56:22,147] {taskinstance.py:1212} INFO - Marking task as SUCCESS. dag_id=main, task_id=mc.mc2.merge_root_group_mc2.merge_mc2, execution_date=20211009T000000, start_date=20211010T165621, end_date=20211010T165622
[2021-10-10 19:56:22,165] {local_task_job.py:151} INFO - Task exited with return code 0
[2021-10-10 19:56:22,179] {local_task_job.py:261} INFO - 3 downstream tasks scheduled from follow-on schedule check
[2021-10-10 20:17:53,865] {taskinstance.py:903} INFO - Dependencies all met for <TaskInstance: main.mc.mc2.merge_root_group_mc2.merge_mc2 2021-10-09T00:00:00+00:00 [queued]>
[2021-10-10 20:17:53,873] {taskinstance.py:903} INFO - Dependencies all met for <TaskInstance: main.mc.mc2.merge_root_group_mc2.merge_mc2 2021-10-09T00:00:00+00:00 [queued]>
[2021-10-10 20:17:53,873] {taskinstance.py:1095} INFO - 
--------------------------------------------------------------------------------
[2021-10-10 20:17:53,873] {taskinstance.py:1096} INFO - Starting attempt 1 of 2
[2021-10-10 20:17:53,873] {taskinstance.py:1097} INFO - 
--------------------------------------------------------------------------------
[2021-10-10 20:17:53,879] {taskinstance.py:1115} INFO - Executing <Task(BashOperator): mc.mc2.merge_root_group_mc2.merge_mc2> on 2021-10-09T00:00:00+00:00
[2021-10-10 20:17:53,880] {standard_task_runner.py:52} INFO - Started process 10680 to run task
[2021-10-10 20:17:53,883] {standard_task_runner.py:76} INFO - Running: ['airflow', 'tasks', 'run', 'main', 'mc.mc2.merge_root_group_mc2.merge_mc2', '2021-10-09T00:00:00+00:00', '--job-id', '590', '--pool', 'default_pool', '--raw', '--subdir', 'DAGS_FOLDER/main.py', '--cfg-path', '/tmp/tmpv3rjs_g7', '--error-file', '/tmp/tmpst8fw1lm']
[2021-10-10 20:17:53,884] {standard_task_runner.py:77} INFO - Job 590: Subtask mc.mc2.merge_root_group_mc2.merge_mc2
[2021-10-10 20:17:53,902] {logging_mixin.py:109} INFO - Running <TaskInstance: main.mc.mc2.merge_root_group_mc2.merge_mc2 2021-10-09T00:00:00+00:00 [running]> on host abd
[2021-10-10 20:17:53,925] {taskinstance.py:1252} INFO - Exporting the following env vars:
AIRFLOW_CTX_DAG_OWNER=admin
AIRFLOW_CTX_DAG_ID=main
AIRFLOW_CTX_TASK_ID=mc.mc2.merge_root_group_mc2.merge_mc2
AIRFLOW_CTX_EXECUTION_DATE=2021-10-09T00:00:00+00:00
AIRFLOW_CTX_DAG_RUN_ID=scheduled__2021-10-09T00:00:00+00:00
[2021-10-10 20:17:53,926] {subprocess.py:52} INFO - Tmp dir root location: 
 /tmp
[2021-10-10 20:17:53,926] {subprocess.py:63} INFO - Running command: ['bash', '-c', '\n            set -x\n            BASE_DIR=${base_dir}\n            BASE=${type}\n            END=${njobs}\n            INPUTS=""\n            for ((c=1;c<${END}+1;c++)); do\n                INPUTS="$INPUTS $(printf ${BASE_DIR}/${BASE}_${c}.root)"\n            done\n            echo Inputs: ${INPUTS}\n            source ${thisroot}/thisroot.sh\n            hadd -f ${BASE_DIR}/${BASE}.root ${INPUTS}\n            ']
[2021-10-10 20:17:53,930] {subprocess.py:74} INFO - Output:
[2021-10-10 20:17:53,930] {subprocess.py:78} INFO - + BASE_DIR=/home/abd/airflow/data/bsm-search
[2021-10-10 20:17:53,930] {subprocess.py:78} INFO - + BASE=mc2
[2021-10-10 20:17:53,930] {subprocess.py:78} INFO - + END=4
[2021-10-10 20:17:53,930] {subprocess.py:78} INFO - + INPUTS=
[2021-10-10 20:17:53,931] {subprocess.py:78} INFO - + (( c=1 ))
[2021-10-10 20:17:53,931] {subprocess.py:78} INFO - + (( c<4+1 ))
[2021-10-10 20:17:53,931] {subprocess.py:78} INFO - ++ printf /home/abd/airflow/data/bsm-search/mc2_1.root
[2021-10-10 20:17:53,931] {subprocess.py:78} INFO - + INPUTS=' /home/abd/airflow/data/bsm-search/mc2_1.root'
[2021-10-10 20:17:53,931] {subprocess.py:78} INFO - + (( c++ ))
[2021-10-10 20:17:53,931] {subprocess.py:78} INFO - + (( c<4+1 ))
[2021-10-10 20:17:53,931] {subprocess.py:78} INFO - ++ printf /home/abd/airflow/data/bsm-search/mc2_2.root
[2021-10-10 20:17:53,931] {subprocess.py:78} INFO - + INPUTS=' /home/abd/airflow/data/bsm-search/mc2_1.root /home/abd/airflow/data/bsm-search/mc2_2.root'
[2021-10-10 20:17:53,931] {subprocess.py:78} INFO - + (( c++ ))
[2021-10-10 20:17:53,931] {subprocess.py:78} INFO - + (( c<4+1 ))
[2021-10-10 20:17:53,931] {subprocess.py:78} INFO - ++ printf /home/abd/airflow/data/bsm-search/mc2_3.root
[2021-10-10 20:17:53,932] {subprocess.py:78} INFO - + INPUTS=' /home/abd/airflow/data/bsm-search/mc2_1.root /home/abd/airflow/data/bsm-search/mc2_2.root /home/abd/airflow/data/bsm-search/mc2_3.root'
[2021-10-10 20:17:53,932] {subprocess.py:78} INFO - + (( c++ ))
[2021-10-10 20:17:53,932] {subprocess.py:78} INFO - + (( c<4+1 ))
[2021-10-10 20:17:53,932] {subprocess.py:78} INFO - ++ printf /home/abd/airflow/data/bsm-search/mc2_4.root
[2021-10-10 20:17:53,932] {subprocess.py:78} INFO - + INPUTS=' /home/abd/airflow/data/bsm-search/mc2_1.root /home/abd/airflow/data/bsm-search/mc2_2.root /home/abd/airflow/data/bsm-search/mc2_3.root /home/abd/airflow/data/bsm-search/mc2_4.root'
[2021-10-10 20:17:53,932] {subprocess.py:78} INFO - + (( c++ ))
[2021-10-10 20:17:53,932] {subprocess.py:78} INFO - + (( c<4+1 ))
[2021-10-10 20:17:53,932] {subprocess.py:78} INFO - + echo Inputs: /home/abd/airflow/data/bsm-search/mc2_1.root /home/abd/airflow/data/bsm-search/mc2_2.root /home/abd/airflow/data/bsm-search/mc2_3.root /home/abd/airflow/data/bsm-search/mc2_4.root
[2021-10-10 20:17:53,932] {subprocess.py:78} INFO - Inputs: /home/abd/airflow/data/bsm-search/mc2_1.root /home/abd/airflow/data/bsm-search/mc2_2.root /home/abd/airflow/data/bsm-search/mc2_3.root /home/abd/airflow/data/bsm-search/mc2_4.root
[2021-10-10 20:17:53,932] {subprocess.py:78} INFO - + source /home/abd/root/root/bin/thisroot.sh
[2021-10-10 20:17:53,932] {subprocess.py:78} INFO - ++ '[' -n '' ']'
[2021-10-10 20:17:53,932] {subprocess.py:78} INFO - ++ SOURCE=/home/abd/root/root/bin/thisroot.sh
[2021-10-10 20:17:53,932] {subprocess.py:78} INFO - ++ '[' x/home/abd/root/root/bin/thisroot.sh = x ']'
[2021-10-10 20:17:53,932] {subprocess.py:78} INFO - ++ '[' x/home/abd/root/root/bin/thisroot.sh = x ']'
[2021-10-10 20:17:53,933] {subprocess.py:78} INFO - +++ dirname /home/abd/root/root/bin/thisroot.sh
[2021-10-10 20:17:53,933] {subprocess.py:78} INFO - ++ thisroot=/home/abd/root/root/bin
[2021-10-10 20:17:53,933] {subprocess.py:78} INFO - +++ cd /home/abd/root/root/bin/..
[2021-10-10 20:17:53,933] {subprocess.py:78} INFO - +++ pwd
[2021-10-10 20:17:53,934] {subprocess.py:78} INFO - ++ ROOTSYS=/home/abd/root/root
[2021-10-10 20:17:53,934] {subprocess.py:78} INFO - ++ export ROOTSYS
[2021-10-10 20:17:53,934] {subprocess.py:78} INFO - ++ clean_environment
[2021-10-10 20:17:53,934] {subprocess.py:78} INFO - ++ '[' -n '' ']'
[2021-10-10 20:17:53,934] {subprocess.py:78} INFO - ++ '[' -z '' ']'
[2021-10-10 20:17:53,934] {subprocess.py:78} INFO - ++ command -v manpath
[2021-10-10 20:17:53,934] {subprocess.py:78} INFO - +++ manpath
[2021-10-10 20:17:53,935] {subprocess.py:78} INFO - manpath: warning: $PATH not set
[2021-10-10 20:17:53,935] {subprocess.py:78} INFO - ++ default_manpath=/usr/share/man:/usr/local/share/man
[2021-10-10 20:17:53,935] {subprocess.py:78} INFO - ++ set_environment
[2021-10-10 20:17:53,935] {subprocess.py:78} INFO - ++ '[' -z /usr/local/sbin:/usr/local/bin:/usr/sbin:/usr/bin:/sbin:/bin ']'
[2021-10-10 20:17:53,935] {subprocess.py:78} INFO - ++ PATH=/home/abd/root/root/bin:/usr/local/sbin:/usr/local/bin:/usr/sbin:/usr/bin:/sbin:/bin
[2021-10-10 20:17:53,935] {subprocess.py:78} INFO - ++ export PATH
[2021-10-10 20:17:53,935] {subprocess.py:78} INFO - ++ '[' -z '' ']'
[2021-10-10 20:17:53,935] {subprocess.py:78} INFO - ++ LD_LIBRARY_PATH=/home/abd/root/root/lib
[2021-10-10 20:17:53,935] {subprocess.py:78} INFO - ++ export LD_LIBRARY_PATH
[2021-10-10 20:17:53,935] {subprocess.py:78} INFO - ++ '[' -z '' ']'
[2021-10-10 20:17:53,935] {subprocess.py:78} INFO - ++ DYLD_LIBRARY_PATH=/home/abd/root/root/lib
[2021-10-10 20:17:53,936] {subprocess.py:78} INFO - ++ export DYLD_LIBRARY_PATH
[2021-10-10 20:17:53,936] {subprocess.py:78} INFO - ++ '[' -z '' ']'
[2021-10-10 20:17:53,936] {subprocess.py:78} INFO - ++ SHLIB_PATH=/home/abd/root/root/lib
[2021-10-10 20:17:53,936] {subprocess.py:78} INFO - ++ export SHLIB_PATH
[2021-10-10 20:17:53,936] {subprocess.py:78} INFO - ++ '[' -z '' ']'
[2021-10-10 20:17:53,936] {subprocess.py:78} INFO - ++ LIBPATH=/home/abd/root/root/lib
[2021-10-10 20:17:53,936] {subprocess.py:78} INFO - ++ export LIBPATH
[2021-10-10 20:17:53,936] {subprocess.py:78} INFO - ++ '[' -z '' ']'
[2021-10-10 20:17:53,936] {subprocess.py:78} INFO - ++ PYTHONPATH=/home/abd/root/root/lib
[2021-10-10 20:17:53,936] {subprocess.py:78} INFO - ++ export PYTHONPATH
[2021-10-10 20:17:53,936] {subprocess.py:78} INFO - ++ '[' -z '' ']'
[2021-10-10 20:17:53,936] {subprocess.py:78} INFO - ++ MANPATH=/home/abd/root/root/man:/usr/share/man:/usr/local/share/man
[2021-10-10 20:17:53,936] {subprocess.py:78} INFO - ++ export MANPATH
[2021-10-10 20:17:53,936] {subprocess.py:78} INFO - ++ '[' -z '' ']'
[2021-10-10 20:17:53,936] {subprocess.py:78} INFO - ++ CMAKE_PREFIX_PATH=/home/abd/root/root
[2021-10-10 20:17:53,936] {subprocess.py:78} INFO - ++ export CMAKE_PREFIX_PATH
[2021-10-10 20:17:53,936] {subprocess.py:78} INFO - ++ '[' -z '' ']'
[2021-10-10 20:17:53,936] {subprocess.py:78} INFO - ++ JUPYTER_PATH=/home/abd/root/root/etc/notebook
[2021-10-10 20:17:53,936] {subprocess.py:78} INFO - ++ export JUPYTER_PATH
[2021-10-10 20:17:53,936] {subprocess.py:78} INFO - ++ '[' -z '' ']'
[2021-10-10 20:17:53,936] {subprocess.py:78} INFO - ++ JUPYTER_CONFIG_DIR=/home/abd/root/root/etc/notebook
[2021-10-10 20:17:53,936] {subprocess.py:78} INFO - ++ export JUPYTER_CONFIG_DIR
[2021-10-10 20:17:53,936] {subprocess.py:78} INFO - ++ export CLING_STANDARD_PCH=none
[2021-10-10 20:17:53,936] {subprocess.py:78} INFO - ++ CLING_STANDARD_PCH=none
[2021-10-10 20:17:53,936] {subprocess.py:78} INFO - +++ root-config --arch
[2021-10-10 20:17:53,937] {subprocess.py:78} INFO - +++ grep -v win32gcc
[2021-10-10 20:17:53,937] {subprocess.py:78} INFO - +++ grep -i win32
[2021-10-10 20:17:53,946] {subprocess.py:78} INFO - ++ '[' x '!=' x ']'
[2021-10-10 20:17:53,946] {subprocess.py:78} INFO - ++ unset old_rootsys
[2021-10-10 20:17:53,946] {subprocess.py:78} INFO - ++ unset thisroot
[2021-10-10 20:17:53,946] {subprocess.py:78} INFO - ++ unset -f drop_from_path
[2021-10-10 20:17:53,946] {subprocess.py:78} INFO - ++ unset -f clean_environment
[2021-10-10 20:17:53,947] {subprocess.py:78} INFO - ++ unset -f set_environment
[2021-10-10 20:17:53,947] {subprocess.py:78} INFO - + hadd -f /home/abd/airflow/data/bsm-search/mc2.root /home/abd/airflow/data/bsm-search/mc2_1.root /home/abd/airflow/data/bsm-search/mc2_2.root /home/abd/airflow/data/bsm-search/mc2_3.root /home/abd/airflow/data/bsm-search/mc2_4.root
[2021-10-10 20:17:54,239] {subprocess.py:78} INFO - hadd Target file: /home/abd/airflow/data/bsm-search/mc2.root
[2021-10-10 20:17:54,244] {subprocess.py:78} INFO - hadd compression setting for all output: 1
[2021-10-10 20:17:54,291] {subprocess.py:78} INFO - hadd Source file 1: /home/abd/airflow/data/bsm-search/mc2_1.root
[2021-10-10 20:17:54,313] {subprocess.py:78} INFO - hadd Source file 2: /home/abd/airflow/data/bsm-search/mc2_2.root
[2021-10-10 20:17:54,314] {subprocess.py:78} INFO - hadd Source file 3: /home/abd/airflow/data/bsm-search/mc2_3.root
[2021-10-10 20:17:54,314] {subprocess.py:78} INFO - hadd Source file 4: /home/abd/airflow/data/bsm-search/mc2_4.root
[2021-10-10 20:17:54,314] {subprocess.py:78} INFO - hadd Target path: /home/abd/airflow/data/bsm-search/mc2.root:/
[2021-10-10 20:17:54,385] {subprocess.py:82} INFO - Command exited with return code 0
[2021-10-10 20:17:54,397] {taskinstance.py:1212} INFO - Marking task as SUCCESS. dag_id=main, task_id=mc.mc2.merge_root_group_mc2.merge_mc2, execution_date=20211009T000000, start_date=20211010T171753, end_date=20211010T171754
[2021-10-10 20:17:54,416] {local_task_job.py:151} INFO - Task exited with return code 0
[2021-10-10 20:17:54,429] {local_task_job.py:261} INFO - 3 downstream tasks scheduled from follow-on schedule check
[2021-10-10 20:37:16,667] {taskinstance.py:903} INFO - Dependencies all met for <TaskInstance: main.mc.mc2.merge_root_group_mc2.merge_mc2 2021-10-09T00:00:00+00:00 [queued]>
[2021-10-10 20:37:16,676] {taskinstance.py:903} INFO - Dependencies all met for <TaskInstance: main.mc.mc2.merge_root_group_mc2.merge_mc2 2021-10-09T00:00:00+00:00 [queued]>
[2021-10-10 20:37:16,676] {taskinstance.py:1095} INFO - 
--------------------------------------------------------------------------------
[2021-10-10 20:37:16,676] {taskinstance.py:1096} INFO - Starting attempt 1 of 2
[2021-10-10 20:37:16,676] {taskinstance.py:1097} INFO - 
--------------------------------------------------------------------------------
[2021-10-10 20:37:16,683] {taskinstance.py:1115} INFO - Executing <Task(BashOperator): mc.mc2.merge_root_group_mc2.merge_mc2> on 2021-10-09T00:00:00+00:00
[2021-10-10 20:37:16,684] {standard_task_runner.py:52} INFO - Started process 14902 to run task
[2021-10-10 20:37:16,688] {standard_task_runner.py:76} INFO - Running: ['airflow', 'tasks', 'run', 'main', 'mc.mc2.merge_root_group_mc2.merge_mc2', '2021-10-09T00:00:00+00:00', '--job-id', '590', '--pool', 'default_pool', '--raw', '--subdir', 'DAGS_FOLDER/main.py', '--cfg-path', '/tmp/tmppf6l4bie', '--error-file', '/tmp/tmpry0h01ox']
[2021-10-10 20:37:16,688] {standard_task_runner.py:77} INFO - Job 590: Subtask mc.mc2.merge_root_group_mc2.merge_mc2
[2021-10-10 20:37:16,708] {logging_mixin.py:109} INFO - Running <TaskInstance: main.mc.mc2.merge_root_group_mc2.merge_mc2 2021-10-09T00:00:00+00:00 [running]> on host abd
[2021-10-10 20:37:16,746] {taskinstance.py:1252} INFO - Exporting the following env vars:
AIRFLOW_CTX_DAG_OWNER=admin
AIRFLOW_CTX_DAG_ID=main
AIRFLOW_CTX_TASK_ID=mc.mc2.merge_root_group_mc2.merge_mc2
AIRFLOW_CTX_EXECUTION_DATE=2021-10-09T00:00:00+00:00
AIRFLOW_CTX_DAG_RUN_ID=scheduled__2021-10-09T00:00:00+00:00
[2021-10-10 20:37:16,746] {subprocess.py:52} INFO - Tmp dir root location: 
 /tmp
[2021-10-10 20:37:16,746] {subprocess.py:63} INFO - Running command: ['bash', '-c', '\n            set -x\n            BASE_DIR=${base_dir}\n            BASE=${type}\n            END=${njobs}\n            INPUTS=""\n            for ((c=1;c<${END}+1;c++)); do\n                INPUTS="$INPUTS $(printf ${BASE_DIR}/${BASE}_${c}.root)"\n            done\n            echo Inputs: ${INPUTS}\n            source ${thisroot}/thisroot.sh\n            hadd -f ${BASE_DIR}/${BASE}.root ${INPUTS}\n            ']
[2021-10-10 20:37:16,750] {subprocess.py:74} INFO - Output:
[2021-10-10 20:37:16,751] {subprocess.py:78} INFO - + BASE_DIR=/home/abd/airflow/data/bsm-search
[2021-10-10 20:37:16,751] {subprocess.py:78} INFO - + BASE=mc2
[2021-10-10 20:37:16,751] {subprocess.py:78} INFO - + END=4
[2021-10-10 20:37:16,751] {subprocess.py:78} INFO - + INPUTS=
[2021-10-10 20:37:16,751] {subprocess.py:78} INFO - + (( c=1 ))
[2021-10-10 20:37:16,751] {subprocess.py:78} INFO - + (( c<4+1 ))
[2021-10-10 20:37:16,752] {subprocess.py:78} INFO - ++ printf /home/abd/airflow/data/bsm-search/mc2_1.root
[2021-10-10 20:37:16,752] {subprocess.py:78} INFO - + INPUTS=' /home/abd/airflow/data/bsm-search/mc2_1.root'
[2021-10-10 20:37:16,752] {subprocess.py:78} INFO - + (( c++ ))
[2021-10-10 20:37:16,752] {subprocess.py:78} INFO - + (( c<4+1 ))
[2021-10-10 20:37:16,752] {subprocess.py:78} INFO - ++ printf /home/abd/airflow/data/bsm-search/mc2_2.root
[2021-10-10 20:37:16,752] {subprocess.py:78} INFO - + INPUTS=' /home/abd/airflow/data/bsm-search/mc2_1.root /home/abd/airflow/data/bsm-search/mc2_2.root'
[2021-10-10 20:37:16,752] {subprocess.py:78} INFO - + (( c++ ))
[2021-10-10 20:37:16,752] {subprocess.py:78} INFO - + (( c<4+1 ))
[2021-10-10 20:37:16,752] {subprocess.py:78} INFO - ++ printf /home/abd/airflow/data/bsm-search/mc2_3.root
[2021-10-10 20:37:16,752] {subprocess.py:78} INFO - + INPUTS=' /home/abd/airflow/data/bsm-search/mc2_1.root /home/abd/airflow/data/bsm-search/mc2_2.root /home/abd/airflow/data/bsm-search/mc2_3.root'
[2021-10-10 20:37:16,753] {subprocess.py:78} INFO - + (( c++ ))
[2021-10-10 20:37:16,753] {subprocess.py:78} INFO - + (( c<4+1 ))
[2021-10-10 20:37:16,753] {subprocess.py:78} INFO - ++ printf /home/abd/airflow/data/bsm-search/mc2_4.root
[2021-10-10 20:37:16,753] {subprocess.py:78} INFO - + INPUTS=' /home/abd/airflow/data/bsm-search/mc2_1.root /home/abd/airflow/data/bsm-search/mc2_2.root /home/abd/airflow/data/bsm-search/mc2_3.root /home/abd/airflow/data/bsm-search/mc2_4.root'
[2021-10-10 20:37:16,753] {subprocess.py:78} INFO - + (( c++ ))
[2021-10-10 20:37:16,753] {subprocess.py:78} INFO - + (( c<4+1 ))
[2021-10-10 20:37:16,753] {subprocess.py:78} INFO - + echo Inputs: /home/abd/airflow/data/bsm-search/mc2_1.root /home/abd/airflow/data/bsm-search/mc2_2.root /home/abd/airflow/data/bsm-search/mc2_3.root /home/abd/airflow/data/bsm-search/mc2_4.root
[2021-10-10 20:37:16,753] {subprocess.py:78} INFO - Inputs: /home/abd/airflow/data/bsm-search/mc2_1.root /home/abd/airflow/data/bsm-search/mc2_2.root /home/abd/airflow/data/bsm-search/mc2_3.root /home/abd/airflow/data/bsm-search/mc2_4.root
[2021-10-10 20:37:16,753] {subprocess.py:78} INFO - + source /home/abd/root/root/bin/thisroot.sh
[2021-10-10 20:37:16,753] {subprocess.py:78} INFO - ++ '[' -n '' ']'
[2021-10-10 20:37:16,754] {subprocess.py:78} INFO - ++ SOURCE=/home/abd/root/root/bin/thisroot.sh
[2021-10-10 20:37:16,754] {subprocess.py:78} INFO - ++ '[' x/home/abd/root/root/bin/thisroot.sh = x ']'
[2021-10-10 20:37:16,754] {subprocess.py:78} INFO - ++ '[' x/home/abd/root/root/bin/thisroot.sh = x ']'
[2021-10-10 20:37:16,754] {subprocess.py:78} INFO - +++ dirname /home/abd/root/root/bin/thisroot.sh
[2021-10-10 20:37:16,754] {subprocess.py:78} INFO - ++ thisroot=/home/abd/root/root/bin
[2021-10-10 20:37:16,755] {subprocess.py:78} INFO - +++ cd /home/abd/root/root/bin/..
[2021-10-10 20:37:16,755] {subprocess.py:78} INFO - +++ pwd
[2021-10-10 20:37:16,755] {subprocess.py:78} INFO - ++ ROOTSYS=/home/abd/root/root
[2021-10-10 20:37:16,755] {subprocess.py:78} INFO - ++ export ROOTSYS
[2021-10-10 20:37:16,755] {subprocess.py:78} INFO - ++ clean_environment
[2021-10-10 20:37:16,755] {subprocess.py:78} INFO - ++ '[' -n '' ']'
[2021-10-10 20:37:16,755] {subprocess.py:78} INFO - ++ '[' -z '' ']'
[2021-10-10 20:37:16,755] {subprocess.py:78} INFO - ++ command -v manpath
[2021-10-10 20:37:16,755] {subprocess.py:78} INFO - +++ manpath
[2021-10-10 20:37:16,756] {subprocess.py:78} INFO - manpath: warning: $PATH not set
[2021-10-10 20:37:16,756] {subprocess.py:78} INFO - ++ default_manpath=/usr/share/man:/usr/local/share/man
[2021-10-10 20:37:16,756] {subprocess.py:78} INFO - ++ set_environment
[2021-10-10 20:37:16,756] {subprocess.py:78} INFO - ++ '[' -z /usr/local/sbin:/usr/local/bin:/usr/sbin:/usr/bin:/sbin:/bin ']'
[2021-10-10 20:37:16,756] {subprocess.py:78} INFO - ++ PATH=/home/abd/root/root/bin:/usr/local/sbin:/usr/local/bin:/usr/sbin:/usr/bin:/sbin:/bin
[2021-10-10 20:37:16,756] {subprocess.py:78} INFO - ++ export PATH
[2021-10-10 20:37:16,756] {subprocess.py:78} INFO - ++ '[' -z '' ']'
[2021-10-10 20:37:16,756] {subprocess.py:78} INFO - ++ LD_LIBRARY_PATH=/home/abd/root/root/lib
[2021-10-10 20:37:16,756] {subprocess.py:78} INFO - ++ export LD_LIBRARY_PATH
[2021-10-10 20:37:16,756] {subprocess.py:78} INFO - ++ '[' -z '' ']'
[2021-10-10 20:37:16,756] {subprocess.py:78} INFO - ++ DYLD_LIBRARY_PATH=/home/abd/root/root/lib
[2021-10-10 20:37:16,756] {subprocess.py:78} INFO - ++ export DYLD_LIBRARY_PATH
[2021-10-10 20:37:16,756] {subprocess.py:78} INFO - ++ '[' -z '' ']'
[2021-10-10 20:37:16,757] {subprocess.py:78} INFO - ++ SHLIB_PATH=/home/abd/root/root/lib
[2021-10-10 20:37:16,757] {subprocess.py:78} INFO - ++ export SHLIB_PATH
[2021-10-10 20:37:16,757] {subprocess.py:78} INFO - ++ '[' -z '' ']'
[2021-10-10 20:37:16,757] {subprocess.py:78} INFO - ++ LIBPATH=/home/abd/root/root/lib
[2021-10-10 20:37:16,757] {subprocess.py:78} INFO - ++ export LIBPATH
[2021-10-10 20:37:16,757] {subprocess.py:78} INFO - ++ '[' -z '' ']'
[2021-10-10 20:37:16,757] {subprocess.py:78} INFO - ++ PYTHONPATH=/home/abd/root/root/lib
[2021-10-10 20:37:16,757] {subprocess.py:78} INFO - ++ export PYTHONPATH
[2021-10-10 20:37:16,757] {subprocess.py:78} INFO - ++ '[' -z '' ']'
[2021-10-10 20:37:16,757] {subprocess.py:78} INFO - ++ MANPATH=/home/abd/root/root/man:/usr/share/man:/usr/local/share/man
[2021-10-10 20:37:16,757] {subprocess.py:78} INFO - ++ export MANPATH
[2021-10-10 20:37:16,757] {subprocess.py:78} INFO - ++ '[' -z '' ']'
[2021-10-10 20:37:16,757] {subprocess.py:78} INFO - ++ CMAKE_PREFIX_PATH=/home/abd/root/root
[2021-10-10 20:37:16,757] {subprocess.py:78} INFO - ++ export CMAKE_PREFIX_PATH
[2021-10-10 20:37:16,757] {subprocess.py:78} INFO - ++ '[' -z '' ']'
[2021-10-10 20:37:16,757] {subprocess.py:78} INFO - ++ JUPYTER_PATH=/home/abd/root/root/etc/notebook
[2021-10-10 20:37:16,757] {subprocess.py:78} INFO - ++ export JUPYTER_PATH
[2021-10-10 20:37:16,757] {subprocess.py:78} INFO - ++ '[' -z '' ']'
[2021-10-10 20:37:16,757] {subprocess.py:78} INFO - ++ JUPYTER_CONFIG_DIR=/home/abd/root/root/etc/notebook
[2021-10-10 20:37:16,757] {subprocess.py:78} INFO - ++ export JUPYTER_CONFIG_DIR
[2021-10-10 20:37:16,757] {subprocess.py:78} INFO - ++ export CLING_STANDARD_PCH=none
[2021-10-10 20:37:16,757] {subprocess.py:78} INFO - ++ CLING_STANDARD_PCH=none
[2021-10-10 20:37:16,757] {subprocess.py:78} INFO - +++ root-config --arch
[2021-10-10 20:37:16,758] {subprocess.py:78} INFO - +++ grep -v win32gcc
[2021-10-10 20:37:16,758] {subprocess.py:78} INFO - +++ grep -i win32
[2021-10-10 20:37:16,767] {subprocess.py:78} INFO - ++ '[' x '!=' x ']'
[2021-10-10 20:37:16,767] {subprocess.py:78} INFO - ++ unset old_rootsys
[2021-10-10 20:37:16,767] {subprocess.py:78} INFO - ++ unset thisroot
[2021-10-10 20:37:16,767] {subprocess.py:78} INFO - ++ unset -f drop_from_path
[2021-10-10 20:37:16,768] {subprocess.py:78} INFO - ++ unset -f clean_environment
[2021-10-10 20:37:16,768] {subprocess.py:78} INFO - ++ unset -f set_environment
[2021-10-10 20:37:16,768] {subprocess.py:78} INFO - + hadd -f /home/abd/airflow/data/bsm-search/mc2.root /home/abd/airflow/data/bsm-search/mc2_1.root /home/abd/airflow/data/bsm-search/mc2_2.root /home/abd/airflow/data/bsm-search/mc2_3.root /home/abd/airflow/data/bsm-search/mc2_4.root
[2021-10-10 20:37:17,024] {subprocess.py:78} INFO - hadd Target file: /home/abd/airflow/data/bsm-search/mc2.root
[2021-10-10 20:37:17,028] {subprocess.py:78} INFO - hadd compression setting for all output: 1
[2021-10-10 20:37:17,075] {subprocess.py:78} INFO - hadd Source file 1: /home/abd/airflow/data/bsm-search/mc2_1.root
[2021-10-10 20:37:17,098] {subprocess.py:78} INFO - hadd Source file 2: /home/abd/airflow/data/bsm-search/mc2_2.root
[2021-10-10 20:37:17,099] {subprocess.py:78} INFO - hadd Source file 3: /home/abd/airflow/data/bsm-search/mc2_3.root
[2021-10-10 20:37:17,099] {subprocess.py:78} INFO - hadd Source file 4: /home/abd/airflow/data/bsm-search/mc2_4.root
[2021-10-10 20:37:17,099] {subprocess.py:78} INFO - hadd Target path: /home/abd/airflow/data/bsm-search/mc2.root:/
[2021-10-10 20:37:17,162] {subprocess.py:82} INFO - Command exited with return code 0
[2021-10-10 20:37:17,174] {taskinstance.py:1212} INFO - Marking task as SUCCESS. dag_id=main, task_id=mc.mc2.merge_root_group_mc2.merge_mc2, execution_date=20211009T000000, start_date=20211010T173716, end_date=20211010T173717
[2021-10-10 20:37:17,220] {local_task_job.py:151} INFO - Task exited with return code 0
[2021-10-10 20:37:17,258] {local_task_job.py:261} INFO - 3 downstream tasks scheduled from follow-on schedule check
