[2021-10-10 17:13:55,145] {taskinstance.py:903} INFO - Dependencies all met for <TaskInstance: example_branch_dop_operator_v3.condition 2021-10-08T01:12:00+00:00 [queued]>
[2021-10-10 17:13:55,158] {taskinstance.py:903} INFO - Dependencies all met for <TaskInstance: example_branch_dop_operator_v3.condition 2021-10-08T01:12:00+00:00 [queued]>
[2021-10-10 17:13:55,158] {taskinstance.py:1095} INFO - 
--------------------------------------------------------------------------------
[2021-10-10 17:13:55,158] {taskinstance.py:1096} INFO - Starting attempt 1 of 1
[2021-10-10 17:13:55,158] {taskinstance.py:1097} INFO - 
--------------------------------------------------------------------------------
[2021-10-10 17:13:55,165] {taskinstance.py:1115} INFO - Executing <Task(BranchPythonOperator): condition> on 2021-10-08T01:12:00+00:00
[2021-10-10 17:13:55,166] {standard_task_runner.py:52} INFO - Started process 18380 to run task
[2021-10-10 17:13:55,169] {standard_task_runner.py:76} INFO - Running: ['airflow', 'tasks', 'run', 'example_branch_dop_operator_v3', 'condition', '2021-10-08T01:12:00+00:00', '--job-id', '454', '--pool', 'default_pool', '--raw', '--subdir', '/usr/local/lib/python3.8/dist-packages/airflow/example_dags/example_branch_python_dop_operator_3.py', '--cfg-path', '/tmp/tmph0isadme', '--error-file', '/tmp/tmpfilfidby']
[2021-10-10 17:13:55,170] {standard_task_runner.py:77} INFO - Job 454: Subtask condition
[2021-10-10 17:13:55,193] {logging_mixin.py:109} INFO - Running <TaskInstance: example_branch_dop_operator_v3.condition 2021-10-08T01:12:00+00:00 [running]> on host abd
[2021-10-10 17:13:55,231] {taskinstance.py:1252} INFO - Exporting the following env vars:
AIRFLOW_CTX_DAG_OWNER=airflow
AIRFLOW_CTX_DAG_ID=example_branch_dop_operator_v3
AIRFLOW_CTX_TASK_ID=condition
AIRFLOW_CTX_EXECUTION_DATE=2021-10-08T01:12:00+00:00
AIRFLOW_CTX_DAG_RUN_ID=scheduled__2021-10-08T01:12:00+00:00
[2021-10-10 17:13:55,232] {logging_mixin.py:109} INFO - ------------- exec dttm = 2021-10-08T01:12:00+00:00 and minute = 12
[2021-10-10 17:13:55,232] {python.py:151} INFO - Done. Returned value was: dummy_task_1
[2021-10-10 17:13:55,232] {skipmixin.py:124} INFO - Following branch dummy_task_1
[2021-10-10 17:13:55,237] {skipmixin.py:155} INFO - Skipping tasks ['dummy_task_2']
[2021-10-10 17:13:55,267] {taskinstance.py:1212} INFO - Marking task as SUCCESS. dag_id=example_branch_dop_operator_v3, task_id=condition, execution_date=20211008T011200, start_date=20211010T141355, end_date=20211010T141355
[2021-10-10 17:13:55,300] {local_task_job.py:151} INFO - Task exited with return code 0
[2021-10-10 17:13:55,323] {local_task_job.py:261} INFO - 1 downstream tasks scheduled from follow-on schedule check
