[2021-10-10 17:03:52,251] {taskinstance.py:903} INFO - Dependencies all met for <TaskInstance: example_bash_operator.this_will_skip 2021-10-09T00:00:00+00:00 [queued]>
[2021-10-10 17:03:52,259] {taskinstance.py:903} INFO - Dependencies all met for <TaskInstance: example_bash_operator.this_will_skip 2021-10-09T00:00:00+00:00 [queued]>
[2021-10-10 17:03:52,259] {taskinstance.py:1095} INFO - 
--------------------------------------------------------------------------------
[2021-10-10 17:03:52,259] {taskinstance.py:1096} INFO - Starting attempt 1 of 1
[2021-10-10 17:03:52,259] {taskinstance.py:1097} INFO - 
--------------------------------------------------------------------------------
[2021-10-10 17:03:52,267] {taskinstance.py:1115} INFO - Executing <Task(BashOperator): this_will_skip> on 2021-10-09T00:00:00+00:00
[2021-10-10 17:03:52,269] {standard_task_runner.py:52} INFO - Started process 15315 to run task
[2021-10-10 17:03:52,273] {standard_task_runner.py:76} INFO - Running: ['airflow', 'tasks', 'run', 'example_bash_operator', 'this_will_skip', '2021-10-09T00:00:00+00:00', '--job-id', '14', '--pool', 'default_pool', '--raw', '--subdir', '/usr/local/lib/python3.8/dist-packages/airflow/example_dags/example_bash_operator.py', '--cfg-path', '/tmp/tmpsg8hghg_', '--error-file', '/tmp/tmpn0_v36u7']
[2021-10-10 17:03:52,274] {standard_task_runner.py:77} INFO - Job 14: Subtask this_will_skip
[2021-10-10 17:03:52,360] {logging_mixin.py:109} INFO - Running <TaskInstance: example_bash_operator.this_will_skip 2021-10-09T00:00:00+00:00 [running]> on host abd
[2021-10-10 17:03:52,398] {taskinstance.py:1252} INFO - Exporting the following env vars:
AIRFLOW_CTX_DAG_OWNER=airflow
AIRFLOW_CTX_DAG_ID=example_bash_operator
AIRFLOW_CTX_TASK_ID=this_will_skip
AIRFLOW_CTX_EXECUTION_DATE=2021-10-09T00:00:00+00:00
AIRFLOW_CTX_DAG_RUN_ID=scheduled__2021-10-09T00:00:00+00:00
[2021-10-10 17:03:52,399] {subprocess.py:52} INFO - Tmp dir root location: 
 /tmp
[2021-10-10 17:03:52,399] {subprocess.py:63} INFO - Running command: ['bash', '-c', 'echo "hello world"; exit 99;']
[2021-10-10 17:03:52,404] {subprocess.py:74} INFO - Output:
[2021-10-10 17:03:52,405] {subprocess.py:78} INFO - hello world
[2021-10-10 17:03:52,405] {subprocess.py:82} INFO - Command exited with return code 99
[2021-10-10 17:03:52,405] {taskinstance.py:1175} INFO - Bash command returned exit code 99. Skipping.
[2021-10-10 17:03:52,410] {taskinstance.py:1178} INFO - Marking task as SKIPPED. dag_id=example_bash_operator, task_id=this_will_skip, execution_date=20211009T000000, start_date=20211010T140352, end_date=
[2021-10-10 17:03:52,410] {taskinstance.py:1212} INFO - Marking task as SUCCESS. dag_id=example_bash_operator, task_id=this_will_skip, execution_date=20211009T000000, start_date=20211010T140352, end_date=20211010T140352
[2021-10-10 17:03:52,444] {local_task_job.py:151} INFO - Task exited with return code 0
[2021-10-10 17:03:52,504] {local_task_job.py:261} INFO - 0 downstream tasks scheduled from follow-on schedule check
